[2026-06-06T20:14:06.720+0000] {processor.py:186} INFO - Started process (PID=117) to work on /home/airflow/.local/lib/python3.12/site-packages/airflow/example_dags/example_trigger_target_dag.py
[2026-06-06T20:14:06.723+0000] {processor.py:914} INFO - Processing file /home/airflow/.local/lib/python3.12/site-packages/airflow/example_dags/example_trigger_target_dag.py for tasks to queue
[2026-06-06T20:14:06.728+0000] {logging_mixin.py:190} INFO - [2026-06-06T20:14:06.727+0000] {dagbag.py:588} INFO - Filling up the DagBag from /home/airflow/.local/lib/python3.12/site-packages/airflow/example_dags/example_trigger_target_dag.py
[2026-06-06T20:14:06.742+0000] {processor.py:925} INFO - DAG(s) 'example_trigger_target_dag' retrieved from /home/airflow/.local/lib/python3.12/site-packages/airflow/example_dags/example_trigger_target_dag.py
[2026-06-06T20:14:06.900+0000] {logging_mixin.py:190} INFO - [2026-06-06T20:14:06.899+0000] {override.py:1932} INFO - Created Permission View: can read on DAG:example_trigger_target_dag
[2026-06-06T20:14:06.920+0000] {logging_mixin.py:190} INFO - [2026-06-06T20:14:06.920+0000] {override.py:1932} INFO - Created Permission View: can edit on DAG:example_trigger_target_dag
[2026-06-06T20:14:06.935+0000] {logging_mixin.py:190} INFO - [2026-06-06T20:14:06.934+0000] {override.py:1932} INFO - Created Permission View: can delete on DAG:example_trigger_target_dag
[2026-06-06T20:14:06.950+0000] {logging_mixin.py:190} INFO - [2026-06-06T20:14:06.949+0000] {override.py:1932} INFO - Created Permission View: can read on DAG Run:example_trigger_target_dag
[2026-06-06T20:14:06.965+0000] {logging_mixin.py:190} INFO - [2026-06-06T20:14:06.964+0000] {override.py:1932} INFO - Created Permission View: menu access on DAG Run:example_trigger_target_dag
[2026-06-06T20:14:06.978+0000] {logging_mixin.py:190} INFO - [2026-06-06T20:14:06.977+0000] {override.py:1932} INFO - Created Permission View: can delete on DAG Run:example_trigger_target_dag
[2026-06-06T20:14:06.989+0000] {logging_mixin.py:190} INFO - [2026-06-06T20:14:06.989+0000] {override.py:1932} INFO - Created Permission View: can create on DAG Run:example_trigger_target_dag
[2026-06-06T20:14:06.990+0000] {logging_mixin.py:190} INFO - [2026-06-06T20:14:06.990+0000] {dag.py:3239} INFO - Sync 1 DAGs
[2026-06-06T20:14:07.006+0000] {logging_mixin.py:190} INFO - [2026-06-06T20:14:07.006+0000] {dag.py:3262} INFO - Creating ORM DAG for example_trigger_target_dag
[2026-06-06T20:14:07.008+0000] {logging_mixin.py:190} INFO - [2026-06-06T20:14:07.007+0000] {dag.py:4180} INFO - Setting next_dagrun for example_trigger_target_dag to None, run_after=None
[2026-06-06T20:14:07.035+0000] {processor.py:208} INFO - Processing /home/airflow/.local/lib/python3.12/site-packages/airflow/example_dags/example_trigger_target_dag.py took 0.327 seconds
[2026-06-06T20:14:45.023+0000] {processor.py:186} INFO - Started process (PID=178) to work on /home/airflow/.local/lib/python3.12/site-packages/airflow/example_dags/example_trigger_target_dag.py
[2026-06-06T20:14:45.025+0000] {processor.py:914} INFO - Processing file /home/airflow/.local/lib/python3.12/site-packages/airflow/example_dags/example_trigger_target_dag.py for tasks to queue
[2026-06-06T20:14:45.036+0000] {logging_mixin.py:190} INFO - [2026-06-06T20:14:45.036+0000] {dagbag.py:588} INFO - Filling up the DagBag from /home/airflow/.local/lib/python3.12/site-packages/airflow/example_dags/example_trigger_target_dag.py
[2026-06-06T20:14:45.057+0000] {processor.py:925} INFO - DAG(s) 'example_trigger_target_dag' retrieved from /home/airflow/.local/lib/python3.12/site-packages/airflow/example_dags/example_trigger_target_dag.py
[2026-06-06T20:14:45.124+0000] {logging_mixin.py:190} INFO - [2026-06-06T20:14:45.124+0000] {dag.py:3239} INFO - Sync 1 DAGs
[2026-06-06T20:14:45.175+0000] {logging_mixin.py:190} INFO - [2026-06-06T20:14:45.174+0000] {dag.py:4180} INFO - Setting next_dagrun for example_trigger_target_dag to None, run_after=None
[2026-06-06T20:14:45.222+0000] {processor.py:208} INFO - Processing /home/airflow/.local/lib/python3.12/site-packages/airflow/example_dags/example_trigger_target_dag.py took 0.213 seconds
[2026-06-06T20:15:26.607+0000] {processor.py:186} INFO - Started process (PID=247) to work on /home/airflow/.local/lib/python3.12/site-packages/airflow/example_dags/example_trigger_target_dag.py
[2026-06-06T20:15:26.609+0000] {processor.py:914} INFO - Processing file /home/airflow/.local/lib/python3.12/site-packages/airflow/example_dags/example_trigger_target_dag.py for tasks to queue
[2026-06-06T20:15:26.615+0000] {logging_mixin.py:190} INFO - [2026-06-06T20:15:26.615+0000] {dagbag.py:588} INFO - Filling up the DagBag from /home/airflow/.local/lib/python3.12/site-packages/airflow/example_dags/example_trigger_target_dag.py
[2026-06-06T20:15:26.631+0000] {processor.py:925} INFO - DAG(s) 'example_trigger_target_dag' retrieved from /home/airflow/.local/lib/python3.12/site-packages/airflow/example_dags/example_trigger_target_dag.py
[2026-06-06T20:15:26.681+0000] {logging_mixin.py:190} INFO - [2026-06-06T20:15:26.680+0000] {dag.py:3239} INFO - Sync 1 DAGs
[2026-06-06T20:15:26.707+0000] {logging_mixin.py:190} INFO - [2026-06-06T20:15:26.707+0000] {dag.py:4180} INFO - Setting next_dagrun for example_trigger_target_dag to None, run_after=None
[2026-06-06T20:15:26.748+0000] {processor.py:208} INFO - Processing /home/airflow/.local/lib/python3.12/site-packages/airflow/example_dags/example_trigger_target_dag.py took 0.151 seconds
[2026-06-06T20:15:59.974+0000] {processor.py:186} INFO - Started process (PID=308) to work on /home/airflow/.local/lib/python3.12/site-packages/airflow/example_dags/example_trigger_target_dag.py
[2026-06-06T20:15:59.977+0000] {processor.py:914} INFO - Processing file /home/airflow/.local/lib/python3.12/site-packages/airflow/example_dags/example_trigger_target_dag.py for tasks to queue
[2026-06-06T20:15:59.982+0000] {logging_mixin.py:190} INFO - [2026-06-06T20:15:59.981+0000] {dagbag.py:588} INFO - Filling up the DagBag from /home/airflow/.local/lib/python3.12/site-packages/airflow/example_dags/example_trigger_target_dag.py
[2026-06-06T20:15:59.993+0000] {processor.py:925} INFO - DAG(s) 'example_trigger_target_dag' retrieved from /home/airflow/.local/lib/python3.12/site-packages/airflow/example_dags/example_trigger_target_dag.py
[2026-06-06T20:16:00.036+0000] {logging_mixin.py:190} INFO - [2026-06-06T20:16:00.036+0000] {dag.py:3239} INFO - Sync 1 DAGs
[2026-06-06T20:16:00.057+0000] {logging_mixin.py:190} INFO - [2026-06-06T20:16:00.057+0000] {dag.py:4180} INFO - Setting next_dagrun for example_trigger_target_dag to None, run_after=None
[2026-06-06T20:16:00.089+0000] {processor.py:208} INFO - Processing /home/airflow/.local/lib/python3.12/site-packages/airflow/example_dags/example_trigger_target_dag.py took 0.123 seconds
[2026-06-06T20:16:34.310+0000] {processor.py:186} INFO - Started process (PID=370) to work on /home/airflow/.local/lib/python3.12/site-packages/airflow/example_dags/example_trigger_target_dag.py
[2026-06-06T20:16:34.314+0000] {processor.py:914} INFO - Processing file /home/airflow/.local/lib/python3.12/site-packages/airflow/example_dags/example_trigger_target_dag.py for tasks to queue
[2026-06-06T20:16:34.320+0000] {logging_mixin.py:190} INFO - [2026-06-06T20:16:34.320+0000] {dagbag.py:588} INFO - Filling up the DagBag from /home/airflow/.local/lib/python3.12/site-packages/airflow/example_dags/example_trigger_target_dag.py
[2026-06-06T20:16:34.336+0000] {processor.py:925} INFO - DAG(s) 'example_trigger_target_dag' retrieved from /home/airflow/.local/lib/python3.12/site-packages/airflow/example_dags/example_trigger_target_dag.py
[2026-06-06T20:16:34.381+0000] {logging_mixin.py:190} INFO - [2026-06-06T20:16:34.381+0000] {dag.py:3239} INFO - Sync 1 DAGs
[2026-06-06T20:16:34.409+0000] {logging_mixin.py:190} INFO - [2026-06-06T20:16:34.409+0000] {dag.py:4180} INFO - Setting next_dagrun for example_trigger_target_dag to None, run_after=None
[2026-06-06T20:16:34.446+0000] {processor.py:208} INFO - Processing /home/airflow/.local/lib/python3.12/site-packages/airflow/example_dags/example_trigger_target_dag.py took 0.149 seconds
[2026-06-06T20:17:09.172+0000] {processor.py:186} INFO - Started process (PID=433) to work on /home/airflow/.local/lib/python3.12/site-packages/airflow/example_dags/example_trigger_target_dag.py
[2026-06-06T20:17:09.175+0000] {processor.py:914} INFO - Processing file /home/airflow/.local/lib/python3.12/site-packages/airflow/example_dags/example_trigger_target_dag.py for tasks to queue
[2026-06-06T20:17:09.180+0000] {logging_mixin.py:190} INFO - [2026-06-06T20:17:09.180+0000] {dagbag.py:588} INFO - Filling up the DagBag from /home/airflow/.local/lib/python3.12/site-packages/airflow/example_dags/example_trigger_target_dag.py
[2026-06-06T20:17:09.194+0000] {processor.py:925} INFO - DAG(s) 'example_trigger_target_dag' retrieved from /home/airflow/.local/lib/python3.12/site-packages/airflow/example_dags/example_trigger_target_dag.py
[2026-06-06T20:17:09.238+0000] {logging_mixin.py:190} INFO - [2026-06-06T20:17:09.238+0000] {dag.py:3239} INFO - Sync 1 DAGs
[2026-06-06T20:17:09.278+0000] {logging_mixin.py:190} INFO - [2026-06-06T20:17:09.277+0000] {dag.py:4180} INFO - Setting next_dagrun for example_trigger_target_dag to None, run_after=None
[2026-06-06T20:17:09.330+0000] {processor.py:208} INFO - Processing /home/airflow/.local/lib/python3.12/site-packages/airflow/example_dags/example_trigger_target_dag.py took 0.170 seconds
[2026-06-06T20:17:39.985+0000] {processor.py:186} INFO - Started process (PID=494) to work on /home/airflow/.local/lib/python3.12/site-packages/airflow/example_dags/example_trigger_target_dag.py
[2026-06-06T20:17:39.990+0000] {processor.py:914} INFO - Processing file /home/airflow/.local/lib/python3.12/site-packages/airflow/example_dags/example_trigger_target_dag.py for tasks to queue
[2026-06-06T20:17:39.996+0000] {logging_mixin.py:190} INFO - [2026-06-06T20:17:39.995+0000] {dagbag.py:588} INFO - Filling up the DagBag from /home/airflow/.local/lib/python3.12/site-packages/airflow/example_dags/example_trigger_target_dag.py
[2026-06-06T20:17:40.014+0000] {processor.py:925} INFO - DAG(s) 'example_trigger_target_dag' retrieved from /home/airflow/.local/lib/python3.12/site-packages/airflow/example_dags/example_trigger_target_dag.py
[2026-06-06T20:17:40.080+0000] {logging_mixin.py:190} INFO - [2026-06-06T20:17:40.080+0000] {dag.py:3239} INFO - Sync 1 DAGs
[2026-06-06T20:17:40.119+0000] {logging_mixin.py:190} INFO - [2026-06-06T20:17:40.118+0000] {dag.py:4180} INFO - Setting next_dagrun for example_trigger_target_dag to None, run_after=None
[2026-06-06T20:17:40.176+0000] {processor.py:208} INFO - Processing /home/airflow/.local/lib/python3.12/site-packages/airflow/example_dags/example_trigger_target_dag.py took 0.213 seconds
[2026-06-06T20:18:10.506+0000] {processor.py:186} INFO - Started process (PID=557) to work on /home/airflow/.local/lib/python3.12/site-packages/airflow/example_dags/example_trigger_target_dag.py
[2026-06-06T20:18:10.509+0000] {processor.py:914} INFO - Processing file /home/airflow/.local/lib/python3.12/site-packages/airflow/example_dags/example_trigger_target_dag.py for tasks to queue
[2026-06-06T20:18:10.518+0000] {logging_mixin.py:190} INFO - [2026-06-06T20:18:10.517+0000] {dagbag.py:588} INFO - Filling up the DagBag from /home/airflow/.local/lib/python3.12/site-packages/airflow/example_dags/example_trigger_target_dag.py
[2026-06-06T20:18:10.544+0000] {processor.py:925} INFO - DAG(s) 'example_trigger_target_dag' retrieved from /home/airflow/.local/lib/python3.12/site-packages/airflow/example_dags/example_trigger_target_dag.py
[2026-06-06T20:18:10.607+0000] {logging_mixin.py:190} INFO - [2026-06-06T20:18:10.606+0000] {dag.py:3239} INFO - Sync 1 DAGs
[2026-06-06T20:18:10.645+0000] {logging_mixin.py:190} INFO - [2026-06-06T20:18:10.645+0000] {dag.py:4180} INFO - Setting next_dagrun for example_trigger_target_dag to None, run_after=None
[2026-06-06T20:18:10.697+0000] {processor.py:208} INFO - Processing /home/airflow/.local/lib/python3.12/site-packages/airflow/example_dags/example_trigger_target_dag.py took 0.200 seconds
[2026-06-06T20:18:48.788+0000] {processor.py:186} INFO - Started process (PID=619) to work on /home/airflow/.local/lib/python3.12/site-packages/airflow/example_dags/example_trigger_target_dag.py
[2026-06-06T20:18:48.791+0000] {processor.py:914} INFO - Processing file /home/airflow/.local/lib/python3.12/site-packages/airflow/example_dags/example_trigger_target_dag.py for tasks to queue
[2026-06-06T20:18:48.796+0000] {logging_mixin.py:190} INFO - [2026-06-06T20:18:48.795+0000] {dagbag.py:588} INFO - Filling up the DagBag from /home/airflow/.local/lib/python3.12/site-packages/airflow/example_dags/example_trigger_target_dag.py
[2026-06-06T20:18:48.810+0000] {processor.py:925} INFO - DAG(s) 'example_trigger_target_dag' retrieved from /home/airflow/.local/lib/python3.12/site-packages/airflow/example_dags/example_trigger_target_dag.py
[2026-06-06T20:18:48.855+0000] {logging_mixin.py:190} INFO - [2026-06-06T20:18:48.855+0000] {dag.py:3239} INFO - Sync 1 DAGs
[2026-06-06T20:18:48.890+0000] {logging_mixin.py:190} INFO - [2026-06-06T20:18:48.890+0000] {dag.py:4180} INFO - Setting next_dagrun for example_trigger_target_dag to None, run_after=None
[2026-06-06T20:18:48.932+0000] {processor.py:208} INFO - Processing /home/airflow/.local/lib/python3.12/site-packages/airflow/example_dags/example_trigger_target_dag.py took 0.155 seconds
[2026-06-06T20:19:19.756+0000] {processor.py:186} INFO - Started process (PID=680) to work on /home/airflow/.local/lib/python3.12/site-packages/airflow/example_dags/example_trigger_target_dag.py
[2026-06-06T20:19:19.759+0000] {processor.py:914} INFO - Processing file /home/airflow/.local/lib/python3.12/site-packages/airflow/example_dags/example_trigger_target_dag.py for tasks to queue
[2026-06-06T20:19:19.764+0000] {logging_mixin.py:190} INFO - [2026-06-06T20:19:19.764+0000] {dagbag.py:588} INFO - Filling up the DagBag from /home/airflow/.local/lib/python3.12/site-packages/airflow/example_dags/example_trigger_target_dag.py
[2026-06-06T20:19:19.778+0000] {processor.py:925} INFO - DAG(s) 'example_trigger_target_dag' retrieved from /home/airflow/.local/lib/python3.12/site-packages/airflow/example_dags/example_trigger_target_dag.py
[2026-06-06T20:19:19.814+0000] {logging_mixin.py:190} INFO - [2026-06-06T20:19:19.814+0000] {dag.py:3239} INFO - Sync 1 DAGs
[2026-06-06T20:19:19.843+0000] {logging_mixin.py:190} INFO - [2026-06-06T20:19:19.843+0000] {dag.py:4180} INFO - Setting next_dagrun for example_trigger_target_dag to None, run_after=None
[2026-06-06T20:19:19.889+0000] {processor.py:208} INFO - Processing /home/airflow/.local/lib/python3.12/site-packages/airflow/example_dags/example_trigger_target_dag.py took 0.142 seconds
[2026-06-06T20:19:58.712+0000] {processor.py:186} INFO - Started process (PID=741) to work on /home/airflow/.local/lib/python3.12/site-packages/airflow/example_dags/example_trigger_target_dag.py
[2026-06-06T20:19:58.716+0000] {processor.py:914} INFO - Processing file /home/airflow/.local/lib/python3.12/site-packages/airflow/example_dags/example_trigger_target_dag.py for tasks to queue
[2026-06-06T20:19:58.721+0000] {logging_mixin.py:190} INFO - [2026-06-06T20:19:58.720+0000] {dagbag.py:588} INFO - Filling up the DagBag from /home/airflow/.local/lib/python3.12/site-packages/airflow/example_dags/example_trigger_target_dag.py
[2026-06-06T20:19:58.735+0000] {processor.py:925} INFO - DAG(s) 'example_trigger_target_dag' retrieved from /home/airflow/.local/lib/python3.12/site-packages/airflow/example_dags/example_trigger_target_dag.py
[2026-06-06T20:19:58.783+0000] {logging_mixin.py:190} INFO - [2026-06-06T20:19:58.782+0000] {dag.py:3239} INFO - Sync 1 DAGs
[2026-06-06T20:19:58.812+0000] {logging_mixin.py:190} INFO - [2026-06-06T20:19:58.812+0000] {dag.py:4180} INFO - Setting next_dagrun for example_trigger_target_dag to None, run_after=None
[2026-06-06T20:19:58.852+0000] {processor.py:208} INFO - Processing /home/airflow/.local/lib/python3.12/site-packages/airflow/example_dags/example_trigger_target_dag.py took 0.151 seconds
[2026-06-06T20:20:32.622+0000] {processor.py:186} INFO - Started process (PID=803) to work on /home/airflow/.local/lib/python3.12/site-packages/airflow/example_dags/example_trigger_target_dag.py
[2026-06-06T20:20:32.625+0000] {processor.py:914} INFO - Processing file /home/airflow/.local/lib/python3.12/site-packages/airflow/example_dags/example_trigger_target_dag.py for tasks to queue
[2026-06-06T20:20:32.629+0000] {logging_mixin.py:190} INFO - [2026-06-06T20:20:32.628+0000] {dagbag.py:588} INFO - Filling up the DagBag from /home/airflow/.local/lib/python3.12/site-packages/airflow/example_dags/example_trigger_target_dag.py
[2026-06-06T20:20:32.642+0000] {processor.py:925} INFO - DAG(s) 'example_trigger_target_dag' retrieved from /home/airflow/.local/lib/python3.12/site-packages/airflow/example_dags/example_trigger_target_dag.py
[2026-06-06T20:20:32.680+0000] {logging_mixin.py:190} INFO - [2026-06-06T20:20:32.680+0000] {dag.py:3239} INFO - Sync 1 DAGs
[2026-06-06T20:20:32.702+0000] {logging_mixin.py:190} INFO - [2026-06-06T20:20:32.702+0000] {dag.py:4180} INFO - Setting next_dagrun for example_trigger_target_dag to None, run_after=None
[2026-06-06T20:20:32.732+0000] {processor.py:208} INFO - Processing /home/airflow/.local/lib/python3.12/site-packages/airflow/example_dags/example_trigger_target_dag.py took 0.120 seconds
[2026-06-06T20:21:09.958+0000] {processor.py:186} INFO - Started process (PID=865) to work on /home/airflow/.local/lib/python3.12/site-packages/airflow/example_dags/example_trigger_target_dag.py
[2026-06-06T20:21:09.961+0000] {processor.py:914} INFO - Processing file /home/airflow/.local/lib/python3.12/site-packages/airflow/example_dags/example_trigger_target_dag.py for tasks to queue
[2026-06-06T20:21:09.968+0000] {logging_mixin.py:190} INFO - [2026-06-06T20:21:09.967+0000] {dagbag.py:588} INFO - Filling up the DagBag from /home/airflow/.local/lib/python3.12/site-packages/airflow/example_dags/example_trigger_target_dag.py
[2026-06-06T20:21:09.981+0000] {processor.py:925} INFO - DAG(s) 'example_trigger_target_dag' retrieved from /home/airflow/.local/lib/python3.12/site-packages/airflow/example_dags/example_trigger_target_dag.py
[2026-06-06T20:21:10.028+0000] {logging_mixin.py:190} INFO - [2026-06-06T20:21:10.027+0000] {dag.py:3239} INFO - Sync 1 DAGs
[2026-06-06T20:21:10.053+0000] {logging_mixin.py:190} INFO - [2026-06-06T20:21:10.052+0000] {dag.py:4180} INFO - Setting next_dagrun for example_trigger_target_dag to None, run_after=None
[2026-06-06T20:21:10.094+0000] {processor.py:208} INFO - Processing /home/airflow/.local/lib/python3.12/site-packages/airflow/example_dags/example_trigger_target_dag.py took 0.145 seconds
[2026-06-06T20:21:47.881+0000] {processor.py:186} INFO - Started process (PID=925) to work on /home/airflow/.local/lib/python3.12/site-packages/airflow/example_dags/example_trigger_target_dag.py
[2026-06-06T20:21:47.883+0000] {processor.py:914} INFO - Processing file /home/airflow/.local/lib/python3.12/site-packages/airflow/example_dags/example_trigger_target_dag.py for tasks to queue
[2026-06-06T20:21:47.893+0000] {logging_mixin.py:190} INFO - [2026-06-06T20:21:47.892+0000] {dagbag.py:588} INFO - Filling up the DagBag from /home/airflow/.local/lib/python3.12/site-packages/airflow/example_dags/example_trigger_target_dag.py
[2026-06-06T20:21:47.932+0000] {processor.py:925} INFO - DAG(s) 'example_trigger_target_dag' retrieved from /home/airflow/.local/lib/python3.12/site-packages/airflow/example_dags/example_trigger_target_dag.py
[2026-06-06T20:21:48.028+0000] {logging_mixin.py:190} INFO - [2026-06-06T20:21:48.027+0000] {dag.py:3239} INFO - Sync 1 DAGs
[2026-06-06T20:21:48.065+0000] {logging_mixin.py:190} INFO - [2026-06-06T20:21:48.065+0000] {dag.py:4180} INFO - Setting next_dagrun for example_trigger_target_dag to None, run_after=None
[2026-06-06T20:21:48.112+0000] {processor.py:208} INFO - Processing /home/airflow/.local/lib/python3.12/site-packages/airflow/example_dags/example_trigger_target_dag.py took 0.246 seconds
[2026-06-06T20:22:32.455+0000] {processor.py:186} INFO - Started process (PID=997) to work on /home/airflow/.local/lib/python3.12/site-packages/airflow/example_dags/example_trigger_target_dag.py
[2026-06-06T20:22:32.457+0000] {processor.py:914} INFO - Processing file /home/airflow/.local/lib/python3.12/site-packages/airflow/example_dags/example_trigger_target_dag.py for tasks to queue
[2026-06-06T20:22:32.463+0000] {logging_mixin.py:190} INFO - [2026-06-06T20:22:32.462+0000] {dagbag.py:588} INFO - Filling up the DagBag from /home/airflow/.local/lib/python3.12/site-packages/airflow/example_dags/example_trigger_target_dag.py
[2026-06-06T20:22:32.478+0000] {processor.py:925} INFO - DAG(s) 'example_trigger_target_dag' retrieved from /home/airflow/.local/lib/python3.12/site-packages/airflow/example_dags/example_trigger_target_dag.py
[2026-06-06T20:22:32.527+0000] {logging_mixin.py:190} INFO - [2026-06-06T20:22:32.526+0000] {dag.py:3239} INFO - Sync 1 DAGs
[2026-06-06T20:22:32.559+0000] {logging_mixin.py:190} INFO - [2026-06-06T20:22:32.558+0000] {dag.py:4180} INFO - Setting next_dagrun for example_trigger_target_dag to None, run_after=None
[2026-06-06T20:22:32.596+0000] {processor.py:208} INFO - Processing /home/airflow/.local/lib/python3.12/site-packages/airflow/example_dags/example_trigger_target_dag.py took 0.151 seconds
[2026-06-06T20:23:03.305+0000] {processor.py:186} INFO - Started process (PID=1058) to work on /home/airflow/.local/lib/python3.12/site-packages/airflow/example_dags/example_trigger_target_dag.py
[2026-06-06T20:23:03.308+0000] {processor.py:914} INFO - Processing file /home/airflow/.local/lib/python3.12/site-packages/airflow/example_dags/example_trigger_target_dag.py for tasks to queue
[2026-06-06T20:23:03.323+0000] {logging_mixin.py:190} INFO - [2026-06-06T20:23:03.320+0000] {dagbag.py:588} INFO - Filling up the DagBag from /home/airflow/.local/lib/python3.12/site-packages/airflow/example_dags/example_trigger_target_dag.py
[2026-06-06T20:23:03.340+0000] {processor.py:925} INFO - DAG(s) 'example_trigger_target_dag' retrieved from /home/airflow/.local/lib/python3.12/site-packages/airflow/example_dags/example_trigger_target_dag.py
[2026-06-06T20:23:03.403+0000] {logging_mixin.py:190} INFO - [2026-06-06T20:23:03.403+0000] {dag.py:3239} INFO - Sync 1 DAGs
[2026-06-06T20:23:03.457+0000] {logging_mixin.py:190} INFO - [2026-06-06T20:23:03.456+0000] {dag.py:4180} INFO - Setting next_dagrun for example_trigger_target_dag to None, run_after=None
[2026-06-06T20:23:03.514+0000] {processor.py:208} INFO - Processing /home/airflow/.local/lib/python3.12/site-packages/airflow/example_dags/example_trigger_target_dag.py took 0.221 seconds
[2026-06-06T20:23:40.329+0000] {processor.py:186} INFO - Started process (PID=1120) to work on /home/airflow/.local/lib/python3.12/site-packages/airflow/example_dags/example_trigger_target_dag.py
[2026-06-06T20:23:40.331+0000] {processor.py:914} INFO - Processing file /home/airflow/.local/lib/python3.12/site-packages/airflow/example_dags/example_trigger_target_dag.py for tasks to queue
[2026-06-06T20:23:40.336+0000] {logging_mixin.py:190} INFO - [2026-06-06T20:23:40.336+0000] {dagbag.py:588} INFO - Filling up the DagBag from /home/airflow/.local/lib/python3.12/site-packages/airflow/example_dags/example_trigger_target_dag.py
[2026-06-06T20:23:40.349+0000] {processor.py:925} INFO - DAG(s) 'example_trigger_target_dag' retrieved from /home/airflow/.local/lib/python3.12/site-packages/airflow/example_dags/example_trigger_target_dag.py
[2026-06-06T20:23:40.390+0000] {logging_mixin.py:190} INFO - [2026-06-06T20:23:40.390+0000] {dag.py:3239} INFO - Sync 1 DAGs
[2026-06-06T20:23:40.413+0000] {logging_mixin.py:190} INFO - [2026-06-06T20:23:40.412+0000] {dag.py:4180} INFO - Setting next_dagrun for example_trigger_target_dag to None, run_after=None
[2026-06-06T20:23:40.449+0000] {processor.py:208} INFO - Processing /home/airflow/.local/lib/python3.12/site-packages/airflow/example_dags/example_trigger_target_dag.py took 0.130 seconds
[2026-06-06T20:24:15.289+0000] {processor.py:186} INFO - Started process (PID=1182) to work on /home/airflow/.local/lib/python3.12/site-packages/airflow/example_dags/example_trigger_target_dag.py
[2026-06-06T20:24:15.291+0000] {processor.py:914} INFO - Processing file /home/airflow/.local/lib/python3.12/site-packages/airflow/example_dags/example_trigger_target_dag.py for tasks to queue
[2026-06-06T20:24:15.296+0000] {logging_mixin.py:190} INFO - [2026-06-06T20:24:15.296+0000] {dagbag.py:588} INFO - Filling up the DagBag from /home/airflow/.local/lib/python3.12/site-packages/airflow/example_dags/example_trigger_target_dag.py
[2026-06-06T20:24:15.310+0000] {processor.py:925} INFO - DAG(s) 'example_trigger_target_dag' retrieved from /home/airflow/.local/lib/python3.12/site-packages/airflow/example_dags/example_trigger_target_dag.py
[2026-06-06T20:24:15.349+0000] {logging_mixin.py:190} INFO - [2026-06-06T20:24:15.349+0000] {dag.py:3239} INFO - Sync 1 DAGs
[2026-06-06T20:24:15.371+0000] {logging_mixin.py:190} INFO - [2026-06-06T20:24:15.370+0000] {dag.py:4180} INFO - Setting next_dagrun for example_trigger_target_dag to None, run_after=None
[2026-06-06T20:24:15.403+0000] {processor.py:208} INFO - Processing /home/airflow/.local/lib/python3.12/site-packages/airflow/example_dags/example_trigger_target_dag.py took 0.123 seconds
[2026-06-06T20:24:49.149+0000] {processor.py:186} INFO - Started process (PID=1243) to work on /home/airflow/.local/lib/python3.12/site-packages/airflow/example_dags/example_trigger_target_dag.py
[2026-06-06T20:24:49.152+0000] {processor.py:914} INFO - Processing file /home/airflow/.local/lib/python3.12/site-packages/airflow/example_dags/example_trigger_target_dag.py for tasks to queue
[2026-06-06T20:24:49.158+0000] {logging_mixin.py:190} INFO - [2026-06-06T20:24:49.157+0000] {dagbag.py:588} INFO - Filling up the DagBag from /home/airflow/.local/lib/python3.12/site-packages/airflow/example_dags/example_trigger_target_dag.py
[2026-06-06T20:24:49.175+0000] {processor.py:925} INFO - DAG(s) 'example_trigger_target_dag' retrieved from /home/airflow/.local/lib/python3.12/site-packages/airflow/example_dags/example_trigger_target_dag.py
[2026-06-06T20:24:49.234+0000] {logging_mixin.py:190} INFO - [2026-06-06T20:24:49.233+0000] {dag.py:3239} INFO - Sync 1 DAGs
[2026-06-06T20:24:49.268+0000] {logging_mixin.py:190} INFO - [2026-06-06T20:24:49.267+0000] {dag.py:4180} INFO - Setting next_dagrun for example_trigger_target_dag to None, run_after=None
[2026-06-06T20:24:49.306+0000] {processor.py:208} INFO - Processing /home/airflow/.local/lib/python3.12/site-packages/airflow/example_dags/example_trigger_target_dag.py took 0.169 seconds
[2026-06-06T20:25:26.678+0000] {processor.py:186} INFO - Started process (PID=1309) to work on /home/airflow/.local/lib/python3.12/site-packages/airflow/example_dags/example_trigger_target_dag.py
[2026-06-06T20:25:26.680+0000] {processor.py:914} INFO - Processing file /home/airflow/.local/lib/python3.12/site-packages/airflow/example_dags/example_trigger_target_dag.py for tasks to queue
[2026-06-06T20:25:26.686+0000] {logging_mixin.py:190} INFO - [2026-06-06T20:25:26.685+0000] {dagbag.py:588} INFO - Filling up the DagBag from /home/airflow/.local/lib/python3.12/site-packages/airflow/example_dags/example_trigger_target_dag.py
[2026-06-06T20:25:26.704+0000] {processor.py:925} INFO - DAG(s) 'example_trigger_target_dag' retrieved from /home/airflow/.local/lib/python3.12/site-packages/airflow/example_dags/example_trigger_target_dag.py
[2026-06-06T20:25:26.752+0000] {logging_mixin.py:190} INFO - [2026-06-06T20:25:26.751+0000] {dag.py:3239} INFO - Sync 1 DAGs
[2026-06-06T20:25:26.790+0000] {logging_mixin.py:190} INFO - [2026-06-06T20:25:26.790+0000] {dag.py:4180} INFO - Setting next_dagrun for example_trigger_target_dag to None, run_after=None
[2026-06-06T20:25:26.832+0000] {processor.py:208} INFO - Processing /home/airflow/.local/lib/python3.12/site-packages/airflow/example_dags/example_trigger_target_dag.py took 0.169 seconds
[2026-06-06T20:26:06.110+0000] {processor.py:186} INFO - Started process (PID=1366) to work on /home/airflow/.local/lib/python3.12/site-packages/airflow/example_dags/example_trigger_target_dag.py
[2026-06-06T20:26:06.113+0000] {processor.py:914} INFO - Processing file /home/airflow/.local/lib/python3.12/site-packages/airflow/example_dags/example_trigger_target_dag.py for tasks to queue
[2026-06-06T20:26:06.119+0000] {logging_mixin.py:190} INFO - [2026-06-06T20:26:06.119+0000] {dagbag.py:588} INFO - Filling up the DagBag from /home/airflow/.local/lib/python3.12/site-packages/airflow/example_dags/example_trigger_target_dag.py
[2026-06-06T20:26:06.136+0000] {processor.py:925} INFO - DAG(s) 'example_trigger_target_dag' retrieved from /home/airflow/.local/lib/python3.12/site-packages/airflow/example_dags/example_trigger_target_dag.py
[2026-06-06T20:26:06.194+0000] {logging_mixin.py:190} INFO - [2026-06-06T20:26:06.193+0000] {dag.py:3239} INFO - Sync 1 DAGs
[2026-06-06T20:26:06.232+0000] {logging_mixin.py:190} INFO - [2026-06-06T20:26:06.232+0000] {dag.py:4180} INFO - Setting next_dagrun for example_trigger_target_dag to None, run_after=None
[2026-06-06T20:26:06.276+0000] {processor.py:208} INFO - Processing /home/airflow/.local/lib/python3.12/site-packages/airflow/example_dags/example_trigger_target_dag.py took 0.179 seconds
[2026-06-06T20:26:38.620+0000] {processor.py:186} INFO - Started process (PID=1429) to work on /home/airflow/.local/lib/python3.12/site-packages/airflow/example_dags/example_trigger_target_dag.py
[2026-06-06T20:26:38.622+0000] {processor.py:914} INFO - Processing file /home/airflow/.local/lib/python3.12/site-packages/airflow/example_dags/example_trigger_target_dag.py for tasks to queue
[2026-06-06T20:26:38.628+0000] {logging_mixin.py:190} INFO - [2026-06-06T20:26:38.627+0000] {dagbag.py:588} INFO - Filling up the DagBag from /home/airflow/.local/lib/python3.12/site-packages/airflow/example_dags/example_trigger_target_dag.py
[2026-06-06T20:26:38.645+0000] {processor.py:925} INFO - DAG(s) 'example_trigger_target_dag' retrieved from /home/airflow/.local/lib/python3.12/site-packages/airflow/example_dags/example_trigger_target_dag.py
[2026-06-06T20:26:38.705+0000] {logging_mixin.py:190} INFO - [2026-06-06T20:26:38.705+0000] {dag.py:3239} INFO - Sync 1 DAGs
[2026-06-06T20:26:38.754+0000] {logging_mixin.py:190} INFO - [2026-06-06T20:26:38.753+0000] {dag.py:4180} INFO - Setting next_dagrun for example_trigger_target_dag to None, run_after=None
[2026-06-06T20:26:38.835+0000] {processor.py:208} INFO - Processing /home/airflow/.local/lib/python3.12/site-packages/airflow/example_dags/example_trigger_target_dag.py took 0.229 seconds
[2026-06-06T20:27:16.916+0000] {processor.py:186} INFO - Started process (PID=1494) to work on /home/airflow/.local/lib/python3.12/site-packages/airflow/example_dags/example_trigger_target_dag.py
[2026-06-06T20:27:16.919+0000] {processor.py:914} INFO - Processing file /home/airflow/.local/lib/python3.12/site-packages/airflow/example_dags/example_trigger_target_dag.py for tasks to queue
[2026-06-06T20:27:16.926+0000] {logging_mixin.py:190} INFO - [2026-06-06T20:27:16.925+0000] {dagbag.py:588} INFO - Filling up the DagBag from /home/airflow/.local/lib/python3.12/site-packages/airflow/example_dags/example_trigger_target_dag.py
[2026-06-06T20:27:16.947+0000] {processor.py:925} INFO - DAG(s) 'example_trigger_target_dag' retrieved from /home/airflow/.local/lib/python3.12/site-packages/airflow/example_dags/example_trigger_target_dag.py
[2026-06-06T20:27:16.993+0000] {logging_mixin.py:190} INFO - [2026-06-06T20:27:16.993+0000] {dag.py:3239} INFO - Sync 1 DAGs
[2026-06-06T20:27:17.028+0000] {logging_mixin.py:190} INFO - [2026-06-06T20:27:17.028+0000] {dag.py:4180} INFO - Setting next_dagrun for example_trigger_target_dag to None, run_after=None
[2026-06-06T20:27:17.069+0000] {processor.py:208} INFO - Processing /home/airflow/.local/lib/python3.12/site-packages/airflow/example_dags/example_trigger_target_dag.py took 0.165 seconds
[2026-06-06T20:27:56.133+0000] {processor.py:186} INFO - Started process (PID=1562) to work on /home/airflow/.local/lib/python3.12/site-packages/airflow/example_dags/example_trigger_target_dag.py
[2026-06-06T20:27:56.135+0000] {processor.py:914} INFO - Processing file /home/airflow/.local/lib/python3.12/site-packages/airflow/example_dags/example_trigger_target_dag.py for tasks to queue
[2026-06-06T20:27:56.155+0000] {logging_mixin.py:190} INFO - [2026-06-06T20:27:56.154+0000] {dagbag.py:588} INFO - Filling up the DagBag from /home/airflow/.local/lib/python3.12/site-packages/airflow/example_dags/example_trigger_target_dag.py
[2026-06-06T20:27:56.189+0000] {processor.py:925} INFO - DAG(s) 'example_trigger_target_dag' retrieved from /home/airflow/.local/lib/python3.12/site-packages/airflow/example_dags/example_trigger_target_dag.py
[2026-06-06T20:27:56.323+0000] {logging_mixin.py:190} INFO - [2026-06-06T20:27:56.322+0000] {dag.py:3239} INFO - Sync 1 DAGs
[2026-06-06T20:27:56.372+0000] {logging_mixin.py:190} INFO - [2026-06-06T20:27:56.371+0000] {dag.py:4180} INFO - Setting next_dagrun for example_trigger_target_dag to None, run_after=None
[2026-06-06T20:27:56.413+0000] {processor.py:208} INFO - Processing /home/airflow/.local/lib/python3.12/site-packages/airflow/example_dags/example_trigger_target_dag.py took 0.300 seconds
[2026-06-06T20:28:28.627+0000] {processor.py:186} INFO - Started process (PID=1624) to work on /home/airflow/.local/lib/python3.12/site-packages/airflow/example_dags/example_trigger_target_dag.py
[2026-06-06T20:28:28.629+0000] {processor.py:914} INFO - Processing file /home/airflow/.local/lib/python3.12/site-packages/airflow/example_dags/example_trigger_target_dag.py for tasks to queue
[2026-06-06T20:28:28.636+0000] {logging_mixin.py:190} INFO - [2026-06-06T20:28:28.635+0000] {dagbag.py:588} INFO - Filling up the DagBag from /home/airflow/.local/lib/python3.12/site-packages/airflow/example_dags/example_trigger_target_dag.py
[2026-06-06T20:28:28.652+0000] {processor.py:925} INFO - DAG(s) 'example_trigger_target_dag' retrieved from /home/airflow/.local/lib/python3.12/site-packages/airflow/example_dags/example_trigger_target_dag.py
[2026-06-06T20:28:28.704+0000] {logging_mixin.py:190} INFO - [2026-06-06T20:28:28.703+0000] {dag.py:3239} INFO - Sync 1 DAGs
[2026-06-06T20:28:28.732+0000] {logging_mixin.py:190} INFO - [2026-06-06T20:28:28.732+0000] {dag.py:4180} INFO - Setting next_dagrun for example_trigger_target_dag to None, run_after=None
[2026-06-06T20:28:28.774+0000] {processor.py:208} INFO - Processing /home/airflow/.local/lib/python3.12/site-packages/airflow/example_dags/example_trigger_target_dag.py took 0.158 seconds
[2026-06-06T20:29:11.682+0000] {processor.py:186} INFO - Started process (PID=1688) to work on /home/airflow/.local/lib/python3.12/site-packages/airflow/example_dags/example_trigger_target_dag.py
[2026-06-06T20:29:11.687+0000] {processor.py:914} INFO - Processing file /home/airflow/.local/lib/python3.12/site-packages/airflow/example_dags/example_trigger_target_dag.py for tasks to queue
[2026-06-06T20:29:11.695+0000] {logging_mixin.py:190} INFO - [2026-06-06T20:29:11.694+0000] {dagbag.py:588} INFO - Filling up the DagBag from /home/airflow/.local/lib/python3.12/site-packages/airflow/example_dags/example_trigger_target_dag.py
[2026-06-06T20:29:11.715+0000] {processor.py:925} INFO - DAG(s) 'example_trigger_target_dag' retrieved from /home/airflow/.local/lib/python3.12/site-packages/airflow/example_dags/example_trigger_target_dag.py
[2026-06-06T20:29:11.810+0000] {logging_mixin.py:190} INFO - [2026-06-06T20:29:11.809+0000] {dag.py:3239} INFO - Sync 1 DAGs
[2026-06-06T20:29:11.867+0000] {logging_mixin.py:190} INFO - [2026-06-06T20:29:11.866+0000] {dag.py:4180} INFO - Setting next_dagrun for example_trigger_target_dag to None, run_after=None
[2026-06-06T20:29:11.995+0000] {processor.py:208} INFO - Processing /home/airflow/.local/lib/python3.12/site-packages/airflow/example_dags/example_trigger_target_dag.py took 0.326 seconds
[2026-06-06T20:29:47.811+0000] {processor.py:186} INFO - Started process (PID=1750) to work on /home/airflow/.local/lib/python3.12/site-packages/airflow/example_dags/example_trigger_target_dag.py
[2026-06-06T20:29:47.814+0000] {processor.py:914} INFO - Processing file /home/airflow/.local/lib/python3.12/site-packages/airflow/example_dags/example_trigger_target_dag.py for tasks to queue
[2026-06-06T20:29:47.819+0000] {logging_mixin.py:190} INFO - [2026-06-06T20:29:47.819+0000] {dagbag.py:588} INFO - Filling up the DagBag from /home/airflow/.local/lib/python3.12/site-packages/airflow/example_dags/example_trigger_target_dag.py
[2026-06-06T20:29:47.834+0000] {processor.py:925} INFO - DAG(s) 'example_trigger_target_dag' retrieved from /home/airflow/.local/lib/python3.12/site-packages/airflow/example_dags/example_trigger_target_dag.py
[2026-06-06T20:29:47.879+0000] {logging_mixin.py:190} INFO - [2026-06-06T20:29:47.879+0000] {dag.py:3239} INFO - Sync 1 DAGs
[2026-06-06T20:29:47.906+0000] {logging_mixin.py:190} INFO - [2026-06-06T20:29:47.906+0000] {dag.py:4180} INFO - Setting next_dagrun for example_trigger_target_dag to None, run_after=None
[2026-06-06T20:29:47.941+0000] {processor.py:208} INFO - Processing /home/airflow/.local/lib/python3.12/site-packages/airflow/example_dags/example_trigger_target_dag.py took 0.140 seconds
[2026-06-06T20:30:21.637+0000] {processor.py:186} INFO - Started process (PID=1811) to work on /home/airflow/.local/lib/python3.12/site-packages/airflow/example_dags/example_trigger_target_dag.py
[2026-06-06T20:30:21.640+0000] {processor.py:914} INFO - Processing file /home/airflow/.local/lib/python3.12/site-packages/airflow/example_dags/example_trigger_target_dag.py for tasks to queue
[2026-06-06T20:30:21.650+0000] {logging_mixin.py:190} INFO - [2026-06-06T20:30:21.649+0000] {dagbag.py:588} INFO - Filling up the DagBag from /home/airflow/.local/lib/python3.12/site-packages/airflow/example_dags/example_trigger_target_dag.py
[2026-06-06T20:30:21.666+0000] {processor.py:925} INFO - DAG(s) 'example_trigger_target_dag' retrieved from /home/airflow/.local/lib/python3.12/site-packages/airflow/example_dags/example_trigger_target_dag.py
[2026-06-06T20:30:21.727+0000] {logging_mixin.py:190} INFO - [2026-06-06T20:30:21.726+0000] {dag.py:3239} INFO - Sync 1 DAGs
[2026-06-06T20:30:21.757+0000] {logging_mixin.py:190} INFO - [2026-06-06T20:30:21.756+0000] {dag.py:4180} INFO - Setting next_dagrun for example_trigger_target_dag to None, run_after=None
[2026-06-06T20:30:21.798+0000] {processor.py:208} INFO - Processing /home/airflow/.local/lib/python3.12/site-packages/airflow/example_dags/example_trigger_target_dag.py took 0.172 seconds
[2026-06-06T20:31:10.441+0000] {processor.py:186} INFO - Started process (PID=1886) to work on /home/airflow/.local/lib/python3.12/site-packages/airflow/example_dags/example_trigger_target_dag.py
[2026-06-06T20:31:10.443+0000] {processor.py:914} INFO - Processing file /home/airflow/.local/lib/python3.12/site-packages/airflow/example_dags/example_trigger_target_dag.py for tasks to queue
[2026-06-06T20:31:10.451+0000] {logging_mixin.py:190} INFO - [2026-06-06T20:31:10.450+0000] {dagbag.py:588} INFO - Filling up the DagBag from /home/airflow/.local/lib/python3.12/site-packages/airflow/example_dags/example_trigger_target_dag.py
[2026-06-06T20:31:10.469+0000] {processor.py:925} INFO - DAG(s) 'example_trigger_target_dag' retrieved from /home/airflow/.local/lib/python3.12/site-packages/airflow/example_dags/example_trigger_target_dag.py
[2026-06-06T20:31:10.528+0000] {logging_mixin.py:190} INFO - [2026-06-06T20:31:10.528+0000] {dag.py:3239} INFO - Sync 1 DAGs
[2026-06-06T20:31:10.581+0000] {logging_mixin.py:190} INFO - [2026-06-06T20:31:10.577+0000] {dag.py:4180} INFO - Setting next_dagrun for example_trigger_target_dag to None, run_after=None
[2026-06-06T20:31:10.637+0000] {processor.py:208} INFO - Processing /home/airflow/.local/lib/python3.12/site-packages/airflow/example_dags/example_trigger_target_dag.py took 0.211 seconds
[2026-06-06T20:31:44.890+0000] {processor.py:186} INFO - Started process (PID=1948) to work on /home/airflow/.local/lib/python3.12/site-packages/airflow/example_dags/example_trigger_target_dag.py
[2026-06-06T20:31:44.892+0000] {processor.py:914} INFO - Processing file /home/airflow/.local/lib/python3.12/site-packages/airflow/example_dags/example_trigger_target_dag.py for tasks to queue
[2026-06-06T20:31:44.898+0000] {logging_mixin.py:190} INFO - [2026-06-06T20:31:44.897+0000] {dagbag.py:588} INFO - Filling up the DagBag from /home/airflow/.local/lib/python3.12/site-packages/airflow/example_dags/example_trigger_target_dag.py
[2026-06-06T20:31:44.912+0000] {processor.py:925} INFO - DAG(s) 'example_trigger_target_dag' retrieved from /home/airflow/.local/lib/python3.12/site-packages/airflow/example_dags/example_trigger_target_dag.py
[2026-06-06T20:31:44.953+0000] {logging_mixin.py:190} INFO - [2026-06-06T20:31:44.952+0000] {dag.py:3239} INFO - Sync 1 DAGs
[2026-06-06T20:31:44.978+0000] {logging_mixin.py:190} INFO - [2026-06-06T20:31:44.978+0000] {dag.py:4180} INFO - Setting next_dagrun for example_trigger_target_dag to None, run_after=None
[2026-06-06T20:31:45.015+0000] {processor.py:208} INFO - Processing /home/airflow/.local/lib/python3.12/site-packages/airflow/example_dags/example_trigger_target_dag.py took 0.135 seconds
[2026-06-06T20:32:25.828+0000] {processor.py:186} INFO - Started process (PID=2015) to work on /home/airflow/.local/lib/python3.12/site-packages/airflow/example_dags/example_trigger_target_dag.py
[2026-06-06T20:32:25.830+0000] {processor.py:914} INFO - Processing file /home/airflow/.local/lib/python3.12/site-packages/airflow/example_dags/example_trigger_target_dag.py for tasks to queue
[2026-06-06T20:32:25.834+0000] {logging_mixin.py:190} INFO - [2026-06-06T20:32:25.834+0000] {dagbag.py:588} INFO - Filling up the DagBag from /home/airflow/.local/lib/python3.12/site-packages/airflow/example_dags/example_trigger_target_dag.py
[2026-06-06T20:32:25.847+0000] {processor.py:925} INFO - DAG(s) 'example_trigger_target_dag' retrieved from /home/airflow/.local/lib/python3.12/site-packages/airflow/example_dags/example_trigger_target_dag.py
[2026-06-06T20:32:25.887+0000] {logging_mixin.py:190} INFO - [2026-06-06T20:32:25.887+0000] {dag.py:3239} INFO - Sync 1 DAGs
[2026-06-06T20:32:25.919+0000] {logging_mixin.py:190} INFO - [2026-06-06T20:32:25.919+0000] {dag.py:4180} INFO - Setting next_dagrun for example_trigger_target_dag to None, run_after=None
[2026-06-06T20:32:25.955+0000] {processor.py:208} INFO - Processing /home/airflow/.local/lib/python3.12/site-packages/airflow/example_dags/example_trigger_target_dag.py took 0.136 seconds
[2026-06-06T20:32:57.744+0000] {processor.py:186} INFO - Started process (PID=2078) to work on /home/airflow/.local/lib/python3.12/site-packages/airflow/example_dags/example_trigger_target_dag.py
[2026-06-06T20:32:57.746+0000] {processor.py:914} INFO - Processing file /home/airflow/.local/lib/python3.12/site-packages/airflow/example_dags/example_trigger_target_dag.py for tasks to queue
[2026-06-06T20:32:57.750+0000] {logging_mixin.py:190} INFO - [2026-06-06T20:32:57.750+0000] {dagbag.py:588} INFO - Filling up the DagBag from /home/airflow/.local/lib/python3.12/site-packages/airflow/example_dags/example_trigger_target_dag.py
[2026-06-06T20:32:57.762+0000] {processor.py:925} INFO - DAG(s) 'example_trigger_target_dag' retrieved from /home/airflow/.local/lib/python3.12/site-packages/airflow/example_dags/example_trigger_target_dag.py
[2026-06-06T20:32:57.800+0000] {logging_mixin.py:190} INFO - [2026-06-06T20:32:57.800+0000] {dag.py:3239} INFO - Sync 1 DAGs
[2026-06-06T20:32:57.820+0000] {logging_mixin.py:190} INFO - [2026-06-06T20:32:57.820+0000] {dag.py:4180} INFO - Setting next_dagrun for example_trigger_target_dag to None, run_after=None
[2026-06-06T20:32:57.852+0000] {processor.py:208} INFO - Processing /home/airflow/.local/lib/python3.12/site-packages/airflow/example_dags/example_trigger_target_dag.py took 0.117 seconds
[2026-06-06T20:33:35.102+0000] {processor.py:186} INFO - Started process (PID=2140) to work on /home/airflow/.local/lib/python3.12/site-packages/airflow/example_dags/example_trigger_target_dag.py
[2026-06-06T20:33:35.104+0000] {processor.py:914} INFO - Processing file /home/airflow/.local/lib/python3.12/site-packages/airflow/example_dags/example_trigger_target_dag.py for tasks to queue
[2026-06-06T20:33:35.111+0000] {logging_mixin.py:190} INFO - [2026-06-06T20:33:35.110+0000] {dagbag.py:588} INFO - Filling up the DagBag from /home/airflow/.local/lib/python3.12/site-packages/airflow/example_dags/example_trigger_target_dag.py
[2026-06-06T20:33:35.129+0000] {processor.py:925} INFO - DAG(s) 'example_trigger_target_dag' retrieved from /home/airflow/.local/lib/python3.12/site-packages/airflow/example_dags/example_trigger_target_dag.py
[2026-06-06T20:33:35.181+0000] {logging_mixin.py:190} INFO - [2026-06-06T20:33:35.181+0000] {dag.py:3239} INFO - Sync 1 DAGs
[2026-06-06T20:33:35.221+0000] {logging_mixin.py:190} INFO - [2026-06-06T20:33:35.220+0000] {dag.py:4180} INFO - Setting next_dagrun for example_trigger_target_dag to None, run_after=None
[2026-06-06T20:33:35.262+0000] {processor.py:208} INFO - Processing /home/airflow/.local/lib/python3.12/site-packages/airflow/example_dags/example_trigger_target_dag.py took 0.174 seconds
[2026-06-06T20:34:10.905+0000] {processor.py:186} INFO - Started process (PID=2202) to work on /home/airflow/.local/lib/python3.12/site-packages/airflow/example_dags/example_trigger_target_dag.py
[2026-06-06T20:34:10.909+0000] {processor.py:914} INFO - Processing file /home/airflow/.local/lib/python3.12/site-packages/airflow/example_dags/example_trigger_target_dag.py for tasks to queue
[2026-06-06T20:34:10.915+0000] {logging_mixin.py:190} INFO - [2026-06-06T20:34:10.914+0000] {dagbag.py:588} INFO - Filling up the DagBag from /home/airflow/.local/lib/python3.12/site-packages/airflow/example_dags/example_trigger_target_dag.py
[2026-06-06T20:34:10.931+0000] {processor.py:925} INFO - DAG(s) 'example_trigger_target_dag' retrieved from /home/airflow/.local/lib/python3.12/site-packages/airflow/example_dags/example_trigger_target_dag.py
[2026-06-06T20:34:10.971+0000] {logging_mixin.py:190} INFO - [2026-06-06T20:34:10.971+0000] {dag.py:3239} INFO - Sync 1 DAGs
[2026-06-06T20:34:10.999+0000] {logging_mixin.py:190} INFO - [2026-06-06T20:34:10.998+0000] {dag.py:4180} INFO - Setting next_dagrun for example_trigger_target_dag to None, run_after=None
[2026-06-06T20:34:11.032+0000] {processor.py:208} INFO - Processing /home/airflow/.local/lib/python3.12/site-packages/airflow/example_dags/example_trigger_target_dag.py took 0.142 seconds
[2026-06-06T20:34:50.358+0000] {processor.py:186} INFO - Started process (PID=2263) to work on /home/airflow/.local/lib/python3.12/site-packages/airflow/example_dags/example_trigger_target_dag.py
[2026-06-06T20:34:50.360+0000] {processor.py:914} INFO - Processing file /home/airflow/.local/lib/python3.12/site-packages/airflow/example_dags/example_trigger_target_dag.py for tasks to queue
[2026-06-06T20:34:50.365+0000] {logging_mixin.py:190} INFO - [2026-06-06T20:34:50.365+0000] {dagbag.py:588} INFO - Filling up the DagBag from /home/airflow/.local/lib/python3.12/site-packages/airflow/example_dags/example_trigger_target_dag.py
[2026-06-06T20:34:50.378+0000] {processor.py:925} INFO - DAG(s) 'example_trigger_target_dag' retrieved from /home/airflow/.local/lib/python3.12/site-packages/airflow/example_dags/example_trigger_target_dag.py
[2026-06-06T20:34:50.421+0000] {logging_mixin.py:190} INFO - [2026-06-06T20:34:50.421+0000] {dag.py:3239} INFO - Sync 1 DAGs
[2026-06-06T20:34:50.450+0000] {logging_mixin.py:190} INFO - [2026-06-06T20:34:50.450+0000] {dag.py:4180} INFO - Setting next_dagrun for example_trigger_target_dag to None, run_after=None
[2026-06-06T20:34:50.483+0000] {processor.py:208} INFO - Processing /home/airflow/.local/lib/python3.12/site-packages/airflow/example_dags/example_trigger_target_dag.py took 0.134 seconds
[2026-06-06T20:35:32.263+0000] {processor.py:186} INFO - Started process (PID=2329) to work on /home/airflow/.local/lib/python3.12/site-packages/airflow/example_dags/example_trigger_target_dag.py
[2026-06-06T20:35:32.265+0000] {processor.py:914} INFO - Processing file /home/airflow/.local/lib/python3.12/site-packages/airflow/example_dags/example_trigger_target_dag.py for tasks to queue
[2026-06-06T20:35:32.272+0000] {logging_mixin.py:190} INFO - [2026-06-06T20:35:32.272+0000] {dagbag.py:588} INFO - Filling up the DagBag from /home/airflow/.local/lib/python3.12/site-packages/airflow/example_dags/example_trigger_target_dag.py
[2026-06-06T20:35:32.292+0000] {processor.py:925} INFO - DAG(s) 'example_trigger_target_dag' retrieved from /home/airflow/.local/lib/python3.12/site-packages/airflow/example_dags/example_trigger_target_dag.py
[2026-06-06T20:35:32.358+0000] {logging_mixin.py:190} INFO - [2026-06-06T20:35:32.357+0000] {dag.py:3239} INFO - Sync 1 DAGs
[2026-06-06T20:35:32.386+0000] {logging_mixin.py:190} INFO - [2026-06-06T20:35:32.385+0000] {dag.py:4180} INFO - Setting next_dagrun for example_trigger_target_dag to None, run_after=None
[2026-06-06T20:35:32.423+0000] {processor.py:208} INFO - Processing /home/airflow/.local/lib/python3.12/site-packages/airflow/example_dags/example_trigger_target_dag.py took 0.173 seconds
[2026-06-06T20:36:14.888+0000] {processor.py:186} INFO - Started process (PID=2391) to work on /home/airflow/.local/lib/python3.12/site-packages/airflow/example_dags/example_trigger_target_dag.py
[2026-06-06T20:36:14.890+0000] {processor.py:914} INFO - Processing file /home/airflow/.local/lib/python3.12/site-packages/airflow/example_dags/example_trigger_target_dag.py for tasks to queue
[2026-06-06T20:36:14.897+0000] {logging_mixin.py:190} INFO - [2026-06-06T20:36:14.897+0000] {dagbag.py:588} INFO - Filling up the DagBag from /home/airflow/.local/lib/python3.12/site-packages/airflow/example_dags/example_trigger_target_dag.py
[2026-06-06T20:36:14.911+0000] {processor.py:925} INFO - DAG(s) 'example_trigger_target_dag' retrieved from /home/airflow/.local/lib/python3.12/site-packages/airflow/example_dags/example_trigger_target_dag.py
[2026-06-06T20:36:14.965+0000] {logging_mixin.py:190} INFO - [2026-06-06T20:36:14.964+0000] {dag.py:3239} INFO - Sync 1 DAGs
[2026-06-06T20:36:15.003+0000] {logging_mixin.py:190} INFO - [2026-06-06T20:36:15.002+0000] {dag.py:4180} INFO - Setting next_dagrun for example_trigger_target_dag to None, run_after=None
[2026-06-06T20:36:15.042+0000] {processor.py:208} INFO - Processing /home/airflow/.local/lib/python3.12/site-packages/airflow/example_dags/example_trigger_target_dag.py took 0.166 seconds
[2026-06-06T20:36:56.111+0000] {processor.py:186} INFO - Started process (PID=2466) to work on /home/airflow/.local/lib/python3.12/site-packages/airflow/example_dags/example_trigger_target_dag.py
[2026-06-06T20:36:56.113+0000] {processor.py:914} INFO - Processing file /home/airflow/.local/lib/python3.12/site-packages/airflow/example_dags/example_trigger_target_dag.py for tasks to queue
[2026-06-06T20:36:56.125+0000] {logging_mixin.py:190} INFO - [2026-06-06T20:36:56.124+0000] {dagbag.py:588} INFO - Filling up the DagBag from /home/airflow/.local/lib/python3.12/site-packages/airflow/example_dags/example_trigger_target_dag.py
[2026-06-06T20:36:56.150+0000] {processor.py:925} INFO - DAG(s) 'example_trigger_target_dag' retrieved from /home/airflow/.local/lib/python3.12/site-packages/airflow/example_dags/example_trigger_target_dag.py
[2026-06-06T20:36:56.212+0000] {logging_mixin.py:190} INFO - [2026-06-06T20:36:56.211+0000] {dag.py:3239} INFO - Sync 1 DAGs
[2026-06-06T20:36:56.245+0000] {logging_mixin.py:190} INFO - [2026-06-06T20:36:56.245+0000] {dag.py:4180} INFO - Setting next_dagrun for example_trigger_target_dag to None, run_after=None
[2026-06-06T20:36:56.293+0000] {processor.py:208} INFO - Processing /home/airflow/.local/lib/python3.12/site-packages/airflow/example_dags/example_trigger_target_dag.py took 0.207 seconds
[2026-06-06T20:37:42.239+0000] {processor.py:186} INFO - Started process (PID=2533) to work on /home/airflow/.local/lib/python3.12/site-packages/airflow/example_dags/example_trigger_target_dag.py
[2026-06-06T20:37:42.249+0000] {processor.py:914} INFO - Processing file /home/airflow/.local/lib/python3.12/site-packages/airflow/example_dags/example_trigger_target_dag.py for tasks to queue
[2026-06-06T20:37:42.266+0000] {logging_mixin.py:190} INFO - [2026-06-06T20:37:42.265+0000] {dagbag.py:588} INFO - Filling up the DagBag from /home/airflow/.local/lib/python3.12/site-packages/airflow/example_dags/example_trigger_target_dag.py
[2026-06-06T20:37:42.301+0000] {processor.py:925} INFO - DAG(s) 'example_trigger_target_dag' retrieved from /home/airflow/.local/lib/python3.12/site-packages/airflow/example_dags/example_trigger_target_dag.py
[2026-06-06T20:37:42.426+0000] {logging_mixin.py:190} INFO - [2026-06-06T20:37:42.425+0000] {dag.py:3239} INFO - Sync 1 DAGs
[2026-06-06T20:37:42.591+0000] {logging_mixin.py:190} INFO - [2026-06-06T20:37:42.591+0000] {dag.py:4180} INFO - Setting next_dagrun for example_trigger_target_dag to None, run_after=None
[2026-06-06T20:40:11.641+0000] {processor.py:186} INFO - Started process (PID=116) to work on /home/airflow/.local/lib/python3.12/site-packages/airflow/example_dags/example_trigger_target_dag.py
[2026-06-06T20:40:11.645+0000] {processor.py:914} INFO - Processing file /home/airflow/.local/lib/python3.12/site-packages/airflow/example_dags/example_trigger_target_dag.py for tasks to queue
[2026-06-06T20:40:11.666+0000] {logging_mixin.py:190} INFO - [2026-06-06T20:40:11.662+0000] {dagbag.py:588} INFO - Filling up the DagBag from /home/airflow/.local/lib/python3.12/site-packages/airflow/example_dags/example_trigger_target_dag.py
[2026-06-06T20:40:11.730+0000] {processor.py:925} INFO - DAG(s) 'example_trigger_target_dag' retrieved from /home/airflow/.local/lib/python3.12/site-packages/airflow/example_dags/example_trigger_target_dag.py
[2026-06-06T20:40:11.871+0000] {logging_mixin.py:190} INFO - [2026-06-06T20:40:11.871+0000] {dag.py:3239} INFO - Sync 1 DAGs
[2026-06-06T20:40:11.938+0000] {logging_mixin.py:190} INFO - [2026-06-06T20:40:11.938+0000] {dag.py:4180} INFO - Setting next_dagrun for example_trigger_target_dag to None, run_after=None
[2026-06-06T20:40:12.004+0000] {processor.py:208} INFO - Processing /home/airflow/.local/lib/python3.12/site-packages/airflow/example_dags/example_trigger_target_dag.py took 0.404 seconds
[2026-06-06T20:40:53.297+0000] {processor.py:186} INFO - Started process (PID=179) to work on /home/airflow/.local/lib/python3.12/site-packages/airflow/example_dags/example_trigger_target_dag.py
[2026-06-06T20:40:53.299+0000] {processor.py:914} INFO - Processing file /home/airflow/.local/lib/python3.12/site-packages/airflow/example_dags/example_trigger_target_dag.py for tasks to queue
[2026-06-06T20:40:53.305+0000] {logging_mixin.py:190} INFO - [2026-06-06T20:40:53.304+0000] {dagbag.py:588} INFO - Filling up the DagBag from /home/airflow/.local/lib/python3.12/site-packages/airflow/example_dags/example_trigger_target_dag.py
[2026-06-06T20:40:53.325+0000] {processor.py:925} INFO - DAG(s) 'example_trigger_target_dag' retrieved from /home/airflow/.local/lib/python3.12/site-packages/airflow/example_dags/example_trigger_target_dag.py
[2026-06-06T20:40:53.377+0000] {logging_mixin.py:190} INFO - [2026-06-06T20:40:53.377+0000] {dag.py:3239} INFO - Sync 1 DAGs
[2026-06-06T20:40:53.427+0000] {logging_mixin.py:190} INFO - [2026-06-06T20:40:53.427+0000] {dag.py:4180} INFO - Setting next_dagrun for example_trigger_target_dag to None, run_after=None
[2026-06-06T20:40:53.511+0000] {processor.py:208} INFO - Processing /home/airflow/.local/lib/python3.12/site-packages/airflow/example_dags/example_trigger_target_dag.py took 0.226 seconds
[2026-06-06T20:41:43.385+0000] {processor.py:186} INFO - Started process (PID=247) to work on /home/airflow/.local/lib/python3.12/site-packages/airflow/example_dags/example_trigger_target_dag.py
[2026-06-06T20:41:43.388+0000] {processor.py:914} INFO - Processing file /home/airflow/.local/lib/python3.12/site-packages/airflow/example_dags/example_trigger_target_dag.py for tasks to queue
[2026-06-06T20:41:43.395+0000] {logging_mixin.py:190} INFO - [2026-06-06T20:41:43.395+0000] {dagbag.py:588} INFO - Filling up the DagBag from /home/airflow/.local/lib/python3.12/site-packages/airflow/example_dags/example_trigger_target_dag.py
[2026-06-06T20:41:43.413+0000] {processor.py:925} INFO - DAG(s) 'example_trigger_target_dag' retrieved from /home/airflow/.local/lib/python3.12/site-packages/airflow/example_dags/example_trigger_target_dag.py
[2026-06-06T20:41:43.467+0000] {logging_mixin.py:190} INFO - [2026-06-06T20:41:43.467+0000] {dag.py:3239} INFO - Sync 1 DAGs
[2026-06-06T20:41:43.508+0000] {logging_mixin.py:190} INFO - [2026-06-06T20:41:43.508+0000] {dag.py:4180} INFO - Setting next_dagrun for example_trigger_target_dag to None, run_after=None
[2026-06-06T20:41:43.571+0000] {processor.py:208} INFO - Processing /home/airflow/.local/lib/python3.12/site-packages/airflow/example_dags/example_trigger_target_dag.py took 0.198 seconds
[2026-06-06T20:42:23.685+0000] {processor.py:186} INFO - Started process (PID=310) to work on /home/airflow/.local/lib/python3.12/site-packages/airflow/example_dags/example_trigger_target_dag.py
[2026-06-06T20:42:23.689+0000] {processor.py:914} INFO - Processing file /home/airflow/.local/lib/python3.12/site-packages/airflow/example_dags/example_trigger_target_dag.py for tasks to queue
[2026-06-06T20:42:23.711+0000] {logging_mixin.py:190} INFO - [2026-06-06T20:42:23.706+0000] {dagbag.py:588} INFO - Filling up the DagBag from /home/airflow/.local/lib/python3.12/site-packages/airflow/example_dags/example_trigger_target_dag.py
[2026-06-06T20:42:23.732+0000] {processor.py:925} INFO - DAG(s) 'example_trigger_target_dag' retrieved from /home/airflow/.local/lib/python3.12/site-packages/airflow/example_dags/example_trigger_target_dag.py
[2026-06-06T20:42:23.796+0000] {logging_mixin.py:190} INFO - [2026-06-06T20:42:23.795+0000] {dag.py:3239} INFO - Sync 1 DAGs
[2026-06-06T20:42:23.838+0000] {logging_mixin.py:190} INFO - [2026-06-06T20:42:23.837+0000] {dag.py:4180} INFO - Setting next_dagrun for example_trigger_target_dag to None, run_after=None
[2026-06-06T20:42:23.881+0000] {processor.py:208} INFO - Processing /home/airflow/.local/lib/python3.12/site-packages/airflow/example_dags/example_trigger_target_dag.py took 0.228 seconds
[2026-06-06T20:43:16.537+0000] {processor.py:186} INFO - Started process (PID=380) to work on /home/airflow/.local/lib/python3.12/site-packages/airflow/example_dags/example_trigger_target_dag.py
[2026-06-06T20:43:16.539+0000] {processor.py:914} INFO - Processing file /home/airflow/.local/lib/python3.12/site-packages/airflow/example_dags/example_trigger_target_dag.py for tasks to queue
[2026-06-06T20:43:16.545+0000] {logging_mixin.py:190} INFO - [2026-06-06T20:43:16.544+0000] {dagbag.py:588} INFO - Filling up the DagBag from /home/airflow/.local/lib/python3.12/site-packages/airflow/example_dags/example_trigger_target_dag.py
[2026-06-06T20:43:16.557+0000] {processor.py:925} INFO - DAG(s) 'example_trigger_target_dag' retrieved from /home/airflow/.local/lib/python3.12/site-packages/airflow/example_dags/example_trigger_target_dag.py
[2026-06-06T20:43:16.593+0000] {logging_mixin.py:190} INFO - [2026-06-06T20:43:16.593+0000] {dag.py:3239} INFO - Sync 1 DAGs
[2026-06-06T20:43:16.614+0000] {logging_mixin.py:190} INFO - [2026-06-06T20:43:16.614+0000] {dag.py:4180} INFO - Setting next_dagrun for example_trigger_target_dag to None, run_after=None
[2026-06-06T20:43:16.644+0000] {processor.py:208} INFO - Processing /home/airflow/.local/lib/python3.12/site-packages/airflow/example_dags/example_trigger_target_dag.py took 0.116 seconds
[2026-06-06T20:44:12.208+0000] {processor.py:186} INFO - Started process (PID=475) to work on /home/airflow/.local/lib/python3.12/site-packages/airflow/example_dags/example_trigger_target_dag.py
[2026-06-06T20:44:12.210+0000] {processor.py:914} INFO - Processing file /home/airflow/.local/lib/python3.12/site-packages/airflow/example_dags/example_trigger_target_dag.py for tasks to queue
[2026-06-06T20:44:12.215+0000] {logging_mixin.py:190} INFO - [2026-06-06T20:44:12.214+0000] {dagbag.py:588} INFO - Filling up the DagBag from /home/airflow/.local/lib/python3.12/site-packages/airflow/example_dags/example_trigger_target_dag.py
[2026-06-06T20:44:12.227+0000] {processor.py:925} INFO - DAG(s) 'example_trigger_target_dag' retrieved from /home/airflow/.local/lib/python3.12/site-packages/airflow/example_dags/example_trigger_target_dag.py
[2026-06-06T20:44:12.266+0000] {logging_mixin.py:190} INFO - [2026-06-06T20:44:12.266+0000] {dag.py:3239} INFO - Sync 1 DAGs
[2026-06-06T20:44:12.289+0000] {logging_mixin.py:190} INFO - [2026-06-06T20:44:12.288+0000] {dag.py:4180} INFO - Setting next_dagrun for example_trigger_target_dag to None, run_after=None
[2026-06-06T20:44:12.321+0000] {processor.py:208} INFO - Processing /home/airflow/.local/lib/python3.12/site-packages/airflow/example_dags/example_trigger_target_dag.py took 0.122 seconds
[2026-06-06T20:44:53.369+0000] {processor.py:186} INFO - Started process (PID=537) to work on /home/airflow/.local/lib/python3.12/site-packages/airflow/example_dags/example_trigger_target_dag.py
[2026-06-06T20:44:53.371+0000] {processor.py:914} INFO - Processing file /home/airflow/.local/lib/python3.12/site-packages/airflow/example_dags/example_trigger_target_dag.py for tasks to queue
[2026-06-06T20:44:53.377+0000] {logging_mixin.py:190} INFO - [2026-06-06T20:44:53.376+0000] {dagbag.py:588} INFO - Filling up the DagBag from /home/airflow/.local/lib/python3.12/site-packages/airflow/example_dags/example_trigger_target_dag.py
[2026-06-06T20:44:53.393+0000] {processor.py:925} INFO - DAG(s) 'example_trigger_target_dag' retrieved from /home/airflow/.local/lib/python3.12/site-packages/airflow/example_dags/example_trigger_target_dag.py
[2026-06-06T20:44:53.443+0000] {logging_mixin.py:190} INFO - [2026-06-06T20:44:53.443+0000] {dag.py:3239} INFO - Sync 1 DAGs
[2026-06-06T20:44:53.471+0000] {logging_mixin.py:190} INFO - [2026-06-06T20:44:53.470+0000] {dag.py:4180} INFO - Setting next_dagrun for example_trigger_target_dag to None, run_after=None
[2026-06-06T20:44:53.507+0000] {processor.py:208} INFO - Processing /home/airflow/.local/lib/python3.12/site-packages/airflow/example_dags/example_trigger_target_dag.py took 0.149 seconds
[2026-06-06T20:45:54.344+0000] {processor.py:186} INFO - Started process (PID=604) to work on /home/airflow/.local/lib/python3.12/site-packages/airflow/example_dags/example_trigger_target_dag.py
[2026-06-06T20:45:54.346+0000] {processor.py:914} INFO - Processing file /home/airflow/.local/lib/python3.12/site-packages/airflow/example_dags/example_trigger_target_dag.py for tasks to queue
[2026-06-06T20:45:54.353+0000] {logging_mixin.py:190} INFO - [2026-06-06T20:45:54.352+0000] {dagbag.py:588} INFO - Filling up the DagBag from /home/airflow/.local/lib/python3.12/site-packages/airflow/example_dags/example_trigger_target_dag.py
[2026-06-06T20:45:54.383+0000] {processor.py:925} INFO - DAG(s) 'example_trigger_target_dag' retrieved from /home/airflow/.local/lib/python3.12/site-packages/airflow/example_dags/example_trigger_target_dag.py
[2026-06-06T20:45:54.462+0000] {logging_mixin.py:190} INFO - [2026-06-06T20:45:54.460+0000] {dag.py:3239} INFO - Sync 1 DAGs
[2026-06-06T20:45:54.517+0000] {logging_mixin.py:190} INFO - [2026-06-06T20:45:54.516+0000] {dag.py:4180} INFO - Setting next_dagrun for example_trigger_target_dag to None, run_after=None
[2026-06-06T20:45:54.564+0000] {processor.py:208} INFO - Processing /home/airflow/.local/lib/python3.12/site-packages/airflow/example_dags/example_trigger_target_dag.py took 0.235 seconds
[2026-06-06T20:46:44.119+0000] {processor.py:186} INFO - Started process (PID=683) to work on /home/airflow/.local/lib/python3.12/site-packages/airflow/example_dags/example_trigger_target_dag.py
[2026-06-06T20:46:44.123+0000] {processor.py:914} INFO - Processing file /home/airflow/.local/lib/python3.12/site-packages/airflow/example_dags/example_trigger_target_dag.py for tasks to queue
[2026-06-06T20:46:44.135+0000] {logging_mixin.py:190} INFO - [2026-06-06T20:46:44.133+0000] {dagbag.py:588} INFO - Filling up the DagBag from /home/airflow/.local/lib/python3.12/site-packages/airflow/example_dags/example_trigger_target_dag.py
[2026-06-06T20:46:44.173+0000] {processor.py:925} INFO - DAG(s) 'example_trigger_target_dag' retrieved from /home/airflow/.local/lib/python3.12/site-packages/airflow/example_dags/example_trigger_target_dag.py
[2026-06-06T20:46:44.284+0000] {logging_mixin.py:190} INFO - [2026-06-06T20:46:44.282+0000] {dag.py:3239} INFO - Sync 1 DAGs
[2026-06-06T20:46:44.330+0000] {logging_mixin.py:190} INFO - [2026-06-06T20:46:44.329+0000] {dag.py:4180} INFO - Setting next_dagrun for example_trigger_target_dag to None, run_after=None
[2026-06-06T20:46:44.373+0000] {processor.py:208} INFO - Processing /home/airflow/.local/lib/python3.12/site-packages/airflow/example_dags/example_trigger_target_dag.py took 0.272 seconds
