[2026-06-06T20:13:59.349+0000] {processor.py:186} INFO - Started process (PID=103) to work on /home/airflow/.local/lib/python3.12/site-packages/airflow/example_dags/example_kubernetes_executor.py
[2026-06-06T20:13:59.351+0000] {processor.py:914} INFO - Processing file /home/airflow/.local/lib/python3.12/site-packages/airflow/example_dags/example_kubernetes_executor.py for tasks to queue
[2026-06-06T20:13:59.356+0000] {logging_mixin.py:190} INFO - [2026-06-06T20:13:59.355+0000] {dagbag.py:588} INFO - Filling up the DagBag from /home/airflow/.local/lib/python3.12/site-packages/airflow/example_dags/example_kubernetes_executor.py
[2026-06-06T20:13:59.395+0000] {processor.py:925} INFO - DAG(s) 'example_kubernetes_executor' retrieved from /home/airflow/.local/lib/python3.12/site-packages/airflow/example_dags/example_kubernetes_executor.py
[2026-06-06T20:13:59.621+0000] {logging_mixin.py:190} INFO - [2026-06-06T20:13:59.619+0000] {override.py:1932} INFO - Created Permission View: can read on DAG:example_kubernetes_executor
[2026-06-06T20:13:59.640+0000] {logging_mixin.py:190} INFO - [2026-06-06T20:13:59.639+0000] {override.py:1932} INFO - Created Permission View: can edit on DAG:example_kubernetes_executor
[2026-06-06T20:13:59.654+0000] {logging_mixin.py:190} INFO - [2026-06-06T20:13:59.653+0000] {override.py:1932} INFO - Created Permission View: can delete on DAG:example_kubernetes_executor
[2026-06-06T20:13:59.672+0000] {logging_mixin.py:190} INFO - [2026-06-06T20:13:59.671+0000] {override.py:1932} INFO - Created Permission View: can read on DAG Run:example_kubernetes_executor
[2026-06-06T20:13:59.688+0000] {logging_mixin.py:190} INFO - [2026-06-06T20:13:59.687+0000] {override.py:1932} INFO - Created Permission View: menu access on DAG Run:example_kubernetes_executor
[2026-06-06T20:13:59.701+0000] {logging_mixin.py:190} INFO - [2026-06-06T20:13:59.700+0000] {override.py:1932} INFO - Created Permission View: can delete on DAG Run:example_kubernetes_executor
[2026-06-06T20:13:59.716+0000] {logging_mixin.py:190} INFO - [2026-06-06T20:13:59.715+0000] {override.py:1932} INFO - Created Permission View: can create on DAG Run:example_kubernetes_executor
[2026-06-06T20:13:59.717+0000] {logging_mixin.py:190} INFO - [2026-06-06T20:13:59.717+0000] {dag.py:3239} INFO - Sync 1 DAGs
[2026-06-06T20:13:59.743+0000] {logging_mixin.py:190} INFO - [2026-06-06T20:13:59.743+0000] {dag.py:3262} INFO - Creating ORM DAG for example_kubernetes_executor
[2026-06-06T20:13:59.745+0000] {logging_mixin.py:190} INFO - [2026-06-06T20:13:59.744+0000] {dag.py:4180} INFO - Setting next_dagrun for example_kubernetes_executor to None, run_after=None
[2026-06-06T20:13:59.773+0000] {processor.py:208} INFO - Processing /home/airflow/.local/lib/python3.12/site-packages/airflow/example_dags/example_kubernetes_executor.py took 0.437 seconds
[2026-06-06T20:14:34.202+0000] {processor.py:186} INFO - Started process (PID=164) to work on /home/airflow/.local/lib/python3.12/site-packages/airflow/example_dags/example_kubernetes_executor.py
[2026-06-06T20:14:34.204+0000] {processor.py:914} INFO - Processing file /home/airflow/.local/lib/python3.12/site-packages/airflow/example_dags/example_kubernetes_executor.py for tasks to queue
[2026-06-06T20:14:34.212+0000] {logging_mixin.py:190} INFO - [2026-06-06T20:14:34.211+0000] {dagbag.py:588} INFO - Filling up the DagBag from /home/airflow/.local/lib/python3.12/site-packages/airflow/example_dags/example_kubernetes_executor.py
[2026-06-06T20:14:34.249+0000] {processor.py:925} INFO - DAG(s) 'example_kubernetes_executor' retrieved from /home/airflow/.local/lib/python3.12/site-packages/airflow/example_dags/example_kubernetes_executor.py
[2026-06-06T20:14:34.311+0000] {logging_mixin.py:190} INFO - [2026-06-06T20:14:34.310+0000] {dag.py:3239} INFO - Sync 1 DAGs
[2026-06-06T20:14:34.343+0000] {logging_mixin.py:190} INFO - [2026-06-06T20:14:34.342+0000] {dag.py:4180} INFO - Setting next_dagrun for example_kubernetes_executor to None, run_after=None
[2026-06-06T20:14:34.390+0000] {processor.py:208} INFO - Processing /home/airflow/.local/lib/python3.12/site-packages/airflow/example_dags/example_kubernetes_executor.py took 0.198 seconds
[2026-06-06T20:15:07.583+0000] {processor.py:186} INFO - Started process (PID=225) to work on /home/airflow/.local/lib/python3.12/site-packages/airflow/example_dags/example_kubernetes_executor.py
[2026-06-06T20:15:07.585+0000] {processor.py:914} INFO - Processing file /home/airflow/.local/lib/python3.12/site-packages/airflow/example_dags/example_kubernetes_executor.py for tasks to queue
[2026-06-06T20:15:07.590+0000] {logging_mixin.py:190} INFO - [2026-06-06T20:15:07.589+0000] {dagbag.py:588} INFO - Filling up the DagBag from /home/airflow/.local/lib/python3.12/site-packages/airflow/example_dags/example_kubernetes_executor.py
[2026-06-06T20:15:07.626+0000] {processor.py:925} INFO - DAG(s) 'example_kubernetes_executor' retrieved from /home/airflow/.local/lib/python3.12/site-packages/airflow/example_dags/example_kubernetes_executor.py
[2026-06-06T20:15:07.776+0000] {logging_mixin.py:190} INFO - [2026-06-06T20:15:07.775+0000] {dag.py:3239} INFO - Sync 1 DAGs
[2026-06-06T20:15:07.831+0000] {logging_mixin.py:190} INFO - [2026-06-06T20:15:07.830+0000] {dag.py:4180} INFO - Setting next_dagrun for example_kubernetes_executor to None, run_after=None
[2026-06-06T20:15:07.896+0000] {processor.py:208} INFO - Processing /home/airflow/.local/lib/python3.12/site-packages/airflow/example_dags/example_kubernetes_executor.py took 0.324 seconds
[2026-06-06T20:15:45.648+0000] {processor.py:186} INFO - Started process (PID=279) to work on /home/airflow/.local/lib/python3.12/site-packages/airflow/example_dags/example_kubernetes_executor.py
[2026-06-06T20:15:45.659+0000] {processor.py:914} INFO - Processing file /home/airflow/.local/lib/python3.12/site-packages/airflow/example_dags/example_kubernetes_executor.py for tasks to queue
[2026-06-06T20:15:45.669+0000] {logging_mixin.py:190} INFO - [2026-06-06T20:15:45.668+0000] {dagbag.py:588} INFO - Filling up the DagBag from /home/airflow/.local/lib/python3.12/site-packages/airflow/example_dags/example_kubernetes_executor.py
[2026-06-06T20:15:45.712+0000] {processor.py:925} INFO - DAG(s) 'example_kubernetes_executor' retrieved from /home/airflow/.local/lib/python3.12/site-packages/airflow/example_dags/example_kubernetes_executor.py
[2026-06-06T20:15:45.809+0000] {logging_mixin.py:190} INFO - [2026-06-06T20:15:45.809+0000] {dag.py:3239} INFO - Sync 1 DAGs
[2026-06-06T20:15:45.857+0000] {logging_mixin.py:190} INFO - [2026-06-06T20:15:45.857+0000] {dag.py:4180} INFO - Setting next_dagrun for example_kubernetes_executor to None, run_after=None
[2026-06-06T20:15:45.912+0000] {processor.py:208} INFO - Processing /home/airflow/.local/lib/python3.12/site-packages/airflow/example_dags/example_kubernetes_executor.py took 0.282 seconds
[2026-06-06T20:16:18.422+0000] {processor.py:186} INFO - Started process (PID=346) to work on /home/airflow/.local/lib/python3.12/site-packages/airflow/example_dags/example_kubernetes_executor.py
[2026-06-06T20:16:18.424+0000] {processor.py:914} INFO - Processing file /home/airflow/.local/lib/python3.12/site-packages/airflow/example_dags/example_kubernetes_executor.py for tasks to queue
[2026-06-06T20:16:18.429+0000] {logging_mixin.py:190} INFO - [2026-06-06T20:16:18.428+0000] {dagbag.py:588} INFO - Filling up the DagBag from /home/airflow/.local/lib/python3.12/site-packages/airflow/example_dags/example_kubernetes_executor.py
[2026-06-06T20:16:18.456+0000] {processor.py:925} INFO - DAG(s) 'example_kubernetes_executor' retrieved from /home/airflow/.local/lib/python3.12/site-packages/airflow/example_dags/example_kubernetes_executor.py
[2026-06-06T20:16:18.513+0000] {logging_mixin.py:190} INFO - [2026-06-06T20:16:18.513+0000] {dag.py:3239} INFO - Sync 1 DAGs
[2026-06-06T20:16:18.542+0000] {logging_mixin.py:190} INFO - [2026-06-06T20:16:18.542+0000] {dag.py:4180} INFO - Setting next_dagrun for example_kubernetes_executor to None, run_after=None
[2026-06-06T20:16:18.579+0000] {processor.py:208} INFO - Processing /home/airflow/.local/lib/python3.12/site-packages/airflow/example_dags/example_kubernetes_executor.py took 0.168 seconds
[2026-06-06T20:16:53.673+0000] {processor.py:186} INFO - Started process (PID=408) to work on /home/airflow/.local/lib/python3.12/site-packages/airflow/example_dags/example_kubernetes_executor.py
[2026-06-06T20:16:53.676+0000] {processor.py:914} INFO - Processing file /home/airflow/.local/lib/python3.12/site-packages/airflow/example_dags/example_kubernetes_executor.py for tasks to queue
[2026-06-06T20:16:53.681+0000] {logging_mixin.py:190} INFO - [2026-06-06T20:16:53.680+0000] {dagbag.py:588} INFO - Filling up the DagBag from /home/airflow/.local/lib/python3.12/site-packages/airflow/example_dags/example_kubernetes_executor.py
[2026-06-06T20:16:53.708+0000] {processor.py:925} INFO - DAG(s) 'example_kubernetes_executor' retrieved from /home/airflow/.local/lib/python3.12/site-packages/airflow/example_dags/example_kubernetes_executor.py
[2026-06-06T20:16:53.771+0000] {logging_mixin.py:190} INFO - [2026-06-06T20:16:53.771+0000] {dag.py:3239} INFO - Sync 1 DAGs
[2026-06-06T20:16:53.797+0000] {logging_mixin.py:190} INFO - [2026-06-06T20:16:53.796+0000] {dag.py:4180} INFO - Setting next_dagrun for example_kubernetes_executor to None, run_after=None
[2026-06-06T20:16:53.834+0000] {processor.py:208} INFO - Processing /home/airflow/.local/lib/python3.12/site-packages/airflow/example_dags/example_kubernetes_executor.py took 0.174 seconds
[2026-06-06T20:17:25.371+0000] {processor.py:186} INFO - Started process (PID=470) to work on /home/airflow/.local/lib/python3.12/site-packages/airflow/example_dags/example_kubernetes_executor.py
[2026-06-06T20:17:25.374+0000] {processor.py:914} INFO - Processing file /home/airflow/.local/lib/python3.12/site-packages/airflow/example_dags/example_kubernetes_executor.py for tasks to queue
[2026-06-06T20:17:25.385+0000] {logging_mixin.py:190} INFO - [2026-06-06T20:17:25.385+0000] {dagbag.py:588} INFO - Filling up the DagBag from /home/airflow/.local/lib/python3.12/site-packages/airflow/example_dags/example_kubernetes_executor.py
[2026-06-06T20:17:25.427+0000] {processor.py:925} INFO - DAG(s) 'example_kubernetes_executor' retrieved from /home/airflow/.local/lib/python3.12/site-packages/airflow/example_dags/example_kubernetes_executor.py
[2026-06-06T20:17:25.498+0000] {logging_mixin.py:190} INFO - [2026-06-06T20:17:25.498+0000] {dag.py:3239} INFO - Sync 1 DAGs
[2026-06-06T20:17:25.530+0000] {logging_mixin.py:190} INFO - [2026-06-06T20:17:25.530+0000] {dag.py:4180} INFO - Setting next_dagrun for example_kubernetes_executor to None, run_after=None
[2026-06-06T20:17:25.565+0000] {processor.py:208} INFO - Processing /home/airflow/.local/lib/python3.12/site-packages/airflow/example_dags/example_kubernetes_executor.py took 0.207 seconds
[2026-06-06T20:18:03.573+0000] {processor.py:186} INFO - Started process (PID=533) to work on /home/airflow/.local/lib/python3.12/site-packages/airflow/example_dags/example_kubernetes_executor.py
[2026-06-06T20:18:03.576+0000] {processor.py:914} INFO - Processing file /home/airflow/.local/lib/python3.12/site-packages/airflow/example_dags/example_kubernetes_executor.py for tasks to queue
[2026-06-06T20:18:03.580+0000] {logging_mixin.py:190} INFO - [2026-06-06T20:18:03.580+0000] {dagbag.py:588} INFO - Filling up the DagBag from /home/airflow/.local/lib/python3.12/site-packages/airflow/example_dags/example_kubernetes_executor.py
[2026-06-06T20:18:03.607+0000] {processor.py:925} INFO - DAG(s) 'example_kubernetes_executor' retrieved from /home/airflow/.local/lib/python3.12/site-packages/airflow/example_dags/example_kubernetes_executor.py
[2026-06-06T20:18:03.669+0000] {logging_mixin.py:190} INFO - [2026-06-06T20:18:03.668+0000] {dag.py:3239} INFO - Sync 1 DAGs
[2026-06-06T20:18:03.702+0000] {logging_mixin.py:190} INFO - [2026-06-06T20:18:03.702+0000] {dag.py:4180} INFO - Setting next_dagrun for example_kubernetes_executor to None, run_after=None
[2026-06-06T20:18:03.743+0000] {processor.py:208} INFO - Processing /home/airflow/.local/lib/python3.12/site-packages/airflow/example_dags/example_kubernetes_executor.py took 0.181 seconds
[2026-06-06T20:18:35.394+0000] {processor.py:186} INFO - Started process (PID=595) to work on /home/airflow/.local/lib/python3.12/site-packages/airflow/example_dags/example_kubernetes_executor.py
[2026-06-06T20:18:35.397+0000] {processor.py:914} INFO - Processing file /home/airflow/.local/lib/python3.12/site-packages/airflow/example_dags/example_kubernetes_executor.py for tasks to queue
[2026-06-06T20:18:35.408+0000] {logging_mixin.py:190} INFO - [2026-06-06T20:18:35.408+0000] {dagbag.py:588} INFO - Filling up the DagBag from /home/airflow/.local/lib/python3.12/site-packages/airflow/example_dags/example_kubernetes_executor.py
[2026-06-06T20:18:35.448+0000] {processor.py:925} INFO - DAG(s) 'example_kubernetes_executor' retrieved from /home/airflow/.local/lib/python3.12/site-packages/airflow/example_dags/example_kubernetes_executor.py
[2026-06-06T20:18:35.517+0000] {logging_mixin.py:190} INFO - [2026-06-06T20:18:35.516+0000] {dag.py:3239} INFO - Sync 1 DAGs
[2026-06-06T20:18:35.566+0000] {logging_mixin.py:190} INFO - [2026-06-06T20:18:35.566+0000] {dag.py:4180} INFO - Setting next_dagrun for example_kubernetes_executor to None, run_after=None
[2026-06-06T20:18:35.613+0000] {processor.py:208} INFO - Processing /home/airflow/.local/lib/python3.12/site-packages/airflow/example_dags/example_kubernetes_executor.py took 0.235 seconds
[2026-06-06T20:19:07.220+0000] {processor.py:186} INFO - Started process (PID=655) to work on /home/airflow/.local/lib/python3.12/site-packages/airflow/example_dags/example_kubernetes_executor.py
[2026-06-06T20:19:07.223+0000] {processor.py:914} INFO - Processing file /home/airflow/.local/lib/python3.12/site-packages/airflow/example_dags/example_kubernetes_executor.py for tasks to queue
[2026-06-06T20:19:07.232+0000] {logging_mixin.py:190} INFO - [2026-06-06T20:19:07.232+0000] {dagbag.py:588} INFO - Filling up the DagBag from /home/airflow/.local/lib/python3.12/site-packages/airflow/example_dags/example_kubernetes_executor.py
[2026-06-06T20:19:07.258+0000] {processor.py:925} INFO - DAG(s) 'example_kubernetes_executor' retrieved from /home/airflow/.local/lib/python3.12/site-packages/airflow/example_dags/example_kubernetes_executor.py
[2026-06-06T20:19:07.306+0000] {logging_mixin.py:190} INFO - [2026-06-06T20:19:07.306+0000] {dag.py:3239} INFO - Sync 1 DAGs
[2026-06-06T20:19:07.330+0000] {logging_mixin.py:190} INFO - [2026-06-06T20:19:07.330+0000] {dag.py:4180} INFO - Setting next_dagrun for example_kubernetes_executor to None, run_after=None
[2026-06-06T20:19:07.361+0000] {processor.py:208} INFO - Processing /home/airflow/.local/lib/python3.12/site-packages/airflow/example_dags/example_kubernetes_executor.py took 0.153 seconds
[2026-06-06T20:19:38.764+0000] {processor.py:186} INFO - Started process (PID=717) to work on /home/airflow/.local/lib/python3.12/site-packages/airflow/example_dags/example_kubernetes_executor.py
[2026-06-06T20:19:38.766+0000] {processor.py:914} INFO - Processing file /home/airflow/.local/lib/python3.12/site-packages/airflow/example_dags/example_kubernetes_executor.py for tasks to queue
[2026-06-06T20:19:38.773+0000] {logging_mixin.py:190} INFO - [2026-06-06T20:19:38.772+0000] {dagbag.py:588} INFO - Filling up the DagBag from /home/airflow/.local/lib/python3.12/site-packages/airflow/example_dags/example_kubernetes_executor.py
[2026-06-06T20:19:38.808+0000] {processor.py:925} INFO - DAG(s) 'example_kubernetes_executor' retrieved from /home/airflow/.local/lib/python3.12/site-packages/airflow/example_dags/example_kubernetes_executor.py
[2026-06-06T20:19:38.872+0000] {logging_mixin.py:190} INFO - [2026-06-06T20:19:38.872+0000] {dag.py:3239} INFO - Sync 1 DAGs
[2026-06-06T20:19:38.905+0000] {logging_mixin.py:190} INFO - [2026-06-06T20:19:38.905+0000] {dag.py:4180} INFO - Setting next_dagrun for example_kubernetes_executor to None, run_after=None
[2026-06-06T20:19:38.942+0000] {processor.py:208} INFO - Processing /home/airflow/.local/lib/python3.12/site-packages/airflow/example_dags/example_kubernetes_executor.py took 0.190 seconds
[2026-06-06T20:20:22.852+0000] {processor.py:186} INFO - Started process (PID=786) to work on /home/airflow/.local/lib/python3.12/site-packages/airflow/example_dags/example_kubernetes_executor.py
[2026-06-06T20:20:22.855+0000] {processor.py:914} INFO - Processing file /home/airflow/.local/lib/python3.12/site-packages/airflow/example_dags/example_kubernetes_executor.py for tasks to queue
[2026-06-06T20:20:22.860+0000] {logging_mixin.py:190} INFO - [2026-06-06T20:20:22.859+0000] {dagbag.py:588} INFO - Filling up the DagBag from /home/airflow/.local/lib/python3.12/site-packages/airflow/example_dags/example_kubernetes_executor.py
[2026-06-06T20:20:22.885+0000] {processor.py:925} INFO - DAG(s) 'example_kubernetes_executor' retrieved from /home/airflow/.local/lib/python3.12/site-packages/airflow/example_dags/example_kubernetes_executor.py
[2026-06-06T20:20:22.937+0000] {logging_mixin.py:190} INFO - [2026-06-06T20:20:22.936+0000] {dag.py:3239} INFO - Sync 1 DAGs
[2026-06-06T20:20:22.964+0000] {logging_mixin.py:190} INFO - [2026-06-06T20:20:22.963+0000] {dag.py:4180} INFO - Setting next_dagrun for example_kubernetes_executor to None, run_after=None
[2026-06-06T20:20:22.997+0000] {processor.py:208} INFO - Processing /home/airflow/.local/lib/python3.12/site-packages/airflow/example_dags/example_kubernetes_executor.py took 0.154 seconds
[2026-06-06T20:21:06.151+0000] {processor.py:186} INFO - Started process (PID=851) to work on /home/airflow/.local/lib/python3.12/site-packages/airflow/example_dags/example_kubernetes_executor.py
[2026-06-06T20:21:06.153+0000] {processor.py:914} INFO - Processing file /home/airflow/.local/lib/python3.12/site-packages/airflow/example_dags/example_kubernetes_executor.py for tasks to queue
[2026-06-06T20:21:06.158+0000] {logging_mixin.py:190} INFO - [2026-06-06T20:21:06.158+0000] {dagbag.py:588} INFO - Filling up the DagBag from /home/airflow/.local/lib/python3.12/site-packages/airflow/example_dags/example_kubernetes_executor.py
[2026-06-06T20:21:06.189+0000] {processor.py:925} INFO - DAG(s) 'example_kubernetes_executor' retrieved from /home/airflow/.local/lib/python3.12/site-packages/airflow/example_dags/example_kubernetes_executor.py
[2026-06-06T20:21:06.247+0000] {logging_mixin.py:190} INFO - [2026-06-06T20:21:06.247+0000] {dag.py:3239} INFO - Sync 1 DAGs
[2026-06-06T20:21:06.273+0000] {logging_mixin.py:190} INFO - [2026-06-06T20:21:06.272+0000] {dag.py:4180} INFO - Setting next_dagrun for example_kubernetes_executor to None, run_after=None
[2026-06-06T20:21:06.307+0000] {processor.py:208} INFO - Processing /home/airflow/.local/lib/python3.12/site-packages/airflow/example_dags/example_kubernetes_executor.py took 0.165 seconds
[2026-06-06T20:21:43.755+0000] {processor.py:186} INFO - Started process (PID=912) to work on /home/airflow/.local/lib/python3.12/site-packages/airflow/example_dags/example_kubernetes_executor.py
[2026-06-06T20:21:43.758+0000] {processor.py:914} INFO - Processing file /home/airflow/.local/lib/python3.12/site-packages/airflow/example_dags/example_kubernetes_executor.py for tasks to queue
[2026-06-06T20:21:43.763+0000] {logging_mixin.py:190} INFO - [2026-06-06T20:21:43.762+0000] {dagbag.py:588} INFO - Filling up the DagBag from /home/airflow/.local/lib/python3.12/site-packages/airflow/example_dags/example_kubernetes_executor.py
[2026-06-06T20:21:43.793+0000] {processor.py:925} INFO - DAG(s) 'example_kubernetes_executor' retrieved from /home/airflow/.local/lib/python3.12/site-packages/airflow/example_dags/example_kubernetes_executor.py
[2026-06-06T20:21:43.849+0000] {logging_mixin.py:190} INFO - [2026-06-06T20:21:43.849+0000] {dag.py:3239} INFO - Sync 1 DAGs
[2026-06-06T20:21:43.881+0000] {logging_mixin.py:190} INFO - [2026-06-06T20:21:43.881+0000] {dag.py:4180} INFO - Setting next_dagrun for example_kubernetes_executor to None, run_after=None
[2026-06-06T20:21:43.923+0000] {processor.py:208} INFO - Processing /home/airflow/.local/lib/python3.12/site-packages/airflow/example_dags/example_kubernetes_executor.py took 0.180 seconds
[2026-06-06T20:22:18.798+0000] {processor.py:186} INFO - Started process (PID=974) to work on /home/airflow/.local/lib/python3.12/site-packages/airflow/example_dags/example_kubernetes_executor.py
[2026-06-06T20:22:18.801+0000] {processor.py:914} INFO - Processing file /home/airflow/.local/lib/python3.12/site-packages/airflow/example_dags/example_kubernetes_executor.py for tasks to queue
[2026-06-06T20:22:18.807+0000] {logging_mixin.py:190} INFO - [2026-06-06T20:22:18.806+0000] {dagbag.py:588} INFO - Filling up the DagBag from /home/airflow/.local/lib/python3.12/site-packages/airflow/example_dags/example_kubernetes_executor.py
[2026-06-06T20:22:18.854+0000] {processor.py:925} INFO - DAG(s) 'example_kubernetes_executor' retrieved from /home/airflow/.local/lib/python3.12/site-packages/airflow/example_dags/example_kubernetes_executor.py
[2026-06-06T20:22:18.958+0000] {logging_mixin.py:190} INFO - [2026-06-06T20:22:18.958+0000] {dag.py:3239} INFO - Sync 1 DAGs
[2026-06-06T20:22:19.011+0000] {logging_mixin.py:190} INFO - [2026-06-06T20:22:19.010+0000] {dag.py:4180} INFO - Setting next_dagrun for example_kubernetes_executor to None, run_after=None
[2026-06-06T20:22:19.059+0000] {processor.py:208} INFO - Processing /home/airflow/.local/lib/python3.12/site-packages/airflow/example_dags/example_kubernetes_executor.py took 0.271 seconds
[2026-06-06T20:22:58.797+0000] {processor.py:186} INFO - Started process (PID=1042) to work on /home/airflow/.local/lib/python3.12/site-packages/airflow/example_dags/example_kubernetes_executor.py
[2026-06-06T20:22:58.799+0000] {processor.py:914} INFO - Processing file /home/airflow/.local/lib/python3.12/site-packages/airflow/example_dags/example_kubernetes_executor.py for tasks to queue
[2026-06-06T20:22:58.805+0000] {logging_mixin.py:190} INFO - [2026-06-06T20:22:58.804+0000] {dagbag.py:588} INFO - Filling up the DagBag from /home/airflow/.local/lib/python3.12/site-packages/airflow/example_dags/example_kubernetes_executor.py
[2026-06-06T20:22:58.838+0000] {processor.py:925} INFO - DAG(s) 'example_kubernetes_executor' retrieved from /home/airflow/.local/lib/python3.12/site-packages/airflow/example_dags/example_kubernetes_executor.py
[2026-06-06T20:22:58.885+0000] {logging_mixin.py:190} INFO - [2026-06-06T20:22:58.885+0000] {dag.py:3239} INFO - Sync 1 DAGs
[2026-06-06T20:22:58.909+0000] {logging_mixin.py:190} INFO - [2026-06-06T20:22:58.909+0000] {dag.py:4180} INFO - Setting next_dagrun for example_kubernetes_executor to None, run_after=None
[2026-06-06T20:22:58.944+0000] {processor.py:208} INFO - Processing /home/airflow/.local/lib/python3.12/site-packages/airflow/example_dags/example_kubernetes_executor.py took 0.158 seconds
[2026-06-06T20:23:32.943+0000] {processor.py:186} INFO - Started process (PID=1103) to work on /home/airflow/.local/lib/python3.12/site-packages/airflow/example_dags/example_kubernetes_executor.py
[2026-06-06T20:23:32.945+0000] {processor.py:914} INFO - Processing file /home/airflow/.local/lib/python3.12/site-packages/airflow/example_dags/example_kubernetes_executor.py for tasks to queue
[2026-06-06T20:23:32.951+0000] {logging_mixin.py:190} INFO - [2026-06-06T20:23:32.950+0000] {dagbag.py:588} INFO - Filling up the DagBag from /home/airflow/.local/lib/python3.12/site-packages/airflow/example_dags/example_kubernetes_executor.py
[2026-06-06T20:23:32.982+0000] {processor.py:925} INFO - DAG(s) 'example_kubernetes_executor' retrieved from /home/airflow/.local/lib/python3.12/site-packages/airflow/example_dags/example_kubernetes_executor.py
[2026-06-06T20:23:33.032+0000] {logging_mixin.py:190} INFO - [2026-06-06T20:23:33.032+0000] {dag.py:3239} INFO - Sync 1 DAGs
[2026-06-06T20:23:33.053+0000] {logging_mixin.py:190} INFO - [2026-06-06T20:23:33.053+0000] {dag.py:4180} INFO - Setting next_dagrun for example_kubernetes_executor to None, run_after=None
[2026-06-06T20:23:33.083+0000] {processor.py:208} INFO - Processing /home/airflow/.local/lib/python3.12/site-packages/airflow/example_dags/example_kubernetes_executor.py took 0.152 seconds
[2026-06-06T20:24:07.159+0000] {processor.py:186} INFO - Started process (PID=1160) to work on /home/airflow/.local/lib/python3.12/site-packages/airflow/example_dags/example_kubernetes_executor.py
[2026-06-06T20:24:07.163+0000] {processor.py:914} INFO - Processing file /home/airflow/.local/lib/python3.12/site-packages/airflow/example_dags/example_kubernetes_executor.py for tasks to queue
[2026-06-06T20:24:07.169+0000] {logging_mixin.py:190} INFO - [2026-06-06T20:24:07.168+0000] {dagbag.py:588} INFO - Filling up the DagBag from /home/airflow/.local/lib/python3.12/site-packages/airflow/example_dags/example_kubernetes_executor.py
[2026-06-06T20:24:07.197+0000] {processor.py:925} INFO - DAG(s) 'example_kubernetes_executor' retrieved from /home/airflow/.local/lib/python3.12/site-packages/airflow/example_dags/example_kubernetes_executor.py
[2026-06-06T20:24:07.256+0000] {logging_mixin.py:190} INFO - [2026-06-06T20:24:07.256+0000] {dag.py:3239} INFO - Sync 1 DAGs
[2026-06-06T20:24:07.283+0000] {logging_mixin.py:190} INFO - [2026-06-06T20:24:07.282+0000] {dag.py:4180} INFO - Setting next_dagrun for example_kubernetes_executor to None, run_after=None
[2026-06-06T20:24:07.322+0000] {processor.py:208} INFO - Processing /home/airflow/.local/lib/python3.12/site-packages/airflow/example_dags/example_kubernetes_executor.py took 0.174 seconds
[2026-06-06T20:24:42.319+0000] {processor.py:186} INFO - Started process (PID=1221) to work on /home/airflow/.local/lib/python3.12/site-packages/airflow/example_dags/example_kubernetes_executor.py
[2026-06-06T20:24:42.321+0000] {processor.py:914} INFO - Processing file /home/airflow/.local/lib/python3.12/site-packages/airflow/example_dags/example_kubernetes_executor.py for tasks to queue
[2026-06-06T20:24:42.339+0000] {logging_mixin.py:190} INFO - [2026-06-06T20:24:42.339+0000] {dagbag.py:588} INFO - Filling up the DagBag from /home/airflow/.local/lib/python3.12/site-packages/airflow/example_dags/example_kubernetes_executor.py
[2026-06-06T20:24:42.429+0000] {processor.py:925} INFO - DAG(s) 'example_kubernetes_executor' retrieved from /home/airflow/.local/lib/python3.12/site-packages/airflow/example_dags/example_kubernetes_executor.py
[2026-06-06T20:24:42.551+0000] {logging_mixin.py:190} INFO - [2026-06-06T20:24:42.550+0000] {dag.py:3239} INFO - Sync 1 DAGs
[2026-06-06T20:24:42.600+0000] {logging_mixin.py:190} INFO - [2026-06-06T20:24:42.599+0000] {dag.py:4180} INFO - Setting next_dagrun for example_kubernetes_executor to None, run_after=None
[2026-06-06T20:24:42.650+0000] {processor.py:208} INFO - Processing /home/airflow/.local/lib/python3.12/site-packages/airflow/example_dags/example_kubernetes_executor.py took 0.352 seconds
[2026-06-06T20:25:21.257+0000] {processor.py:186} INFO - Started process (PID=1290) to work on /home/airflow/.local/lib/python3.12/site-packages/airflow/example_dags/example_kubernetes_executor.py
[2026-06-06T20:25:21.260+0000] {processor.py:914} INFO - Processing file /home/airflow/.local/lib/python3.12/site-packages/airflow/example_dags/example_kubernetes_executor.py for tasks to queue
[2026-06-06T20:25:21.273+0000] {logging_mixin.py:190} INFO - [2026-06-06T20:25:21.273+0000] {dagbag.py:588} INFO - Filling up the DagBag from /home/airflow/.local/lib/python3.12/site-packages/airflow/example_dags/example_kubernetes_executor.py
[2026-06-06T20:25:21.357+0000] {processor.py:925} INFO - DAG(s) 'example_kubernetes_executor' retrieved from /home/airflow/.local/lib/python3.12/site-packages/airflow/example_dags/example_kubernetes_executor.py
[2026-06-06T20:25:21.489+0000] {logging_mixin.py:190} INFO - [2026-06-06T20:25:21.488+0000] {dag.py:3239} INFO - Sync 1 DAGs
[2026-06-06T20:25:21.570+0000] {logging_mixin.py:190} INFO - [2026-06-06T20:25:21.570+0000] {dag.py:4180} INFO - Setting next_dagrun for example_kubernetes_executor to None, run_after=None
[2026-06-06T20:25:21.653+0000] {processor.py:208} INFO - Processing /home/airflow/.local/lib/python3.12/site-packages/airflow/example_dags/example_kubernetes_executor.py took 0.415 seconds
[2026-06-06T20:25:52.061+0000] {processor.py:186} INFO - Started process (PID=1352) to work on /home/airflow/.local/lib/python3.12/site-packages/airflow/example_dags/example_kubernetes_executor.py
[2026-06-06T20:25:52.063+0000] {processor.py:914} INFO - Processing file /home/airflow/.local/lib/python3.12/site-packages/airflow/example_dags/example_kubernetes_executor.py for tasks to queue
[2026-06-06T20:25:52.071+0000] {logging_mixin.py:190} INFO - [2026-06-06T20:25:52.070+0000] {dagbag.py:588} INFO - Filling up the DagBag from /home/airflow/.local/lib/python3.12/site-packages/airflow/example_dags/example_kubernetes_executor.py
[2026-06-06T20:25:52.113+0000] {processor.py:925} INFO - DAG(s) 'example_kubernetes_executor' retrieved from /home/airflow/.local/lib/python3.12/site-packages/airflow/example_dags/example_kubernetes_executor.py
[2026-06-06T20:25:52.180+0000] {logging_mixin.py:190} INFO - [2026-06-06T20:25:52.179+0000] {dag.py:3239} INFO - Sync 1 DAGs
[2026-06-06T20:25:52.214+0000] {logging_mixin.py:190} INFO - [2026-06-06T20:25:52.214+0000] {dag.py:4180} INFO - Setting next_dagrun for example_kubernetes_executor to None, run_after=None
[2026-06-06T20:25:52.255+0000] {processor.py:208} INFO - Processing /home/airflow/.local/lib/python3.12/site-packages/airflow/example_dags/example_kubernetes_executor.py took 0.205 seconds
[2026-06-06T20:26:34.075+0000] {processor.py:186} INFO - Started process (PID=1414) to work on /home/airflow/.local/lib/python3.12/site-packages/airflow/example_dags/example_kubernetes_executor.py
[2026-06-06T20:26:34.080+0000] {processor.py:914} INFO - Processing file /home/airflow/.local/lib/python3.12/site-packages/airflow/example_dags/example_kubernetes_executor.py for tasks to queue
[2026-06-06T20:26:34.092+0000] {logging_mixin.py:190} INFO - [2026-06-06T20:26:34.092+0000] {dagbag.py:588} INFO - Filling up the DagBag from /home/airflow/.local/lib/python3.12/site-packages/airflow/example_dags/example_kubernetes_executor.py
[2026-06-06T20:26:34.133+0000] {processor.py:925} INFO - DAG(s) 'example_kubernetes_executor' retrieved from /home/airflow/.local/lib/python3.12/site-packages/airflow/example_dags/example_kubernetes_executor.py
[2026-06-06T20:26:34.215+0000] {logging_mixin.py:190} INFO - [2026-06-06T20:26:34.214+0000] {dag.py:3239} INFO - Sync 1 DAGs
[2026-06-06T20:26:34.269+0000] {logging_mixin.py:190} INFO - [2026-06-06T20:26:34.269+0000] {dag.py:4180} INFO - Setting next_dagrun for example_kubernetes_executor to None, run_after=None
[2026-06-06T20:26:34.325+0000] {processor.py:208} INFO - Processing /home/airflow/.local/lib/python3.12/site-packages/airflow/example_dags/example_kubernetes_executor.py took 0.286 seconds
[2026-06-06T20:27:12.903+0000] {processor.py:186} INFO - Started process (PID=1479) to work on /home/airflow/.local/lib/python3.12/site-packages/airflow/example_dags/example_kubernetes_executor.py
[2026-06-06T20:27:12.905+0000] {processor.py:914} INFO - Processing file /home/airflow/.local/lib/python3.12/site-packages/airflow/example_dags/example_kubernetes_executor.py for tasks to queue
[2026-06-06T20:27:12.909+0000] {logging_mixin.py:190} INFO - [2026-06-06T20:27:12.909+0000] {dagbag.py:588} INFO - Filling up the DagBag from /home/airflow/.local/lib/python3.12/site-packages/airflow/example_dags/example_kubernetes_executor.py
[2026-06-06T20:27:12.938+0000] {processor.py:925} INFO - DAG(s) 'example_kubernetes_executor' retrieved from /home/airflow/.local/lib/python3.12/site-packages/airflow/example_dags/example_kubernetes_executor.py
[2026-06-06T20:27:12.999+0000] {logging_mixin.py:190} INFO - [2026-06-06T20:27:12.998+0000] {dag.py:3239} INFO - Sync 1 DAGs
[2026-06-06T20:27:13.027+0000] {logging_mixin.py:190} INFO - [2026-06-06T20:27:13.027+0000] {dag.py:4180} INFO - Setting next_dagrun for example_kubernetes_executor to None, run_after=None
[2026-06-06T20:27:13.077+0000] {processor.py:208} INFO - Processing /home/airflow/.local/lib/python3.12/site-packages/airflow/example_dags/example_kubernetes_executor.py took 0.186 seconds
[2026-06-06T20:27:50.758+0000] {processor.py:186} INFO - Started process (PID=1541) to work on /home/airflow/.local/lib/python3.12/site-packages/airflow/example_dags/example_kubernetes_executor.py
[2026-06-06T20:27:50.760+0000] {processor.py:914} INFO - Processing file /home/airflow/.local/lib/python3.12/site-packages/airflow/example_dags/example_kubernetes_executor.py for tasks to queue
[2026-06-06T20:27:50.770+0000] {logging_mixin.py:190} INFO - [2026-06-06T20:27:50.770+0000] {dagbag.py:588} INFO - Filling up the DagBag from /home/airflow/.local/lib/python3.12/site-packages/airflow/example_dags/example_kubernetes_executor.py
[2026-06-06T20:27:50.813+0000] {processor.py:925} INFO - DAG(s) 'example_kubernetes_executor' retrieved from /home/airflow/.local/lib/python3.12/site-packages/airflow/example_dags/example_kubernetes_executor.py
[2026-06-06T20:27:50.919+0000] {logging_mixin.py:190} INFO - [2026-06-06T20:27:50.918+0000] {dag.py:3239} INFO - Sync 1 DAGs
[2026-06-06T20:27:50.954+0000] {logging_mixin.py:190} INFO - [2026-06-06T20:27:50.953+0000] {dag.py:4180} INFO - Setting next_dagrun for example_kubernetes_executor to None, run_after=None
[2026-06-06T20:27:50.999+0000] {processor.py:208} INFO - Processing /home/airflow/.local/lib/python3.12/site-packages/airflow/example_dags/example_kubernetes_executor.py took 0.255 seconds
[2026-06-06T20:28:24.867+0000] {processor.py:186} INFO - Started process (PID=1610) to work on /home/airflow/.local/lib/python3.12/site-packages/airflow/example_dags/example_kubernetes_executor.py
[2026-06-06T20:28:24.871+0000] {processor.py:914} INFO - Processing file /home/airflow/.local/lib/python3.12/site-packages/airflow/example_dags/example_kubernetes_executor.py for tasks to queue
[2026-06-06T20:28:24.882+0000] {logging_mixin.py:190} INFO - [2026-06-06T20:28:24.879+0000] {dagbag.py:588} INFO - Filling up the DagBag from /home/airflow/.local/lib/python3.12/site-packages/airflow/example_dags/example_kubernetes_executor.py
[2026-06-06T20:28:24.932+0000] {processor.py:925} INFO - DAG(s) 'example_kubernetes_executor' retrieved from /home/airflow/.local/lib/python3.12/site-packages/airflow/example_dags/example_kubernetes_executor.py
[2026-06-06T20:28:25.035+0000] {logging_mixin.py:190} INFO - [2026-06-06T20:28:25.035+0000] {dag.py:3239} INFO - Sync 1 DAGs
[2026-06-06T20:28:25.109+0000] {logging_mixin.py:190} INFO - [2026-06-06T20:28:25.109+0000] {dag.py:4180} INFO - Setting next_dagrun for example_kubernetes_executor to None, run_after=None
[2026-06-06T20:28:25.162+0000] {processor.py:208} INFO - Processing /home/airflow/.local/lib/python3.12/site-packages/airflow/example_dags/example_kubernetes_executor.py took 0.309 seconds
[2026-06-06T20:28:57.106+0000] {processor.py:186} INFO - Started process (PID=1670) to work on /home/airflow/.local/lib/python3.12/site-packages/airflow/example_dags/example_kubernetes_executor.py
[2026-06-06T20:28:57.109+0000] {processor.py:914} INFO - Processing file /home/airflow/.local/lib/python3.12/site-packages/airflow/example_dags/example_kubernetes_executor.py for tasks to queue
[2026-06-06T20:28:57.122+0000] {logging_mixin.py:190} INFO - [2026-06-06T20:28:57.121+0000] {dagbag.py:588} INFO - Filling up the DagBag from /home/airflow/.local/lib/python3.12/site-packages/airflow/example_dags/example_kubernetes_executor.py
[2026-06-06T20:28:57.170+0000] {processor.py:925} INFO - DAG(s) 'example_kubernetes_executor' retrieved from /home/airflow/.local/lib/python3.12/site-packages/airflow/example_dags/example_kubernetes_executor.py
[2026-06-06T20:28:57.264+0000] {logging_mixin.py:190} INFO - [2026-06-06T20:28:57.264+0000] {dag.py:3239} INFO - Sync 1 DAGs
[2026-06-06T20:28:57.313+0000] {logging_mixin.py:190} INFO - [2026-06-06T20:28:57.313+0000] {dag.py:4180} INFO - Setting next_dagrun for example_kubernetes_executor to None, run_after=None
[2026-06-06T20:28:57.385+0000] {processor.py:208} INFO - Processing /home/airflow/.local/lib/python3.12/site-packages/airflow/example_dags/example_kubernetes_executor.py took 0.294 seconds
[2026-06-06T20:29:43.490+0000] {processor.py:186} INFO - Started process (PID=1735) to work on /home/airflow/.local/lib/python3.12/site-packages/airflow/example_dags/example_kubernetes_executor.py
[2026-06-06T20:29:43.493+0000] {processor.py:914} INFO - Processing file /home/airflow/.local/lib/python3.12/site-packages/airflow/example_dags/example_kubernetes_executor.py for tasks to queue
[2026-06-06T20:29:43.500+0000] {logging_mixin.py:190} INFO - [2026-06-06T20:29:43.499+0000] {dagbag.py:588} INFO - Filling up the DagBag from /home/airflow/.local/lib/python3.12/site-packages/airflow/example_dags/example_kubernetes_executor.py
[2026-06-06T20:29:43.536+0000] {processor.py:925} INFO - DAG(s) 'example_kubernetes_executor' retrieved from /home/airflow/.local/lib/python3.12/site-packages/airflow/example_dags/example_kubernetes_executor.py
[2026-06-06T20:29:43.596+0000] {logging_mixin.py:190} INFO - [2026-06-06T20:29:43.596+0000] {dag.py:3239} INFO - Sync 1 DAGs
[2026-06-06T20:29:43.628+0000] {logging_mixin.py:190} INFO - [2026-06-06T20:29:43.628+0000] {dag.py:4180} INFO - Setting next_dagrun for example_kubernetes_executor to None, run_after=None
[2026-06-06T20:29:43.669+0000] {processor.py:208} INFO - Processing /home/airflow/.local/lib/python3.12/site-packages/airflow/example_dags/example_kubernetes_executor.py took 0.191 seconds
[2026-06-06T20:30:17.536+0000] {processor.py:186} INFO - Started process (PID=1798) to work on /home/airflow/.local/lib/python3.12/site-packages/airflow/example_dags/example_kubernetes_executor.py
[2026-06-06T20:30:17.539+0000] {processor.py:914} INFO - Processing file /home/airflow/.local/lib/python3.12/site-packages/airflow/example_dags/example_kubernetes_executor.py for tasks to queue
[2026-06-06T20:30:17.546+0000] {logging_mixin.py:190} INFO - [2026-06-06T20:30:17.545+0000] {dagbag.py:588} INFO - Filling up the DagBag from /home/airflow/.local/lib/python3.12/site-packages/airflow/example_dags/example_kubernetes_executor.py
[2026-06-06T20:30:17.584+0000] {processor.py:925} INFO - DAG(s) 'example_kubernetes_executor' retrieved from /home/airflow/.local/lib/python3.12/site-packages/airflow/example_dags/example_kubernetes_executor.py
[2026-06-06T20:30:17.651+0000] {logging_mixin.py:190} INFO - [2026-06-06T20:30:17.651+0000] {dag.py:3239} INFO - Sync 1 DAGs
[2026-06-06T20:30:17.689+0000] {logging_mixin.py:190} INFO - [2026-06-06T20:30:17.688+0000] {dag.py:4180} INFO - Setting next_dagrun for example_kubernetes_executor to None, run_after=None
[2026-06-06T20:30:17.731+0000] {processor.py:208} INFO - Processing /home/airflow/.local/lib/python3.12/site-packages/airflow/example_dags/example_kubernetes_executor.py took 0.218 seconds
[2026-06-06T20:30:48.472+0000] {processor.py:186} INFO - Started process (PID=1860) to work on /home/airflow/.local/lib/python3.12/site-packages/airflow/example_dags/example_kubernetes_executor.py
[2026-06-06T20:30:48.474+0000] {processor.py:914} INFO - Processing file /home/airflow/.local/lib/python3.12/site-packages/airflow/example_dags/example_kubernetes_executor.py for tasks to queue
[2026-06-06T20:30:48.480+0000] {logging_mixin.py:190} INFO - [2026-06-06T20:30:48.480+0000] {dagbag.py:588} INFO - Filling up the DagBag from /home/airflow/.local/lib/python3.12/site-packages/airflow/example_dags/example_kubernetes_executor.py
[2026-06-06T20:30:48.516+0000] {processor.py:925} INFO - DAG(s) 'example_kubernetes_executor' retrieved from /home/airflow/.local/lib/python3.12/site-packages/airflow/example_dags/example_kubernetes_executor.py
[2026-06-06T20:30:48.589+0000] {logging_mixin.py:190} INFO - [2026-06-06T20:30:48.588+0000] {dag.py:3239} INFO - Sync 1 DAGs
[2026-06-06T20:30:48.628+0000] {logging_mixin.py:190} INFO - [2026-06-06T20:30:48.628+0000] {dag.py:4180} INFO - Setting next_dagrun for example_kubernetes_executor to None, run_after=None
[2026-06-06T20:30:48.667+0000] {processor.py:208} INFO - Processing /home/airflow/.local/lib/python3.12/site-packages/airflow/example_dags/example_kubernetes_executor.py took 0.209 seconds
[2026-06-06T20:31:25.714+0000] {processor.py:186} INFO - Started process (PID=1924) to work on /home/airflow/.local/lib/python3.12/site-packages/airflow/example_dags/example_kubernetes_executor.py
[2026-06-06T20:31:25.716+0000] {processor.py:914} INFO - Processing file /home/airflow/.local/lib/python3.12/site-packages/airflow/example_dags/example_kubernetes_executor.py for tasks to queue
[2026-06-06T20:31:25.722+0000] {logging_mixin.py:190} INFO - [2026-06-06T20:31:25.721+0000] {dagbag.py:588} INFO - Filling up the DagBag from /home/airflow/.local/lib/python3.12/site-packages/airflow/example_dags/example_kubernetes_executor.py
[2026-06-06T20:31:25.755+0000] {processor.py:925} INFO - DAG(s) 'example_kubernetes_executor' retrieved from /home/airflow/.local/lib/python3.12/site-packages/airflow/example_dags/example_kubernetes_executor.py
[2026-06-06T20:31:25.827+0000] {logging_mixin.py:190} INFO - [2026-06-06T20:31:25.827+0000] {dag.py:3239} INFO - Sync 1 DAGs
[2026-06-06T20:31:25.863+0000] {logging_mixin.py:190} INFO - [2026-06-06T20:31:25.862+0000] {dag.py:4180} INFO - Setting next_dagrun for example_kubernetes_executor to None, run_after=None
[2026-06-06T20:31:25.911+0000] {processor.py:208} INFO - Processing /home/airflow/.local/lib/python3.12/site-packages/airflow/example_dags/example_kubernetes_executor.py took 0.208 seconds
[2026-06-06T20:32:07.705+0000] {processor.py:186} INFO - Started process (PID=1986) to work on /home/airflow/.local/lib/python3.12/site-packages/airflow/example_dags/example_kubernetes_executor.py
[2026-06-06T20:32:07.709+0000] {processor.py:914} INFO - Processing file /home/airflow/.local/lib/python3.12/site-packages/airflow/example_dags/example_kubernetes_executor.py for tasks to queue
[2026-06-06T20:32:07.715+0000] {logging_mixin.py:190} INFO - [2026-06-06T20:32:07.714+0000] {dagbag.py:588} INFO - Filling up the DagBag from /home/airflow/.local/lib/python3.12/site-packages/airflow/example_dags/example_kubernetes_executor.py
[2026-06-06T20:32:07.777+0000] {processor.py:925} INFO - DAG(s) 'example_kubernetes_executor' retrieved from /home/airflow/.local/lib/python3.12/site-packages/airflow/example_dags/example_kubernetes_executor.py
[2026-06-06T20:32:07.864+0000] {logging_mixin.py:190} INFO - [2026-06-06T20:32:07.864+0000] {dag.py:3239} INFO - Sync 1 DAGs
[2026-06-06T20:32:07.892+0000] {logging_mixin.py:190} INFO - [2026-06-06T20:32:07.892+0000] {dag.py:4180} INFO - Setting next_dagrun for example_kubernetes_executor to None, run_after=None
[2026-06-06T20:32:07.946+0000] {processor.py:208} INFO - Processing /home/airflow/.local/lib/python3.12/site-packages/airflow/example_dags/example_kubernetes_executor.py took 0.257 seconds
[2026-06-06T20:32:52.015+0000] {processor.py:186} INFO - Started process (PID=2048) to work on /home/airflow/.local/lib/python3.12/site-packages/airflow/example_dags/example_kubernetes_executor.py
[2026-06-06T20:32:52.017+0000] {processor.py:914} INFO - Processing file /home/airflow/.local/lib/python3.12/site-packages/airflow/example_dags/example_kubernetes_executor.py for tasks to queue
[2026-06-06T20:32:52.022+0000] {logging_mixin.py:190} INFO - [2026-06-06T20:32:52.021+0000] {dagbag.py:588} INFO - Filling up the DagBag from /home/airflow/.local/lib/python3.12/site-packages/airflow/example_dags/example_kubernetes_executor.py
[2026-06-06T20:32:52.048+0000] {processor.py:925} INFO - DAG(s) 'example_kubernetes_executor' retrieved from /home/airflow/.local/lib/python3.12/site-packages/airflow/example_dags/example_kubernetes_executor.py
[2026-06-06T20:32:52.104+0000] {logging_mixin.py:190} INFO - [2026-06-06T20:32:52.104+0000] {dag.py:3239} INFO - Sync 1 DAGs
[2026-06-06T20:32:52.132+0000] {logging_mixin.py:190} INFO - [2026-06-06T20:32:52.131+0000] {dag.py:4180} INFO - Setting next_dagrun for example_kubernetes_executor to None, run_after=None
[2026-06-06T20:32:52.168+0000] {processor.py:208} INFO - Processing /home/airflow/.local/lib/python3.12/site-packages/airflow/example_dags/example_kubernetes_executor.py took 0.166 seconds
[2026-06-06T20:33:26.645+0000] {processor.py:186} INFO - Started process (PID=2118) to work on /home/airflow/.local/lib/python3.12/site-packages/airflow/example_dags/example_kubernetes_executor.py
[2026-06-06T20:33:26.647+0000] {processor.py:914} INFO - Processing file /home/airflow/.local/lib/python3.12/site-packages/airflow/example_dags/example_kubernetes_executor.py for tasks to queue
[2026-06-06T20:33:26.653+0000] {logging_mixin.py:190} INFO - [2026-06-06T20:33:26.652+0000] {dagbag.py:588} INFO - Filling up the DagBag from /home/airflow/.local/lib/python3.12/site-packages/airflow/example_dags/example_kubernetes_executor.py
[2026-06-06T20:33:26.677+0000] {processor.py:925} INFO - DAG(s) 'example_kubernetes_executor' retrieved from /home/airflow/.local/lib/python3.12/site-packages/airflow/example_dags/example_kubernetes_executor.py
[2026-06-06T20:33:26.723+0000] {logging_mixin.py:190} INFO - [2026-06-06T20:33:26.723+0000] {dag.py:3239} INFO - Sync 1 DAGs
[2026-06-06T20:33:26.744+0000] {logging_mixin.py:190} INFO - [2026-06-06T20:33:26.743+0000] {dag.py:4180} INFO - Setting next_dagrun for example_kubernetes_executor to None, run_after=None
[2026-06-06T20:33:26.774+0000] {processor.py:208} INFO - Processing /home/airflow/.local/lib/python3.12/site-packages/airflow/example_dags/example_kubernetes_executor.py took 0.138 seconds
[2026-06-06T20:33:59.576+0000] {processor.py:186} INFO - Started process (PID=2180) to work on /home/airflow/.local/lib/python3.12/site-packages/airflow/example_dags/example_kubernetes_executor.py
[2026-06-06T20:33:59.578+0000] {processor.py:914} INFO - Processing file /home/airflow/.local/lib/python3.12/site-packages/airflow/example_dags/example_kubernetes_executor.py for tasks to queue
[2026-06-06T20:33:59.583+0000] {logging_mixin.py:190} INFO - [2026-06-06T20:33:59.582+0000] {dagbag.py:588} INFO - Filling up the DagBag from /home/airflow/.local/lib/python3.12/site-packages/airflow/example_dags/example_kubernetes_executor.py
[2026-06-06T20:33:59.615+0000] {processor.py:925} INFO - DAG(s) 'example_kubernetes_executor' retrieved from /home/airflow/.local/lib/python3.12/site-packages/airflow/example_dags/example_kubernetes_executor.py
[2026-06-06T20:33:59.667+0000] {logging_mixin.py:190} INFO - [2026-06-06T20:33:59.667+0000] {dag.py:3239} INFO - Sync 1 DAGs
[2026-06-06T20:33:59.696+0000] {logging_mixin.py:190} INFO - [2026-06-06T20:33:59.695+0000] {dag.py:4180} INFO - Setting next_dagrun for example_kubernetes_executor to None, run_after=None
[2026-06-06T20:33:59.730+0000] {processor.py:208} INFO - Processing /home/airflow/.local/lib/python3.12/site-packages/airflow/example_dags/example_kubernetes_executor.py took 0.168 seconds
[2026-06-06T20:34:48.386+0000] {processor.py:186} INFO - Started process (PID=2250) to work on /home/airflow/.local/lib/python3.12/site-packages/airflow/example_dags/example_kubernetes_executor.py
[2026-06-06T20:34:48.390+0000] {processor.py:914} INFO - Processing file /home/airflow/.local/lib/python3.12/site-packages/airflow/example_dags/example_kubernetes_executor.py for tasks to queue
[2026-06-06T20:34:48.397+0000] {logging_mixin.py:190} INFO - [2026-06-06T20:34:48.397+0000] {dagbag.py:588} INFO - Filling up the DagBag from /home/airflow/.local/lib/python3.12/site-packages/airflow/example_dags/example_kubernetes_executor.py
[2026-06-06T20:34:48.431+0000] {processor.py:925} INFO - DAG(s) 'example_kubernetes_executor' retrieved from /home/airflow/.local/lib/python3.12/site-packages/airflow/example_dags/example_kubernetes_executor.py
[2026-06-06T20:34:48.502+0000] {logging_mixin.py:190} INFO - [2026-06-06T20:34:48.502+0000] {dag.py:3239} INFO - Sync 1 DAGs
[2026-06-06T20:34:48.558+0000] {logging_mixin.py:190} INFO - [2026-06-06T20:34:48.557+0000] {dag.py:4180} INFO - Setting next_dagrun for example_kubernetes_executor to None, run_after=None
[2026-06-06T20:34:48.609+0000] {processor.py:208} INFO - Processing /home/airflow/.local/lib/python3.12/site-packages/airflow/example_dags/example_kubernetes_executor.py took 0.238 seconds
[2026-06-06T20:35:30.586+0000] {processor.py:186} INFO - Started process (PID=2316) to work on /home/airflow/.local/lib/python3.12/site-packages/airflow/example_dags/example_kubernetes_executor.py
[2026-06-06T20:35:30.589+0000] {processor.py:914} INFO - Processing file /home/airflow/.local/lib/python3.12/site-packages/airflow/example_dags/example_kubernetes_executor.py for tasks to queue
[2026-06-06T20:35:30.594+0000] {logging_mixin.py:190} INFO - [2026-06-06T20:35:30.593+0000] {dagbag.py:588} INFO - Filling up the DagBag from /home/airflow/.local/lib/python3.12/site-packages/airflow/example_dags/example_kubernetes_executor.py
[2026-06-06T20:35:30.630+0000] {processor.py:925} INFO - DAG(s) 'example_kubernetes_executor' retrieved from /home/airflow/.local/lib/python3.12/site-packages/airflow/example_dags/example_kubernetes_executor.py
[2026-06-06T20:35:30.686+0000] {logging_mixin.py:190} INFO - [2026-06-06T20:35:30.686+0000] {dag.py:3239} INFO - Sync 1 DAGs
[2026-06-06T20:35:30.718+0000] {logging_mixin.py:190} INFO - [2026-06-06T20:35:30.717+0000] {dag.py:4180} INFO - Setting next_dagrun for example_kubernetes_executor to None, run_after=None
[2026-06-06T20:35:30.760+0000] {processor.py:208} INFO - Processing /home/airflow/.local/lib/python3.12/site-packages/airflow/example_dags/example_kubernetes_executor.py took 0.186 seconds
[2026-06-06T20:36:12.620+0000] {processor.py:186} INFO - Started process (PID=2378) to work on /home/airflow/.local/lib/python3.12/site-packages/airflow/example_dags/example_kubernetes_executor.py
[2026-06-06T20:36:12.622+0000] {processor.py:914} INFO - Processing file /home/airflow/.local/lib/python3.12/site-packages/airflow/example_dags/example_kubernetes_executor.py for tasks to queue
[2026-06-06T20:36:12.626+0000] {logging_mixin.py:190} INFO - [2026-06-06T20:36:12.626+0000] {dagbag.py:588} INFO - Filling up the DagBag from /home/airflow/.local/lib/python3.12/site-packages/airflow/example_dags/example_kubernetes_executor.py
[2026-06-06T20:36:12.652+0000] {processor.py:925} INFO - DAG(s) 'example_kubernetes_executor' retrieved from /home/airflow/.local/lib/python3.12/site-packages/airflow/example_dags/example_kubernetes_executor.py
[2026-06-06T20:36:12.702+0000] {logging_mixin.py:190} INFO - [2026-06-06T20:36:12.702+0000] {dag.py:3239} INFO - Sync 1 DAGs
[2026-06-06T20:36:12.734+0000] {logging_mixin.py:190} INFO - [2026-06-06T20:36:12.734+0000] {dag.py:4180} INFO - Setting next_dagrun for example_kubernetes_executor to None, run_after=None
[2026-06-06T20:36:12.764+0000] {processor.py:208} INFO - Processing /home/airflow/.local/lib/python3.12/site-packages/airflow/example_dags/example_kubernetes_executor.py took 0.152 seconds
[2026-06-06T20:36:51.567+0000] {processor.py:186} INFO - Started process (PID=2440) to work on /home/airflow/.local/lib/python3.12/site-packages/airflow/example_dags/example_kubernetes_executor.py
[2026-06-06T20:36:51.569+0000] {processor.py:914} INFO - Processing file /home/airflow/.local/lib/python3.12/site-packages/airflow/example_dags/example_kubernetes_executor.py for tasks to queue
[2026-06-06T20:36:51.574+0000] {logging_mixin.py:190} INFO - [2026-06-06T20:36:51.573+0000] {dagbag.py:588} INFO - Filling up the DagBag from /home/airflow/.local/lib/python3.12/site-packages/airflow/example_dags/example_kubernetes_executor.py
[2026-06-06T20:36:51.600+0000] {processor.py:925} INFO - DAG(s) 'example_kubernetes_executor' retrieved from /home/airflow/.local/lib/python3.12/site-packages/airflow/example_dags/example_kubernetes_executor.py
[2026-06-06T20:36:51.649+0000] {logging_mixin.py:190} INFO - [2026-06-06T20:36:51.649+0000] {dag.py:3239} INFO - Sync 1 DAGs
[2026-06-06T20:36:51.671+0000] {logging_mixin.py:190} INFO - [2026-06-06T20:36:51.671+0000] {dag.py:4180} INFO - Setting next_dagrun for example_kubernetes_executor to None, run_after=None
[2026-06-06T20:36:51.707+0000] {processor.py:208} INFO - Processing /home/airflow/.local/lib/python3.12/site-packages/airflow/example_dags/example_kubernetes_executor.py took 0.149 seconds
[2026-06-06T20:37:25.454+0000] {processor.py:186} INFO - Started process (PID=2508) to work on /home/airflow/.local/lib/python3.12/site-packages/airflow/example_dags/example_kubernetes_executor.py
[2026-06-06T20:37:25.456+0000] {processor.py:914} INFO - Processing file /home/airflow/.local/lib/python3.12/site-packages/airflow/example_dags/example_kubernetes_executor.py for tasks to queue
[2026-06-06T20:37:25.463+0000] {logging_mixin.py:190} INFO - [2026-06-06T20:37:25.462+0000] {dagbag.py:588} INFO - Filling up the DagBag from /home/airflow/.local/lib/python3.12/site-packages/airflow/example_dags/example_kubernetes_executor.py
[2026-06-06T20:37:25.501+0000] {processor.py:925} INFO - DAG(s) 'example_kubernetes_executor' retrieved from /home/airflow/.local/lib/python3.12/site-packages/airflow/example_dags/example_kubernetes_executor.py
[2026-06-06T20:37:25.574+0000] {logging_mixin.py:190} INFO - [2026-06-06T20:37:25.574+0000] {dag.py:3239} INFO - Sync 1 DAGs
[2026-06-06T20:37:25.608+0000] {logging_mixin.py:190} INFO - [2026-06-06T20:37:25.607+0000] {dag.py:4180} INFO - Setting next_dagrun for example_kubernetes_executor to None, run_after=None
[2026-06-06T20:37:25.653+0000] {processor.py:208} INFO - Processing /home/airflow/.local/lib/python3.12/site-packages/airflow/example_dags/example_kubernetes_executor.py took 0.212 seconds
[2026-06-06T20:40:08.732+0000] {processor.py:186} INFO - Started process (PID=102) to work on /home/airflow/.local/lib/python3.12/site-packages/airflow/example_dags/example_kubernetes_executor.py
[2026-06-06T20:40:08.734+0000] {processor.py:914} INFO - Processing file /home/airflow/.local/lib/python3.12/site-packages/airflow/example_dags/example_kubernetes_executor.py for tasks to queue
[2026-06-06T20:40:08.738+0000] {logging_mixin.py:190} INFO - [2026-06-06T20:40:08.738+0000] {dagbag.py:588} INFO - Filling up the DagBag from /home/airflow/.local/lib/python3.12/site-packages/airflow/example_dags/example_kubernetes_executor.py
[2026-06-06T20:40:08.765+0000] {processor.py:925} INFO - DAG(s) 'example_kubernetes_executor' retrieved from /home/airflow/.local/lib/python3.12/site-packages/airflow/example_dags/example_kubernetes_executor.py
[2026-06-06T20:40:08.811+0000] {logging_mixin.py:190} INFO - [2026-06-06T20:40:08.811+0000] {dag.py:3239} INFO - Sync 1 DAGs
[2026-06-06T20:40:08.834+0000] {logging_mixin.py:190} INFO - [2026-06-06T20:40:08.834+0000] {dag.py:4180} INFO - Setting next_dagrun for example_kubernetes_executor to None, run_after=None
[2026-06-06T20:40:08.881+0000] {processor.py:208} INFO - Processing /home/airflow/.local/lib/python3.12/site-packages/airflow/example_dags/example_kubernetes_executor.py took 0.157 seconds
[2026-06-06T20:40:39.339+0000] {processor.py:186} INFO - Started process (PID=165) to work on /home/airflow/.local/lib/python3.12/site-packages/airflow/example_dags/example_kubernetes_executor.py
[2026-06-06T20:40:39.341+0000] {processor.py:914} INFO - Processing file /home/airflow/.local/lib/python3.12/site-packages/airflow/example_dags/example_kubernetes_executor.py for tasks to queue
[2026-06-06T20:40:39.347+0000] {logging_mixin.py:190} INFO - [2026-06-06T20:40:39.346+0000] {dagbag.py:588} INFO - Filling up the DagBag from /home/airflow/.local/lib/python3.12/site-packages/airflow/example_dags/example_kubernetes_executor.py
[2026-06-06T20:40:39.376+0000] {processor.py:925} INFO - DAG(s) 'example_kubernetes_executor' retrieved from /home/airflow/.local/lib/python3.12/site-packages/airflow/example_dags/example_kubernetes_executor.py
[2026-06-06T20:40:39.435+0000] {logging_mixin.py:190} INFO - [2026-06-06T20:40:39.435+0000] {dag.py:3239} INFO - Sync 1 DAGs
[2026-06-06T20:40:39.462+0000] {logging_mixin.py:190} INFO - [2026-06-06T20:40:39.462+0000] {dag.py:4180} INFO - Setting next_dagrun for example_kubernetes_executor to None, run_after=None
[2026-06-06T20:40:39.510+0000] {processor.py:208} INFO - Processing /home/airflow/.local/lib/python3.12/site-packages/airflow/example_dags/example_kubernetes_executor.py took 0.182 seconds
[2026-06-06T20:41:20.561+0000] {processor.py:186} INFO - Started process (PID=217) to work on /home/airflow/.local/lib/python3.12/site-packages/airflow/example_dags/example_kubernetes_executor.py
[2026-06-06T20:41:20.564+0000] {processor.py:914} INFO - Processing file /home/airflow/.local/lib/python3.12/site-packages/airflow/example_dags/example_kubernetes_executor.py for tasks to queue
[2026-06-06T20:41:20.570+0000] {logging_mixin.py:190} INFO - [2026-06-06T20:41:20.569+0000] {dagbag.py:588} INFO - Filling up the DagBag from /home/airflow/.local/lib/python3.12/site-packages/airflow/example_dags/example_kubernetes_executor.py
[2026-06-06T20:41:20.604+0000] {processor.py:925} INFO - DAG(s) 'example_kubernetes_executor' retrieved from /home/airflow/.local/lib/python3.12/site-packages/airflow/example_dags/example_kubernetes_executor.py
[2026-06-06T20:41:20.703+0000] {logging_mixin.py:190} INFO - [2026-06-06T20:41:20.702+0000] {dag.py:3239} INFO - Sync 1 DAGs
[2026-06-06T20:41:20.752+0000] {logging_mixin.py:190} INFO - [2026-06-06T20:41:20.751+0000] {dag.py:4180} INFO - Setting next_dagrun for example_kubernetes_executor to None, run_after=None
[2026-06-06T20:41:20.808+0000] {processor.py:208} INFO - Processing /home/airflow/.local/lib/python3.12/site-packages/airflow/example_dags/example_kubernetes_executor.py took 0.261 seconds
[2026-06-06T20:42:02.021+0000] {processor.py:186} INFO - Started process (PID=283) to work on /home/airflow/.local/lib/python3.12/site-packages/airflow/example_dags/example_kubernetes_executor.py
[2026-06-06T20:42:02.041+0000] {processor.py:914} INFO - Processing file /home/airflow/.local/lib/python3.12/site-packages/airflow/example_dags/example_kubernetes_executor.py for tasks to queue
[2026-06-06T20:42:02.049+0000] {logging_mixin.py:190} INFO - [2026-06-06T20:42:02.047+0000] {dagbag.py:588} INFO - Filling up the DagBag from /home/airflow/.local/lib/python3.12/site-packages/airflow/example_dags/example_kubernetes_executor.py
[2026-06-06T20:42:02.198+0000] {processor.py:925} INFO - DAG(s) 'example_kubernetes_executor' retrieved from /home/airflow/.local/lib/python3.12/site-packages/airflow/example_dags/example_kubernetes_executor.py
[2026-06-06T20:42:02.394+0000] {logging_mixin.py:190} INFO - [2026-06-06T20:42:02.393+0000] {dag.py:3239} INFO - Sync 1 DAGs
[2026-06-06T20:42:02.467+0000] {logging_mixin.py:190} INFO - [2026-06-06T20:42:02.466+0000] {dag.py:4180} INFO - Setting next_dagrun for example_kubernetes_executor to None, run_after=None
[2026-06-06T20:42:02.544+0000] {processor.py:208} INFO - Processing /home/airflow/.local/lib/python3.12/site-packages/airflow/example_dags/example_kubernetes_executor.py took 0.566 seconds
[2026-06-06T20:42:43.765+0000] {processor.py:186} INFO - Started process (PID=344) to work on /home/airflow/.local/lib/python3.12/site-packages/airflow/example_dags/example_kubernetes_executor.py
[2026-06-06T20:42:43.767+0000] {processor.py:914} INFO - Processing file /home/airflow/.local/lib/python3.12/site-packages/airflow/example_dags/example_kubernetes_executor.py for tasks to queue
[2026-06-06T20:42:43.775+0000] {logging_mixin.py:190} INFO - [2026-06-06T20:42:43.774+0000] {dagbag.py:588} INFO - Filling up the DagBag from /home/airflow/.local/lib/python3.12/site-packages/airflow/example_dags/example_kubernetes_executor.py
[2026-06-06T20:42:43.825+0000] {processor.py:925} INFO - DAG(s) 'example_kubernetes_executor' retrieved from /home/airflow/.local/lib/python3.12/site-packages/airflow/example_dags/example_kubernetes_executor.py
[2026-06-06T20:42:43.897+0000] {logging_mixin.py:190} INFO - [2026-06-06T20:42:43.897+0000] {dag.py:3239} INFO - Sync 1 DAGs
[2026-06-06T20:42:43.939+0000] {logging_mixin.py:190} INFO - [2026-06-06T20:42:43.938+0000] {dag.py:4180} INFO - Setting next_dagrun for example_kubernetes_executor to None, run_after=None
[2026-06-06T20:42:43.994+0000] {processor.py:208} INFO - Processing /home/airflow/.local/lib/python3.12/site-packages/airflow/example_dags/example_kubernetes_executor.py took 0.239 seconds
[2026-06-06T20:43:23.331+0000] {processor.py:186} INFO - Started process (PID=407) to work on /home/airflow/.local/lib/python3.12/site-packages/airflow/example_dags/example_kubernetes_executor.py
[2026-06-06T20:43:23.333+0000] {processor.py:914} INFO - Processing file /home/airflow/.local/lib/python3.12/site-packages/airflow/example_dags/example_kubernetes_executor.py for tasks to queue
[2026-06-06T20:43:23.339+0000] {logging_mixin.py:190} INFO - [2026-06-06T20:43:23.339+0000] {dagbag.py:588} INFO - Filling up the DagBag from /home/airflow/.local/lib/python3.12/site-packages/airflow/example_dags/example_kubernetes_executor.py
[2026-06-06T20:43:23.385+0000] {processor.py:925} INFO - DAG(s) 'example_kubernetes_executor' retrieved from /home/airflow/.local/lib/python3.12/site-packages/airflow/example_dags/example_kubernetes_executor.py
[2026-06-06T20:43:23.517+0000] {logging_mixin.py:190} INFO - [2026-06-06T20:43:23.517+0000] {dag.py:3239} INFO - Sync 1 DAGs
[2026-06-06T20:43:23.568+0000] {logging_mixin.py:190} INFO - [2026-06-06T20:43:23.566+0000] {dag.py:4180} INFO - Setting next_dagrun for example_kubernetes_executor to None, run_after=None
[2026-06-06T20:43:23.625+0000] {processor.py:208} INFO - Processing /home/airflow/.local/lib/python3.12/site-packages/airflow/example_dags/example_kubernetes_executor.py took 0.311 seconds
[2026-06-06T20:44:08.638+0000] {processor.py:186} INFO - Started process (PID=462) to work on /home/airflow/.local/lib/python3.12/site-packages/airflow/example_dags/example_kubernetes_executor.py
[2026-06-06T20:44:08.647+0000] {processor.py:914} INFO - Processing file /home/airflow/.local/lib/python3.12/site-packages/airflow/example_dags/example_kubernetes_executor.py for tasks to queue
[2026-06-06T20:44:08.659+0000] {logging_mixin.py:190} INFO - [2026-06-06T20:44:08.658+0000] {dagbag.py:588} INFO - Filling up the DagBag from /home/airflow/.local/lib/python3.12/site-packages/airflow/example_dags/example_kubernetes_executor.py
[2026-06-06T20:44:08.759+0000] {processor.py:925} INFO - DAG(s) 'example_kubernetes_executor' retrieved from /home/airflow/.local/lib/python3.12/site-packages/airflow/example_dags/example_kubernetes_executor.py
[2026-06-06T20:44:08.835+0000] {logging_mixin.py:190} INFO - [2026-06-06T20:44:08.834+0000] {dag.py:3239} INFO - Sync 1 DAGs
[2026-06-06T20:44:08.906+0000] {logging_mixin.py:190} INFO - [2026-06-06T20:44:08.906+0000] {dag.py:4180} INFO - Setting next_dagrun for example_kubernetes_executor to None, run_after=None
[2026-06-06T20:44:08.953+0000] {processor.py:208} INFO - Processing /home/airflow/.local/lib/python3.12/site-packages/airflow/example_dags/example_kubernetes_executor.py took 0.362 seconds
[2026-06-06T20:44:50.486+0000] {processor.py:186} INFO - Started process (PID=523) to work on /home/airflow/.local/lib/python3.12/site-packages/airflow/example_dags/example_kubernetes_executor.py
[2026-06-06T20:44:50.489+0000] {processor.py:914} INFO - Processing file /home/airflow/.local/lib/python3.12/site-packages/airflow/example_dags/example_kubernetes_executor.py for tasks to queue
[2026-06-06T20:44:50.498+0000] {logging_mixin.py:190} INFO - [2026-06-06T20:44:50.497+0000] {dagbag.py:588} INFO - Filling up the DagBag from /home/airflow/.local/lib/python3.12/site-packages/airflow/example_dags/example_kubernetes_executor.py
[2026-06-06T20:44:50.540+0000] {processor.py:925} INFO - DAG(s) 'example_kubernetes_executor' retrieved from /home/airflow/.local/lib/python3.12/site-packages/airflow/example_dags/example_kubernetes_executor.py
[2026-06-06T20:44:50.613+0000] {logging_mixin.py:190} INFO - [2026-06-06T20:44:50.612+0000] {dag.py:3239} INFO - Sync 1 DAGs
[2026-06-06T20:44:50.656+0000] {logging_mixin.py:190} INFO - [2026-06-06T20:44:50.656+0000] {dag.py:4180} INFO - Setting next_dagrun for example_kubernetes_executor to None, run_after=None
[2026-06-06T20:44:50.713+0000] {processor.py:208} INFO - Processing /home/airflow/.local/lib/python3.12/site-packages/airflow/example_dags/example_kubernetes_executor.py took 0.242 seconds
[2026-06-06T20:45:46.224+0000] {processor.py:186} INFO - Started process (PID=591) to work on /home/airflow/.local/lib/python3.12/site-packages/airflow/example_dags/example_kubernetes_executor.py
[2026-06-06T20:45:46.227+0000] {processor.py:914} INFO - Processing file /home/airflow/.local/lib/python3.12/site-packages/airflow/example_dags/example_kubernetes_executor.py for tasks to queue
[2026-06-06T20:45:46.254+0000] {logging_mixin.py:190} INFO - [2026-06-06T20:45:46.253+0000] {dagbag.py:588} INFO - Filling up the DagBag from /home/airflow/.local/lib/python3.12/site-packages/airflow/example_dags/example_kubernetes_executor.py
[2026-06-06T20:45:46.331+0000] {processor.py:925} INFO - DAG(s) 'example_kubernetes_executor' retrieved from /home/airflow/.local/lib/python3.12/site-packages/airflow/example_dags/example_kubernetes_executor.py
[2026-06-06T20:45:46.532+0000] {logging_mixin.py:190} INFO - [2026-06-06T20:45:46.531+0000] {dag.py:3239} INFO - Sync 1 DAGs
[2026-06-06T20:45:46.616+0000] {logging_mixin.py:190} INFO - [2026-06-06T20:45:46.615+0000] {dag.py:4180} INFO - Setting next_dagrun for example_kubernetes_executor to None, run_after=None
[2026-06-06T20:45:46.726+0000] {processor.py:208} INFO - Processing /home/airflow/.local/lib/python3.12/site-packages/airflow/example_dags/example_kubernetes_executor.py took 0.518 seconds
[2026-06-06T20:46:40.898+0000] {processor.py:186} INFO - Started process (PID=670) to work on /home/airflow/.local/lib/python3.12/site-packages/airflow/example_dags/example_kubernetes_executor.py
[2026-06-06T20:46:40.900+0000] {processor.py:914} INFO - Processing file /home/airflow/.local/lib/python3.12/site-packages/airflow/example_dags/example_kubernetes_executor.py for tasks to queue
[2026-06-06T20:46:40.905+0000] {logging_mixin.py:190} INFO - [2026-06-06T20:46:40.905+0000] {dagbag.py:588} INFO - Filling up the DagBag from /home/airflow/.local/lib/python3.12/site-packages/airflow/example_dags/example_kubernetes_executor.py
[2026-06-06T20:46:40.947+0000] {processor.py:925} INFO - DAG(s) 'example_kubernetes_executor' retrieved from /home/airflow/.local/lib/python3.12/site-packages/airflow/example_dags/example_kubernetes_executor.py
[2026-06-06T20:46:41.038+0000] {logging_mixin.py:190} INFO - [2026-06-06T20:46:41.037+0000] {dag.py:3239} INFO - Sync 1 DAGs
[2026-06-06T20:46:41.085+0000] {logging_mixin.py:190} INFO - [2026-06-06T20:46:41.085+0000] {dag.py:4180} INFO - Setting next_dagrun for example_kubernetes_executor to None, run_after=None
[2026-06-06T20:46:41.159+0000] {processor.py:208} INFO - Processing /home/airflow/.local/lib/python3.12/site-packages/airflow/example_dags/example_kubernetes_executor.py took 0.279 seconds
