[2026-06-06T20:13:49.363+0000] {processor.py:186} INFO - Started process (PID=94) to work on /home/airflow/.local/lib/python3.12/site-packages/airflow/example_dags/example_latest_only_with_trigger.py
[2026-06-06T20:13:49.367+0000] {processor.py:914} INFO - Processing file /home/airflow/.local/lib/python3.12/site-packages/airflow/example_dags/example_latest_only_with_trigger.py for tasks to queue
[2026-06-06T20:13:49.375+0000] {logging_mixin.py:190} INFO - [2026-06-06T20:13:49.374+0000] {dagbag.py:588} INFO - Filling up the DagBag from /home/airflow/.local/lib/python3.12/site-packages/airflow/example_dags/example_latest_only_with_trigger.py
[2026-06-06T20:13:49.392+0000] {processor.py:925} INFO - DAG(s) 'latest_only_with_trigger' retrieved from /home/airflow/.local/lib/python3.12/site-packages/airflow/example_dags/example_latest_only_with_trigger.py
[2026-06-06T20:13:49.609+0000] {logging_mixin.py:190} INFO - [2026-06-06T20:13:49.607+0000] {override.py:1932} INFO - Created Permission View: can read on DAG:latest_only_with_trigger
[2026-06-06T20:13:49.633+0000] {logging_mixin.py:190} INFO - [2026-06-06T20:13:49.632+0000] {override.py:1932} INFO - Created Permission View: can edit on DAG:latest_only_with_trigger
[2026-06-06T20:13:49.647+0000] {logging_mixin.py:190} INFO - [2026-06-06T20:13:49.647+0000] {override.py:1932} INFO - Created Permission View: can delete on DAG:latest_only_with_trigger
[2026-06-06T20:13:49.663+0000] {logging_mixin.py:190} INFO - [2026-06-06T20:13:49.662+0000] {override.py:1932} INFO - Created Permission View: can read on DAG Run:latest_only_with_trigger
[2026-06-06T20:13:49.676+0000] {logging_mixin.py:190} INFO - [2026-06-06T20:13:49.675+0000] {override.py:1932} INFO - Created Permission View: menu access on DAG Run:latest_only_with_trigger
[2026-06-06T20:13:49.688+0000] {logging_mixin.py:190} INFO - [2026-06-06T20:13:49.688+0000] {override.py:1932} INFO - Created Permission View: can delete on DAG Run:latest_only_with_trigger
[2026-06-06T20:13:49.701+0000] {logging_mixin.py:190} INFO - [2026-06-06T20:13:49.701+0000] {override.py:1932} INFO - Created Permission View: can create on DAG Run:latest_only_with_trigger
[2026-06-06T20:13:49.702+0000] {logging_mixin.py:190} INFO - [2026-06-06T20:13:49.702+0000] {dag.py:3239} INFO - Sync 1 DAGs
[2026-06-06T20:13:49.726+0000] {logging_mixin.py:190} INFO - [2026-06-06T20:13:49.726+0000] {dag.py:3262} INFO - Creating ORM DAG for latest_only_with_trigger
[2026-06-06T20:13:49.745+0000] {logging_mixin.py:190} INFO - [2026-06-06T20:13:49.745+0000] {dag.py:4180} INFO - Setting next_dagrun for latest_only_with_trigger to 2026-06-06 16:00:00+00:00, run_after=2026-06-06 20:00:00+00:00
[2026-06-06T20:13:49.782+0000] {processor.py:208} INFO - Processing /home/airflow/.local/lib/python3.12/site-packages/airflow/example_dags/example_latest_only_with_trigger.py took 0.438 seconds
[2026-06-06T20:14:29.004+0000] {processor.py:186} INFO - Started process (PID=155) to work on /home/airflow/.local/lib/python3.12/site-packages/airflow/example_dags/example_latest_only_with_trigger.py
[2026-06-06T20:14:29.007+0000] {processor.py:914} INFO - Processing file /home/airflow/.local/lib/python3.12/site-packages/airflow/example_dags/example_latest_only_with_trigger.py for tasks to queue
[2026-06-06T20:14:29.014+0000] {logging_mixin.py:190} INFO - [2026-06-06T20:14:29.013+0000] {dagbag.py:588} INFO - Filling up the DagBag from /home/airflow/.local/lib/python3.12/site-packages/airflow/example_dags/example_latest_only_with_trigger.py
[2026-06-06T20:14:29.034+0000] {processor.py:925} INFO - DAG(s) 'latest_only_with_trigger' retrieved from /home/airflow/.local/lib/python3.12/site-packages/airflow/example_dags/example_latest_only_with_trigger.py
[2026-06-06T20:14:29.129+0000] {logging_mixin.py:190} INFO - [2026-06-06T20:14:29.127+0000] {dag.py:3239} INFO - Sync 1 DAGs
[2026-06-06T20:14:29.199+0000] {logging_mixin.py:190} INFO - [2026-06-06T20:14:29.199+0000] {dag.py:4180} INFO - Setting next_dagrun for latest_only_with_trigger to 2026-06-06 16:00:00+00:00, run_after=2026-06-06 20:00:00+00:00
[2026-06-06T20:14:29.271+0000] {processor.py:208} INFO - Processing /home/airflow/.local/lib/python3.12/site-packages/airflow/example_dags/example_latest_only_with_trigger.py took 0.280 seconds
[2026-06-06T20:15:04.794+0000] {processor.py:186} INFO - Started process (PID=208) to work on /home/airflow/.local/lib/python3.12/site-packages/airflow/example_dags/example_latest_only_with_trigger.py
[2026-06-06T20:15:04.800+0000] {processor.py:914} INFO - Processing file /home/airflow/.local/lib/python3.12/site-packages/airflow/example_dags/example_latest_only_with_trigger.py for tasks to queue
[2026-06-06T20:15:04.809+0000] {logging_mixin.py:190} INFO - [2026-06-06T20:15:04.808+0000] {dagbag.py:588} INFO - Filling up the DagBag from /home/airflow/.local/lib/python3.12/site-packages/airflow/example_dags/example_latest_only_with_trigger.py
[2026-06-06T20:15:04.835+0000] {processor.py:925} INFO - DAG(s) 'latest_only_with_trigger' retrieved from /home/airflow/.local/lib/python3.12/site-packages/airflow/example_dags/example_latest_only_with_trigger.py
[2026-06-06T20:15:04.907+0000] {logging_mixin.py:190} INFO - [2026-06-06T20:15:04.907+0000] {dag.py:3239} INFO - Sync 1 DAGs
[2026-06-06T20:15:04.977+0000] {logging_mixin.py:190} INFO - [2026-06-06T20:15:04.976+0000] {dag.py:4180} INFO - Setting next_dagrun for latest_only_with_trigger to 2026-06-06 16:00:00+00:00, run_after=2026-06-06 20:00:00+00:00
[2026-06-06T20:15:05.023+0000] {processor.py:208} INFO - Processing /home/airflow/.local/lib/python3.12/site-packages/airflow/example_dags/example_latest_only_with_trigger.py took 0.240 seconds
[2026-06-06T20:15:42.982+0000] {processor.py:186} INFO - Started process (PID=271) to work on /home/airflow/.local/lib/python3.12/site-packages/airflow/example_dags/example_latest_only_with_trigger.py
[2026-06-06T20:15:42.985+0000] {processor.py:914} INFO - Processing file /home/airflow/.local/lib/python3.12/site-packages/airflow/example_dags/example_latest_only_with_trigger.py for tasks to queue
[2026-06-06T20:15:42.994+0000] {logging_mixin.py:190} INFO - [2026-06-06T20:15:42.993+0000] {dagbag.py:588} INFO - Filling up the DagBag from /home/airflow/.local/lib/python3.12/site-packages/airflow/example_dags/example_latest_only_with_trigger.py
[2026-06-06T20:15:43.020+0000] {processor.py:925} INFO - DAG(s) 'latest_only_with_trigger' retrieved from /home/airflow/.local/lib/python3.12/site-packages/airflow/example_dags/example_latest_only_with_trigger.py
[2026-06-06T20:15:43.080+0000] {logging_mixin.py:190} INFO - [2026-06-06T20:15:43.079+0000] {dag.py:3239} INFO - Sync 1 DAGs
[2026-06-06T20:15:43.135+0000] {logging_mixin.py:190} INFO - [2026-06-06T20:15:43.135+0000] {dag.py:4180} INFO - Setting next_dagrun for latest_only_with_trigger to 2026-06-06 16:00:00+00:00, run_after=2026-06-06 20:00:00+00:00
[2026-06-06T20:15:43.178+0000] {processor.py:208} INFO - Processing /home/airflow/.local/lib/python3.12/site-packages/airflow/example_dags/example_latest_only_with_trigger.py took 0.213 seconds
[2026-06-06T20:16:16.336+0000] {processor.py:186} INFO - Started process (PID=332) to work on /home/airflow/.local/lib/python3.12/site-packages/airflow/example_dags/example_latest_only_with_trigger.py
[2026-06-06T20:16:16.337+0000] {processor.py:914} INFO - Processing file /home/airflow/.local/lib/python3.12/site-packages/airflow/example_dags/example_latest_only_with_trigger.py for tasks to queue
[2026-06-06T20:16:16.349+0000] {logging_mixin.py:190} INFO - [2026-06-06T20:16:16.348+0000] {dagbag.py:588} INFO - Filling up the DagBag from /home/airflow/.local/lib/python3.12/site-packages/airflow/example_dags/example_latest_only_with_trigger.py
[2026-06-06T20:16:16.364+0000] {processor.py:925} INFO - DAG(s) 'latest_only_with_trigger' retrieved from /home/airflow/.local/lib/python3.12/site-packages/airflow/example_dags/example_latest_only_with_trigger.py
[2026-06-06T20:16:16.416+0000] {logging_mixin.py:190} INFO - [2026-06-06T20:16:16.415+0000] {dag.py:3239} INFO - Sync 1 DAGs
[2026-06-06T20:16:16.481+0000] {logging_mixin.py:190} INFO - [2026-06-06T20:16:16.480+0000] {dag.py:4180} INFO - Setting next_dagrun for latest_only_with_trigger to 2026-06-06 16:00:00+00:00, run_after=2026-06-06 20:00:00+00:00
[2026-06-06T20:16:16.555+0000] {processor.py:208} INFO - Processing /home/airflow/.local/lib/python3.12/site-packages/airflow/example_dags/example_latest_only_with_trigger.py took 0.232 seconds
[2026-06-06T20:16:51.627+0000] {processor.py:186} INFO - Started process (PID=400) to work on /home/airflow/.local/lib/python3.12/site-packages/airflow/example_dags/example_latest_only_with_trigger.py
[2026-06-06T20:16:51.629+0000] {processor.py:914} INFO - Processing file /home/airflow/.local/lib/python3.12/site-packages/airflow/example_dags/example_latest_only_with_trigger.py for tasks to queue
[2026-06-06T20:16:51.635+0000] {logging_mixin.py:190} INFO - [2026-06-06T20:16:51.634+0000] {dagbag.py:588} INFO - Filling up the DagBag from /home/airflow/.local/lib/python3.12/site-packages/airflow/example_dags/example_latest_only_with_trigger.py
[2026-06-06T20:16:51.653+0000] {processor.py:925} INFO - DAG(s) 'latest_only_with_trigger' retrieved from /home/airflow/.local/lib/python3.12/site-packages/airflow/example_dags/example_latest_only_with_trigger.py
[2026-06-06T20:16:51.706+0000] {logging_mixin.py:190} INFO - [2026-06-06T20:16:51.706+0000] {dag.py:3239} INFO - Sync 1 DAGs
[2026-06-06T20:16:51.750+0000] {logging_mixin.py:190} INFO - [2026-06-06T20:16:51.750+0000] {dag.py:4180} INFO - Setting next_dagrun for latest_only_with_trigger to 2026-06-06 16:00:00+00:00, run_after=2026-06-06 20:00:00+00:00
[2026-06-06T20:16:51.790+0000] {processor.py:208} INFO - Processing /home/airflow/.local/lib/python3.12/site-packages/airflow/example_dags/example_latest_only_with_trigger.py took 0.177 seconds
[2026-06-06T20:17:23.829+0000] {processor.py:186} INFO - Started process (PID=462) to work on /home/airflow/.local/lib/python3.12/site-packages/airflow/example_dags/example_latest_only_with_trigger.py
[2026-06-06T20:17:23.831+0000] {processor.py:914} INFO - Processing file /home/airflow/.local/lib/python3.12/site-packages/airflow/example_dags/example_latest_only_with_trigger.py for tasks to queue
[2026-06-06T20:17:23.836+0000] {logging_mixin.py:190} INFO - [2026-06-06T20:17:23.836+0000] {dagbag.py:588} INFO - Filling up the DagBag from /home/airflow/.local/lib/python3.12/site-packages/airflow/example_dags/example_latest_only_with_trigger.py
[2026-06-06T20:17:23.848+0000] {processor.py:925} INFO - DAG(s) 'latest_only_with_trigger' retrieved from /home/airflow/.local/lib/python3.12/site-packages/airflow/example_dags/example_latest_only_with_trigger.py
[2026-06-06T20:17:23.890+0000] {logging_mixin.py:190} INFO - [2026-06-06T20:17:23.889+0000] {dag.py:3239} INFO - Sync 1 DAGs
[2026-06-06T20:17:23.935+0000] {logging_mixin.py:190} INFO - [2026-06-06T20:17:23.934+0000] {dag.py:4180} INFO - Setting next_dagrun for latest_only_with_trigger to 2026-06-06 16:00:00+00:00, run_after=2026-06-06 20:00:00+00:00
[2026-06-06T20:17:23.967+0000] {processor.py:208} INFO - Processing /home/airflow/.local/lib/python3.12/site-packages/airflow/example_dags/example_latest_only_with_trigger.py took 0.148 seconds
[2026-06-06T20:18:01.870+0000] {processor.py:186} INFO - Started process (PID=525) to work on /home/airflow/.local/lib/python3.12/site-packages/airflow/example_dags/example_latest_only_with_trigger.py
[2026-06-06T20:18:01.872+0000] {processor.py:914} INFO - Processing file /home/airflow/.local/lib/python3.12/site-packages/airflow/example_dags/example_latest_only_with_trigger.py for tasks to queue
[2026-06-06T20:18:01.878+0000] {logging_mixin.py:190} INFO - [2026-06-06T20:18:01.878+0000] {dagbag.py:588} INFO - Filling up the DagBag from /home/airflow/.local/lib/python3.12/site-packages/airflow/example_dags/example_latest_only_with_trigger.py
[2026-06-06T20:18:01.892+0000] {processor.py:925} INFO - DAG(s) 'latest_only_with_trigger' retrieved from /home/airflow/.local/lib/python3.12/site-packages/airflow/example_dags/example_latest_only_with_trigger.py
[2026-06-06T20:18:01.939+0000] {logging_mixin.py:190} INFO - [2026-06-06T20:18:01.938+0000] {dag.py:3239} INFO - Sync 1 DAGs
[2026-06-06T20:18:01.987+0000] {logging_mixin.py:190} INFO - [2026-06-06T20:18:01.987+0000] {dag.py:4180} INFO - Setting next_dagrun for latest_only_with_trigger to 2026-06-06 16:00:00+00:00, run_after=2026-06-06 20:00:00+00:00
[2026-06-06T20:18:02.025+0000] {processor.py:208} INFO - Processing /home/airflow/.local/lib/python3.12/site-packages/airflow/example_dags/example_latest_only_with_trigger.py took 0.165 seconds
[2026-06-06T20:18:32.941+0000] {processor.py:186} INFO - Started process (PID=585) to work on /home/airflow/.local/lib/python3.12/site-packages/airflow/example_dags/example_latest_only_with_trigger.py
[2026-06-06T20:18:32.943+0000] {processor.py:914} INFO - Processing file /home/airflow/.local/lib/python3.12/site-packages/airflow/example_dags/example_latest_only_with_trigger.py for tasks to queue
[2026-06-06T20:18:32.949+0000] {logging_mixin.py:190} INFO - [2026-06-06T20:18:32.948+0000] {dagbag.py:588} INFO - Filling up the DagBag from /home/airflow/.local/lib/python3.12/site-packages/airflow/example_dags/example_latest_only_with_trigger.py
[2026-06-06T20:18:32.964+0000] {processor.py:925} INFO - DAG(s) 'latest_only_with_trigger' retrieved from /home/airflow/.local/lib/python3.12/site-packages/airflow/example_dags/example_latest_only_with_trigger.py
[2026-06-06T20:18:33.015+0000] {logging_mixin.py:190} INFO - [2026-06-06T20:18:33.015+0000] {dag.py:3239} INFO - Sync 1 DAGs
[2026-06-06T20:18:33.058+0000] {logging_mixin.py:190} INFO - [2026-06-06T20:18:33.057+0000] {dag.py:4180} INFO - Setting next_dagrun for latest_only_with_trigger to 2026-06-06 16:00:00+00:00, run_after=2026-06-06 20:00:00+00:00
[2026-06-06T20:18:33.093+0000] {processor.py:208} INFO - Processing /home/airflow/.local/lib/python3.12/site-packages/airflow/example_dags/example_latest_only_with_trigger.py took 0.165 seconds
[2026-06-06T20:19:05.510+0000] {processor.py:186} INFO - Started process (PID=647) to work on /home/airflow/.local/lib/python3.12/site-packages/airflow/example_dags/example_latest_only_with_trigger.py
[2026-06-06T20:19:05.513+0000] {processor.py:914} INFO - Processing file /home/airflow/.local/lib/python3.12/site-packages/airflow/example_dags/example_latest_only_with_trigger.py for tasks to queue
[2026-06-06T20:19:05.519+0000] {logging_mixin.py:190} INFO - [2026-06-06T20:19:05.519+0000] {dagbag.py:588} INFO - Filling up the DagBag from /home/airflow/.local/lib/python3.12/site-packages/airflow/example_dags/example_latest_only_with_trigger.py
[2026-06-06T20:19:05.537+0000] {processor.py:925} INFO - DAG(s) 'latest_only_with_trigger' retrieved from /home/airflow/.local/lib/python3.12/site-packages/airflow/example_dags/example_latest_only_with_trigger.py
[2026-06-06T20:19:05.591+0000] {logging_mixin.py:190} INFO - [2026-06-06T20:19:05.590+0000] {dag.py:3239} INFO - Sync 1 DAGs
[2026-06-06T20:19:05.646+0000] {logging_mixin.py:190} INFO - [2026-06-06T20:19:05.645+0000] {dag.py:4180} INFO - Setting next_dagrun for latest_only_with_trigger to 2026-06-06 16:00:00+00:00, run_after=2026-06-06 20:00:00+00:00
[2026-06-06T20:19:05.680+0000] {processor.py:208} INFO - Processing /home/airflow/.local/lib/python3.12/site-packages/airflow/example_dags/example_latest_only_with_trigger.py took 0.181 seconds
[2026-06-06T20:19:36.676+0000] {processor.py:186} INFO - Started process (PID=709) to work on /home/airflow/.local/lib/python3.12/site-packages/airflow/example_dags/example_latest_only_with_trigger.py
[2026-06-06T20:19:36.680+0000] {processor.py:914} INFO - Processing file /home/airflow/.local/lib/python3.12/site-packages/airflow/example_dags/example_latest_only_with_trigger.py for tasks to queue
[2026-06-06T20:19:36.691+0000] {logging_mixin.py:190} INFO - [2026-06-06T20:19:36.690+0000] {dagbag.py:588} INFO - Filling up the DagBag from /home/airflow/.local/lib/python3.12/site-packages/airflow/example_dags/example_latest_only_with_trigger.py
[2026-06-06T20:19:36.710+0000] {processor.py:925} INFO - DAG(s) 'latest_only_with_trigger' retrieved from /home/airflow/.local/lib/python3.12/site-packages/airflow/example_dags/example_latest_only_with_trigger.py
[2026-06-06T20:19:36.802+0000] {logging_mixin.py:190} INFO - [2026-06-06T20:19:36.801+0000] {dag.py:3239} INFO - Sync 1 DAGs
[2026-06-06T20:19:36.864+0000] {logging_mixin.py:190} INFO - [2026-06-06T20:19:36.863+0000] {dag.py:4180} INFO - Setting next_dagrun for latest_only_with_trigger to 2026-06-06 16:00:00+00:00, run_after=2026-06-06 20:00:00+00:00
[2026-06-06T20:19:36.916+0000] {processor.py:208} INFO - Processing /home/airflow/.local/lib/python3.12/site-packages/airflow/example_dags/example_latest_only_with_trigger.py took 0.252 seconds
[2026-06-06T20:20:20.943+0000] {processor.py:186} INFO - Started process (PID=778) to work on /home/airflow/.local/lib/python3.12/site-packages/airflow/example_dags/example_latest_only_with_trigger.py
[2026-06-06T20:20:20.944+0000] {processor.py:914} INFO - Processing file /home/airflow/.local/lib/python3.12/site-packages/airflow/example_dags/example_latest_only_with_trigger.py for tasks to queue
[2026-06-06T20:20:20.949+0000] {logging_mixin.py:190} INFO - [2026-06-06T20:20:20.948+0000] {dagbag.py:588} INFO - Filling up the DagBag from /home/airflow/.local/lib/python3.12/site-packages/airflow/example_dags/example_latest_only_with_trigger.py
[2026-06-06T20:20:20.964+0000] {processor.py:925} INFO - DAG(s) 'latest_only_with_trigger' retrieved from /home/airflow/.local/lib/python3.12/site-packages/airflow/example_dags/example_latest_only_with_trigger.py
[2026-06-06T20:20:21.017+0000] {logging_mixin.py:190} INFO - [2026-06-06T20:20:21.016+0000] {dag.py:3239} INFO - Sync 1 DAGs
[2026-06-06T20:20:21.064+0000] {logging_mixin.py:190} INFO - [2026-06-06T20:20:21.063+0000] {dag.py:4180} INFO - Setting next_dagrun for latest_only_with_trigger to 2026-06-06 16:00:00+00:00, run_after=2026-06-06 20:00:00+00:00
[2026-06-06T20:20:21.097+0000] {processor.py:208} INFO - Processing /home/airflow/.local/lib/python3.12/site-packages/airflow/example_dags/example_latest_only_with_trigger.py took 0.165 seconds
[2026-06-06T20:21:04.273+0000] {processor.py:186} INFO - Started process (PID=843) to work on /home/airflow/.local/lib/python3.12/site-packages/airflow/example_dags/example_latest_only_with_trigger.py
[2026-06-06T20:21:04.278+0000] {processor.py:914} INFO - Processing file /home/airflow/.local/lib/python3.12/site-packages/airflow/example_dags/example_latest_only_with_trigger.py for tasks to queue
[2026-06-06T20:21:04.284+0000] {logging_mixin.py:190} INFO - [2026-06-06T20:21:04.284+0000] {dagbag.py:588} INFO - Filling up the DagBag from /home/airflow/.local/lib/python3.12/site-packages/airflow/example_dags/example_latest_only_with_trigger.py
[2026-06-06T20:21:04.302+0000] {processor.py:925} INFO - DAG(s) 'latest_only_with_trigger' retrieved from /home/airflow/.local/lib/python3.12/site-packages/airflow/example_dags/example_latest_only_with_trigger.py
[2026-06-06T20:21:04.371+0000] {logging_mixin.py:190} INFO - [2026-06-06T20:21:04.370+0000] {dag.py:3239} INFO - Sync 1 DAGs
[2026-06-06T20:21:04.442+0000] {logging_mixin.py:190} INFO - [2026-06-06T20:21:04.441+0000] {dag.py:4180} INFO - Setting next_dagrun for latest_only_with_trigger to 2026-06-06 16:00:00+00:00, run_after=2026-06-06 20:00:00+00:00
[2026-06-06T20:21:04.495+0000] {processor.py:208} INFO - Processing /home/airflow/.local/lib/python3.12/site-packages/airflow/example_dags/example_latest_only_with_trigger.py took 0.237 seconds
[2026-06-06T20:21:41.884+0000] {processor.py:186} INFO - Started process (PID=904) to work on /home/airflow/.local/lib/python3.12/site-packages/airflow/example_dags/example_latest_only_with_trigger.py
[2026-06-06T20:21:41.886+0000] {processor.py:914} INFO - Processing file /home/airflow/.local/lib/python3.12/site-packages/airflow/example_dags/example_latest_only_with_trigger.py for tasks to queue
[2026-06-06T20:21:41.891+0000] {logging_mixin.py:190} INFO - [2026-06-06T20:21:41.891+0000] {dagbag.py:588} INFO - Filling up the DagBag from /home/airflow/.local/lib/python3.12/site-packages/airflow/example_dags/example_latest_only_with_trigger.py
[2026-06-06T20:21:41.905+0000] {processor.py:925} INFO - DAG(s) 'latest_only_with_trigger' retrieved from /home/airflow/.local/lib/python3.12/site-packages/airflow/example_dags/example_latest_only_with_trigger.py
[2026-06-06T20:21:41.944+0000] {logging_mixin.py:190} INFO - [2026-06-06T20:21:41.944+0000] {dag.py:3239} INFO - Sync 1 DAGs
[2026-06-06T20:21:41.980+0000] {logging_mixin.py:190} INFO - [2026-06-06T20:21:41.980+0000] {dag.py:4180} INFO - Setting next_dagrun for latest_only_with_trigger to 2026-06-06 16:00:00+00:00, run_after=2026-06-06 20:00:00+00:00
[2026-06-06T20:21:42.012+0000] {processor.py:208} INFO - Processing /home/airflow/.local/lib/python3.12/site-packages/airflow/example_dags/example_latest_only_with_trigger.py took 0.138 seconds
[2026-06-06T20:22:16.533+0000] {processor.py:186} INFO - Started process (PID=966) to work on /home/airflow/.local/lib/python3.12/site-packages/airflow/example_dags/example_latest_only_with_trigger.py
[2026-06-06T20:22:16.537+0000] {processor.py:914} INFO - Processing file /home/airflow/.local/lib/python3.12/site-packages/airflow/example_dags/example_latest_only_with_trigger.py for tasks to queue
[2026-06-06T20:22:16.543+0000] {logging_mixin.py:190} INFO - [2026-06-06T20:22:16.543+0000] {dagbag.py:588} INFO - Filling up the DagBag from /home/airflow/.local/lib/python3.12/site-packages/airflow/example_dags/example_latest_only_with_trigger.py
[2026-06-06T20:22:16.562+0000] {processor.py:925} INFO - DAG(s) 'latest_only_with_trigger' retrieved from /home/airflow/.local/lib/python3.12/site-packages/airflow/example_dags/example_latest_only_with_trigger.py
[2026-06-06T20:22:16.620+0000] {logging_mixin.py:190} INFO - [2026-06-06T20:22:16.619+0000] {dag.py:3239} INFO - Sync 1 DAGs
[2026-06-06T20:22:16.682+0000] {logging_mixin.py:190} INFO - [2026-06-06T20:22:16.681+0000] {dag.py:4180} INFO - Setting next_dagrun for latest_only_with_trigger to 2026-06-06 16:00:00+00:00, run_after=2026-06-06 20:00:00+00:00
[2026-06-06T20:22:16.739+0000] {processor.py:208} INFO - Processing /home/airflow/.local/lib/python3.12/site-packages/airflow/example_dags/example_latest_only_with_trigger.py took 0.223 seconds
[2026-06-06T20:22:56.876+0000] {processor.py:186} INFO - Started process (PID=1034) to work on /home/airflow/.local/lib/python3.12/site-packages/airflow/example_dags/example_latest_only_with_trigger.py
[2026-06-06T20:22:56.878+0000] {processor.py:914} INFO - Processing file /home/airflow/.local/lib/python3.12/site-packages/airflow/example_dags/example_latest_only_with_trigger.py for tasks to queue
[2026-06-06T20:22:56.888+0000] {logging_mixin.py:190} INFO - [2026-06-06T20:22:56.887+0000] {dagbag.py:588} INFO - Filling up the DagBag from /home/airflow/.local/lib/python3.12/site-packages/airflow/example_dags/example_latest_only_with_trigger.py
[2026-06-06T20:22:56.906+0000] {processor.py:925} INFO - DAG(s) 'latest_only_with_trigger' retrieved from /home/airflow/.local/lib/python3.12/site-packages/airflow/example_dags/example_latest_only_with_trigger.py
[2026-06-06T20:22:56.971+0000] {logging_mixin.py:190} INFO - [2026-06-06T20:22:56.971+0000] {dag.py:3239} INFO - Sync 1 DAGs
[2026-06-06T20:22:57.032+0000] {logging_mixin.py:190} INFO - [2026-06-06T20:22:57.031+0000] {dag.py:4180} INFO - Setting next_dagrun for latest_only_with_trigger to 2026-06-06 16:00:00+00:00, run_after=2026-06-06 20:00:00+00:00
[2026-06-06T20:22:57.090+0000] {processor.py:208} INFO - Processing /home/airflow/.local/lib/python3.12/site-packages/airflow/example_dags/example_latest_only_with_trigger.py took 0.227 seconds
[2026-06-06T20:23:31.216+0000] {processor.py:186} INFO - Started process (PID=1095) to work on /home/airflow/.local/lib/python3.12/site-packages/airflow/example_dags/example_latest_only_with_trigger.py
[2026-06-06T20:23:31.218+0000] {processor.py:914} INFO - Processing file /home/airflow/.local/lib/python3.12/site-packages/airflow/example_dags/example_latest_only_with_trigger.py for tasks to queue
[2026-06-06T20:23:31.224+0000] {logging_mixin.py:190} INFO - [2026-06-06T20:23:31.223+0000] {dagbag.py:588} INFO - Filling up the DagBag from /home/airflow/.local/lib/python3.12/site-packages/airflow/example_dags/example_latest_only_with_trigger.py
[2026-06-06T20:23:31.242+0000] {processor.py:925} INFO - DAG(s) 'latest_only_with_trigger' retrieved from /home/airflow/.local/lib/python3.12/site-packages/airflow/example_dags/example_latest_only_with_trigger.py
[2026-06-06T20:23:31.295+0000] {logging_mixin.py:190} INFO - [2026-06-06T20:23:31.294+0000] {dag.py:3239} INFO - Sync 1 DAGs
[2026-06-06T20:23:31.341+0000] {logging_mixin.py:190} INFO - [2026-06-06T20:23:31.341+0000] {dag.py:4180} INFO - Setting next_dagrun for latest_only_with_trigger to 2026-06-06 16:00:00+00:00, run_after=2026-06-06 20:00:00+00:00
[2026-06-06T20:23:31.379+0000] {processor.py:208} INFO - Processing /home/airflow/.local/lib/python3.12/site-packages/airflow/example_dags/example_latest_only_with_trigger.py took 0.175 seconds
[2026-06-06T20:24:05.164+0000] {processor.py:186} INFO - Started process (PID=1152) to work on /home/airflow/.local/lib/python3.12/site-packages/airflow/example_dags/example_latest_only_with_trigger.py
[2026-06-06T20:24:05.167+0000] {processor.py:914} INFO - Processing file /home/airflow/.local/lib/python3.12/site-packages/airflow/example_dags/example_latest_only_with_trigger.py for tasks to queue
[2026-06-06T20:24:05.174+0000] {logging_mixin.py:190} INFO - [2026-06-06T20:24:05.174+0000] {dagbag.py:588} INFO - Filling up the DagBag from /home/airflow/.local/lib/python3.12/site-packages/airflow/example_dags/example_latest_only_with_trigger.py
[2026-06-06T20:24:05.194+0000] {processor.py:925} INFO - DAG(s) 'latest_only_with_trigger' retrieved from /home/airflow/.local/lib/python3.12/site-packages/airflow/example_dags/example_latest_only_with_trigger.py
[2026-06-06T20:24:05.253+0000] {logging_mixin.py:190} INFO - [2026-06-06T20:24:05.252+0000] {dag.py:3239} INFO - Sync 1 DAGs
[2026-06-06T20:24:05.301+0000] {logging_mixin.py:190} INFO - [2026-06-06T20:24:05.300+0000] {dag.py:4180} INFO - Setting next_dagrun for latest_only_with_trigger to 2026-06-06 16:00:00+00:00, run_after=2026-06-06 20:00:00+00:00
[2026-06-06T20:24:05.339+0000] {processor.py:208} INFO - Processing /home/airflow/.local/lib/python3.12/site-packages/airflow/example_dags/example_latest_only_with_trigger.py took 0.189 seconds
[2026-06-06T20:24:40.009+0000] {processor.py:186} INFO - Started process (PID=1213) to work on /home/airflow/.local/lib/python3.12/site-packages/airflow/example_dags/example_latest_only_with_trigger.py
[2026-06-06T20:24:40.010+0000] {processor.py:914} INFO - Processing file /home/airflow/.local/lib/python3.12/site-packages/airflow/example_dags/example_latest_only_with_trigger.py for tasks to queue
[2026-06-06T20:24:40.016+0000] {logging_mixin.py:190} INFO - [2026-06-06T20:24:40.015+0000] {dagbag.py:588} INFO - Filling up the DagBag from /home/airflow/.local/lib/python3.12/site-packages/airflow/example_dags/example_latest_only_with_trigger.py
[2026-06-06T20:24:40.031+0000] {processor.py:925} INFO - DAG(s) 'latest_only_with_trigger' retrieved from /home/airflow/.local/lib/python3.12/site-packages/airflow/example_dags/example_latest_only_with_trigger.py
[2026-06-06T20:24:40.085+0000] {logging_mixin.py:190} INFO - [2026-06-06T20:24:40.084+0000] {dag.py:3239} INFO - Sync 1 DAGs
[2026-06-06T20:24:40.136+0000] {logging_mixin.py:190} INFO - [2026-06-06T20:24:40.136+0000] {dag.py:4180} INFO - Setting next_dagrun for latest_only_with_trigger to 2026-06-06 16:00:00+00:00, run_after=2026-06-06 20:00:00+00:00
[2026-06-06T20:24:40.177+0000] {processor.py:208} INFO - Processing /home/airflow/.local/lib/python3.12/site-packages/airflow/example_dags/example_latest_only_with_trigger.py took 0.184 seconds
[2026-06-06T20:25:17.881+0000] {processor.py:186} INFO - Started process (PID=1276) to work on /home/airflow/.local/lib/python3.12/site-packages/airflow/example_dags/example_latest_only_with_trigger.py
[2026-06-06T20:25:17.887+0000] {processor.py:914} INFO - Processing file /home/airflow/.local/lib/python3.12/site-packages/airflow/example_dags/example_latest_only_with_trigger.py for tasks to queue
[2026-06-06T20:25:17.900+0000] {logging_mixin.py:190} INFO - [2026-06-06T20:25:17.899+0000] {dagbag.py:588} INFO - Filling up the DagBag from /home/airflow/.local/lib/python3.12/site-packages/airflow/example_dags/example_latest_only_with_trigger.py
[2026-06-06T20:25:17.943+0000] {processor.py:925} INFO - DAG(s) 'latest_only_with_trigger' retrieved from /home/airflow/.local/lib/python3.12/site-packages/airflow/example_dags/example_latest_only_with_trigger.py
[2026-06-06T20:25:18.092+0000] {logging_mixin.py:190} INFO - [2026-06-06T20:25:18.092+0000] {dag.py:3239} INFO - Sync 1 DAGs
[2026-06-06T20:25:18.165+0000] {logging_mixin.py:190} INFO - [2026-06-06T20:25:18.165+0000] {dag.py:4180} INFO - Setting next_dagrun for latest_only_with_trigger to 2026-06-06 16:00:00+00:00, run_after=2026-06-06 20:00:00+00:00
[2026-06-06T20:25:18.220+0000] {processor.py:208} INFO - Processing /home/airflow/.local/lib/python3.12/site-packages/airflow/example_dags/example_latest_only_with_trigger.py took 0.363 seconds
[2026-06-06T20:25:48.896+0000] {processor.py:186} INFO - Started process (PID=1337) to work on /home/airflow/.local/lib/python3.12/site-packages/airflow/example_dags/example_latest_only_with_trigger.py
[2026-06-06T20:25:48.900+0000] {processor.py:914} INFO - Processing file /home/airflow/.local/lib/python3.12/site-packages/airflow/example_dags/example_latest_only_with_trigger.py for tasks to queue
[2026-06-06T20:25:48.906+0000] {logging_mixin.py:190} INFO - [2026-06-06T20:25:48.905+0000] {dagbag.py:588} INFO - Filling up the DagBag from /home/airflow/.local/lib/python3.12/site-packages/airflow/example_dags/example_latest_only_with_trigger.py
[2026-06-06T20:25:48.924+0000] {processor.py:925} INFO - DAG(s) 'latest_only_with_trigger' retrieved from /home/airflow/.local/lib/python3.12/site-packages/airflow/example_dags/example_latest_only_with_trigger.py
[2026-06-06T20:25:48.988+0000] {logging_mixin.py:190} INFO - [2026-06-06T20:25:48.987+0000] {dag.py:3239} INFO - Sync 1 DAGs
[2026-06-06T20:25:49.056+0000] {logging_mixin.py:190} INFO - [2026-06-06T20:25:49.056+0000] {dag.py:4180} INFO - Setting next_dagrun for latest_only_with_trigger to 2026-06-06 16:00:00+00:00, run_after=2026-06-06 20:00:00+00:00
[2026-06-06T20:25:49.097+0000] {processor.py:208} INFO - Processing /home/airflow/.local/lib/python3.12/site-packages/airflow/example_dags/example_latest_only_with_trigger.py took 0.214 seconds
[2026-06-06T20:26:31.347+0000] {processor.py:186} INFO - Started process (PID=1406) to work on /home/airflow/.local/lib/python3.12/site-packages/airflow/example_dags/example_latest_only_with_trigger.py
[2026-06-06T20:26:31.350+0000] {processor.py:914} INFO - Processing file /home/airflow/.local/lib/python3.12/site-packages/airflow/example_dags/example_latest_only_with_trigger.py for tasks to queue
[2026-06-06T20:26:31.362+0000] {logging_mixin.py:190} INFO - [2026-06-06T20:26:31.361+0000] {dagbag.py:588} INFO - Filling up the DagBag from /home/airflow/.local/lib/python3.12/site-packages/airflow/example_dags/example_latest_only_with_trigger.py
[2026-06-06T20:26:31.404+0000] {processor.py:925} INFO - DAG(s) 'latest_only_with_trigger' retrieved from /home/airflow/.local/lib/python3.12/site-packages/airflow/example_dags/example_latest_only_with_trigger.py
[2026-06-06T20:26:31.467+0000] {logging_mixin.py:190} INFO - [2026-06-06T20:26:31.466+0000] {dag.py:3239} INFO - Sync 1 DAGs
[2026-06-06T20:26:31.537+0000] {logging_mixin.py:190} INFO - [2026-06-06T20:26:31.537+0000] {dag.py:4180} INFO - Setting next_dagrun for latest_only_with_trigger to 2026-06-06 16:00:00+00:00, run_after=2026-06-06 20:00:00+00:00
[2026-06-06T20:26:31.597+0000] {processor.py:208} INFO - Processing /home/airflow/.local/lib/python3.12/site-packages/airflow/example_dags/example_latest_only_with_trigger.py took 0.273 seconds
[2026-06-06T20:27:04.113+0000] {processor.py:186} INFO - Started process (PID=1466) to work on /home/airflow/.local/lib/python3.12/site-packages/airflow/example_dags/example_latest_only_with_trigger.py
[2026-06-06T20:27:04.114+0000] {processor.py:914} INFO - Processing file /home/airflow/.local/lib/python3.12/site-packages/airflow/example_dags/example_latest_only_with_trigger.py for tasks to queue
[2026-06-06T20:27:04.120+0000] {logging_mixin.py:190} INFO - [2026-06-06T20:27:04.119+0000] {dagbag.py:588} INFO - Filling up the DagBag from /home/airflow/.local/lib/python3.12/site-packages/airflow/example_dags/example_latest_only_with_trigger.py
[2026-06-06T20:27:04.136+0000] {processor.py:925} INFO - DAG(s) 'latest_only_with_trigger' retrieved from /home/airflow/.local/lib/python3.12/site-packages/airflow/example_dags/example_latest_only_with_trigger.py
[2026-06-06T20:27:04.182+0000] {logging_mixin.py:190} INFO - [2026-06-06T20:27:04.182+0000] {dag.py:3239} INFO - Sync 1 DAGs
[2026-06-06T20:27:04.220+0000] {logging_mixin.py:190} INFO - [2026-06-06T20:27:04.220+0000] {dag.py:4180} INFO - Setting next_dagrun for latest_only_with_trigger to 2026-06-06 16:00:00+00:00, run_after=2026-06-06 20:00:00+00:00
[2026-06-06T20:27:04.260+0000] {processor.py:208} INFO - Processing /home/airflow/.local/lib/python3.12/site-packages/airflow/example_dags/example_latest_only_with_trigger.py took 0.159 seconds
[2026-06-06T20:27:37.596+0000] {processor.py:186} INFO - Started process (PID=1527) to work on /home/airflow/.local/lib/python3.12/site-packages/airflow/example_dags/example_latest_only_with_trigger.py
[2026-06-06T20:27:37.598+0000] {processor.py:914} INFO - Processing file /home/airflow/.local/lib/python3.12/site-packages/airflow/example_dags/example_latest_only_with_trigger.py for tasks to queue
[2026-06-06T20:27:37.603+0000] {logging_mixin.py:190} INFO - [2026-06-06T20:27:37.602+0000] {dagbag.py:588} INFO - Filling up the DagBag from /home/airflow/.local/lib/python3.12/site-packages/airflow/example_dags/example_latest_only_with_trigger.py
[2026-06-06T20:27:37.618+0000] {processor.py:925} INFO - DAG(s) 'latest_only_with_trigger' retrieved from /home/airflow/.local/lib/python3.12/site-packages/airflow/example_dags/example_latest_only_with_trigger.py
[2026-06-06T20:27:37.674+0000] {logging_mixin.py:190} INFO - [2026-06-06T20:27:37.673+0000] {dag.py:3239} INFO - Sync 1 DAGs
[2026-06-06T20:27:37.722+0000] {logging_mixin.py:190} INFO - [2026-06-06T20:27:37.721+0000] {dag.py:4180} INFO - Setting next_dagrun for latest_only_with_trigger to 2026-06-06 16:00:00+00:00, run_after=2026-06-06 20:00:00+00:00
[2026-06-06T20:27:37.763+0000] {processor.py:208} INFO - Processing /home/airflow/.local/lib/python3.12/site-packages/airflow/example_dags/example_latest_only_with_trigger.py took 0.178 seconds
[2026-06-06T20:28:19.608+0000] {processor.py:186} INFO - Started process (PID=1590) to work on /home/airflow/.local/lib/python3.12/site-packages/airflow/example_dags/example_latest_only_with_trigger.py
[2026-06-06T20:28:19.611+0000] {processor.py:914} INFO - Processing file /home/airflow/.local/lib/python3.12/site-packages/airflow/example_dags/example_latest_only_with_trigger.py for tasks to queue
[2026-06-06T20:28:19.622+0000] {logging_mixin.py:190} INFO - [2026-06-06T20:28:19.622+0000] {dagbag.py:588} INFO - Filling up the DagBag from /home/airflow/.local/lib/python3.12/site-packages/airflow/example_dags/example_latest_only_with_trigger.py
[2026-06-06T20:28:19.654+0000] {processor.py:925} INFO - DAG(s) 'latest_only_with_trigger' retrieved from /home/airflow/.local/lib/python3.12/site-packages/airflow/example_dags/example_latest_only_with_trigger.py
[2026-06-06T20:28:19.741+0000] {logging_mixin.py:190} INFO - [2026-06-06T20:28:19.741+0000] {dag.py:3239} INFO - Sync 1 DAGs
[2026-06-06T20:28:19.807+0000] {logging_mixin.py:190} INFO - [2026-06-06T20:28:19.807+0000] {dag.py:4180} INFO - Setting next_dagrun for latest_only_with_trigger to 2026-06-06 16:00:00+00:00, run_after=2026-06-06 20:00:00+00:00
[2026-06-06T20:28:19.861+0000] {processor.py:208} INFO - Processing /home/airflow/.local/lib/python3.12/site-packages/airflow/example_dags/example_latest_only_with_trigger.py took 0.267 seconds
[2026-06-06T20:28:53.149+0000] {processor.py:186} INFO - Started process (PID=1658) to work on /home/airflow/.local/lib/python3.12/site-packages/airflow/example_dags/example_latest_only_with_trigger.py
[2026-06-06T20:28:53.151+0000] {processor.py:914} INFO - Processing file /home/airflow/.local/lib/python3.12/site-packages/airflow/example_dags/example_latest_only_with_trigger.py for tasks to queue
[2026-06-06T20:28:53.156+0000] {logging_mixin.py:190} INFO - [2026-06-06T20:28:53.156+0000] {dagbag.py:588} INFO - Filling up the DagBag from /home/airflow/.local/lib/python3.12/site-packages/airflow/example_dags/example_latest_only_with_trigger.py
[2026-06-06T20:28:53.172+0000] {processor.py:925} INFO - DAG(s) 'latest_only_with_trigger' retrieved from /home/airflow/.local/lib/python3.12/site-packages/airflow/example_dags/example_latest_only_with_trigger.py
[2026-06-06T20:28:53.233+0000] {logging_mixin.py:190} INFO - [2026-06-06T20:28:53.233+0000] {dag.py:3239} INFO - Sync 1 DAGs
[2026-06-06T20:28:53.288+0000] {logging_mixin.py:190} INFO - [2026-06-06T20:28:53.288+0000] {dag.py:4180} INFO - Setting next_dagrun for latest_only_with_trigger to 2026-06-06 16:00:00+00:00, run_after=2026-06-06 20:00:00+00:00
[2026-06-06T20:28:53.329+0000] {processor.py:208} INFO - Processing /home/airflow/.local/lib/python3.12/site-packages/airflow/example_dags/example_latest_only_with_trigger.py took 0.192 seconds
[2026-06-06T20:29:36.784+0000] {processor.py:186} INFO - Started process (PID=1722) to work on /home/airflow/.local/lib/python3.12/site-packages/airflow/example_dags/example_latest_only_with_trigger.py
[2026-06-06T20:29:36.786+0000] {processor.py:914} INFO - Processing file /home/airflow/.local/lib/python3.12/site-packages/airflow/example_dags/example_latest_only_with_trigger.py for tasks to queue
[2026-06-06T20:29:36.791+0000] {logging_mixin.py:190} INFO - [2026-06-06T20:29:36.790+0000] {dagbag.py:588} INFO - Filling up the DagBag from /home/airflow/.local/lib/python3.12/site-packages/airflow/example_dags/example_latest_only_with_trigger.py
[2026-06-06T20:29:36.811+0000] {processor.py:925} INFO - DAG(s) 'latest_only_with_trigger' retrieved from /home/airflow/.local/lib/python3.12/site-packages/airflow/example_dags/example_latest_only_with_trigger.py
[2026-06-06T20:29:36.857+0000] {logging_mixin.py:190} INFO - [2026-06-06T20:29:36.857+0000] {dag.py:3239} INFO - Sync 1 DAGs
[2026-06-06T20:29:36.897+0000] {logging_mixin.py:190} INFO - [2026-06-06T20:29:36.897+0000] {dag.py:4180} INFO - Setting next_dagrun for latest_only_with_trigger to 2026-06-06 16:00:00+00:00, run_after=2026-06-06 20:00:00+00:00
[2026-06-06T20:29:36.961+0000] {processor.py:208} INFO - Processing /home/airflow/.local/lib/python3.12/site-packages/airflow/example_dags/example_latest_only_with_trigger.py took 0.187 seconds
[2026-06-06T20:30:11.420+0000] {processor.py:186} INFO - Started process (PID=1787) to work on /home/airflow/.local/lib/python3.12/site-packages/airflow/example_dags/example_latest_only_with_trigger.py
[2026-06-06T20:30:11.422+0000] {processor.py:914} INFO - Processing file /home/airflow/.local/lib/python3.12/site-packages/airflow/example_dags/example_latest_only_with_trigger.py for tasks to queue
[2026-06-06T20:30:11.427+0000] {logging_mixin.py:190} INFO - [2026-06-06T20:30:11.426+0000] {dagbag.py:588} INFO - Filling up the DagBag from /home/airflow/.local/lib/python3.12/site-packages/airflow/example_dags/example_latest_only_with_trigger.py
[2026-06-06T20:30:11.439+0000] {processor.py:925} INFO - DAG(s) 'latest_only_with_trigger' retrieved from /home/airflow/.local/lib/python3.12/site-packages/airflow/example_dags/example_latest_only_with_trigger.py
[2026-06-06T20:30:11.486+0000] {logging_mixin.py:190} INFO - [2026-06-06T20:30:11.485+0000] {dag.py:3239} INFO - Sync 1 DAGs
[2026-06-06T20:30:11.530+0000] {logging_mixin.py:190} INFO - [2026-06-06T20:30:11.529+0000] {dag.py:4180} INFO - Setting next_dagrun for latest_only_with_trigger to 2026-06-06 16:00:00+00:00, run_after=2026-06-06 20:00:00+00:00
[2026-06-06T20:30:11.563+0000] {processor.py:208} INFO - Processing /home/airflow/.local/lib/python3.12/site-packages/airflow/example_dags/example_latest_only_with_trigger.py took 0.152 seconds
[2026-06-06T20:30:44.513+0000] {processor.py:186} INFO - Started process (PID=1849) to work on /home/airflow/.local/lib/python3.12/site-packages/airflow/example_dags/example_latest_only_with_trigger.py
[2026-06-06T20:30:44.516+0000] {processor.py:914} INFO - Processing file /home/airflow/.local/lib/python3.12/site-packages/airflow/example_dags/example_latest_only_with_trigger.py for tasks to queue
[2026-06-06T20:30:44.521+0000] {logging_mixin.py:190} INFO - [2026-06-06T20:30:44.521+0000] {dagbag.py:588} INFO - Filling up the DagBag from /home/airflow/.local/lib/python3.12/site-packages/airflow/example_dags/example_latest_only_with_trigger.py
[2026-06-06T20:30:44.537+0000] {processor.py:925} INFO - DAG(s) 'latest_only_with_trigger' retrieved from /home/airflow/.local/lib/python3.12/site-packages/airflow/example_dags/example_latest_only_with_trigger.py
[2026-06-06T20:30:44.593+0000] {logging_mixin.py:190} INFO - [2026-06-06T20:30:44.593+0000] {dag.py:3239} INFO - Sync 1 DAGs
[2026-06-06T20:30:44.644+0000] {logging_mixin.py:190} INFO - [2026-06-06T20:30:44.644+0000] {dag.py:4180} INFO - Setting next_dagrun for latest_only_with_trigger to 2026-06-06 16:00:00+00:00, run_after=2026-06-06 20:00:00+00:00
[2026-06-06T20:30:44.693+0000] {processor.py:208} INFO - Processing /home/airflow/.local/lib/python3.12/site-packages/airflow/example_dags/example_latest_only_with_trigger.py took 0.192 seconds
[2026-06-06T20:31:23.621+0000] {processor.py:186} INFO - Started process (PID=1916) to work on /home/airflow/.local/lib/python3.12/site-packages/airflow/example_dags/example_latest_only_with_trigger.py
[2026-06-06T20:31:23.623+0000] {processor.py:914} INFO - Processing file /home/airflow/.local/lib/python3.12/site-packages/airflow/example_dags/example_latest_only_with_trigger.py for tasks to queue
[2026-06-06T20:31:23.628+0000] {logging_mixin.py:190} INFO - [2026-06-06T20:31:23.627+0000] {dagbag.py:588} INFO - Filling up the DagBag from /home/airflow/.local/lib/python3.12/site-packages/airflow/example_dags/example_latest_only_with_trigger.py
[2026-06-06T20:31:23.645+0000] {processor.py:925} INFO - DAG(s) 'latest_only_with_trigger' retrieved from /home/airflow/.local/lib/python3.12/site-packages/airflow/example_dags/example_latest_only_with_trigger.py
[2026-06-06T20:31:23.698+0000] {logging_mixin.py:190} INFO - [2026-06-06T20:31:23.698+0000] {dag.py:3239} INFO - Sync 1 DAGs
[2026-06-06T20:31:23.750+0000] {logging_mixin.py:190} INFO - [2026-06-06T20:31:23.749+0000] {dag.py:4180} INFO - Setting next_dagrun for latest_only_with_trigger to 2026-06-06 16:00:00+00:00, run_after=2026-06-06 20:00:00+00:00
[2026-06-06T20:31:23.789+0000] {processor.py:208} INFO - Processing /home/airflow/.local/lib/python3.12/site-packages/airflow/example_dags/example_latest_only_with_trigger.py took 0.180 seconds
[2026-06-06T20:32:04.512+0000] {processor.py:186} INFO - Started process (PID=1977) to work on /home/airflow/.local/lib/python3.12/site-packages/airflow/example_dags/example_latest_only_with_trigger.py
[2026-06-06T20:32:04.514+0000] {processor.py:914} INFO - Processing file /home/airflow/.local/lib/python3.12/site-packages/airflow/example_dags/example_latest_only_with_trigger.py for tasks to queue
[2026-06-06T20:32:04.519+0000] {logging_mixin.py:190} INFO - [2026-06-06T20:32:04.518+0000] {dagbag.py:588} INFO - Filling up the DagBag from /home/airflow/.local/lib/python3.12/site-packages/airflow/example_dags/example_latest_only_with_trigger.py
[2026-06-06T20:32:04.535+0000] {processor.py:925} INFO - DAG(s) 'latest_only_with_trigger' retrieved from /home/airflow/.local/lib/python3.12/site-packages/airflow/example_dags/example_latest_only_with_trigger.py
[2026-06-06T20:32:04.593+0000] {logging_mixin.py:190} INFO - [2026-06-06T20:32:04.592+0000] {dag.py:3239} INFO - Sync 1 DAGs
[2026-06-06T20:32:04.642+0000] {logging_mixin.py:190} INFO - [2026-06-06T20:32:04.641+0000] {dag.py:4180} INFO - Setting next_dagrun for latest_only_with_trigger to 2026-06-06 16:00:00+00:00, run_after=2026-06-06 20:00:00+00:00
[2026-06-06T20:32:04.680+0000] {processor.py:208} INFO - Processing /home/airflow/.local/lib/python3.12/site-packages/airflow/example_dags/example_latest_only_with_trigger.py took 0.181 seconds
[2026-06-06T20:32:49.524+0000] {processor.py:186} INFO - Started process (PID=2040) to work on /home/airflow/.local/lib/python3.12/site-packages/airflow/example_dags/example_latest_only_with_trigger.py
[2026-06-06T20:32:49.528+0000] {processor.py:914} INFO - Processing file /home/airflow/.local/lib/python3.12/site-packages/airflow/example_dags/example_latest_only_with_trigger.py for tasks to queue
[2026-06-06T20:32:49.533+0000] {logging_mixin.py:190} INFO - [2026-06-06T20:32:49.533+0000] {dagbag.py:588} INFO - Filling up the DagBag from /home/airflow/.local/lib/python3.12/site-packages/airflow/example_dags/example_latest_only_with_trigger.py
[2026-06-06T20:32:49.555+0000] {processor.py:925} INFO - DAG(s) 'latest_only_with_trigger' retrieved from /home/airflow/.local/lib/python3.12/site-packages/airflow/example_dags/example_latest_only_with_trigger.py
[2026-06-06T20:32:49.614+0000] {logging_mixin.py:190} INFO - [2026-06-06T20:32:49.613+0000] {dag.py:3239} INFO - Sync 1 DAGs
[2026-06-06T20:32:49.684+0000] {logging_mixin.py:190} INFO - [2026-06-06T20:32:49.683+0000] {dag.py:4180} INFO - Setting next_dagrun for latest_only_with_trigger to 2026-06-06 16:00:00+00:00, run_after=2026-06-06 20:00:00+00:00
[2026-06-06T20:32:49.734+0000] {processor.py:208} INFO - Processing /home/airflow/.local/lib/python3.12/site-packages/airflow/example_dags/example_latest_only_with_trigger.py took 0.220 seconds
[2026-06-06T20:33:24.843+0000] {processor.py:186} INFO - Started process (PID=2110) to work on /home/airflow/.local/lib/python3.12/site-packages/airflow/example_dags/example_latest_only_with_trigger.py
[2026-06-06T20:33:24.846+0000] {processor.py:914} INFO - Processing file /home/airflow/.local/lib/python3.12/site-packages/airflow/example_dags/example_latest_only_with_trigger.py for tasks to queue
[2026-06-06T20:33:24.852+0000] {logging_mixin.py:190} INFO - [2026-06-06T20:33:24.852+0000] {dagbag.py:588} INFO - Filling up the DagBag from /home/airflow/.local/lib/python3.12/site-packages/airflow/example_dags/example_latest_only_with_trigger.py
[2026-06-06T20:33:24.868+0000] {processor.py:925} INFO - DAG(s) 'latest_only_with_trigger' retrieved from /home/airflow/.local/lib/python3.12/site-packages/airflow/example_dags/example_latest_only_with_trigger.py
[2026-06-06T20:33:24.922+0000] {logging_mixin.py:190} INFO - [2026-06-06T20:33:24.922+0000] {dag.py:3239} INFO - Sync 1 DAGs
[2026-06-06T20:33:24.977+0000] {logging_mixin.py:190} INFO - [2026-06-06T20:33:24.977+0000] {dag.py:4180} INFO - Setting next_dagrun for latest_only_with_trigger to 2026-06-06 16:00:00+00:00, run_after=2026-06-06 20:00:00+00:00
[2026-06-06T20:33:25.018+0000] {processor.py:208} INFO - Processing /home/airflow/.local/lib/python3.12/site-packages/airflow/example_dags/example_latest_only_with_trigger.py took 0.186 seconds
[2026-06-06T20:33:57.954+0000] {processor.py:186} INFO - Started process (PID=2172) to work on /home/airflow/.local/lib/python3.12/site-packages/airflow/example_dags/example_latest_only_with_trigger.py
[2026-06-06T20:33:57.957+0000] {processor.py:914} INFO - Processing file /home/airflow/.local/lib/python3.12/site-packages/airflow/example_dags/example_latest_only_with_trigger.py for tasks to queue
[2026-06-06T20:33:57.963+0000] {logging_mixin.py:190} INFO - [2026-06-06T20:33:57.962+0000] {dagbag.py:588} INFO - Filling up the DagBag from /home/airflow/.local/lib/python3.12/site-packages/airflow/example_dags/example_latest_only_with_trigger.py
[2026-06-06T20:33:57.981+0000] {processor.py:925} INFO - DAG(s) 'latest_only_with_trigger' retrieved from /home/airflow/.local/lib/python3.12/site-packages/airflow/example_dags/example_latest_only_with_trigger.py
[2026-06-06T20:33:58.038+0000] {logging_mixin.py:190} INFO - [2026-06-06T20:33:58.037+0000] {dag.py:3239} INFO - Sync 1 DAGs
[2026-06-06T20:33:58.102+0000] {logging_mixin.py:190} INFO - [2026-06-06T20:33:58.101+0000] {dag.py:4180} INFO - Setting next_dagrun for latest_only_with_trigger to 2026-06-06 16:00:00+00:00, run_after=2026-06-06 20:00:00+00:00
[2026-06-06T20:33:58.160+0000] {processor.py:208} INFO - Processing /home/airflow/.local/lib/python3.12/site-packages/airflow/example_dags/example_latest_only_with_trigger.py took 0.216 seconds
[2026-06-06T20:34:47.235+0000] {processor.py:186} INFO - Started process (PID=2242) to work on /home/airflow/.local/lib/python3.12/site-packages/airflow/example_dags/example_latest_only_with_trigger.py
[2026-06-06T20:34:47.238+0000] {processor.py:914} INFO - Processing file /home/airflow/.local/lib/python3.12/site-packages/airflow/example_dags/example_latest_only_with_trigger.py for tasks to queue
[2026-06-06T20:34:47.245+0000] {logging_mixin.py:190} INFO - [2026-06-06T20:34:47.245+0000] {dagbag.py:588} INFO - Filling up the DagBag from /home/airflow/.local/lib/python3.12/site-packages/airflow/example_dags/example_latest_only_with_trigger.py
[2026-06-06T20:34:47.263+0000] {processor.py:925} INFO - DAG(s) 'latest_only_with_trigger' retrieved from /home/airflow/.local/lib/python3.12/site-packages/airflow/example_dags/example_latest_only_with_trigger.py
[2026-06-06T20:34:47.347+0000] {logging_mixin.py:190} INFO - [2026-06-06T20:34:47.346+0000] {dag.py:3239} INFO - Sync 1 DAGs
[2026-06-06T20:34:47.403+0000] {logging_mixin.py:190} INFO - [2026-06-06T20:34:47.403+0000] {dag.py:4180} INFO - Setting next_dagrun for latest_only_with_trigger to 2026-06-06 16:00:00+00:00, run_after=2026-06-06 20:00:00+00:00
[2026-06-06T20:34:47.453+0000] {processor.py:208} INFO - Processing /home/airflow/.local/lib/python3.12/site-packages/airflow/example_dags/example_latest_only_with_trigger.py took 0.230 seconds
[2026-06-06T20:35:29.404+0000] {processor.py:186} INFO - Started process (PID=2308) to work on /home/airflow/.local/lib/python3.12/site-packages/airflow/example_dags/example_latest_only_with_trigger.py
[2026-06-06T20:35:29.406+0000] {processor.py:914} INFO - Processing file /home/airflow/.local/lib/python3.12/site-packages/airflow/example_dags/example_latest_only_with_trigger.py for tasks to queue
[2026-06-06T20:35:29.414+0000] {logging_mixin.py:190} INFO - [2026-06-06T20:35:29.413+0000] {dagbag.py:588} INFO - Filling up the DagBag from /home/airflow/.local/lib/python3.12/site-packages/airflow/example_dags/example_latest_only_with_trigger.py
[2026-06-06T20:35:29.431+0000] {processor.py:925} INFO - DAG(s) 'latest_only_with_trigger' retrieved from /home/airflow/.local/lib/python3.12/site-packages/airflow/example_dags/example_latest_only_with_trigger.py
[2026-06-06T20:35:29.498+0000] {logging_mixin.py:190} INFO - [2026-06-06T20:35:29.497+0000] {dag.py:3239} INFO - Sync 1 DAGs
[2026-06-06T20:35:29.589+0000] {logging_mixin.py:190} INFO - [2026-06-06T20:35:29.588+0000] {dag.py:4180} INFO - Setting next_dagrun for latest_only_with_trigger to 2026-06-06 16:00:00+00:00, run_after=2026-06-06 20:00:00+00:00
[2026-06-06T20:35:29.630+0000] {processor.py:208} INFO - Processing /home/airflow/.local/lib/python3.12/site-packages/airflow/example_dags/example_latest_only_with_trigger.py took 0.239 seconds
[2026-06-06T20:36:10.601+0000] {processor.py:186} INFO - Started process (PID=2370) to work on /home/airflow/.local/lib/python3.12/site-packages/airflow/example_dags/example_latest_only_with_trigger.py
[2026-06-06T20:36:10.603+0000] {processor.py:914} INFO - Processing file /home/airflow/.local/lib/python3.12/site-packages/airflow/example_dags/example_latest_only_with_trigger.py for tasks to queue
[2026-06-06T20:36:10.609+0000] {logging_mixin.py:190} INFO - [2026-06-06T20:36:10.608+0000] {dagbag.py:588} INFO - Filling up the DagBag from /home/airflow/.local/lib/python3.12/site-packages/airflow/example_dags/example_latest_only_with_trigger.py
[2026-06-06T20:36:10.626+0000] {processor.py:925} INFO - DAG(s) 'latest_only_with_trigger' retrieved from /home/airflow/.local/lib/python3.12/site-packages/airflow/example_dags/example_latest_only_with_trigger.py
[2026-06-06T20:36:10.688+0000] {logging_mixin.py:190} INFO - [2026-06-06T20:36:10.688+0000] {dag.py:3239} INFO - Sync 1 DAGs
[2026-06-06T20:36:10.743+0000] {logging_mixin.py:190} INFO - [2026-06-06T20:36:10.743+0000] {dag.py:4180} INFO - Setting next_dagrun for latest_only_with_trigger to 2026-06-06 16:00:00+00:00, run_after=2026-06-06 20:00:00+00:00
[2026-06-06T20:36:10.790+0000] {processor.py:208} INFO - Processing /home/airflow/.local/lib/python3.12/site-packages/airflow/example_dags/example_latest_only_with_trigger.py took 0.201 seconds
[2026-06-06T20:36:44.800+0000] {processor.py:186} INFO - Started process (PID=2431) to work on /home/airflow/.local/lib/python3.12/site-packages/airflow/example_dags/example_latest_only_with_trigger.py
[2026-06-06T20:36:44.804+0000] {processor.py:914} INFO - Processing file /home/airflow/.local/lib/python3.12/site-packages/airflow/example_dags/example_latest_only_with_trigger.py for tasks to queue
[2026-06-06T20:36:44.810+0000] {logging_mixin.py:190} INFO - [2026-06-06T20:36:44.809+0000] {dagbag.py:588} INFO - Filling up the DagBag from /home/airflow/.local/lib/python3.12/site-packages/airflow/example_dags/example_latest_only_with_trigger.py
[2026-06-06T20:36:44.828+0000] {processor.py:925} INFO - DAG(s) 'latest_only_with_trigger' retrieved from /home/airflow/.local/lib/python3.12/site-packages/airflow/example_dags/example_latest_only_with_trigger.py
[2026-06-06T20:36:44.888+0000] {logging_mixin.py:190} INFO - [2026-06-06T20:36:44.888+0000] {dag.py:3239} INFO - Sync 1 DAGs
[2026-06-06T20:36:44.985+0000] {logging_mixin.py:190} INFO - [2026-06-06T20:36:44.985+0000] {dag.py:4180} INFO - Setting next_dagrun for latest_only_with_trigger to 2026-06-06 16:00:00+00:00, run_after=2026-06-06 20:00:00+00:00
[2026-06-06T20:36:45.073+0000] {processor.py:208} INFO - Processing /home/airflow/.local/lib/python3.12/site-packages/airflow/example_dags/example_latest_only_with_trigger.py took 0.284 seconds
[2026-06-06T20:37:21.271+0000] {processor.py:186} INFO - Started process (PID=2491) to work on /home/airflow/.local/lib/python3.12/site-packages/airflow/example_dags/example_latest_only_with_trigger.py
[2026-06-06T20:37:21.274+0000] {processor.py:914} INFO - Processing file /home/airflow/.local/lib/python3.12/site-packages/airflow/example_dags/example_latest_only_with_trigger.py for tasks to queue
[2026-06-06T20:37:21.282+0000] {logging_mixin.py:190} INFO - [2026-06-06T20:37:21.280+0000] {dagbag.py:588} INFO - Filling up the DagBag from /home/airflow/.local/lib/python3.12/site-packages/airflow/example_dags/example_latest_only_with_trigger.py
[2026-06-06T20:37:21.308+0000] {processor.py:925} INFO - DAG(s) 'latest_only_with_trigger' retrieved from /home/airflow/.local/lib/python3.12/site-packages/airflow/example_dags/example_latest_only_with_trigger.py
[2026-06-06T20:37:21.383+0000] {logging_mixin.py:190} INFO - [2026-06-06T20:37:21.379+0000] {dag.py:3239} INFO - Sync 1 DAGs
[2026-06-06T20:37:21.477+0000] {logging_mixin.py:190} INFO - [2026-06-06T20:37:21.476+0000] {dag.py:4180} INFO - Setting next_dagrun for latest_only_with_trigger to 2026-06-06 16:00:00+00:00, run_after=2026-06-06 20:00:00+00:00
[2026-06-06T20:37:21.542+0000] {processor.py:208} INFO - Processing /home/airflow/.local/lib/python3.12/site-packages/airflow/example_dags/example_latest_only_with_trigger.py took 0.285 seconds
[2026-06-06T20:39:55.413+0000] {processor.py:186} INFO - Started process (PID=93) to work on /home/airflow/.local/lib/python3.12/site-packages/airflow/example_dags/example_latest_only_with_trigger.py
[2026-06-06T20:39:55.416+0000] {processor.py:914} INFO - Processing file /home/airflow/.local/lib/python3.12/site-packages/airflow/example_dags/example_latest_only_with_trigger.py for tasks to queue
[2026-06-06T20:39:55.423+0000] {logging_mixin.py:190} INFO - [2026-06-06T20:39:55.422+0000] {dagbag.py:588} INFO - Filling up the DagBag from /home/airflow/.local/lib/python3.12/site-packages/airflow/example_dags/example_latest_only_with_trigger.py
[2026-06-06T20:39:55.439+0000] {processor.py:925} INFO - DAG(s) 'latest_only_with_trigger' retrieved from /home/airflow/.local/lib/python3.12/site-packages/airflow/example_dags/example_latest_only_with_trigger.py
[2026-06-06T20:39:55.489+0000] {logging_mixin.py:190} INFO - [2026-06-06T20:39:55.489+0000] {dag.py:3239} INFO - Sync 1 DAGs
[2026-06-06T20:39:55.546+0000] {logging_mixin.py:190} INFO - [2026-06-06T20:39:55.545+0000] {dag.py:4180} INFO - Setting next_dagrun for latest_only_with_trigger to 2026-06-06 16:00:00+00:00, run_after=2026-06-06 20:00:00+00:00
[2026-06-06T20:39:55.593+0000] {processor.py:208} INFO - Processing /home/airflow/.local/lib/python3.12/site-packages/airflow/example_dags/example_latest_only_with_trigger.py took 0.190 seconds
[2026-06-06T20:40:33.578+0000] {processor.py:186} INFO - Started process (PID=156) to work on /home/airflow/.local/lib/python3.12/site-packages/airflow/example_dags/example_latest_only_with_trigger.py
[2026-06-06T20:40:33.580+0000] {processor.py:914} INFO - Processing file /home/airflow/.local/lib/python3.12/site-packages/airflow/example_dags/example_latest_only_with_trigger.py for tasks to queue
[2026-06-06T20:40:33.586+0000] {logging_mixin.py:190} INFO - [2026-06-06T20:40:33.585+0000] {dagbag.py:588} INFO - Filling up the DagBag from /home/airflow/.local/lib/python3.12/site-packages/airflow/example_dags/example_latest_only_with_trigger.py
[2026-06-06T20:40:33.601+0000] {processor.py:925} INFO - DAG(s) 'latest_only_with_trigger' retrieved from /home/airflow/.local/lib/python3.12/site-packages/airflow/example_dags/example_latest_only_with_trigger.py
[2026-06-06T20:40:33.649+0000] {logging_mixin.py:190} INFO - [2026-06-06T20:40:33.649+0000] {dag.py:3239} INFO - Sync 1 DAGs
[2026-06-06T20:40:33.711+0000] {logging_mixin.py:190} INFO - [2026-06-06T20:40:33.711+0000] {dag.py:4180} INFO - Setting next_dagrun for latest_only_with_trigger to 2026-06-06 16:00:00+00:00, run_after=2026-06-06 20:00:00+00:00
[2026-06-06T20:40:33.773+0000] {processor.py:208} INFO - Processing /home/airflow/.local/lib/python3.12/site-packages/airflow/example_dags/example_latest_only_with_trigger.py took 0.207 seconds
[2026-06-06T20:41:19.251+0000] {processor.py:186} INFO - Started process (PID=209) to work on /home/airflow/.local/lib/python3.12/site-packages/airflow/example_dags/example_latest_only_with_trigger.py
[2026-06-06T20:41:19.257+0000] {processor.py:914} INFO - Processing file /home/airflow/.local/lib/python3.12/site-packages/airflow/example_dags/example_latest_only_with_trigger.py for tasks to queue
[2026-06-06T20:41:19.268+0000] {logging_mixin.py:190} INFO - [2026-06-06T20:41:19.267+0000] {dagbag.py:588} INFO - Filling up the DagBag from /home/airflow/.local/lib/python3.12/site-packages/airflow/example_dags/example_latest_only_with_trigger.py
[2026-06-06T20:41:19.293+0000] {processor.py:925} INFO - DAG(s) 'latest_only_with_trigger' retrieved from /home/airflow/.local/lib/python3.12/site-packages/airflow/example_dags/example_latest_only_with_trigger.py
[2026-06-06T20:41:19.377+0000] {logging_mixin.py:190} INFO - [2026-06-06T20:41:19.376+0000] {dag.py:3239} INFO - Sync 1 DAGs
[2026-06-06T20:41:19.465+0000] {logging_mixin.py:190} INFO - [2026-06-06T20:41:19.464+0000] {dag.py:4180} INFO - Setting next_dagrun for latest_only_with_trigger to 2026-06-06 16:00:00+00:00, run_after=2026-06-06 20:00:00+00:00
[2026-06-06T20:41:19.537+0000] {processor.py:208} INFO - Processing /home/airflow/.local/lib/python3.12/site-packages/airflow/example_dags/example_latest_only_with_trigger.py took 0.303 seconds
[2026-06-06T20:41:59.348+0000] {processor.py:186} INFO - Started process (PID=275) to work on /home/airflow/.local/lib/python3.12/site-packages/airflow/example_dags/example_latest_only_with_trigger.py
[2026-06-06T20:41:59.351+0000] {processor.py:914} INFO - Processing file /home/airflow/.local/lib/python3.12/site-packages/airflow/example_dags/example_latest_only_with_trigger.py for tasks to queue
[2026-06-06T20:41:59.364+0000] {logging_mixin.py:190} INFO - [2026-06-06T20:41:59.363+0000] {dagbag.py:588} INFO - Filling up the DagBag from /home/airflow/.local/lib/python3.12/site-packages/airflow/example_dags/example_latest_only_with_trigger.py
[2026-06-06T20:41:59.388+0000] {processor.py:925} INFO - DAG(s) 'latest_only_with_trigger' retrieved from /home/airflow/.local/lib/python3.12/site-packages/airflow/example_dags/example_latest_only_with_trigger.py
[2026-06-06T20:41:59.470+0000] {logging_mixin.py:190} INFO - [2026-06-06T20:41:59.469+0000] {dag.py:3239} INFO - Sync 1 DAGs
[2026-06-06T20:41:59.533+0000] {logging_mixin.py:190} INFO - [2026-06-06T20:41:59.533+0000] {dag.py:4180} INFO - Setting next_dagrun for latest_only_with_trigger to 2026-06-06 16:00:00+00:00, run_after=2026-06-06 20:00:00+00:00
[2026-06-06T20:41:59.590+0000] {processor.py:208} INFO - Processing /home/airflow/.local/lib/python3.12/site-packages/airflow/example_dags/example_latest_only_with_trigger.py took 0.255 seconds
[2026-06-06T20:42:42.702+0000] {processor.py:186} INFO - Started process (PID=336) to work on /home/airflow/.local/lib/python3.12/site-packages/airflow/example_dags/example_latest_only_with_trigger.py
[2026-06-06T20:42:42.706+0000] {processor.py:914} INFO - Processing file /home/airflow/.local/lib/python3.12/site-packages/airflow/example_dags/example_latest_only_with_trigger.py for tasks to queue
[2026-06-06T20:42:42.714+0000] {logging_mixin.py:190} INFO - [2026-06-06T20:42:42.713+0000] {dagbag.py:588} INFO - Filling up the DagBag from /home/airflow/.local/lib/python3.12/site-packages/airflow/example_dags/example_latest_only_with_trigger.py
[2026-06-06T20:42:42.741+0000] {processor.py:925} INFO - DAG(s) 'latest_only_with_trigger' retrieved from /home/airflow/.local/lib/python3.12/site-packages/airflow/example_dags/example_latest_only_with_trigger.py
[2026-06-06T20:42:42.805+0000] {logging_mixin.py:190} INFO - [2026-06-06T20:42:42.805+0000] {dag.py:3239} INFO - Sync 1 DAGs
[2026-06-06T20:42:42.860+0000] {logging_mixin.py:190} INFO - [2026-06-06T20:42:42.859+0000] {dag.py:4180} INFO - Setting next_dagrun for latest_only_with_trigger to 2026-06-06 16:00:00+00:00, run_after=2026-06-06 20:00:00+00:00
[2026-06-06T20:42:42.907+0000] {processor.py:208} INFO - Processing /home/airflow/.local/lib/python3.12/site-packages/airflow/example_dags/example_latest_only_with_trigger.py took 0.218 seconds
[2026-06-06T20:43:20.455+0000] {processor.py:186} INFO - Started process (PID=398) to work on /home/airflow/.local/lib/python3.12/site-packages/airflow/example_dags/example_latest_only_with_trigger.py
[2026-06-06T20:43:20.458+0000] {processor.py:914} INFO - Processing file /home/airflow/.local/lib/python3.12/site-packages/airflow/example_dags/example_latest_only_with_trigger.py for tasks to queue
[2026-06-06T20:43:20.463+0000] {logging_mixin.py:190} INFO - [2026-06-06T20:43:20.463+0000] {dagbag.py:588} INFO - Filling up the DagBag from /home/airflow/.local/lib/python3.12/site-packages/airflow/example_dags/example_latest_only_with_trigger.py
[2026-06-06T20:43:20.477+0000] {processor.py:925} INFO - DAG(s) 'latest_only_with_trigger' retrieved from /home/airflow/.local/lib/python3.12/site-packages/airflow/example_dags/example_latest_only_with_trigger.py
[2026-06-06T20:43:20.524+0000] {logging_mixin.py:190} INFO - [2026-06-06T20:43:20.524+0000] {dag.py:3239} INFO - Sync 1 DAGs
[2026-06-06T20:43:20.570+0000] {logging_mixin.py:190} INFO - [2026-06-06T20:43:20.569+0000] {dag.py:4180} INFO - Setting next_dagrun for latest_only_with_trigger to 2026-06-06 16:00:00+00:00, run_after=2026-06-06 20:00:00+00:00
[2026-06-06T20:43:20.608+0000] {processor.py:208} INFO - Processing /home/airflow/.local/lib/python3.12/site-packages/airflow/example_dags/example_latest_only_with_trigger.py took 0.166 seconds
[2026-06-06T20:44:06.480+0000] {processor.py:186} INFO - Started process (PID=454) to work on /home/airflow/.local/lib/python3.12/site-packages/airflow/example_dags/example_latest_only_with_trigger.py
[2026-06-06T20:44:06.483+0000] {processor.py:914} INFO - Processing file /home/airflow/.local/lib/python3.12/site-packages/airflow/example_dags/example_latest_only_with_trigger.py for tasks to queue
[2026-06-06T20:44:06.490+0000] {logging_mixin.py:190} INFO - [2026-06-06T20:44:06.489+0000] {dagbag.py:588} INFO - Filling up the DagBag from /home/airflow/.local/lib/python3.12/site-packages/airflow/example_dags/example_latest_only_with_trigger.py
[2026-06-06T20:44:06.512+0000] {processor.py:925} INFO - DAG(s) 'latest_only_with_trigger' retrieved from /home/airflow/.local/lib/python3.12/site-packages/airflow/example_dags/example_latest_only_with_trigger.py
[2026-06-06T20:44:06.560+0000] {logging_mixin.py:190} INFO - [2026-06-06T20:44:06.560+0000] {dag.py:3239} INFO - Sync 1 DAGs
[2026-06-06T20:44:06.602+0000] {logging_mixin.py:190} INFO - [2026-06-06T20:44:06.602+0000] {dag.py:4180} INFO - Setting next_dagrun for latest_only_with_trigger to 2026-06-06 16:00:00+00:00, run_after=2026-06-06 20:00:00+00:00
[2026-06-06T20:44:06.638+0000] {processor.py:208} INFO - Processing /home/airflow/.local/lib/python3.12/site-packages/airflow/example_dags/example_latest_only_with_trigger.py took 0.172 seconds
[2026-06-06T20:44:48.738+0000] {processor.py:186} INFO - Started process (PID=515) to work on /home/airflow/.local/lib/python3.12/site-packages/airflow/example_dags/example_latest_only_with_trigger.py
[2026-06-06T20:44:48.740+0000] {processor.py:914} INFO - Processing file /home/airflow/.local/lib/python3.12/site-packages/airflow/example_dags/example_latest_only_with_trigger.py for tasks to queue
[2026-06-06T20:44:48.758+0000] {logging_mixin.py:190} INFO - [2026-06-06T20:44:48.757+0000] {dagbag.py:588} INFO - Filling up the DagBag from /home/airflow/.local/lib/python3.12/site-packages/airflow/example_dags/example_latest_only_with_trigger.py
[2026-06-06T20:44:48.788+0000] {processor.py:925} INFO - DAG(s) 'latest_only_with_trigger' retrieved from /home/airflow/.local/lib/python3.12/site-packages/airflow/example_dags/example_latest_only_with_trigger.py
[2026-06-06T20:44:48.881+0000] {logging_mixin.py:190} INFO - [2026-06-06T20:44:48.880+0000] {dag.py:3239} INFO - Sync 1 DAGs
[2026-06-06T20:44:48.969+0000] {logging_mixin.py:190} INFO - [2026-06-06T20:44:48.968+0000] {dag.py:4180} INFO - Setting next_dagrun for latest_only_with_trigger to 2026-06-06 16:00:00+00:00, run_after=2026-06-06 20:00:00+00:00
[2026-06-06T20:44:49.040+0000] {processor.py:208} INFO - Processing /home/airflow/.local/lib/python3.12/site-packages/airflow/example_dags/example_latest_only_with_trigger.py took 0.319 seconds
[2026-06-06T20:45:43.458+0000] {processor.py:186} INFO - Started process (PID=583) to work on /home/airflow/.local/lib/python3.12/site-packages/airflow/example_dags/example_latest_only_with_trigger.py
[2026-06-06T20:45:43.460+0000] {processor.py:914} INFO - Processing file /home/airflow/.local/lib/python3.12/site-packages/airflow/example_dags/example_latest_only_with_trigger.py for tasks to queue
[2026-06-06T20:45:43.466+0000] {logging_mixin.py:190} INFO - [2026-06-06T20:45:43.465+0000] {dagbag.py:588} INFO - Filling up the DagBag from /home/airflow/.local/lib/python3.12/site-packages/airflow/example_dags/example_latest_only_with_trigger.py
[2026-06-06T20:45:43.486+0000] {processor.py:925} INFO - DAG(s) 'latest_only_with_trigger' retrieved from /home/airflow/.local/lib/python3.12/site-packages/airflow/example_dags/example_latest_only_with_trigger.py
[2026-06-06T20:45:43.569+0000] {logging_mixin.py:190} INFO - [2026-06-06T20:45:43.568+0000] {dag.py:3239} INFO - Sync 1 DAGs
[2026-06-06T20:45:43.628+0000] {logging_mixin.py:190} INFO - [2026-06-06T20:45:43.628+0000] {dag.py:4180} INFO - Setting next_dagrun for latest_only_with_trigger to 2026-06-06 16:00:00+00:00, run_after=2026-06-06 20:00:00+00:00
[2026-06-06T20:45:43.700+0000] {processor.py:208} INFO - Processing /home/airflow/.local/lib/python3.12/site-packages/airflow/example_dags/example_latest_only_with_trigger.py took 0.255 seconds
[2026-06-06T20:46:17.234+0000] {processor.py:186} INFO - Started process (PID=642) to work on /home/airflow/.local/lib/python3.12/site-packages/airflow/example_dags/example_latest_only_with_trigger.py
[2026-06-06T20:46:17.237+0000] {processor.py:914} INFO - Processing file /home/airflow/.local/lib/python3.12/site-packages/airflow/example_dags/example_latest_only_with_trigger.py for tasks to queue
[2026-06-06T20:46:17.246+0000] {logging_mixin.py:190} INFO - [2026-06-06T20:46:17.243+0000] {dagbag.py:588} INFO - Filling up the DagBag from /home/airflow/.local/lib/python3.12/site-packages/airflow/example_dags/example_latest_only_with_trigger.py
[2026-06-06T20:46:17.271+0000] {processor.py:925} INFO - DAG(s) 'latest_only_with_trigger' retrieved from /home/airflow/.local/lib/python3.12/site-packages/airflow/example_dags/example_latest_only_with_trigger.py
[2026-06-06T20:46:17.338+0000] {logging_mixin.py:190} INFO - [2026-06-06T20:46:17.338+0000] {dag.py:3239} INFO - Sync 1 DAGs
[2026-06-06T20:46:17.396+0000] {logging_mixin.py:190} INFO - [2026-06-06T20:46:17.395+0000] {dag.py:4180} INFO - Setting next_dagrun for latest_only_with_trigger to 2026-06-06 16:00:00+00:00, run_after=2026-06-06 20:00:00+00:00
[2026-06-06T20:46:17.460+0000] {processor.py:208} INFO - Processing /home/airflow/.local/lib/python3.12/site-packages/airflow/example_dags/example_latest_only_with_trigger.py took 0.239 seconds
[2026-06-06T20:47:01.244+0000] {processor.py:186} INFO - Started process (PID=706) to work on /home/airflow/.local/lib/python3.12/site-packages/airflow/example_dags/example_latest_only_with_trigger.py
[2026-06-06T20:47:01.253+0000] {processor.py:914} INFO - Processing file /home/airflow/.local/lib/python3.12/site-packages/airflow/example_dags/example_latest_only_with_trigger.py for tasks to queue
[2026-06-06T20:47:01.277+0000] {logging_mixin.py:190} INFO - [2026-06-06T20:47:01.273+0000] {dagbag.py:588} INFO - Filling up the DagBag from /home/airflow/.local/lib/python3.12/site-packages/airflow/example_dags/example_latest_only_with_trigger.py
[2026-06-06T20:47:01.338+0000] {processor.py:925} INFO - DAG(s) 'latest_only_with_trigger' retrieved from /home/airflow/.local/lib/python3.12/site-packages/airflow/example_dags/example_latest_only_with_trigger.py
[2026-06-06T20:47:01.534+0000] {logging_mixin.py:190} INFO - [2026-06-06T20:47:01.533+0000] {dag.py:3239} INFO - Sync 1 DAGs
[2026-06-06T20:47:01.685+0000] {logging_mixin.py:190} INFO - [2026-06-06T20:47:01.683+0000] {dag.py:4180} INFO - Setting next_dagrun for latest_only_with_trigger to 2026-06-06 16:00:00+00:00, run_after=2026-06-06 20:00:00+00:00
[2026-06-06T20:47:01.755+0000] {processor.py:208} INFO - Processing /home/airflow/.local/lib/python3.12/site-packages/airflow/example_dags/example_latest_only_with_trigger.py took 0.540 seconds
