[2026-06-06T20:14:21.674+0000] {processor.py:186} INFO - Started process (PID=129) to work on /home/airflow/.local/lib/python3.12/site-packages/airflow/example_dags/example_branch_day_of_week_operator.py
[2026-06-06T20:14:21.676+0000] {processor.py:914} INFO - Processing file /home/airflow/.local/lib/python3.12/site-packages/airflow/example_dags/example_branch_day_of_week_operator.py for tasks to queue
[2026-06-06T20:14:21.683+0000] {logging_mixin.py:190} INFO - [2026-06-06T20:14:21.683+0000] {dagbag.py:588} INFO - Filling up the DagBag from /home/airflow/.local/lib/python3.12/site-packages/airflow/example_dags/example_branch_day_of_week_operator.py
[2026-06-06T20:14:21.702+0000] {processor.py:925} INFO - DAG(s) 'example_weekday_branch_operator' retrieved from /home/airflow/.local/lib/python3.12/site-packages/airflow/example_dags/example_branch_day_of_week_operator.py
[2026-06-06T20:14:21.906+0000] {logging_mixin.py:190} INFO - [2026-06-06T20:14:21.904+0000] {override.py:1932} INFO - Created Permission View: can read on DAG:example_weekday_branch_operator
[2026-06-06T20:14:21.926+0000] {logging_mixin.py:190} INFO - [2026-06-06T20:14:21.925+0000] {override.py:1932} INFO - Created Permission View: can edit on DAG:example_weekday_branch_operator
[2026-06-06T20:14:21.940+0000] {logging_mixin.py:190} INFO - [2026-06-06T20:14:21.939+0000] {override.py:1932} INFO - Created Permission View: can delete on DAG:example_weekday_branch_operator
[2026-06-06T20:14:21.953+0000] {logging_mixin.py:190} INFO - [2026-06-06T20:14:21.953+0000] {override.py:1932} INFO - Created Permission View: can read on DAG Run:example_weekday_branch_operator
[2026-06-06T20:14:21.969+0000] {logging_mixin.py:190} INFO - [2026-06-06T20:14:21.968+0000] {override.py:1932} INFO - Created Permission View: menu access on DAG Run:example_weekday_branch_operator
[2026-06-06T20:14:21.986+0000] {logging_mixin.py:190} INFO - [2026-06-06T20:14:21.985+0000] {override.py:1932} INFO - Created Permission View: can delete on DAG Run:example_weekday_branch_operator
[2026-06-06T20:14:22.005+0000] {logging_mixin.py:190} INFO - [2026-06-06T20:14:22.003+0000] {override.py:1932} INFO - Created Permission View: can create on DAG Run:example_weekday_branch_operator
[2026-06-06T20:14:22.010+0000] {logging_mixin.py:190} INFO - [2026-06-06T20:14:22.009+0000] {dag.py:3239} INFO - Sync 1 DAGs
[2026-06-06T20:14:22.041+0000] {logging_mixin.py:190} INFO - [2026-06-06T20:14:22.041+0000] {dag.py:3262} INFO - Creating ORM DAG for example_weekday_branch_operator
[2026-06-06T20:14:22.065+0000] {logging_mixin.py:190} INFO - [2026-06-06T20:14:22.065+0000] {dag.py:4180} INFO - Setting next_dagrun for example_weekday_branch_operator to 2026-06-05 00:00:00+00:00, run_after=2026-06-06 00:00:00+00:00
[2026-06-06T20:14:22.100+0000] {processor.py:208} INFO - Processing /home/airflow/.local/lib/python3.12/site-packages/airflow/example_dags/example_branch_day_of_week_operator.py took 0.437 seconds
[2026-06-06T20:15:05.518+0000] {processor.py:186} INFO - Started process (PID=212) to work on /home/airflow/.local/lib/python3.12/site-packages/airflow/example_dags/example_branch_day_of_week_operator.py
[2026-06-06T20:15:05.524+0000] {processor.py:914} INFO - Processing file /home/airflow/.local/lib/python3.12/site-packages/airflow/example_dags/example_branch_day_of_week_operator.py for tasks to queue
[2026-06-06T20:15:05.546+0000] {logging_mixin.py:190} INFO - [2026-06-06T20:15:05.540+0000] {dagbag.py:588} INFO - Filling up the DagBag from /home/airflow/.local/lib/python3.12/site-packages/airflow/example_dags/example_branch_day_of_week_operator.py
[2026-06-06T20:15:05.622+0000] {processor.py:925} INFO - DAG(s) 'example_weekday_branch_operator' retrieved from /home/airflow/.local/lib/python3.12/site-packages/airflow/example_dags/example_branch_day_of_week_operator.py
[2026-06-06T20:15:05.708+0000] {logging_mixin.py:190} INFO - [2026-06-06T20:15:05.707+0000] {dag.py:3239} INFO - Sync 1 DAGs
[2026-06-06T20:15:05.764+0000] {logging_mixin.py:190} INFO - [2026-06-06T20:15:05.764+0000] {dag.py:4180} INFO - Setting next_dagrun for example_weekday_branch_operator to 2026-06-05 00:00:00+00:00, run_after=2026-06-06 00:00:00+00:00
[2026-06-06T20:15:05.813+0000] {processor.py:208} INFO - Processing /home/airflow/.local/lib/python3.12/site-packages/airflow/example_dags/example_branch_day_of_week_operator.py took 0.319 seconds
[2026-06-06T20:15:48.856+0000] {processor.py:186} INFO - Started process (PID=293) to work on /home/airflow/.local/lib/python3.12/site-packages/airflow/example_dags/example_branch_day_of_week_operator.py
[2026-06-06T20:15:48.858+0000] {processor.py:914} INFO - Processing file /home/airflow/.local/lib/python3.12/site-packages/airflow/example_dags/example_branch_day_of_week_operator.py for tasks to queue
[2026-06-06T20:15:48.867+0000] {logging_mixin.py:190} INFO - [2026-06-06T20:15:48.866+0000] {dagbag.py:588} INFO - Filling up the DagBag from /home/airflow/.local/lib/python3.12/site-packages/airflow/example_dags/example_branch_day_of_week_operator.py
[2026-06-06T20:15:48.894+0000] {processor.py:925} INFO - DAG(s) 'example_weekday_branch_operator' retrieved from /home/airflow/.local/lib/python3.12/site-packages/airflow/example_dags/example_branch_day_of_week_operator.py
[2026-06-06T20:15:48.964+0000] {logging_mixin.py:190} INFO - [2026-06-06T20:15:48.963+0000] {dag.py:3239} INFO - Sync 1 DAGs
[2026-06-06T20:15:49.021+0000] {logging_mixin.py:190} INFO - [2026-06-06T20:15:49.021+0000] {dag.py:4180} INFO - Setting next_dagrun for example_weekday_branch_operator to 2026-06-05 00:00:00+00:00, run_after=2026-06-06 00:00:00+00:00
[2026-06-06T20:15:49.055+0000] {processor.py:208} INFO - Processing /home/airflow/.local/lib/python3.12/site-packages/airflow/example_dags/example_branch_day_of_week_operator.py took 0.211 seconds
[2026-06-06T20:16:25.428+0000] {processor.py:186} INFO - Started process (PID=358) to work on /home/airflow/.local/lib/python3.12/site-packages/airflow/example_dags/example_branch_day_of_week_operator.py
[2026-06-06T20:16:25.430+0000] {processor.py:914} INFO - Processing file /home/airflow/.local/lib/python3.12/site-packages/airflow/example_dags/example_branch_day_of_week_operator.py for tasks to queue
[2026-06-06T20:16:25.439+0000] {logging_mixin.py:190} INFO - [2026-06-06T20:16:25.438+0000] {dagbag.py:588} INFO - Filling up the DagBag from /home/airflow/.local/lib/python3.12/site-packages/airflow/example_dags/example_branch_day_of_week_operator.py
[2026-06-06T20:16:25.463+0000] {processor.py:925} INFO - DAG(s) 'example_weekday_branch_operator' retrieved from /home/airflow/.local/lib/python3.12/site-packages/airflow/example_dags/example_branch_day_of_week_operator.py
[2026-06-06T20:16:25.520+0000] {logging_mixin.py:190} INFO - [2026-06-06T20:16:25.519+0000] {dag.py:3239} INFO - Sync 1 DAGs
[2026-06-06T20:16:25.580+0000] {logging_mixin.py:190} INFO - [2026-06-06T20:16:25.579+0000] {dag.py:4180} INFO - Setting next_dagrun for example_weekday_branch_operator to 2026-06-05 00:00:00+00:00, run_after=2026-06-06 00:00:00+00:00
[2026-06-06T20:16:25.629+0000] {processor.py:208} INFO - Processing /home/airflow/.local/lib/python3.12/site-packages/airflow/example_dags/example_branch_day_of_week_operator.py took 0.213 seconds
[2026-06-06T20:16:59.777+0000] {processor.py:186} INFO - Started process (PID=420) to work on /home/airflow/.local/lib/python3.12/site-packages/airflow/example_dags/example_branch_day_of_week_operator.py
[2026-06-06T20:16:59.786+0000] {processor.py:914} INFO - Processing file /home/airflow/.local/lib/python3.12/site-packages/airflow/example_dags/example_branch_day_of_week_operator.py for tasks to queue
[2026-06-06T20:16:59.825+0000] {logging_mixin.py:190} INFO - [2026-06-06T20:16:59.824+0000] {dagbag.py:588} INFO - Filling up the DagBag from /home/airflow/.local/lib/python3.12/site-packages/airflow/example_dags/example_branch_day_of_week_operator.py
[2026-06-06T20:16:59.859+0000] {processor.py:925} INFO - DAG(s) 'example_weekday_branch_operator' retrieved from /home/airflow/.local/lib/python3.12/site-packages/airflow/example_dags/example_branch_day_of_week_operator.py
[2026-06-06T20:16:59.943+0000] {logging_mixin.py:190} INFO - [2026-06-06T20:16:59.943+0000] {dag.py:3239} INFO - Sync 1 DAGs
[2026-06-06T20:17:00.003+0000] {logging_mixin.py:190} INFO - [2026-06-06T20:16:59.999+0000] {dag.py:4180} INFO - Setting next_dagrun for example_weekday_branch_operator to 2026-06-05 00:00:00+00:00, run_after=2026-06-06 00:00:00+00:00
[2026-06-06T20:17:00.056+0000] {processor.py:208} INFO - Processing /home/airflow/.local/lib/python3.12/site-packages/airflow/example_dags/example_branch_day_of_week_operator.py took 0.345 seconds
[2026-06-06T20:17:37.453+0000] {processor.py:186} INFO - Started process (PID=485) to work on /home/airflow/.local/lib/python3.12/site-packages/airflow/example_dags/example_branch_day_of_week_operator.py
[2026-06-06T20:17:37.456+0000] {processor.py:914} INFO - Processing file /home/airflow/.local/lib/python3.12/site-packages/airflow/example_dags/example_branch_day_of_week_operator.py for tasks to queue
[2026-06-06T20:17:37.470+0000] {logging_mixin.py:190} INFO - [2026-06-06T20:17:37.469+0000] {dagbag.py:588} INFO - Filling up the DagBag from /home/airflow/.local/lib/python3.12/site-packages/airflow/example_dags/example_branch_day_of_week_operator.py
[2026-06-06T20:17:37.494+0000] {processor.py:925} INFO - DAG(s) 'example_weekday_branch_operator' retrieved from /home/airflow/.local/lib/python3.12/site-packages/airflow/example_dags/example_branch_day_of_week_operator.py
[2026-06-06T20:17:37.568+0000] {logging_mixin.py:190} INFO - [2026-06-06T20:17:37.567+0000] {dag.py:3239} INFO - Sync 1 DAGs
[2026-06-06T20:17:37.647+0000] {logging_mixin.py:190} INFO - [2026-06-06T20:17:37.646+0000] {dag.py:4180} INFO - Setting next_dagrun for example_weekday_branch_operator to 2026-06-05 00:00:00+00:00, run_after=2026-06-06 00:00:00+00:00
[2026-06-06T20:17:37.717+0000] {processor.py:208} INFO - Processing /home/airflow/.local/lib/python3.12/site-packages/airflow/example_dags/example_branch_day_of_week_operator.py took 0.289 seconds
[2026-06-06T20:18:08.039+0000] {processor.py:186} INFO - Started process (PID=548) to work on /home/airflow/.local/lib/python3.12/site-packages/airflow/example_dags/example_branch_day_of_week_operator.py
[2026-06-06T20:18:08.042+0000] {processor.py:914} INFO - Processing file /home/airflow/.local/lib/python3.12/site-packages/airflow/example_dags/example_branch_day_of_week_operator.py for tasks to queue
[2026-06-06T20:18:08.049+0000] {logging_mixin.py:190} INFO - [2026-06-06T20:18:08.049+0000] {dagbag.py:588} INFO - Filling up the DagBag from /home/airflow/.local/lib/python3.12/site-packages/airflow/example_dags/example_branch_day_of_week_operator.py
[2026-06-06T20:18:08.069+0000] {processor.py:925} INFO - DAG(s) 'example_weekday_branch_operator' retrieved from /home/airflow/.local/lib/python3.12/site-packages/airflow/example_dags/example_branch_day_of_week_operator.py
[2026-06-06T20:18:08.154+0000] {logging_mixin.py:190} INFO - [2026-06-06T20:18:08.151+0000] {dag.py:3239} INFO - Sync 1 DAGs
[2026-06-06T20:18:08.225+0000] {logging_mixin.py:190} INFO - [2026-06-06T20:18:08.224+0000] {dag.py:4180} INFO - Setting next_dagrun for example_weekday_branch_operator to 2026-06-05 00:00:00+00:00, run_after=2026-06-06 00:00:00+00:00
[2026-06-06T20:18:08.276+0000] {processor.py:208} INFO - Processing /home/airflow/.local/lib/python3.12/site-packages/airflow/example_dags/example_branch_day_of_week_operator.py took 0.246 seconds
[2026-06-06T20:18:47.658+0000] {processor.py:186} INFO - Started process (PID=610) to work on /home/airflow/.local/lib/python3.12/site-packages/airflow/example_dags/example_branch_day_of_week_operator.py
[2026-06-06T20:18:47.662+0000] {processor.py:914} INFO - Processing file /home/airflow/.local/lib/python3.12/site-packages/airflow/example_dags/example_branch_day_of_week_operator.py for tasks to queue
[2026-06-06T20:18:47.671+0000] {logging_mixin.py:190} INFO - [2026-06-06T20:18:47.670+0000] {dagbag.py:588} INFO - Filling up the DagBag from /home/airflow/.local/lib/python3.12/site-packages/airflow/example_dags/example_branch_day_of_week_operator.py
[2026-06-06T20:18:47.696+0000] {processor.py:925} INFO - DAG(s) 'example_weekday_branch_operator' retrieved from /home/airflow/.local/lib/python3.12/site-packages/airflow/example_dags/example_branch_day_of_week_operator.py
[2026-06-06T20:18:47.821+0000] {logging_mixin.py:190} INFO - [2026-06-06T20:18:47.820+0000] {dag.py:3239} INFO - Sync 1 DAGs
[2026-06-06T20:18:47.968+0000] {logging_mixin.py:190} INFO - [2026-06-06T20:18:47.968+0000] {dag.py:4180} INFO - Setting next_dagrun for example_weekday_branch_operator to 2026-06-05 00:00:00+00:00, run_after=2026-06-06 00:00:00+00:00
[2026-06-06T20:18:48.061+0000] {processor.py:208} INFO - Processing /home/airflow/.local/lib/python3.12/site-packages/airflow/example_dags/example_branch_day_of_week_operator.py took 0.418 seconds
[2026-06-06T20:19:19.952+0000] {processor.py:186} INFO - Started process (PID=681) to work on /home/airflow/.local/lib/python3.12/site-packages/airflow/example_dags/example_branch_day_of_week_operator.py
[2026-06-06T20:19:19.955+0000] {processor.py:914} INFO - Processing file /home/airflow/.local/lib/python3.12/site-packages/airflow/example_dags/example_branch_day_of_week_operator.py for tasks to queue
[2026-06-06T20:19:19.969+0000] {logging_mixin.py:190} INFO - [2026-06-06T20:19:19.967+0000] {dagbag.py:588} INFO - Filling up the DagBag from /home/airflow/.local/lib/python3.12/site-packages/airflow/example_dags/example_branch_day_of_week_operator.py
[2026-06-06T20:19:19.993+0000] {processor.py:925} INFO - DAG(s) 'example_weekday_branch_operator' retrieved from /home/airflow/.local/lib/python3.12/site-packages/airflow/example_dags/example_branch_day_of_week_operator.py
[2026-06-06T20:19:20.057+0000] {logging_mixin.py:190} INFO - [2026-06-06T20:19:20.057+0000] {dag.py:3239} INFO - Sync 1 DAGs
[2026-06-06T20:19:20.108+0000] {logging_mixin.py:190} INFO - [2026-06-06T20:19:20.108+0000] {dag.py:4180} INFO - Setting next_dagrun for example_weekday_branch_operator to 2026-06-05 00:00:00+00:00, run_after=2026-06-06 00:00:00+00:00
[2026-06-06T20:19:20.144+0000] {processor.py:208} INFO - Processing /home/airflow/.local/lib/python3.12/site-packages/airflow/example_dags/example_branch_day_of_week_operator.py took 0.205 seconds
[2026-06-06T20:19:59.184+0000] {processor.py:186} INFO - Started process (PID=743) to work on /home/airflow/.local/lib/python3.12/site-packages/airflow/example_dags/example_branch_day_of_week_operator.py
[2026-06-06T20:19:59.186+0000] {processor.py:914} INFO - Processing file /home/airflow/.local/lib/python3.12/site-packages/airflow/example_dags/example_branch_day_of_week_operator.py for tasks to queue
[2026-06-06T20:19:59.191+0000] {logging_mixin.py:190} INFO - [2026-06-06T20:19:59.190+0000] {dagbag.py:588} INFO - Filling up the DagBag from /home/airflow/.local/lib/python3.12/site-packages/airflow/example_dags/example_branch_day_of_week_operator.py
[2026-06-06T20:19:59.207+0000] {processor.py:925} INFO - DAG(s) 'example_weekday_branch_operator' retrieved from /home/airflow/.local/lib/python3.12/site-packages/airflow/example_dags/example_branch_day_of_week_operator.py
[2026-06-06T20:19:59.258+0000] {logging_mixin.py:190} INFO - [2026-06-06T20:19:59.258+0000] {dag.py:3239} INFO - Sync 1 DAGs
[2026-06-06T20:19:59.305+0000] {logging_mixin.py:190} INFO - [2026-06-06T20:19:59.305+0000] {dag.py:4180} INFO - Setting next_dagrun for example_weekday_branch_operator to 2026-06-05 00:00:00+00:00, run_after=2026-06-06 00:00:00+00:00
[2026-06-06T20:19:59.346+0000] {processor.py:208} INFO - Processing /home/airflow/.local/lib/python3.12/site-packages/airflow/example_dags/example_branch_day_of_week_operator.py took 0.173 seconds
[2026-06-06T20:20:39.827+0000] {processor.py:186} INFO - Started process (PID=806) to work on /home/airflow/.local/lib/python3.12/site-packages/airflow/example_dags/example_branch_day_of_week_operator.py
[2026-06-06T20:20:39.830+0000] {processor.py:914} INFO - Processing file /home/airflow/.local/lib/python3.12/site-packages/airflow/example_dags/example_branch_day_of_week_operator.py for tasks to queue
[2026-06-06T20:20:39.838+0000] {logging_mixin.py:190} INFO - [2026-06-06T20:20:39.837+0000] {dagbag.py:588} INFO - Filling up the DagBag from /home/airflow/.local/lib/python3.12/site-packages/airflow/example_dags/example_branch_day_of_week_operator.py
[2026-06-06T20:20:39.859+0000] {processor.py:925} INFO - DAG(s) 'example_weekday_branch_operator' retrieved from /home/airflow/.local/lib/python3.12/site-packages/airflow/example_dags/example_branch_day_of_week_operator.py
[2026-06-06T20:20:39.915+0000] {logging_mixin.py:190} INFO - [2026-06-06T20:20:39.915+0000] {dag.py:3239} INFO - Sync 1 DAGs
[2026-06-06T20:20:39.967+0000] {logging_mixin.py:190} INFO - [2026-06-06T20:20:39.967+0000] {dag.py:4180} INFO - Setting next_dagrun for example_weekday_branch_operator to 2026-06-05 00:00:00+00:00, run_after=2026-06-06 00:00:00+00:00
[2026-06-06T20:20:40.011+0000] {processor.py:208} INFO - Processing /home/airflow/.local/lib/python3.12/site-packages/airflow/example_dags/example_branch_day_of_week_operator.py took 0.203 seconds
[2026-06-06T20:21:15.917+0000] {processor.py:186} INFO - Started process (PID=868) to work on /home/airflow/.local/lib/python3.12/site-packages/airflow/example_dags/example_branch_day_of_week_operator.py
[2026-06-06T20:21:15.922+0000] {processor.py:914} INFO - Processing file /home/airflow/.local/lib/python3.12/site-packages/airflow/example_dags/example_branch_day_of_week_operator.py for tasks to queue
[2026-06-06T20:21:15.928+0000] {logging_mixin.py:190} INFO - [2026-06-06T20:21:15.927+0000] {dagbag.py:588} INFO - Filling up the DagBag from /home/airflow/.local/lib/python3.12/site-packages/airflow/example_dags/example_branch_day_of_week_operator.py
[2026-06-06T20:21:15.947+0000] {processor.py:925} INFO - DAG(s) 'example_weekday_branch_operator' retrieved from /home/airflow/.local/lib/python3.12/site-packages/airflow/example_dags/example_branch_day_of_week_operator.py
[2026-06-06T20:21:16.005+0000] {logging_mixin.py:190} INFO - [2026-06-06T20:21:16.005+0000] {dag.py:3239} INFO - Sync 1 DAGs
[2026-06-06T20:21:16.060+0000] {logging_mixin.py:190} INFO - [2026-06-06T20:21:16.060+0000] {dag.py:4180} INFO - Setting next_dagrun for example_weekday_branch_operator to 2026-06-05 00:00:00+00:00, run_after=2026-06-06 00:00:00+00:00
[2026-06-06T20:21:16.104+0000] {processor.py:208} INFO - Processing /home/airflow/.local/lib/python3.12/site-packages/airflow/example_dags/example_branch_day_of_week_operator.py took 0.198 seconds
[2026-06-06T20:21:49.565+0000] {processor.py:186} INFO - Started process (PID=938) to work on /home/airflow/.local/lib/python3.12/site-packages/airflow/example_dags/example_branch_day_of_week_operator.py
[2026-06-06T20:21:49.569+0000] {processor.py:914} INFO - Processing file /home/airflow/.local/lib/python3.12/site-packages/airflow/example_dags/example_branch_day_of_week_operator.py for tasks to queue
[2026-06-06T20:21:49.581+0000] {logging_mixin.py:190} INFO - [2026-06-06T20:21:49.579+0000] {dagbag.py:588} INFO - Filling up the DagBag from /home/airflow/.local/lib/python3.12/site-packages/airflow/example_dags/example_branch_day_of_week_operator.py
[2026-06-06T20:21:49.610+0000] {processor.py:925} INFO - DAG(s) 'example_weekday_branch_operator' retrieved from /home/airflow/.local/lib/python3.12/site-packages/airflow/example_dags/example_branch_day_of_week_operator.py
[2026-06-06T20:21:49.685+0000] {logging_mixin.py:190} INFO - [2026-06-06T20:21:49.685+0000] {dag.py:3239} INFO - Sync 1 DAGs
[2026-06-06T20:21:49.762+0000] {logging_mixin.py:190} INFO - [2026-06-06T20:21:49.761+0000] {dag.py:4180} INFO - Setting next_dagrun for example_weekday_branch_operator to 2026-06-05 00:00:00+00:00, run_after=2026-06-06 00:00:00+00:00
[2026-06-06T20:21:49.821+0000] {processor.py:208} INFO - Processing /home/airflow/.local/lib/python3.12/site-packages/airflow/example_dags/example_branch_day_of_week_operator.py took 0.269 seconds
[2026-06-06T20:22:33.236+0000] {processor.py:186} INFO - Started process (PID=1000) to work on /home/airflow/.local/lib/python3.12/site-packages/airflow/example_dags/example_branch_day_of_week_operator.py
[2026-06-06T20:22:33.239+0000] {processor.py:914} INFO - Processing file /home/airflow/.local/lib/python3.12/site-packages/airflow/example_dags/example_branch_day_of_week_operator.py for tasks to queue
[2026-06-06T20:22:33.249+0000] {logging_mixin.py:190} INFO - [2026-06-06T20:22:33.248+0000] {dagbag.py:588} INFO - Filling up the DagBag from /home/airflow/.local/lib/python3.12/site-packages/airflow/example_dags/example_branch_day_of_week_operator.py
[2026-06-06T20:22:33.274+0000] {processor.py:925} INFO - DAG(s) 'example_weekday_branch_operator' retrieved from /home/airflow/.local/lib/python3.12/site-packages/airflow/example_dags/example_branch_day_of_week_operator.py
[2026-06-06T20:22:33.336+0000] {logging_mixin.py:190} INFO - [2026-06-06T20:22:33.335+0000] {dag.py:3239} INFO - Sync 1 DAGs
[2026-06-06T20:22:33.434+0000] {logging_mixin.py:190} INFO - [2026-06-06T20:22:33.434+0000] {dag.py:4180} INFO - Setting next_dagrun for example_weekday_branch_operator to 2026-06-05 00:00:00+00:00, run_after=2026-06-06 00:00:00+00:00
[2026-06-06T20:22:33.474+0000] {processor.py:208} INFO - Processing /home/airflow/.local/lib/python3.12/site-packages/airflow/example_dags/example_branch_day_of_week_operator.py took 0.252 seconds
[2026-06-06T20:23:12.007+0000] {processor.py:186} INFO - Started process (PID=1062) to work on /home/airflow/.local/lib/python3.12/site-packages/airflow/example_dags/example_branch_day_of_week_operator.py
[2026-06-06T20:23:12.011+0000] {processor.py:914} INFO - Processing file /home/airflow/.local/lib/python3.12/site-packages/airflow/example_dags/example_branch_day_of_week_operator.py for tasks to queue
[2026-06-06T20:23:12.018+0000] {logging_mixin.py:190} INFO - [2026-06-06T20:23:12.017+0000] {dagbag.py:588} INFO - Filling up the DagBag from /home/airflow/.local/lib/python3.12/site-packages/airflow/example_dags/example_branch_day_of_week_operator.py
[2026-06-06T20:23:12.036+0000] {processor.py:925} INFO - DAG(s) 'example_weekday_branch_operator' retrieved from /home/airflow/.local/lib/python3.12/site-packages/airflow/example_dags/example_branch_day_of_week_operator.py
[2026-06-06T20:23:12.090+0000] {logging_mixin.py:190} INFO - [2026-06-06T20:23:12.090+0000] {dag.py:3239} INFO - Sync 1 DAGs
[2026-06-06T20:23:12.146+0000] {logging_mixin.py:190} INFO - [2026-06-06T20:23:12.146+0000] {dag.py:4180} INFO - Setting next_dagrun for example_weekday_branch_operator to 2026-06-05 00:00:00+00:00, run_after=2026-06-06 00:00:00+00:00
[2026-06-06T20:23:12.186+0000] {processor.py:208} INFO - Processing /home/airflow/.local/lib/python3.12/site-packages/airflow/example_dags/example_branch_day_of_week_operator.py took 0.191 seconds
[2026-06-06T20:23:48.345+0000] {processor.py:186} INFO - Started process (PID=1124) to work on /home/airflow/.local/lib/python3.12/site-packages/airflow/example_dags/example_branch_day_of_week_operator.py
[2026-06-06T20:23:48.348+0000] {processor.py:914} INFO - Processing file /home/airflow/.local/lib/python3.12/site-packages/airflow/example_dags/example_branch_day_of_week_operator.py for tasks to queue
[2026-06-06T20:23:48.353+0000] {logging_mixin.py:190} INFO - [2026-06-06T20:23:48.352+0000] {dagbag.py:588} INFO - Filling up the DagBag from /home/airflow/.local/lib/python3.12/site-packages/airflow/example_dags/example_branch_day_of_week_operator.py
[2026-06-06T20:23:48.375+0000] {processor.py:925} INFO - DAG(s) 'example_weekday_branch_operator' retrieved from /home/airflow/.local/lib/python3.12/site-packages/airflow/example_dags/example_branch_day_of_week_operator.py
[2026-06-06T20:23:48.420+0000] {logging_mixin.py:190} INFO - [2026-06-06T20:23:48.420+0000] {dag.py:3239} INFO - Sync 1 DAGs
[2026-06-06T20:23:48.482+0000] {logging_mixin.py:190} INFO - [2026-06-06T20:23:48.482+0000] {dag.py:4180} INFO - Setting next_dagrun for example_weekday_branch_operator to 2026-06-05 00:00:00+00:00, run_after=2026-06-06 00:00:00+00:00
[2026-06-06T20:23:48.518+0000] {processor.py:208} INFO - Processing /home/airflow/.local/lib/python3.12/site-packages/airflow/example_dags/example_branch_day_of_week_operator.py took 0.185 seconds
[2026-06-06T20:24:26.476+0000] {processor.py:186} INFO - Started process (PID=1205) to work on /home/airflow/.local/lib/python3.12/site-packages/airflow/example_dags/example_branch_day_of_week_operator.py
[2026-06-06T20:24:26.485+0000] {processor.py:914} INFO - Processing file /home/airflow/.local/lib/python3.12/site-packages/airflow/example_dags/example_branch_day_of_week_operator.py for tasks to queue
[2026-06-06T20:24:26.496+0000] {logging_mixin.py:190} INFO - [2026-06-06T20:24:26.493+0000] {dagbag.py:588} INFO - Filling up the DagBag from /home/airflow/.local/lib/python3.12/site-packages/airflow/example_dags/example_branch_day_of_week_operator.py
[2026-06-06T20:24:26.522+0000] {processor.py:925} INFO - DAG(s) 'example_weekday_branch_operator' retrieved from /home/airflow/.local/lib/python3.12/site-packages/airflow/example_dags/example_branch_day_of_week_operator.py
[2026-06-06T20:24:26.574+0000] {logging_mixin.py:190} INFO - [2026-06-06T20:24:26.574+0000] {dag.py:3239} INFO - Sync 1 DAGs
[2026-06-06T20:24:26.641+0000] {logging_mixin.py:190} INFO - [2026-06-06T20:24:26.640+0000] {dag.py:4180} INFO - Setting next_dagrun for example_weekday_branch_operator to 2026-06-05 00:00:00+00:00, run_after=2026-06-06 00:00:00+00:00
[2026-06-06T20:24:26.699+0000] {processor.py:208} INFO - Processing /home/airflow/.local/lib/python3.12/site-packages/airflow/example_dags/example_branch_day_of_week_operator.py took 0.236 seconds
[2026-06-06T20:25:04.241+0000] {processor.py:186} INFO - Started process (PID=1270) to work on /home/airflow/.local/lib/python3.12/site-packages/airflow/example_dags/example_branch_day_of_week_operator.py
[2026-06-06T20:25:04.243+0000] {processor.py:914} INFO - Processing file /home/airflow/.local/lib/python3.12/site-packages/airflow/example_dags/example_branch_day_of_week_operator.py for tasks to queue
[2026-06-06T20:25:04.247+0000] {logging_mixin.py:190} INFO - [2026-06-06T20:25:04.247+0000] {dagbag.py:588} INFO - Filling up the DagBag from /home/airflow/.local/lib/python3.12/site-packages/airflow/example_dags/example_branch_day_of_week_operator.py
[2026-06-06T20:25:04.270+0000] {processor.py:925} INFO - DAG(s) 'example_weekday_branch_operator' retrieved from /home/airflow/.local/lib/python3.12/site-packages/airflow/example_dags/example_branch_day_of_week_operator.py
[2026-06-06T20:25:04.310+0000] {logging_mixin.py:190} INFO - [2026-06-06T20:25:04.309+0000] {dag.py:3239} INFO - Sync 1 DAGs
[2026-06-06T20:25:04.346+0000] {logging_mixin.py:190} INFO - [2026-06-06T20:25:04.345+0000] {dag.py:4180} INFO - Setting next_dagrun for example_weekday_branch_operator to 2026-06-05 00:00:00+00:00, run_after=2026-06-06 00:00:00+00:00
[2026-06-06T20:25:04.380+0000] {processor.py:208} INFO - Processing /home/airflow/.local/lib/python3.12/site-packages/airflow/example_dags/example_branch_day_of_week_operator.py took 0.149 seconds
[2026-06-06T20:25:46.340+0000] {processor.py:186} INFO - Started process (PID=1332) to work on /home/airflow/.local/lib/python3.12/site-packages/airflow/example_dags/example_branch_day_of_week_operator.py
[2026-06-06T20:25:46.342+0000] {processor.py:914} INFO - Processing file /home/airflow/.local/lib/python3.12/site-packages/airflow/example_dags/example_branch_day_of_week_operator.py for tasks to queue
[2026-06-06T20:25:46.346+0000] {logging_mixin.py:190} INFO - [2026-06-06T20:25:46.346+0000] {dagbag.py:588} INFO - Filling up the DagBag from /home/airflow/.local/lib/python3.12/site-packages/airflow/example_dags/example_branch_day_of_week_operator.py
[2026-06-06T20:25:46.362+0000] {processor.py:925} INFO - DAG(s) 'example_weekday_branch_operator' retrieved from /home/airflow/.local/lib/python3.12/site-packages/airflow/example_dags/example_branch_day_of_week_operator.py
[2026-06-06T20:25:46.406+0000] {logging_mixin.py:190} INFO - [2026-06-06T20:25:46.406+0000] {dag.py:3239} INFO - Sync 1 DAGs
[2026-06-06T20:25:46.445+0000] {logging_mixin.py:190} INFO - [2026-06-06T20:25:46.445+0000] {dag.py:4180} INFO - Setting next_dagrun for example_weekday_branch_operator to 2026-06-05 00:00:00+00:00, run_after=2026-06-06 00:00:00+00:00
[2026-06-06T20:25:46.480+0000] {processor.py:208} INFO - Processing /home/airflow/.local/lib/python3.12/site-packages/airflow/example_dags/example_branch_day_of_week_operator.py took 0.149 seconds
[2026-06-06T20:26:30.427+0000] {processor.py:186} INFO - Started process (PID=1403) to work on /home/airflow/.local/lib/python3.12/site-packages/airflow/example_dags/example_branch_day_of_week_operator.py
[2026-06-06T20:26:30.429+0000] {processor.py:914} INFO - Processing file /home/airflow/.local/lib/python3.12/site-packages/airflow/example_dags/example_branch_day_of_week_operator.py for tasks to queue
[2026-06-06T20:26:30.435+0000] {logging_mixin.py:190} INFO - [2026-06-06T20:26:30.434+0000] {dagbag.py:588} INFO - Filling up the DagBag from /home/airflow/.local/lib/python3.12/site-packages/airflow/example_dags/example_branch_day_of_week_operator.py
[2026-06-06T20:26:30.460+0000] {processor.py:925} INFO - DAG(s) 'example_weekday_branch_operator' retrieved from /home/airflow/.local/lib/python3.12/site-packages/airflow/example_dags/example_branch_day_of_week_operator.py
[2026-06-06T20:26:30.534+0000] {logging_mixin.py:190} INFO - [2026-06-06T20:26:30.533+0000] {dag.py:3239} INFO - Sync 1 DAGs
[2026-06-06T20:26:30.592+0000] {logging_mixin.py:190} INFO - [2026-06-06T20:26:30.591+0000] {dag.py:4180} INFO - Setting next_dagrun for example_weekday_branch_operator to 2026-06-05 00:00:00+00:00, run_after=2026-06-06 00:00:00+00:00
[2026-06-06T20:26:30.640+0000] {processor.py:208} INFO - Processing /home/airflow/.local/lib/python3.12/site-packages/airflow/example_dags/example_branch_day_of_week_operator.py took 0.224 seconds
[2026-06-06T20:27:06.569+0000] {processor.py:186} INFO - Started process (PID=1474) to work on /home/airflow/.local/lib/python3.12/site-packages/airflow/example_dags/example_branch_day_of_week_operator.py
[2026-06-06T20:27:06.571+0000] {processor.py:914} INFO - Processing file /home/airflow/.local/lib/python3.12/site-packages/airflow/example_dags/example_branch_day_of_week_operator.py for tasks to queue
[2026-06-06T20:27:06.576+0000] {logging_mixin.py:190} INFO - [2026-06-06T20:27:06.576+0000] {dagbag.py:588} INFO - Filling up the DagBag from /home/airflow/.local/lib/python3.12/site-packages/airflow/example_dags/example_branch_day_of_week_operator.py
[2026-06-06T20:27:06.597+0000] {processor.py:925} INFO - DAG(s) 'example_weekday_branch_operator' retrieved from /home/airflow/.local/lib/python3.12/site-packages/airflow/example_dags/example_branch_day_of_week_operator.py
[2026-06-06T20:27:06.673+0000] {logging_mixin.py:190} INFO - [2026-06-06T20:27:06.672+0000] {dag.py:3239} INFO - Sync 1 DAGs
[2026-06-06T20:27:06.733+0000] {logging_mixin.py:190} INFO - [2026-06-06T20:27:06.732+0000] {dag.py:4180} INFO - Setting next_dagrun for example_weekday_branch_operator to 2026-06-05 00:00:00+00:00, run_after=2026-06-06 00:00:00+00:00
[2026-06-06T20:27:06.775+0000] {processor.py:208} INFO - Processing /home/airflow/.local/lib/python3.12/site-packages/airflow/example_dags/example_branch_day_of_week_operator.py took 0.219 seconds
[2026-06-06T20:27:39.274+0000] {processor.py:186} INFO - Started process (PID=1536) to work on /home/airflow/.local/lib/python3.12/site-packages/airflow/example_dags/example_branch_day_of_week_operator.py
[2026-06-06T20:27:39.279+0000] {processor.py:914} INFO - Processing file /home/airflow/.local/lib/python3.12/site-packages/airflow/example_dags/example_branch_day_of_week_operator.py for tasks to queue
[2026-06-06T20:27:39.294+0000] {logging_mixin.py:190} INFO - [2026-06-06T20:27:39.293+0000] {dagbag.py:588} INFO - Filling up the DagBag from /home/airflow/.local/lib/python3.12/site-packages/airflow/example_dags/example_branch_day_of_week_operator.py
[2026-06-06T20:27:39.342+0000] {processor.py:925} INFO - DAG(s) 'example_weekday_branch_operator' retrieved from /home/airflow/.local/lib/python3.12/site-packages/airflow/example_dags/example_branch_day_of_week_operator.py
[2026-06-06T20:27:39.448+0000] {logging_mixin.py:190} INFO - [2026-06-06T20:27:39.448+0000] {dag.py:3239} INFO - Sync 1 DAGs
[2026-06-06T20:27:39.525+0000] {logging_mixin.py:190} INFO - [2026-06-06T20:27:39.524+0000] {dag.py:4180} INFO - Setting next_dagrun for example_weekday_branch_operator to 2026-06-05 00:00:00+00:00, run_after=2026-06-06 00:00:00+00:00
[2026-06-06T20:27:39.648+0000] {processor.py:208} INFO - Processing /home/airflow/.local/lib/python3.12/site-packages/airflow/example_dags/example_branch_day_of_week_operator.py took 0.389 seconds
[2026-06-06T20:28:23.485+0000] {processor.py:186} INFO - Started process (PID=1605) to work on /home/airflow/.local/lib/python3.12/site-packages/airflow/example_dags/example_branch_day_of_week_operator.py
[2026-06-06T20:28:23.492+0000] {processor.py:914} INFO - Processing file /home/airflow/.local/lib/python3.12/site-packages/airflow/example_dags/example_branch_day_of_week_operator.py for tasks to queue
[2026-06-06T20:28:23.523+0000] {logging_mixin.py:190} INFO - [2026-06-06T20:28:23.520+0000] {dagbag.py:588} INFO - Filling up the DagBag from /home/airflow/.local/lib/python3.12/site-packages/airflow/example_dags/example_branch_day_of_week_operator.py
[2026-06-06T20:28:23.570+0000] {processor.py:925} INFO - DAG(s) 'example_weekday_branch_operator' retrieved from /home/airflow/.local/lib/python3.12/site-packages/airflow/example_dags/example_branch_day_of_week_operator.py
[2026-06-06T20:28:23.671+0000] {logging_mixin.py:190} INFO - [2026-06-06T20:28:23.670+0000] {dag.py:3239} INFO - Sync 1 DAGs
[2026-06-06T20:28:23.801+0000] {logging_mixin.py:190} INFO - [2026-06-06T20:28:23.799+0000] {dag.py:4180} INFO - Setting next_dagrun for example_weekday_branch_operator to 2026-06-05 00:00:00+00:00, run_after=2026-06-06 00:00:00+00:00
[2026-06-06T20:28:23.881+0000] {processor.py:208} INFO - Processing /home/airflow/.local/lib/python3.12/site-packages/airflow/example_dags/example_branch_day_of_week_operator.py took 0.447 seconds
[2026-06-06T20:29:06.705+0000] {processor.py:186} INFO - Started process (PID=1673) to work on /home/airflow/.local/lib/python3.12/site-packages/airflow/example_dags/example_branch_day_of_week_operator.py
[2026-06-06T20:29:06.707+0000] {processor.py:914} INFO - Processing file /home/airflow/.local/lib/python3.12/site-packages/airflow/example_dags/example_branch_day_of_week_operator.py for tasks to queue
[2026-06-06T20:29:06.724+0000] {logging_mixin.py:190} INFO - [2026-06-06T20:29:06.724+0000] {dagbag.py:588} INFO - Filling up the DagBag from /home/airflow/.local/lib/python3.12/site-packages/airflow/example_dags/example_branch_day_of_week_operator.py
[2026-06-06T20:29:06.764+0000] {processor.py:925} INFO - DAG(s) 'example_weekday_branch_operator' retrieved from /home/airflow/.local/lib/python3.12/site-packages/airflow/example_dags/example_branch_day_of_week_operator.py
[2026-06-06T20:29:06.838+0000] {logging_mixin.py:190} INFO - [2026-06-06T20:29:06.838+0000] {dag.py:3239} INFO - Sync 1 DAGs
[2026-06-06T20:29:06.928+0000] {logging_mixin.py:190} INFO - [2026-06-06T20:29:06.927+0000] {dag.py:4180} INFO - Setting next_dagrun for example_weekday_branch_operator to 2026-06-05 00:00:00+00:00, run_after=2026-06-06 00:00:00+00:00
[2026-06-06T20:29:06.982+0000] {processor.py:208} INFO - Processing /home/airflow/.local/lib/python3.12/site-packages/airflow/example_dags/example_branch_day_of_week_operator.py took 0.291 seconds
[2026-06-06T20:29:45.477+0000] {processor.py:186} INFO - Started process (PID=1741) to work on /home/airflow/.local/lib/python3.12/site-packages/airflow/example_dags/example_branch_day_of_week_operator.py
[2026-06-06T20:29:45.479+0000] {processor.py:914} INFO - Processing file /home/airflow/.local/lib/python3.12/site-packages/airflow/example_dags/example_branch_day_of_week_operator.py for tasks to queue
[2026-06-06T20:29:45.484+0000] {logging_mixin.py:190} INFO - [2026-06-06T20:29:45.483+0000] {dagbag.py:588} INFO - Filling up the DagBag from /home/airflow/.local/lib/python3.12/site-packages/airflow/example_dags/example_branch_day_of_week_operator.py
[2026-06-06T20:29:45.505+0000] {processor.py:925} INFO - DAG(s) 'example_weekday_branch_operator' retrieved from /home/airflow/.local/lib/python3.12/site-packages/airflow/example_dags/example_branch_day_of_week_operator.py
[2026-06-06T20:29:45.554+0000] {logging_mixin.py:190} INFO - [2026-06-06T20:29:45.554+0000] {dag.py:3239} INFO - Sync 1 DAGs
[2026-06-06T20:29:45.600+0000] {logging_mixin.py:190} INFO - [2026-06-06T20:29:45.599+0000] {dag.py:4180} INFO - Setting next_dagrun for example_weekday_branch_operator to 2026-06-05 00:00:00+00:00, run_after=2026-06-06 00:00:00+00:00
[2026-06-06T20:29:45.634+0000] {processor.py:208} INFO - Processing /home/airflow/.local/lib/python3.12/site-packages/airflow/example_dags/example_branch_day_of_week_operator.py took 0.167 seconds
[2026-06-06T20:30:22.159+0000] {processor.py:186} INFO - Started process (PID=1820) to work on /home/airflow/.local/lib/python3.12/site-packages/airflow/example_dags/example_branch_day_of_week_operator.py
[2026-06-06T20:30:22.161+0000] {processor.py:914} INFO - Processing file /home/airflow/.local/lib/python3.12/site-packages/airflow/example_dags/example_branch_day_of_week_operator.py for tasks to queue
[2026-06-06T20:30:22.171+0000] {logging_mixin.py:190} INFO - [2026-06-06T20:30:22.170+0000] {dagbag.py:588} INFO - Filling up the DagBag from /home/airflow/.local/lib/python3.12/site-packages/airflow/example_dags/example_branch_day_of_week_operator.py
[2026-06-06T20:30:22.189+0000] {processor.py:925} INFO - DAG(s) 'example_weekday_branch_operator' retrieved from /home/airflow/.local/lib/python3.12/site-packages/airflow/example_dags/example_branch_day_of_week_operator.py
[2026-06-06T20:30:22.268+0000] {logging_mixin.py:190} INFO - [2026-06-06T20:30:22.268+0000] {dag.py:3239} INFO - Sync 1 DAGs
[2026-06-06T20:30:22.353+0000] {logging_mixin.py:190} INFO - [2026-06-06T20:30:22.352+0000] {dag.py:4180} INFO - Setting next_dagrun for example_weekday_branch_operator to 2026-06-05 00:00:00+00:00, run_after=2026-06-06 00:00:00+00:00
[2026-06-06T20:30:22.400+0000] {processor.py:208} INFO - Processing /home/airflow/.local/lib/python3.12/site-packages/airflow/example_dags/example_branch_day_of_week_operator.py took 0.256 seconds
[2026-06-06T20:31:10.941+0000] {processor.py:186} INFO - Started process (PID=1888) to work on /home/airflow/.local/lib/python3.12/site-packages/airflow/example_dags/example_branch_day_of_week_operator.py
[2026-06-06T20:31:10.944+0000] {processor.py:914} INFO - Processing file /home/airflow/.local/lib/python3.12/site-packages/airflow/example_dags/example_branch_day_of_week_operator.py for tasks to queue
[2026-06-06T20:31:10.953+0000] {logging_mixin.py:190} INFO - [2026-06-06T20:31:10.952+0000] {dagbag.py:588} INFO - Filling up the DagBag from /home/airflow/.local/lib/python3.12/site-packages/airflow/example_dags/example_branch_day_of_week_operator.py
[2026-06-06T20:31:10.977+0000] {processor.py:925} INFO - DAG(s) 'example_weekday_branch_operator' retrieved from /home/airflow/.local/lib/python3.12/site-packages/airflow/example_dags/example_branch_day_of_week_operator.py
[2026-06-06T20:31:11.037+0000] {logging_mixin.py:190} INFO - [2026-06-06T20:31:11.036+0000] {dag.py:3239} INFO - Sync 1 DAGs
[2026-06-06T20:31:11.099+0000] {logging_mixin.py:190} INFO - [2026-06-06T20:31:11.098+0000] {dag.py:4180} INFO - Setting next_dagrun for example_weekday_branch_operator to 2026-06-05 00:00:00+00:00, run_after=2026-06-06 00:00:00+00:00
[2026-06-06T20:31:11.143+0000] {processor.py:208} INFO - Processing /home/airflow/.local/lib/python3.12/site-packages/airflow/example_dags/example_branch_day_of_week_operator.py took 0.217 seconds
[2026-06-06T20:31:45.228+0000] {processor.py:186} INFO - Started process (PID=1950) to work on /home/airflow/.local/lib/python3.12/site-packages/airflow/example_dags/example_branch_day_of_week_operator.py
[2026-06-06T20:31:45.230+0000] {processor.py:914} INFO - Processing file /home/airflow/.local/lib/python3.12/site-packages/airflow/example_dags/example_branch_day_of_week_operator.py for tasks to queue
[2026-06-06T20:31:45.234+0000] {logging_mixin.py:190} INFO - [2026-06-06T20:31:45.234+0000] {dagbag.py:588} INFO - Filling up the DagBag from /home/airflow/.local/lib/python3.12/site-packages/airflow/example_dags/example_branch_day_of_week_operator.py
[2026-06-06T20:31:45.252+0000] {processor.py:925} INFO - DAG(s) 'example_weekday_branch_operator' retrieved from /home/airflow/.local/lib/python3.12/site-packages/airflow/example_dags/example_branch_day_of_week_operator.py
[2026-06-06T20:31:45.293+0000] {logging_mixin.py:190} INFO - [2026-06-06T20:31:45.293+0000] {dag.py:3239} INFO - Sync 1 DAGs
[2026-06-06T20:31:45.333+0000] {logging_mixin.py:190} INFO - [2026-06-06T20:31:45.333+0000] {dag.py:4180} INFO - Setting next_dagrun for example_weekday_branch_operator to 2026-06-05 00:00:00+00:00, run_after=2026-06-06 00:00:00+00:00
[2026-06-06T20:31:45.366+0000] {processor.py:208} INFO - Processing /home/airflow/.local/lib/python3.12/site-packages/airflow/example_dags/example_branch_day_of_week_operator.py took 0.146 seconds
[2026-06-06T20:32:26.256+0000] {processor.py:186} INFO - Started process (PID=2018) to work on /home/airflow/.local/lib/python3.12/site-packages/airflow/example_dags/example_branch_day_of_week_operator.py
[2026-06-06T20:32:26.260+0000] {processor.py:914} INFO - Processing file /home/airflow/.local/lib/python3.12/site-packages/airflow/example_dags/example_branch_day_of_week_operator.py for tasks to queue
[2026-06-06T20:32:26.269+0000] {logging_mixin.py:190} INFO - [2026-06-06T20:32:26.267+0000] {dagbag.py:588} INFO - Filling up the DagBag from /home/airflow/.local/lib/python3.12/site-packages/airflow/example_dags/example_branch_day_of_week_operator.py
[2026-06-06T20:32:26.296+0000] {processor.py:925} INFO - DAG(s) 'example_weekday_branch_operator' retrieved from /home/airflow/.local/lib/python3.12/site-packages/airflow/example_dags/example_branch_day_of_week_operator.py
[2026-06-06T20:32:26.374+0000] {logging_mixin.py:190} INFO - [2026-06-06T20:32:26.373+0000] {dag.py:3239} INFO - Sync 1 DAGs
[2026-06-06T20:32:26.437+0000] {logging_mixin.py:190} INFO - [2026-06-06T20:32:26.436+0000] {dag.py:4180} INFO - Setting next_dagrun for example_weekday_branch_operator to 2026-06-05 00:00:00+00:00, run_after=2026-06-06 00:00:00+00:00
[2026-06-06T20:32:26.477+0000] {processor.py:208} INFO - Processing /home/airflow/.local/lib/python3.12/site-packages/airflow/example_dags/example_branch_day_of_week_operator.py took 0.235 seconds
[2026-06-06T20:33:10.621+0000] {processor.py:186} INFO - Started process (PID=2081) to work on /home/airflow/.local/lib/python3.12/site-packages/airflow/example_dags/example_branch_day_of_week_operator.py
[2026-06-06T20:33:10.624+0000] {processor.py:914} INFO - Processing file /home/airflow/.local/lib/python3.12/site-packages/airflow/example_dags/example_branch_day_of_week_operator.py for tasks to queue
[2026-06-06T20:33:10.631+0000] {logging_mixin.py:190} INFO - [2026-06-06T20:33:10.630+0000] {dagbag.py:588} INFO - Filling up the DagBag from /home/airflow/.local/lib/python3.12/site-packages/airflow/example_dags/example_branch_day_of_week_operator.py
[2026-06-06T20:33:10.658+0000] {processor.py:925} INFO - DAG(s) 'example_weekday_branch_operator' retrieved from /home/airflow/.local/lib/python3.12/site-packages/airflow/example_dags/example_branch_day_of_week_operator.py
[2026-06-06T20:33:10.716+0000] {logging_mixin.py:190} INFO - [2026-06-06T20:33:10.716+0000] {dag.py:3239} INFO - Sync 1 DAGs
[2026-06-06T20:33:10.786+0000] {logging_mixin.py:190} INFO - [2026-06-06T20:33:10.786+0000] {dag.py:4180} INFO - Setting next_dagrun for example_weekday_branch_operator to 2026-06-05 00:00:00+00:00, run_after=2026-06-06 00:00:00+00:00
[2026-06-06T20:33:10.831+0000] {processor.py:208} INFO - Processing /home/airflow/.local/lib/python3.12/site-packages/airflow/example_dags/example_branch_day_of_week_operator.py took 0.221 seconds
[2026-06-06T20:33:54.071+0000] {processor.py:186} INFO - Started process (PID=2151) to work on /home/airflow/.local/lib/python3.12/site-packages/airflow/example_dags/example_branch_day_of_week_operator.py
[2026-06-06T20:33:54.073+0000] {processor.py:914} INFO - Processing file /home/airflow/.local/lib/python3.12/site-packages/airflow/example_dags/example_branch_day_of_week_operator.py for tasks to queue
[2026-06-06T20:33:54.079+0000] {logging_mixin.py:190} INFO - [2026-06-06T20:33:54.078+0000] {dagbag.py:588} INFO - Filling up the DagBag from /home/airflow/.local/lib/python3.12/site-packages/airflow/example_dags/example_branch_day_of_week_operator.py
[2026-06-06T20:33:54.101+0000] {processor.py:925} INFO - DAG(s) 'example_weekday_branch_operator' retrieved from /home/airflow/.local/lib/python3.12/site-packages/airflow/example_dags/example_branch_day_of_week_operator.py
[2026-06-06T20:33:54.171+0000] {logging_mixin.py:190} INFO - [2026-06-06T20:33:54.170+0000] {dag.py:3239} INFO - Sync 1 DAGs
[2026-06-06T20:33:54.263+0000] {logging_mixin.py:190} INFO - [2026-06-06T20:33:54.262+0000] {dag.py:4180} INFO - Setting next_dagrun for example_weekday_branch_operator to 2026-06-05 00:00:00+00:00, run_after=2026-06-06 00:00:00+00:00
[2026-06-06T20:33:54.308+0000] {processor.py:208} INFO - Processing /home/airflow/.local/lib/python3.12/site-packages/airflow/example_dags/example_branch_day_of_week_operator.py took 0.249 seconds
[2026-06-06T20:34:24.467+0000] {processor.py:186} INFO - Started process (PID=2214) to work on /home/airflow/.local/lib/python3.12/site-packages/airflow/example_dags/example_branch_day_of_week_operator.py
[2026-06-06T20:34:24.470+0000] {processor.py:914} INFO - Processing file /home/airflow/.local/lib/python3.12/site-packages/airflow/example_dags/example_branch_day_of_week_operator.py for tasks to queue
[2026-06-06T20:34:24.474+0000] {logging_mixin.py:190} INFO - [2026-06-06T20:34:24.473+0000] {dagbag.py:588} INFO - Filling up the DagBag from /home/airflow/.local/lib/python3.12/site-packages/airflow/example_dags/example_branch_day_of_week_operator.py
[2026-06-06T20:34:24.491+0000] {processor.py:925} INFO - DAG(s) 'example_weekday_branch_operator' retrieved from /home/airflow/.local/lib/python3.12/site-packages/airflow/example_dags/example_branch_day_of_week_operator.py
[2026-06-06T20:34:24.530+0000] {logging_mixin.py:190} INFO - [2026-06-06T20:34:24.530+0000] {dag.py:3239} INFO - Sync 1 DAGs
[2026-06-06T20:34:24.567+0000] {logging_mixin.py:190} INFO - [2026-06-06T20:34:24.567+0000] {dag.py:4180} INFO - Setting next_dagrun for example_weekday_branch_operator to 2026-06-05 00:00:00+00:00, run_after=2026-06-06 00:00:00+00:00
[2026-06-06T20:34:24.596+0000] {processor.py:208} INFO - Processing /home/airflow/.local/lib/python3.12/site-packages/airflow/example_dags/example_branch_day_of_week_operator.py took 0.137 seconds
[2026-06-06T20:35:03.643+0000] {processor.py:186} INFO - Started process (PID=2276) to work on /home/airflow/.local/lib/python3.12/site-packages/airflow/example_dags/example_branch_day_of_week_operator.py
[2026-06-06T20:35:03.645+0000] {processor.py:914} INFO - Processing file /home/airflow/.local/lib/python3.12/site-packages/airflow/example_dags/example_branch_day_of_week_operator.py for tasks to queue
[2026-06-06T20:35:03.651+0000] {logging_mixin.py:190} INFO - [2026-06-06T20:35:03.650+0000] {dagbag.py:588} INFO - Filling up the DagBag from /home/airflow/.local/lib/python3.12/site-packages/airflow/example_dags/example_branch_day_of_week_operator.py
[2026-06-06T20:35:03.668+0000] {processor.py:925} INFO - DAG(s) 'example_weekday_branch_operator' retrieved from /home/airflow/.local/lib/python3.12/site-packages/airflow/example_dags/example_branch_day_of_week_operator.py
[2026-06-06T20:35:03.715+0000] {logging_mixin.py:190} INFO - [2026-06-06T20:35:03.715+0000] {dag.py:3239} INFO - Sync 1 DAGs
[2026-06-06T20:35:03.761+0000] {logging_mixin.py:190} INFO - [2026-06-06T20:35:03.761+0000] {dag.py:4180} INFO - Setting next_dagrun for example_weekday_branch_operator to 2026-06-05 00:00:00+00:00, run_after=2026-06-06 00:00:00+00:00
[2026-06-06T20:35:03.799+0000] {processor.py:208} INFO - Processing /home/airflow/.local/lib/python3.12/site-packages/airflow/example_dags/example_branch_day_of_week_operator.py took 0.169 seconds
[2026-06-06T20:35:43.766+0000] {processor.py:186} INFO - Started process (PID=2338) to work on /home/airflow/.local/lib/python3.12/site-packages/airflow/example_dags/example_branch_day_of_week_operator.py
[2026-06-06T20:35:43.768+0000] {processor.py:914} INFO - Processing file /home/airflow/.local/lib/python3.12/site-packages/airflow/example_dags/example_branch_day_of_week_operator.py for tasks to queue
[2026-06-06T20:35:43.775+0000] {logging_mixin.py:190} INFO - [2026-06-06T20:35:43.774+0000] {dagbag.py:588} INFO - Filling up the DagBag from /home/airflow/.local/lib/python3.12/site-packages/airflow/example_dags/example_branch_day_of_week_operator.py
[2026-06-06T20:35:43.798+0000] {processor.py:925} INFO - DAG(s) 'example_weekday_branch_operator' retrieved from /home/airflow/.local/lib/python3.12/site-packages/airflow/example_dags/example_branch_day_of_week_operator.py
[2026-06-06T20:35:43.869+0000] {logging_mixin.py:190} INFO - [2026-06-06T20:35:43.868+0000] {dag.py:3239} INFO - Sync 1 DAGs
[2026-06-06T20:35:43.920+0000] {logging_mixin.py:190} INFO - [2026-06-06T20:35:43.919+0000] {dag.py:4180} INFO - Setting next_dagrun for example_weekday_branch_operator to 2026-06-05 00:00:00+00:00, run_after=2026-06-06 00:00:00+00:00
[2026-06-06T20:35:43.965+0000] {processor.py:208} INFO - Processing /home/airflow/.local/lib/python3.12/site-packages/airflow/example_dags/example_branch_day_of_week_operator.py took 0.212 seconds
[2026-06-06T20:36:16.808+0000] {processor.py:186} INFO - Started process (PID=2404) to work on /home/airflow/.local/lib/python3.12/site-packages/airflow/example_dags/example_branch_day_of_week_operator.py
[2026-06-06T20:36:16.811+0000] {processor.py:914} INFO - Processing file /home/airflow/.local/lib/python3.12/site-packages/airflow/example_dags/example_branch_day_of_week_operator.py for tasks to queue
[2026-06-06T20:36:16.819+0000] {logging_mixin.py:190} INFO - [2026-06-06T20:36:16.817+0000] {dagbag.py:588} INFO - Filling up the DagBag from /home/airflow/.local/lib/python3.12/site-packages/airflow/example_dags/example_branch_day_of_week_operator.py
[2026-06-06T20:36:16.846+0000] {processor.py:925} INFO - DAG(s) 'example_weekday_branch_operator' retrieved from /home/airflow/.local/lib/python3.12/site-packages/airflow/example_dags/example_branch_day_of_week_operator.py
[2026-06-06T20:36:16.908+0000] {logging_mixin.py:190} INFO - [2026-06-06T20:36:16.907+0000] {dag.py:3239} INFO - Sync 1 DAGs
[2026-06-06T20:36:16.971+0000] {logging_mixin.py:190} INFO - [2026-06-06T20:36:16.971+0000] {dag.py:4180} INFO - Setting next_dagrun for example_weekday_branch_operator to 2026-06-05 00:00:00+00:00, run_after=2026-06-06 00:00:00+00:00
[2026-06-06T20:36:17.016+0000] {processor.py:208} INFO - Processing /home/airflow/.local/lib/python3.12/site-packages/airflow/example_dags/example_branch_day_of_week_operator.py took 0.220 seconds
[2026-06-06T20:36:57.171+0000] {processor.py:186} INFO - Started process (PID=2470) to work on /home/airflow/.local/lib/python3.12/site-packages/airflow/example_dags/example_branch_day_of_week_operator.py
[2026-06-06T20:36:57.174+0000] {processor.py:914} INFO - Processing file /home/airflow/.local/lib/python3.12/site-packages/airflow/example_dags/example_branch_day_of_week_operator.py for tasks to queue
[2026-06-06T20:36:57.178+0000] {logging_mixin.py:190} INFO - [2026-06-06T20:36:57.178+0000] {dagbag.py:588} INFO - Filling up the DagBag from /home/airflow/.local/lib/python3.12/site-packages/airflow/example_dags/example_branch_day_of_week_operator.py
[2026-06-06T20:36:57.203+0000] {processor.py:925} INFO - DAG(s) 'example_weekday_branch_operator' retrieved from /home/airflow/.local/lib/python3.12/site-packages/airflow/example_dags/example_branch_day_of_week_operator.py
[2026-06-06T20:36:57.250+0000] {logging_mixin.py:190} INFO - [2026-06-06T20:36:57.250+0000] {dag.py:3239} INFO - Sync 1 DAGs
[2026-06-06T20:36:57.293+0000] {logging_mixin.py:190} INFO - [2026-06-06T20:36:57.293+0000] {dag.py:4180} INFO - Setting next_dagrun for example_weekday_branch_operator to 2026-06-05 00:00:00+00:00, run_after=2026-06-06 00:00:00+00:00
[2026-06-06T20:36:57.335+0000] {processor.py:208} INFO - Processing /home/airflow/.local/lib/python3.12/site-packages/airflow/example_dags/example_branch_day_of_week_operator.py took 0.173 seconds
[2026-06-06T20:40:27.197+0000] {processor.py:186} INFO - Started process (PID=130) to work on /home/airflow/.local/lib/python3.12/site-packages/airflow/example_dags/example_branch_day_of_week_operator.py
[2026-06-06T20:40:27.204+0000] {processor.py:914} INFO - Processing file /home/airflow/.local/lib/python3.12/site-packages/airflow/example_dags/example_branch_day_of_week_operator.py for tasks to queue
[2026-06-06T20:40:27.223+0000] {logging_mixin.py:190} INFO - [2026-06-06T20:40:27.221+0000] {dagbag.py:588} INFO - Filling up the DagBag from /home/airflow/.local/lib/python3.12/site-packages/airflow/example_dags/example_branch_day_of_week_operator.py
[2026-06-06T20:40:27.282+0000] {processor.py:925} INFO - DAG(s) 'example_weekday_branch_operator' retrieved from /home/airflow/.local/lib/python3.12/site-packages/airflow/example_dags/example_branch_day_of_week_operator.py
[2026-06-06T20:40:27.350+0000] {logging_mixin.py:190} INFO - [2026-06-06T20:40:27.350+0000] {dag.py:3239} INFO - Sync 1 DAGs
[2026-06-06T20:40:27.410+0000] {logging_mixin.py:190} INFO - [2026-06-06T20:40:27.410+0000] {dag.py:4180} INFO - Setting next_dagrun for example_weekday_branch_operator to 2026-06-05 00:00:00+00:00, run_after=2026-06-06 00:00:00+00:00
[2026-06-06T20:40:27.470+0000] {processor.py:208} INFO - Processing /home/airflow/.local/lib/python3.12/site-packages/airflow/example_dags/example_branch_day_of_week_operator.py took 0.293 seconds
[2026-06-06T20:41:21.851+0000] {processor.py:186} INFO - Started process (PID=222) to work on /home/airflow/.local/lib/python3.12/site-packages/airflow/example_dags/example_branch_day_of_week_operator.py
[2026-06-06T20:41:21.854+0000] {processor.py:914} INFO - Processing file /home/airflow/.local/lib/python3.12/site-packages/airflow/example_dags/example_branch_day_of_week_operator.py for tasks to queue
[2026-06-06T20:41:21.863+0000] {logging_mixin.py:190} INFO - [2026-06-06T20:41:21.863+0000] {dagbag.py:588} INFO - Filling up the DagBag from /home/airflow/.local/lib/python3.12/site-packages/airflow/example_dags/example_branch_day_of_week_operator.py
[2026-06-06T20:41:21.896+0000] {processor.py:925} INFO - DAG(s) 'example_weekday_branch_operator' retrieved from /home/airflow/.local/lib/python3.12/site-packages/airflow/example_dags/example_branch_day_of_week_operator.py
[2026-06-06T20:41:21.963+0000] {logging_mixin.py:190} INFO - [2026-06-06T20:41:21.963+0000] {dag.py:3239} INFO - Sync 1 DAGs
[2026-06-06T20:41:22.036+0000] {logging_mixin.py:190} INFO - [2026-06-06T20:41:22.035+0000] {dag.py:4180} INFO - Setting next_dagrun for example_weekday_branch_operator to 2026-06-05 00:00:00+00:00, run_after=2026-06-06 00:00:00+00:00
[2026-06-06T20:41:22.116+0000] {processor.py:208} INFO - Processing /home/airflow/.local/lib/python3.12/site-packages/airflow/example_dags/example_branch_day_of_week_operator.py took 0.296 seconds
[2026-06-06T20:42:04.001+0000] {processor.py:186} INFO - Started process (PID=288) to work on /home/airflow/.local/lib/python3.12/site-packages/airflow/example_dags/example_branch_day_of_week_operator.py
[2026-06-06T20:42:04.007+0000] {processor.py:914} INFO - Processing file /home/airflow/.local/lib/python3.12/site-packages/airflow/example_dags/example_branch_day_of_week_operator.py for tasks to queue
[2026-06-06T20:42:04.013+0000] {logging_mixin.py:190} INFO - [2026-06-06T20:42:04.012+0000] {dagbag.py:588} INFO - Filling up the DagBag from /home/airflow/.local/lib/python3.12/site-packages/airflow/example_dags/example_branch_day_of_week_operator.py
[2026-06-06T20:42:04.054+0000] {processor.py:925} INFO - DAG(s) 'example_weekday_branch_operator' retrieved from /home/airflow/.local/lib/python3.12/site-packages/airflow/example_dags/example_branch_day_of_week_operator.py
[2026-06-06T20:42:04.230+0000] {logging_mixin.py:190} INFO - [2026-06-06T20:42:04.226+0000] {dag.py:3239} INFO - Sync 1 DAGs
[2026-06-06T20:42:04.471+0000] {logging_mixin.py:190} INFO - [2026-06-06T20:42:04.471+0000] {dag.py:4180} INFO - Setting next_dagrun for example_weekday_branch_operator to 2026-06-05 00:00:00+00:00, run_after=2026-06-06 00:00:00+00:00
[2026-06-06T20:42:04.533+0000] {processor.py:208} INFO - Processing /home/airflow/.local/lib/python3.12/site-packages/airflow/example_dags/example_branch_day_of_week_operator.py took 0.543 seconds
[2026-06-06T20:42:44.701+0000] {processor.py:186} INFO - Started process (PID=349) to work on /home/airflow/.local/lib/python3.12/site-packages/airflow/example_dags/example_branch_day_of_week_operator.py
[2026-06-06T20:42:44.710+0000] {processor.py:914} INFO - Processing file /home/airflow/.local/lib/python3.12/site-packages/airflow/example_dags/example_branch_day_of_week_operator.py for tasks to queue
[2026-06-06T20:42:44.721+0000] {logging_mixin.py:190} INFO - [2026-06-06T20:42:44.720+0000] {dagbag.py:588} INFO - Filling up the DagBag from /home/airflow/.local/lib/python3.12/site-packages/airflow/example_dags/example_branch_day_of_week_operator.py
[2026-06-06T20:42:44.749+0000] {processor.py:925} INFO - DAG(s) 'example_weekday_branch_operator' retrieved from /home/airflow/.local/lib/python3.12/site-packages/airflow/example_dags/example_branch_day_of_week_operator.py
[2026-06-06T20:42:44.805+0000] {logging_mixin.py:190} INFO - [2026-06-06T20:42:44.805+0000] {dag.py:3239} INFO - Sync 1 DAGs
[2026-06-06T20:42:44.859+0000] {logging_mixin.py:190} INFO - [2026-06-06T20:42:44.859+0000] {dag.py:4180} INFO - Setting next_dagrun for example_weekday_branch_operator to 2026-06-05 00:00:00+00:00, run_after=2026-06-06 00:00:00+00:00
[2026-06-06T20:42:44.898+0000] {processor.py:208} INFO - Processing /home/airflow/.local/lib/python3.12/site-packages/airflow/example_dags/example_branch_day_of_week_operator.py took 0.215 seconds
[2026-06-06T20:43:24.867+0000] {processor.py:186} INFO - Started process (PID=411) to work on /home/airflow/.local/lib/python3.12/site-packages/airflow/example_dags/example_branch_day_of_week_operator.py
[2026-06-06T20:43:24.869+0000] {processor.py:914} INFO - Processing file /home/airflow/.local/lib/python3.12/site-packages/airflow/example_dags/example_branch_day_of_week_operator.py for tasks to queue
[2026-06-06T20:43:24.875+0000] {logging_mixin.py:190} INFO - [2026-06-06T20:43:24.874+0000] {dagbag.py:588} INFO - Filling up the DagBag from /home/airflow/.local/lib/python3.12/site-packages/airflow/example_dags/example_branch_day_of_week_operator.py
[2026-06-06T20:43:24.900+0000] {processor.py:925} INFO - DAG(s) 'example_weekday_branch_operator' retrieved from /home/airflow/.local/lib/python3.12/site-packages/airflow/example_dags/example_branch_day_of_week_operator.py
[2026-06-06T20:43:24.955+0000] {logging_mixin.py:190} INFO - [2026-06-06T20:43:24.955+0000] {dag.py:3239} INFO - Sync 1 DAGs
[2026-06-06T20:43:25.042+0000] {logging_mixin.py:190} INFO - [2026-06-06T20:43:25.041+0000] {dag.py:4180} INFO - Setting next_dagrun for example_weekday_branch_operator to 2026-06-05 00:00:00+00:00, run_after=2026-06-06 00:00:00+00:00
[2026-06-06T20:43:25.082+0000] {processor.py:208} INFO - Processing /home/airflow/.local/lib/python3.12/site-packages/airflow/example_dags/example_branch_day_of_week_operator.py took 0.228 seconds
[2026-06-06T20:44:13.223+0000] {processor.py:186} INFO - Started process (PID=480) to work on /home/airflow/.local/lib/python3.12/site-packages/airflow/example_dags/example_branch_day_of_week_operator.py
[2026-06-06T20:44:13.225+0000] {processor.py:914} INFO - Processing file /home/airflow/.local/lib/python3.12/site-packages/airflow/example_dags/example_branch_day_of_week_operator.py for tasks to queue
[2026-06-06T20:44:13.229+0000] {logging_mixin.py:190} INFO - [2026-06-06T20:44:13.228+0000] {dagbag.py:588} INFO - Filling up the DagBag from /home/airflow/.local/lib/python3.12/site-packages/airflow/example_dags/example_branch_day_of_week_operator.py
[2026-06-06T20:44:13.245+0000] {processor.py:925} INFO - DAG(s) 'example_weekday_branch_operator' retrieved from /home/airflow/.local/lib/python3.12/site-packages/airflow/example_dags/example_branch_day_of_week_operator.py
[2026-06-06T20:44:13.285+0000] {logging_mixin.py:190} INFO - [2026-06-06T20:44:13.284+0000] {dag.py:3239} INFO - Sync 1 DAGs
[2026-06-06T20:44:13.321+0000] {logging_mixin.py:190} INFO - [2026-06-06T20:44:13.320+0000] {dag.py:4180} INFO - Setting next_dagrun for example_weekday_branch_operator to 2026-06-05 00:00:00+00:00, run_after=2026-06-06 00:00:00+00:00
[2026-06-06T20:44:13.351+0000] {processor.py:208} INFO - Processing /home/airflow/.local/lib/python3.12/site-packages/airflow/example_dags/example_branch_day_of_week_operator.py took 0.138 seconds
[2026-06-06T20:45:16.500+0000] {processor.py:186} INFO - Started process (PID=548) to work on /home/airflow/.local/lib/python3.12/site-packages/airflow/example_dags/example_branch_day_of_week_operator.py
[2026-06-06T20:45:16.504+0000] {processor.py:914} INFO - Processing file /home/airflow/.local/lib/python3.12/site-packages/airflow/example_dags/example_branch_day_of_week_operator.py for tasks to queue
[2026-06-06T20:45:16.514+0000] {logging_mixin.py:190} INFO - [2026-06-06T20:45:16.514+0000] {dagbag.py:588} INFO - Filling up the DagBag from /home/airflow/.local/lib/python3.12/site-packages/airflow/example_dags/example_branch_day_of_week_operator.py
[2026-06-06T20:45:16.543+0000] {processor.py:925} INFO - DAG(s) 'example_weekday_branch_operator' retrieved from /home/airflow/.local/lib/python3.12/site-packages/airflow/example_dags/example_branch_day_of_week_operator.py
[2026-06-06T20:45:16.647+0000] {logging_mixin.py:190} INFO - [2026-06-06T20:45:16.647+0000] {dag.py:3239} INFO - Sync 1 DAGs
[2026-06-06T20:45:16.779+0000] {logging_mixin.py:190} INFO - [2026-06-06T20:45:16.778+0000] {dag.py:4180} INFO - Setting next_dagrun for example_weekday_branch_operator to 2026-06-05 00:00:00+00:00, run_after=2026-06-06 00:00:00+00:00
[2026-06-06T20:45:16.841+0000] {processor.py:208} INFO - Processing /home/airflow/.local/lib/python3.12/site-packages/airflow/example_dags/example_branch_day_of_week_operator.py took 0.360 seconds
[2026-06-06T20:46:13.651+0000] {processor.py:186} INFO - Started process (PID=628) to work on /home/airflow/.local/lib/python3.12/site-packages/airflow/example_dags/example_branch_day_of_week_operator.py
[2026-06-06T20:46:13.653+0000] {processor.py:914} INFO - Processing file /home/airflow/.local/lib/python3.12/site-packages/airflow/example_dags/example_branch_day_of_week_operator.py for tasks to queue
[2026-06-06T20:46:13.659+0000] {logging_mixin.py:190} INFO - [2026-06-06T20:46:13.658+0000] {dagbag.py:588} INFO - Filling up the DagBag from /home/airflow/.local/lib/python3.12/site-packages/airflow/example_dags/example_branch_day_of_week_operator.py
[2026-06-06T20:46:13.684+0000] {processor.py:925} INFO - DAG(s) 'example_weekday_branch_operator' retrieved from /home/airflow/.local/lib/python3.12/site-packages/airflow/example_dags/example_branch_day_of_week_operator.py
[2026-06-06T20:46:13.739+0000] {logging_mixin.py:190} INFO - [2026-06-06T20:46:13.739+0000] {dag.py:3239} INFO - Sync 1 DAGs
[2026-06-06T20:46:13.793+0000] {logging_mixin.py:190} INFO - [2026-06-06T20:46:13.792+0000] {dag.py:4180} INFO - Setting next_dagrun for example_weekday_branch_operator to 2026-06-05 00:00:00+00:00, run_after=2026-06-06 00:00:00+00:00
[2026-06-06T20:46:13.838+0000] {processor.py:208} INFO - Processing /home/airflow/.local/lib/python3.12/site-packages/airflow/example_dags/example_branch_day_of_week_operator.py took 0.199 seconds
[2026-06-06T20:46:58.730+0000] {processor.py:186} INFO - Started process (PID=695) to work on /home/airflow/.local/lib/python3.12/site-packages/airflow/example_dags/example_branch_day_of_week_operator.py
[2026-06-06T20:46:58.735+0000] {processor.py:914} INFO - Processing file /home/airflow/.local/lib/python3.12/site-packages/airflow/example_dags/example_branch_day_of_week_operator.py for tasks to queue
[2026-06-06T20:46:58.750+0000] {logging_mixin.py:190} INFO - [2026-06-06T20:46:58.749+0000] {dagbag.py:588} INFO - Filling up the DagBag from /home/airflow/.local/lib/python3.12/site-packages/airflow/example_dags/example_branch_day_of_week_operator.py
[2026-06-06T20:46:58.782+0000] {processor.py:925} INFO - DAG(s) 'example_weekday_branch_operator' retrieved from /home/airflow/.local/lib/python3.12/site-packages/airflow/example_dags/example_branch_day_of_week_operator.py
[2026-06-06T20:46:58.859+0000] {logging_mixin.py:190} INFO - [2026-06-06T20:46:58.859+0000] {dag.py:3239} INFO - Sync 1 DAGs
[2026-06-06T20:46:58.930+0000] {logging_mixin.py:190} INFO - [2026-06-06T20:46:58.930+0000] {dag.py:4180} INFO - Setting next_dagrun for example_weekday_branch_operator to 2026-06-05 00:00:00+00:00, run_after=2026-06-06 00:00:00+00:00
[2026-06-06T20:46:58.982+0000] {processor.py:208} INFO - Processing /home/airflow/.local/lib/python3.12/site-packages/airflow/example_dags/example_branch_day_of_week_operator.py took 0.268 seconds
