[2026-06-06T20:14:20.686+0000] {processor.py:186} INFO - Started process (PID=127) to work on /home/airflow/.local/lib/python3.12/site-packages/airflow/example_dags/example_short_circuit_decorator.py
[2026-06-06T20:14:20.688+0000] {processor.py:914} INFO - Processing file /home/airflow/.local/lib/python3.12/site-packages/airflow/example_dags/example_short_circuit_decorator.py for tasks to queue
[2026-06-06T20:14:20.693+0000] {logging_mixin.py:190} INFO - [2026-06-06T20:14:20.692+0000] {dagbag.py:588} INFO - Filling up the DagBag from /home/airflow/.local/lib/python3.12/site-packages/airflow/example_dags/example_short_circuit_decorator.py
[2026-06-06T20:14:20.709+0000] {processor.py:925} INFO - DAG(s) 'example_short_circuit_decorator' retrieved from /home/airflow/.local/lib/python3.12/site-packages/airflow/example_dags/example_short_circuit_decorator.py
[2026-06-06T20:14:20.894+0000] {logging_mixin.py:190} INFO - [2026-06-06T20:14:20.893+0000] {override.py:1932} INFO - Created Permission View: can read on DAG:example_short_circuit_decorator
[2026-06-06T20:14:20.914+0000] {logging_mixin.py:190} INFO - [2026-06-06T20:14:20.913+0000] {override.py:1932} INFO - Created Permission View: can edit on DAG:example_short_circuit_decorator
[2026-06-06T20:14:20.928+0000] {logging_mixin.py:190} INFO - [2026-06-06T20:14:20.927+0000] {override.py:1932} INFO - Created Permission View: can delete on DAG:example_short_circuit_decorator
[2026-06-06T20:14:20.941+0000] {logging_mixin.py:190} INFO - [2026-06-06T20:14:20.940+0000] {override.py:1932} INFO - Created Permission View: can read on DAG Run:example_short_circuit_decorator
[2026-06-06T20:14:20.954+0000] {logging_mixin.py:190} INFO - [2026-06-06T20:14:20.953+0000] {override.py:1932} INFO - Created Permission View: menu access on DAG Run:example_short_circuit_decorator
[2026-06-06T20:14:20.967+0000] {logging_mixin.py:190} INFO - [2026-06-06T20:14:20.966+0000] {override.py:1932} INFO - Created Permission View: can delete on DAG Run:example_short_circuit_decorator
[2026-06-06T20:14:20.980+0000] {logging_mixin.py:190} INFO - [2026-06-06T20:14:20.980+0000] {override.py:1932} INFO - Created Permission View: can create on DAG Run:example_short_circuit_decorator
[2026-06-06T20:14:20.981+0000] {logging_mixin.py:190} INFO - [2026-06-06T20:14:20.981+0000] {dag.py:3239} INFO - Sync 1 DAGs
[2026-06-06T20:14:21.007+0000] {logging_mixin.py:190} INFO - [2026-06-06T20:14:21.007+0000] {dag.py:3262} INFO - Creating ORM DAG for example_short_circuit_decorator
[2026-06-06T20:14:21.009+0000] {logging_mixin.py:190} INFO - [2026-06-06T20:14:21.009+0000] {dag.py:4180} INFO - Setting next_dagrun for example_short_circuit_decorator to None, run_after=None
[2026-06-06T20:14:21.042+0000] {processor.py:208} INFO - Processing /home/airflow/.local/lib/python3.12/site-packages/airflow/example_dags/example_short_circuit_decorator.py took 0.366 seconds
[2026-06-06T20:15:00.130+0000] {processor.py:186} INFO - Started process (PID=189) to work on /home/airflow/.local/lib/python3.12/site-packages/airflow/example_dags/example_short_circuit_decorator.py
[2026-06-06T20:15:00.132+0000] {processor.py:914} INFO - Processing file /home/airflow/.local/lib/python3.12/site-packages/airflow/example_dags/example_short_circuit_decorator.py for tasks to queue
[2026-06-06T20:15:00.142+0000] {logging_mixin.py:190} INFO - [2026-06-06T20:15:00.142+0000] {dagbag.py:588} INFO - Filling up the DagBag from /home/airflow/.local/lib/python3.12/site-packages/airflow/example_dags/example_short_circuit_decorator.py
[2026-06-06T20:15:00.161+0000] {processor.py:925} INFO - DAG(s) 'example_short_circuit_decorator' retrieved from /home/airflow/.local/lib/python3.12/site-packages/airflow/example_dags/example_short_circuit_decorator.py
[2026-06-06T20:15:00.218+0000] {logging_mixin.py:190} INFO - [2026-06-06T20:15:00.217+0000] {dag.py:3239} INFO - Sync 1 DAGs
[2026-06-06T20:15:00.246+0000] {logging_mixin.py:190} INFO - [2026-06-06T20:15:00.246+0000] {dag.py:4180} INFO - Setting next_dagrun for example_short_circuit_decorator to None, run_after=None
[2026-06-06T20:15:00.353+0000] {processor.py:208} INFO - Processing /home/airflow/.local/lib/python3.12/site-packages/airflow/example_dags/example_short_circuit_decorator.py took 0.236 seconds
[2026-06-06T20:15:31.306+0000] {processor.py:186} INFO - Started process (PID=253) to work on /home/airflow/.local/lib/python3.12/site-packages/airflow/example_dags/example_short_circuit_decorator.py
[2026-06-06T20:15:31.308+0000] {processor.py:914} INFO - Processing file /home/airflow/.local/lib/python3.12/site-packages/airflow/example_dags/example_short_circuit_decorator.py for tasks to queue
[2026-06-06T20:15:31.312+0000] {logging_mixin.py:190} INFO - [2026-06-06T20:15:31.312+0000] {dagbag.py:588} INFO - Filling up the DagBag from /home/airflow/.local/lib/python3.12/site-packages/airflow/example_dags/example_short_circuit_decorator.py
[2026-06-06T20:15:31.330+0000] {processor.py:925} INFO - DAG(s) 'example_short_circuit_decorator' retrieved from /home/airflow/.local/lib/python3.12/site-packages/airflow/example_dags/example_short_circuit_decorator.py
[2026-06-06T20:15:31.384+0000] {logging_mixin.py:190} INFO - [2026-06-06T20:15:31.383+0000] {dag.py:3239} INFO - Sync 1 DAGs
[2026-06-06T20:15:31.417+0000] {logging_mixin.py:190} INFO - [2026-06-06T20:15:31.417+0000] {dag.py:4180} INFO - Setting next_dagrun for example_short_circuit_decorator to None, run_after=None
[2026-06-06T20:15:31.465+0000] {processor.py:208} INFO - Processing /home/airflow/.local/lib/python3.12/site-packages/airflow/example_dags/example_short_circuit_decorator.py took 0.169 seconds
[2026-06-06T20:16:09.286+0000] {processor.py:186} INFO - Started process (PID=318) to work on /home/airflow/.local/lib/python3.12/site-packages/airflow/example_dags/example_short_circuit_decorator.py
[2026-06-06T20:16:09.288+0000] {processor.py:914} INFO - Processing file /home/airflow/.local/lib/python3.12/site-packages/airflow/example_dags/example_short_circuit_decorator.py for tasks to queue
[2026-06-06T20:16:09.294+0000] {logging_mixin.py:190} INFO - [2026-06-06T20:16:09.293+0000] {dagbag.py:588} INFO - Filling up the DagBag from /home/airflow/.local/lib/python3.12/site-packages/airflow/example_dags/example_short_circuit_decorator.py
[2026-06-06T20:16:09.311+0000] {processor.py:925} INFO - DAG(s) 'example_short_circuit_decorator' retrieved from /home/airflow/.local/lib/python3.12/site-packages/airflow/example_dags/example_short_circuit_decorator.py
[2026-06-06T20:16:09.361+0000] {logging_mixin.py:190} INFO - [2026-06-06T20:16:09.361+0000] {dag.py:3239} INFO - Sync 1 DAGs
[2026-06-06T20:16:09.388+0000] {logging_mixin.py:190} INFO - [2026-06-06T20:16:09.387+0000] {dag.py:4180} INFO - Setting next_dagrun for example_short_circuit_decorator to None, run_after=None
[2026-06-06T20:16:09.421+0000] {processor.py:208} INFO - Processing /home/airflow/.local/lib/python3.12/site-packages/airflow/example_dags/example_short_circuit_decorator.py took 0.146 seconds
[2026-06-06T20:16:42.946+0000] {processor.py:186} INFO - Started process (PID=386) to work on /home/airflow/.local/lib/python3.12/site-packages/airflow/example_dags/example_short_circuit_decorator.py
[2026-06-06T20:16:42.948+0000] {processor.py:914} INFO - Processing file /home/airflow/.local/lib/python3.12/site-packages/airflow/example_dags/example_short_circuit_decorator.py for tasks to queue
[2026-06-06T20:16:42.953+0000] {logging_mixin.py:190} INFO - [2026-06-06T20:16:42.952+0000] {dagbag.py:588} INFO - Filling up the DagBag from /home/airflow/.local/lib/python3.12/site-packages/airflow/example_dags/example_short_circuit_decorator.py
[2026-06-06T20:16:42.967+0000] {processor.py:925} INFO - DAG(s) 'example_short_circuit_decorator' retrieved from /home/airflow/.local/lib/python3.12/site-packages/airflow/example_dags/example_short_circuit_decorator.py
[2026-06-06T20:16:43.014+0000] {logging_mixin.py:190} INFO - [2026-06-06T20:16:43.014+0000] {dag.py:3239} INFO - Sync 1 DAGs
[2026-06-06T20:16:43.035+0000] {logging_mixin.py:190} INFO - [2026-06-06T20:16:43.035+0000] {dag.py:4180} INFO - Setting next_dagrun for example_short_circuit_decorator to None, run_after=None
[2026-06-06T20:16:43.065+0000] {processor.py:208} INFO - Processing /home/airflow/.local/lib/python3.12/site-packages/airflow/example_dags/example_short_circuit_decorator.py took 0.128 seconds
[2026-06-06T20:17:20.475+0000] {processor.py:186} INFO - Started process (PID=456) to work on /home/airflow/.local/lib/python3.12/site-packages/airflow/example_dags/example_short_circuit_decorator.py
[2026-06-06T20:17:20.477+0000] {processor.py:914} INFO - Processing file /home/airflow/.local/lib/python3.12/site-packages/airflow/example_dags/example_short_circuit_decorator.py for tasks to queue
[2026-06-06T20:17:20.483+0000] {logging_mixin.py:190} INFO - [2026-06-06T20:17:20.482+0000] {dagbag.py:588} INFO - Filling up the DagBag from /home/airflow/.local/lib/python3.12/site-packages/airflow/example_dags/example_short_circuit_decorator.py
[2026-06-06T20:17:20.502+0000] {processor.py:925} INFO - DAG(s) 'example_short_circuit_decorator' retrieved from /home/airflow/.local/lib/python3.12/site-packages/airflow/example_dags/example_short_circuit_decorator.py
[2026-06-06T20:17:20.559+0000] {logging_mixin.py:190} INFO - [2026-06-06T20:17:20.558+0000] {dag.py:3239} INFO - Sync 1 DAGs
[2026-06-06T20:17:20.596+0000] {logging_mixin.py:190} INFO - [2026-06-06T20:17:20.596+0000] {dag.py:4180} INFO - Setting next_dagrun for example_short_circuit_decorator to None, run_after=None
[2026-06-06T20:17:20.635+0000] {processor.py:208} INFO - Processing /home/airflow/.local/lib/python3.12/site-packages/airflow/example_dags/example_short_circuit_decorator.py took 0.173 seconds
[2026-06-06T20:18:00.845+0000] {processor.py:186} INFO - Started process (PID=520) to work on /home/airflow/.local/lib/python3.12/site-packages/airflow/example_dags/example_short_circuit_decorator.py
[2026-06-06T20:18:00.847+0000] {processor.py:914} INFO - Processing file /home/airflow/.local/lib/python3.12/site-packages/airflow/example_dags/example_short_circuit_decorator.py for tasks to queue
[2026-06-06T20:18:00.853+0000] {logging_mixin.py:190} INFO - [2026-06-06T20:18:00.853+0000] {dagbag.py:588} INFO - Filling up the DagBag from /home/airflow/.local/lib/python3.12/site-packages/airflow/example_dags/example_short_circuit_decorator.py
[2026-06-06T20:18:00.872+0000] {processor.py:925} INFO - DAG(s) 'example_short_circuit_decorator' retrieved from /home/airflow/.local/lib/python3.12/site-packages/airflow/example_dags/example_short_circuit_decorator.py
[2026-06-06T20:18:00.925+0000] {logging_mixin.py:190} INFO - [2026-06-06T20:18:00.925+0000] {dag.py:3239} INFO - Sync 1 DAGs
[2026-06-06T20:18:00.948+0000] {logging_mixin.py:190} INFO - [2026-06-06T20:18:00.948+0000] {dag.py:4180} INFO - Setting next_dagrun for example_short_circuit_decorator to None, run_after=None
[2026-06-06T20:18:00.981+0000] {processor.py:208} INFO - Processing /home/airflow/.local/lib/python3.12/site-packages/airflow/example_dags/example_short_circuit_decorator.py took 0.146 seconds
[2026-06-06T20:18:33.807+0000] {processor.py:186} INFO - Started process (PID=587) to work on /home/airflow/.local/lib/python3.12/site-packages/airflow/example_dags/example_short_circuit_decorator.py
[2026-06-06T20:18:33.809+0000] {processor.py:914} INFO - Processing file /home/airflow/.local/lib/python3.12/site-packages/airflow/example_dags/example_short_circuit_decorator.py for tasks to queue
[2026-06-06T20:18:33.815+0000] {logging_mixin.py:190} INFO - [2026-06-06T20:18:33.815+0000] {dagbag.py:588} INFO - Filling up the DagBag from /home/airflow/.local/lib/python3.12/site-packages/airflow/example_dags/example_short_circuit_decorator.py
[2026-06-06T20:18:33.833+0000] {processor.py:925} INFO - DAG(s) 'example_short_circuit_decorator' retrieved from /home/airflow/.local/lib/python3.12/site-packages/airflow/example_dags/example_short_circuit_decorator.py
[2026-06-06T20:18:33.880+0000] {logging_mixin.py:190} INFO - [2026-06-06T20:18:33.879+0000] {dag.py:3239} INFO - Sync 1 DAGs
[2026-06-06T20:18:33.901+0000] {logging_mixin.py:190} INFO - [2026-06-06T20:18:33.901+0000] {dag.py:4180} INFO - Setting next_dagrun for example_short_circuit_decorator to None, run_after=None
[2026-06-06T20:18:33.931+0000] {processor.py:208} INFO - Processing /home/airflow/.local/lib/python3.12/site-packages/airflow/example_dags/example_short_circuit_decorator.py took 0.134 seconds
[2026-06-06T20:19:13.185+0000] {processor.py:186} INFO - Started process (PID=657) to work on /home/airflow/.local/lib/python3.12/site-packages/airflow/example_dags/example_short_circuit_decorator.py
[2026-06-06T20:19:13.187+0000] {processor.py:914} INFO - Processing file /home/airflow/.local/lib/python3.12/site-packages/airflow/example_dags/example_short_circuit_decorator.py for tasks to queue
[2026-06-06T20:19:13.194+0000] {logging_mixin.py:190} INFO - [2026-06-06T20:19:13.193+0000] {dagbag.py:588} INFO - Filling up the DagBag from /home/airflow/.local/lib/python3.12/site-packages/airflow/example_dags/example_short_circuit_decorator.py
[2026-06-06T20:19:13.218+0000] {processor.py:925} INFO - DAG(s) 'example_short_circuit_decorator' retrieved from /home/airflow/.local/lib/python3.12/site-packages/airflow/example_dags/example_short_circuit_decorator.py
[2026-06-06T20:19:13.302+0000] {logging_mixin.py:190} INFO - [2026-06-06T20:19:13.301+0000] {dag.py:3239} INFO - Sync 1 DAGs
[2026-06-06T20:19:13.342+0000] {logging_mixin.py:190} INFO - [2026-06-06T20:19:13.342+0000] {dag.py:4180} INFO - Setting next_dagrun for example_short_circuit_decorator to None, run_after=None
[2026-06-06T20:19:13.396+0000] {processor.py:208} INFO - Processing /home/airflow/.local/lib/python3.12/site-packages/airflow/example_dags/example_short_circuit_decorator.py took 0.224 seconds
[2026-06-06T20:19:48.406+0000] {processor.py:186} INFO - Started process (PID=720) to work on /home/airflow/.local/lib/python3.12/site-packages/airflow/example_dags/example_short_circuit_decorator.py
[2026-06-06T20:19:48.409+0000] {processor.py:914} INFO - Processing file /home/airflow/.local/lib/python3.12/site-packages/airflow/example_dags/example_short_circuit_decorator.py for tasks to queue
[2026-06-06T20:19:48.414+0000] {logging_mixin.py:190} INFO - [2026-06-06T20:19:48.414+0000] {dagbag.py:588} INFO - Filling up the DagBag from /home/airflow/.local/lib/python3.12/site-packages/airflow/example_dags/example_short_circuit_decorator.py
[2026-06-06T20:19:48.443+0000] {processor.py:925} INFO - DAG(s) 'example_short_circuit_decorator' retrieved from /home/airflow/.local/lib/python3.12/site-packages/airflow/example_dags/example_short_circuit_decorator.py
[2026-06-06T20:19:48.516+0000] {logging_mixin.py:190} INFO - [2026-06-06T20:19:48.515+0000] {dag.py:3239} INFO - Sync 1 DAGs
[2026-06-06T20:19:48.550+0000] {logging_mixin.py:190} INFO - [2026-06-06T20:19:48.550+0000] {dag.py:4180} INFO - Setting next_dagrun for example_short_circuit_decorator to None, run_after=None
[2026-06-06T20:19:48.604+0000] {processor.py:208} INFO - Processing /home/airflow/.local/lib/python3.12/site-packages/airflow/example_dags/example_short_circuit_decorator.py took 0.209 seconds
[2026-06-06T20:20:23.319+0000] {processor.py:186} INFO - Started process (PID=788) to work on /home/airflow/.local/lib/python3.12/site-packages/airflow/example_dags/example_short_circuit_decorator.py
[2026-06-06T20:20:23.322+0000] {processor.py:914} INFO - Processing file /home/airflow/.local/lib/python3.12/site-packages/airflow/example_dags/example_short_circuit_decorator.py for tasks to queue
[2026-06-06T20:20:23.327+0000] {logging_mixin.py:190} INFO - [2026-06-06T20:20:23.326+0000] {dagbag.py:588} INFO - Filling up the DagBag from /home/airflow/.local/lib/python3.12/site-packages/airflow/example_dags/example_short_circuit_decorator.py
[2026-06-06T20:20:23.349+0000] {processor.py:925} INFO - DAG(s) 'example_short_circuit_decorator' retrieved from /home/airflow/.local/lib/python3.12/site-packages/airflow/example_dags/example_short_circuit_decorator.py
[2026-06-06T20:20:23.426+0000] {logging_mixin.py:190} INFO - [2026-06-06T20:20:23.426+0000] {dag.py:3239} INFO - Sync 1 DAGs
[2026-06-06T20:20:23.461+0000] {logging_mixin.py:190} INFO - [2026-06-06T20:20:23.460+0000] {dag.py:4180} INFO - Setting next_dagrun for example_short_circuit_decorator to None, run_after=None
[2026-06-06T20:20:23.519+0000] {processor.py:208} INFO - Processing /home/airflow/.local/lib/python3.12/site-packages/airflow/example_dags/example_short_circuit_decorator.py took 0.214 seconds
[2026-06-06T20:21:08.819+0000] {processor.py:186} INFO - Started process (PID=862) to work on /home/airflow/.local/lib/python3.12/site-packages/airflow/example_dags/example_short_circuit_decorator.py
[2026-06-06T20:21:08.821+0000] {processor.py:914} INFO - Processing file /home/airflow/.local/lib/python3.12/site-packages/airflow/example_dags/example_short_circuit_decorator.py for tasks to queue
[2026-06-06T20:21:08.830+0000] {logging_mixin.py:190} INFO - [2026-06-06T20:21:08.828+0000] {dagbag.py:588} INFO - Filling up the DagBag from /home/airflow/.local/lib/python3.12/site-packages/airflow/example_dags/example_short_circuit_decorator.py
[2026-06-06T20:21:08.859+0000] {processor.py:925} INFO - DAG(s) 'example_short_circuit_decorator' retrieved from /home/airflow/.local/lib/python3.12/site-packages/airflow/example_dags/example_short_circuit_decorator.py
[2026-06-06T20:21:08.938+0000] {logging_mixin.py:190} INFO - [2026-06-06T20:21:08.937+0000] {dag.py:3239} INFO - Sync 1 DAGs
[2026-06-06T20:21:08.973+0000] {logging_mixin.py:190} INFO - [2026-06-06T20:21:08.973+0000] {dag.py:4180} INFO - Setting next_dagrun for example_short_circuit_decorator to None, run_after=None
[2026-06-06T20:21:09.029+0000] {processor.py:208} INFO - Processing /home/airflow/.local/lib/python3.12/site-packages/airflow/example_dags/example_short_circuit_decorator.py took 0.221 seconds
[2026-06-06T20:21:48.178+0000] {processor.py:186} INFO - Started process (PID=926) to work on /home/airflow/.local/lib/python3.12/site-packages/airflow/example_dags/example_short_circuit_decorator.py
[2026-06-06T20:21:48.181+0000] {processor.py:914} INFO - Processing file /home/airflow/.local/lib/python3.12/site-packages/airflow/example_dags/example_short_circuit_decorator.py for tasks to queue
[2026-06-06T20:21:48.190+0000] {logging_mixin.py:190} INFO - [2026-06-06T20:21:48.189+0000] {dagbag.py:588} INFO - Filling up the DagBag from /home/airflow/.local/lib/python3.12/site-packages/airflow/example_dags/example_short_circuit_decorator.py
[2026-06-06T20:21:48.218+0000] {processor.py:925} INFO - DAG(s) 'example_short_circuit_decorator' retrieved from /home/airflow/.local/lib/python3.12/site-packages/airflow/example_dags/example_short_circuit_decorator.py
[2026-06-06T20:21:48.291+0000] {logging_mixin.py:190} INFO - [2026-06-06T20:21:48.290+0000] {dag.py:3239} INFO - Sync 1 DAGs
[2026-06-06T20:21:48.330+0000] {logging_mixin.py:190} INFO - [2026-06-06T20:21:48.329+0000] {dag.py:4180} INFO - Setting next_dagrun for example_short_circuit_decorator to None, run_after=None
[2026-06-06T20:21:48.377+0000] {processor.py:208} INFO - Processing /home/airflow/.local/lib/python3.12/site-packages/airflow/example_dags/example_short_circuit_decorator.py took 0.214 seconds
[2026-06-06T20:22:32.656+0000] {processor.py:186} INFO - Started process (PID=998) to work on /home/airflow/.local/lib/python3.12/site-packages/airflow/example_dags/example_short_circuit_decorator.py
[2026-06-06T20:22:32.659+0000] {processor.py:914} INFO - Processing file /home/airflow/.local/lib/python3.12/site-packages/airflow/example_dags/example_short_circuit_decorator.py for tasks to queue
[2026-06-06T20:22:32.667+0000] {logging_mixin.py:190} INFO - [2026-06-06T20:22:32.665+0000] {dagbag.py:588} INFO - Filling up the DagBag from /home/airflow/.local/lib/python3.12/site-packages/airflow/example_dags/example_short_circuit_decorator.py
[2026-06-06T20:22:32.690+0000] {processor.py:925} INFO - DAG(s) 'example_short_circuit_decorator' retrieved from /home/airflow/.local/lib/python3.12/site-packages/airflow/example_dags/example_short_circuit_decorator.py
[2026-06-06T20:22:32.744+0000] {logging_mixin.py:190} INFO - [2026-06-06T20:22:32.743+0000] {dag.py:3239} INFO - Sync 1 DAGs
[2026-06-06T20:22:32.778+0000] {logging_mixin.py:190} INFO - [2026-06-06T20:22:32.778+0000] {dag.py:4180} INFO - Setting next_dagrun for example_short_circuit_decorator to None, run_after=None
[2026-06-06T20:22:32.820+0000] {processor.py:208} INFO - Processing /home/airflow/.local/lib/python3.12/site-packages/airflow/example_dags/example_short_circuit_decorator.py took 0.175 seconds
[2026-06-06T20:23:11.391+0000] {processor.py:186} INFO - Started process (PID=1060) to work on /home/airflow/.local/lib/python3.12/site-packages/airflow/example_dags/example_short_circuit_decorator.py
[2026-06-06T20:23:11.419+0000] {processor.py:914} INFO - Processing file /home/airflow/.local/lib/python3.12/site-packages/airflow/example_dags/example_short_circuit_decorator.py for tasks to queue
[2026-06-06T20:23:11.424+0000] {logging_mixin.py:190} INFO - [2026-06-06T20:23:11.424+0000] {dagbag.py:588} INFO - Filling up the DagBag from /home/airflow/.local/lib/python3.12/site-packages/airflow/example_dags/example_short_circuit_decorator.py
[2026-06-06T20:23:11.441+0000] {processor.py:925} INFO - DAG(s) 'example_short_circuit_decorator' retrieved from /home/airflow/.local/lib/python3.12/site-packages/airflow/example_dags/example_short_circuit_decorator.py
[2026-06-06T20:23:11.516+0000] {logging_mixin.py:190} INFO - [2026-06-06T20:23:11.515+0000] {dag.py:3239} INFO - Sync 1 DAGs
[2026-06-06T20:23:11.547+0000] {logging_mixin.py:190} INFO - [2026-06-06T20:23:11.546+0000] {dag.py:4180} INFO - Setting next_dagrun for example_short_circuit_decorator to None, run_after=None
[2026-06-06T20:23:11.597+0000] {processor.py:208} INFO - Processing /home/airflow/.local/lib/python3.12/site-packages/airflow/example_dags/example_short_circuit_decorator.py took 0.218 seconds
[2026-06-06T20:23:47.560+0000] {processor.py:186} INFO - Started process (PID=1122) to work on /home/airflow/.local/lib/python3.12/site-packages/airflow/example_dags/example_short_circuit_decorator.py
[2026-06-06T20:23:47.562+0000] {processor.py:914} INFO - Processing file /home/airflow/.local/lib/python3.12/site-packages/airflow/example_dags/example_short_circuit_decorator.py for tasks to queue
[2026-06-06T20:23:47.568+0000] {logging_mixin.py:190} INFO - [2026-06-06T20:23:47.567+0000] {dagbag.py:588} INFO - Filling up the DagBag from /home/airflow/.local/lib/python3.12/site-packages/airflow/example_dags/example_short_circuit_decorator.py
[2026-06-06T20:23:47.585+0000] {processor.py:925} INFO - DAG(s) 'example_short_circuit_decorator' retrieved from /home/airflow/.local/lib/python3.12/site-packages/airflow/example_dags/example_short_circuit_decorator.py
[2026-06-06T20:23:47.656+0000] {logging_mixin.py:190} INFO - [2026-06-06T20:23:47.655+0000] {dag.py:3239} INFO - Sync 1 DAGs
[2026-06-06T20:23:47.701+0000] {logging_mixin.py:190} INFO - [2026-06-06T20:23:47.700+0000] {dag.py:4180} INFO - Setting next_dagrun for example_short_circuit_decorator to None, run_after=None
[2026-06-06T20:23:47.767+0000] {processor.py:208} INFO - Processing /home/airflow/.local/lib/python3.12/site-packages/airflow/example_dags/example_short_circuit_decorator.py took 0.220 seconds
[2026-06-06T20:24:21.951+0000] {processor.py:186} INFO - Started process (PID=1189) to work on /home/airflow/.local/lib/python3.12/site-packages/airflow/example_dags/example_short_circuit_decorator.py
[2026-06-06T20:24:21.953+0000] {processor.py:914} INFO - Processing file /home/airflow/.local/lib/python3.12/site-packages/airflow/example_dags/example_short_circuit_decorator.py for tasks to queue
[2026-06-06T20:24:21.960+0000] {logging_mixin.py:190} INFO - [2026-06-06T20:24:21.959+0000] {dagbag.py:588} INFO - Filling up the DagBag from /home/airflow/.local/lib/python3.12/site-packages/airflow/example_dags/example_short_circuit_decorator.py
[2026-06-06T20:24:21.988+0000] {processor.py:925} INFO - DAG(s) 'example_short_circuit_decorator' retrieved from /home/airflow/.local/lib/python3.12/site-packages/airflow/example_dags/example_short_circuit_decorator.py
[2026-06-06T20:24:22.100+0000] {logging_mixin.py:190} INFO - [2026-06-06T20:24:22.099+0000] {dag.py:3239} INFO - Sync 1 DAGs
[2026-06-06T20:24:22.141+0000] {logging_mixin.py:190} INFO - [2026-06-06T20:24:22.140+0000] {dag.py:4180} INFO - Setting next_dagrun for example_short_circuit_decorator to None, run_after=None
[2026-06-06T20:24:22.189+0000] {processor.py:208} INFO - Processing /home/airflow/.local/lib/python3.12/site-packages/airflow/example_dags/example_short_circuit_decorator.py took 0.248 seconds
[2026-06-06T20:25:00.530+0000] {processor.py:186} INFO - Started process (PID=1252) to work on /home/airflow/.local/lib/python3.12/site-packages/airflow/example_dags/example_short_circuit_decorator.py
[2026-06-06T20:25:00.533+0000] {processor.py:914} INFO - Processing file /home/airflow/.local/lib/python3.12/site-packages/airflow/example_dags/example_short_circuit_decorator.py for tasks to queue
[2026-06-06T20:25:00.538+0000] {logging_mixin.py:190} INFO - [2026-06-06T20:25:00.537+0000] {dagbag.py:588} INFO - Filling up the DagBag from /home/airflow/.local/lib/python3.12/site-packages/airflow/example_dags/example_short_circuit_decorator.py
[2026-06-06T20:25:00.561+0000] {processor.py:925} INFO - DAG(s) 'example_short_circuit_decorator' retrieved from /home/airflow/.local/lib/python3.12/site-packages/airflow/example_dags/example_short_circuit_decorator.py
[2026-06-06T20:25:00.622+0000] {logging_mixin.py:190} INFO - [2026-06-06T20:25:00.621+0000] {dag.py:3239} INFO - Sync 1 DAGs
[2026-06-06T20:25:00.650+0000] {logging_mixin.py:190} INFO - [2026-06-06T20:25:00.649+0000] {dag.py:4180} INFO - Setting next_dagrun for example_short_circuit_decorator to None, run_after=None
[2026-06-06T20:25:00.703+0000] {processor.py:208} INFO - Processing /home/airflow/.local/lib/python3.12/site-packages/airflow/example_dags/example_short_circuit_decorator.py took 0.185 seconds
[2026-06-06T20:25:35.828+0000] {processor.py:186} INFO - Started process (PID=1314) to work on /home/airflow/.local/lib/python3.12/site-packages/airflow/example_dags/example_short_circuit_decorator.py
[2026-06-06T20:25:35.835+0000] {processor.py:914} INFO - Processing file /home/airflow/.local/lib/python3.12/site-packages/airflow/example_dags/example_short_circuit_decorator.py for tasks to queue
[2026-06-06T20:25:35.863+0000] {logging_mixin.py:190} INFO - [2026-06-06T20:25:35.854+0000] {dagbag.py:588} INFO - Filling up the DagBag from /home/airflow/.local/lib/python3.12/site-packages/airflow/example_dags/example_short_circuit_decorator.py
[2026-06-06T20:25:35.932+0000] {processor.py:925} INFO - DAG(s) 'example_short_circuit_decorator' retrieved from /home/airflow/.local/lib/python3.12/site-packages/airflow/example_dags/example_short_circuit_decorator.py
[2026-06-06T20:25:36.020+0000] {logging_mixin.py:190} INFO - [2026-06-06T20:25:36.020+0000] {dag.py:3239} INFO - Sync 1 DAGs
[2026-06-06T20:25:36.052+0000] {logging_mixin.py:190} INFO - [2026-06-06T20:25:36.051+0000] {dag.py:4180} INFO - Setting next_dagrun for example_short_circuit_decorator to None, run_after=None
[2026-06-06T20:25:36.118+0000] {processor.py:208} INFO - Processing /home/airflow/.local/lib/python3.12/site-packages/airflow/example_dags/example_short_circuit_decorator.py took 0.332 seconds
[2026-06-06T20:26:10.283+0000] {processor.py:186} INFO - Started process (PID=1377) to work on /home/airflow/.local/lib/python3.12/site-packages/airflow/example_dags/example_short_circuit_decorator.py
[2026-06-06T20:26:10.285+0000] {processor.py:914} INFO - Processing file /home/airflow/.local/lib/python3.12/site-packages/airflow/example_dags/example_short_circuit_decorator.py for tasks to queue
[2026-06-06T20:26:10.291+0000] {logging_mixin.py:190} INFO - [2026-06-06T20:26:10.290+0000] {dagbag.py:588} INFO - Filling up the DagBag from /home/airflow/.local/lib/python3.12/site-packages/airflow/example_dags/example_short_circuit_decorator.py
[2026-06-06T20:26:10.308+0000] {processor.py:925} INFO - DAG(s) 'example_short_circuit_decorator' retrieved from /home/airflow/.local/lib/python3.12/site-packages/airflow/example_dags/example_short_circuit_decorator.py
[2026-06-06T20:26:10.355+0000] {logging_mixin.py:190} INFO - [2026-06-06T20:26:10.354+0000] {dag.py:3239} INFO - Sync 1 DAGs
[2026-06-06T20:26:10.381+0000] {logging_mixin.py:190} INFO - [2026-06-06T20:26:10.380+0000] {dag.py:4180} INFO - Setting next_dagrun for example_short_circuit_decorator to None, run_after=None
[2026-06-06T20:26:10.419+0000] {processor.py:208} INFO - Processing /home/airflow/.local/lib/python3.12/site-packages/airflow/example_dags/example_short_circuit_decorator.py took 0.147 seconds
[2026-06-06T20:26:50.002+0000] {processor.py:186} INFO - Started process (PID=1439) to work on /home/airflow/.local/lib/python3.12/site-packages/airflow/example_dags/example_short_circuit_decorator.py
[2026-06-06T20:26:50.004+0000] {processor.py:914} INFO - Processing file /home/airflow/.local/lib/python3.12/site-packages/airflow/example_dags/example_short_circuit_decorator.py for tasks to queue
[2026-06-06T20:26:50.016+0000] {logging_mixin.py:190} INFO - [2026-06-06T20:26:50.015+0000] {dagbag.py:588} INFO - Filling up the DagBag from /home/airflow/.local/lib/python3.12/site-packages/airflow/example_dags/example_short_circuit_decorator.py
[2026-06-06T20:26:50.056+0000] {processor.py:925} INFO - DAG(s) 'example_short_circuit_decorator' retrieved from /home/airflow/.local/lib/python3.12/site-packages/airflow/example_dags/example_short_circuit_decorator.py
[2026-06-06T20:26:50.129+0000] {logging_mixin.py:190} INFO - [2026-06-06T20:26:50.128+0000] {dag.py:3239} INFO - Sync 1 DAGs
[2026-06-06T20:26:50.163+0000] {logging_mixin.py:190} INFO - [2026-06-06T20:26:50.163+0000] {dag.py:4180} INFO - Setting next_dagrun for example_short_circuit_decorator to None, run_after=None
[2026-06-06T20:26:50.217+0000] {processor.py:208} INFO - Processing /home/airflow/.local/lib/python3.12/site-packages/airflow/example_dags/example_short_circuit_decorator.py took 0.228 seconds
[2026-06-06T20:27:22.669+0000] {processor.py:186} INFO - Started process (PID=1509) to work on /home/airflow/.local/lib/python3.12/site-packages/airflow/example_dags/example_short_circuit_decorator.py
[2026-06-06T20:27:22.671+0000] {processor.py:914} INFO - Processing file /home/airflow/.local/lib/python3.12/site-packages/airflow/example_dags/example_short_circuit_decorator.py for tasks to queue
[2026-06-06T20:27:22.682+0000] {logging_mixin.py:190} INFO - [2026-06-06T20:27:22.682+0000] {dagbag.py:588} INFO - Filling up the DagBag from /home/airflow/.local/lib/python3.12/site-packages/airflow/example_dags/example_short_circuit_decorator.py
[2026-06-06T20:27:22.707+0000] {processor.py:925} INFO - DAG(s) 'example_short_circuit_decorator' retrieved from /home/airflow/.local/lib/python3.12/site-packages/airflow/example_dags/example_short_circuit_decorator.py
[2026-06-06T20:27:22.811+0000] {logging_mixin.py:190} INFO - [2026-06-06T20:27:22.809+0000] {dag.py:3239} INFO - Sync 1 DAGs
[2026-06-06T20:27:22.853+0000] {logging_mixin.py:190} INFO - [2026-06-06T20:27:22.852+0000] {dag.py:4180} INFO - Setting next_dagrun for example_short_circuit_decorator to None, run_after=None
[2026-06-06T20:27:22.914+0000] {processor.py:208} INFO - Processing /home/airflow/.local/lib/python3.12/site-packages/airflow/example_dags/example_short_circuit_decorator.py took 0.260 seconds
[2026-06-06T20:27:59.796+0000] {processor.py:186} INFO - Started process (PID=1577) to work on /home/airflow/.local/lib/python3.12/site-packages/airflow/example_dags/example_short_circuit_decorator.py
[2026-06-06T20:27:59.799+0000] {processor.py:914} INFO - Processing file /home/airflow/.local/lib/python3.12/site-packages/airflow/example_dags/example_short_circuit_decorator.py for tasks to queue
[2026-06-06T20:27:59.807+0000] {logging_mixin.py:190} INFO - [2026-06-06T20:27:59.806+0000] {dagbag.py:588} INFO - Filling up the DagBag from /home/airflow/.local/lib/python3.12/site-packages/airflow/example_dags/example_short_circuit_decorator.py
[2026-06-06T20:27:59.834+0000] {processor.py:925} INFO - DAG(s) 'example_short_circuit_decorator' retrieved from /home/airflow/.local/lib/python3.12/site-packages/airflow/example_dags/example_short_circuit_decorator.py
[2026-06-06T20:27:59.899+0000] {logging_mixin.py:190} INFO - [2026-06-06T20:27:59.899+0000] {dag.py:3239} INFO - Sync 1 DAGs
[2026-06-06T20:27:59.937+0000] {logging_mixin.py:190} INFO - [2026-06-06T20:27:59.937+0000] {dag.py:4180} INFO - Setting next_dagrun for example_short_circuit_decorator to None, run_after=None
[2026-06-06T20:27:59.986+0000] {processor.py:208} INFO - Processing /home/airflow/.local/lib/python3.12/site-packages/airflow/example_dags/example_short_circuit_decorator.py took 0.203 seconds
[2026-06-06T20:28:45.754+0000] {processor.py:186} INFO - Started process (PID=1641) to work on /home/airflow/.local/lib/python3.12/site-packages/airflow/example_dags/example_short_circuit_decorator.py
[2026-06-06T20:28:45.757+0000] {processor.py:914} INFO - Processing file /home/airflow/.local/lib/python3.12/site-packages/airflow/example_dags/example_short_circuit_decorator.py for tasks to queue
[2026-06-06T20:28:45.763+0000] {logging_mixin.py:190} INFO - [2026-06-06T20:28:45.763+0000] {dagbag.py:588} INFO - Filling up the DagBag from /home/airflow/.local/lib/python3.12/site-packages/airflow/example_dags/example_short_circuit_decorator.py
[2026-06-06T20:28:45.784+0000] {processor.py:925} INFO - DAG(s) 'example_short_circuit_decorator' retrieved from /home/airflow/.local/lib/python3.12/site-packages/airflow/example_dags/example_short_circuit_decorator.py
[2026-06-06T20:28:45.840+0000] {logging_mixin.py:190} INFO - [2026-06-06T20:28:45.840+0000] {dag.py:3239} INFO - Sync 1 DAGs
[2026-06-06T20:28:45.869+0000] {logging_mixin.py:190} INFO - [2026-06-06T20:28:45.868+0000] {dag.py:4180} INFO - Setting next_dagrun for example_short_circuit_decorator to None, run_after=None
[2026-06-06T20:28:45.907+0000] {processor.py:208} INFO - Processing /home/airflow/.local/lib/python3.12/site-packages/airflow/example_dags/example_short_circuit_decorator.py took 0.162 seconds
[2026-06-06T20:29:27.094+0000] {processor.py:186} INFO - Started process (PID=1710) to work on /home/airflow/.local/lib/python3.12/site-packages/airflow/example_dags/example_short_circuit_decorator.py
[2026-06-06T20:29:27.097+0000] {processor.py:914} INFO - Processing file /home/airflow/.local/lib/python3.12/site-packages/airflow/example_dags/example_short_circuit_decorator.py for tasks to queue
[2026-06-06T20:29:27.104+0000] {logging_mixin.py:190} INFO - [2026-06-06T20:29:27.104+0000] {dagbag.py:588} INFO - Filling up the DagBag from /home/airflow/.local/lib/python3.12/site-packages/airflow/example_dags/example_short_circuit_decorator.py
[2026-06-06T20:29:27.125+0000] {processor.py:925} INFO - DAG(s) 'example_short_circuit_decorator' retrieved from /home/airflow/.local/lib/python3.12/site-packages/airflow/example_dags/example_short_circuit_decorator.py
[2026-06-06T20:29:27.189+0000] {logging_mixin.py:190} INFO - [2026-06-06T20:29:27.188+0000] {dag.py:3239} INFO - Sync 1 DAGs
[2026-06-06T20:29:27.224+0000] {logging_mixin.py:190} INFO - [2026-06-06T20:29:27.224+0000] {dag.py:4180} INFO - Setting next_dagrun for example_short_circuit_decorator to None, run_after=None
[2026-06-06T20:29:27.283+0000] {processor.py:208} INFO - Processing /home/airflow/.local/lib/python3.12/site-packages/airflow/example_dags/example_short_circuit_decorator.py took 0.203 seconds
[2026-06-06T20:30:02.089+0000] {processor.py:186} INFO - Started process (PID=1773) to work on /home/airflow/.local/lib/python3.12/site-packages/airflow/example_dags/example_short_circuit_decorator.py
[2026-06-06T20:30:02.091+0000] {processor.py:914} INFO - Processing file /home/airflow/.local/lib/python3.12/site-packages/airflow/example_dags/example_short_circuit_decorator.py for tasks to queue
[2026-06-06T20:30:02.096+0000] {logging_mixin.py:190} INFO - [2026-06-06T20:30:02.095+0000] {dagbag.py:588} INFO - Filling up the DagBag from /home/airflow/.local/lib/python3.12/site-packages/airflow/example_dags/example_short_circuit_decorator.py
[2026-06-06T20:30:02.118+0000] {processor.py:925} INFO - DAG(s) 'example_short_circuit_decorator' retrieved from /home/airflow/.local/lib/python3.12/site-packages/airflow/example_dags/example_short_circuit_decorator.py
[2026-06-06T20:30:02.179+0000] {logging_mixin.py:190} INFO - [2026-06-06T20:30:02.179+0000] {dag.py:3239} INFO - Sync 1 DAGs
[2026-06-06T20:30:02.216+0000] {logging_mixin.py:190} INFO - [2026-06-06T20:30:02.216+0000] {dag.py:4180} INFO - Setting next_dagrun for example_short_circuit_decorator to None, run_after=None
[2026-06-06T20:30:02.254+0000] {processor.py:208} INFO - Processing /home/airflow/.local/lib/python3.12/site-packages/airflow/example_dags/example_short_circuit_decorator.py took 0.176 seconds
[2026-06-06T20:30:41.529+0000] {processor.py:186} INFO - Started process (PID=1836) to work on /home/airflow/.local/lib/python3.12/site-packages/airflow/example_dags/example_short_circuit_decorator.py
[2026-06-06T20:30:41.531+0000] {processor.py:914} INFO - Processing file /home/airflow/.local/lib/python3.12/site-packages/airflow/example_dags/example_short_circuit_decorator.py for tasks to queue
[2026-06-06T20:30:41.537+0000] {logging_mixin.py:190} INFO - [2026-06-06T20:30:41.537+0000] {dagbag.py:588} INFO - Filling up the DagBag from /home/airflow/.local/lib/python3.12/site-packages/airflow/example_dags/example_short_circuit_decorator.py
[2026-06-06T20:30:41.557+0000] {processor.py:925} INFO - DAG(s) 'example_short_circuit_decorator' retrieved from /home/airflow/.local/lib/python3.12/site-packages/airflow/example_dags/example_short_circuit_decorator.py
[2026-06-06T20:30:41.617+0000] {logging_mixin.py:190} INFO - [2026-06-06T20:30:41.616+0000] {dag.py:3239} INFO - Sync 1 DAGs
[2026-06-06T20:30:41.649+0000] {logging_mixin.py:190} INFO - [2026-06-06T20:30:41.649+0000] {dag.py:4180} INFO - Setting next_dagrun for example_short_circuit_decorator to None, run_after=None
[2026-06-06T20:30:41.687+0000] {processor.py:208} INFO - Processing /home/airflow/.local/lib/python3.12/site-packages/airflow/example_dags/example_short_circuit_decorator.py took 0.171 seconds
[2026-06-06T20:31:19.484+0000] {processor.py:186} INFO - Started process (PID=1895) to work on /home/airflow/.local/lib/python3.12/site-packages/airflow/example_dags/example_short_circuit_decorator.py
[2026-06-06T20:31:19.487+0000] {processor.py:914} INFO - Processing file /home/airflow/.local/lib/python3.12/site-packages/airflow/example_dags/example_short_circuit_decorator.py for tasks to queue
[2026-06-06T20:31:19.497+0000] {logging_mixin.py:190} INFO - [2026-06-06T20:31:19.496+0000] {dagbag.py:588} INFO - Filling up the DagBag from /home/airflow/.local/lib/python3.12/site-packages/airflow/example_dags/example_short_circuit_decorator.py
[2026-06-06T20:31:19.529+0000] {processor.py:925} INFO - DAG(s) 'example_short_circuit_decorator' retrieved from /home/airflow/.local/lib/python3.12/site-packages/airflow/example_dags/example_short_circuit_decorator.py
[2026-06-06T20:31:19.601+0000] {logging_mixin.py:190} INFO - [2026-06-06T20:31:19.601+0000] {dag.py:3239} INFO - Sync 1 DAGs
[2026-06-06T20:31:19.638+0000] {logging_mixin.py:190} INFO - [2026-06-06T20:31:19.638+0000] {dag.py:4180} INFO - Setting next_dagrun for example_short_circuit_decorator to None, run_after=None
[2026-06-06T20:31:19.687+0000] {processor.py:208} INFO - Processing /home/airflow/.local/lib/python3.12/site-packages/airflow/example_dags/example_short_circuit_decorator.py took 0.217 seconds
[2026-06-06T20:32:01.233+0000] {processor.py:186} INFO - Started process (PID=1962) to work on /home/airflow/.local/lib/python3.12/site-packages/airflow/example_dags/example_short_circuit_decorator.py
[2026-06-06T20:32:01.235+0000] {processor.py:914} INFO - Processing file /home/airflow/.local/lib/python3.12/site-packages/airflow/example_dags/example_short_circuit_decorator.py for tasks to queue
[2026-06-06T20:32:01.242+0000] {logging_mixin.py:190} INFO - [2026-06-06T20:32:01.242+0000] {dagbag.py:588} INFO - Filling up the DagBag from /home/airflow/.local/lib/python3.12/site-packages/airflow/example_dags/example_short_circuit_decorator.py
[2026-06-06T20:32:01.266+0000] {processor.py:925} INFO - DAG(s) 'example_short_circuit_decorator' retrieved from /home/airflow/.local/lib/python3.12/site-packages/airflow/example_dags/example_short_circuit_decorator.py
[2026-06-06T20:32:01.350+0000] {logging_mixin.py:190} INFO - [2026-06-06T20:32:01.350+0000] {dag.py:3239} INFO - Sync 1 DAGs
[2026-06-06T20:32:01.407+0000] {logging_mixin.py:190} INFO - [2026-06-06T20:32:01.406+0000] {dag.py:4180} INFO - Setting next_dagrun for example_short_circuit_decorator to None, run_after=None
[2026-06-06T20:32:01.472+0000] {processor.py:208} INFO - Processing /home/airflow/.local/lib/python3.12/site-packages/airflow/example_dags/example_short_circuit_decorator.py took 0.248 seconds
[2026-06-06T20:32:40.691+0000] {processor.py:186} INFO - Started process (PID=2024) to work on /home/airflow/.local/lib/python3.12/site-packages/airflow/example_dags/example_short_circuit_decorator.py
[2026-06-06T20:32:40.693+0000] {processor.py:914} INFO - Processing file /home/airflow/.local/lib/python3.12/site-packages/airflow/example_dags/example_short_circuit_decorator.py for tasks to queue
[2026-06-06T20:32:40.717+0000] {logging_mixin.py:190} INFO - [2026-06-06T20:32:40.717+0000] {dagbag.py:588} INFO - Filling up the DagBag from /home/airflow/.local/lib/python3.12/site-packages/airflow/example_dags/example_short_circuit_decorator.py
[2026-06-06T20:32:40.755+0000] {processor.py:925} INFO - DAG(s) 'example_short_circuit_decorator' retrieved from /home/airflow/.local/lib/python3.12/site-packages/airflow/example_dags/example_short_circuit_decorator.py
[2026-06-06T20:32:40.834+0000] {logging_mixin.py:190} INFO - [2026-06-06T20:32:40.833+0000] {dag.py:3239} INFO - Sync 1 DAGs
[2026-06-06T20:32:40.890+0000] {logging_mixin.py:190} INFO - [2026-06-06T20:32:40.887+0000] {dag.py:4180} INFO - Setting next_dagrun for example_short_circuit_decorator to None, run_after=None
[2026-06-06T20:32:40.952+0000] {processor.py:208} INFO - Processing /home/airflow/.local/lib/python3.12/site-packages/airflow/example_dags/example_short_circuit_decorator.py took 0.274 seconds
[2026-06-06T20:33:11.542+0000] {processor.py:186} INFO - Started process (PID=2087) to work on /home/airflow/.local/lib/python3.12/site-packages/airflow/example_dags/example_short_circuit_decorator.py
[2026-06-06T20:33:11.546+0000] {processor.py:914} INFO - Processing file /home/airflow/.local/lib/python3.12/site-packages/airflow/example_dags/example_short_circuit_decorator.py for tasks to queue
[2026-06-06T20:33:11.558+0000] {logging_mixin.py:190} INFO - [2026-06-06T20:33:11.557+0000] {dagbag.py:588} INFO - Filling up the DagBag from /home/airflow/.local/lib/python3.12/site-packages/airflow/example_dags/example_short_circuit_decorator.py
[2026-06-06T20:33:11.588+0000] {processor.py:925} INFO - DAG(s) 'example_short_circuit_decorator' retrieved from /home/airflow/.local/lib/python3.12/site-packages/airflow/example_dags/example_short_circuit_decorator.py
[2026-06-06T20:33:11.668+0000] {logging_mixin.py:190} INFO - [2026-06-06T20:33:11.668+0000] {dag.py:3239} INFO - Sync 1 DAGs
[2026-06-06T20:33:11.706+0000] {logging_mixin.py:190} INFO - [2026-06-06T20:33:11.705+0000] {dag.py:4180} INFO - Setting next_dagrun for example_short_circuit_decorator to None, run_after=None
[2026-06-06T20:33:11.765+0000] {processor.py:208} INFO - Processing /home/airflow/.local/lib/python3.12/site-packages/airflow/example_dags/example_short_circuit_decorator.py took 0.236 seconds
[2026-06-06T20:33:55.933+0000] {processor.py:186} INFO - Started process (PID=2162) to work on /home/airflow/.local/lib/python3.12/site-packages/airflow/example_dags/example_short_circuit_decorator.py
[2026-06-06T20:33:55.936+0000] {processor.py:914} INFO - Processing file /home/airflow/.local/lib/python3.12/site-packages/airflow/example_dags/example_short_circuit_decorator.py for tasks to queue
[2026-06-06T20:33:55.942+0000] {logging_mixin.py:190} INFO - [2026-06-06T20:33:55.941+0000] {dagbag.py:588} INFO - Filling up the DagBag from /home/airflow/.local/lib/python3.12/site-packages/airflow/example_dags/example_short_circuit_decorator.py
[2026-06-06T20:33:55.967+0000] {processor.py:925} INFO - DAG(s) 'example_short_circuit_decorator' retrieved from /home/airflow/.local/lib/python3.12/site-packages/airflow/example_dags/example_short_circuit_decorator.py
[2026-06-06T20:33:56.061+0000] {logging_mixin.py:190} INFO - [2026-06-06T20:33:56.060+0000] {dag.py:3239} INFO - Sync 1 DAGs
[2026-06-06T20:33:56.147+0000] {logging_mixin.py:190} INFO - [2026-06-06T20:33:56.146+0000] {dag.py:4180} INFO - Setting next_dagrun for example_short_circuit_decorator to None, run_after=None
[2026-06-06T20:33:56.236+0000] {processor.py:208} INFO - Processing /home/airflow/.local/lib/python3.12/site-packages/airflow/example_dags/example_short_circuit_decorator.py took 0.315 seconds
[2026-06-06T20:34:44.701+0000] {processor.py:186} INFO - Started process (PID=2226) to work on /home/airflow/.local/lib/python3.12/site-packages/airflow/example_dags/example_short_circuit_decorator.py
[2026-06-06T20:34:44.703+0000] {processor.py:914} INFO - Processing file /home/airflow/.local/lib/python3.12/site-packages/airflow/example_dags/example_short_circuit_decorator.py for tasks to queue
[2026-06-06T20:34:44.712+0000] {logging_mixin.py:190} INFO - [2026-06-06T20:34:44.711+0000] {dagbag.py:588} INFO - Filling up the DagBag from /home/airflow/.local/lib/python3.12/site-packages/airflow/example_dags/example_short_circuit_decorator.py
[2026-06-06T20:34:44.735+0000] {processor.py:925} INFO - DAG(s) 'example_short_circuit_decorator' retrieved from /home/airflow/.local/lib/python3.12/site-packages/airflow/example_dags/example_short_circuit_decorator.py
[2026-06-06T20:34:44.809+0000] {logging_mixin.py:190} INFO - [2026-06-06T20:34:44.807+0000] {dag.py:3239} INFO - Sync 1 DAGs
[2026-06-06T20:34:44.841+0000] {logging_mixin.py:190} INFO - [2026-06-06T20:34:44.841+0000] {dag.py:4180} INFO - Setting next_dagrun for example_short_circuit_decorator to None, run_after=None
[2026-06-06T20:34:44.899+0000] {processor.py:208} INFO - Processing /home/airflow/.local/lib/python3.12/site-packages/airflow/example_dags/example_short_circuit_decorator.py took 0.210 seconds
[2026-06-06T20:35:27.673+0000] {processor.py:186} INFO - Started process (PID=2295) to work on /home/airflow/.local/lib/python3.12/site-packages/airflow/example_dags/example_short_circuit_decorator.py
[2026-06-06T20:35:27.675+0000] {processor.py:914} INFO - Processing file /home/airflow/.local/lib/python3.12/site-packages/airflow/example_dags/example_short_circuit_decorator.py for tasks to queue
[2026-06-06T20:35:27.686+0000] {logging_mixin.py:190} INFO - [2026-06-06T20:35:27.683+0000] {dagbag.py:588} INFO - Filling up the DagBag from /home/airflow/.local/lib/python3.12/site-packages/airflow/example_dags/example_short_circuit_decorator.py
[2026-06-06T20:35:27.708+0000] {processor.py:925} INFO - DAG(s) 'example_short_circuit_decorator' retrieved from /home/airflow/.local/lib/python3.12/site-packages/airflow/example_dags/example_short_circuit_decorator.py
[2026-06-06T20:35:27.775+0000] {logging_mixin.py:190} INFO - [2026-06-06T20:35:27.775+0000] {dag.py:3239} INFO - Sync 1 DAGs
[2026-06-06T20:35:27.811+0000] {logging_mixin.py:190} INFO - [2026-06-06T20:35:27.810+0000] {dag.py:4180} INFO - Setting next_dagrun for example_short_circuit_decorator to None, run_after=None
[2026-06-06T20:35:27.863+0000] {processor.py:208} INFO - Processing /home/airflow/.local/lib/python3.12/site-packages/airflow/example_dags/example_short_circuit_decorator.py took 0.201 seconds
[2026-06-06T20:35:59.015+0000] {processor.py:186} INFO - Started process (PID=2356) to work on /home/airflow/.local/lib/python3.12/site-packages/airflow/example_dags/example_short_circuit_decorator.py
[2026-06-06T20:35:59.019+0000] {processor.py:914} INFO - Processing file /home/airflow/.local/lib/python3.12/site-packages/airflow/example_dags/example_short_circuit_decorator.py for tasks to queue
[2026-06-06T20:35:59.029+0000] {logging_mixin.py:190} INFO - [2026-06-06T20:35:59.028+0000] {dagbag.py:588} INFO - Filling up the DagBag from /home/airflow/.local/lib/python3.12/site-packages/airflow/example_dags/example_short_circuit_decorator.py
[2026-06-06T20:35:59.060+0000] {processor.py:925} INFO - DAG(s) 'example_short_circuit_decorator' retrieved from /home/airflow/.local/lib/python3.12/site-packages/airflow/example_dags/example_short_circuit_decorator.py
[2026-06-06T20:35:59.167+0000] {logging_mixin.py:190} INFO - [2026-06-06T20:35:59.166+0000] {dag.py:3239} INFO - Sync 1 DAGs
[2026-06-06T20:35:59.209+0000] {logging_mixin.py:190} INFO - [2026-06-06T20:35:59.208+0000] {dag.py:4180} INFO - Setting next_dagrun for example_short_circuit_decorator to None, run_after=None
[2026-06-06T20:35:59.268+0000] {processor.py:208} INFO - Processing /home/airflow/.local/lib/python3.12/site-packages/airflow/example_dags/example_short_circuit_decorator.py took 0.268 seconds
[2026-06-06T20:36:31.933+0000] {processor.py:186} INFO - Started process (PID=2418) to work on /home/airflow/.local/lib/python3.12/site-packages/airflow/example_dags/example_short_circuit_decorator.py
[2026-06-06T20:36:31.938+0000] {processor.py:914} INFO - Processing file /home/airflow/.local/lib/python3.12/site-packages/airflow/example_dags/example_short_circuit_decorator.py for tasks to queue
[2026-06-06T20:36:31.947+0000] {logging_mixin.py:190} INFO - [2026-06-06T20:36:31.946+0000] {dagbag.py:588} INFO - Filling up the DagBag from /home/airflow/.local/lib/python3.12/site-packages/airflow/example_dags/example_short_circuit_decorator.py
[2026-06-06T20:36:32.002+0000] {processor.py:925} INFO - DAG(s) 'example_short_circuit_decorator' retrieved from /home/airflow/.local/lib/python3.12/site-packages/airflow/example_dags/example_short_circuit_decorator.py
[2026-06-06T20:36:32.153+0000] {logging_mixin.py:190} INFO - [2026-06-06T20:36:32.153+0000] {dag.py:3239} INFO - Sync 1 DAGs
[2026-06-06T20:36:32.202+0000] {logging_mixin.py:190} INFO - [2026-06-06T20:36:32.201+0000] {dag.py:4180} INFO - Setting next_dagrun for example_short_circuit_decorator to None, run_after=None
[2026-06-06T20:36:32.244+0000] {processor.py:208} INFO - Processing /home/airflow/.local/lib/python3.12/site-packages/airflow/example_dags/example_short_circuit_decorator.py took 0.343 seconds
[2026-06-06T20:37:08.286+0000] {processor.py:186} INFO - Started process (PID=2480) to work on /home/airflow/.local/lib/python3.12/site-packages/airflow/example_dags/example_short_circuit_decorator.py
[2026-06-06T20:37:08.289+0000] {processor.py:914} INFO - Processing file /home/airflow/.local/lib/python3.12/site-packages/airflow/example_dags/example_short_circuit_decorator.py for tasks to queue
[2026-06-06T20:37:08.298+0000] {logging_mixin.py:190} INFO - [2026-06-06T20:37:08.298+0000] {dagbag.py:588} INFO - Filling up the DagBag from /home/airflow/.local/lib/python3.12/site-packages/airflow/example_dags/example_short_circuit_decorator.py
[2026-06-06T20:37:08.325+0000] {processor.py:925} INFO - DAG(s) 'example_short_circuit_decorator' retrieved from /home/airflow/.local/lib/python3.12/site-packages/airflow/example_dags/example_short_circuit_decorator.py
[2026-06-06T20:37:08.414+0000] {logging_mixin.py:190} INFO - [2026-06-06T20:37:08.414+0000] {dag.py:3239} INFO - Sync 1 DAGs
[2026-06-06T20:37:08.492+0000] {logging_mixin.py:190} INFO - [2026-06-06T20:37:08.491+0000] {dag.py:4180} INFO - Setting next_dagrun for example_short_circuit_decorator to None, run_after=None
[2026-06-06T20:37:08.538+0000] {processor.py:208} INFO - Processing /home/airflow/.local/lib/python3.12/site-packages/airflow/example_dags/example_short_circuit_decorator.py took 0.272 seconds
[2026-06-06T20:40:26.348+0000] {processor.py:186} INFO - Started process (PID=128) to work on /home/airflow/.local/lib/python3.12/site-packages/airflow/example_dags/example_short_circuit_decorator.py
[2026-06-06T20:40:26.356+0000] {processor.py:914} INFO - Processing file /home/airflow/.local/lib/python3.12/site-packages/airflow/example_dags/example_short_circuit_decorator.py for tasks to queue
[2026-06-06T20:40:26.390+0000] {logging_mixin.py:190} INFO - [2026-06-06T20:40:26.382+0000] {dagbag.py:588} INFO - Filling up the DagBag from /home/airflow/.local/lib/python3.12/site-packages/airflow/example_dags/example_short_circuit_decorator.py
[2026-06-06T20:40:26.425+0000] {processor.py:925} INFO - DAG(s) 'example_short_circuit_decorator' retrieved from /home/airflow/.local/lib/python3.12/site-packages/airflow/example_dags/example_short_circuit_decorator.py
[2026-06-06T20:40:26.499+0000] {logging_mixin.py:190} INFO - [2026-06-06T20:40:26.498+0000] {dag.py:3239} INFO - Sync 1 DAGs
[2026-06-06T20:40:26.530+0000] {logging_mixin.py:190} INFO - [2026-06-06T20:40:26.530+0000] {dag.py:4180} INFO - Setting next_dagrun for example_short_circuit_decorator to None, run_after=None
[2026-06-06T20:40:26.576+0000] {processor.py:208} INFO - Processing /home/airflow/.local/lib/python3.12/site-packages/airflow/example_dags/example_short_circuit_decorator.py took 0.278 seconds
[2026-06-06T20:41:11.892+0000] {processor.py:186} INFO - Started process (PID=190) to work on /home/airflow/.local/lib/python3.12/site-packages/airflow/example_dags/example_short_circuit_decorator.py
[2026-06-06T20:41:11.896+0000] {processor.py:914} INFO - Processing file /home/airflow/.local/lib/python3.12/site-packages/airflow/example_dags/example_short_circuit_decorator.py for tasks to queue
[2026-06-06T20:41:11.903+0000] {logging_mixin.py:190} INFO - [2026-06-06T20:41:11.902+0000] {dagbag.py:588} INFO - Filling up the DagBag from /home/airflow/.local/lib/python3.12/site-packages/airflow/example_dags/example_short_circuit_decorator.py
[2026-06-06T20:41:11.930+0000] {processor.py:925} INFO - DAG(s) 'example_short_circuit_decorator' retrieved from /home/airflow/.local/lib/python3.12/site-packages/airflow/example_dags/example_short_circuit_decorator.py
[2026-06-06T20:41:12.014+0000] {logging_mixin.py:190} INFO - [2026-06-06T20:41:12.013+0000] {dag.py:3239} INFO - Sync 1 DAGs
[2026-06-06T20:41:12.053+0000] {logging_mixin.py:190} INFO - [2026-06-06T20:41:12.052+0000] {dag.py:4180} INFO - Setting next_dagrun for example_short_circuit_decorator to None, run_after=None
[2026-06-06T20:41:12.114+0000] {processor.py:208} INFO - Processing /home/airflow/.local/lib/python3.12/site-packages/airflow/example_dags/example_short_circuit_decorator.py took 0.238 seconds
[2026-06-06T20:41:53.363+0000] {processor.py:186} INFO - Started process (PID=253) to work on /home/airflow/.local/lib/python3.12/site-packages/airflow/example_dags/example_short_circuit_decorator.py
[2026-06-06T20:41:53.365+0000] {processor.py:914} INFO - Processing file /home/airflow/.local/lib/python3.12/site-packages/airflow/example_dags/example_short_circuit_decorator.py for tasks to queue
[2026-06-06T20:41:53.371+0000] {logging_mixin.py:190} INFO - [2026-06-06T20:41:53.370+0000] {dagbag.py:588} INFO - Filling up the DagBag from /home/airflow/.local/lib/python3.12/site-packages/airflow/example_dags/example_short_circuit_decorator.py
[2026-06-06T20:41:53.391+0000] {processor.py:925} INFO - DAG(s) 'example_short_circuit_decorator' retrieved from /home/airflow/.local/lib/python3.12/site-packages/airflow/example_dags/example_short_circuit_decorator.py
[2026-06-06T20:41:53.448+0000] {logging_mixin.py:190} INFO - [2026-06-06T20:41:53.447+0000] {dag.py:3239} INFO - Sync 1 DAGs
[2026-06-06T20:41:53.480+0000] {logging_mixin.py:190} INFO - [2026-06-06T20:41:53.480+0000] {dag.py:4180} INFO - Setting next_dagrun for example_short_circuit_decorator to None, run_after=None
[2026-06-06T20:41:53.523+0000] {processor.py:208} INFO - Processing /home/airflow/.local/lib/python3.12/site-packages/airflow/example_dags/example_short_circuit_decorator.py took 0.173 seconds
[2026-06-06T20:42:37.854+0000] {processor.py:186} INFO - Started process (PID=321) to work on /home/airflow/.local/lib/python3.12/site-packages/airflow/example_dags/example_short_circuit_decorator.py
[2026-06-06T20:42:37.856+0000] {processor.py:914} INFO - Processing file /home/airflow/.local/lib/python3.12/site-packages/airflow/example_dags/example_short_circuit_decorator.py for tasks to queue
[2026-06-06T20:42:37.861+0000] {logging_mixin.py:190} INFO - [2026-06-06T20:42:37.861+0000] {dagbag.py:588} INFO - Filling up the DagBag from /home/airflow/.local/lib/python3.12/site-packages/airflow/example_dags/example_short_circuit_decorator.py
[2026-06-06T20:42:37.893+0000] {processor.py:925} INFO - DAG(s) 'example_short_circuit_decorator' retrieved from /home/airflow/.local/lib/python3.12/site-packages/airflow/example_dags/example_short_circuit_decorator.py
[2026-06-06T20:42:37.987+0000] {logging_mixin.py:190} INFO - [2026-06-06T20:42:37.987+0000] {dag.py:3239} INFO - Sync 1 DAGs
[2026-06-06T20:42:38.029+0000] {logging_mixin.py:190} INFO - [2026-06-06T20:42:38.029+0000] {dag.py:4180} INFO - Setting next_dagrun for example_short_circuit_decorator to None, run_after=None
[2026-06-06T20:42:38.089+0000] {processor.py:208} INFO - Processing /home/airflow/.local/lib/python3.12/site-packages/airflow/example_dags/example_short_circuit_decorator.py took 0.249 seconds
[2026-06-06T20:43:17.111+0000] {processor.py:186} INFO - Started process (PID=383) to work on /home/airflow/.local/lib/python3.12/site-packages/airflow/example_dags/example_short_circuit_decorator.py
[2026-06-06T20:43:17.113+0000] {processor.py:914} INFO - Processing file /home/airflow/.local/lib/python3.12/site-packages/airflow/example_dags/example_short_circuit_decorator.py for tasks to queue
[2026-06-06T20:43:17.119+0000] {logging_mixin.py:190} INFO - [2026-06-06T20:43:17.118+0000] {dagbag.py:588} INFO - Filling up the DagBag from /home/airflow/.local/lib/python3.12/site-packages/airflow/example_dags/example_short_circuit_decorator.py
[2026-06-06T20:43:17.136+0000] {processor.py:925} INFO - DAG(s) 'example_short_circuit_decorator' retrieved from /home/airflow/.local/lib/python3.12/site-packages/airflow/example_dags/example_short_circuit_decorator.py
[2026-06-06T20:43:17.182+0000] {logging_mixin.py:190} INFO - [2026-06-06T20:43:17.181+0000] {dag.py:3239} INFO - Sync 1 DAGs
[2026-06-06T20:43:17.209+0000] {logging_mixin.py:190} INFO - [2026-06-06T20:43:17.209+0000] {dag.py:4180} INFO - Setting next_dagrun for example_short_circuit_decorator to None, run_after=None
[2026-06-06T20:43:17.241+0000] {processor.py:208} INFO - Processing /home/airflow/.local/lib/python3.12/site-packages/airflow/example_dags/example_short_circuit_decorator.py took 0.141 seconds
[2026-06-06T20:44:12.758+0000] {processor.py:186} INFO - Started process (PID=478) to work on /home/airflow/.local/lib/python3.12/site-packages/airflow/example_dags/example_short_circuit_decorator.py
[2026-06-06T20:44:12.760+0000] {processor.py:914} INFO - Processing file /home/airflow/.local/lib/python3.12/site-packages/airflow/example_dags/example_short_circuit_decorator.py for tasks to queue
[2026-06-06T20:44:12.765+0000] {logging_mixin.py:190} INFO - [2026-06-06T20:44:12.764+0000] {dagbag.py:588} INFO - Filling up the DagBag from /home/airflow/.local/lib/python3.12/site-packages/airflow/example_dags/example_short_circuit_decorator.py
[2026-06-06T20:44:12.785+0000] {processor.py:925} INFO - DAG(s) 'example_short_circuit_decorator' retrieved from /home/airflow/.local/lib/python3.12/site-packages/airflow/example_dags/example_short_circuit_decorator.py
[2026-06-06T20:44:12.839+0000] {logging_mixin.py:190} INFO - [2026-06-06T20:44:12.838+0000] {dag.py:3239} INFO - Sync 1 DAGs
[2026-06-06T20:44:12.865+0000] {logging_mixin.py:190} INFO - [2026-06-06T20:44:12.865+0000] {dag.py:4180} INFO - Setting next_dagrun for example_short_circuit_decorator to None, run_after=None
[2026-06-06T20:44:12.900+0000] {processor.py:208} INFO - Processing /home/airflow/.local/lib/python3.12/site-packages/airflow/example_dags/example_short_circuit_decorator.py took 0.153 seconds
[2026-06-06T20:45:16.072+0000] {processor.py:186} INFO - Started process (PID=546) to work on /home/airflow/.local/lib/python3.12/site-packages/airflow/example_dags/example_short_circuit_decorator.py
[2026-06-06T20:45:16.076+0000] {processor.py:914} INFO - Processing file /home/airflow/.local/lib/python3.12/site-packages/airflow/example_dags/example_short_circuit_decorator.py for tasks to queue
[2026-06-06T20:45:16.101+0000] {logging_mixin.py:190} INFO - [2026-06-06T20:45:16.100+0000] {dagbag.py:588} INFO - Filling up the DagBag from /home/airflow/.local/lib/python3.12/site-packages/airflow/example_dags/example_short_circuit_decorator.py
[2026-06-06T20:45:16.139+0000] {processor.py:925} INFO - DAG(s) 'example_short_circuit_decorator' retrieved from /home/airflow/.local/lib/python3.12/site-packages/airflow/example_dags/example_short_circuit_decorator.py
[2026-06-06T20:45:16.241+0000] {logging_mixin.py:190} INFO - [2026-06-06T20:45:16.239+0000] {dag.py:3239} INFO - Sync 1 DAGs
[2026-06-06T20:45:16.304+0000] {logging_mixin.py:190} INFO - [2026-06-06T20:45:16.304+0000] {dag.py:4180} INFO - Setting next_dagrun for example_short_circuit_decorator to None, run_after=None
[2026-06-06T20:45:16.390+0000] {processor.py:208} INFO - Processing /home/airflow/.local/lib/python3.12/site-packages/airflow/example_dags/example_short_circuit_decorator.py took 0.355 seconds
[2026-06-06T20:46:12.967+0000] {processor.py:186} INFO - Started process (PID=626) to work on /home/airflow/.local/lib/python3.12/site-packages/airflow/example_dags/example_short_circuit_decorator.py
[2026-06-06T20:46:12.971+0000] {processor.py:914} INFO - Processing file /home/airflow/.local/lib/python3.12/site-packages/airflow/example_dags/example_short_circuit_decorator.py for tasks to queue
[2026-06-06T20:46:12.981+0000] {logging_mixin.py:190} INFO - [2026-06-06T20:46:12.980+0000] {dagbag.py:588} INFO - Filling up the DagBag from /home/airflow/.local/lib/python3.12/site-packages/airflow/example_dags/example_short_circuit_decorator.py
[2026-06-06T20:46:13.014+0000] {processor.py:925} INFO - DAG(s) 'example_short_circuit_decorator' retrieved from /home/airflow/.local/lib/python3.12/site-packages/airflow/example_dags/example_short_circuit_decorator.py
[2026-06-06T20:46:13.095+0000] {logging_mixin.py:190} INFO - [2026-06-06T20:46:13.094+0000] {dag.py:3239} INFO - Sync 1 DAGs
[2026-06-06T20:46:13.147+0000] {logging_mixin.py:190} INFO - [2026-06-06T20:46:13.146+0000] {dag.py:4180} INFO - Setting next_dagrun for example_short_circuit_decorator to None, run_after=None
[2026-06-06T20:46:13.201+0000] {processor.py:208} INFO - Processing /home/airflow/.local/lib/python3.12/site-packages/airflow/example_dags/example_short_circuit_decorator.py took 0.246 seconds
[2026-06-06T20:46:58.421+0000] {processor.py:186} INFO - Started process (PID=693) to work on /home/airflow/.local/lib/python3.12/site-packages/airflow/example_dags/example_short_circuit_decorator.py
[2026-06-06T20:46:58.425+0000] {processor.py:914} INFO - Processing file /home/airflow/.local/lib/python3.12/site-packages/airflow/example_dags/example_short_circuit_decorator.py for tasks to queue
[2026-06-06T20:46:58.436+0000] {logging_mixin.py:190} INFO - [2026-06-06T20:46:58.434+0000] {dagbag.py:588} INFO - Filling up the DagBag from /home/airflow/.local/lib/python3.12/site-packages/airflow/example_dags/example_short_circuit_decorator.py
[2026-06-06T20:46:58.468+0000] {processor.py:925} INFO - DAG(s) 'example_short_circuit_decorator' retrieved from /home/airflow/.local/lib/python3.12/site-packages/airflow/example_dags/example_short_circuit_decorator.py
[2026-06-06T20:46:58.556+0000] {logging_mixin.py:190} INFO - [2026-06-06T20:46:58.555+0000] {dag.py:3239} INFO - Sync 1 DAGs
[2026-06-06T20:46:58.601+0000] {logging_mixin.py:190} INFO - [2026-06-06T20:46:58.600+0000] {dag.py:4180} INFO - Setting next_dagrun for example_short_circuit_decorator to None, run_after=None
[2026-06-06T20:46:58.648+0000] {processor.py:208} INFO - Processing /home/airflow/.local/lib/python3.12/site-packages/airflow/example_dags/example_short_circuit_decorator.py took 0.246 seconds
