[2026-06-06T20:13:38.516+0000] {processor.py:186} INFO - Started process (PID=71) to work on /home/airflow/.local/lib/python3.12/site-packages/airflow/example_dags/example_bash_decorator.py
[2026-06-06T20:13:38.519+0000] {processor.py:914} INFO - Processing file /home/airflow/.local/lib/python3.12/site-packages/airflow/example_dags/example_bash_decorator.py for tasks to queue
[2026-06-06T20:13:38.523+0000] {logging_mixin.py:190} INFO - [2026-06-06T20:13:38.523+0000] {dagbag.py:588} INFO - Filling up the DagBag from /home/airflow/.local/lib/python3.12/site-packages/airflow/example_dags/example_bash_decorator.py
[2026-06-06T20:13:38.565+0000] {processor.py:925} INFO - DAG(s) 'example_bash_decorator' retrieved from /home/airflow/.local/lib/python3.12/site-packages/airflow/example_dags/example_bash_decorator.py
[2026-06-06T20:13:38.800+0000] {logging_mixin.py:190} INFO - [2026-06-06T20:13:38.798+0000] {override.py:1932} INFO - Created Permission View: can read on DAG:example_bash_decorator
[2026-06-06T20:13:38.819+0000] {logging_mixin.py:190} INFO - [2026-06-06T20:13:38.819+0000] {override.py:1932} INFO - Created Permission View: can edit on DAG:example_bash_decorator
[2026-06-06T20:13:38.835+0000] {logging_mixin.py:190} INFO - [2026-06-06T20:13:38.834+0000] {override.py:1932} INFO - Created Permission View: can delete on DAG:example_bash_decorator
[2026-06-06T20:13:38.853+0000] {logging_mixin.py:190} INFO - [2026-06-06T20:13:38.852+0000] {override.py:1932} INFO - Created Permission View: can read on DAG Run:example_bash_decorator
[2026-06-06T20:13:38.869+0000] {logging_mixin.py:190} INFO - [2026-06-06T20:13:38.868+0000] {override.py:1932} INFO - Created Permission View: menu access on DAG Run:example_bash_decorator
[2026-06-06T20:13:38.885+0000] {logging_mixin.py:190} INFO - [2026-06-06T20:13:38.884+0000] {override.py:1932} INFO - Created Permission View: can delete on DAG Run:example_bash_decorator
[2026-06-06T20:13:38.898+0000] {logging_mixin.py:190} INFO - [2026-06-06T20:13:38.898+0000] {override.py:1932} INFO - Created Permission View: can create on DAG Run:example_bash_decorator
[2026-06-06T20:13:38.900+0000] {logging_mixin.py:190} INFO - [2026-06-06T20:13:38.899+0000] {dag.py:3239} INFO - Sync 1 DAGs
[2026-06-06T20:13:38.922+0000] {logging_mixin.py:190} INFO - [2026-06-06T20:13:38.922+0000] {dag.py:3262} INFO - Creating ORM DAG for example_bash_decorator
[2026-06-06T20:13:38.924+0000] {logging_mixin.py:190} INFO - [2026-06-06T20:13:38.923+0000] {dag.py:4180} INFO - Setting next_dagrun for example_bash_decorator to None, run_after=None
[2026-06-06T20:13:38.952+0000] {processor.py:208} INFO - Processing /home/airflow/.local/lib/python3.12/site-packages/airflow/example_dags/example_bash_decorator.py took 0.447 seconds
[2026-06-06T20:14:24.166+0000] {processor.py:186} INFO - Started process (PID=139) to work on /home/airflow/.local/lib/python3.12/site-packages/airflow/example_dags/example_bash_decorator.py
[2026-06-06T20:14:24.168+0000] {processor.py:914} INFO - Processing file /home/airflow/.local/lib/python3.12/site-packages/airflow/example_dags/example_bash_decorator.py for tasks to queue
[2026-06-06T20:14:24.174+0000] {logging_mixin.py:190} INFO - [2026-06-06T20:14:24.173+0000] {dagbag.py:588} INFO - Filling up the DagBag from /home/airflow/.local/lib/python3.12/site-packages/airflow/example_dags/example_bash_decorator.py
[2026-06-06T20:14:24.203+0000] {processor.py:925} INFO - DAG(s) 'example_bash_decorator' retrieved from /home/airflow/.local/lib/python3.12/site-packages/airflow/example_dags/example_bash_decorator.py
[2026-06-06T20:14:24.273+0000] {logging_mixin.py:190} INFO - [2026-06-06T20:14:24.273+0000] {dag.py:3239} INFO - Sync 1 DAGs
[2026-06-06T20:14:24.302+0000] {logging_mixin.py:190} INFO - [2026-06-06T20:14:24.302+0000] {dag.py:4180} INFO - Setting next_dagrun for example_bash_decorator to None, run_after=None
[2026-06-06T20:14:24.338+0000] {processor.py:208} INFO - Processing /home/airflow/.local/lib/python3.12/site-packages/airflow/example_dags/example_bash_decorator.py took 0.182 seconds
[2026-06-06T20:15:00.879+0000] {processor.py:186} INFO - Started process (PID=192) to work on /home/airflow/.local/lib/python3.12/site-packages/airflow/example_dags/example_bash_decorator.py
[2026-06-06T20:15:00.882+0000] {processor.py:914} INFO - Processing file /home/airflow/.local/lib/python3.12/site-packages/airflow/example_dags/example_bash_decorator.py for tasks to queue
[2026-06-06T20:15:00.888+0000] {logging_mixin.py:190} INFO - [2026-06-06T20:15:00.887+0000] {dagbag.py:588} INFO - Filling up the DagBag from /home/airflow/.local/lib/python3.12/site-packages/airflow/example_dags/example_bash_decorator.py
[2026-06-06T20:15:00.931+0000] {processor.py:925} INFO - DAG(s) 'example_bash_decorator' retrieved from /home/airflow/.local/lib/python3.12/site-packages/airflow/example_dags/example_bash_decorator.py
[2026-06-06T20:15:01.008+0000] {logging_mixin.py:190} INFO - [2026-06-06T20:15:01.007+0000] {dag.py:3239} INFO - Sync 1 DAGs
[2026-06-06T20:15:01.048+0000] {logging_mixin.py:190} INFO - [2026-06-06T20:15:01.048+0000] {dag.py:4180} INFO - Setting next_dagrun for example_bash_decorator to None, run_after=None
[2026-06-06T20:15:01.104+0000] {processor.py:208} INFO - Processing /home/airflow/.local/lib/python3.12/site-packages/airflow/example_dags/example_bash_decorator.py took 0.236 seconds
[2026-06-06T20:15:31.585+0000] {processor.py:186} INFO - Started process (PID=254) to work on /home/airflow/.local/lib/python3.12/site-packages/airflow/example_dags/example_bash_decorator.py
[2026-06-06T20:15:31.589+0000] {processor.py:914} INFO - Processing file /home/airflow/.local/lib/python3.12/site-packages/airflow/example_dags/example_bash_decorator.py for tasks to queue
[2026-06-06T20:15:31.612+0000] {logging_mixin.py:190} INFO - [2026-06-06T20:15:31.611+0000] {dagbag.py:588} INFO - Filling up the DagBag from /home/airflow/.local/lib/python3.12/site-packages/airflow/example_dags/example_bash_decorator.py
[2026-06-06T20:15:31.663+0000] {processor.py:925} INFO - DAG(s) 'example_bash_decorator' retrieved from /home/airflow/.local/lib/python3.12/site-packages/airflow/example_dags/example_bash_decorator.py
[2026-06-06T20:15:31.728+0000] {logging_mixin.py:190} INFO - [2026-06-06T20:15:31.728+0000] {dag.py:3239} INFO - Sync 1 DAGs
[2026-06-06T20:15:31.769+0000] {logging_mixin.py:190} INFO - [2026-06-06T20:15:31.768+0000] {dag.py:4180} INFO - Setting next_dagrun for example_bash_decorator to None, run_after=None
[2026-06-06T20:15:31.820+0000] {processor.py:208} INFO - Processing /home/airflow/.local/lib/python3.12/site-packages/airflow/example_dags/example_bash_decorator.py took 0.275 seconds
[2026-06-06T20:16:08.390+0000] {processor.py:186} INFO - Started process (PID=314) to work on /home/airflow/.local/lib/python3.12/site-packages/airflow/example_dags/example_bash_decorator.py
[2026-06-06T20:16:08.392+0000] {processor.py:914} INFO - Processing file /home/airflow/.local/lib/python3.12/site-packages/airflow/example_dags/example_bash_decorator.py for tasks to queue
[2026-06-06T20:16:08.400+0000] {logging_mixin.py:190} INFO - [2026-06-06T20:16:08.399+0000] {dagbag.py:588} INFO - Filling up the DagBag from /home/airflow/.local/lib/python3.12/site-packages/airflow/example_dags/example_bash_decorator.py
[2026-06-06T20:16:08.436+0000] {processor.py:925} INFO - DAG(s) 'example_bash_decorator' retrieved from /home/airflow/.local/lib/python3.12/site-packages/airflow/example_dags/example_bash_decorator.py
[2026-06-06T20:16:08.500+0000] {logging_mixin.py:190} INFO - [2026-06-06T20:16:08.498+0000] {dag.py:3239} INFO - Sync 1 DAGs
[2026-06-06T20:16:08.545+0000] {logging_mixin.py:190} INFO - [2026-06-06T20:16:08.545+0000] {dag.py:4180} INFO - Setting next_dagrun for example_bash_decorator to None, run_after=None
[2026-06-06T20:16:08.582+0000] {processor.py:208} INFO - Processing /home/airflow/.local/lib/python3.12/site-packages/airflow/example_dags/example_bash_decorator.py took 0.204 seconds
[2026-06-06T20:16:40.904+0000] {processor.py:186} INFO - Started process (PID=376) to work on /home/airflow/.local/lib/python3.12/site-packages/airflow/example_dags/example_bash_decorator.py
[2026-06-06T20:16:40.906+0000] {processor.py:914} INFO - Processing file /home/airflow/.local/lib/python3.12/site-packages/airflow/example_dags/example_bash_decorator.py for tasks to queue
[2026-06-06T20:16:40.911+0000] {logging_mixin.py:190} INFO - [2026-06-06T20:16:40.911+0000] {dagbag.py:588} INFO - Filling up the DagBag from /home/airflow/.local/lib/python3.12/site-packages/airflow/example_dags/example_bash_decorator.py
[2026-06-06T20:16:40.933+0000] {processor.py:925} INFO - DAG(s) 'example_bash_decorator' retrieved from /home/airflow/.local/lib/python3.12/site-packages/airflow/example_dags/example_bash_decorator.py
[2026-06-06T20:16:40.978+0000] {logging_mixin.py:190} INFO - [2026-06-06T20:16:40.978+0000] {dag.py:3239} INFO - Sync 1 DAGs
[2026-06-06T20:16:40.998+0000] {logging_mixin.py:190} INFO - [2026-06-06T20:16:40.997+0000] {dag.py:4180} INFO - Setting next_dagrun for example_bash_decorator to None, run_after=None
[2026-06-06T20:16:41.028+0000] {processor.py:208} INFO - Processing /home/airflow/.local/lib/python3.12/site-packages/airflow/example_dags/example_bash_decorator.py took 0.133 seconds
[2026-06-06T20:17:11.090+0000] {processor.py:186} INFO - Started process (PID=437) to work on /home/airflow/.local/lib/python3.12/site-packages/airflow/example_dags/example_bash_decorator.py
[2026-06-06T20:17:11.093+0000] {processor.py:914} INFO - Processing file /home/airflow/.local/lib/python3.12/site-packages/airflow/example_dags/example_bash_decorator.py for tasks to queue
[2026-06-06T20:17:11.098+0000] {logging_mixin.py:190} INFO - [2026-06-06T20:17:11.097+0000] {dagbag.py:588} INFO - Filling up the DagBag from /home/airflow/.local/lib/python3.12/site-packages/airflow/example_dags/example_bash_decorator.py
[2026-06-06T20:17:11.126+0000] {processor.py:925} INFO - DAG(s) 'example_bash_decorator' retrieved from /home/airflow/.local/lib/python3.12/site-packages/airflow/example_dags/example_bash_decorator.py
[2026-06-06T20:17:11.171+0000] {logging_mixin.py:190} INFO - [2026-06-06T20:17:11.171+0000] {dag.py:3239} INFO - Sync 1 DAGs
[2026-06-06T20:17:11.193+0000] {logging_mixin.py:190} INFO - [2026-06-06T20:17:11.193+0000] {dag.py:4180} INFO - Setting next_dagrun for example_bash_decorator to None, run_after=None
[2026-06-06T20:17:11.228+0000] {processor.py:208} INFO - Processing /home/airflow/.local/lib/python3.12/site-packages/airflow/example_dags/example_bash_decorator.py took 0.146 seconds
[2026-06-06T20:17:47.219+0000] {processor.py:186} INFO - Started process (PID=499) to work on /home/airflow/.local/lib/python3.12/site-packages/airflow/example_dags/example_bash_decorator.py
[2026-06-06T20:17:47.222+0000] {processor.py:914} INFO - Processing file /home/airflow/.local/lib/python3.12/site-packages/airflow/example_dags/example_bash_decorator.py for tasks to queue
[2026-06-06T20:17:47.230+0000] {logging_mixin.py:190} INFO - [2026-06-06T20:17:47.229+0000] {dagbag.py:588} INFO - Filling up the DagBag from /home/airflow/.local/lib/python3.12/site-packages/airflow/example_dags/example_bash_decorator.py
[2026-06-06T20:17:47.258+0000] {processor.py:925} INFO - DAG(s) 'example_bash_decorator' retrieved from /home/airflow/.local/lib/python3.12/site-packages/airflow/example_dags/example_bash_decorator.py
[2026-06-06T20:17:47.316+0000] {logging_mixin.py:190} INFO - [2026-06-06T20:17:47.315+0000] {dag.py:3239} INFO - Sync 1 DAGs
[2026-06-06T20:17:47.342+0000] {logging_mixin.py:190} INFO - [2026-06-06T20:17:47.341+0000] {dag.py:4180} INFO - Setting next_dagrun for example_bash_decorator to None, run_after=None
[2026-06-06T20:17:47.376+0000] {processor.py:208} INFO - Processing /home/airflow/.local/lib/python3.12/site-packages/airflow/example_dags/example_bash_decorator.py took 0.169 seconds
[2026-06-06T20:18:19.827+0000] {processor.py:186} INFO - Started process (PID=566) to work on /home/airflow/.local/lib/python3.12/site-packages/airflow/example_dags/example_bash_decorator.py
[2026-06-06T20:18:19.830+0000] {processor.py:914} INFO - Processing file /home/airflow/.local/lib/python3.12/site-packages/airflow/example_dags/example_bash_decorator.py for tasks to queue
[2026-06-06T20:18:19.837+0000] {logging_mixin.py:190} INFO - [2026-06-06T20:18:19.836+0000] {dagbag.py:588} INFO - Filling up the DagBag from /home/airflow/.local/lib/python3.12/site-packages/airflow/example_dags/example_bash_decorator.py
[2026-06-06T20:18:19.875+0000] {processor.py:925} INFO - DAG(s) 'example_bash_decorator' retrieved from /home/airflow/.local/lib/python3.12/site-packages/airflow/example_dags/example_bash_decorator.py
[2026-06-06T20:18:19.936+0000] {logging_mixin.py:190} INFO - [2026-06-06T20:18:19.936+0000] {dag.py:3239} INFO - Sync 1 DAGs
[2026-06-06T20:18:19.974+0000] {logging_mixin.py:190} INFO - [2026-06-06T20:18:19.973+0000] {dag.py:4180} INFO - Setting next_dagrun for example_bash_decorator to None, run_after=None
[2026-06-06T20:18:20.027+0000] {processor.py:208} INFO - Processing /home/airflow/.local/lib/python3.12/site-packages/airflow/example_dags/example_bash_decorator.py took 0.213 seconds
[2026-06-06T20:18:50.910+0000] {processor.py:186} INFO - Started process (PID=628) to work on /home/airflow/.local/lib/python3.12/site-packages/airflow/example_dags/example_bash_decorator.py
[2026-06-06T20:18:50.913+0000] {processor.py:914} INFO - Processing file /home/airflow/.local/lib/python3.12/site-packages/airflow/example_dags/example_bash_decorator.py for tasks to queue
[2026-06-06T20:18:50.918+0000] {logging_mixin.py:190} INFO - [2026-06-06T20:18:50.918+0000] {dagbag.py:588} INFO - Filling up the DagBag from /home/airflow/.local/lib/python3.12/site-packages/airflow/example_dags/example_bash_decorator.py
[2026-06-06T20:18:50.966+0000] {processor.py:925} INFO - DAG(s) 'example_bash_decorator' retrieved from /home/airflow/.local/lib/python3.12/site-packages/airflow/example_dags/example_bash_decorator.py
[2026-06-06T20:18:51.048+0000] {logging_mixin.py:190} INFO - [2026-06-06T20:18:51.047+0000] {dag.py:3239} INFO - Sync 1 DAGs
[2026-06-06T20:18:51.098+0000] {logging_mixin.py:190} INFO - [2026-06-06T20:18:51.098+0000] {dag.py:4180} INFO - Setting next_dagrun for example_bash_decorator to None, run_after=None
[2026-06-06T20:18:51.164+0000] {processor.py:208} INFO - Processing /home/airflow/.local/lib/python3.12/site-packages/airflow/example_dags/example_bash_decorator.py took 0.273 seconds
[2026-06-06T20:19:32.620+0000] {processor.py:186} INFO - Started process (PID=690) to work on /home/airflow/.local/lib/python3.12/site-packages/airflow/example_dags/example_bash_decorator.py
[2026-06-06T20:19:32.626+0000] {processor.py:914} INFO - Processing file /home/airflow/.local/lib/python3.12/site-packages/airflow/example_dags/example_bash_decorator.py for tasks to queue
[2026-06-06T20:19:32.639+0000] {logging_mixin.py:190} INFO - [2026-06-06T20:19:32.638+0000] {dagbag.py:588} INFO - Filling up the DagBag from /home/airflow/.local/lib/python3.12/site-packages/airflow/example_dags/example_bash_decorator.py
[2026-06-06T20:19:32.687+0000] {processor.py:925} INFO - DAG(s) 'example_bash_decorator' retrieved from /home/airflow/.local/lib/python3.12/site-packages/airflow/example_dags/example_bash_decorator.py
[2026-06-06T20:19:32.826+0000] {logging_mixin.py:190} INFO - [2026-06-06T20:19:32.825+0000] {dag.py:3239} INFO - Sync 1 DAGs
[2026-06-06T20:19:32.864+0000] {logging_mixin.py:190} INFO - [2026-06-06T20:19:32.864+0000] {dag.py:4180} INFO - Setting next_dagrun for example_bash_decorator to None, run_after=None
[2026-06-06T20:19:32.957+0000] {processor.py:208} INFO - Processing /home/airflow/.local/lib/python3.12/site-packages/airflow/example_dags/example_bash_decorator.py took 0.352 seconds
[2026-06-06T20:20:03.375+0000] {processor.py:186} INFO - Started process (PID=752) to work on /home/airflow/.local/lib/python3.12/site-packages/airflow/example_dags/example_bash_decorator.py
[2026-06-06T20:20:03.377+0000] {processor.py:914} INFO - Processing file /home/airflow/.local/lib/python3.12/site-packages/airflow/example_dags/example_bash_decorator.py for tasks to queue
[2026-06-06T20:20:03.381+0000] {logging_mixin.py:190} INFO - [2026-06-06T20:20:03.381+0000] {dagbag.py:588} INFO - Filling up the DagBag from /home/airflow/.local/lib/python3.12/site-packages/airflow/example_dags/example_bash_decorator.py
[2026-06-06T20:20:03.408+0000] {processor.py:925} INFO - DAG(s) 'example_bash_decorator' retrieved from /home/airflow/.local/lib/python3.12/site-packages/airflow/example_dags/example_bash_decorator.py
[2026-06-06T20:20:03.465+0000] {logging_mixin.py:190} INFO - [2026-06-06T20:20:03.465+0000] {dag.py:3239} INFO - Sync 1 DAGs
[2026-06-06T20:20:03.491+0000] {logging_mixin.py:190} INFO - [2026-06-06T20:20:03.490+0000] {dag.py:4180} INFO - Setting next_dagrun for example_bash_decorator to None, run_after=None
[2026-06-06T20:20:03.526+0000] {processor.py:208} INFO - Processing /home/airflow/.local/lib/python3.12/site-packages/airflow/example_dags/example_bash_decorator.py took 0.161 seconds
[2026-06-06T20:20:40.377+0000] {processor.py:186} INFO - Started process (PID=808) to work on /home/airflow/.local/lib/python3.12/site-packages/airflow/example_dags/example_bash_decorator.py
[2026-06-06T20:20:40.380+0000] {processor.py:914} INFO - Processing file /home/airflow/.local/lib/python3.12/site-packages/airflow/example_dags/example_bash_decorator.py for tasks to queue
[2026-06-06T20:20:40.385+0000] {logging_mixin.py:190} INFO - [2026-06-06T20:20:40.384+0000] {dagbag.py:588} INFO - Filling up the DagBag from /home/airflow/.local/lib/python3.12/site-packages/airflow/example_dags/example_bash_decorator.py
[2026-06-06T20:20:40.419+0000] {processor.py:925} INFO - DAG(s) 'example_bash_decorator' retrieved from /home/airflow/.local/lib/python3.12/site-packages/airflow/example_dags/example_bash_decorator.py
[2026-06-06T20:20:40.481+0000] {logging_mixin.py:190} INFO - [2026-06-06T20:20:40.481+0000] {dag.py:3239} INFO - Sync 1 DAGs
[2026-06-06T20:20:40.513+0000] {logging_mixin.py:190} INFO - [2026-06-06T20:20:40.513+0000] {dag.py:4180} INFO - Setting next_dagrun for example_bash_decorator to None, run_after=None
[2026-06-06T20:20:40.552+0000] {processor.py:208} INFO - Processing /home/airflow/.local/lib/python3.12/site-packages/airflow/example_dags/example_bash_decorator.py took 0.188 seconds
[2026-06-06T20:21:16.168+0000] {processor.py:186} INFO - Started process (PID=869) to work on /home/airflow/.local/lib/python3.12/site-packages/airflow/example_dags/example_bash_decorator.py
[2026-06-06T20:21:16.170+0000] {processor.py:914} INFO - Processing file /home/airflow/.local/lib/python3.12/site-packages/airflow/example_dags/example_bash_decorator.py for tasks to queue
[2026-06-06T20:21:16.178+0000] {logging_mixin.py:190} INFO - [2026-06-06T20:21:16.177+0000] {dagbag.py:588} INFO - Filling up the DagBag from /home/airflow/.local/lib/python3.12/site-packages/airflow/example_dags/example_bash_decorator.py
[2026-06-06T20:21:16.215+0000] {processor.py:925} INFO - DAG(s) 'example_bash_decorator' retrieved from /home/airflow/.local/lib/python3.12/site-packages/airflow/example_dags/example_bash_decorator.py
[2026-06-06T20:21:16.282+0000] {logging_mixin.py:190} INFO - [2026-06-06T20:21:16.281+0000] {dag.py:3239} INFO - Sync 1 DAGs
[2026-06-06T20:21:16.316+0000] {logging_mixin.py:190} INFO - [2026-06-06T20:21:16.315+0000] {dag.py:4180} INFO - Setting next_dagrun for example_bash_decorator to None, run_after=None
[2026-06-06T20:21:16.358+0000] {processor.py:208} INFO - Processing /home/airflow/.local/lib/python3.12/site-packages/airflow/example_dags/example_bash_decorator.py took 0.205 seconds
[2026-06-06T20:21:48.446+0000] {processor.py:186} INFO - Started process (PID=927) to work on /home/airflow/.local/lib/python3.12/site-packages/airflow/example_dags/example_bash_decorator.py
[2026-06-06T20:21:48.448+0000] {processor.py:914} INFO - Processing file /home/airflow/.local/lib/python3.12/site-packages/airflow/example_dags/example_bash_decorator.py for tasks to queue
[2026-06-06T20:21:48.454+0000] {logging_mixin.py:190} INFO - [2026-06-06T20:21:48.453+0000] {dagbag.py:588} INFO - Filling up the DagBag from /home/airflow/.local/lib/python3.12/site-packages/airflow/example_dags/example_bash_decorator.py
[2026-06-06T20:21:48.495+0000] {processor.py:925} INFO - DAG(s) 'example_bash_decorator' retrieved from /home/airflow/.local/lib/python3.12/site-packages/airflow/example_dags/example_bash_decorator.py
[2026-06-06T20:21:48.569+0000] {logging_mixin.py:190} INFO - [2026-06-06T20:21:48.568+0000] {dag.py:3239} INFO - Sync 1 DAGs
[2026-06-06T20:21:48.606+0000] {logging_mixin.py:190} INFO - [2026-06-06T20:21:48.605+0000] {dag.py:4180} INFO - Setting next_dagrun for example_bash_decorator to None, run_after=None
[2026-06-06T20:21:48.649+0000] {processor.py:208} INFO - Processing /home/airflow/.local/lib/python3.12/site-packages/airflow/example_dags/example_bash_decorator.py took 0.218 seconds
[2026-06-06T20:22:26.895+0000] {processor.py:186} INFO - Started process (PID=988) to work on /home/airflow/.local/lib/python3.12/site-packages/airflow/example_dags/example_bash_decorator.py
[2026-06-06T20:22:26.897+0000] {processor.py:914} INFO - Processing file /home/airflow/.local/lib/python3.12/site-packages/airflow/example_dags/example_bash_decorator.py for tasks to queue
[2026-06-06T20:22:26.903+0000] {logging_mixin.py:190} INFO - [2026-06-06T20:22:26.902+0000] {dagbag.py:588} INFO - Filling up the DagBag from /home/airflow/.local/lib/python3.12/site-packages/airflow/example_dags/example_bash_decorator.py
[2026-06-06T20:22:26.934+0000] {processor.py:925} INFO - DAG(s) 'example_bash_decorator' retrieved from /home/airflow/.local/lib/python3.12/site-packages/airflow/example_dags/example_bash_decorator.py
[2026-06-06T20:22:27.017+0000] {logging_mixin.py:190} INFO - [2026-06-06T20:22:27.014+0000] {dag.py:3239} INFO - Sync 1 DAGs
[2026-06-06T20:22:27.054+0000] {logging_mixin.py:190} INFO - [2026-06-06T20:22:27.054+0000] {dag.py:4180} INFO - Setting next_dagrun for example_bash_decorator to None, run_after=None
[2026-06-06T20:22:27.117+0000] {processor.py:208} INFO - Processing /home/airflow/.local/lib/python3.12/site-packages/airflow/example_dags/example_bash_decorator.py took 0.233 seconds
[2026-06-06T20:23:00.494+0000] {processor.py:186} INFO - Started process (PID=1049) to work on /home/airflow/.local/lib/python3.12/site-packages/airflow/example_dags/example_bash_decorator.py
[2026-06-06T20:23:00.496+0000] {processor.py:914} INFO - Processing file /home/airflow/.local/lib/python3.12/site-packages/airflow/example_dags/example_bash_decorator.py for tasks to queue
[2026-06-06T20:23:00.502+0000] {logging_mixin.py:190} INFO - [2026-06-06T20:23:00.501+0000] {dagbag.py:588} INFO - Filling up the DagBag from /home/airflow/.local/lib/python3.12/site-packages/airflow/example_dags/example_bash_decorator.py
[2026-06-06T20:23:00.528+0000] {processor.py:925} INFO - DAG(s) 'example_bash_decorator' retrieved from /home/airflow/.local/lib/python3.12/site-packages/airflow/example_dags/example_bash_decorator.py
[2026-06-06T20:23:00.587+0000] {logging_mixin.py:190} INFO - [2026-06-06T20:23:00.587+0000] {dag.py:3239} INFO - Sync 1 DAGs
[2026-06-06T20:23:00.613+0000] {logging_mixin.py:190} INFO - [2026-06-06T20:23:00.613+0000] {dag.py:4180} INFO - Setting next_dagrun for example_bash_decorator to None, run_after=None
[2026-06-06T20:23:00.648+0000] {processor.py:208} INFO - Processing /home/airflow/.local/lib/python3.12/site-packages/airflow/example_dags/example_bash_decorator.py took 0.164 seconds
[2026-06-06T20:23:30.876+0000] {processor.py:186} INFO - Started process (PID=1094) to work on /home/airflow/.local/lib/python3.12/site-packages/airflow/example_dags/example_bash_decorator.py
[2026-06-06T20:23:30.880+0000] {processor.py:914} INFO - Processing file /home/airflow/.local/lib/python3.12/site-packages/airflow/example_dags/example_bash_decorator.py for tasks to queue
[2026-06-06T20:23:30.891+0000] {logging_mixin.py:190} INFO - [2026-06-06T20:23:30.890+0000] {dagbag.py:588} INFO - Filling up the DagBag from /home/airflow/.local/lib/python3.12/site-packages/airflow/example_dags/example_bash_decorator.py
[2026-06-06T20:23:30.964+0000] {processor.py:925} INFO - DAG(s) 'example_bash_decorator' retrieved from /home/airflow/.local/lib/python3.12/site-packages/airflow/example_dags/example_bash_decorator.py
[2026-06-06T20:23:31.056+0000] {logging_mixin.py:190} INFO - [2026-06-06T20:23:31.055+0000] {dag.py:3239} INFO - Sync 1 DAGs
[2026-06-06T20:23:31.094+0000] {logging_mixin.py:190} INFO - [2026-06-06T20:23:31.094+0000] {dag.py:4180} INFO - Setting next_dagrun for example_bash_decorator to None, run_after=None
[2026-06-06T20:23:31.147+0000] {processor.py:208} INFO - Processing /home/airflow/.local/lib/python3.12/site-packages/airflow/example_dags/example_bash_decorator.py took 0.287 seconds
[2026-06-06T20:24:04.866+0000] {processor.py:186} INFO - Started process (PID=1151) to work on /home/airflow/.local/lib/python3.12/site-packages/airflow/example_dags/example_bash_decorator.py
[2026-06-06T20:24:04.869+0000] {processor.py:914} INFO - Processing file /home/airflow/.local/lib/python3.12/site-packages/airflow/example_dags/example_bash_decorator.py for tasks to queue
[2026-06-06T20:24:04.874+0000] {logging_mixin.py:190} INFO - [2026-06-06T20:24:04.874+0000] {dagbag.py:588} INFO - Filling up the DagBag from /home/airflow/.local/lib/python3.12/site-packages/airflow/example_dags/example_bash_decorator.py
[2026-06-06T20:24:04.913+0000] {processor.py:925} INFO - DAG(s) 'example_bash_decorator' retrieved from /home/airflow/.local/lib/python3.12/site-packages/airflow/example_dags/example_bash_decorator.py
[2026-06-06T20:24:05.006+0000] {logging_mixin.py:190} INFO - [2026-06-06T20:24:05.006+0000] {dag.py:3239} INFO - Sync 1 DAGs
[2026-06-06T20:24:05.046+0000] {logging_mixin.py:190} INFO - [2026-06-06T20:24:05.044+0000] {dag.py:4180} INFO - Setting next_dagrun for example_bash_decorator to None, run_after=None
[2026-06-06T20:24:05.099+0000] {processor.py:208} INFO - Processing /home/airflow/.local/lib/python3.12/site-packages/airflow/example_dags/example_bash_decorator.py took 0.247 seconds
[2026-06-06T20:24:39.647+0000] {processor.py:186} INFO - Started process (PID=1212) to work on /home/airflow/.local/lib/python3.12/site-packages/airflow/example_dags/example_bash_decorator.py
[2026-06-06T20:24:39.650+0000] {processor.py:914} INFO - Processing file /home/airflow/.local/lib/python3.12/site-packages/airflow/example_dags/example_bash_decorator.py for tasks to queue
[2026-06-06T20:24:39.661+0000] {logging_mixin.py:190} INFO - [2026-06-06T20:24:39.660+0000] {dagbag.py:588} INFO - Filling up the DagBag from /home/airflow/.local/lib/python3.12/site-packages/airflow/example_dags/example_bash_decorator.py
[2026-06-06T20:24:39.726+0000] {processor.py:925} INFO - DAG(s) 'example_bash_decorator' retrieved from /home/airflow/.local/lib/python3.12/site-packages/airflow/example_dags/example_bash_decorator.py
[2026-06-06T20:24:39.827+0000] {logging_mixin.py:190} INFO - [2026-06-06T20:24:39.826+0000] {dag.py:3239} INFO - Sync 1 DAGs
[2026-06-06T20:24:39.880+0000] {logging_mixin.py:190} INFO - [2026-06-06T20:24:39.879+0000] {dag.py:4180} INFO - Setting next_dagrun for example_bash_decorator to None, run_after=None
[2026-06-06T20:24:39.938+0000] {processor.py:208} INFO - Processing /home/airflow/.local/lib/python3.12/site-packages/airflow/example_dags/example_bash_decorator.py took 0.303 seconds
[2026-06-06T20:25:17.434+0000] {processor.py:186} INFO - Started process (PID=1275) to work on /home/airflow/.local/lib/python3.12/site-packages/airflow/example_dags/example_bash_decorator.py
[2026-06-06T20:25:17.438+0000] {processor.py:914} INFO - Processing file /home/airflow/.local/lib/python3.12/site-packages/airflow/example_dags/example_bash_decorator.py for tasks to queue
[2026-06-06T20:25:17.454+0000] {logging_mixin.py:190} INFO - [2026-06-06T20:25:17.451+0000] {dagbag.py:588} INFO - Filling up the DagBag from /home/airflow/.local/lib/python3.12/site-packages/airflow/example_dags/example_bash_decorator.py
[2026-06-06T20:25:17.538+0000] {processor.py:925} INFO - DAG(s) 'example_bash_decorator' retrieved from /home/airflow/.local/lib/python3.12/site-packages/airflow/example_dags/example_bash_decorator.py
[2026-06-06T20:25:17.648+0000] {logging_mixin.py:190} INFO - [2026-06-06T20:25:17.648+0000] {dag.py:3239} INFO - Sync 1 DAGs
[2026-06-06T20:25:17.708+0000] {logging_mixin.py:190} INFO - [2026-06-06T20:25:17.707+0000] {dag.py:4180} INFO - Setting next_dagrun for example_bash_decorator to None, run_after=None
[2026-06-06T20:25:17.781+0000] {processor.py:208} INFO - Processing /home/airflow/.local/lib/python3.12/site-packages/airflow/example_dags/example_bash_decorator.py took 0.371 seconds
[2026-06-06T20:25:48.642+0000] {processor.py:186} INFO - Started process (PID=1336) to work on /home/airflow/.local/lib/python3.12/site-packages/airflow/example_dags/example_bash_decorator.py
[2026-06-06T20:25:48.645+0000] {processor.py:914} INFO - Processing file /home/airflow/.local/lib/python3.12/site-packages/airflow/example_dags/example_bash_decorator.py for tasks to queue
[2026-06-06T20:25:48.651+0000] {logging_mixin.py:190} INFO - [2026-06-06T20:25:48.650+0000] {dagbag.py:588} INFO - Filling up the DagBag from /home/airflow/.local/lib/python3.12/site-packages/airflow/example_dags/example_bash_decorator.py
[2026-06-06T20:25:48.687+0000] {processor.py:925} INFO - DAG(s) 'example_bash_decorator' retrieved from /home/airflow/.local/lib/python3.12/site-packages/airflow/example_dags/example_bash_decorator.py
[2026-06-06T20:25:48.758+0000] {logging_mixin.py:190} INFO - [2026-06-06T20:25:48.757+0000] {dag.py:3239} INFO - Sync 1 DAGs
[2026-06-06T20:25:48.792+0000] {logging_mixin.py:190} INFO - [2026-06-06T20:25:48.792+0000] {dag.py:4180} INFO - Setting next_dagrun for example_bash_decorator to None, run_after=None
[2026-06-06T20:25:48.830+0000] {processor.py:208} INFO - Processing /home/airflow/.local/lib/python3.12/site-packages/airflow/example_dags/example_bash_decorator.py took 0.202 seconds
[2026-06-06T20:26:19.071+0000] {processor.py:186} INFO - Started process (PID=1384) to work on /home/airflow/.local/lib/python3.12/site-packages/airflow/example_dags/example_bash_decorator.py
[2026-06-06T20:26:19.073+0000] {processor.py:914} INFO - Processing file /home/airflow/.local/lib/python3.12/site-packages/airflow/example_dags/example_bash_decorator.py for tasks to queue
[2026-06-06T20:26:19.081+0000] {logging_mixin.py:190} INFO - [2026-06-06T20:26:19.080+0000] {dagbag.py:588} INFO - Filling up the DagBag from /home/airflow/.local/lib/python3.12/site-packages/airflow/example_dags/example_bash_decorator.py
[2026-06-06T20:26:19.124+0000] {processor.py:925} INFO - DAG(s) 'example_bash_decorator' retrieved from /home/airflow/.local/lib/python3.12/site-packages/airflow/example_dags/example_bash_decorator.py
[2026-06-06T20:26:19.197+0000] {logging_mixin.py:190} INFO - [2026-06-06T20:26:19.197+0000] {dag.py:3239} INFO - Sync 1 DAGs
[2026-06-06T20:26:19.254+0000] {logging_mixin.py:190} INFO - [2026-06-06T20:26:19.253+0000] {dag.py:4180} INFO - Setting next_dagrun for example_bash_decorator to None, run_after=None
[2026-06-06T20:26:19.319+0000] {processor.py:208} INFO - Processing /home/airflow/.local/lib/python3.12/site-packages/airflow/example_dags/example_bash_decorator.py took 0.261 seconds
[2026-06-06T20:26:50.286+0000] {processor.py:186} INFO - Started process (PID=1440) to work on /home/airflow/.local/lib/python3.12/site-packages/airflow/example_dags/example_bash_decorator.py
[2026-06-06T20:26:50.288+0000] {processor.py:914} INFO - Processing file /home/airflow/.local/lib/python3.12/site-packages/airflow/example_dags/example_bash_decorator.py for tasks to queue
[2026-06-06T20:26:50.293+0000] {logging_mixin.py:190} INFO - [2026-06-06T20:26:50.293+0000] {dagbag.py:588} INFO - Filling up the DagBag from /home/airflow/.local/lib/python3.12/site-packages/airflow/example_dags/example_bash_decorator.py
[2026-06-06T20:26:50.331+0000] {processor.py:925} INFO - DAG(s) 'example_bash_decorator' retrieved from /home/airflow/.local/lib/python3.12/site-packages/airflow/example_dags/example_bash_decorator.py
[2026-06-06T20:26:50.406+0000] {logging_mixin.py:190} INFO - [2026-06-06T20:26:50.406+0000] {dag.py:3239} INFO - Sync 1 DAGs
[2026-06-06T20:26:50.442+0000] {logging_mixin.py:190} INFO - [2026-06-06T20:26:50.440+0000] {dag.py:4180} INFO - Setting next_dagrun for example_bash_decorator to None, run_after=None
[2026-06-06T20:26:50.489+0000] {processor.py:208} INFO - Processing /home/airflow/.local/lib/python3.12/site-packages/airflow/example_dags/example_bash_decorator.py took 0.214 seconds
[2026-06-06T20:27:23.001+0000] {processor.py:186} INFO - Started process (PID=1510) to work on /home/airflow/.local/lib/python3.12/site-packages/airflow/example_dags/example_bash_decorator.py
[2026-06-06T20:27:23.004+0000] {processor.py:914} INFO - Processing file /home/airflow/.local/lib/python3.12/site-packages/airflow/example_dags/example_bash_decorator.py for tasks to queue
[2026-06-06T20:27:23.014+0000] {logging_mixin.py:190} INFO - [2026-06-06T20:27:23.013+0000] {dagbag.py:588} INFO - Filling up the DagBag from /home/airflow/.local/lib/python3.12/site-packages/airflow/example_dags/example_bash_decorator.py
[2026-06-06T20:27:23.067+0000] {processor.py:925} INFO - DAG(s) 'example_bash_decorator' retrieved from /home/airflow/.local/lib/python3.12/site-packages/airflow/example_dags/example_bash_decorator.py
[2026-06-06T20:27:23.144+0000] {logging_mixin.py:190} INFO - [2026-06-06T20:27:23.144+0000] {dag.py:3239} INFO - Sync 1 DAGs
[2026-06-06T20:27:23.198+0000] {logging_mixin.py:190} INFO - [2026-06-06T20:27:23.198+0000] {dag.py:4180} INFO - Setting next_dagrun for example_bash_decorator to None, run_after=None
[2026-06-06T20:27:23.255+0000] {processor.py:208} INFO - Processing /home/airflow/.local/lib/python3.12/site-packages/airflow/example_dags/example_bash_decorator.py took 0.268 seconds
[2026-06-06T20:27:57.944+0000] {processor.py:186} INFO - Started process (PID=1570) to work on /home/airflow/.local/lib/python3.12/site-packages/airflow/example_dags/example_bash_decorator.py
[2026-06-06T20:27:57.947+0000] {processor.py:914} INFO - Processing file /home/airflow/.local/lib/python3.12/site-packages/airflow/example_dags/example_bash_decorator.py for tasks to queue
[2026-06-06T20:27:57.956+0000] {logging_mixin.py:190} INFO - [2026-06-06T20:27:57.955+0000] {dagbag.py:588} INFO - Filling up the DagBag from /home/airflow/.local/lib/python3.12/site-packages/airflow/example_dags/example_bash_decorator.py
[2026-06-06T20:27:57.997+0000] {processor.py:925} INFO - DAG(s) 'example_bash_decorator' retrieved from /home/airflow/.local/lib/python3.12/site-packages/airflow/example_dags/example_bash_decorator.py
[2026-06-06T20:27:58.074+0000] {logging_mixin.py:190} INFO - [2026-06-06T20:27:58.073+0000] {dag.py:3239} INFO - Sync 1 DAGs
[2026-06-06T20:27:58.116+0000] {logging_mixin.py:190} INFO - [2026-06-06T20:27:58.116+0000] {dag.py:4180} INFO - Setting next_dagrun for example_bash_decorator to None, run_after=None
[2026-06-06T20:27:58.164+0000] {processor.py:208} INFO - Processing /home/airflow/.local/lib/python3.12/site-packages/airflow/example_dags/example_bash_decorator.py took 0.234 seconds
[2026-06-06T20:28:28.838+0000] {processor.py:186} INFO - Started process (PID=1625) to work on /home/airflow/.local/lib/python3.12/site-packages/airflow/example_dags/example_bash_decorator.py
[2026-06-06T20:28:28.840+0000] {processor.py:914} INFO - Processing file /home/airflow/.local/lib/python3.12/site-packages/airflow/example_dags/example_bash_decorator.py for tasks to queue
[2026-06-06T20:28:28.848+0000] {logging_mixin.py:190} INFO - [2026-06-06T20:28:28.847+0000] {dagbag.py:588} INFO - Filling up the DagBag from /home/airflow/.local/lib/python3.12/site-packages/airflow/example_dags/example_bash_decorator.py
[2026-06-06T20:28:28.882+0000] {processor.py:925} INFO - DAG(s) 'example_bash_decorator' retrieved from /home/airflow/.local/lib/python3.12/site-packages/airflow/example_dags/example_bash_decorator.py
[2026-06-06T20:28:28.949+0000] {logging_mixin.py:190} INFO - [2026-06-06T20:28:28.949+0000] {dag.py:3239} INFO - Sync 1 DAGs
[2026-06-06T20:28:28.982+0000] {logging_mixin.py:190} INFO - [2026-06-06T20:28:28.981+0000] {dag.py:4180} INFO - Setting next_dagrun for example_bash_decorator to None, run_after=None
[2026-06-06T20:28:29.034+0000] {processor.py:208} INFO - Processing /home/airflow/.local/lib/python3.12/site-packages/airflow/example_dags/example_bash_decorator.py took 0.209 seconds
[2026-06-06T20:29:07.588+0000] {processor.py:186} INFO - Started process (PID=1675) to work on /home/airflow/.local/lib/python3.12/site-packages/airflow/example_dags/example_bash_decorator.py
[2026-06-06T20:29:07.591+0000] {processor.py:914} INFO - Processing file /home/airflow/.local/lib/python3.12/site-packages/airflow/example_dags/example_bash_decorator.py for tasks to queue
[2026-06-06T20:29:07.603+0000] {logging_mixin.py:190} INFO - [2026-06-06T20:29:07.603+0000] {dagbag.py:588} INFO - Filling up the DagBag from /home/airflow/.local/lib/python3.12/site-packages/airflow/example_dags/example_bash_decorator.py
[2026-06-06T20:29:07.649+0000] {processor.py:925} INFO - DAG(s) 'example_bash_decorator' retrieved from /home/airflow/.local/lib/python3.12/site-packages/airflow/example_dags/example_bash_decorator.py
[2026-06-06T20:29:07.718+0000] {logging_mixin.py:190} INFO - [2026-06-06T20:29:07.717+0000] {dag.py:3239} INFO - Sync 1 DAGs
[2026-06-06T20:29:07.768+0000] {logging_mixin.py:190} INFO - [2026-06-06T20:29:07.768+0000] {dag.py:4180} INFO - Setting next_dagrun for example_bash_decorator to None, run_after=None
[2026-06-06T20:29:07.822+0000] {processor.py:208} INFO - Processing /home/airflow/.local/lib/python3.12/site-packages/airflow/example_dags/example_bash_decorator.py took 0.249 seconds
[2026-06-06T20:29:39.730+0000] {processor.py:186} INFO - Started process (PID=1732) to work on /home/airflow/.local/lib/python3.12/site-packages/airflow/example_dags/example_bash_decorator.py
[2026-06-06T20:29:39.732+0000] {processor.py:914} INFO - Processing file /home/airflow/.local/lib/python3.12/site-packages/airflow/example_dags/example_bash_decorator.py for tasks to queue
[2026-06-06T20:29:39.740+0000] {logging_mixin.py:190} INFO - [2026-06-06T20:29:39.740+0000] {dagbag.py:588} INFO - Filling up the DagBag from /home/airflow/.local/lib/python3.12/site-packages/airflow/example_dags/example_bash_decorator.py
[2026-06-06T20:29:39.775+0000] {processor.py:925} INFO - DAG(s) 'example_bash_decorator' retrieved from /home/airflow/.local/lib/python3.12/site-packages/airflow/example_dags/example_bash_decorator.py
[2026-06-06T20:29:39.835+0000] {logging_mixin.py:190} INFO - [2026-06-06T20:29:39.834+0000] {dag.py:3239} INFO - Sync 1 DAGs
[2026-06-06T20:29:39.866+0000] {logging_mixin.py:190} INFO - [2026-06-06T20:29:39.866+0000] {dag.py:4180} INFO - Setting next_dagrun for example_bash_decorator to None, run_after=None
[2026-06-06T20:29:39.900+0000] {processor.py:208} INFO - Processing /home/airflow/.local/lib/python3.12/site-packages/airflow/example_dags/example_bash_decorator.py took 0.182 seconds
[2026-06-06T20:30:10.211+0000] {processor.py:186} INFO - Started process (PID=1780) to work on /home/airflow/.local/lib/python3.12/site-packages/airflow/example_dags/example_bash_decorator.py
[2026-06-06T20:30:10.213+0000] {processor.py:914} INFO - Processing file /home/airflow/.local/lib/python3.12/site-packages/airflow/example_dags/example_bash_decorator.py for tasks to queue
[2026-06-06T20:30:10.218+0000] {logging_mixin.py:190} INFO - [2026-06-06T20:30:10.217+0000] {dagbag.py:588} INFO - Filling up the DagBag from /home/airflow/.local/lib/python3.12/site-packages/airflow/example_dags/example_bash_decorator.py
[2026-06-06T20:30:10.248+0000] {processor.py:925} INFO - DAG(s) 'example_bash_decorator' retrieved from /home/airflow/.local/lib/python3.12/site-packages/airflow/example_dags/example_bash_decorator.py
[2026-06-06T20:30:10.296+0000] {logging_mixin.py:190} INFO - [2026-06-06T20:30:10.296+0000] {dag.py:3239} INFO - Sync 1 DAGs
[2026-06-06T20:30:10.328+0000] {logging_mixin.py:190} INFO - [2026-06-06T20:30:10.327+0000] {dag.py:4180} INFO - Setting next_dagrun for example_bash_decorator to None, run_after=None
[2026-06-06T20:30:10.358+0000] {processor.py:208} INFO - Processing /home/airflow/.local/lib/python3.12/site-packages/airflow/example_dags/example_bash_decorator.py took 0.156 seconds
[2026-06-06T20:30:42.158+0000] {processor.py:186} INFO - Started process (PID=1839) to work on /home/airflow/.local/lib/python3.12/site-packages/airflow/example_dags/example_bash_decorator.py
[2026-06-06T20:30:42.160+0000] {processor.py:914} INFO - Processing file /home/airflow/.local/lib/python3.12/site-packages/airflow/example_dags/example_bash_decorator.py for tasks to queue
[2026-06-06T20:30:42.166+0000] {logging_mixin.py:190} INFO - [2026-06-06T20:30:42.165+0000] {dagbag.py:588} INFO - Filling up the DagBag from /home/airflow/.local/lib/python3.12/site-packages/airflow/example_dags/example_bash_decorator.py
[2026-06-06T20:30:42.211+0000] {processor.py:925} INFO - DAG(s) 'example_bash_decorator' retrieved from /home/airflow/.local/lib/python3.12/site-packages/airflow/example_dags/example_bash_decorator.py
[2026-06-06T20:30:42.281+0000] {logging_mixin.py:190} INFO - [2026-06-06T20:30:42.280+0000] {dag.py:3239} INFO - Sync 1 DAGs
[2026-06-06T20:30:42.314+0000] {logging_mixin.py:190} INFO - [2026-06-06T20:30:42.314+0000] {dag.py:4180} INFO - Setting next_dagrun for example_bash_decorator to None, run_after=None
[2026-06-06T20:30:42.373+0000] {processor.py:208} INFO - Processing /home/airflow/.local/lib/python3.12/site-packages/airflow/example_dags/example_bash_decorator.py took 0.226 seconds
[2026-06-06T20:31:20.529+0000] {processor.py:186} INFO - Started process (PID=1900) to work on /home/airflow/.local/lib/python3.12/site-packages/airflow/example_dags/example_bash_decorator.py
[2026-06-06T20:31:20.532+0000] {processor.py:914} INFO - Processing file /home/airflow/.local/lib/python3.12/site-packages/airflow/example_dags/example_bash_decorator.py for tasks to queue
[2026-06-06T20:31:20.538+0000] {logging_mixin.py:190} INFO - [2026-06-06T20:31:20.538+0000] {dagbag.py:588} INFO - Filling up the DagBag from /home/airflow/.local/lib/python3.12/site-packages/airflow/example_dags/example_bash_decorator.py
[2026-06-06T20:31:20.624+0000] {processor.py:925} INFO - DAG(s) 'example_bash_decorator' retrieved from /home/airflow/.local/lib/python3.12/site-packages/airflow/example_dags/example_bash_decorator.py
[2026-06-06T20:31:20.717+0000] {logging_mixin.py:190} INFO - [2026-06-06T20:31:20.716+0000] {dag.py:3239} INFO - Sync 1 DAGs
[2026-06-06T20:31:20.796+0000] {logging_mixin.py:190} INFO - [2026-06-06T20:31:20.796+0000] {dag.py:4180} INFO - Setting next_dagrun for example_bash_decorator to None, run_after=None
[2026-06-06T20:31:20.896+0000] {processor.py:208} INFO - Processing /home/airflow/.local/lib/python3.12/site-packages/airflow/example_dags/example_bash_decorator.py took 0.384 seconds
[2026-06-06T20:32:02.278+0000] {processor.py:186} INFO - Started process (PID=1967) to work on /home/airflow/.local/lib/python3.12/site-packages/airflow/example_dags/example_bash_decorator.py
[2026-06-06T20:32:02.282+0000] {processor.py:914} INFO - Processing file /home/airflow/.local/lib/python3.12/site-packages/airflow/example_dags/example_bash_decorator.py for tasks to queue
[2026-06-06T20:32:02.290+0000] {logging_mixin.py:190} INFO - [2026-06-06T20:32:02.289+0000] {dagbag.py:588} INFO - Filling up the DagBag from /home/airflow/.local/lib/python3.12/site-packages/airflow/example_dags/example_bash_decorator.py
[2026-06-06T20:32:02.325+0000] {processor.py:925} INFO - DAG(s) 'example_bash_decorator' retrieved from /home/airflow/.local/lib/python3.12/site-packages/airflow/example_dags/example_bash_decorator.py
[2026-06-06T20:32:02.388+0000] {logging_mixin.py:190} INFO - [2026-06-06T20:32:02.388+0000] {dag.py:3239} INFO - Sync 1 DAGs
[2026-06-06T20:32:02.419+0000] {logging_mixin.py:190} INFO - [2026-06-06T20:32:02.419+0000] {dag.py:4180} INFO - Setting next_dagrun for example_bash_decorator to None, run_after=None
[2026-06-06T20:32:02.485+0000] {processor.py:208} INFO - Processing /home/airflow/.local/lib/python3.12/site-packages/airflow/example_dags/example_bash_decorator.py took 0.226 seconds
[2026-06-06T20:32:41.688+0000] {processor.py:186} INFO - Started process (PID=2029) to work on /home/airflow/.local/lib/python3.12/site-packages/airflow/example_dags/example_bash_decorator.py
[2026-06-06T20:32:41.693+0000] {processor.py:914} INFO - Processing file /home/airflow/.local/lib/python3.12/site-packages/airflow/example_dags/example_bash_decorator.py for tasks to queue
[2026-06-06T20:32:41.700+0000] {logging_mixin.py:190} INFO - [2026-06-06T20:32:41.700+0000] {dagbag.py:588} INFO - Filling up the DagBag from /home/airflow/.local/lib/python3.12/site-packages/airflow/example_dags/example_bash_decorator.py
[2026-06-06T20:32:41.730+0000] {processor.py:925} INFO - DAG(s) 'example_bash_decorator' retrieved from /home/airflow/.local/lib/python3.12/site-packages/airflow/example_dags/example_bash_decorator.py
[2026-06-06T20:32:41.797+0000] {logging_mixin.py:190} INFO - [2026-06-06T20:32:41.797+0000] {dag.py:3239} INFO - Sync 1 DAGs
[2026-06-06T20:32:41.838+0000] {logging_mixin.py:190} INFO - [2026-06-06T20:32:41.837+0000] {dag.py:4180} INFO - Setting next_dagrun for example_bash_decorator to None, run_after=None
[2026-06-06T20:32:41.894+0000] {processor.py:208} INFO - Processing /home/airflow/.local/lib/python3.12/site-packages/airflow/example_dags/example_bash_decorator.py took 0.217 seconds
[2026-06-06T20:33:12.536+0000] {processor.py:186} INFO - Started process (PID=2092) to work on /home/airflow/.local/lib/python3.12/site-packages/airflow/example_dags/example_bash_decorator.py
[2026-06-06T20:33:12.538+0000] {processor.py:914} INFO - Processing file /home/airflow/.local/lib/python3.12/site-packages/airflow/example_dags/example_bash_decorator.py for tasks to queue
[2026-06-06T20:33:12.545+0000] {logging_mixin.py:190} INFO - [2026-06-06T20:33:12.544+0000] {dagbag.py:588} INFO - Filling up the DagBag from /home/airflow/.local/lib/python3.12/site-packages/airflow/example_dags/example_bash_decorator.py
[2026-06-06T20:33:12.584+0000] {processor.py:925} INFO - DAG(s) 'example_bash_decorator' retrieved from /home/airflow/.local/lib/python3.12/site-packages/airflow/example_dags/example_bash_decorator.py
[2026-06-06T20:33:12.645+0000] {logging_mixin.py:190} INFO - [2026-06-06T20:33:12.644+0000] {dag.py:3239} INFO - Sync 1 DAGs
[2026-06-06T20:33:12.681+0000] {logging_mixin.py:190} INFO - [2026-06-06T20:33:12.681+0000] {dag.py:4180} INFO - Setting next_dagrun for example_bash_decorator to None, run_after=None
[2026-06-06T20:33:12.723+0000] {processor.py:208} INFO - Processing /home/airflow/.local/lib/python3.12/site-packages/airflow/example_dags/example_bash_decorator.py took 0.202 seconds
[2026-06-06T20:33:54.780+0000] {processor.py:186} INFO - Started process (PID=2153) to work on /home/airflow/.local/lib/python3.12/site-packages/airflow/example_dags/example_bash_decorator.py
[2026-06-06T20:33:54.784+0000] {processor.py:914} INFO - Processing file /home/airflow/.local/lib/python3.12/site-packages/airflow/example_dags/example_bash_decorator.py for tasks to queue
[2026-06-06T20:33:54.796+0000] {logging_mixin.py:190} INFO - [2026-06-06T20:33:54.796+0000] {dagbag.py:588} INFO - Filling up the DagBag from /home/airflow/.local/lib/python3.12/site-packages/airflow/example_dags/example_bash_decorator.py
[2026-06-06T20:33:54.848+0000] {processor.py:925} INFO - DAG(s) 'example_bash_decorator' retrieved from /home/airflow/.local/lib/python3.12/site-packages/airflow/example_dags/example_bash_decorator.py
[2026-06-06T20:33:54.921+0000] {logging_mixin.py:190} INFO - [2026-06-06T20:33:54.921+0000] {dag.py:3239} INFO - Sync 1 DAGs
[2026-06-06T20:33:54.951+0000] {logging_mixin.py:190} INFO - [2026-06-06T20:33:54.951+0000] {dag.py:4180} INFO - Setting next_dagrun for example_bash_decorator to None, run_after=None
[2026-06-06T20:33:54.989+0000] {processor.py:208} INFO - Processing /home/airflow/.local/lib/python3.12/site-packages/airflow/example_dags/example_bash_decorator.py took 0.228 seconds
[2026-06-06T20:34:25.674+0000] {processor.py:186} INFO - Started process (PID=2216) to work on /home/airflow/.local/lib/python3.12/site-packages/airflow/example_dags/example_bash_decorator.py
[2026-06-06T20:34:25.677+0000] {processor.py:914} INFO - Processing file /home/airflow/.local/lib/python3.12/site-packages/airflow/example_dags/example_bash_decorator.py for tasks to queue
[2026-06-06T20:34:25.681+0000] {logging_mixin.py:190} INFO - [2026-06-06T20:34:25.681+0000] {dagbag.py:588} INFO - Filling up the DagBag from /home/airflow/.local/lib/python3.12/site-packages/airflow/example_dags/example_bash_decorator.py
[2026-06-06T20:34:25.713+0000] {processor.py:925} INFO - DAG(s) 'example_bash_decorator' retrieved from /home/airflow/.local/lib/python3.12/site-packages/airflow/example_dags/example_bash_decorator.py
[2026-06-06T20:34:25.766+0000] {logging_mixin.py:190} INFO - [2026-06-06T20:34:25.765+0000] {dag.py:3239} INFO - Sync 1 DAGs
[2026-06-06T20:34:25.791+0000] {logging_mixin.py:190} INFO - [2026-06-06T20:34:25.790+0000] {dag.py:4180} INFO - Setting next_dagrun for example_bash_decorator to None, run_after=None
[2026-06-06T20:34:25.825+0000] {processor.py:208} INFO - Processing /home/airflow/.local/lib/python3.12/site-packages/airflow/example_dags/example_bash_decorator.py took 0.161 seconds
[2026-06-06T20:35:04.109+0000] {processor.py:186} INFO - Started process (PID=2278) to work on /home/airflow/.local/lib/python3.12/site-packages/airflow/example_dags/example_bash_decorator.py
[2026-06-06T20:35:04.112+0000] {processor.py:914} INFO - Processing file /home/airflow/.local/lib/python3.12/site-packages/airflow/example_dags/example_bash_decorator.py for tasks to queue
[2026-06-06T20:35:04.123+0000] {logging_mixin.py:190} INFO - [2026-06-06T20:35:04.122+0000] {dagbag.py:588} INFO - Filling up the DagBag from /home/airflow/.local/lib/python3.12/site-packages/airflow/example_dags/example_bash_decorator.py
[2026-06-06T20:35:04.157+0000] {processor.py:925} INFO - DAG(s) 'example_bash_decorator' retrieved from /home/airflow/.local/lib/python3.12/site-packages/airflow/example_dags/example_bash_decorator.py
[2026-06-06T20:35:04.225+0000] {logging_mixin.py:190} INFO - [2026-06-06T20:35:04.224+0000] {dag.py:3239} INFO - Sync 1 DAGs
[2026-06-06T20:35:04.258+0000] {logging_mixin.py:190} INFO - [2026-06-06T20:35:04.257+0000] {dag.py:4180} INFO - Setting next_dagrun for example_bash_decorator to None, run_after=None
[2026-06-06T20:35:04.297+0000] {processor.py:208} INFO - Processing /home/airflow/.local/lib/python3.12/site-packages/airflow/example_dags/example_bash_decorator.py took 0.207 seconds
[2026-06-06T20:35:44.302+0000] {processor.py:186} INFO - Started process (PID=2340) to work on /home/airflow/.local/lib/python3.12/site-packages/airflow/example_dags/example_bash_decorator.py
[2026-06-06T20:35:44.304+0000] {processor.py:914} INFO - Processing file /home/airflow/.local/lib/python3.12/site-packages/airflow/example_dags/example_bash_decorator.py for tasks to queue
[2026-06-06T20:35:44.311+0000] {logging_mixin.py:190} INFO - [2026-06-06T20:35:44.311+0000] {dagbag.py:588} INFO - Filling up the DagBag from /home/airflow/.local/lib/python3.12/site-packages/airflow/example_dags/example_bash_decorator.py
[2026-06-06T20:35:44.358+0000] {processor.py:925} INFO - DAG(s) 'example_bash_decorator' retrieved from /home/airflow/.local/lib/python3.12/site-packages/airflow/example_dags/example_bash_decorator.py
[2026-06-06T20:35:44.436+0000] {logging_mixin.py:190} INFO - [2026-06-06T20:35:44.436+0000] {dag.py:3239} INFO - Sync 1 DAGs
[2026-06-06T20:35:44.484+0000] {logging_mixin.py:190} INFO - [2026-06-06T20:35:44.483+0000] {dag.py:4180} INFO - Setting next_dagrun for example_bash_decorator to None, run_after=None
[2026-06-06T20:35:44.544+0000] {processor.py:208} INFO - Processing /home/airflow/.local/lib/python3.12/site-packages/airflow/example_dags/example_bash_decorator.py took 0.253 seconds
[2026-06-06T20:36:16.032+0000] {processor.py:186} INFO - Started process (PID=2399) to work on /home/airflow/.local/lib/python3.12/site-packages/airflow/example_dags/example_bash_decorator.py
[2026-06-06T20:36:16.035+0000] {processor.py:914} INFO - Processing file /home/airflow/.local/lib/python3.12/site-packages/airflow/example_dags/example_bash_decorator.py for tasks to queue
[2026-06-06T20:36:16.042+0000] {logging_mixin.py:190} INFO - [2026-06-06T20:36:16.041+0000] {dagbag.py:588} INFO - Filling up the DagBag from /home/airflow/.local/lib/python3.12/site-packages/airflow/example_dags/example_bash_decorator.py
[2026-06-06T20:36:16.095+0000] {processor.py:925} INFO - DAG(s) 'example_bash_decorator' retrieved from /home/airflow/.local/lib/python3.12/site-packages/airflow/example_dags/example_bash_decorator.py
[2026-06-06T20:36:16.193+0000] {logging_mixin.py:190} INFO - [2026-06-06T20:36:16.193+0000] {dag.py:3239} INFO - Sync 1 DAGs
[2026-06-06T20:36:16.261+0000] {logging_mixin.py:190} INFO - [2026-06-06T20:36:16.260+0000] {dag.py:4180} INFO - Setting next_dagrun for example_bash_decorator to None, run_after=None
[2026-06-06T20:36:16.304+0000] {processor.py:208} INFO - Processing /home/airflow/.local/lib/python3.12/site-packages/airflow/example_dags/example_bash_decorator.py took 0.286 seconds
[2026-06-06T20:36:53.142+0000] {processor.py:186} INFO - Started process (PID=2448) to work on /home/airflow/.local/lib/python3.12/site-packages/airflow/example_dags/example_bash_decorator.py
[2026-06-06T20:36:53.144+0000] {processor.py:914} INFO - Processing file /home/airflow/.local/lib/python3.12/site-packages/airflow/example_dags/example_bash_decorator.py for tasks to queue
[2026-06-06T20:36:53.148+0000] {logging_mixin.py:190} INFO - [2026-06-06T20:36:53.147+0000] {dagbag.py:588} INFO - Filling up the DagBag from /home/airflow/.local/lib/python3.12/site-packages/airflow/example_dags/example_bash_decorator.py
[2026-06-06T20:36:53.170+0000] {processor.py:925} INFO - DAG(s) 'example_bash_decorator' retrieved from /home/airflow/.local/lib/python3.12/site-packages/airflow/example_dags/example_bash_decorator.py
[2026-06-06T20:36:53.213+0000] {logging_mixin.py:190} INFO - [2026-06-06T20:36:53.212+0000] {dag.py:3239} INFO - Sync 1 DAGs
[2026-06-06T20:36:53.234+0000] {logging_mixin.py:190} INFO - [2026-06-06T20:36:53.233+0000] {dag.py:4180} INFO - Setting next_dagrun for example_bash_decorator to None, run_after=None
[2026-06-06T20:36:53.264+0000] {processor.py:208} INFO - Processing /home/airflow/.local/lib/python3.12/site-packages/airflow/example_dags/example_bash_decorator.py took 0.131 seconds
[2026-06-06T20:37:32.654+0000] {processor.py:186} INFO - Started process (PID=2516) to work on /home/airflow/.local/lib/python3.12/site-packages/airflow/example_dags/example_bash_decorator.py
[2026-06-06T20:37:32.657+0000] {processor.py:914} INFO - Processing file /home/airflow/.local/lib/python3.12/site-packages/airflow/example_dags/example_bash_decorator.py for tasks to queue
[2026-06-06T20:37:32.663+0000] {logging_mixin.py:190} INFO - [2026-06-06T20:37:32.662+0000] {dagbag.py:588} INFO - Filling up the DagBag from /home/airflow/.local/lib/python3.12/site-packages/airflow/example_dags/example_bash_decorator.py
[2026-06-06T20:37:32.696+0000] {processor.py:925} INFO - DAG(s) 'example_bash_decorator' retrieved from /home/airflow/.local/lib/python3.12/site-packages/airflow/example_dags/example_bash_decorator.py
[2026-06-06T20:37:32.757+0000] {logging_mixin.py:190} INFO - [2026-06-06T20:37:32.756+0000] {dag.py:3239} INFO - Sync 1 DAGs
[2026-06-06T20:37:32.788+0000] {logging_mixin.py:190} INFO - [2026-06-06T20:37:32.788+0000] {dag.py:4180} INFO - Setting next_dagrun for example_bash_decorator to None, run_after=None
[2026-06-06T20:37:32.825+0000] {processor.py:208} INFO - Processing /home/airflow/.local/lib/python3.12/site-packages/airflow/example_dags/example_bash_decorator.py took 0.185 seconds
[2026-06-06T20:39:51.233+0000] {processor.py:186} INFO - Started process (PID=69) to work on /home/airflow/.local/lib/python3.12/site-packages/airflow/example_dags/example_bash_decorator.py
[2026-06-06T20:39:51.235+0000] {processor.py:914} INFO - Processing file /home/airflow/.local/lib/python3.12/site-packages/airflow/example_dags/example_bash_decorator.py for tasks to queue
[2026-06-06T20:39:51.240+0000] {logging_mixin.py:190} INFO - [2026-06-06T20:39:51.239+0000] {dagbag.py:588} INFO - Filling up the DagBag from /home/airflow/.local/lib/python3.12/site-packages/airflow/example_dags/example_bash_decorator.py
[2026-06-06T20:39:51.270+0000] {processor.py:925} INFO - DAG(s) 'example_bash_decorator' retrieved from /home/airflow/.local/lib/python3.12/site-packages/airflow/example_dags/example_bash_decorator.py
[2026-06-06T20:39:51.716+0000] {logging_mixin.py:190} INFO - [2026-06-06T20:39:51.715+0000] {dag.py:3239} INFO - Sync 1 DAGs
[2026-06-06T20:39:51.740+0000] {logging_mixin.py:190} INFO - [2026-06-06T20:39:51.739+0000] {dag.py:4180} INFO - Setting next_dagrun for example_bash_decorator to None, run_after=None
[2026-06-06T20:39:51.776+0000] {processor.py:208} INFO - Processing /home/airflow/.local/lib/python3.12/site-packages/airflow/example_dags/example_bash_decorator.py took 0.551 seconds
[2026-06-06T20:40:29.399+0000] {processor.py:186} INFO - Started process (PID=140) to work on /home/airflow/.local/lib/python3.12/site-packages/airflow/example_dags/example_bash_decorator.py
[2026-06-06T20:40:29.402+0000] {processor.py:914} INFO - Processing file /home/airflow/.local/lib/python3.12/site-packages/airflow/example_dags/example_bash_decorator.py for tasks to queue
[2026-06-06T20:40:29.417+0000] {logging_mixin.py:190} INFO - [2026-06-06T20:40:29.411+0000] {dagbag.py:588} INFO - Filling up the DagBag from /home/airflow/.local/lib/python3.12/site-packages/airflow/example_dags/example_bash_decorator.py
[2026-06-06T20:40:29.459+0000] {processor.py:925} INFO - DAG(s) 'example_bash_decorator' retrieved from /home/airflow/.local/lib/python3.12/site-packages/airflow/example_dags/example_bash_decorator.py
[2026-06-06T20:40:29.567+0000] {logging_mixin.py:190} INFO - [2026-06-06T20:40:29.566+0000] {dag.py:3239} INFO - Sync 1 DAGs
[2026-06-06T20:40:29.634+0000] {logging_mixin.py:190} INFO - [2026-06-06T20:40:29.633+0000] {dag.py:4180} INFO - Setting next_dagrun for example_bash_decorator to None, run_after=None
[2026-06-06T20:40:29.727+0000] {processor.py:208} INFO - Processing /home/airflow/.local/lib/python3.12/site-packages/airflow/example_dags/example_bash_decorator.py took 0.341 seconds
[2026-06-06T20:41:13.258+0000] {processor.py:186} INFO - Started process (PID=193) to work on /home/airflow/.local/lib/python3.12/site-packages/airflow/example_dags/example_bash_decorator.py
[2026-06-06T20:41:13.271+0000] {processor.py:914} INFO - Processing file /home/airflow/.local/lib/python3.12/site-packages/airflow/example_dags/example_bash_decorator.py for tasks to queue
[2026-06-06T20:41:13.285+0000] {logging_mixin.py:190} INFO - [2026-06-06T20:41:13.284+0000] {dagbag.py:588} INFO - Filling up the DagBag from /home/airflow/.local/lib/python3.12/site-packages/airflow/example_dags/example_bash_decorator.py
[2026-06-06T20:41:13.346+0000] {processor.py:925} INFO - DAG(s) 'example_bash_decorator' retrieved from /home/airflow/.local/lib/python3.12/site-packages/airflow/example_dags/example_bash_decorator.py
[2026-06-06T20:41:13.435+0000] {logging_mixin.py:190} INFO - [2026-06-06T20:41:13.435+0000] {dag.py:3239} INFO - Sync 1 DAGs
[2026-06-06T20:41:13.506+0000] {logging_mixin.py:190} INFO - [2026-06-06T20:41:13.505+0000] {dag.py:4180} INFO - Setting next_dagrun for example_bash_decorator to None, run_after=None
[2026-06-06T20:41:13.614+0000] {processor.py:208} INFO - Processing /home/airflow/.local/lib/python3.12/site-packages/airflow/example_dags/example_bash_decorator.py took 0.471 seconds
[2026-06-06T20:41:53.590+0000] {processor.py:186} INFO - Started process (PID=254) to work on /home/airflow/.local/lib/python3.12/site-packages/airflow/example_dags/example_bash_decorator.py
[2026-06-06T20:41:53.593+0000] {processor.py:914} INFO - Processing file /home/airflow/.local/lib/python3.12/site-packages/airflow/example_dags/example_bash_decorator.py for tasks to queue
[2026-06-06T20:41:53.599+0000] {logging_mixin.py:190} INFO - [2026-06-06T20:41:53.598+0000] {dagbag.py:588} INFO - Filling up the DagBag from /home/airflow/.local/lib/python3.12/site-packages/airflow/example_dags/example_bash_decorator.py
[2026-06-06T20:41:53.639+0000] {processor.py:925} INFO - DAG(s) 'example_bash_decorator' retrieved from /home/airflow/.local/lib/python3.12/site-packages/airflow/example_dags/example_bash_decorator.py
[2026-06-06T20:41:53.745+0000] {logging_mixin.py:190} INFO - [2026-06-06T20:41:53.745+0000] {dag.py:3239} INFO - Sync 1 DAGs
[2026-06-06T20:41:53.792+0000] {logging_mixin.py:190} INFO - [2026-06-06T20:41:53.791+0000] {dag.py:4180} INFO - Setting next_dagrun for example_bash_decorator to None, run_after=None
[2026-06-06T20:41:53.916+0000] {processor.py:208} INFO - Processing /home/airflow/.local/lib/python3.12/site-packages/airflow/example_dags/example_bash_decorator.py took 0.340 seconds
[2026-06-06T20:42:24.665+0000] {processor.py:186} INFO - Started process (PID=313) to work on /home/airflow/.local/lib/python3.12/site-packages/airflow/example_dags/example_bash_decorator.py
[2026-06-06T20:42:24.667+0000] {processor.py:914} INFO - Processing file /home/airflow/.local/lib/python3.12/site-packages/airflow/example_dags/example_bash_decorator.py for tasks to queue
[2026-06-06T20:42:24.673+0000] {logging_mixin.py:190} INFO - [2026-06-06T20:42:24.672+0000] {dagbag.py:588} INFO - Filling up the DagBag from /home/airflow/.local/lib/python3.12/site-packages/airflow/example_dags/example_bash_decorator.py
[2026-06-06T20:42:24.715+0000] {processor.py:925} INFO - DAG(s) 'example_bash_decorator' retrieved from /home/airflow/.local/lib/python3.12/site-packages/airflow/example_dags/example_bash_decorator.py
[2026-06-06T20:42:24.782+0000] {logging_mixin.py:190} INFO - [2026-06-06T20:42:24.781+0000] {dag.py:3239} INFO - Sync 1 DAGs
[2026-06-06T20:42:24.813+0000] {logging_mixin.py:190} INFO - [2026-06-06T20:42:24.813+0000] {dag.py:4180} INFO - Setting next_dagrun for example_bash_decorator to None, run_after=None
[2026-06-06T20:42:24.855+0000] {processor.py:208} INFO - Processing /home/airflow/.local/lib/python3.12/site-packages/airflow/example_dags/example_bash_decorator.py took 0.205 seconds
[2026-06-06T20:43:08.328+0000] {processor.py:186} INFO - Started process (PID=367) to work on /home/airflow/.local/lib/python3.12/site-packages/airflow/example_dags/example_bash_decorator.py
[2026-06-06T20:43:08.338+0000] {processor.py:914} INFO - Processing file /home/airflow/.local/lib/python3.12/site-packages/airflow/example_dags/example_bash_decorator.py for tasks to queue
[2026-06-06T20:43:08.348+0000] {logging_mixin.py:190} INFO - [2026-06-06T20:43:08.348+0000] {dagbag.py:588} INFO - Filling up the DagBag from /home/airflow/.local/lib/python3.12/site-packages/airflow/example_dags/example_bash_decorator.py
[2026-06-06T20:43:08.407+0000] {processor.py:925} INFO - DAG(s) 'example_bash_decorator' retrieved from /home/airflow/.local/lib/python3.12/site-packages/airflow/example_dags/example_bash_decorator.py
[2026-06-06T20:43:08.515+0000] {logging_mixin.py:190} INFO - [2026-06-06T20:43:08.514+0000] {dag.py:3239} INFO - Sync 1 DAGs
[2026-06-06T20:43:08.618+0000] {logging_mixin.py:190} INFO - [2026-06-06T20:43:08.618+0000] {dag.py:4180} INFO - Setting next_dagrun for example_bash_decorator to None, run_after=None
[2026-06-06T20:43:08.699+0000] {processor.py:208} INFO - Processing /home/airflow/.local/lib/python3.12/site-packages/airflow/example_dags/example_bash_decorator.py took 0.384 seconds
[2026-06-06T20:43:42.582+0000] {processor.py:186} INFO - Started process (PID=429) to work on /home/airflow/.local/lib/python3.12/site-packages/airflow/example_dags/example_bash_decorator.py
[2026-06-06T20:43:42.588+0000] {processor.py:914} INFO - Processing file /home/airflow/.local/lib/python3.12/site-packages/airflow/example_dags/example_bash_decorator.py for tasks to queue
[2026-06-06T20:43:42.598+0000] {logging_mixin.py:190} INFO - [2026-06-06T20:43:42.597+0000] {dagbag.py:588} INFO - Filling up the DagBag from /home/airflow/.local/lib/python3.12/site-packages/airflow/example_dags/example_bash_decorator.py
[2026-06-06T20:43:42.647+0000] {processor.py:925} INFO - DAG(s) 'example_bash_decorator' retrieved from /home/airflow/.local/lib/python3.12/site-packages/airflow/example_dags/example_bash_decorator.py
[2026-06-06T20:43:42.859+0000] {logging_mixin.py:190} INFO - [2026-06-06T20:43:42.859+0000] {dag.py:3239} INFO - Sync 1 DAGs
[2026-06-06T20:43:42.936+0000] {logging_mixin.py:190} INFO - [2026-06-06T20:43:42.935+0000] {dag.py:4180} INFO - Setting next_dagrun for example_bash_decorator to None, run_after=None
[2026-06-06T20:43:43.012+0000] {processor.py:208} INFO - Processing /home/airflow/.local/lib/python3.12/site-packages/airflow/example_dags/example_bash_decorator.py took 0.456 seconds
[2026-06-06T20:44:14.390+0000] {processor.py:186} INFO - Started process (PID=487) to work on /home/airflow/.local/lib/python3.12/site-packages/airflow/example_dags/example_bash_decorator.py
[2026-06-06T20:44:14.392+0000] {processor.py:914} INFO - Processing file /home/airflow/.local/lib/python3.12/site-packages/airflow/example_dags/example_bash_decorator.py for tasks to queue
[2026-06-06T20:44:14.398+0000] {logging_mixin.py:190} INFO - [2026-06-06T20:44:14.398+0000] {dagbag.py:588} INFO - Filling up the DagBag from /home/airflow/.local/lib/python3.12/site-packages/airflow/example_dags/example_bash_decorator.py
[2026-06-06T20:44:14.435+0000] {processor.py:925} INFO - DAG(s) 'example_bash_decorator' retrieved from /home/airflow/.local/lib/python3.12/site-packages/airflow/example_dags/example_bash_decorator.py
[2026-06-06T20:44:14.489+0000] {logging_mixin.py:190} INFO - [2026-06-06T20:44:14.488+0000] {dag.py:3239} INFO - Sync 1 DAGs
[2026-06-06T20:44:14.521+0000] {logging_mixin.py:190} INFO - [2026-06-06T20:44:14.520+0000] {dag.py:4180} INFO - Setting next_dagrun for example_bash_decorator to None, run_after=None
[2026-06-06T20:44:14.556+0000] {processor.py:208} INFO - Processing /home/airflow/.local/lib/python3.12/site-packages/airflow/example_dags/example_bash_decorator.py took 0.180 seconds
[2026-06-06T20:45:17.856+0000] {processor.py:186} INFO - Started process (PID=556) to work on /home/airflow/.local/lib/python3.12/site-packages/airflow/example_dags/example_bash_decorator.py
[2026-06-06T20:45:17.861+0000] {processor.py:914} INFO - Processing file /home/airflow/.local/lib/python3.12/site-packages/airflow/example_dags/example_bash_decorator.py for tasks to queue
[2026-06-06T20:45:17.867+0000] {logging_mixin.py:190} INFO - [2026-06-06T20:45:17.867+0000] {dagbag.py:588} INFO - Filling up the DagBag from /home/airflow/.local/lib/python3.12/site-packages/airflow/example_dags/example_bash_decorator.py
[2026-06-06T20:45:17.923+0000] {processor.py:925} INFO - DAG(s) 'example_bash_decorator' retrieved from /home/airflow/.local/lib/python3.12/site-packages/airflow/example_dags/example_bash_decorator.py
[2026-06-06T20:45:18.007+0000] {logging_mixin.py:190} INFO - [2026-06-06T20:45:18.006+0000] {dag.py:3239} INFO - Sync 1 DAGs
[2026-06-06T20:45:18.055+0000] {logging_mixin.py:190} INFO - [2026-06-06T20:45:18.052+0000] {dag.py:4180} INFO - Setting next_dagrun for example_bash_decorator to None, run_after=None
[2026-06-06T20:45:18.123+0000] {processor.py:208} INFO - Processing /home/airflow/.local/lib/python3.12/site-packages/airflow/example_dags/example_bash_decorator.py took 0.281 seconds
[2026-06-06T20:45:55.546+0000] {processor.py:186} INFO - Started process (PID=609) to work on /home/airflow/.local/lib/python3.12/site-packages/airflow/example_dags/example_bash_decorator.py
[2026-06-06T20:45:55.553+0000] {processor.py:914} INFO - Processing file /home/airflow/.local/lib/python3.12/site-packages/airflow/example_dags/example_bash_decorator.py for tasks to queue
[2026-06-06T20:45:55.560+0000] {logging_mixin.py:190} INFO - [2026-06-06T20:45:55.560+0000] {dagbag.py:588} INFO - Filling up the DagBag from /home/airflow/.local/lib/python3.12/site-packages/airflow/example_dags/example_bash_decorator.py
[2026-06-06T20:45:55.612+0000] {processor.py:925} INFO - DAG(s) 'example_bash_decorator' retrieved from /home/airflow/.local/lib/python3.12/site-packages/airflow/example_dags/example_bash_decorator.py
[2026-06-06T20:45:55.731+0000] {logging_mixin.py:190} INFO - [2026-06-06T20:45:55.730+0000] {dag.py:3239} INFO - Sync 1 DAGs
[2026-06-06T20:45:55.836+0000] {logging_mixin.py:190} INFO - [2026-06-06T20:45:55.834+0000] {dag.py:4180} INFO - Setting next_dagrun for example_bash_decorator to None, run_after=None
[2026-06-06T20:45:55.914+0000] {processor.py:208} INFO - Processing /home/airflow/.local/lib/python3.12/site-packages/airflow/example_dags/example_bash_decorator.py took 0.400 seconds
[2026-06-06T20:46:37.846+0000] {processor.py:186} INFO - Started process (PID=657) to work on /home/airflow/.local/lib/python3.12/site-packages/airflow/example_dags/example_bash_decorator.py
[2026-06-06T20:46:37.849+0000] {processor.py:914} INFO - Processing file /home/airflow/.local/lib/python3.12/site-packages/airflow/example_dags/example_bash_decorator.py for tasks to queue
[2026-06-06T20:46:37.855+0000] {logging_mixin.py:190} INFO - [2026-06-06T20:46:37.854+0000] {dagbag.py:588} INFO - Filling up the DagBag from /home/airflow/.local/lib/python3.12/site-packages/airflow/example_dags/example_bash_decorator.py
[2026-06-06T20:46:37.898+0000] {processor.py:925} INFO - DAG(s) 'example_bash_decorator' retrieved from /home/airflow/.local/lib/python3.12/site-packages/airflow/example_dags/example_bash_decorator.py
[2026-06-06T20:46:38.002+0000] {logging_mixin.py:190} INFO - [2026-06-06T20:46:38.001+0000] {dag.py:3239} INFO - Sync 1 DAGs
[2026-06-06T20:46:38.049+0000] {logging_mixin.py:190} INFO - [2026-06-06T20:46:38.048+0000] {dag.py:4180} INFO - Setting next_dagrun for example_bash_decorator to None, run_after=None
[2026-06-06T20:46:38.115+0000] {processor.py:208} INFO - Processing /home/airflow/.local/lib/python3.12/site-packages/airflow/example_dags/example_bash_decorator.py took 0.284 seconds
