[2026-06-06T20:14:19.684+0000] {processor.py:186} INFO - Started process (PID=126) to work on /home/airflow/.local/lib/python3.12/site-packages/airflow/example_dags/example_outlet_event_extra.py
[2026-06-06T20:14:19.688+0000] {processor.py:914} INFO - Processing file /home/airflow/.local/lib/python3.12/site-packages/airflow/example_dags/example_outlet_event_extra.py for tasks to queue
[2026-06-06T20:14:19.698+0000] {logging_mixin.py:190} INFO - [2026-06-06T20:14:19.696+0000] {dagbag.py:588} INFO - Filling up the DagBag from /home/airflow/.local/lib/python3.12/site-packages/airflow/example_dags/example_outlet_event_extra.py
[2026-06-06T20:14:32.388+0000] {processor.py:925} INFO - DAG(s) 'dataset_with_extra_by_yield', 'dataset_with_extra_from_classic_operator', 'dataset_with_extra_by_context' retrieved from /home/airflow/.local/lib/python3.12/site-packages/airflow/example_dags/example_outlet_event_extra.py
[2026-06-06T20:14:32.637+0000] {logging_mixin.py:190} INFO - [2026-06-06T20:14:32.635+0000] {override.py:1932} INFO - Created Permission View: can read on DAG:dataset_with_extra_by_yield
[2026-06-06T20:14:32.660+0000] {logging_mixin.py:190} INFO - [2026-06-06T20:14:32.658+0000] {override.py:1932} INFO - Created Permission View: can edit on DAG:dataset_with_extra_by_yield
[2026-06-06T20:14:32.689+0000] {logging_mixin.py:190} INFO - [2026-06-06T20:14:32.688+0000] {override.py:1932} INFO - Created Permission View: can delete on DAG:dataset_with_extra_by_yield
[2026-06-06T20:14:32.707+0000] {logging_mixin.py:190} INFO - [2026-06-06T20:14:32.707+0000] {override.py:1932} INFO - Created Permission View: can read on DAG Run:dataset_with_extra_by_yield
[2026-06-06T20:14:32.722+0000] {logging_mixin.py:190} INFO - [2026-06-06T20:14:32.721+0000] {override.py:1932} INFO - Created Permission View: menu access on DAG Run:dataset_with_extra_by_yield
[2026-06-06T20:14:32.737+0000] {logging_mixin.py:190} INFO - [2026-06-06T20:14:32.736+0000] {override.py:1932} INFO - Created Permission View: can delete on DAG Run:dataset_with_extra_by_yield
[2026-06-06T20:14:32.752+0000] {logging_mixin.py:190} INFO - [2026-06-06T20:14:32.750+0000] {override.py:1932} INFO - Created Permission View: can create on DAG Run:dataset_with_extra_by_yield
[2026-06-06T20:14:32.777+0000] {logging_mixin.py:190} INFO - [2026-06-06T20:14:32.776+0000] {override.py:1932} INFO - Created Permission View: can read on DAG:dataset_with_extra_from_classic_operator
[2026-06-06T20:14:32.793+0000] {logging_mixin.py:190} INFO - [2026-06-06T20:14:32.792+0000] {override.py:1932} INFO - Created Permission View: can edit on DAG:dataset_with_extra_from_classic_operator
[2026-06-06T20:14:32.806+0000] {logging_mixin.py:190} INFO - [2026-06-06T20:14:32.806+0000] {override.py:1932} INFO - Created Permission View: can delete on DAG:dataset_with_extra_from_classic_operator
[2026-06-06T20:14:32.821+0000] {logging_mixin.py:190} INFO - [2026-06-06T20:14:32.820+0000] {override.py:1932} INFO - Created Permission View: can read on DAG Run:dataset_with_extra_from_classic_operator
[2026-06-06T20:14:32.834+0000] {logging_mixin.py:190} INFO - [2026-06-06T20:14:32.833+0000] {override.py:1932} INFO - Created Permission View: menu access on DAG Run:dataset_with_extra_from_classic_operator
[2026-06-06T20:14:32.846+0000] {logging_mixin.py:190} INFO - [2026-06-06T20:14:32.846+0000] {override.py:1932} INFO - Created Permission View: can delete on DAG Run:dataset_with_extra_from_classic_operator
[2026-06-06T20:14:32.858+0000] {logging_mixin.py:190} INFO - [2026-06-06T20:14:32.858+0000] {override.py:1932} INFO - Created Permission View: can create on DAG Run:dataset_with_extra_from_classic_operator
[2026-06-06T20:14:32.882+0000] {logging_mixin.py:190} INFO - [2026-06-06T20:14:32.882+0000] {override.py:1932} INFO - Created Permission View: can read on DAG:dataset_with_extra_by_context
[2026-06-06T20:14:32.892+0000] {logging_mixin.py:190} INFO - [2026-06-06T20:14:32.892+0000] {override.py:1932} INFO - Created Permission View: can edit on DAG:dataset_with_extra_by_context
[2026-06-06T20:14:32.906+0000] {logging_mixin.py:190} INFO - [2026-06-06T20:14:32.905+0000] {override.py:1932} INFO - Created Permission View: can delete on DAG:dataset_with_extra_by_context
[2026-06-06T20:14:32.922+0000] {logging_mixin.py:190} INFO - [2026-06-06T20:14:32.921+0000] {override.py:1932} INFO - Created Permission View: can read on DAG Run:dataset_with_extra_by_context
[2026-06-06T20:14:32.936+0000] {logging_mixin.py:190} INFO - [2026-06-06T20:14:32.935+0000] {override.py:1932} INFO - Created Permission View: menu access on DAG Run:dataset_with_extra_by_context
[2026-06-06T20:14:32.959+0000] {logging_mixin.py:190} INFO - [2026-06-06T20:14:32.958+0000] {override.py:1932} INFO - Created Permission View: can delete on DAG Run:dataset_with_extra_by_context
[2026-06-06T20:14:32.989+0000] {logging_mixin.py:190} INFO - [2026-06-06T20:14:32.988+0000] {override.py:1932} INFO - Created Permission View: can create on DAG Run:dataset_with_extra_by_context
[2026-06-06T20:14:32.993+0000] {logging_mixin.py:190} INFO - [2026-06-06T20:14:32.992+0000] {dag.py:3239} INFO - Sync 3 DAGs
[2026-06-06T20:14:33.029+0000] {logging_mixin.py:190} INFO - [2026-06-06T20:14:33.028+0000] {dag.py:3262} INFO - Creating ORM DAG for dataset_with_extra_by_yield
[2026-06-06T20:14:33.031+0000] {logging_mixin.py:190} INFO - [2026-06-06T20:14:33.030+0000] {dag.py:3262} INFO - Creating ORM DAG for dataset_with_extra_from_classic_operator
[2026-06-06T20:14:33.032+0000] {logging_mixin.py:190} INFO - [2026-06-06T20:14:33.032+0000] {dag.py:3262} INFO - Creating ORM DAG for dataset_with_extra_by_context
[2026-06-06T20:14:33.056+0000] {logging_mixin.py:190} INFO - [2026-06-06T20:14:33.056+0000] {dag.py:4180} INFO - Setting next_dagrun for dataset_with_extra_by_context to 2026-06-05 00:00:00+00:00, run_after=2026-06-06 00:00:00+00:00
[2026-06-06T20:14:33.060+0000] {logging_mixin.py:190} INFO - [2026-06-06T20:14:33.059+0000] {dag.py:4180} INFO - Setting next_dagrun for dataset_with_extra_by_yield to 2026-06-05 00:00:00+00:00, run_after=2026-06-06 00:00:00+00:00
[2026-06-06T20:14:33.065+0000] {logging_mixin.py:190} INFO - [2026-06-06T20:14:33.064+0000] {dag.py:4180} INFO - Setting next_dagrun for dataset_with_extra_from_classic_operator to 2026-06-05 00:00:00+00:00, run_after=2026-06-06 00:00:00+00:00
[2026-06-06T20:14:33.106+0000] {processor.py:208} INFO - Processing /home/airflow/.local/lib/python3.12/site-packages/airflow/example_dags/example_outlet_event_extra.py took 13.433 seconds
[2026-06-06T20:15:09.127+0000] {processor.py:186} INFO - Started process (PID=233) to work on /home/airflow/.local/lib/python3.12/site-packages/airflow/example_dags/example_outlet_event_extra.py
[2026-06-06T20:15:09.130+0000] {processor.py:914} INFO - Processing file /home/airflow/.local/lib/python3.12/site-packages/airflow/example_dags/example_outlet_event_extra.py for tasks to queue
[2026-06-06T20:15:09.138+0000] {logging_mixin.py:190} INFO - [2026-06-06T20:15:09.138+0000] {dagbag.py:588} INFO - Filling up the DagBag from /home/airflow/.local/lib/python3.12/site-packages/airflow/example_dags/example_outlet_event_extra.py
[2026-06-06T20:15:19.200+0000] {processor.py:925} INFO - DAG(s) 'dataset_with_extra_from_classic_operator', 'dataset_with_extra_by_context', 'dataset_with_extra_by_yield' retrieved from /home/airflow/.local/lib/python3.12/site-packages/airflow/example_dags/example_outlet_event_extra.py
[2026-06-06T20:15:19.249+0000] {logging_mixin.py:190} INFO - [2026-06-06T20:15:19.248+0000] {dag.py:3239} INFO - Sync 3 DAGs
[2026-06-06T20:15:19.288+0000] {logging_mixin.py:190} INFO - [2026-06-06T20:15:19.288+0000] {dag.py:4180} INFO - Setting next_dagrun for dataset_with_extra_by_context to 2026-06-05 00:00:00+00:00, run_after=2026-06-06 00:00:00+00:00
[2026-06-06T20:15:19.296+0000] {logging_mixin.py:190} INFO - [2026-06-06T20:15:19.296+0000] {dag.py:4180} INFO - Setting next_dagrun for dataset_with_extra_by_yield to 2026-06-05 00:00:00+00:00, run_after=2026-06-06 00:00:00+00:00
[2026-06-06T20:15:19.302+0000] {logging_mixin.py:190} INFO - [2026-06-06T20:15:19.301+0000] {dag.py:4180} INFO - Setting next_dagrun for dataset_with_extra_from_classic_operator to 2026-06-05 00:00:00+00:00, run_after=2026-06-06 00:00:00+00:00
[2026-06-06T20:15:19.337+0000] {processor.py:208} INFO - Processing /home/airflow/.local/lib/python3.12/site-packages/airflow/example_dags/example_outlet_event_extra.py took 10.223 seconds
[2026-06-06T20:15:50.408+0000] {processor.py:186} INFO - Started process (PID=303) to work on /home/airflow/.local/lib/python3.12/site-packages/airflow/example_dags/example_outlet_event_extra.py
[2026-06-06T20:15:50.410+0000] {processor.py:914} INFO - Processing file /home/airflow/.local/lib/python3.12/site-packages/airflow/example_dags/example_outlet_event_extra.py for tasks to queue
[2026-06-06T20:15:50.416+0000] {logging_mixin.py:190} INFO - [2026-06-06T20:15:50.415+0000] {dagbag.py:588} INFO - Filling up the DagBag from /home/airflow/.local/lib/python3.12/site-packages/airflow/example_dags/example_outlet_event_extra.py
[2026-06-06T20:15:58.988+0000] {processor.py:925} INFO - DAG(s) 'dataset_with_extra_by_yield', 'dataset_with_extra_by_context', 'dataset_with_extra_from_classic_operator' retrieved from /home/airflow/.local/lib/python3.12/site-packages/airflow/example_dags/example_outlet_event_extra.py
[2026-06-06T20:15:59.047+0000] {logging_mixin.py:190} INFO - [2026-06-06T20:15:59.045+0000] {dag.py:3239} INFO - Sync 3 DAGs
[2026-06-06T20:15:59.104+0000] {logging_mixin.py:190} INFO - [2026-06-06T20:15:59.104+0000] {dag.py:4180} INFO - Setting next_dagrun for dataset_with_extra_by_context to 2026-06-05 00:00:00+00:00, run_after=2026-06-06 00:00:00+00:00
[2026-06-06T20:15:59.113+0000] {logging_mixin.py:190} INFO - [2026-06-06T20:15:59.113+0000] {dag.py:4180} INFO - Setting next_dagrun for dataset_with_extra_by_yield to 2026-06-05 00:00:00+00:00, run_after=2026-06-06 00:00:00+00:00
[2026-06-06T20:15:59.118+0000] {logging_mixin.py:190} INFO - [2026-06-06T20:15:59.117+0000] {dag.py:4180} INFO - Setting next_dagrun for dataset_with_extra_from_classic_operator to 2026-06-05 00:00:00+00:00, run_after=2026-06-06 00:00:00+00:00
[2026-06-06T20:15:59.162+0000] {processor.py:208} INFO - Processing /home/airflow/.local/lib/python3.12/site-packages/airflow/example_dags/example_outlet_event_extra.py took 8.766 seconds
[2026-06-06T20:16:30.696+0000] {processor.py:186} INFO - Started process (PID=369) to work on /home/airflow/.local/lib/python3.12/site-packages/airflow/example_dags/example_outlet_event_extra.py
[2026-06-06T20:16:30.699+0000] {processor.py:914} INFO - Processing file /home/airflow/.local/lib/python3.12/site-packages/airflow/example_dags/example_outlet_event_extra.py for tasks to queue
[2026-06-06T20:16:30.712+0000] {logging_mixin.py:190} INFO - [2026-06-06T20:16:30.711+0000] {dagbag.py:588} INFO - Filling up the DagBag from /home/airflow/.local/lib/python3.12/site-packages/airflow/example_dags/example_outlet_event_extra.py
[2026-06-06T20:16:40.730+0000] {processor.py:925} INFO - DAG(s) 'dataset_with_extra_by_context', 'dataset_with_extra_from_classic_operator', 'dataset_with_extra_by_yield' retrieved from /home/airflow/.local/lib/python3.12/site-packages/airflow/example_dags/example_outlet_event_extra.py
[2026-06-06T20:16:40.775+0000] {logging_mixin.py:190} INFO - [2026-06-06T20:16:40.774+0000] {dag.py:3239} INFO - Sync 3 DAGs
[2026-06-06T20:16:40.808+0000] {logging_mixin.py:190} INFO - [2026-06-06T20:16:40.807+0000] {dag.py:4180} INFO - Setting next_dagrun for dataset_with_extra_by_context to 2026-06-05 00:00:00+00:00, run_after=2026-06-06 00:00:00+00:00
[2026-06-06T20:16:40.817+0000] {logging_mixin.py:190} INFO - [2026-06-06T20:16:40.817+0000] {dag.py:4180} INFO - Setting next_dagrun for dataset_with_extra_by_yield to 2026-06-05 00:00:00+00:00, run_after=2026-06-06 00:00:00+00:00
[2026-06-06T20:16:40.822+0000] {logging_mixin.py:190} INFO - [2026-06-06T20:16:40.821+0000] {dag.py:4180} INFO - Setting next_dagrun for dataset_with_extra_from_classic_operator to 2026-06-05 00:00:00+00:00, run_after=2026-06-06 00:00:00+00:00
[2026-06-06T20:16:40.852+0000] {processor.py:208} INFO - Processing /home/airflow/.local/lib/python3.12/site-packages/airflow/example_dags/example_outlet_event_extra.py took 10.168 seconds
[2026-06-06T20:17:11.282+0000] {processor.py:186} INFO - Started process (PID=438) to work on /home/airflow/.local/lib/python3.12/site-packages/airflow/example_dags/example_outlet_event_extra.py
[2026-06-06T20:17:11.284+0000] {processor.py:914} INFO - Processing file /home/airflow/.local/lib/python3.12/site-packages/airflow/example_dags/example_outlet_event_extra.py for tasks to queue
[2026-06-06T20:17:11.291+0000] {logging_mixin.py:190} INFO - [2026-06-06T20:17:11.291+0000] {dagbag.py:588} INFO - Filling up the DagBag from /home/airflow/.local/lib/python3.12/site-packages/airflow/example_dags/example_outlet_event_extra.py
[2026-06-06T20:17:22.596+0000] {processor.py:925} INFO - DAG(s) 'dataset_with_extra_by_yield', 'dataset_with_extra_from_classic_operator', 'dataset_with_extra_by_context' retrieved from /home/airflow/.local/lib/python3.12/site-packages/airflow/example_dags/example_outlet_event_extra.py
[2026-06-06T20:17:22.772+0000] {logging_mixin.py:190} INFO - [2026-06-06T20:17:22.772+0000] {dag.py:3239} INFO - Sync 3 DAGs
[2026-06-06T20:17:22.837+0000] {logging_mixin.py:190} INFO - [2026-06-06T20:17:22.836+0000] {dag.py:4180} INFO - Setting next_dagrun for dataset_with_extra_by_context to 2026-06-05 00:00:00+00:00, run_after=2026-06-06 00:00:00+00:00
[2026-06-06T20:17:22.847+0000] {logging_mixin.py:190} INFO - [2026-06-06T20:17:22.847+0000] {dag.py:4180} INFO - Setting next_dagrun for dataset_with_extra_by_yield to 2026-06-05 00:00:00+00:00, run_after=2026-06-06 00:00:00+00:00
[2026-06-06T20:17:22.853+0000] {logging_mixin.py:190} INFO - [2026-06-06T20:17:22.853+0000] {dag.py:4180} INFO - Setting next_dagrun for dataset_with_extra_from_classic_operator to 2026-06-05 00:00:00+00:00, run_after=2026-06-06 00:00:00+00:00
[2026-06-06T20:17:22.915+0000] {processor.py:208} INFO - Processing /home/airflow/.local/lib/python3.12/site-packages/airflow/example_dags/example_outlet_event_extra.py took 11.645 seconds
[2026-06-06T20:17:54.127+0000] {processor.py:186} INFO - Started process (PID=519) to work on /home/airflow/.local/lib/python3.12/site-packages/airflow/example_dags/example_outlet_event_extra.py
[2026-06-06T20:17:54.129+0000] {processor.py:914} INFO - Processing file /home/airflow/.local/lib/python3.12/site-packages/airflow/example_dags/example_outlet_event_extra.py for tasks to queue
[2026-06-06T20:17:54.134+0000] {logging_mixin.py:190} INFO - [2026-06-06T20:17:54.133+0000] {dagbag.py:588} INFO - Filling up the DagBag from /home/airflow/.local/lib/python3.12/site-packages/airflow/example_dags/example_outlet_event_extra.py
[2026-06-06T20:18:03.762+0000] {processor.py:925} INFO - DAG(s) 'dataset_with_extra_from_classic_operator', 'dataset_with_extra_by_context', 'dataset_with_extra_by_yield' retrieved from /home/airflow/.local/lib/python3.12/site-packages/airflow/example_dags/example_outlet_event_extra.py
[2026-06-06T20:18:03.841+0000] {logging_mixin.py:190} INFO - [2026-06-06T20:18:03.841+0000] {dag.py:3239} INFO - Sync 3 DAGs
[2026-06-06T20:18:03.907+0000] {logging_mixin.py:190} INFO - [2026-06-06T20:18:03.903+0000] {dag.py:4180} INFO - Setting next_dagrun for dataset_with_extra_by_context to 2026-06-05 00:00:00+00:00, run_after=2026-06-06 00:00:00+00:00
[2026-06-06T20:18:03.918+0000] {logging_mixin.py:190} INFO - [2026-06-06T20:18:03.918+0000] {dag.py:4180} INFO - Setting next_dagrun for dataset_with_extra_by_yield to 2026-06-05 00:00:00+00:00, run_after=2026-06-06 00:00:00+00:00
[2026-06-06T20:18:03.924+0000] {logging_mixin.py:190} INFO - [2026-06-06T20:18:03.924+0000] {dag.py:4180} INFO - Setting next_dagrun for dataset_with_extra_from_classic_operator to 2026-06-05 00:00:00+00:00, run_after=2026-06-06 00:00:00+00:00
[2026-06-06T20:18:03.972+0000] {processor.py:208} INFO - Processing /home/airflow/.local/lib/python3.12/site-packages/airflow/example_dags/example_outlet_event_extra.py took 9.855 seconds
[2026-06-06T20:18:37.935+0000] {processor.py:186} INFO - Started process (PID=605) to work on /home/airflow/.local/lib/python3.12/site-packages/airflow/example_dags/example_outlet_event_extra.py
[2026-06-06T20:18:37.937+0000] {processor.py:914} INFO - Processing file /home/airflow/.local/lib/python3.12/site-packages/airflow/example_dags/example_outlet_event_extra.py for tasks to queue
[2026-06-06T20:18:37.943+0000] {logging_mixin.py:190} INFO - [2026-06-06T20:18:37.942+0000] {dagbag.py:588} INFO - Filling up the DagBag from /home/airflow/.local/lib/python3.12/site-packages/airflow/example_dags/example_outlet_event_extra.py
[2026-06-06T20:18:49.332+0000] {processor.py:925} INFO - DAG(s) 'dataset_with_extra_by_context', 'dataset_with_extra_from_classic_operator', 'dataset_with_extra_by_yield' retrieved from /home/airflow/.local/lib/python3.12/site-packages/airflow/example_dags/example_outlet_event_extra.py
[2026-06-06T20:18:49.400+0000] {logging_mixin.py:190} INFO - [2026-06-06T20:18:49.399+0000] {dag.py:3239} INFO - Sync 3 DAGs
[2026-06-06T20:18:49.449+0000] {logging_mixin.py:190} INFO - [2026-06-06T20:18:49.448+0000] {dag.py:4180} INFO - Setting next_dagrun for dataset_with_extra_by_context to 2026-06-05 00:00:00+00:00, run_after=2026-06-06 00:00:00+00:00
[2026-06-06T20:18:49.457+0000] {logging_mixin.py:190} INFO - [2026-06-06T20:18:49.457+0000] {dag.py:4180} INFO - Setting next_dagrun for dataset_with_extra_by_yield to 2026-06-05 00:00:00+00:00, run_after=2026-06-06 00:00:00+00:00
[2026-06-06T20:18:49.466+0000] {logging_mixin.py:190} INFO - [2026-06-06T20:18:49.466+0000] {dag.py:4180} INFO - Setting next_dagrun for dataset_with_extra_from_classic_operator to 2026-06-05 00:00:00+00:00, run_after=2026-06-06 00:00:00+00:00
[2026-06-06T20:18:49.511+0000] {processor.py:208} INFO - Processing /home/airflow/.local/lib/python3.12/site-packages/airflow/example_dags/example_outlet_event_extra.py took 11.588 seconds
[2026-06-06T20:19:20.483+0000] {processor.py:186} INFO - Started process (PID=683) to work on /home/airflow/.local/lib/python3.12/site-packages/airflow/example_dags/example_outlet_event_extra.py
[2026-06-06T20:19:20.485+0000] {processor.py:914} INFO - Processing file /home/airflow/.local/lib/python3.12/site-packages/airflow/example_dags/example_outlet_event_extra.py for tasks to queue
[2026-06-06T20:19:20.490+0000] {logging_mixin.py:190} INFO - [2026-06-06T20:19:20.489+0000] {dagbag.py:588} INFO - Filling up the DagBag from /home/airflow/.local/lib/python3.12/site-packages/airflow/example_dags/example_outlet_event_extra.py
[2026-06-06T20:19:32.814+0000] {processor.py:925} INFO - DAG(s) 'dataset_with_extra_by_yield', 'dataset_with_extra_from_classic_operator', 'dataset_with_extra_by_context' retrieved from /home/airflow/.local/lib/python3.12/site-packages/airflow/example_dags/example_outlet_event_extra.py
[2026-06-06T20:19:32.914+0000] {logging_mixin.py:190} INFO - [2026-06-06T20:19:32.913+0000] {dag.py:3239} INFO - Sync 3 DAGs
[2026-06-06T20:19:33.015+0000] {logging_mixin.py:190} INFO - [2026-06-06T20:19:33.015+0000] {dag.py:4180} INFO - Setting next_dagrun for dataset_with_extra_by_context to 2026-06-05 00:00:00+00:00, run_after=2026-06-06 00:00:00+00:00
[2026-06-06T20:19:33.026+0000] {logging_mixin.py:190} INFO - [2026-06-06T20:19:33.026+0000] {dag.py:4180} INFO - Setting next_dagrun for dataset_with_extra_by_yield to 2026-06-05 00:00:00+00:00, run_after=2026-06-06 00:00:00+00:00
[2026-06-06T20:19:33.033+0000] {logging_mixin.py:190} INFO - [2026-06-06T20:19:33.033+0000] {dag.py:4180} INFO - Setting next_dagrun for dataset_with_extra_from_classic_operator to 2026-06-05 00:00:00+00:00, run_after=2026-06-06 00:00:00+00:00
[2026-06-06T20:19:33.112+0000] {processor.py:208} INFO - Processing /home/airflow/.local/lib/python3.12/site-packages/airflow/example_dags/example_outlet_event_extra.py took 12.639 seconds
[2026-06-06T20:20:03.747+0000] {processor.py:186} INFO - Started process (PID=754) to work on /home/airflow/.local/lib/python3.12/site-packages/airflow/example_dags/example_outlet_event_extra.py
[2026-06-06T20:20:03.749+0000] {processor.py:914} INFO - Processing file /home/airflow/.local/lib/python3.12/site-packages/airflow/example_dags/example_outlet_event_extra.py for tasks to queue
[2026-06-06T20:20:03.753+0000] {logging_mixin.py:190} INFO - [2026-06-06T20:20:03.753+0000] {dagbag.py:588} INFO - Filling up the DagBag from /home/airflow/.local/lib/python3.12/site-packages/airflow/example_dags/example_outlet_event_extra.py
[2026-06-06T20:20:16.922+0000] {processor.py:925} INFO - DAG(s) 'dataset_with_extra_by_context', 'dataset_with_extra_by_yield', 'dataset_with_extra_from_classic_operator' retrieved from /home/airflow/.local/lib/python3.12/site-packages/airflow/example_dags/example_outlet_event_extra.py
[2026-06-06T20:20:17.056+0000] {logging_mixin.py:190} INFO - [2026-06-06T20:20:17.055+0000] {dag.py:3239} INFO - Sync 3 DAGs
[2026-06-06T20:20:17.171+0000] {logging_mixin.py:190} INFO - [2026-06-06T20:20:17.170+0000] {dag.py:4180} INFO - Setting next_dagrun for dataset_with_extra_by_context to 2026-06-05 00:00:00+00:00, run_after=2026-06-06 00:00:00+00:00
[2026-06-06T20:20:17.193+0000] {logging_mixin.py:190} INFO - [2026-06-06T20:20:17.192+0000] {dag.py:4180} INFO - Setting next_dagrun for dataset_with_extra_by_yield to 2026-06-05 00:00:00+00:00, run_after=2026-06-06 00:00:00+00:00
[2026-06-06T20:20:17.206+0000] {logging_mixin.py:190} INFO - [2026-06-06T20:20:17.205+0000] {dag.py:4180} INFO - Setting next_dagrun for dataset_with_extra_from_classic_operator to 2026-06-05 00:00:00+00:00, run_after=2026-06-06 00:00:00+00:00
[2026-06-06T20:20:17.297+0000] {processor.py:208} INFO - Processing /home/airflow/.local/lib/python3.12/site-packages/airflow/example_dags/example_outlet_event_extra.py took 13.559 seconds
[2026-06-06T20:20:47.734+0000] {processor.py:186} INFO - Started process (PID=816) to work on /home/airflow/.local/lib/python3.12/site-packages/airflow/example_dags/example_outlet_event_extra.py
[2026-06-06T20:20:47.736+0000] {processor.py:914} INFO - Processing file /home/airflow/.local/lib/python3.12/site-packages/airflow/example_dags/example_outlet_event_extra.py for tasks to queue
[2026-06-06T20:20:47.743+0000] {logging_mixin.py:190} INFO - [2026-06-06T20:20:47.742+0000] {dagbag.py:588} INFO - Filling up the DagBag from /home/airflow/.local/lib/python3.12/site-packages/airflow/example_dags/example_outlet_event_extra.py
[2026-06-06T20:21:00.183+0000] {processor.py:925} INFO - DAG(s) 'dataset_with_extra_by_yield', 'dataset_with_extra_by_context', 'dataset_with_extra_from_classic_operator' retrieved from /home/airflow/.local/lib/python3.12/site-packages/airflow/example_dags/example_outlet_event_extra.py
[2026-06-06T20:21:00.312+0000] {logging_mixin.py:190} INFO - [2026-06-06T20:21:00.311+0000] {dag.py:3239} INFO - Sync 3 DAGs
[2026-06-06T20:21:00.364+0000] {logging_mixin.py:190} INFO - [2026-06-06T20:21:00.364+0000] {dag.py:4180} INFO - Setting next_dagrun for dataset_with_extra_by_context to 2026-06-05 00:00:00+00:00, run_after=2026-06-06 00:00:00+00:00
[2026-06-06T20:21:00.375+0000] {logging_mixin.py:190} INFO - [2026-06-06T20:21:00.375+0000] {dag.py:4180} INFO - Setting next_dagrun for dataset_with_extra_by_yield to 2026-06-05 00:00:00+00:00, run_after=2026-06-06 00:00:00+00:00
[2026-06-06T20:21:00.381+0000] {logging_mixin.py:190} INFO - [2026-06-06T20:21:00.380+0000] {dag.py:4180} INFO - Setting next_dagrun for dataset_with_extra_from_classic_operator to 2026-06-05 00:00:00+00:00, run_after=2026-06-06 00:00:00+00:00
[2026-06-06T20:21:00.425+0000] {processor.py:208} INFO - Processing /home/airflow/.local/lib/python3.12/site-packages/airflow/example_dags/example_outlet_event_extra.py took 12.704 seconds
[2026-06-06T20:21:30.620+0000] {processor.py:186} INFO - Started process (PID=889) to work on /home/airflow/.local/lib/python3.12/site-packages/airflow/example_dags/example_outlet_event_extra.py
[2026-06-06T20:21:30.621+0000] {processor.py:914} INFO - Processing file /home/airflow/.local/lib/python3.12/site-packages/airflow/example_dags/example_outlet_event_extra.py for tasks to queue
[2026-06-06T20:21:30.626+0000] {logging_mixin.py:190} INFO - [2026-06-06T20:21:30.626+0000] {dagbag.py:588} INFO - Filling up the DagBag from /home/airflow/.local/lib/python3.12/site-packages/airflow/example_dags/example_outlet_event_extra.py
[2026-06-06T20:21:41.362+0000] {processor.py:925} INFO - DAG(s) 'dataset_with_extra_by_context', 'dataset_with_extra_by_yield', 'dataset_with_extra_from_classic_operator' retrieved from /home/airflow/.local/lib/python3.12/site-packages/airflow/example_dags/example_outlet_event_extra.py
[2026-06-06T20:21:41.416+0000] {logging_mixin.py:190} INFO - [2026-06-06T20:21:41.416+0000] {dag.py:3239} INFO - Sync 3 DAGs
[2026-06-06T20:21:41.458+0000] {logging_mixin.py:190} INFO - [2026-06-06T20:21:41.458+0000] {dag.py:4180} INFO - Setting next_dagrun for dataset_with_extra_by_context to 2026-06-05 00:00:00+00:00, run_after=2026-06-06 00:00:00+00:00
[2026-06-06T20:21:41.469+0000] {logging_mixin.py:190} INFO - [2026-06-06T20:21:41.469+0000] {dag.py:4180} INFO - Setting next_dagrun for dataset_with_extra_by_yield to 2026-06-05 00:00:00+00:00, run_after=2026-06-06 00:00:00+00:00
[2026-06-06T20:21:41.474+0000] {logging_mixin.py:190} INFO - [2026-06-06T20:21:41.473+0000] {dag.py:4180} INFO - Setting next_dagrun for dataset_with_extra_from_classic_operator to 2026-06-05 00:00:00+00:00, run_after=2026-06-06 00:00:00+00:00
[2026-06-06T20:21:41.506+0000] {processor.py:208} INFO - Processing /home/airflow/.local/lib/python3.12/site-packages/airflow/example_dags/example_outlet_event_extra.py took 10.896 seconds
[2026-06-06T20:22:20.879+0000] {processor.py:186} INFO - Started process (PID=987) to work on /home/airflow/.local/lib/python3.12/site-packages/airflow/example_dags/example_outlet_event_extra.py
[2026-06-06T20:22:20.881+0000] {processor.py:914} INFO - Processing file /home/airflow/.local/lib/python3.12/site-packages/airflow/example_dags/example_outlet_event_extra.py for tasks to queue
[2026-06-06T20:22:20.886+0000] {logging_mixin.py:190} INFO - [2026-06-06T20:22:20.885+0000] {dagbag.py:588} INFO - Filling up the DagBag from /home/airflow/.local/lib/python3.12/site-packages/airflow/example_dags/example_outlet_event_extra.py
[2026-06-06T20:22:32.063+0000] {processor.py:925} INFO - DAG(s) 'dataset_with_extra_by_context', 'dataset_with_extra_from_classic_operator', 'dataset_with_extra_by_yield' retrieved from /home/airflow/.local/lib/python3.12/site-packages/airflow/example_dags/example_outlet_event_extra.py
[2026-06-06T20:22:32.111+0000] {logging_mixin.py:190} INFO - [2026-06-06T20:22:32.111+0000] {dag.py:3239} INFO - Sync 3 DAGs
[2026-06-06T20:22:32.151+0000] {logging_mixin.py:190} INFO - [2026-06-06T20:22:32.150+0000] {dag.py:4180} INFO - Setting next_dagrun for dataset_with_extra_by_context to 2026-06-05 00:00:00+00:00, run_after=2026-06-06 00:00:00+00:00
[2026-06-06T20:22:32.160+0000] {logging_mixin.py:190} INFO - [2026-06-06T20:22:32.160+0000] {dag.py:4180} INFO - Setting next_dagrun for dataset_with_extra_by_yield to 2026-06-05 00:00:00+00:00, run_after=2026-06-06 00:00:00+00:00
[2026-06-06T20:22:32.164+0000] {logging_mixin.py:190} INFO - [2026-06-06T20:22:32.164+0000] {dag.py:4180} INFO - Setting next_dagrun for dataset_with_extra_from_classic_operator to 2026-06-05 00:00:00+00:00, run_after=2026-06-06 00:00:00+00:00
[2026-06-06T20:22:32.200+0000] {processor.py:208} INFO - Processing /home/airflow/.local/lib/python3.12/site-packages/airflow/example_dags/example_outlet_event_extra.py took 11.333 seconds
[2026-06-06T20:23:03.567+0000] {processor.py:186} INFO - Started process (PID=1059) to work on /home/airflow/.local/lib/python3.12/site-packages/airflow/example_dags/example_outlet_event_extra.py
[2026-06-06T20:23:03.570+0000] {processor.py:914} INFO - Processing file /home/airflow/.local/lib/python3.12/site-packages/airflow/example_dags/example_outlet_event_extra.py for tasks to queue
[2026-06-06T20:23:03.576+0000] {logging_mixin.py:190} INFO - [2026-06-06T20:23:03.575+0000] {dagbag.py:588} INFO - Filling up the DagBag from /home/airflow/.local/lib/python3.12/site-packages/airflow/example_dags/example_outlet_event_extra.py
[2026-06-06T20:23:12.763+0000] {processor.py:925} INFO - DAG(s) 'dataset_with_extra_from_classic_operator', 'dataset_with_extra_by_yield', 'dataset_with_extra_by_context' retrieved from /home/airflow/.local/lib/python3.12/site-packages/airflow/example_dags/example_outlet_event_extra.py
[2026-06-06T20:23:12.801+0000] {logging_mixin.py:190} INFO - [2026-06-06T20:23:12.801+0000] {dag.py:3239} INFO - Sync 3 DAGs
[2026-06-06T20:23:12.835+0000] {logging_mixin.py:190} INFO - [2026-06-06T20:23:12.834+0000] {dag.py:4180} INFO - Setting next_dagrun for dataset_with_extra_by_context to 2026-06-05 00:00:00+00:00, run_after=2026-06-06 00:00:00+00:00
[2026-06-06T20:23:12.842+0000] {logging_mixin.py:190} INFO - [2026-06-06T20:23:12.841+0000] {dag.py:4180} INFO - Setting next_dagrun for dataset_with_extra_by_yield to 2026-06-05 00:00:00+00:00, run_after=2026-06-06 00:00:00+00:00
[2026-06-06T20:23:12.845+0000] {logging_mixin.py:190} INFO - [2026-06-06T20:23:12.845+0000] {dag.py:4180} INFO - Setting next_dagrun for dataset_with_extra_from_classic_operator to 2026-06-05 00:00:00+00:00, run_after=2026-06-06 00:00:00+00:00
[2026-06-06T20:23:12.876+0000] {processor.py:208} INFO - Processing /home/airflow/.local/lib/python3.12/site-packages/airflow/example_dags/example_outlet_event_extra.py took 9.319 seconds
[2026-06-06T20:23:51.651+0000] {processor.py:186} INFO - Started process (PID=1145) to work on /home/airflow/.local/lib/python3.12/site-packages/airflow/example_dags/example_outlet_event_extra.py
[2026-06-06T20:23:51.653+0000] {processor.py:914} INFO - Processing file /home/airflow/.local/lib/python3.12/site-packages/airflow/example_dags/example_outlet_event_extra.py for tasks to queue
[2026-06-06T20:23:51.658+0000] {logging_mixin.py:190} INFO - [2026-06-06T20:23:51.657+0000] {dagbag.py:588} INFO - Filling up the DagBag from /home/airflow/.local/lib/python3.12/site-packages/airflow/example_dags/example_outlet_event_extra.py
[2026-06-06T20:24:04.303+0000] {processor.py:925} INFO - DAG(s) 'dataset_with_extra_by_yield', 'dataset_with_extra_from_classic_operator', 'dataset_with_extra_by_context' retrieved from /home/airflow/.local/lib/python3.12/site-packages/airflow/example_dags/example_outlet_event_extra.py
[2026-06-06T20:24:04.358+0000] {logging_mixin.py:190} INFO - [2026-06-06T20:24:04.358+0000] {dag.py:3239} INFO - Sync 3 DAGs
[2026-06-06T20:24:04.410+0000] {logging_mixin.py:190} INFO - [2026-06-06T20:24:04.409+0000] {dag.py:4180} INFO - Setting next_dagrun for dataset_with_extra_by_context to 2026-06-05 00:00:00+00:00, run_after=2026-06-06 00:00:00+00:00
[2026-06-06T20:24:04.424+0000] {logging_mixin.py:190} INFO - [2026-06-06T20:24:04.424+0000] {dag.py:4180} INFO - Setting next_dagrun for dataset_with_extra_by_yield to 2026-06-05 00:00:00+00:00, run_after=2026-06-06 00:00:00+00:00
[2026-06-06T20:24:04.431+0000] {logging_mixin.py:190} INFO - [2026-06-06T20:24:04.430+0000] {dag.py:4180} INFO - Setting next_dagrun for dataset_with_extra_from_classic_operator to 2026-06-05 00:00:00+00:00, run_after=2026-06-06 00:00:00+00:00
[2026-06-06T20:24:04.500+0000] {processor.py:208} INFO - Processing /home/airflow/.local/lib/python3.12/site-packages/airflow/example_dags/example_outlet_event_extra.py took 12.859 seconds
[2026-06-06T20:24:34.841+0000] {processor.py:186} INFO - Started process (PID=1210) to work on /home/airflow/.local/lib/python3.12/site-packages/airflow/example_dags/example_outlet_event_extra.py
[2026-06-06T20:24:34.843+0000] {processor.py:914} INFO - Processing file /home/airflow/.local/lib/python3.12/site-packages/airflow/example_dags/example_outlet_event_extra.py for tasks to queue
[2026-06-06T20:24:34.849+0000] {logging_mixin.py:190} INFO - [2026-06-06T20:24:34.848+0000] {dagbag.py:588} INFO - Filling up the DagBag from /home/airflow/.local/lib/python3.12/site-packages/airflow/example_dags/example_outlet_event_extra.py
[2026-06-06T20:24:48.259+0000] {processor.py:925} INFO - DAG(s) 'dataset_with_extra_by_context', 'dataset_with_extra_by_yield', 'dataset_with_extra_from_classic_operator' retrieved from /home/airflow/.local/lib/python3.12/site-packages/airflow/example_dags/example_outlet_event_extra.py
[2026-06-06T20:24:48.320+0000] {logging_mixin.py:190} INFO - [2026-06-06T20:24:48.320+0000] {dag.py:3239} INFO - Sync 3 DAGs
[2026-06-06T20:24:48.373+0000] {logging_mixin.py:190} INFO - [2026-06-06T20:24:48.373+0000] {dag.py:4180} INFO - Setting next_dagrun for dataset_with_extra_by_context to 2026-06-05 00:00:00+00:00, run_after=2026-06-06 00:00:00+00:00
[2026-06-06T20:24:48.384+0000] {logging_mixin.py:190} INFO - [2026-06-06T20:24:48.383+0000] {dag.py:4180} INFO - Setting next_dagrun for dataset_with_extra_by_yield to 2026-06-05 00:00:00+00:00, run_after=2026-06-06 00:00:00+00:00
[2026-06-06T20:24:48.389+0000] {logging_mixin.py:190} INFO - [2026-06-06T20:24:48.389+0000] {dag.py:4180} INFO - Setting next_dagrun for dataset_with_extra_from_classic_operator to 2026-06-05 00:00:00+00:00, run_after=2026-06-06 00:00:00+00:00
[2026-06-06T20:24:48.434+0000] {processor.py:208} INFO - Processing /home/airflow/.local/lib/python3.12/site-packages/airflow/example_dags/example_outlet_event_extra.py took 13.610 seconds
[2026-06-06T20:25:25.202+0000] {processor.py:186} INFO - Started process (PID=1303) to work on /home/airflow/.local/lib/python3.12/site-packages/airflow/example_dags/example_outlet_event_extra.py
[2026-06-06T20:25:25.212+0000] {processor.py:914} INFO - Processing file /home/airflow/.local/lib/python3.12/site-packages/airflow/example_dags/example_outlet_event_extra.py for tasks to queue
[2026-06-06T20:25:25.219+0000] {logging_mixin.py:190} INFO - [2026-06-06T20:25:25.218+0000] {dagbag.py:588} INFO - Filling up the DagBag from /home/airflow/.local/lib/python3.12/site-packages/airflow/example_dags/example_outlet_event_extra.py
[2026-06-06T20:25:35.549+0000] {processor.py:925} INFO - DAG(s) 'dataset_with_extra_by_context', 'dataset_with_extra_from_classic_operator', 'dataset_with_extra_by_yield' retrieved from /home/airflow/.local/lib/python3.12/site-packages/airflow/example_dags/example_outlet_event_extra.py
[2026-06-06T20:25:35.599+0000] {logging_mixin.py:190} INFO - [2026-06-06T20:25:35.599+0000] {dag.py:3239} INFO - Sync 3 DAGs
[2026-06-06T20:25:35.648+0000] {logging_mixin.py:190} INFO - [2026-06-06T20:25:35.647+0000] {dag.py:4180} INFO - Setting next_dagrun for dataset_with_extra_by_context to 2026-06-05 00:00:00+00:00, run_after=2026-06-06 00:00:00+00:00
[2026-06-06T20:25:35.658+0000] {logging_mixin.py:190} INFO - [2026-06-06T20:25:35.658+0000] {dag.py:4180} INFO - Setting next_dagrun for dataset_with_extra_by_yield to 2026-06-05 00:00:00+00:00, run_after=2026-06-06 00:00:00+00:00
[2026-06-06T20:25:35.664+0000] {logging_mixin.py:190} INFO - [2026-06-06T20:25:35.664+0000] {dag.py:4180} INFO - Setting next_dagrun for dataset_with_extra_from_classic_operator to 2026-06-05 00:00:00+00:00, run_after=2026-06-06 00:00:00+00:00
[2026-06-06T20:25:35.707+0000] {processor.py:208} INFO - Processing /home/airflow/.local/lib/python3.12/site-packages/airflow/example_dags/example_outlet_event_extra.py took 10.523 seconds
[2026-06-06T20:26:08.193+0000] {processor.py:186} INFO - Started process (PID=1376) to work on /home/airflow/.local/lib/python3.12/site-packages/airflow/example_dags/example_outlet_event_extra.py
[2026-06-06T20:26:08.195+0000] {processor.py:914} INFO - Processing file /home/airflow/.local/lib/python3.12/site-packages/airflow/example_dags/example_outlet_event_extra.py for tasks to queue
[2026-06-06T20:26:08.201+0000] {logging_mixin.py:190} INFO - [2026-06-06T20:26:08.200+0000] {dagbag.py:588} INFO - Filling up the DagBag from /home/airflow/.local/lib/python3.12/site-packages/airflow/example_dags/example_outlet_event_extra.py
[2026-06-06T20:26:17.704+0000] {processor.py:925} INFO - DAG(s) 'dataset_with_extra_by_context', 'dataset_with_extra_by_yield', 'dataset_with_extra_from_classic_operator' retrieved from /home/airflow/.local/lib/python3.12/site-packages/airflow/example_dags/example_outlet_event_extra.py
[2026-06-06T20:26:17.760+0000] {logging_mixin.py:190} INFO - [2026-06-06T20:26:17.759+0000] {dag.py:3239} INFO - Sync 3 DAGs
[2026-06-06T20:26:17.802+0000] {logging_mixin.py:190} INFO - [2026-06-06T20:26:17.801+0000] {dag.py:4180} INFO - Setting next_dagrun for dataset_with_extra_by_context to 2026-06-05 00:00:00+00:00, run_after=2026-06-06 00:00:00+00:00
[2026-06-06T20:26:17.812+0000] {logging_mixin.py:190} INFO - [2026-06-06T20:26:17.811+0000] {dag.py:4180} INFO - Setting next_dagrun for dataset_with_extra_by_yield to 2026-06-05 00:00:00+00:00, run_after=2026-06-06 00:00:00+00:00
[2026-06-06T20:26:17.817+0000] {logging_mixin.py:190} INFO - [2026-06-06T20:26:17.816+0000] {dag.py:4180} INFO - Setting next_dagrun for dataset_with_extra_from_classic_operator to 2026-06-05 00:00:00+00:00, run_after=2026-06-06 00:00:00+00:00
[2026-06-06T20:26:17.853+0000] {processor.py:208} INFO - Processing /home/airflow/.local/lib/python3.12/site-packages/airflow/example_dags/example_outlet_event_extra.py took 9.672 seconds
[2026-06-06T20:26:51.640+0000] {processor.py:186} INFO - Started process (PID=1454) to work on /home/airflow/.local/lib/python3.12/site-packages/airflow/example_dags/example_outlet_event_extra.py
[2026-06-06T20:26:51.643+0000] {processor.py:914} INFO - Processing file /home/airflow/.local/lib/python3.12/site-packages/airflow/example_dags/example_outlet_event_extra.py for tasks to queue
[2026-06-06T20:26:51.648+0000] {logging_mixin.py:190} INFO - [2026-06-06T20:26:51.647+0000] {dagbag.py:588} INFO - Filling up the DagBag from /home/airflow/.local/lib/python3.12/site-packages/airflow/example_dags/example_outlet_event_extra.py
[2026-06-06T20:27:02.291+0000] {processor.py:925} INFO - DAG(s) 'dataset_with_extra_by_context', 'dataset_with_extra_from_classic_operator', 'dataset_with_extra_by_yield' retrieved from /home/airflow/.local/lib/python3.12/site-packages/airflow/example_dags/example_outlet_event_extra.py
[2026-06-06T20:27:02.344+0000] {logging_mixin.py:190} INFO - [2026-06-06T20:27:02.344+0000] {dag.py:3239} INFO - Sync 3 DAGs
[2026-06-06T20:27:02.376+0000] {logging_mixin.py:190} INFO - [2026-06-06T20:27:02.376+0000] {dag.py:4180} INFO - Setting next_dagrun for dataset_with_extra_by_context to 2026-06-05 00:00:00+00:00, run_after=2026-06-06 00:00:00+00:00
[2026-06-06T20:27:02.384+0000] {logging_mixin.py:190} INFO - [2026-06-06T20:27:02.383+0000] {dag.py:4180} INFO - Setting next_dagrun for dataset_with_extra_by_yield to 2026-06-05 00:00:00+00:00, run_after=2026-06-06 00:00:00+00:00
[2026-06-06T20:27:02.388+0000] {logging_mixin.py:190} INFO - [2026-06-06T20:27:02.388+0000] {dag.py:4180} INFO - Setting next_dagrun for dataset_with_extra_from_classic_operator to 2026-06-05 00:00:00+00:00, run_after=2026-06-06 00:00:00+00:00
[2026-06-06T20:27:02.422+0000] {processor.py:208} INFO - Processing /home/airflow/.local/lib/python3.12/site-packages/airflow/example_dags/example_outlet_event_extra.py took 10.793 seconds
[2026-06-06T20:27:38.352+0000] {processor.py:186} INFO - Started process (PID=1533) to work on /home/airflow/.local/lib/python3.12/site-packages/airflow/example_dags/example_outlet_event_extra.py
[2026-06-06T20:27:38.367+0000] {processor.py:914} INFO - Processing file /home/airflow/.local/lib/python3.12/site-packages/airflow/example_dags/example_outlet_event_extra.py for tasks to queue
[2026-06-06T20:27:38.375+0000] {logging_mixin.py:190} INFO - [2026-06-06T20:27:38.374+0000] {dagbag.py:588} INFO - Filling up the DagBag from /home/airflow/.local/lib/python3.12/site-packages/airflow/example_dags/example_outlet_event_extra.py
[2026-06-06T20:27:50.238+0000] {processor.py:925} INFO - DAG(s) 'dataset_with_extra_by_context', 'dataset_with_extra_from_classic_operator', 'dataset_with_extra_by_yield' retrieved from /home/airflow/.local/lib/python3.12/site-packages/airflow/example_dags/example_outlet_event_extra.py
[2026-06-06T20:27:50.298+0000] {logging_mixin.py:190} INFO - [2026-06-06T20:27:50.297+0000] {dag.py:3239} INFO - Sync 3 DAGs
[2026-06-06T20:27:50.342+0000] {logging_mixin.py:190} INFO - [2026-06-06T20:27:50.342+0000] {dag.py:4180} INFO - Setting next_dagrun for dataset_with_extra_by_context to 2026-06-05 00:00:00+00:00, run_after=2026-06-06 00:00:00+00:00
[2026-06-06T20:27:50.353+0000] {logging_mixin.py:190} INFO - [2026-06-06T20:27:50.353+0000] {dag.py:4180} INFO - Setting next_dagrun for dataset_with_extra_by_yield to 2026-06-05 00:00:00+00:00, run_after=2026-06-06 00:00:00+00:00
[2026-06-06T20:27:50.359+0000] {logging_mixin.py:190} INFO - [2026-06-06T20:27:50.359+0000] {dag.py:4180} INFO - Setting next_dagrun for dataset_with_extra_from_classic_operator to 2026-06-05 00:00:00+00:00, run_after=2026-06-06 00:00:00+00:00
[2026-06-06T20:27:50.403+0000] {processor.py:208} INFO - Processing /home/airflow/.local/lib/python3.12/site-packages/airflow/example_dags/example_outlet_event_extra.py took 12.078 seconds
[2026-06-06T20:28:26.441+0000] {processor.py:186} INFO - Started process (PID=1618) to work on /home/airflow/.local/lib/python3.12/site-packages/airflow/example_dags/example_outlet_event_extra.py
[2026-06-06T20:28:26.449+0000] {processor.py:914} INFO - Processing file /home/airflow/.local/lib/python3.12/site-packages/airflow/example_dags/example_outlet_event_extra.py for tasks to queue
[2026-06-06T20:28:26.460+0000] {logging_mixin.py:190} INFO - [2026-06-06T20:28:26.455+0000] {dagbag.py:588} INFO - Filling up the DagBag from /home/airflow/.local/lib/python3.12/site-packages/airflow/example_dags/example_outlet_event_extra.py
[2026-06-06T20:28:39.832+0000] {processor.py:925} INFO - DAG(s) 'dataset_with_extra_by_yield', 'dataset_with_extra_by_context', 'dataset_with_extra_from_classic_operator' retrieved from /home/airflow/.local/lib/python3.12/site-packages/airflow/example_dags/example_outlet_event_extra.py
[2026-06-06T20:28:39.898+0000] {logging_mixin.py:190} INFO - [2026-06-06T20:28:39.897+0000] {dag.py:3239} INFO - Sync 3 DAGs
[2026-06-06T20:28:39.944+0000] {logging_mixin.py:190} INFO - [2026-06-06T20:28:39.944+0000] {dag.py:4180} INFO - Setting next_dagrun for dataset_with_extra_by_context to 2026-06-05 00:00:00+00:00, run_after=2026-06-06 00:00:00+00:00
[2026-06-06T20:28:39.955+0000] {logging_mixin.py:190} INFO - [2026-06-06T20:28:39.954+0000] {dag.py:4180} INFO - Setting next_dagrun for dataset_with_extra_by_yield to 2026-06-05 00:00:00+00:00, run_after=2026-06-06 00:00:00+00:00
[2026-06-06T20:28:39.959+0000] {logging_mixin.py:190} INFO - [2026-06-06T20:28:39.959+0000] {dag.py:4180} INFO - Setting next_dagrun for dataset_with_extra_from_classic_operator to 2026-06-05 00:00:00+00:00, run_after=2026-06-06 00:00:00+00:00
[2026-06-06T20:28:40.002+0000] {processor.py:208} INFO - Processing /home/airflow/.local/lib/python3.12/site-packages/airflow/example_dags/example_outlet_event_extra.py took 13.576 seconds
[2026-06-06T20:29:12.521+0000] {processor.py:186} INFO - Started process (PID=1690) to work on /home/airflow/.local/lib/python3.12/site-packages/airflow/example_dags/example_outlet_event_extra.py
[2026-06-06T20:29:12.524+0000] {processor.py:914} INFO - Processing file /home/airflow/.local/lib/python3.12/site-packages/airflow/example_dags/example_outlet_event_extra.py for tasks to queue
[2026-06-06T20:29:12.540+0000] {logging_mixin.py:190} INFO - [2026-06-06T20:29:12.535+0000] {dagbag.py:588} INFO - Filling up the DagBag from /home/airflow/.local/lib/python3.12/site-packages/airflow/example_dags/example_outlet_event_extra.py
[2026-06-06T20:29:26.854+0000] {processor.py:925} INFO - DAG(s) 'dataset_with_extra_by_yield', 'dataset_with_extra_from_classic_operator', 'dataset_with_extra_by_context' retrieved from /home/airflow/.local/lib/python3.12/site-packages/airflow/example_dags/example_outlet_event_extra.py
[2026-06-06T20:29:26.910+0000] {logging_mixin.py:190} INFO - [2026-06-06T20:29:26.910+0000] {dag.py:3239} INFO - Sync 3 DAGs
[2026-06-06T20:29:26.959+0000] {logging_mixin.py:190} INFO - [2026-06-06T20:29:26.959+0000] {dag.py:4180} INFO - Setting next_dagrun for dataset_with_extra_by_context to 2026-06-05 00:00:00+00:00, run_after=2026-06-06 00:00:00+00:00
[2026-06-06T20:29:26.970+0000] {logging_mixin.py:190} INFO - [2026-06-06T20:29:26.969+0000] {dag.py:4180} INFO - Setting next_dagrun for dataset_with_extra_by_yield to 2026-06-05 00:00:00+00:00, run_after=2026-06-06 00:00:00+00:00
[2026-06-06T20:29:26.974+0000] {logging_mixin.py:190} INFO - [2026-06-06T20:29:26.974+0000] {dag.py:4180} INFO - Setting next_dagrun for dataset_with_extra_from_classic_operator to 2026-06-05 00:00:00+00:00, run_after=2026-06-06 00:00:00+00:00
[2026-06-06T20:29:27.021+0000] {processor.py:208} INFO - Processing /home/airflow/.local/lib/python3.12/site-packages/airflow/example_dags/example_outlet_event_extra.py took 14.523 seconds
[2026-06-06T20:29:57.654+0000] {processor.py:186} INFO - Started process (PID=1772) to work on /home/airflow/.local/lib/python3.12/site-packages/airflow/example_dags/example_outlet_event_extra.py
[2026-06-06T20:29:57.657+0000] {processor.py:914} INFO - Processing file /home/airflow/.local/lib/python3.12/site-packages/airflow/example_dags/example_outlet_event_extra.py for tasks to queue
[2026-06-06T20:29:57.664+0000] {logging_mixin.py:190} INFO - [2026-06-06T20:29:57.663+0000] {dagbag.py:588} INFO - Filling up the DagBag from /home/airflow/.local/lib/python3.12/site-packages/airflow/example_dags/example_outlet_event_extra.py
[2026-06-06T20:30:09.675+0000] {processor.py:925} INFO - DAG(s) 'dataset_with_extra_from_classic_operator', 'dataset_with_extra_by_context', 'dataset_with_extra_by_yield' retrieved from /home/airflow/.local/lib/python3.12/site-packages/airflow/example_dags/example_outlet_event_extra.py
[2026-06-06T20:30:09.731+0000] {logging_mixin.py:190} INFO - [2026-06-06T20:30:09.731+0000] {dag.py:3239} INFO - Sync 3 DAGs
[2026-06-06T20:30:09.765+0000] {logging_mixin.py:190} INFO - [2026-06-06T20:30:09.764+0000] {dag.py:4180} INFO - Setting next_dagrun for dataset_with_extra_by_context to 2026-06-05 00:00:00+00:00, run_after=2026-06-06 00:00:00+00:00
[2026-06-06T20:30:09.772+0000] {logging_mixin.py:190} INFO - [2026-06-06T20:30:09.771+0000] {dag.py:4180} INFO - Setting next_dagrun for dataset_with_extra_by_yield to 2026-06-05 00:00:00+00:00, run_after=2026-06-06 00:00:00+00:00
[2026-06-06T20:30:09.775+0000] {logging_mixin.py:190} INFO - [2026-06-06T20:30:09.775+0000] {dag.py:4180} INFO - Setting next_dagrun for dataset_with_extra_from_classic_operator to 2026-06-05 00:00:00+00:00, run_after=2026-06-06 00:00:00+00:00
[2026-06-06T20:30:09.808+0000] {processor.py:208} INFO - Processing /home/airflow/.local/lib/python3.12/site-packages/airflow/example_dags/example_outlet_event_extra.py took 12.168 seconds
[2026-06-06T20:30:44.761+0000] {processor.py:186} INFO - Started process (PID=1850) to work on /home/airflow/.local/lib/python3.12/site-packages/airflow/example_dags/example_outlet_event_extra.py
[2026-06-06T20:30:44.766+0000] {processor.py:914} INFO - Processing file /home/airflow/.local/lib/python3.12/site-packages/airflow/example_dags/example_outlet_event_extra.py for tasks to queue
[2026-06-06T20:30:44.773+0000] {logging_mixin.py:190} INFO - [2026-06-06T20:30:44.772+0000] {dagbag.py:588} INFO - Filling up the DagBag from /home/airflow/.local/lib/python3.12/site-packages/airflow/example_dags/example_outlet_event_extra.py
[2026-06-06T20:30:57.930+0000] {processor.py:925} INFO - DAG(s) 'dataset_with_extra_by_context', 'dataset_with_extra_from_classic_operator', 'dataset_with_extra_by_yield' retrieved from /home/airflow/.local/lib/python3.12/site-packages/airflow/example_dags/example_outlet_event_extra.py
[2026-06-06T20:30:58.008+0000] {logging_mixin.py:190} INFO - [2026-06-06T20:30:58.007+0000] {dag.py:3239} INFO - Sync 3 DAGs
[2026-06-06T20:30:58.075+0000] {logging_mixin.py:190} INFO - [2026-06-06T20:30:58.075+0000] {dag.py:4180} INFO - Setting next_dagrun for dataset_with_extra_by_context to 2026-06-05 00:00:00+00:00, run_after=2026-06-06 00:00:00+00:00
[2026-06-06T20:30:58.093+0000] {logging_mixin.py:190} INFO - [2026-06-06T20:30:58.093+0000] {dag.py:4180} INFO - Setting next_dagrun for dataset_with_extra_by_yield to 2026-06-05 00:00:00+00:00, run_after=2026-06-06 00:00:00+00:00
[2026-06-06T20:30:58.102+0000] {logging_mixin.py:190} INFO - [2026-06-06T20:30:58.102+0000] {dag.py:4180} INFO - Setting next_dagrun for dataset_with_extra_from_classic_operator to 2026-06-05 00:00:00+00:00, run_after=2026-06-06 00:00:00+00:00
[2026-06-06T20:30:58.148+0000] {processor.py:208} INFO - Processing /home/airflow/.local/lib/python3.12/site-packages/airflow/example_dags/example_outlet_event_extra.py took 13.400 seconds
[2026-06-06T20:31:31.043+0000] {processor.py:186} INFO - Started process (PID=1933) to work on /home/airflow/.local/lib/python3.12/site-packages/airflow/example_dags/example_outlet_event_extra.py
[2026-06-06T20:31:31.049+0000] {processor.py:914} INFO - Processing file /home/airflow/.local/lib/python3.12/site-packages/airflow/example_dags/example_outlet_event_extra.py for tasks to queue
[2026-06-06T20:31:31.062+0000] {logging_mixin.py:190} INFO - [2026-06-06T20:31:31.058+0000] {dagbag.py:588} INFO - Filling up the DagBag from /home/airflow/.local/lib/python3.12/site-packages/airflow/example_dags/example_outlet_event_extra.py
[2026-06-06T20:31:44.460+0000] {processor.py:925} INFO - DAG(s) 'dataset_with_extra_from_classic_operator', 'dataset_with_extra_by_context', 'dataset_with_extra_by_yield' retrieved from /home/airflow/.local/lib/python3.12/site-packages/airflow/example_dags/example_outlet_event_extra.py
[2026-06-06T20:31:44.504+0000] {logging_mixin.py:190} INFO - [2026-06-06T20:31:44.504+0000] {dag.py:3239} INFO - Sync 3 DAGs
[2026-06-06T20:31:44.547+0000] {logging_mixin.py:190} INFO - [2026-06-06T20:31:44.547+0000] {dag.py:4180} INFO - Setting next_dagrun for dataset_with_extra_by_context to 2026-06-05 00:00:00+00:00, run_after=2026-06-06 00:00:00+00:00
[2026-06-06T20:31:44.557+0000] {logging_mixin.py:190} INFO - [2026-06-06T20:31:44.557+0000] {dag.py:4180} INFO - Setting next_dagrun for dataset_with_extra_by_yield to 2026-06-05 00:00:00+00:00, run_after=2026-06-06 00:00:00+00:00
[2026-06-06T20:31:44.562+0000] {logging_mixin.py:190} INFO - [2026-06-06T20:31:44.562+0000] {dag.py:4180} INFO - Setting next_dagrun for dataset_with_extra_from_classic_operator to 2026-06-05 00:00:00+00:00, run_after=2026-06-06 00:00:00+00:00
[2026-06-06T20:31:44.602+0000] {processor.py:208} INFO - Processing /home/airflow/.local/lib/python3.12/site-packages/airflow/example_dags/example_outlet_event_extra.py took 13.575 seconds
[2026-06-06T20:32:26.128+0000] {processor.py:186} INFO - Started process (PID=2017) to work on /home/airflow/.local/lib/python3.12/site-packages/airflow/example_dags/example_outlet_event_extra.py
[2026-06-06T20:32:26.130+0000] {processor.py:914} INFO - Processing file /home/airflow/.local/lib/python3.12/site-packages/airflow/example_dags/example_outlet_event_extra.py for tasks to queue
[2026-06-06T20:32:26.139+0000] {logging_mixin.py:190} INFO - [2026-06-06T20:32:26.138+0000] {dagbag.py:588} INFO - Filling up the DagBag from /home/airflow/.local/lib/python3.12/site-packages/airflow/example_dags/example_outlet_event_extra.py
[2026-06-06T20:32:40.329+0000] {processor.py:925} INFO - DAG(s) 'dataset_with_extra_from_classic_operator', 'dataset_with_extra_by_yield', 'dataset_with_extra_by_context' retrieved from /home/airflow/.local/lib/python3.12/site-packages/airflow/example_dags/example_outlet_event_extra.py
[2026-06-06T20:32:40.439+0000] {logging_mixin.py:190} INFO - [2026-06-06T20:32:40.438+0000] {dag.py:3239} INFO - Sync 3 DAGs
[2026-06-06T20:32:40.511+0000] {logging_mixin.py:190} INFO - [2026-06-06T20:32:40.509+0000] {dag.py:4180} INFO - Setting next_dagrun for dataset_with_extra_by_context to 2026-06-05 00:00:00+00:00, run_after=2026-06-06 00:00:00+00:00
[2026-06-06T20:32:40.527+0000] {logging_mixin.py:190} INFO - [2026-06-06T20:32:40.527+0000] {dag.py:4180} INFO - Setting next_dagrun for dataset_with_extra_by_yield to 2026-06-05 00:00:00+00:00, run_after=2026-06-06 00:00:00+00:00
[2026-06-06T20:32:40.537+0000] {logging_mixin.py:190} INFO - [2026-06-06T20:32:40.535+0000] {dag.py:4180} INFO - Setting next_dagrun for dataset_with_extra_from_classic_operator to 2026-06-05 00:00:00+00:00, run_after=2026-06-06 00:00:00+00:00
[2026-06-06T20:32:40.609+0000] {processor.py:208} INFO - Processing /home/airflow/.local/lib/python3.12/site-packages/airflow/example_dags/example_outlet_event_extra.py took 14.499 seconds
[2026-06-06T20:33:11.534+0000] {processor.py:186} INFO - Started process (PID=2086) to work on /home/airflow/.local/lib/python3.12/site-packages/airflow/example_dags/example_outlet_event_extra.py
[2026-06-06T20:33:11.537+0000] {processor.py:914} INFO - Processing file /home/airflow/.local/lib/python3.12/site-packages/airflow/example_dags/example_outlet_event_extra.py for tasks to queue
[2026-06-06T20:33:11.544+0000] {logging_mixin.py:190} INFO - [2026-06-06T20:33:11.542+0000] {dagbag.py:588} INFO - Filling up the DagBag from /home/airflow/.local/lib/python3.12/site-packages/airflow/example_dags/example_outlet_event_extra.py
[2026-06-06T20:33:23.026+0000] {processor.py:925} INFO - DAG(s) 'dataset_with_extra_by_context', 'dataset_with_extra_from_classic_operator', 'dataset_with_extra_by_yield' retrieved from /home/airflow/.local/lib/python3.12/site-packages/airflow/example_dags/example_outlet_event_extra.py
[2026-06-06T20:33:23.070+0000] {logging_mixin.py:190} INFO - [2026-06-06T20:33:23.069+0000] {dag.py:3239} INFO - Sync 3 DAGs
[2026-06-06T20:33:23.101+0000] {logging_mixin.py:190} INFO - [2026-06-06T20:33:23.100+0000] {dag.py:4180} INFO - Setting next_dagrun for dataset_with_extra_by_context to 2026-06-05 00:00:00+00:00, run_after=2026-06-06 00:00:00+00:00
[2026-06-06T20:33:23.109+0000] {logging_mixin.py:190} INFO - [2026-06-06T20:33:23.109+0000] {dag.py:4180} INFO - Setting next_dagrun for dataset_with_extra_by_yield to 2026-06-05 00:00:00+00:00, run_after=2026-06-06 00:00:00+00:00
[2026-06-06T20:33:23.113+0000] {logging_mixin.py:190} INFO - [2026-06-06T20:33:23.113+0000] {dag.py:4180} INFO - Setting next_dagrun for dataset_with_extra_from_classic_operator to 2026-06-05 00:00:00+00:00, run_after=2026-06-06 00:00:00+00:00
[2026-06-06T20:33:23.149+0000] {processor.py:208} INFO - Processing /home/airflow/.local/lib/python3.12/site-packages/airflow/example_dags/example_outlet_event_extra.py took 11.629 seconds
[2026-06-06T20:33:55.841+0000] {processor.py:186} INFO - Started process (PID=2161) to work on /home/airflow/.local/lib/python3.12/site-packages/airflow/example_dags/example_outlet_event_extra.py
[2026-06-06T20:33:55.845+0000] {processor.py:914} INFO - Processing file /home/airflow/.local/lib/python3.12/site-packages/airflow/example_dags/example_outlet_event_extra.py for tasks to queue
[2026-06-06T20:33:55.853+0000] {logging_mixin.py:190} INFO - [2026-06-06T20:33:55.852+0000] {dagbag.py:588} INFO - Filling up the DagBag from /home/airflow/.local/lib/python3.12/site-packages/airflow/example_dags/example_outlet_event_extra.py
[2026-06-06T20:34:07.012+0000] {processor.py:925} INFO - DAG(s) 'dataset_with_extra_from_classic_operator', 'dataset_with_extra_by_yield', 'dataset_with_extra_by_context' retrieved from /home/airflow/.local/lib/python3.12/site-packages/airflow/example_dags/example_outlet_event_extra.py
[2026-06-06T20:34:07.086+0000] {logging_mixin.py:190} INFO - [2026-06-06T20:34:07.086+0000] {dag.py:3239} INFO - Sync 3 DAGs
[2026-06-06T20:34:07.144+0000] {logging_mixin.py:190} INFO - [2026-06-06T20:34:07.144+0000] {dag.py:4180} INFO - Setting next_dagrun for dataset_with_extra_by_context to 2026-06-05 00:00:00+00:00, run_after=2026-06-06 00:00:00+00:00
[2026-06-06T20:34:07.161+0000] {logging_mixin.py:190} INFO - [2026-06-06T20:34:07.160+0000] {dag.py:4180} INFO - Setting next_dagrun for dataset_with_extra_by_yield to 2026-06-05 00:00:00+00:00, run_after=2026-06-06 00:00:00+00:00
[2026-06-06T20:34:07.169+0000] {logging_mixin.py:190} INFO - [2026-06-06T20:34:07.169+0000] {dag.py:4180} INFO - Setting next_dagrun for dataset_with_extra_from_classic_operator to 2026-06-05 00:00:00+00:00, run_after=2026-06-06 00:00:00+00:00
[2026-06-06T20:34:07.225+0000] {processor.py:208} INFO - Processing /home/airflow/.local/lib/python3.12/site-packages/airflow/example_dags/example_outlet_event_extra.py took 11.413 seconds
[2026-06-06T20:34:50.738+0000] {processor.py:186} INFO - Started process (PID=2266) to work on /home/airflow/.local/lib/python3.12/site-packages/airflow/example_dags/example_outlet_event_extra.py
[2026-06-06T20:34:50.741+0000] {processor.py:914} INFO - Processing file /home/airflow/.local/lib/python3.12/site-packages/airflow/example_dags/example_outlet_event_extra.py for tasks to queue
[2026-06-06T20:34:50.747+0000] {logging_mixin.py:190} INFO - [2026-06-06T20:34:50.746+0000] {dagbag.py:588} INFO - Filling up the DagBag from /home/airflow/.local/lib/python3.12/site-packages/airflow/example_dags/example_outlet_event_extra.py
[2026-06-06T20:35:00.357+0000] {processor.py:925} INFO - DAG(s) 'dataset_with_extra_from_classic_operator', 'dataset_with_extra_by_yield', 'dataset_with_extra_by_context' retrieved from /home/airflow/.local/lib/python3.12/site-packages/airflow/example_dags/example_outlet_event_extra.py
[2026-06-06T20:35:00.404+0000] {logging_mixin.py:190} INFO - [2026-06-06T20:35:00.404+0000] {dag.py:3239} INFO - Sync 3 DAGs
[2026-06-06T20:35:00.439+0000] {logging_mixin.py:190} INFO - [2026-06-06T20:35:00.439+0000] {dag.py:4180} INFO - Setting next_dagrun for dataset_with_extra_by_context to 2026-06-05 00:00:00+00:00, run_after=2026-06-06 00:00:00+00:00
[2026-06-06T20:35:00.451+0000] {logging_mixin.py:190} INFO - [2026-06-06T20:35:00.451+0000] {dag.py:4180} INFO - Setting next_dagrun for dataset_with_extra_by_yield to 2026-06-05 00:00:00+00:00, run_after=2026-06-06 00:00:00+00:00
[2026-06-06T20:35:00.455+0000] {logging_mixin.py:190} INFO - [2026-06-06T20:35:00.455+0000] {dag.py:4180} INFO - Setting next_dagrun for dataset_with_extra_from_classic_operator to 2026-06-05 00:00:00+00:00, run_after=2026-06-06 00:00:00+00:00
[2026-06-06T20:35:00.485+0000] {processor.py:208} INFO - Processing /home/airflow/.local/lib/python3.12/site-packages/airflow/example_dags/example_outlet_event_extra.py took 9.758 seconds
[2026-06-06T20:35:33.092+0000] {processor.py:186} INFO - Started process (PID=2336) to work on /home/airflow/.local/lib/python3.12/site-packages/airflow/example_dags/example_outlet_event_extra.py
[2026-06-06T20:35:33.099+0000] {processor.py:914} INFO - Processing file /home/airflow/.local/lib/python3.12/site-packages/airflow/example_dags/example_outlet_event_extra.py for tasks to queue
[2026-06-06T20:35:33.109+0000] {logging_mixin.py:190} INFO - [2026-06-06T20:35:33.108+0000] {dagbag.py:588} INFO - Filling up the DagBag from /home/airflow/.local/lib/python3.12/site-packages/airflow/example_dags/example_outlet_event_extra.py
[2026-06-06T20:35:43.478+0000] {processor.py:925} INFO - DAG(s) 'dataset_with_extra_from_classic_operator', 'dataset_with_extra_by_context', 'dataset_with_extra_by_yield' retrieved from /home/airflow/.local/lib/python3.12/site-packages/airflow/example_dags/example_outlet_event_extra.py
[2026-06-06T20:35:43.548+0000] {logging_mixin.py:190} INFO - [2026-06-06T20:35:43.548+0000] {dag.py:3239} INFO - Sync 3 DAGs
[2026-06-06T20:35:43.601+0000] {logging_mixin.py:190} INFO - [2026-06-06T20:35:43.601+0000] {dag.py:4180} INFO - Setting next_dagrun for dataset_with_extra_by_context to 2026-06-05 00:00:00+00:00, run_after=2026-06-06 00:00:00+00:00
[2026-06-06T20:35:43.619+0000] {logging_mixin.py:190} INFO - [2026-06-06T20:35:43.619+0000] {dag.py:4180} INFO - Setting next_dagrun for dataset_with_extra_by_yield to 2026-06-05 00:00:00+00:00, run_after=2026-06-06 00:00:00+00:00
[2026-06-06T20:35:43.628+0000] {logging_mixin.py:190} INFO - [2026-06-06T20:35:43.627+0000] {dag.py:4180} INFO - Setting next_dagrun for dataset_with_extra_from_classic_operator to 2026-06-05 00:00:00+00:00, run_after=2026-06-06 00:00:00+00:00
[2026-06-06T20:35:43.693+0000] {processor.py:208} INFO - Processing /home/airflow/.local/lib/python3.12/site-packages/airflow/example_dags/example_outlet_event_extra.py took 10.622 seconds
[2026-06-06T20:36:16.641+0000] {processor.py:186} INFO - Started process (PID=2403) to work on /home/airflow/.local/lib/python3.12/site-packages/airflow/example_dags/example_outlet_event_extra.py
[2026-06-06T20:36:16.644+0000] {processor.py:914} INFO - Processing file /home/airflow/.local/lib/python3.12/site-packages/airflow/example_dags/example_outlet_event_extra.py for tasks to queue
[2026-06-06T20:36:16.650+0000] {logging_mixin.py:190} INFO - [2026-06-06T20:36:16.649+0000] {dagbag.py:588} INFO - Filling up the DagBag from /home/airflow/.local/lib/python3.12/site-packages/airflow/example_dags/example_outlet_event_extra.py
[2026-06-06T20:36:26.992+0000] {processor.py:925} INFO - DAG(s) 'dataset_with_extra_by_context', 'dataset_with_extra_by_yield', 'dataset_with_extra_from_classic_operator' retrieved from /home/airflow/.local/lib/python3.12/site-packages/airflow/example_dags/example_outlet_event_extra.py
[2026-06-06T20:36:27.055+0000] {logging_mixin.py:190} INFO - [2026-06-06T20:36:27.054+0000] {dag.py:3239} INFO - Sync 3 DAGs
[2026-06-06T20:36:27.108+0000] {logging_mixin.py:190} INFO - [2026-06-06T20:36:27.104+0000] {dag.py:4180} INFO - Setting next_dagrun for dataset_with_extra_by_context to 2026-06-05 00:00:00+00:00, run_after=2026-06-06 00:00:00+00:00
[2026-06-06T20:36:27.120+0000] {logging_mixin.py:190} INFO - [2026-06-06T20:36:27.119+0000] {dag.py:4180} INFO - Setting next_dagrun for dataset_with_extra_by_yield to 2026-06-05 00:00:00+00:00, run_after=2026-06-06 00:00:00+00:00
[2026-06-06T20:36:27.126+0000] {logging_mixin.py:190} INFO - [2026-06-06T20:36:27.126+0000] {dag.py:4180} INFO - Setting next_dagrun for dataset_with_extra_from_classic_operator to 2026-06-05 00:00:00+00:00, run_after=2026-06-06 00:00:00+00:00
[2026-06-06T20:36:27.174+0000] {processor.py:208} INFO - Processing /home/airflow/.local/lib/python3.12/site-packages/airflow/example_dags/example_outlet_event_extra.py took 10.546 seconds
[2026-06-06T20:36:57.922+0000] {processor.py:186} INFO - Started process (PID=2475) to work on /home/airflow/.local/lib/python3.12/site-packages/airflow/example_dags/example_outlet_event_extra.py
[2026-06-06T20:36:57.924+0000] {processor.py:914} INFO - Processing file /home/airflow/.local/lib/python3.12/site-packages/airflow/example_dags/example_outlet_event_extra.py for tasks to queue
[2026-06-06T20:36:57.929+0000] {logging_mixin.py:190} INFO - [2026-06-06T20:36:57.929+0000] {dagbag.py:588} INFO - Filling up the DagBag from /home/airflow/.local/lib/python3.12/site-packages/airflow/example_dags/example_outlet_event_extra.py
[2026-06-06T20:37:07.908+0000] {processor.py:925} INFO - DAG(s) 'dataset_with_extra_from_classic_operator', 'dataset_with_extra_by_yield', 'dataset_with_extra_by_context' retrieved from /home/airflow/.local/lib/python3.12/site-packages/airflow/example_dags/example_outlet_event_extra.py
[2026-06-06T20:37:08.001+0000] {logging_mixin.py:190} INFO - [2026-06-06T20:37:08.000+0000] {dag.py:3239} INFO - Sync 3 DAGs
[2026-06-06T20:37:08.105+0000] {logging_mixin.py:190} INFO - [2026-06-06T20:37:08.104+0000] {dag.py:4180} INFO - Setting next_dagrun for dataset_with_extra_by_context to 2026-06-05 00:00:00+00:00, run_after=2026-06-06 00:00:00+00:00
[2026-06-06T20:37:08.121+0000] {logging_mixin.py:190} INFO - [2026-06-06T20:37:08.120+0000] {dag.py:4180} INFO - Setting next_dagrun for dataset_with_extra_by_yield to 2026-06-05 00:00:00+00:00, run_after=2026-06-06 00:00:00+00:00
[2026-06-06T20:37:08.127+0000] {logging_mixin.py:190} INFO - [2026-06-06T20:37:08.127+0000] {dag.py:4180} INFO - Setting next_dagrun for dataset_with_extra_from_classic_operator to 2026-06-05 00:00:00+00:00, run_after=2026-06-06 00:00:00+00:00
[2026-06-06T20:37:08.199+0000] {processor.py:208} INFO - Processing /home/airflow/.local/lib/python3.12/site-packages/airflow/example_dags/example_outlet_event_extra.py took 10.286 seconds
[2026-06-06T20:40:25.838+0000] {processor.py:186} INFO - Started process (PID=127) to work on /home/airflow/.local/lib/python3.12/site-packages/airflow/example_dags/example_outlet_event_extra.py
[2026-06-06T20:40:25.840+0000] {processor.py:914} INFO - Processing file /home/airflow/.local/lib/python3.12/site-packages/airflow/example_dags/example_outlet_event_extra.py for tasks to queue
[2026-06-06T20:40:25.850+0000] {logging_mixin.py:190} INFO - [2026-06-06T20:40:25.849+0000] {dagbag.py:588} INFO - Filling up the DagBag from /home/airflow/.local/lib/python3.12/site-packages/airflow/example_dags/example_outlet_event_extra.py
[2026-06-06T20:40:38.298+0000] {processor.py:925} INFO - DAG(s) 'dataset_with_extra_by_context', 'dataset_with_extra_from_classic_operator', 'dataset_with_extra_by_yield' retrieved from /home/airflow/.local/lib/python3.12/site-packages/airflow/example_dags/example_outlet_event_extra.py
[2026-06-06T20:40:38.349+0000] {logging_mixin.py:190} INFO - [2026-06-06T20:40:38.349+0000] {dag.py:3239} INFO - Sync 3 DAGs
[2026-06-06T20:40:38.385+0000] {logging_mixin.py:190} INFO - [2026-06-06T20:40:38.385+0000] {dag.py:4180} INFO - Setting next_dagrun for dataset_with_extra_by_context to 2026-06-05 00:00:00+00:00, run_after=2026-06-06 00:00:00+00:00
[2026-06-06T20:40:38.395+0000] {logging_mixin.py:190} INFO - [2026-06-06T20:40:38.394+0000] {dag.py:4180} INFO - Setting next_dagrun for dataset_with_extra_by_yield to 2026-06-05 00:00:00+00:00, run_after=2026-06-06 00:00:00+00:00
[2026-06-06T20:40:38.400+0000] {logging_mixin.py:190} INFO - [2026-06-06T20:40:38.399+0000] {dag.py:4180} INFO - Setting next_dagrun for dataset_with_extra_from_classic_operator to 2026-06-05 00:00:00+00:00, run_after=2026-06-06 00:00:00+00:00
[2026-06-06T20:40:38.442+0000] {processor.py:208} INFO - Processing /home/airflow/.local/lib/python3.12/site-packages/airflow/example_dags/example_outlet_event_extra.py took 12.632 seconds
[2026-06-06T20:41:21.249+0000] {processor.py:186} INFO - Started process (PID=220) to work on /home/airflow/.local/lib/python3.12/site-packages/airflow/example_dags/example_outlet_event_extra.py
[2026-06-06T20:41:21.252+0000] {processor.py:914} INFO - Processing file /home/airflow/.local/lib/python3.12/site-packages/airflow/example_dags/example_outlet_event_extra.py for tasks to queue
[2026-06-06T20:41:21.259+0000] {logging_mixin.py:190} INFO - [2026-06-06T20:41:21.258+0000] {dagbag.py:588} INFO - Filling up the DagBag from /home/airflow/.local/lib/python3.12/site-packages/airflow/example_dags/example_outlet_event_extra.py
[2026-06-06T20:41:34.653+0000] {processor.py:925} INFO - DAG(s) 'dataset_with_extra_by_yield', 'dataset_with_extra_from_classic_operator', 'dataset_with_extra_by_context' retrieved from /home/airflow/.local/lib/python3.12/site-packages/airflow/example_dags/example_outlet_event_extra.py
[2026-06-06T20:41:34.728+0000] {logging_mixin.py:190} INFO - [2026-06-06T20:41:34.728+0000] {dag.py:3239} INFO - Sync 3 DAGs
[2026-06-06T20:41:34.795+0000] {logging_mixin.py:190} INFO - [2026-06-06T20:41:34.793+0000] {dag.py:4180} INFO - Setting next_dagrun for dataset_with_extra_by_context to 2026-06-05 00:00:00+00:00, run_after=2026-06-06 00:00:00+00:00
[2026-06-06T20:41:34.811+0000] {logging_mixin.py:190} INFO - [2026-06-06T20:41:34.810+0000] {dag.py:4180} INFO - Setting next_dagrun for dataset_with_extra_by_yield to 2026-06-05 00:00:00+00:00, run_after=2026-06-06 00:00:00+00:00
[2026-06-06T20:41:34.821+0000] {logging_mixin.py:190} INFO - [2026-06-06T20:41:34.821+0000] {dag.py:4180} INFO - Setting next_dagrun for dataset_with_extra_from_classic_operator to 2026-06-05 00:00:00+00:00, run_after=2026-06-06 00:00:00+00:00
[2026-06-06T20:41:34.890+0000] {processor.py:208} INFO - Processing /home/airflow/.local/lib/python3.12/site-packages/airflow/example_dags/example_outlet_event_extra.py took 13.641 seconds
[2026-06-06T20:42:06.341+0000] {processor.py:186} INFO - Started process (PID=295) to work on /home/airflow/.local/lib/python3.12/site-packages/airflow/example_dags/example_outlet_event_extra.py
[2026-06-06T20:42:06.357+0000] {processor.py:914} INFO - Processing file /home/airflow/.local/lib/python3.12/site-packages/airflow/example_dags/example_outlet_event_extra.py for tasks to queue
[2026-06-06T20:42:06.393+0000] {logging_mixin.py:190} INFO - [2026-06-06T20:42:06.392+0000] {dagbag.py:588} INFO - Filling up the DagBag from /home/airflow/.local/lib/python3.12/site-packages/airflow/example_dags/example_outlet_event_extra.py
[2026-06-06T20:42:18.965+0000] {processor.py:925} INFO - DAG(s) 'dataset_with_extra_from_classic_operator', 'dataset_with_extra_by_yield', 'dataset_with_extra_by_context' retrieved from /home/airflow/.local/lib/python3.12/site-packages/airflow/example_dags/example_outlet_event_extra.py
[2026-06-06T20:42:19.022+0000] {logging_mixin.py:190} INFO - [2026-06-06T20:42:19.022+0000] {dag.py:3239} INFO - Sync 3 DAGs
[2026-06-06T20:42:19.073+0000] {logging_mixin.py:190} INFO - [2026-06-06T20:42:19.073+0000] {dag.py:4180} INFO - Setting next_dagrun for dataset_with_extra_by_context to 2026-06-05 00:00:00+00:00, run_after=2026-06-06 00:00:00+00:00
[2026-06-06T20:42:19.092+0000] {logging_mixin.py:190} INFO - [2026-06-06T20:42:19.086+0000] {dag.py:4180} INFO - Setting next_dagrun for dataset_with_extra_by_yield to 2026-06-05 00:00:00+00:00, run_after=2026-06-06 00:00:00+00:00
[2026-06-06T20:42:19.101+0000] {logging_mixin.py:190} INFO - [2026-06-06T20:42:19.101+0000] {dag.py:4180} INFO - Setting next_dagrun for dataset_with_extra_from_classic_operator to 2026-06-05 00:00:00+00:00, run_after=2026-06-06 00:00:00+00:00
[2026-06-06T20:42:19.160+0000] {processor.py:208} INFO - Processing /home/airflow/.local/lib/python3.12/site-packages/airflow/example_dags/example_outlet_event_extra.py took 12.939 seconds
[2026-06-06T20:42:58.018+0000] {processor.py:186} INFO - Started process (PID=365) to work on /home/airflow/.local/lib/python3.12/site-packages/airflow/example_dags/example_outlet_event_extra.py
[2026-06-06T20:42:58.021+0000] {processor.py:914} INFO - Processing file /home/airflow/.local/lib/python3.12/site-packages/airflow/example_dags/example_outlet_event_extra.py for tasks to queue
[2026-06-06T20:42:58.028+0000] {logging_mixin.py:190} INFO - [2026-06-06T20:42:58.027+0000] {dagbag.py:588} INFO - Filling up the DagBag from /home/airflow/.local/lib/python3.12/site-packages/airflow/example_dags/example_outlet_event_extra.py
[2026-06-06T20:43:13.176+0000] {processor.py:925} INFO - DAG(s) 'dataset_with_extra_by_yield', 'dataset_with_extra_by_context', 'dataset_with_extra_from_classic_operator' retrieved from /home/airflow/.local/lib/python3.12/site-packages/airflow/example_dags/example_outlet_event_extra.py
[2026-06-06T20:43:13.231+0000] {logging_mixin.py:190} INFO - [2026-06-06T20:43:13.231+0000] {dag.py:3239} INFO - Sync 3 DAGs
[2026-06-06T20:43:13.284+0000] {logging_mixin.py:190} INFO - [2026-06-06T20:43:13.284+0000] {dag.py:4180} INFO - Setting next_dagrun for dataset_with_extra_by_context to 2026-06-05 00:00:00+00:00, run_after=2026-06-06 00:00:00+00:00
[2026-06-06T20:43:13.295+0000] {logging_mixin.py:190} INFO - [2026-06-06T20:43:13.294+0000] {dag.py:4180} INFO - Setting next_dagrun for dataset_with_extra_by_yield to 2026-06-05 00:00:00+00:00, run_after=2026-06-06 00:00:00+00:00
[2026-06-06T20:43:13.301+0000] {logging_mixin.py:190} INFO - [2026-06-06T20:43:13.301+0000] {dag.py:4180} INFO - Setting next_dagrun for dataset_with_extra_from_classic_operator to 2026-06-05 00:00:00+00:00, run_after=2026-06-06 00:00:00+00:00
[2026-06-06T20:43:13.347+0000] {processor.py:208} INFO - Processing /home/airflow/.local/lib/python3.12/site-packages/airflow/example_dags/example_outlet_event_extra.py took 15.341 seconds
[2026-06-06T20:43:44.032+0000] {processor.py:186} INFO - Started process (PID=430) to work on /home/airflow/.local/lib/python3.12/site-packages/airflow/example_dags/example_outlet_event_extra.py
[2026-06-06T20:43:44.045+0000] {processor.py:914} INFO - Processing file /home/airflow/.local/lib/python3.12/site-packages/airflow/example_dags/example_outlet_event_extra.py for tasks to queue
[2026-06-06T20:43:44.082+0000] {logging_mixin.py:190} INFO - [2026-06-06T20:43:44.080+0000] {dagbag.py:588} INFO - Filling up the DagBag from /home/airflow/.local/lib/python3.12/site-packages/airflow/example_dags/example_outlet_event_extra.py
[2026-06-06T20:44:01.501+0000] {processor.py:925} INFO - DAG(s) 'dataset_with_extra_by_yield', 'dataset_with_extra_from_classic_operator', 'dataset_with_extra_by_context' retrieved from /home/airflow/.local/lib/python3.12/site-packages/airflow/example_dags/example_outlet_event_extra.py
[2026-06-06T20:44:01.612+0000] {logging_mixin.py:190} INFO - [2026-06-06T20:44:01.611+0000] {dag.py:3239} INFO - Sync 3 DAGs
[2026-06-06T20:44:01.665+0000] {logging_mixin.py:190} INFO - [2026-06-06T20:44:01.664+0000] {dag.py:4180} INFO - Setting next_dagrun for dataset_with_extra_by_context to 2026-06-05 00:00:00+00:00, run_after=2026-06-06 00:00:00+00:00
[2026-06-06T20:44:01.675+0000] {logging_mixin.py:190} INFO - [2026-06-06T20:44:01.675+0000] {dag.py:4180} INFO - Setting next_dagrun for dataset_with_extra_by_yield to 2026-06-05 00:00:00+00:00, run_after=2026-06-06 00:00:00+00:00
[2026-06-06T20:44:01.683+0000] {logging_mixin.py:190} INFO - [2026-06-06T20:44:01.682+0000] {dag.py:4180} INFO - Setting next_dagrun for dataset_with_extra_from_classic_operator to 2026-06-05 00:00:00+00:00, run_after=2026-06-06 00:00:00+00:00
[2026-06-06T20:44:01.747+0000] {processor.py:208} INFO - Processing /home/airflow/.local/lib/python3.12/site-packages/airflow/example_dags/example_outlet_event_extra.py took 17.753 seconds
[2026-06-06T20:44:54.042+0000] {processor.py:186} INFO - Started process (PID=540) to work on /home/airflow/.local/lib/python3.12/site-packages/airflow/example_dags/example_outlet_event_extra.py
[2026-06-06T20:44:54.045+0000] {processor.py:914} INFO - Processing file /home/airflow/.local/lib/python3.12/site-packages/airflow/example_dags/example_outlet_event_extra.py for tasks to queue
[2026-06-06T20:44:54.057+0000] {logging_mixin.py:190} INFO - [2026-06-06T20:44:54.057+0000] {dagbag.py:588} INFO - Filling up the DagBag from /home/airflow/.local/lib/python3.12/site-packages/airflow/example_dags/example_outlet_event_extra.py
[2026-06-06T20:45:15.643+0000] {processor.py:925} INFO - DAG(s) 'dataset_with_extra_by_context', 'dataset_with_extra_from_classic_operator', 'dataset_with_extra_by_yield' retrieved from /home/airflow/.local/lib/python3.12/site-packages/airflow/example_dags/example_outlet_event_extra.py
[2026-06-06T20:45:15.743+0000] {logging_mixin.py:190} INFO - [2026-06-06T20:45:15.742+0000] {dag.py:3239} INFO - Sync 3 DAGs
[2026-06-06T20:45:15.818+0000] {logging_mixin.py:190} INFO - [2026-06-06T20:45:15.817+0000] {dag.py:4180} INFO - Setting next_dagrun for dataset_with_extra_by_context to 2026-06-05 00:00:00+00:00, run_after=2026-06-06 00:00:00+00:00
[2026-06-06T20:45:15.848+0000] {logging_mixin.py:190} INFO - [2026-06-06T20:45:15.848+0000] {dag.py:4180} INFO - Setting next_dagrun for dataset_with_extra_by_yield to 2026-06-05 00:00:00+00:00, run_after=2026-06-06 00:00:00+00:00
[2026-06-06T20:45:15.861+0000] {logging_mixin.py:190} INFO - [2026-06-06T20:45:15.861+0000] {dag.py:4180} INFO - Setting next_dagrun for dataset_with_extra_from_classic_operator to 2026-06-05 00:00:00+00:00, run_after=2026-06-06 00:00:00+00:00
[2026-06-06T20:45:15.936+0000] {processor.py:208} INFO - Processing /home/airflow/.local/lib/python3.12/site-packages/airflow/example_dags/example_outlet_event_extra.py took 21.921 seconds
[2026-06-06T20:45:57.389+0000] {processor.py:186} INFO - Started process (PID=625) to work on /home/airflow/.local/lib/python3.12/site-packages/airflow/example_dags/example_outlet_event_extra.py
[2026-06-06T20:45:57.391+0000] {processor.py:914} INFO - Processing file /home/airflow/.local/lib/python3.12/site-packages/airflow/example_dags/example_outlet_event_extra.py for tasks to queue
[2026-06-06T20:45:57.398+0000] {logging_mixin.py:190} INFO - [2026-06-06T20:45:57.398+0000] {dagbag.py:588} INFO - Filling up the DagBag from /home/airflow/.local/lib/python3.12/site-packages/airflow/example_dags/example_outlet_event_extra.py
[2026-06-06T20:46:12.644+0000] {processor.py:925} INFO - DAG(s) 'dataset_with_extra_by_yield', 'dataset_with_extra_from_classic_operator', 'dataset_with_extra_by_context' retrieved from /home/airflow/.local/lib/python3.12/site-packages/airflow/example_dags/example_outlet_event_extra.py
[2026-06-06T20:46:12.735+0000] {logging_mixin.py:190} INFO - [2026-06-06T20:46:12.735+0000] {dag.py:3239} INFO - Sync 3 DAGs
[2026-06-06T20:46:12.802+0000] {logging_mixin.py:190} INFO - [2026-06-06T20:46:12.801+0000] {dag.py:4180} INFO - Setting next_dagrun for dataset_with_extra_by_context to 2026-06-05 00:00:00+00:00, run_after=2026-06-06 00:00:00+00:00
[2026-06-06T20:46:12.818+0000] {logging_mixin.py:190} INFO - [2026-06-06T20:46:12.818+0000] {dag.py:4180} INFO - Setting next_dagrun for dataset_with_extra_by_yield to 2026-06-05 00:00:00+00:00, run_after=2026-06-06 00:00:00+00:00
[2026-06-06T20:46:12.830+0000] {logging_mixin.py:190} INFO - [2026-06-06T20:46:12.830+0000] {dag.py:4180} INFO - Setting next_dagrun for dataset_with_extra_from_classic_operator to 2026-06-05 00:00:00+00:00, run_after=2026-06-06 00:00:00+00:00
[2026-06-06T20:46:12.893+0000] {processor.py:208} INFO - Processing /home/airflow/.local/lib/python3.12/site-packages/airflow/example_dags/example_outlet_event_extra.py took 15.531 seconds
[2026-06-06T20:46:44.673+0000] {processor.py:186} INFO - Started process (PID=687) to work on /home/airflow/.local/lib/python3.12/site-packages/airflow/example_dags/example_outlet_event_extra.py
[2026-06-06T20:46:44.676+0000] {processor.py:914} INFO - Processing file /home/airflow/.local/lib/python3.12/site-packages/airflow/example_dags/example_outlet_event_extra.py for tasks to queue
[2026-06-06T20:46:44.681+0000] {logging_mixin.py:190} INFO - [2026-06-06T20:46:44.681+0000] {dagbag.py:588} INFO - Filling up the DagBag from /home/airflow/.local/lib/python3.12/site-packages/airflow/example_dags/example_outlet_event_extra.py
[2026-06-06T20:46:58.164+0000] {processor.py:925} INFO - DAG(s) 'dataset_with_extra_by_yield', 'dataset_with_extra_from_classic_operator', 'dataset_with_extra_by_context' retrieved from /home/airflow/.local/lib/python3.12/site-packages/airflow/example_dags/example_outlet_event_extra.py
[2026-06-06T20:46:58.245+0000] {logging_mixin.py:190} INFO - [2026-06-06T20:46:58.244+0000] {dag.py:3239} INFO - Sync 3 DAGs
[2026-06-06T20:46:58.304+0000] {logging_mixin.py:190} INFO - [2026-06-06T20:46:58.304+0000] {dag.py:4180} INFO - Setting next_dagrun for dataset_with_extra_by_context to 2026-06-05 00:00:00+00:00, run_after=2026-06-06 00:00:00+00:00
[2026-06-06T20:46:58.320+0000] {logging_mixin.py:190} INFO - [2026-06-06T20:46:58.320+0000] {dag.py:4180} INFO - Setting next_dagrun for dataset_with_extra_by_yield to 2026-06-05 00:00:00+00:00, run_after=2026-06-06 00:00:00+00:00
[2026-06-06T20:46:58.331+0000] {logging_mixin.py:190} INFO - [2026-06-06T20:46:58.330+0000] {dag.py:4180} INFO - Setting next_dagrun for dataset_with_extra_from_classic_operator to 2026-06-05 00:00:00+00:00, run_after=2026-06-06 00:00:00+00:00
[2026-06-06T20:46:58.384+0000] {processor.py:208} INFO - Processing /home/airflow/.local/lib/python3.12/site-packages/airflow/example_dags/example_outlet_event_extra.py took 13.723 seconds
