[2026-06-06T20:13:38.650+0000] {processor.py:186} INFO - Started process (PID=72) to work on /home/airflow/.local/lib/python3.12/site-packages/airflow/example_dags/example_dataset_alias.py
[2026-06-06T20:13:38.651+0000] {processor.py:914} INFO - Processing file /home/airflow/.local/lib/python3.12/site-packages/airflow/example_dags/example_dataset_alias.py for tasks to queue
[2026-06-06T20:13:38.657+0000] {logging_mixin.py:190} INFO - [2026-06-06T20:13:38.656+0000] {dagbag.py:588} INFO - Filling up the DagBag from /home/airflow/.local/lib/python3.12/site-packages/airflow/example_dags/example_dataset_alias.py
[2026-06-06T20:13:56.710+0000] {processor.py:925} INFO - DAG(s) 'dataset_s3_bucket_consumer', 'dataset_alias_example_alias_producer', 'dataset_alias_example_alias_consumer', 'dataset_s3_bucket_producer' retrieved from /home/airflow/.local/lib/python3.12/site-packages/airflow/example_dags/example_dataset_alias.py
[2026-06-06T20:13:56.855+0000] {logging_mixin.py:190} INFO - [2026-06-06T20:13:56.854+0000] {override.py:1932} INFO - Created Permission View: can read on DAG:dataset_s3_bucket_consumer
[2026-06-06T20:13:56.874+0000] {logging_mixin.py:190} INFO - [2026-06-06T20:13:56.873+0000] {override.py:1932} INFO - Created Permission View: can edit on DAG:dataset_s3_bucket_consumer
[2026-06-06T20:13:56.888+0000] {logging_mixin.py:190} INFO - [2026-06-06T20:13:56.888+0000] {override.py:1932} INFO - Created Permission View: can delete on DAG:dataset_s3_bucket_consumer
[2026-06-06T20:13:56.903+0000] {logging_mixin.py:190} INFO - [2026-06-06T20:13:56.903+0000] {override.py:1932} INFO - Created Permission View: can read on DAG Run:dataset_s3_bucket_consumer
[2026-06-06T20:13:56.917+0000] {logging_mixin.py:190} INFO - [2026-06-06T20:13:56.917+0000] {override.py:1932} INFO - Created Permission View: menu access on DAG Run:dataset_s3_bucket_consumer
[2026-06-06T20:13:56.931+0000] {logging_mixin.py:190} INFO - [2026-06-06T20:13:56.931+0000] {override.py:1932} INFO - Created Permission View: can delete on DAG Run:dataset_s3_bucket_consumer
[2026-06-06T20:13:56.944+0000] {logging_mixin.py:190} INFO - [2026-06-06T20:13:56.944+0000] {override.py:1932} INFO - Created Permission View: can create on DAG Run:dataset_s3_bucket_consumer
[2026-06-06T20:13:56.971+0000] {logging_mixin.py:190} INFO - [2026-06-06T20:13:56.970+0000] {override.py:1932} INFO - Created Permission View: can read on DAG:dataset_alias_example_alias_producer
[2026-06-06T20:13:56.980+0000] {logging_mixin.py:190} INFO - [2026-06-06T20:13:56.980+0000] {override.py:1932} INFO - Created Permission View: can edit on DAG:dataset_alias_example_alias_producer
[2026-06-06T20:13:56.991+0000] {logging_mixin.py:190} INFO - [2026-06-06T20:13:56.990+0000] {override.py:1932} INFO - Created Permission View: can delete on DAG:dataset_alias_example_alias_producer
[2026-06-06T20:13:57.001+0000] {logging_mixin.py:190} INFO - [2026-06-06T20:13:57.001+0000] {override.py:1932} INFO - Created Permission View: can read on DAG Run:dataset_alias_example_alias_producer
[2026-06-06T20:13:57.014+0000] {logging_mixin.py:190} INFO - [2026-06-06T20:13:57.014+0000] {override.py:1932} INFO - Created Permission View: menu access on DAG Run:dataset_alias_example_alias_producer
[2026-06-06T20:13:57.027+0000] {logging_mixin.py:190} INFO - [2026-06-06T20:13:57.027+0000] {override.py:1932} INFO - Created Permission View: can delete on DAG Run:dataset_alias_example_alias_producer
[2026-06-06T20:13:57.040+0000] {logging_mixin.py:190} INFO - [2026-06-06T20:13:57.039+0000] {override.py:1932} INFO - Created Permission View: can create on DAG Run:dataset_alias_example_alias_producer
[2026-06-06T20:13:57.065+0000] {logging_mixin.py:190} INFO - [2026-06-06T20:13:57.065+0000] {override.py:1932} INFO - Created Permission View: can read on DAG:dataset_alias_example_alias_consumer
[2026-06-06T20:13:57.079+0000] {logging_mixin.py:190} INFO - [2026-06-06T20:13:57.078+0000] {override.py:1932} INFO - Created Permission View: can edit on DAG:dataset_alias_example_alias_consumer
[2026-06-06T20:13:57.091+0000] {logging_mixin.py:190} INFO - [2026-06-06T20:13:57.091+0000] {override.py:1932} INFO - Created Permission View: can delete on DAG:dataset_alias_example_alias_consumer
[2026-06-06T20:13:57.105+0000] {logging_mixin.py:190} INFO - [2026-06-06T20:13:57.104+0000] {override.py:1932} INFO - Created Permission View: can read on DAG Run:dataset_alias_example_alias_consumer
[2026-06-06T20:13:57.118+0000] {logging_mixin.py:190} INFO - [2026-06-06T20:13:57.117+0000] {override.py:1932} INFO - Created Permission View: menu access on DAG Run:dataset_alias_example_alias_consumer
[2026-06-06T20:13:57.131+0000] {logging_mixin.py:190} INFO - [2026-06-06T20:13:57.130+0000] {override.py:1932} INFO - Created Permission View: can delete on DAG Run:dataset_alias_example_alias_consumer
[2026-06-06T20:13:57.144+0000] {logging_mixin.py:190} INFO - [2026-06-06T20:13:57.143+0000] {override.py:1932} INFO - Created Permission View: can create on DAG Run:dataset_alias_example_alias_consumer
[2026-06-06T20:13:57.169+0000] {logging_mixin.py:190} INFO - [2026-06-06T20:13:57.168+0000] {override.py:1932} INFO - Created Permission View: can read on DAG:dataset_s3_bucket_producer
[2026-06-06T20:13:57.183+0000] {logging_mixin.py:190} INFO - [2026-06-06T20:13:57.182+0000] {override.py:1932} INFO - Created Permission View: can edit on DAG:dataset_s3_bucket_producer
[2026-06-06T20:13:57.195+0000] {logging_mixin.py:190} INFO - [2026-06-06T20:13:57.195+0000] {override.py:1932} INFO - Created Permission View: can delete on DAG:dataset_s3_bucket_producer
[2026-06-06T20:13:57.210+0000] {logging_mixin.py:190} INFO - [2026-06-06T20:13:57.210+0000] {override.py:1932} INFO - Created Permission View: can read on DAG Run:dataset_s3_bucket_producer
[2026-06-06T20:13:57.225+0000] {logging_mixin.py:190} INFO - [2026-06-06T20:13:57.225+0000] {override.py:1932} INFO - Created Permission View: menu access on DAG Run:dataset_s3_bucket_producer
[2026-06-06T20:13:57.241+0000] {logging_mixin.py:190} INFO - [2026-06-06T20:13:57.240+0000] {override.py:1932} INFO - Created Permission View: can delete on DAG Run:dataset_s3_bucket_producer
[2026-06-06T20:13:57.257+0000] {logging_mixin.py:190} INFO - [2026-06-06T20:13:57.256+0000] {override.py:1932} INFO - Created Permission View: can create on DAG Run:dataset_s3_bucket_producer
[2026-06-06T20:13:57.259+0000] {logging_mixin.py:190} INFO - [2026-06-06T20:13:57.258+0000] {dag.py:3239} INFO - Sync 4 DAGs
[2026-06-06T20:13:57.282+0000] {logging_mixin.py:190} INFO - [2026-06-06T20:13:57.281+0000] {dag.py:3262} INFO - Creating ORM DAG for dataset_alias_example_alias_consumer
[2026-06-06T20:13:57.284+0000] {logging_mixin.py:190} INFO - [2026-06-06T20:13:57.284+0000] {dag.py:3262} INFO - Creating ORM DAG for dataset_alias_example_alias_producer
[2026-06-06T20:13:57.286+0000] {logging_mixin.py:190} INFO - [2026-06-06T20:13:57.285+0000] {dag.py:3262} INFO - Creating ORM DAG for dataset_s3_bucket_producer
[2026-06-06T20:13:57.287+0000] {logging_mixin.py:190} INFO - [2026-06-06T20:13:57.287+0000] {dag.py:3262} INFO - Creating ORM DAG for dataset_s3_bucket_consumer
[2026-06-06T20:13:57.307+0000] {logging_mixin.py:190} INFO - [2026-06-06T20:13:57.306+0000] {dag.py:4180} INFO - Setting next_dagrun for dataset_alias_example_alias_consumer to None, run_after=None
[2026-06-06T20:13:57.308+0000] {logging_mixin.py:190} INFO - [2026-06-06T20:13:57.308+0000] {dag.py:4180} INFO - Setting next_dagrun for dataset_alias_example_alias_producer to None, run_after=None
[2026-06-06T20:13:57.310+0000] {logging_mixin.py:190} INFO - [2026-06-06T20:13:57.309+0000] {dag.py:4180} INFO - Setting next_dagrun for dataset_s3_bucket_consumer to None, run_after=None
[2026-06-06T20:13:57.311+0000] {logging_mixin.py:190} INFO - [2026-06-06T20:13:57.311+0000] {dag.py:4180} INFO - Setting next_dagrun for dataset_s3_bucket_producer to None, run_after=None
[2026-06-06T20:13:57.363+0000] {processor.py:208} INFO - Processing /home/airflow/.local/lib/python3.12/site-packages/airflow/example_dags/example_dataset_alias.py took 18.724 seconds
[2026-06-06T20:14:30.541+0000] {processor.py:186} INFO - Started process (PID=159) to work on /home/airflow/.local/lib/python3.12/site-packages/airflow/example_dags/example_dataset_alias.py
[2026-06-06T20:14:30.543+0000] {processor.py:914} INFO - Processing file /home/airflow/.local/lib/python3.12/site-packages/airflow/example_dags/example_dataset_alias.py for tasks to queue
[2026-06-06T20:14:30.552+0000] {logging_mixin.py:190} INFO - [2026-06-06T20:14:30.551+0000] {dagbag.py:588} INFO - Filling up the DagBag from /home/airflow/.local/lib/python3.12/site-packages/airflow/example_dags/example_dataset_alias.py
[2026-06-06T20:14:43.389+0000] {processor.py:925} INFO - DAG(s) 'dataset_alias_example_alias_producer', 'dataset_alias_example_alias_consumer', 'dataset_s3_bucket_consumer', 'dataset_s3_bucket_producer' retrieved from /home/airflow/.local/lib/python3.12/site-packages/airflow/example_dags/example_dataset_alias.py
[2026-06-06T20:14:43.423+0000] {logging_mixin.py:190} INFO - [2026-06-06T20:14:43.422+0000] {dag.py:3239} INFO - Sync 4 DAGs
[2026-06-06T20:14:43.460+0000] {logging_mixin.py:190} INFO - [2026-06-06T20:14:43.460+0000] {dag.py:4180} INFO - Setting next_dagrun for dataset_alias_example_alias_consumer to None, run_after=None
[2026-06-06T20:14:43.465+0000] {logging_mixin.py:190} INFO - [2026-06-06T20:14:43.465+0000] {dag.py:4180} INFO - Setting next_dagrun for dataset_alias_example_alias_producer to None, run_after=None
[2026-06-06T20:14:43.468+0000] {logging_mixin.py:190} INFO - [2026-06-06T20:14:43.468+0000] {dag.py:4180} INFO - Setting next_dagrun for dataset_s3_bucket_consumer to None, run_after=None
[2026-06-06T20:14:43.470+0000] {logging_mixin.py:190} INFO - [2026-06-06T20:14:43.470+0000] {dag.py:4180} INFO - Setting next_dagrun for dataset_s3_bucket_producer to None, run_after=None
[2026-06-06T20:14:43.507+0000] {processor.py:208} INFO - Processing /home/airflow/.local/lib/python3.12/site-packages/airflow/example_dags/example_dataset_alias.py took 12.977 seconds
[2026-06-06T20:15:14.187+0000] {processor.py:186} INFO - Started process (PID=234) to work on /home/airflow/.local/lib/python3.12/site-packages/airflow/example_dags/example_dataset_alias.py
[2026-06-06T20:15:14.191+0000] {processor.py:914} INFO - Processing file /home/airflow/.local/lib/python3.12/site-packages/airflow/example_dags/example_dataset_alias.py for tasks to queue
[2026-06-06T20:15:14.199+0000] {logging_mixin.py:190} INFO - [2026-06-06T20:15:14.198+0000] {dagbag.py:588} INFO - Filling up the DagBag from /home/airflow/.local/lib/python3.12/site-packages/airflow/example_dags/example_dataset_alias.py
[2026-06-06T20:15:25.484+0000] {processor.py:925} INFO - DAG(s) 'dataset_alias_example_alias_producer', 'dataset_alias_example_alias_consumer', 'dataset_s3_bucket_consumer', 'dataset_s3_bucket_producer' retrieved from /home/airflow/.local/lib/python3.12/site-packages/airflow/example_dags/example_dataset_alias.py
[2026-06-06T20:15:25.538+0000] {logging_mixin.py:190} INFO - [2026-06-06T20:15:25.537+0000] {dag.py:3239} INFO - Sync 4 DAGs
[2026-06-06T20:15:25.575+0000] {logging_mixin.py:190} INFO - [2026-06-06T20:15:25.575+0000] {dag.py:4180} INFO - Setting next_dagrun for dataset_alias_example_alias_consumer to None, run_after=None
[2026-06-06T20:15:25.580+0000] {logging_mixin.py:190} INFO - [2026-06-06T20:15:25.579+0000] {dag.py:4180} INFO - Setting next_dagrun for dataset_alias_example_alias_producer to None, run_after=None
[2026-06-06T20:15:25.583+0000] {logging_mixin.py:190} INFO - [2026-06-06T20:15:25.582+0000] {dag.py:4180} INFO - Setting next_dagrun for dataset_s3_bucket_consumer to None, run_after=None
[2026-06-06T20:15:25.586+0000] {logging_mixin.py:190} INFO - [2026-06-06T20:15:25.586+0000] {dag.py:4180} INFO - Setting next_dagrun for dataset_s3_bucket_producer to None, run_after=None
[2026-06-06T20:15:25.622+0000] {processor.py:208} INFO - Processing /home/airflow/.local/lib/python3.12/site-packages/airflow/example_dags/example_dataset_alias.py took 11.449 seconds
[2026-06-06T20:15:56.477+0000] {processor.py:186} INFO - Started process (PID=304) to work on /home/airflow/.local/lib/python3.12/site-packages/airflow/example_dags/example_dataset_alias.py
[2026-06-06T20:15:56.480+0000] {processor.py:914} INFO - Processing file /home/airflow/.local/lib/python3.12/site-packages/airflow/example_dags/example_dataset_alias.py for tasks to queue
[2026-06-06T20:15:56.490+0000] {logging_mixin.py:190} INFO - [2026-06-06T20:15:56.489+0000] {dagbag.py:588} INFO - Filling up the DagBag from /home/airflow/.local/lib/python3.12/site-packages/airflow/example_dags/example_dataset_alias.py
[2026-06-06T20:16:08.099+0000] {processor.py:925} INFO - DAG(s) 'dataset_alias_example_alias_producer', 'dataset_alias_example_alias_consumer', 'dataset_s3_bucket_consumer', 'dataset_s3_bucket_producer' retrieved from /home/airflow/.local/lib/python3.12/site-packages/airflow/example_dags/example_dataset_alias.py
[2026-06-06T20:16:08.144+0000] {logging_mixin.py:190} INFO - [2026-06-06T20:16:08.142+0000] {dag.py:3239} INFO - Sync 4 DAGs
[2026-06-06T20:16:08.198+0000] {logging_mixin.py:190} INFO - [2026-06-06T20:16:08.197+0000] {dag.py:4180} INFO - Setting next_dagrun for dataset_alias_example_alias_consumer to None, run_after=None
[2026-06-06T20:16:08.205+0000] {logging_mixin.py:190} INFO - [2026-06-06T20:16:08.204+0000] {dag.py:4180} INFO - Setting next_dagrun for dataset_alias_example_alias_producer to None, run_after=None
[2026-06-06T20:16:08.210+0000] {logging_mixin.py:190} INFO - [2026-06-06T20:16:08.209+0000] {dag.py:4180} INFO - Setting next_dagrun for dataset_s3_bucket_consumer to None, run_after=None
[2026-06-06T20:16:08.216+0000] {logging_mixin.py:190} INFO - [2026-06-06T20:16:08.215+0000] {dag.py:4180} INFO - Setting next_dagrun for dataset_s3_bucket_producer to None, run_after=None
[2026-06-06T20:16:08.279+0000] {processor.py:208} INFO - Processing /home/airflow/.local/lib/python3.12/site-packages/airflow/example_dags/example_dataset_alias.py took 11.814 seconds
[2026-06-06T20:16:38.389+0000] {processor.py:186} INFO - Started process (PID=375) to work on /home/airflow/.local/lib/python3.12/site-packages/airflow/example_dags/example_dataset_alias.py
[2026-06-06T20:16:38.391+0000] {processor.py:914} INFO - Processing file /home/airflow/.local/lib/python3.12/site-packages/airflow/example_dags/example_dataset_alias.py for tasks to queue
[2026-06-06T20:16:38.398+0000] {logging_mixin.py:190} INFO - [2026-06-06T20:16:38.397+0000] {dagbag.py:588} INFO - Filling up the DagBag from /home/airflow/.local/lib/python3.12/site-packages/airflow/example_dags/example_dataset_alias.py
[2026-06-06T20:16:50.411+0000] {processor.py:925} INFO - DAG(s) 'dataset_s3_bucket_consumer', 'dataset_alias_example_alias_consumer', 'dataset_alias_example_alias_producer', 'dataset_s3_bucket_producer' retrieved from /home/airflow/.local/lib/python3.12/site-packages/airflow/example_dags/example_dataset_alias.py
[2026-06-06T20:16:50.475+0000] {logging_mixin.py:190} INFO - [2026-06-06T20:16:50.474+0000] {dag.py:3239} INFO - Sync 4 DAGs
[2026-06-06T20:16:50.521+0000] {logging_mixin.py:190} INFO - [2026-06-06T20:16:50.521+0000] {dag.py:4180} INFO - Setting next_dagrun for dataset_alias_example_alias_consumer to None, run_after=None
[2026-06-06T20:16:50.529+0000] {logging_mixin.py:190} INFO - [2026-06-06T20:16:50.529+0000] {dag.py:4180} INFO - Setting next_dagrun for dataset_alias_example_alias_producer to None, run_after=None
[2026-06-06T20:16:50.532+0000] {logging_mixin.py:190} INFO - [2026-06-06T20:16:50.532+0000] {dag.py:4180} INFO - Setting next_dagrun for dataset_s3_bucket_consumer to None, run_after=None
[2026-06-06T20:16:50.536+0000] {logging_mixin.py:190} INFO - [2026-06-06T20:16:50.536+0000] {dag.py:4180} INFO - Setting next_dagrun for dataset_s3_bucket_producer to None, run_after=None
[2026-06-06T20:16:50.594+0000] {processor.py:208} INFO - Processing /home/airflow/.local/lib/python3.12/site-packages/airflow/example_dags/example_dataset_alias.py took 12.213 seconds
[2026-06-06T20:17:20.685+0000] {processor.py:186} INFO - Started process (PID=457) to work on /home/airflow/.local/lib/python3.12/site-packages/airflow/example_dags/example_dataset_alias.py
[2026-06-06T20:17:20.691+0000] {processor.py:914} INFO - Processing file /home/airflow/.local/lib/python3.12/site-packages/airflow/example_dags/example_dataset_alias.py for tasks to queue
[2026-06-06T20:17:20.703+0000] {logging_mixin.py:190} INFO - [2026-06-06T20:17:20.700+0000] {dagbag.py:588} INFO - Filling up the DagBag from /home/airflow/.local/lib/python3.12/site-packages/airflow/example_dags/example_dataset_alias.py
[2026-06-06T20:17:34.511+0000] {processor.py:925} INFO - DAG(s) 'dataset_s3_bucket_producer', 'dataset_alias_example_alias_consumer', 'dataset_s3_bucket_consumer', 'dataset_alias_example_alias_producer' retrieved from /home/airflow/.local/lib/python3.12/site-packages/airflow/example_dags/example_dataset_alias.py
[2026-06-06T20:17:34.577+0000] {logging_mixin.py:190} INFO - [2026-06-06T20:17:34.576+0000] {dag.py:3239} INFO - Sync 4 DAGs
[2026-06-06T20:17:34.637+0000] {logging_mixin.py:190} INFO - [2026-06-06T20:17:34.636+0000] {dag.py:4180} INFO - Setting next_dagrun for dataset_alias_example_alias_consumer to None, run_after=None
[2026-06-06T20:17:34.644+0000] {logging_mixin.py:190} INFO - [2026-06-06T20:17:34.643+0000] {dag.py:4180} INFO - Setting next_dagrun for dataset_alias_example_alias_producer to None, run_after=None
[2026-06-06T20:17:34.647+0000] {logging_mixin.py:190} INFO - [2026-06-06T20:17:34.646+0000] {dag.py:4180} INFO - Setting next_dagrun for dataset_s3_bucket_consumer to None, run_after=None
[2026-06-06T20:17:34.653+0000] {logging_mixin.py:190} INFO - [2026-06-06T20:17:34.652+0000] {dag.py:4180} INFO - Setting next_dagrun for dataset_s3_bucket_producer to None, run_after=None
[2026-06-06T20:17:34.770+0000] {processor.py:208} INFO - Processing /home/airflow/.local/lib/python3.12/site-packages/airflow/example_dags/example_dataset_alias.py took 14.096 seconds
[2026-06-06T20:18:05.084+0000] {processor.py:186} INFO - Started process (PID=543) to work on /home/airflow/.local/lib/python3.12/site-packages/airflow/example_dags/example_dataset_alias.py
[2026-06-06T20:18:05.086+0000] {processor.py:914} INFO - Processing file /home/airflow/.local/lib/python3.12/site-packages/airflow/example_dags/example_dataset_alias.py for tasks to queue
[2026-06-06T20:18:05.092+0000] {logging_mixin.py:190} INFO - [2026-06-06T20:18:05.091+0000] {dagbag.py:588} INFO - Filling up the DagBag from /home/airflow/.local/lib/python3.12/site-packages/airflow/example_dags/example_dataset_alias.py
[2026-06-06T20:18:19.577+0000] {processor.py:925} INFO - DAG(s) 'dataset_alias_example_alias_producer', 'dataset_s3_bucket_consumer', 'dataset_alias_example_alias_consumer', 'dataset_s3_bucket_producer' retrieved from /home/airflow/.local/lib/python3.12/site-packages/airflow/example_dags/example_dataset_alias.py
[2026-06-06T20:18:19.621+0000] {logging_mixin.py:190} INFO - [2026-06-06T20:18:19.620+0000] {dag.py:3239} INFO - Sync 4 DAGs
[2026-06-06T20:18:19.682+0000] {logging_mixin.py:190} INFO - [2026-06-06T20:18:19.682+0000] {dag.py:4180} INFO - Setting next_dagrun for dataset_alias_example_alias_consumer to None, run_after=None
[2026-06-06T20:18:19.688+0000] {logging_mixin.py:190} INFO - [2026-06-06T20:18:19.688+0000] {dag.py:4180} INFO - Setting next_dagrun for dataset_alias_example_alias_producer to None, run_after=None
[2026-06-06T20:18:19.692+0000] {logging_mixin.py:190} INFO - [2026-06-06T20:18:19.691+0000] {dag.py:4180} INFO - Setting next_dagrun for dataset_s3_bucket_consumer to None, run_after=None
[2026-06-06T20:18:19.695+0000] {logging_mixin.py:190} INFO - [2026-06-06T20:18:19.695+0000] {dag.py:4180} INFO - Setting next_dagrun for dataset_s3_bucket_producer to None, run_after=None
[2026-06-06T20:18:19.743+0000] {processor.py:208} INFO - Processing /home/airflow/.local/lib/python3.12/site-packages/airflow/example_dags/example_dataset_alias.py took 14.671 seconds
[2026-06-06T20:18:49.866+0000] {processor.py:186} INFO - Started process (PID=627) to work on /home/airflow/.local/lib/python3.12/site-packages/airflow/example_dags/example_dataset_alias.py
[2026-06-06T20:18:49.869+0000] {processor.py:914} INFO - Processing file /home/airflow/.local/lib/python3.12/site-packages/airflow/example_dags/example_dataset_alias.py for tasks to queue
[2026-06-06T20:18:49.879+0000] {logging_mixin.py:190} INFO - [2026-06-06T20:18:49.879+0000] {dagbag.py:588} INFO - Filling up the DagBag from /home/airflow/.local/lib/python3.12/site-packages/airflow/example_dags/example_dataset_alias.py
[2026-06-06T20:19:02.898+0000] {processor.py:925} INFO - DAG(s) 'dataset_s3_bucket_consumer', 'dataset_alias_example_alias_producer', 'dataset_alias_example_alias_consumer', 'dataset_s3_bucket_producer' retrieved from /home/airflow/.local/lib/python3.12/site-packages/airflow/example_dags/example_dataset_alias.py
[2026-06-06T20:19:02.944+0000] {logging_mixin.py:190} INFO - [2026-06-06T20:19:02.943+0000] {dag.py:3239} INFO - Sync 4 DAGs
[2026-06-06T20:19:02.984+0000] {logging_mixin.py:190} INFO - [2026-06-06T20:19:02.984+0000] {dag.py:4180} INFO - Setting next_dagrun for dataset_alias_example_alias_consumer to None, run_after=None
[2026-06-06T20:19:02.990+0000] {logging_mixin.py:190} INFO - [2026-06-06T20:19:02.989+0000] {dag.py:4180} INFO - Setting next_dagrun for dataset_alias_example_alias_producer to None, run_after=None
[2026-06-06T20:19:02.993+0000] {logging_mixin.py:190} INFO - [2026-06-06T20:19:02.993+0000] {dag.py:4180} INFO - Setting next_dagrun for dataset_s3_bucket_consumer to None, run_after=None
[2026-06-06T20:19:02.998+0000] {logging_mixin.py:190} INFO - [2026-06-06T20:19:02.997+0000] {dag.py:4180} INFO - Setting next_dagrun for dataset_s3_bucket_producer to None, run_after=None
[2026-06-06T20:19:03.036+0000] {processor.py:208} INFO - Processing /home/airflow/.local/lib/python3.12/site-packages/airflow/example_dags/example_dataset_alias.py took 13.185 seconds
[2026-06-06T20:19:34.202+0000] {processor.py:186} INFO - Started process (PID=698) to work on /home/airflow/.local/lib/python3.12/site-packages/airflow/example_dags/example_dataset_alias.py
[2026-06-06T20:19:34.205+0000] {processor.py:914} INFO - Processing file /home/airflow/.local/lib/python3.12/site-packages/airflow/example_dags/example_dataset_alias.py for tasks to queue
[2026-06-06T20:19:34.217+0000] {logging_mixin.py:190} INFO - [2026-06-06T20:19:34.216+0000] {dagbag.py:588} INFO - Filling up the DagBag from /home/airflow/.local/lib/python3.12/site-packages/airflow/example_dags/example_dataset_alias.py
[2026-06-06T20:19:47.842+0000] {processor.py:925} INFO - DAG(s) 'dataset_alias_example_alias_producer', 'dataset_s3_bucket_producer', 'dataset_s3_bucket_consumer', 'dataset_alias_example_alias_consumer' retrieved from /home/airflow/.local/lib/python3.12/site-packages/airflow/example_dags/example_dataset_alias.py
[2026-06-06T20:19:47.898+0000] {logging_mixin.py:190} INFO - [2026-06-06T20:19:47.897+0000] {dag.py:3239} INFO - Sync 4 DAGs
[2026-06-06T20:19:47.956+0000] {logging_mixin.py:190} INFO - [2026-06-06T20:19:47.955+0000] {dag.py:4180} INFO - Setting next_dagrun for dataset_alias_example_alias_consumer to None, run_after=None
[2026-06-06T20:19:47.966+0000] {logging_mixin.py:190} INFO - [2026-06-06T20:19:47.965+0000] {dag.py:4180} INFO - Setting next_dagrun for dataset_alias_example_alias_producer to None, run_after=None
[2026-06-06T20:19:47.970+0000] {logging_mixin.py:190} INFO - [2026-06-06T20:19:47.970+0000] {dag.py:4180} INFO - Setting next_dagrun for dataset_s3_bucket_consumer to None, run_after=None
[2026-06-06T20:19:47.973+0000] {logging_mixin.py:190} INFO - [2026-06-06T20:19:47.973+0000] {dag.py:4180} INFO - Setting next_dagrun for dataset_s3_bucket_producer to None, run_after=None
[2026-06-06T20:19:48.027+0000] {processor.py:208} INFO - Processing /home/airflow/.local/lib/python3.12/site-packages/airflow/example_dags/example_dataset_alias.py took 13.844 seconds
[2026-06-06T20:20:18.777+0000] {processor.py:186} INFO - Started process (PID=762) to work on /home/airflow/.local/lib/python3.12/site-packages/airflow/example_dags/example_dataset_alias.py
[2026-06-06T20:20:18.779+0000] {processor.py:914} INFO - Processing file /home/airflow/.local/lib/python3.12/site-packages/airflow/example_dags/example_dataset_alias.py for tasks to queue
[2026-06-06T20:20:18.787+0000] {logging_mixin.py:190} INFO - [2026-06-06T20:20:18.786+0000] {dagbag.py:588} INFO - Filling up the DagBag from /home/airflow/.local/lib/python3.12/site-packages/airflow/example_dags/example_dataset_alias.py
[2026-06-06T20:20:31.382+0000] {processor.py:925} INFO - DAG(s) 'dataset_s3_bucket_producer', 'dataset_alias_example_alias_consumer', 'dataset_s3_bucket_consumer', 'dataset_alias_example_alias_producer' retrieved from /home/airflow/.local/lib/python3.12/site-packages/airflow/example_dags/example_dataset_alias.py
[2026-06-06T20:20:31.443+0000] {logging_mixin.py:190} INFO - [2026-06-06T20:20:31.442+0000] {dag.py:3239} INFO - Sync 4 DAGs
[2026-06-06T20:20:31.502+0000] {logging_mixin.py:190} INFO - [2026-06-06T20:20:31.501+0000] {dag.py:4180} INFO - Setting next_dagrun for dataset_alias_example_alias_consumer to None, run_after=None
[2026-06-06T20:20:31.507+0000] {logging_mixin.py:190} INFO - [2026-06-06T20:20:31.507+0000] {dag.py:4180} INFO - Setting next_dagrun for dataset_alias_example_alias_producer to None, run_after=None
[2026-06-06T20:20:31.513+0000] {logging_mixin.py:190} INFO - [2026-06-06T20:20:31.512+0000] {dag.py:4180} INFO - Setting next_dagrun for dataset_s3_bucket_consumer to None, run_after=None
[2026-06-06T20:20:31.516+0000] {logging_mixin.py:190} INFO - [2026-06-06T20:20:31.516+0000] {dag.py:4180} INFO - Setting next_dagrun for dataset_s3_bucket_producer to None, run_after=None
[2026-06-06T20:20:31.566+0000] {processor.py:208} INFO - Processing /home/airflow/.local/lib/python3.12/site-packages/airflow/example_dags/example_dataset_alias.py took 12.802 seconds
[2026-06-06T20:21:02.773+0000] {processor.py:186} INFO - Started process (PID=840) to work on /home/airflow/.local/lib/python3.12/site-packages/airflow/example_dags/example_dataset_alias.py
[2026-06-06T20:21:02.776+0000] {processor.py:914} INFO - Processing file /home/airflow/.local/lib/python3.12/site-packages/airflow/example_dags/example_dataset_alias.py for tasks to queue
[2026-06-06T20:21:02.782+0000] {logging_mixin.py:190} INFO - [2026-06-06T20:21:02.780+0000] {dagbag.py:588} INFO - Filling up the DagBag from /home/airflow/.local/lib/python3.12/site-packages/airflow/example_dags/example_dataset_alias.py
[2026-06-06T20:21:15.194+0000] {processor.py:925} INFO - DAG(s) 'dataset_alias_example_alias_consumer', 'dataset_alias_example_alias_producer', 'dataset_s3_bucket_producer', 'dataset_s3_bucket_consumer' retrieved from /home/airflow/.local/lib/python3.12/site-packages/airflow/example_dags/example_dataset_alias.py
[2026-06-06T20:21:15.247+0000] {logging_mixin.py:190} INFO - [2026-06-06T20:21:15.245+0000] {dag.py:3239} INFO - Sync 4 DAGs
[2026-06-06T20:21:15.301+0000] {logging_mixin.py:190} INFO - [2026-06-06T20:21:15.300+0000] {dag.py:4180} INFO - Setting next_dagrun for dataset_alias_example_alias_consumer to None, run_after=None
[2026-06-06T20:21:15.311+0000] {logging_mixin.py:190} INFO - [2026-06-06T20:21:15.311+0000] {dag.py:4180} INFO - Setting next_dagrun for dataset_alias_example_alias_producer to None, run_after=None
[2026-06-06T20:21:15.314+0000] {logging_mixin.py:190} INFO - [2026-06-06T20:21:15.314+0000] {dag.py:4180} INFO - Setting next_dagrun for dataset_s3_bucket_consumer to None, run_after=None
[2026-06-06T20:21:15.319+0000] {logging_mixin.py:190} INFO - [2026-06-06T20:21:15.319+0000] {dag.py:4180} INFO - Setting next_dagrun for dataset_s3_bucket_producer to None, run_after=None
[2026-06-06T20:21:15.378+0000] {processor.py:208} INFO - Processing /home/airflow/.local/lib/python3.12/site-packages/airflow/example_dags/example_dataset_alias.py took 12.616 seconds
[2026-06-06T20:21:48.461+0000] {processor.py:186} INFO - Started process (PID=928) to work on /home/airflow/.local/lib/python3.12/site-packages/airflow/example_dags/example_dataset_alias.py
[2026-06-06T20:21:48.464+0000] {processor.py:914} INFO - Processing file /home/airflow/.local/lib/python3.12/site-packages/airflow/example_dags/example_dataset_alias.py for tasks to queue
[2026-06-06T20:21:48.471+0000] {logging_mixin.py:190} INFO - [2026-06-06T20:21:48.470+0000] {dagbag.py:588} INFO - Filling up the DagBag from /home/airflow/.local/lib/python3.12/site-packages/airflow/example_dags/example_dataset_alias.py
[2026-06-06T20:22:09.096+0000] {processor.py:925} INFO - DAG(s) 'dataset_alias_example_alias_consumer', 'dataset_alias_example_alias_producer', 'dataset_s3_bucket_producer', 'dataset_s3_bucket_consumer' retrieved from /home/airflow/.local/lib/python3.12/site-packages/airflow/example_dags/example_dataset_alias.py
[2026-06-06T20:22:09.170+0000] {logging_mixin.py:190} INFO - [2026-06-06T20:22:09.169+0000] {dag.py:3239} INFO - Sync 4 DAGs
[2026-06-06T20:22:09.252+0000] {logging_mixin.py:190} INFO - [2026-06-06T20:22:09.251+0000] {dag.py:4180} INFO - Setting next_dagrun for dataset_alias_example_alias_consumer to None, run_after=None
[2026-06-06T20:22:09.267+0000] {logging_mixin.py:190} INFO - [2026-06-06T20:22:09.262+0000] {dag.py:4180} INFO - Setting next_dagrun for dataset_alias_example_alias_producer to None, run_after=None
[2026-06-06T20:22:09.275+0000] {logging_mixin.py:190} INFO - [2026-06-06T20:22:09.275+0000] {dag.py:4180} INFO - Setting next_dagrun for dataset_s3_bucket_consumer to None, run_after=None
[2026-06-06T20:22:09.280+0000] {logging_mixin.py:190} INFO - [2026-06-06T20:22:09.280+0000] {dag.py:4180} INFO - Setting next_dagrun for dataset_s3_bucket_producer to None, run_after=None
[2026-06-06T20:22:09.340+0000] {processor.py:208} INFO - Processing /home/airflow/.local/lib/python3.12/site-packages/airflow/example_dags/example_dataset_alias.py took 20.894 seconds
[2026-06-06T20:22:39.617+0000] {processor.py:186} INFO - Started process (PID=1001) to work on /home/airflow/.local/lib/python3.12/site-packages/airflow/example_dags/example_dataset_alias.py
[2026-06-06T20:22:39.620+0000] {processor.py:914} INFO - Processing file /home/airflow/.local/lib/python3.12/site-packages/airflow/example_dags/example_dataset_alias.py for tasks to queue
[2026-06-06T20:22:39.634+0000] {logging_mixin.py:190} INFO - [2026-06-06T20:22:39.633+0000] {dagbag.py:588} INFO - Filling up the DagBag from /home/airflow/.local/lib/python3.12/site-packages/airflow/example_dags/example_dataset_alias.py
[2026-06-06T20:22:55.231+0000] {processor.py:925} INFO - DAG(s) 'dataset_s3_bucket_consumer', 'dataset_alias_example_alias_producer', 'dataset_alias_example_alias_consumer', 'dataset_s3_bucket_producer' retrieved from /home/airflow/.local/lib/python3.12/site-packages/airflow/example_dags/example_dataset_alias.py
[2026-06-06T20:22:55.275+0000] {logging_mixin.py:190} INFO - [2026-06-06T20:22:55.274+0000] {dag.py:3239} INFO - Sync 4 DAGs
[2026-06-06T20:22:55.315+0000] {logging_mixin.py:190} INFO - [2026-06-06T20:22:55.315+0000] {dag.py:4180} INFO - Setting next_dagrun for dataset_alias_example_alias_consumer to None, run_after=None
[2026-06-06T20:22:55.322+0000] {logging_mixin.py:190} INFO - [2026-06-06T20:22:55.320+0000] {dag.py:4180} INFO - Setting next_dagrun for dataset_alias_example_alias_producer to None, run_after=None
[2026-06-06T20:22:55.328+0000] {logging_mixin.py:190} INFO - [2026-06-06T20:22:55.327+0000] {dag.py:4180} INFO - Setting next_dagrun for dataset_s3_bucket_consumer to None, run_after=None
[2026-06-06T20:22:55.334+0000] {logging_mixin.py:190} INFO - [2026-06-06T20:22:55.334+0000] {dag.py:4180} INFO - Setting next_dagrun for dataset_s3_bucket_producer to None, run_after=None
[2026-06-06T20:22:55.397+0000] {processor.py:208} INFO - Processing /home/airflow/.local/lib/python3.12/site-packages/airflow/example_dags/example_dataset_alias.py took 15.795 seconds
[2026-06-06T20:23:25.752+0000] {processor.py:186} INFO - Started process (PID=1087) to work on /home/airflow/.local/lib/python3.12/site-packages/airflow/example_dags/example_dataset_alias.py
[2026-06-06T20:23:25.756+0000] {processor.py:914} INFO - Processing file /home/airflow/.local/lib/python3.12/site-packages/airflow/example_dags/example_dataset_alias.py for tasks to queue
[2026-06-06T20:23:25.767+0000] {logging_mixin.py:190} INFO - [2026-06-06T20:23:25.764+0000] {dagbag.py:588} INFO - Filling up the DagBag from /home/airflow/.local/lib/python3.12/site-packages/airflow/example_dags/example_dataset_alias.py
[2026-06-06T20:23:38.777+0000] {processor.py:925} INFO - DAG(s) 'dataset_alias_example_alias_consumer', 'dataset_s3_bucket_producer', 'dataset_s3_bucket_consumer', 'dataset_alias_example_alias_producer' retrieved from /home/airflow/.local/lib/python3.12/site-packages/airflow/example_dags/example_dataset_alias.py
[2026-06-06T20:23:38.810+0000] {logging_mixin.py:190} INFO - [2026-06-06T20:23:38.809+0000] {dag.py:3239} INFO - Sync 4 DAGs
[2026-06-06T20:23:38.840+0000] {logging_mixin.py:190} INFO - [2026-06-06T20:23:38.840+0000] {dag.py:4180} INFO - Setting next_dagrun for dataset_alias_example_alias_consumer to None, run_after=None
[2026-06-06T20:23:38.845+0000] {logging_mixin.py:190} INFO - [2026-06-06T20:23:38.845+0000] {dag.py:4180} INFO - Setting next_dagrun for dataset_alias_example_alias_producer to None, run_after=None
[2026-06-06T20:23:38.848+0000] {logging_mixin.py:190} INFO - [2026-06-06T20:23:38.848+0000] {dag.py:4180} INFO - Setting next_dagrun for dataset_s3_bucket_consumer to None, run_after=None
[2026-06-06T20:23:38.851+0000] {logging_mixin.py:190} INFO - [2026-06-06T20:23:38.851+0000] {dag.py:4180} INFO - Setting next_dagrun for dataset_s3_bucket_producer to None, run_after=None
[2026-06-06T20:23:38.884+0000] {processor.py:208} INFO - Processing /home/airflow/.local/lib/python3.12/site-packages/airflow/example_dags/example_dataset_alias.py took 13.188 seconds
[2026-06-06T20:24:09.663+0000] {processor.py:186} INFO - Started process (PID=1172) to work on /home/airflow/.local/lib/python3.12/site-packages/airflow/example_dags/example_dataset_alias.py
[2026-06-06T20:24:09.666+0000] {processor.py:914} INFO - Processing file /home/airflow/.local/lib/python3.12/site-packages/airflow/example_dags/example_dataset_alias.py for tasks to queue
[2026-06-06T20:24:09.671+0000] {logging_mixin.py:190} INFO - [2026-06-06T20:24:09.671+0000] {dagbag.py:588} INFO - Filling up the DagBag from /home/airflow/.local/lib/python3.12/site-packages/airflow/example_dags/example_dataset_alias.py
[2026-06-06T20:24:21.766+0000] {processor.py:925} INFO - DAG(s) 'dataset_s3_bucket_consumer', 'dataset_alias_example_alias_producer', 'dataset_alias_example_alias_consumer', 'dataset_s3_bucket_producer' retrieved from /home/airflow/.local/lib/python3.12/site-packages/airflow/example_dags/example_dataset_alias.py
[2026-06-06T20:24:21.809+0000] {logging_mixin.py:190} INFO - [2026-06-06T20:24:21.808+0000] {dag.py:3239} INFO - Sync 4 DAGs
[2026-06-06T20:24:21.844+0000] {logging_mixin.py:190} INFO - [2026-06-06T20:24:21.844+0000] {dag.py:4180} INFO - Setting next_dagrun for dataset_alias_example_alias_consumer to None, run_after=None
[2026-06-06T20:24:21.849+0000] {logging_mixin.py:190} INFO - [2026-06-06T20:24:21.849+0000] {dag.py:4180} INFO - Setting next_dagrun for dataset_alias_example_alias_producer to None, run_after=None
[2026-06-06T20:24:21.852+0000] {logging_mixin.py:190} INFO - [2026-06-06T20:24:21.851+0000] {dag.py:4180} INFO - Setting next_dagrun for dataset_s3_bucket_consumer to None, run_after=None
[2026-06-06T20:24:21.855+0000] {logging_mixin.py:190} INFO - [2026-06-06T20:24:21.855+0000] {dag.py:4180} INFO - Setting next_dagrun for dataset_s3_bucket_producer to None, run_after=None
[2026-06-06T20:24:21.891+0000] {processor.py:208} INFO - Processing /home/airflow/.local/lib/python3.12/site-packages/airflow/example_dags/example_dataset_alias.py took 12.241 seconds
[2026-06-06T20:24:52.187+0000] {processor.py:186} INFO - Started process (PID=1251) to work on /home/airflow/.local/lib/python3.12/site-packages/airflow/example_dags/example_dataset_alias.py
[2026-06-06T20:24:52.189+0000] {processor.py:914} INFO - Processing file /home/airflow/.local/lib/python3.12/site-packages/airflow/example_dags/example_dataset_alias.py for tasks to queue
[2026-06-06T20:24:52.194+0000] {logging_mixin.py:190} INFO - [2026-06-06T20:24:52.194+0000] {dagbag.py:588} INFO - Filling up the DagBag from /home/airflow/.local/lib/python3.12/site-packages/airflow/example_dags/example_dataset_alias.py
[2026-06-06T20:25:04.405+0000] {processor.py:925} INFO - DAG(s) 'dataset_s3_bucket_producer', 'dataset_s3_bucket_consumer', 'dataset_alias_example_alias_producer', 'dataset_alias_example_alias_consumer' retrieved from /home/airflow/.local/lib/python3.12/site-packages/airflow/example_dags/example_dataset_alias.py
[2026-06-06T20:25:04.450+0000] {logging_mixin.py:190} INFO - [2026-06-06T20:25:04.449+0000] {dag.py:3239} INFO - Sync 4 DAGs
[2026-06-06T20:25:04.479+0000] {logging_mixin.py:190} INFO - [2026-06-06T20:25:04.478+0000] {dag.py:4180} INFO - Setting next_dagrun for dataset_alias_example_alias_consumer to None, run_after=None
[2026-06-06T20:25:04.483+0000] {logging_mixin.py:190} INFO - [2026-06-06T20:25:04.483+0000] {dag.py:4180} INFO - Setting next_dagrun for dataset_alias_example_alias_producer to None, run_after=None
[2026-06-06T20:25:04.485+0000] {logging_mixin.py:190} INFO - [2026-06-06T20:25:04.485+0000] {dag.py:4180} INFO - Setting next_dagrun for dataset_s3_bucket_consumer to None, run_after=None
[2026-06-06T20:25:04.488+0000] {logging_mixin.py:190} INFO - [2026-06-06T20:25:04.487+0000] {dag.py:4180} INFO - Setting next_dagrun for dataset_s3_bucket_producer to None, run_after=None
[2026-06-06T20:25:04.524+0000] {processor.py:208} INFO - Processing /home/airflow/.local/lib/python3.12/site-packages/airflow/example_dags/example_dataset_alias.py took 12.346 seconds
[2026-06-06T20:25:36.425+0000] {processor.py:186} INFO - Started process (PID=1316) to work on /home/airflow/.local/lib/python3.12/site-packages/airflow/example_dags/example_dataset_alias.py
[2026-06-06T20:25:36.428+0000] {processor.py:914} INFO - Processing file /home/airflow/.local/lib/python3.12/site-packages/airflow/example_dags/example_dataset_alias.py for tasks to queue
[2026-06-06T20:25:36.435+0000] {logging_mixin.py:190} INFO - [2026-06-06T20:25:36.434+0000] {dagbag.py:588} INFO - Filling up the DagBag from /home/airflow/.local/lib/python3.12/site-packages/airflow/example_dags/example_dataset_alias.py
[2026-06-06T20:25:48.407+0000] {processor.py:925} INFO - DAG(s) 'dataset_s3_bucket_consumer', 'dataset_alias_example_alias_consumer', 'dataset_s3_bucket_producer', 'dataset_alias_example_alias_producer' retrieved from /home/airflow/.local/lib/python3.12/site-packages/airflow/example_dags/example_dataset_alias.py
[2026-06-06T20:25:48.449+0000] {logging_mixin.py:190} INFO - [2026-06-06T20:25:48.448+0000] {dag.py:3239} INFO - Sync 4 DAGs
[2026-06-06T20:25:48.490+0000] {logging_mixin.py:190} INFO - [2026-06-06T20:25:48.489+0000] {dag.py:4180} INFO - Setting next_dagrun for dataset_alias_example_alias_consumer to None, run_after=None
[2026-06-06T20:25:48.498+0000] {logging_mixin.py:190} INFO - [2026-06-06T20:25:48.498+0000] {dag.py:4180} INFO - Setting next_dagrun for dataset_alias_example_alias_producer to None, run_after=None
[2026-06-06T20:25:48.502+0000] {logging_mixin.py:190} INFO - [2026-06-06T20:25:48.502+0000] {dag.py:4180} INFO - Setting next_dagrun for dataset_s3_bucket_consumer to None, run_after=None
[2026-06-06T20:25:48.508+0000] {logging_mixin.py:190} INFO - [2026-06-06T20:25:48.507+0000] {dag.py:4180} INFO - Setting next_dagrun for dataset_s3_bucket_producer to None, run_after=None
[2026-06-06T20:25:48.567+0000] {processor.py:208} INFO - Processing /home/airflow/.local/lib/python3.12/site-packages/airflow/example_dags/example_dataset_alias.py took 12.154 seconds
[2026-06-06T20:26:19.380+0000] {processor.py:186} INFO - Started process (PID=1385) to work on /home/airflow/.local/lib/python3.12/site-packages/airflow/example_dags/example_dataset_alias.py
[2026-06-06T20:26:19.383+0000] {processor.py:914} INFO - Processing file /home/airflow/.local/lib/python3.12/site-packages/airflow/example_dags/example_dataset_alias.py for tasks to queue
[2026-06-06T20:26:19.390+0000] {logging_mixin.py:190} INFO - [2026-06-06T20:26:19.389+0000] {dagbag.py:588} INFO - Filling up the DagBag from /home/airflow/.local/lib/python3.12/site-packages/airflow/example_dags/example_dataset_alias.py
[2026-06-06T20:26:35.132+0000] {processor.py:925} INFO - DAG(s) 'dataset_s3_bucket_producer', 'dataset_alias_example_alias_producer', 'dataset_s3_bucket_consumer', 'dataset_alias_example_alias_consumer' retrieved from /home/airflow/.local/lib/python3.12/site-packages/airflow/example_dags/example_dataset_alias.py
[2026-06-06T20:26:35.181+0000] {logging_mixin.py:190} INFO - [2026-06-06T20:26:35.180+0000] {dag.py:3239} INFO - Sync 4 DAGs
[2026-06-06T20:26:35.231+0000] {logging_mixin.py:190} INFO - [2026-06-06T20:26:35.230+0000] {dag.py:4180} INFO - Setting next_dagrun for dataset_alias_example_alias_consumer to None, run_after=None
[2026-06-06T20:26:35.237+0000] {logging_mixin.py:190} INFO - [2026-06-06T20:26:35.236+0000] {dag.py:4180} INFO - Setting next_dagrun for dataset_alias_example_alias_producer to None, run_after=None
[2026-06-06T20:26:35.239+0000] {logging_mixin.py:190} INFO - [2026-06-06T20:26:35.239+0000] {dag.py:4180} INFO - Setting next_dagrun for dataset_s3_bucket_consumer to None, run_after=None
[2026-06-06T20:26:35.242+0000] {logging_mixin.py:190} INFO - [2026-06-06T20:26:35.242+0000] {dag.py:4180} INFO - Setting next_dagrun for dataset_s3_bucket_producer to None, run_after=None
[2026-06-06T20:26:35.292+0000] {processor.py:208} INFO - Processing /home/airflow/.local/lib/python3.12/site-packages/airflow/example_dags/example_dataset_alias.py took 15.924 seconds
[2026-06-06T20:27:07.127+0000] {processor.py:186} INFO - Started process (PID=1476) to work on /home/airflow/.local/lib/python3.12/site-packages/airflow/example_dags/example_dataset_alias.py
[2026-06-06T20:27:07.129+0000] {processor.py:914} INFO - Processing file /home/airflow/.local/lib/python3.12/site-packages/airflow/example_dags/example_dataset_alias.py for tasks to queue
[2026-06-06T20:27:07.135+0000] {logging_mixin.py:190} INFO - [2026-06-06T20:27:07.134+0000] {dagbag.py:588} INFO - Filling up the DagBag from /home/airflow/.local/lib/python3.12/site-packages/airflow/example_dags/example_dataset_alias.py
[2026-06-06T20:27:22.348+0000] {processor.py:925} INFO - DAG(s) 'dataset_s3_bucket_producer', 'dataset_alias_example_alias_consumer', 'dataset_alias_example_alias_producer', 'dataset_s3_bucket_consumer' retrieved from /home/airflow/.local/lib/python3.12/site-packages/airflow/example_dags/example_dataset_alias.py
[2026-06-06T20:27:22.401+0000] {logging_mixin.py:190} INFO - [2026-06-06T20:27:22.400+0000] {dag.py:3239} INFO - Sync 4 DAGs
[2026-06-06T20:27:22.466+0000] {logging_mixin.py:190} INFO - [2026-06-06T20:27:22.466+0000] {dag.py:4180} INFO - Setting next_dagrun for dataset_alias_example_alias_consumer to None, run_after=None
[2026-06-06T20:27:22.477+0000] {logging_mixin.py:190} INFO - [2026-06-06T20:27:22.474+0000] {dag.py:4180} INFO - Setting next_dagrun for dataset_alias_example_alias_producer to None, run_after=None
[2026-06-06T20:27:22.483+0000] {logging_mixin.py:190} INFO - [2026-06-06T20:27:22.482+0000] {dag.py:4180} INFO - Setting next_dagrun for dataset_s3_bucket_consumer to None, run_after=None
[2026-06-06T20:27:22.487+0000] {logging_mixin.py:190} INFO - [2026-06-06T20:27:22.486+0000] {dag.py:4180} INFO - Setting next_dagrun for dataset_s3_bucket_producer to None, run_after=None
[2026-06-06T20:27:22.555+0000] {processor.py:208} INFO - Processing /home/airflow/.local/lib/python3.12/site-packages/airflow/example_dags/example_dataset_alias.py took 15.439 seconds
[2026-06-06T20:27:58.271+0000] {processor.py:186} INFO - Started process (PID=1571) to work on /home/airflow/.local/lib/python3.12/site-packages/airflow/example_dags/example_dataset_alias.py
[2026-06-06T20:27:58.274+0000] {processor.py:914} INFO - Processing file /home/airflow/.local/lib/python3.12/site-packages/airflow/example_dags/example_dataset_alias.py for tasks to queue
[2026-06-06T20:27:58.287+0000] {logging_mixin.py:190} INFO - [2026-06-06T20:27:58.286+0000] {dagbag.py:588} INFO - Filling up the DagBag from /home/airflow/.local/lib/python3.12/site-packages/airflow/example_dags/example_dataset_alias.py
[2026-06-06T20:28:10.813+0000] {processor.py:925} INFO - DAG(s) 'dataset_s3_bucket_producer', 'dataset_s3_bucket_consumer', 'dataset_alias_example_alias_consumer', 'dataset_alias_example_alias_producer' retrieved from /home/airflow/.local/lib/python3.12/site-packages/airflow/example_dags/example_dataset_alias.py
[2026-06-06T20:28:10.858+0000] {logging_mixin.py:190} INFO - [2026-06-06T20:28:10.856+0000] {dag.py:3239} INFO - Sync 4 DAGs
[2026-06-06T20:28:10.909+0000] {logging_mixin.py:190} INFO - [2026-06-06T20:28:10.908+0000] {dag.py:4180} INFO - Setting next_dagrun for dataset_alias_example_alias_consumer to None, run_after=None
[2026-06-06T20:28:10.917+0000] {logging_mixin.py:190} INFO - [2026-06-06T20:28:10.917+0000] {dag.py:4180} INFO - Setting next_dagrun for dataset_alias_example_alias_producer to None, run_after=None
[2026-06-06T20:28:10.920+0000] {logging_mixin.py:190} INFO - [2026-06-06T20:28:10.920+0000] {dag.py:4180} INFO - Setting next_dagrun for dataset_s3_bucket_consumer to None, run_after=None
[2026-06-06T20:28:10.924+0000] {logging_mixin.py:190} INFO - [2026-06-06T20:28:10.924+0000] {dag.py:4180} INFO - Setting next_dagrun for dataset_s3_bucket_producer to None, run_after=None
[2026-06-06T20:28:10.975+0000] {processor.py:208} INFO - Processing /home/airflow/.local/lib/python3.12/site-packages/airflow/example_dags/example_dataset_alias.py took 12.740 seconds
[2026-06-06T20:28:41.151+0000] {processor.py:186} INFO - Started process (PID=1635) to work on /home/airflow/.local/lib/python3.12/site-packages/airflow/example_dags/example_dataset_alias.py
[2026-06-06T20:28:41.154+0000] {processor.py:914} INFO - Processing file /home/airflow/.local/lib/python3.12/site-packages/airflow/example_dags/example_dataset_alias.py for tasks to queue
[2026-06-06T20:28:41.160+0000] {logging_mixin.py:190} INFO - [2026-06-06T20:28:41.159+0000] {dagbag.py:588} INFO - Filling up the DagBag from /home/airflow/.local/lib/python3.12/site-packages/airflow/example_dags/example_dataset_alias.py
[2026-06-06T20:28:52.501+0000] {processor.py:925} INFO - DAG(s) 'dataset_s3_bucket_consumer', 'dataset_alias_example_alias_consumer', 'dataset_s3_bucket_producer', 'dataset_alias_example_alias_producer' retrieved from /home/airflow/.local/lib/python3.12/site-packages/airflow/example_dags/example_dataset_alias.py
[2026-06-06T20:28:52.546+0000] {logging_mixin.py:190} INFO - [2026-06-06T20:28:52.545+0000] {dag.py:3239} INFO - Sync 4 DAGs
[2026-06-06T20:28:52.592+0000] {logging_mixin.py:190} INFO - [2026-06-06T20:28:52.591+0000] {dag.py:4180} INFO - Setting next_dagrun for dataset_alias_example_alias_consumer to None, run_after=None
[2026-06-06T20:28:52.598+0000] {logging_mixin.py:190} INFO - [2026-06-06T20:28:52.597+0000] {dag.py:4180} INFO - Setting next_dagrun for dataset_alias_example_alias_producer to None, run_after=None
[2026-06-06T20:28:52.601+0000] {logging_mixin.py:190} INFO - [2026-06-06T20:28:52.601+0000] {dag.py:4180} INFO - Setting next_dagrun for dataset_s3_bucket_consumer to None, run_after=None
[2026-06-06T20:28:52.604+0000] {logging_mixin.py:190} INFO - [2026-06-06T20:28:52.604+0000] {dag.py:4180} INFO - Setting next_dagrun for dataset_s3_bucket_producer to None, run_after=None
[2026-06-06T20:28:52.647+0000] {processor.py:208} INFO - Processing /home/airflow/.local/lib/python3.12/site-packages/airflow/example_dags/example_dataset_alias.py took 11.508 seconds
[2026-06-06T20:29:28.037+0000] {processor.py:186} INFO - Started process (PID=1713) to work on /home/airflow/.local/lib/python3.12/site-packages/airflow/example_dags/example_dataset_alias.py
[2026-06-06T20:29:28.040+0000] {processor.py:914} INFO - Processing file /home/airflow/.local/lib/python3.12/site-packages/airflow/example_dags/example_dataset_alias.py for tasks to queue
[2026-06-06T20:29:28.047+0000] {logging_mixin.py:190} INFO - [2026-06-06T20:29:28.047+0000] {dagbag.py:588} INFO - Filling up the DagBag from /home/airflow/.local/lib/python3.12/site-packages/airflow/example_dags/example_dataset_alias.py
[2026-06-06T20:29:43.270+0000] {processor.py:925} INFO - DAG(s) 'dataset_s3_bucket_consumer', 'dataset_alias_example_alias_producer', 'dataset_s3_bucket_producer', 'dataset_alias_example_alias_consumer' retrieved from /home/airflow/.local/lib/python3.12/site-packages/airflow/example_dags/example_dataset_alias.py
[2026-06-06T20:29:43.317+0000] {logging_mixin.py:190} INFO - [2026-06-06T20:29:43.316+0000] {dag.py:3239} INFO - Sync 4 DAGs
[2026-06-06T20:29:43.359+0000] {logging_mixin.py:190} INFO - [2026-06-06T20:29:43.359+0000] {dag.py:4180} INFO - Setting next_dagrun for dataset_alias_example_alias_consumer to None, run_after=None
[2026-06-06T20:29:43.365+0000] {logging_mixin.py:190} INFO - [2026-06-06T20:29:43.365+0000] {dag.py:4180} INFO - Setting next_dagrun for dataset_alias_example_alias_producer to None, run_after=None
[2026-06-06T20:29:43.368+0000] {logging_mixin.py:190} INFO - [2026-06-06T20:29:43.368+0000] {dag.py:4180} INFO - Setting next_dagrun for dataset_s3_bucket_consumer to None, run_after=None
[2026-06-06T20:29:43.372+0000] {logging_mixin.py:190} INFO - [2026-06-06T20:29:43.371+0000] {dag.py:4180} INFO - Setting next_dagrun for dataset_s3_bucket_producer to None, run_after=None
[2026-06-06T20:29:43.417+0000] {processor.py:208} INFO - Processing /home/airflow/.local/lib/python3.12/site-packages/airflow/example_dags/example_dataset_alias.py took 15.389 seconds
[2026-06-06T20:30:14.169+0000] {processor.py:186} INFO - Started process (PID=1797) to work on /home/airflow/.local/lib/python3.12/site-packages/airflow/example_dags/example_dataset_alias.py
[2026-06-06T20:30:14.171+0000] {processor.py:914} INFO - Processing file /home/airflow/.local/lib/python3.12/site-packages/airflow/example_dags/example_dataset_alias.py for tasks to queue
[2026-06-06T20:30:14.179+0000] {logging_mixin.py:190} INFO - [2026-06-06T20:30:14.178+0000] {dagbag.py:588} INFO - Filling up the DagBag from /home/airflow/.local/lib/python3.12/site-packages/airflow/example_dags/example_dataset_alias.py
[2026-06-06T20:30:27.465+0000] {processor.py:925} INFO - DAG(s) 'dataset_s3_bucket_producer', 'dataset_s3_bucket_consumer', 'dataset_alias_example_alias_consumer', 'dataset_alias_example_alias_producer' retrieved from /home/airflow/.local/lib/python3.12/site-packages/airflow/example_dags/example_dataset_alias.py
[2026-06-06T20:30:27.505+0000] {logging_mixin.py:190} INFO - [2026-06-06T20:30:27.504+0000] {dag.py:3239} INFO - Sync 4 DAGs
[2026-06-06T20:30:27.540+0000] {logging_mixin.py:190} INFO - [2026-06-06T20:30:27.539+0000] {dag.py:4180} INFO - Setting next_dagrun for dataset_alias_example_alias_consumer to None, run_after=None
[2026-06-06T20:30:27.545+0000] {logging_mixin.py:190} INFO - [2026-06-06T20:30:27.545+0000] {dag.py:4180} INFO - Setting next_dagrun for dataset_alias_example_alias_producer to None, run_after=None
[2026-06-06T20:30:27.548+0000] {logging_mixin.py:190} INFO - [2026-06-06T20:30:27.548+0000] {dag.py:4180} INFO - Setting next_dagrun for dataset_s3_bucket_consumer to None, run_after=None
[2026-06-06T20:30:27.550+0000] {logging_mixin.py:190} INFO - [2026-06-06T20:30:27.550+0000] {dag.py:4180} INFO - Setting next_dagrun for dataset_s3_bucket_producer to None, run_after=None
[2026-06-06T20:30:27.592+0000] {processor.py:208} INFO - Processing /home/airflow/.local/lib/python3.12/site-packages/airflow/example_dags/example_dataset_alias.py took 13.433 seconds
[2026-06-06T20:30:59.934+0000] {processor.py:186} INFO - Started process (PID=1873) to work on /home/airflow/.local/lib/python3.12/site-packages/airflow/example_dags/example_dataset_alias.py
[2026-06-06T20:30:59.936+0000] {processor.py:914} INFO - Processing file /home/airflow/.local/lib/python3.12/site-packages/airflow/example_dags/example_dataset_alias.py for tasks to queue
[2026-06-06T20:30:59.943+0000] {logging_mixin.py:190} INFO - [2026-06-06T20:30:59.942+0000] {dagbag.py:588} INFO - Filling up the DagBag from /home/airflow/.local/lib/python3.12/site-packages/airflow/example_dags/example_dataset_alias.py
[2026-06-06T20:31:19.221+0000] {processor.py:925} INFO - DAG(s) 'dataset_s3_bucket_consumer', 'dataset_s3_bucket_producer', 'dataset_alias_example_alias_producer', 'dataset_alias_example_alias_consumer' retrieved from /home/airflow/.local/lib/python3.12/site-packages/airflow/example_dags/example_dataset_alias.py
[2026-06-06T20:31:19.271+0000] {logging_mixin.py:190} INFO - [2026-06-06T20:31:19.270+0000] {dag.py:3239} INFO - Sync 4 DAGs
[2026-06-06T20:31:19.320+0000] {logging_mixin.py:190} INFO - [2026-06-06T20:31:19.320+0000] {dag.py:4180} INFO - Setting next_dagrun for dataset_alias_example_alias_consumer to None, run_after=None
[2026-06-06T20:31:19.327+0000] {logging_mixin.py:190} INFO - [2026-06-06T20:31:19.327+0000] {dag.py:4180} INFO - Setting next_dagrun for dataset_alias_example_alias_producer to None, run_after=None
[2026-06-06T20:31:19.331+0000] {logging_mixin.py:190} INFO - [2026-06-06T20:31:19.331+0000] {dag.py:4180} INFO - Setting next_dagrun for dataset_s3_bucket_consumer to None, run_after=None
[2026-06-06T20:31:19.335+0000] {logging_mixin.py:190} INFO - [2026-06-06T20:31:19.335+0000] {dag.py:4180} INFO - Setting next_dagrun for dataset_s3_bucket_producer to None, run_after=None
[2026-06-06T20:31:19.388+0000] {processor.py:208} INFO - Processing /home/airflow/.local/lib/python3.12/site-packages/airflow/example_dags/example_dataset_alias.py took 19.474 seconds
[2026-06-06T20:31:50.394+0000] {processor.py:186} INFO - Started process (PID=1956) to work on /home/airflow/.local/lib/python3.12/site-packages/airflow/example_dags/example_dataset_alias.py
[2026-06-06T20:31:50.396+0000] {processor.py:914} INFO - Processing file /home/airflow/.local/lib/python3.12/site-packages/airflow/example_dags/example_dataset_alias.py for tasks to queue
[2026-06-06T20:31:50.402+0000] {logging_mixin.py:190} INFO - [2026-06-06T20:31:50.400+0000] {dagbag.py:588} INFO - Filling up the DagBag from /home/airflow/.local/lib/python3.12/site-packages/airflow/example_dags/example_dataset_alias.py
[2026-06-06T20:32:06.516+0000] {processor.py:925} INFO - DAG(s) 'dataset_s3_bucket_consumer', 'dataset_s3_bucket_producer', 'dataset_alias_example_alias_consumer', 'dataset_alias_example_alias_producer' retrieved from /home/airflow/.local/lib/python3.12/site-packages/airflow/example_dags/example_dataset_alias.py
[2026-06-06T20:32:06.557+0000] {logging_mixin.py:190} INFO - [2026-06-06T20:32:06.556+0000] {dag.py:3239} INFO - Sync 4 DAGs
[2026-06-06T20:32:06.589+0000] {logging_mixin.py:190} INFO - [2026-06-06T20:32:06.589+0000] {dag.py:4180} INFO - Setting next_dagrun for dataset_alias_example_alias_consumer to None, run_after=None
[2026-06-06T20:32:06.594+0000] {logging_mixin.py:190} INFO - [2026-06-06T20:32:06.593+0000] {dag.py:4180} INFO - Setting next_dagrun for dataset_alias_example_alias_producer to None, run_after=None
[2026-06-06T20:32:06.596+0000] {logging_mixin.py:190} INFO - [2026-06-06T20:32:06.596+0000] {dag.py:4180} INFO - Setting next_dagrun for dataset_s3_bucket_consumer to None, run_after=None
[2026-06-06T20:32:06.600+0000] {logging_mixin.py:190} INFO - [2026-06-06T20:32:06.599+0000] {dag.py:4180} INFO - Setting next_dagrun for dataset_s3_bucket_producer to None, run_after=None
[2026-06-06T20:32:06.633+0000] {processor.py:208} INFO - Processing /home/airflow/.local/lib/python3.12/site-packages/airflow/example_dags/example_dataset_alias.py took 16.250 seconds
[2026-06-06T20:32:41.953+0000] {processor.py:186} INFO - Started process (PID=2030) to work on /home/airflow/.local/lib/python3.12/site-packages/airflow/example_dags/example_dataset_alias.py
[2026-06-06T20:32:41.956+0000] {processor.py:914} INFO - Processing file /home/airflow/.local/lib/python3.12/site-packages/airflow/example_dags/example_dataset_alias.py for tasks to queue
[2026-06-06T20:32:41.964+0000] {logging_mixin.py:190} INFO - [2026-06-06T20:32:41.964+0000] {dagbag.py:588} INFO - Filling up the DagBag from /home/airflow/.local/lib/python3.12/site-packages/airflow/example_dags/example_dataset_alias.py
[2026-06-06T20:32:55.567+0000] {processor.py:925} INFO - DAG(s) 'dataset_alias_example_alias_producer', 'dataset_s3_bucket_producer', 'dataset_s3_bucket_consumer', 'dataset_alias_example_alias_consumer' retrieved from /home/airflow/.local/lib/python3.12/site-packages/airflow/example_dags/example_dataset_alias.py
[2026-06-06T20:32:55.618+0000] {logging_mixin.py:190} INFO - [2026-06-06T20:32:55.616+0000] {dag.py:3239} INFO - Sync 4 DAGs
[2026-06-06T20:32:55.659+0000] {logging_mixin.py:190} INFO - [2026-06-06T20:32:55.659+0000] {dag.py:4180} INFO - Setting next_dagrun for dataset_alias_example_alias_consumer to None, run_after=None
[2026-06-06T20:32:55.668+0000] {logging_mixin.py:190} INFO - [2026-06-06T20:32:55.668+0000] {dag.py:4180} INFO - Setting next_dagrun for dataset_alias_example_alias_producer to None, run_after=None
[2026-06-06T20:32:55.672+0000] {logging_mixin.py:190} INFO - [2026-06-06T20:32:55.671+0000] {dag.py:4180} INFO - Setting next_dagrun for dataset_s3_bucket_consumer to None, run_after=None
[2026-06-06T20:32:55.675+0000] {logging_mixin.py:190} INFO - [2026-06-06T20:32:55.674+0000] {dag.py:4180} INFO - Setting next_dagrun for dataset_s3_bucket_producer to None, run_after=None
[2026-06-06T20:32:55.728+0000] {processor.py:208} INFO - Processing /home/airflow/.local/lib/python3.12/site-packages/airflow/example_dags/example_dataset_alias.py took 13.788 seconds
[2026-06-06T20:33:28.701+0000] {processor.py:186} INFO - Started process (PID=2126) to work on /home/airflow/.local/lib/python3.12/site-packages/airflow/example_dags/example_dataset_alias.py
[2026-06-06T20:33:28.704+0000] {processor.py:914} INFO - Processing file /home/airflow/.local/lib/python3.12/site-packages/airflow/example_dags/example_dataset_alias.py for tasks to queue
[2026-06-06T20:33:28.709+0000] {logging_mixin.py:190} INFO - [2026-06-06T20:33:28.709+0000] {dagbag.py:588} INFO - Filling up the DagBag from /home/airflow/.local/lib/python3.12/site-packages/airflow/example_dags/example_dataset_alias.py
[2026-06-06T20:33:42.445+0000] {processor.py:925} INFO - DAG(s) 'dataset_s3_bucket_consumer', 'dataset_s3_bucket_producer', 'dataset_alias_example_alias_producer', 'dataset_alias_example_alias_consumer' retrieved from /home/airflow/.local/lib/python3.12/site-packages/airflow/example_dags/example_dataset_alias.py
[2026-06-06T20:33:42.487+0000] {logging_mixin.py:190} INFO - [2026-06-06T20:33:42.485+0000] {dag.py:3239} INFO - Sync 4 DAGs
[2026-06-06T20:33:42.526+0000] {logging_mixin.py:190} INFO - [2026-06-06T20:33:42.525+0000] {dag.py:4180} INFO - Setting next_dagrun for dataset_alias_example_alias_consumer to None, run_after=None
[2026-06-06T20:33:42.531+0000] {logging_mixin.py:190} INFO - [2026-06-06T20:33:42.531+0000] {dag.py:4180} INFO - Setting next_dagrun for dataset_alias_example_alias_producer to None, run_after=None
[2026-06-06T20:33:42.534+0000] {logging_mixin.py:190} INFO - [2026-06-06T20:33:42.533+0000] {dag.py:4180} INFO - Setting next_dagrun for dataset_s3_bucket_consumer to None, run_after=None
[2026-06-06T20:33:42.537+0000] {logging_mixin.py:190} INFO - [2026-06-06T20:33:42.536+0000] {dag.py:4180} INFO - Setting next_dagrun for dataset_s3_bucket_producer to None, run_after=None
[2026-06-06T20:33:42.577+0000] {processor.py:208} INFO - Processing /home/airflow/.local/lib/python3.12/site-packages/airflow/example_dags/example_dataset_alias.py took 13.888 seconds
[2026-06-06T20:34:13.292+0000] {processor.py:186} INFO - Started process (PID=2205) to work on /home/airflow/.local/lib/python3.12/site-packages/airflow/example_dags/example_dataset_alias.py
[2026-06-06T20:34:13.295+0000] {processor.py:914} INFO - Processing file /home/airflow/.local/lib/python3.12/site-packages/airflow/example_dags/example_dataset_alias.py for tasks to queue
[2026-06-06T20:34:13.304+0000] {logging_mixin.py:190} INFO - [2026-06-06T20:34:13.303+0000] {dagbag.py:588} INFO - Filling up the DagBag from /home/airflow/.local/lib/python3.12/site-packages/airflow/example_dags/example_dataset_alias.py
[2026-06-06T20:34:24.038+0000] {processor.py:925} INFO - DAG(s) 'dataset_s3_bucket_producer', 'dataset_s3_bucket_consumer', 'dataset_alias_example_alias_consumer', 'dataset_alias_example_alias_producer' retrieved from /home/airflow/.local/lib/python3.12/site-packages/airflow/example_dags/example_dataset_alias.py
[2026-06-06T20:34:24.076+0000] {logging_mixin.py:190} INFO - [2026-06-06T20:34:24.075+0000] {dag.py:3239} INFO - Sync 4 DAGs
[2026-06-06T20:34:24.108+0000] {logging_mixin.py:190} INFO - [2026-06-06T20:34:24.108+0000] {dag.py:4180} INFO - Setting next_dagrun for dataset_alias_example_alias_consumer to None, run_after=None
[2026-06-06T20:34:24.112+0000] {logging_mixin.py:190} INFO - [2026-06-06T20:34:24.112+0000] {dag.py:4180} INFO - Setting next_dagrun for dataset_alias_example_alias_producer to None, run_after=None
[2026-06-06T20:34:24.114+0000] {logging_mixin.py:190} INFO - [2026-06-06T20:34:24.114+0000] {dag.py:4180} INFO - Setting next_dagrun for dataset_s3_bucket_consumer to None, run_after=None
[2026-06-06T20:34:24.116+0000] {logging_mixin.py:190} INFO - [2026-06-06T20:34:24.116+0000] {dag.py:4180} INFO - Setting next_dagrun for dataset_s3_bucket_producer to None, run_after=None
[2026-06-06T20:34:24.147+0000] {processor.py:208} INFO - Processing /home/airflow/.local/lib/python3.12/site-packages/airflow/example_dags/example_dataset_alias.py took 10.867 seconds
[2026-06-06T20:35:00.549+0000] {processor.py:186} INFO - Started process (PID=2275) to work on /home/airflow/.local/lib/python3.12/site-packages/airflow/example_dags/example_dataset_alias.py
[2026-06-06T20:35:00.562+0000] {processor.py:914} INFO - Processing file /home/airflow/.local/lib/python3.12/site-packages/airflow/example_dags/example_dataset_alias.py for tasks to queue
[2026-06-06T20:35:00.566+0000] {logging_mixin.py:190} INFO - [2026-06-06T20:35:00.565+0000] {dagbag.py:588} INFO - Filling up the DagBag from /home/airflow/.local/lib/python3.12/site-packages/airflow/example_dags/example_dataset_alias.py
[2026-06-06T20:35:14.335+0000] {processor.py:925} INFO - DAG(s) 'dataset_s3_bucket_consumer', 'dataset_alias_example_alias_consumer', 'dataset_s3_bucket_producer', 'dataset_alias_example_alias_producer' retrieved from /home/airflow/.local/lib/python3.12/site-packages/airflow/example_dags/example_dataset_alias.py
[2026-06-06T20:35:14.386+0000] {logging_mixin.py:190} INFO - [2026-06-06T20:35:14.384+0000] {dag.py:3239} INFO - Sync 4 DAGs
[2026-06-06T20:35:14.435+0000] {logging_mixin.py:190} INFO - [2026-06-06T20:35:14.434+0000] {dag.py:4180} INFO - Setting next_dagrun for dataset_alias_example_alias_consumer to None, run_after=None
[2026-06-06T20:35:14.443+0000] {logging_mixin.py:190} INFO - [2026-06-06T20:35:14.443+0000] {dag.py:4180} INFO - Setting next_dagrun for dataset_alias_example_alias_producer to None, run_after=None
[2026-06-06T20:35:14.447+0000] {logging_mixin.py:190} INFO - [2026-06-06T20:35:14.446+0000] {dag.py:4180} INFO - Setting next_dagrun for dataset_s3_bucket_consumer to None, run_after=None
[2026-06-06T20:35:14.450+0000] {logging_mixin.py:190} INFO - [2026-06-06T20:35:14.449+0000] {dag.py:4180} INFO - Setting next_dagrun for dataset_s3_bucket_producer to None, run_after=None
[2026-06-06T20:35:14.493+0000] {processor.py:208} INFO - Processing /home/airflow/.local/lib/python3.12/site-packages/airflow/example_dags/example_dataset_alias.py took 13.960 seconds
[2026-06-06T20:35:45.516+0000] {processor.py:186} INFO - Started process (PID=2344) to work on /home/airflow/.local/lib/python3.12/site-packages/airflow/example_dags/example_dataset_alias.py
[2026-06-06T20:35:45.519+0000] {processor.py:914} INFO - Processing file /home/airflow/.local/lib/python3.12/site-packages/airflow/example_dags/example_dataset_alias.py for tasks to queue
[2026-06-06T20:35:45.531+0000] {logging_mixin.py:190} INFO - [2026-06-06T20:35:45.530+0000] {dagbag.py:588} INFO - Filling up the DagBag from /home/airflow/.local/lib/python3.12/site-packages/airflow/example_dags/example_dataset_alias.py
[2026-06-06T20:35:58.762+0000] {processor.py:925} INFO - DAG(s) 'dataset_alias_example_alias_consumer', 'dataset_s3_bucket_consumer', 'dataset_s3_bucket_producer', 'dataset_alias_example_alias_producer' retrieved from /home/airflow/.local/lib/python3.12/site-packages/airflow/example_dags/example_dataset_alias.py
[2026-06-06T20:35:58.823+0000] {logging_mixin.py:190} INFO - [2026-06-06T20:35:58.820+0000] {dag.py:3239} INFO - Sync 4 DAGs
[2026-06-06T20:35:58.866+0000] {logging_mixin.py:190} INFO - [2026-06-06T20:35:58.866+0000] {dag.py:4180} INFO - Setting next_dagrun for dataset_alias_example_alias_consumer to None, run_after=None
[2026-06-06T20:35:58.873+0000] {logging_mixin.py:190} INFO - [2026-06-06T20:35:58.872+0000] {dag.py:4180} INFO - Setting next_dagrun for dataset_alias_example_alias_producer to None, run_after=None
[2026-06-06T20:35:58.878+0000] {logging_mixin.py:190} INFO - [2026-06-06T20:35:58.878+0000] {dag.py:4180} INFO - Setting next_dagrun for dataset_s3_bucket_consumer to None, run_after=None
[2026-06-06T20:35:58.882+0000] {logging_mixin.py:190} INFO - [2026-06-06T20:35:58.882+0000] {dag.py:4180} INFO - Setting next_dagrun for dataset_s3_bucket_producer to None, run_after=None
[2026-06-06T20:35:58.941+0000] {processor.py:208} INFO - Processing /home/airflow/.local/lib/python3.12/site-packages/airflow/example_dags/example_dataset_alias.py took 13.439 seconds
[2026-06-06T20:36:29.139+0000] {processor.py:186} INFO - Started process (PID=2417) to work on /home/airflow/.local/lib/python3.12/site-packages/airflow/example_dags/example_dataset_alias.py
[2026-06-06T20:36:29.141+0000] {processor.py:914} INFO - Processing file /home/airflow/.local/lib/python3.12/site-packages/airflow/example_dags/example_dataset_alias.py for tasks to queue
[2026-06-06T20:36:29.148+0000] {logging_mixin.py:190} INFO - [2026-06-06T20:36:29.147+0000] {dagbag.py:588} INFO - Filling up the DagBag from /home/airflow/.local/lib/python3.12/site-packages/airflow/example_dags/example_dataset_alias.py
[2026-06-06T20:36:43.156+0000] {processor.py:925} INFO - DAG(s) 'dataset_alias_example_alias_consumer', 'dataset_alias_example_alias_producer', 'dataset_s3_bucket_consumer', 'dataset_s3_bucket_producer' retrieved from /home/airflow/.local/lib/python3.12/site-packages/airflow/example_dags/example_dataset_alias.py
[2026-06-06T20:36:43.198+0000] {logging_mixin.py:190} INFO - [2026-06-06T20:36:43.197+0000] {dag.py:3239} INFO - Sync 4 DAGs
[2026-06-06T20:36:43.244+0000] {logging_mixin.py:190} INFO - [2026-06-06T20:36:43.243+0000] {dag.py:4180} INFO - Setting next_dagrun for dataset_alias_example_alias_consumer to None, run_after=None
[2026-06-06T20:36:43.251+0000] {logging_mixin.py:190} INFO - [2026-06-06T20:36:43.250+0000] {dag.py:4180} INFO - Setting next_dagrun for dataset_alias_example_alias_producer to None, run_after=None
[2026-06-06T20:36:43.254+0000] {logging_mixin.py:190} INFO - [2026-06-06T20:36:43.253+0000] {dag.py:4180} INFO - Setting next_dagrun for dataset_s3_bucket_consumer to None, run_after=None
[2026-06-06T20:36:43.257+0000] {logging_mixin.py:190} INFO - [2026-06-06T20:36:43.257+0000] {dag.py:4180} INFO - Setting next_dagrun for dataset_s3_bucket_producer to None, run_after=None
[2026-06-06T20:36:43.304+0000] {processor.py:208} INFO - Processing /home/airflow/.local/lib/python3.12/site-packages/airflow/example_dags/example_dataset_alias.py took 14.182 seconds
[2026-06-06T20:37:14.060+0000] {processor.py:186} INFO - Started process (PID=2486) to work on /home/airflow/.local/lib/python3.12/site-packages/airflow/example_dags/example_dataset_alias.py
[2026-06-06T20:37:14.112+0000] {processor.py:914} INFO - Processing file /home/airflow/.local/lib/python3.12/site-packages/airflow/example_dags/example_dataset_alias.py for tasks to queue
[2026-06-06T20:37:14.166+0000] {logging_mixin.py:190} INFO - [2026-06-06T20:37:14.159+0000] {dagbag.py:588} INFO - Filling up the DagBag from /home/airflow/.local/lib/python3.12/site-packages/airflow/example_dags/example_dataset_alias.py
[2026-06-06T20:37:32.340+0000] {processor.py:925} INFO - DAG(s) 'dataset_s3_bucket_consumer', 'dataset_alias_example_alias_consumer', 'dataset_s3_bucket_producer', 'dataset_alias_example_alias_producer' retrieved from /home/airflow/.local/lib/python3.12/site-packages/airflow/example_dags/example_dataset_alias.py
[2026-06-06T20:37:32.380+0000] {logging_mixin.py:190} INFO - [2026-06-06T20:37:32.379+0000] {dag.py:3239} INFO - Sync 4 DAGs
[2026-06-06T20:37:32.418+0000] {logging_mixin.py:190} INFO - [2026-06-06T20:37:32.417+0000] {dag.py:4180} INFO - Setting next_dagrun for dataset_alias_example_alias_consumer to None, run_after=None
[2026-06-06T20:37:32.423+0000] {logging_mixin.py:190} INFO - [2026-06-06T20:37:32.423+0000] {dag.py:4180} INFO - Setting next_dagrun for dataset_alias_example_alias_producer to None, run_after=None
[2026-06-06T20:37:32.426+0000] {logging_mixin.py:190} INFO - [2026-06-06T20:37:32.426+0000] {dag.py:4180} INFO - Setting next_dagrun for dataset_s3_bucket_consumer to None, run_after=None
[2026-06-06T20:37:32.429+0000] {logging_mixin.py:190} INFO - [2026-06-06T20:37:32.429+0000] {dag.py:4180} INFO - Setting next_dagrun for dataset_s3_bucket_producer to None, run_after=None
[2026-06-06T20:37:32.468+0000] {processor.py:208} INFO - Processing /home/airflow/.local/lib/python3.12/site-packages/airflow/example_dags/example_dataset_alias.py took 18.534 seconds
[2026-06-06T20:39:51.831+0000] {processor.py:186} INFO - Started process (PID=70) to work on /home/airflow/.local/lib/python3.12/site-packages/airflow/example_dags/example_dataset_alias.py
[2026-06-06T20:39:51.833+0000] {processor.py:914} INFO - Processing file /home/airflow/.local/lib/python3.12/site-packages/airflow/example_dags/example_dataset_alias.py for tasks to queue
[2026-06-06T20:39:51.838+0000] {logging_mixin.py:190} INFO - [2026-06-06T20:39:51.837+0000] {dagbag.py:588} INFO - Filling up the DagBag from /home/airflow/.local/lib/python3.12/site-packages/airflow/example_dags/example_dataset_alias.py
[2026-06-06T20:40:07.655+0000] {processor.py:925} INFO - DAG(s) 'dataset_s3_bucket_consumer', 'dataset_alias_example_alias_producer', 'dataset_alias_example_alias_consumer', 'dataset_s3_bucket_producer' retrieved from /home/airflow/.local/lib/python3.12/site-packages/airflow/example_dags/example_dataset_alias.py
[2026-06-06T20:40:07.700+0000] {logging_mixin.py:190} INFO - [2026-06-06T20:40:07.699+0000] {dag.py:3239} INFO - Sync 4 DAGs
[2026-06-06T20:40:07.734+0000] {logging_mixin.py:190} INFO - [2026-06-06T20:40:07.733+0000] {dag.py:4180} INFO - Setting next_dagrun for dataset_alias_example_alias_consumer to None, run_after=None
[2026-06-06T20:40:07.740+0000] {logging_mixin.py:190} INFO - [2026-06-06T20:40:07.740+0000] {dag.py:4180} INFO - Setting next_dagrun for dataset_alias_example_alias_producer to None, run_after=None
[2026-06-06T20:40:07.744+0000] {logging_mixin.py:190} INFO - [2026-06-06T20:40:07.744+0000] {dag.py:4180} INFO - Setting next_dagrun for dataset_s3_bucket_consumer to None, run_after=None
[2026-06-06T20:40:07.747+0000] {logging_mixin.py:190} INFO - [2026-06-06T20:40:07.747+0000] {dag.py:4180} INFO - Setting next_dagrun for dataset_s3_bucket_producer to None, run_after=None
[2026-06-06T20:40:07.779+0000] {processor.py:208} INFO - Processing /home/airflow/.local/lib/python3.12/site-packages/airflow/example_dags/example_dataset_alias.py took 15.959 seconds
[2026-06-06T20:40:37.929+0000] {processor.py:186} INFO - Started process (PID=160) to work on /home/airflow/.local/lib/python3.12/site-packages/airflow/example_dags/example_dataset_alias.py
[2026-06-06T20:40:37.932+0000] {processor.py:914} INFO - Processing file /home/airflow/.local/lib/python3.12/site-packages/airflow/example_dags/example_dataset_alias.py for tasks to queue
[2026-06-06T20:40:37.938+0000] {logging_mixin.py:190} INFO - [2026-06-06T20:40:37.937+0000] {dagbag.py:588} INFO - Filling up the DagBag from /home/airflow/.local/lib/python3.12/site-packages/airflow/example_dags/example_dataset_alias.py
[2026-06-06T20:40:50.824+0000] {processor.py:925} INFO - DAG(s) 'dataset_s3_bucket_consumer', 'dataset_s3_bucket_producer', 'dataset_alias_example_alias_producer', 'dataset_alias_example_alias_consumer' retrieved from /home/airflow/.local/lib/python3.12/site-packages/airflow/example_dags/example_dataset_alias.py
[2026-06-06T20:40:50.860+0000] {logging_mixin.py:190} INFO - [2026-06-06T20:40:50.860+0000] {dag.py:3239} INFO - Sync 4 DAGs
[2026-06-06T20:40:50.898+0000] {logging_mixin.py:190} INFO - [2026-06-06T20:40:50.898+0000] {dag.py:4180} INFO - Setting next_dagrun for dataset_alias_example_alias_consumer to None, run_after=None
[2026-06-06T20:40:50.904+0000] {logging_mixin.py:190} INFO - [2026-06-06T20:40:50.903+0000] {dag.py:4180} INFO - Setting next_dagrun for dataset_alias_example_alias_producer to None, run_after=None
[2026-06-06T20:40:50.908+0000] {logging_mixin.py:190} INFO - [2026-06-06T20:40:50.908+0000] {dag.py:4180} INFO - Setting next_dagrun for dataset_s3_bucket_consumer to None, run_after=None
[2026-06-06T20:40:50.911+0000] {logging_mixin.py:190} INFO - [2026-06-06T20:40:50.911+0000] {dag.py:4180} INFO - Setting next_dagrun for dataset_s3_bucket_producer to None, run_after=None
[2026-06-06T20:40:50.953+0000] {processor.py:208} INFO - Processing /home/airflow/.local/lib/python3.12/site-packages/airflow/example_dags/example_dataset_alias.py took 13.036 seconds
[2026-06-06T20:41:23.685+0000] {processor.py:186} INFO - Started process (PID=230) to work on /home/airflow/.local/lib/python3.12/site-packages/airflow/example_dags/example_dataset_alias.py
[2026-06-06T20:41:23.687+0000] {processor.py:914} INFO - Processing file /home/airflow/.local/lib/python3.12/site-packages/airflow/example_dags/example_dataset_alias.py for tasks to queue
[2026-06-06T20:41:23.692+0000] {logging_mixin.py:190} INFO - [2026-06-06T20:41:23.691+0000] {dagbag.py:588} INFO - Filling up the DagBag from /home/airflow/.local/lib/python3.12/site-packages/airflow/example_dags/example_dataset_alias.py
[2026-06-06T20:41:39.330+0000] {processor.py:925} INFO - DAG(s) 'dataset_alias_example_alias_consumer', 'dataset_s3_bucket_consumer', 'dataset_alias_example_alias_producer', 'dataset_s3_bucket_producer' retrieved from /home/airflow/.local/lib/python3.12/site-packages/airflow/example_dags/example_dataset_alias.py
[2026-06-06T20:41:39.380+0000] {logging_mixin.py:190} INFO - [2026-06-06T20:41:39.379+0000] {dag.py:3239} INFO - Sync 4 DAGs
[2026-06-06T20:41:39.444+0000] {logging_mixin.py:190} INFO - [2026-06-06T20:41:39.444+0000] {dag.py:4180} INFO - Setting next_dagrun for dataset_alias_example_alias_consumer to None, run_after=None
[2026-06-06T20:41:39.451+0000] {logging_mixin.py:190} INFO - [2026-06-06T20:41:39.450+0000] {dag.py:4180} INFO - Setting next_dagrun for dataset_alias_example_alias_producer to None, run_after=None
[2026-06-06T20:41:39.454+0000] {logging_mixin.py:190} INFO - [2026-06-06T20:41:39.454+0000] {dag.py:4180} INFO - Setting next_dagrun for dataset_s3_bucket_consumer to None, run_after=None
[2026-06-06T20:41:39.458+0000] {logging_mixin.py:190} INFO - [2026-06-06T20:41:39.457+0000] {dag.py:4180} INFO - Setting next_dagrun for dataset_s3_bucket_producer to None, run_after=None
[2026-06-06T20:41:39.505+0000] {processor.py:208} INFO - Processing /home/airflow/.local/lib/python3.12/site-packages/airflow/example_dags/example_dataset_alias.py took 15.816 seconds
[2026-06-06T20:42:19.751+0000] {processor.py:186} INFO - Started process (PID=299) to work on /home/airflow/.local/lib/python3.12/site-packages/airflow/example_dags/example_dataset_alias.py
[2026-06-06T20:42:19.758+0000] {processor.py:914} INFO - Processing file /home/airflow/.local/lib/python3.12/site-packages/airflow/example_dags/example_dataset_alias.py for tasks to queue
[2026-06-06T20:42:19.767+0000] {logging_mixin.py:190} INFO - [2026-06-06T20:42:19.766+0000] {dagbag.py:588} INFO - Filling up the DagBag from /home/airflow/.local/lib/python3.12/site-packages/airflow/example_dags/example_dataset_alias.py
[2026-06-06T20:42:37.498+0000] {processor.py:925} INFO - DAG(s) 'dataset_s3_bucket_producer', 'dataset_s3_bucket_consumer', 'dataset_alias_example_alias_consumer', 'dataset_alias_example_alias_producer' retrieved from /home/airflow/.local/lib/python3.12/site-packages/airflow/example_dags/example_dataset_alias.py
[2026-06-06T20:42:37.569+0000] {logging_mixin.py:190} INFO - [2026-06-06T20:42:37.567+0000] {dag.py:3239} INFO - Sync 4 DAGs
[2026-06-06T20:42:37.678+0000] {logging_mixin.py:190} INFO - [2026-06-06T20:42:37.677+0000] {dag.py:4180} INFO - Setting next_dagrun for dataset_alias_example_alias_consumer to None, run_after=None
[2026-06-06T20:42:37.689+0000] {logging_mixin.py:190} INFO - [2026-06-06T20:42:37.688+0000] {dag.py:4180} INFO - Setting next_dagrun for dataset_alias_example_alias_producer to None, run_after=None
[2026-06-06T20:42:37.704+0000] {logging_mixin.py:190} INFO - [2026-06-06T20:42:37.704+0000] {dag.py:4180} INFO - Setting next_dagrun for dataset_s3_bucket_consumer to None, run_after=None
[2026-06-06T20:42:37.712+0000] {logging_mixin.py:190} INFO - [2026-06-06T20:42:37.711+0000] {dag.py:4180} INFO - Setting next_dagrun for dataset_s3_bucket_producer to None, run_after=None
[2026-06-06T20:42:37.781+0000] {processor.py:208} INFO - Processing /home/airflow/.local/lib/python3.12/site-packages/airflow/example_dags/example_dataset_alias.py took 18.037 seconds
[2026-06-06T20:43:08.805+0000] {processor.py:186} INFO - Started process (PID=368) to work on /home/airflow/.local/lib/python3.12/site-packages/airflow/example_dags/example_dataset_alias.py
[2026-06-06T20:43:08.810+0000] {processor.py:914} INFO - Processing file /home/airflow/.local/lib/python3.12/site-packages/airflow/example_dags/example_dataset_alias.py for tasks to queue
[2026-06-06T20:43:08.819+0000] {logging_mixin.py:190} INFO - [2026-06-06T20:43:08.818+0000] {dagbag.py:588} INFO - Filling up the DagBag from /home/airflow/.local/lib/python3.12/site-packages/airflow/example_dags/example_dataset_alias.py
[2026-06-06T20:43:21.806+0000] {processor.py:925} INFO - DAG(s) 'dataset_s3_bucket_consumer', 'dataset_alias_example_alias_producer', 'dataset_alias_example_alias_consumer', 'dataset_s3_bucket_producer' retrieved from /home/airflow/.local/lib/python3.12/site-packages/airflow/example_dags/example_dataset_alias.py
[2026-06-06T20:43:21.868+0000] {logging_mixin.py:190} INFO - [2026-06-06T20:43:21.867+0000] {dag.py:3239} INFO - Sync 4 DAGs
[2026-06-06T20:43:21.912+0000] {logging_mixin.py:190} INFO - [2026-06-06T20:43:21.912+0000] {dag.py:4180} INFO - Setting next_dagrun for dataset_alias_example_alias_consumer to None, run_after=None
[2026-06-06T20:43:21.917+0000] {logging_mixin.py:190} INFO - [2026-06-06T20:43:21.917+0000] {dag.py:4180} INFO - Setting next_dagrun for dataset_alias_example_alias_producer to None, run_after=None
[2026-06-06T20:43:21.920+0000] {logging_mixin.py:190} INFO - [2026-06-06T20:43:21.920+0000] {dag.py:4180} INFO - Setting next_dagrun for dataset_s3_bucket_consumer to None, run_after=None
[2026-06-06T20:43:21.923+0000] {logging_mixin.py:190} INFO - [2026-06-06T20:43:21.923+0000] {dag.py:4180} INFO - Setting next_dagrun for dataset_s3_bucket_producer to None, run_after=None
[2026-06-06T20:43:21.969+0000] {processor.py:208} INFO - Processing /home/airflow/.local/lib/python3.12/site-packages/airflow/example_dags/example_dataset_alias.py took 13.179 seconds
[2026-06-06T20:44:01.479+0000] {processor.py:186} INFO - Started process (PID=439) to work on /home/airflow/.local/lib/python3.12/site-packages/airflow/example_dags/example_dataset_alias.py
[2026-06-06T20:44:01.482+0000] {processor.py:914} INFO - Processing file /home/airflow/.local/lib/python3.12/site-packages/airflow/example_dags/example_dataset_alias.py for tasks to queue
[2026-06-06T20:44:01.503+0000] {logging_mixin.py:190} INFO - [2026-06-06T20:44:01.501+0000] {dagbag.py:588} INFO - Filling up the DagBag from /home/airflow/.local/lib/python3.12/site-packages/airflow/example_dags/example_dataset_alias.py
[2026-06-06T20:44:17.295+0000] {processor.py:925} INFO - DAG(s) 'dataset_alias_example_alias_consumer', 'dataset_alias_example_alias_producer', 'dataset_s3_bucket_consumer', 'dataset_s3_bucket_producer' retrieved from /home/airflow/.local/lib/python3.12/site-packages/airflow/example_dags/example_dataset_alias.py
[2026-06-06T20:44:17.447+0000] {logging_mixin.py:190} INFO - [2026-06-06T20:44:17.445+0000] {dag.py:3239} INFO - Sync 4 DAGs
[2026-06-06T20:44:17.514+0000] {logging_mixin.py:190} INFO - [2026-06-06T20:44:17.511+0000] {dag.py:4180} INFO - Setting next_dagrun for dataset_alias_example_alias_consumer to None, run_after=None
[2026-06-06T20:44:17.522+0000] {logging_mixin.py:190} INFO - [2026-06-06T20:44:17.521+0000] {dag.py:4180} INFO - Setting next_dagrun for dataset_alias_example_alias_producer to None, run_after=None
[2026-06-06T20:44:17.535+0000] {logging_mixin.py:190} INFO - [2026-06-06T20:44:17.534+0000] {dag.py:4180} INFO - Setting next_dagrun for dataset_s3_bucket_consumer to None, run_after=None
[2026-06-06T20:44:17.543+0000] {logging_mixin.py:190} INFO - [2026-06-06T20:44:17.543+0000] {dag.py:4180} INFO - Setting next_dagrun for dataset_s3_bucket_producer to None, run_after=None
[2026-06-06T20:44:17.600+0000] {processor.py:208} INFO - Processing /home/airflow/.local/lib/python3.12/site-packages/airflow/example_dags/example_dataset_alias.py took 16.140 seconds
[2026-06-06T20:45:18.205+0000] {processor.py:186} INFO - Started process (PID=557) to work on /home/airflow/.local/lib/python3.12/site-packages/airflow/example_dags/example_dataset_alias.py
[2026-06-06T20:45:18.208+0000] {processor.py:914} INFO - Processing file /home/airflow/.local/lib/python3.12/site-packages/airflow/example_dags/example_dataset_alias.py for tasks to queue
[2026-06-06T20:45:18.217+0000] {logging_mixin.py:190} INFO - [2026-06-06T20:45:18.216+0000] {dagbag.py:588} INFO - Filling up the DagBag from /home/airflow/.local/lib/python3.12/site-packages/airflow/example_dags/example_dataset_alias.py
[2026-06-06T20:45:36.878+0000] {processor.py:925} INFO - DAG(s) 'dataset_s3_bucket_producer', 'dataset_alias_example_alias_consumer', 'dataset_alias_example_alias_producer', 'dataset_s3_bucket_consumer' retrieved from /home/airflow/.local/lib/python3.12/site-packages/airflow/example_dags/example_dataset_alias.py
[2026-06-06T20:45:36.959+0000] {logging_mixin.py:190} INFO - [2026-06-06T20:45:36.957+0000] {dag.py:3239} INFO - Sync 4 DAGs
[2026-06-06T20:45:37.012+0000] {logging_mixin.py:190} INFO - [2026-06-06T20:45:37.011+0000] {dag.py:4180} INFO - Setting next_dagrun for dataset_alias_example_alias_consumer to None, run_after=None
[2026-06-06T20:45:37.022+0000] {logging_mixin.py:190} INFO - [2026-06-06T20:45:37.021+0000] {dag.py:4180} INFO - Setting next_dagrun for dataset_alias_example_alias_producer to None, run_after=None
[2026-06-06T20:45:37.026+0000] {logging_mixin.py:190} INFO - [2026-06-06T20:45:37.025+0000] {dag.py:4180} INFO - Setting next_dagrun for dataset_s3_bucket_consumer to None, run_after=None
[2026-06-06T20:45:37.032+0000] {logging_mixin.py:190} INFO - [2026-06-06T20:45:37.032+0000] {dag.py:4180} INFO - Setting next_dagrun for dataset_s3_bucket_producer to None, run_after=None
[2026-06-06T20:45:37.103+0000] {processor.py:208} INFO - Processing /home/airflow/.local/lib/python3.12/site-packages/airflow/example_dags/example_dataset_alias.py took 18.899 seconds
[2026-06-06T20:46:14.862+0000] {processor.py:186} INFO - Started process (PID=634) to work on /home/airflow/.local/lib/python3.12/site-packages/airflow/example_dags/example_dataset_alias.py
[2026-06-06T20:46:14.864+0000] {processor.py:914} INFO - Processing file /home/airflow/.local/lib/python3.12/site-packages/airflow/example_dags/example_dataset_alias.py for tasks to queue
[2026-06-06T20:46:14.869+0000] {logging_mixin.py:190} INFO - [2026-06-06T20:46:14.869+0000] {dagbag.py:588} INFO - Filling up the DagBag from /home/airflow/.local/lib/python3.12/site-packages/airflow/example_dags/example_dataset_alias.py
[2026-06-06T20:46:36.245+0000] {processor.py:925} INFO - DAG(s) 'dataset_alias_example_alias_consumer', 'dataset_s3_bucket_consumer', 'dataset_alias_example_alias_producer', 'dataset_s3_bucket_producer' retrieved from /home/airflow/.local/lib/python3.12/site-packages/airflow/example_dags/example_dataset_alias.py
[2026-06-06T20:46:36.324+0000] {logging_mixin.py:190} INFO - [2026-06-06T20:46:36.322+0000] {dag.py:3239} INFO - Sync 4 DAGs
[2026-06-06T20:46:36.401+0000] {logging_mixin.py:190} INFO - [2026-06-06T20:46:36.401+0000] {dag.py:4180} INFO - Setting next_dagrun for dataset_alias_example_alias_consumer to None, run_after=None
[2026-06-06T20:46:36.414+0000] {logging_mixin.py:190} INFO - [2026-06-06T20:46:36.414+0000] {dag.py:4180} INFO - Setting next_dagrun for dataset_alias_example_alias_producer to None, run_after=None
[2026-06-06T20:46:36.419+0000] {logging_mixin.py:190} INFO - [2026-06-06T20:46:36.419+0000] {dag.py:4180} INFO - Setting next_dagrun for dataset_s3_bucket_consumer to None, run_after=None
[2026-06-06T20:46:36.423+0000] {logging_mixin.py:190} INFO - [2026-06-06T20:46:36.423+0000] {dag.py:4180} INFO - Setting next_dagrun for dataset_s3_bucket_producer to None, run_after=None
[2026-06-06T20:46:36.482+0000] {processor.py:208} INFO - Processing /home/airflow/.local/lib/python3.12/site-packages/airflow/example_dags/example_dataset_alias.py took 21.626 seconds
[2026-06-06T20:47:06.661+0000] {processor.py:186} INFO - Started process (PID=713) to work on /home/airflow/.local/lib/python3.12/site-packages/airflow/example_dags/example_dataset_alias.py
[2026-06-06T20:47:06.663+0000] {processor.py:914} INFO - Processing file /home/airflow/.local/lib/python3.12/site-packages/airflow/example_dags/example_dataset_alias.py for tasks to queue
[2026-06-06T20:47:06.681+0000] {logging_mixin.py:190} INFO - [2026-06-06T20:47:06.678+0000] {dagbag.py:588} INFO - Filling up the DagBag from /home/airflow/.local/lib/python3.12/site-packages/airflow/example_dags/example_dataset_alias.py
