[2026-06-06T20:13:41.001+0000] {processor.py:186} INFO - Started process (PID=77) to work on /home/airflow/.local/lib/python3.12/site-packages/airflow/example_dags/example_local_kubernetes_executor.py
[2026-06-06T20:13:41.003+0000] {processor.py:914} INFO - Processing file /home/airflow/.local/lib/python3.12/site-packages/airflow/example_dags/example_local_kubernetes_executor.py for tasks to queue
[2026-06-06T20:13:41.010+0000] {logging_mixin.py:190} INFO - [2026-06-06T20:13:41.008+0000] {dagbag.py:588} INFO - Filling up the DagBag from /home/airflow/.local/lib/python3.12/site-packages/airflow/example_dags/example_local_kubernetes_executor.py
[2026-06-06T20:13:41.033+0000] {processor.py:925} INFO - DAG(s) 'example_local_kubernetes_executor' retrieved from /home/airflow/.local/lib/python3.12/site-packages/airflow/example_dags/example_local_kubernetes_executor.py
[2026-06-06T20:13:41.288+0000] {logging_mixin.py:190} INFO - [2026-06-06T20:13:41.286+0000] {override.py:1932} INFO - Created Permission View: can read on DAG:example_local_kubernetes_executor
[2026-06-06T20:13:41.308+0000] {logging_mixin.py:190} INFO - [2026-06-06T20:13:41.307+0000] {override.py:1932} INFO - Created Permission View: can edit on DAG:example_local_kubernetes_executor
[2026-06-06T20:13:41.323+0000] {logging_mixin.py:190} INFO - [2026-06-06T20:13:41.323+0000] {override.py:1932} INFO - Created Permission View: can delete on DAG:example_local_kubernetes_executor
[2026-06-06T20:13:41.339+0000] {logging_mixin.py:190} INFO - [2026-06-06T20:13:41.339+0000] {override.py:1932} INFO - Created Permission View: can read on DAG Run:example_local_kubernetes_executor
[2026-06-06T20:13:41.356+0000] {logging_mixin.py:190} INFO - [2026-06-06T20:13:41.355+0000] {override.py:1932} INFO - Created Permission View: menu access on DAG Run:example_local_kubernetes_executor
[2026-06-06T20:13:41.371+0000] {logging_mixin.py:190} INFO - [2026-06-06T20:13:41.370+0000] {override.py:1932} INFO - Created Permission View: can delete on DAG Run:example_local_kubernetes_executor
[2026-06-06T20:13:41.389+0000] {logging_mixin.py:190} INFO - [2026-06-06T20:13:41.388+0000] {override.py:1932} INFO - Created Permission View: can create on DAG Run:example_local_kubernetes_executor
[2026-06-06T20:13:41.392+0000] {logging_mixin.py:190} INFO - [2026-06-06T20:13:41.390+0000] {dag.py:3239} INFO - Sync 1 DAGs
[2026-06-06T20:13:41.426+0000] {logging_mixin.py:190} INFO - [2026-06-06T20:13:41.426+0000] {dag.py:3262} INFO - Creating ORM DAG for example_local_kubernetes_executor
[2026-06-06T20:13:41.428+0000] {logging_mixin.py:190} INFO - [2026-06-06T20:13:41.428+0000] {dag.py:4180} INFO - Setting next_dagrun for example_local_kubernetes_executor to None, run_after=None
[2026-06-06T20:13:41.468+0000] {processor.py:208} INFO - Processing /home/airflow/.local/lib/python3.12/site-packages/airflow/example_dags/example_local_kubernetes_executor.py took 0.481 seconds
[2026-06-06T20:14:25.588+0000] {processor.py:186} INFO - Started process (PID=144) to work on /home/airflow/.local/lib/python3.12/site-packages/airflow/example_dags/example_local_kubernetes_executor.py
[2026-06-06T20:14:25.591+0000] {processor.py:914} INFO - Processing file /home/airflow/.local/lib/python3.12/site-packages/airflow/example_dags/example_local_kubernetes_executor.py for tasks to queue
[2026-06-06T20:14:25.613+0000] {logging_mixin.py:190} INFO - [2026-06-06T20:14:25.612+0000] {dagbag.py:588} INFO - Filling up the DagBag from /home/airflow/.local/lib/python3.12/site-packages/airflow/example_dags/example_local_kubernetes_executor.py
[2026-06-06T20:14:25.655+0000] {processor.py:925} INFO - DAG(s) 'example_local_kubernetes_executor' retrieved from /home/airflow/.local/lib/python3.12/site-packages/airflow/example_dags/example_local_kubernetes_executor.py
[2026-06-06T20:14:25.760+0000] {logging_mixin.py:190} INFO - [2026-06-06T20:14:25.760+0000] {dag.py:3239} INFO - Sync 1 DAGs
[2026-06-06T20:14:25.808+0000] {logging_mixin.py:190} INFO - [2026-06-06T20:14:25.808+0000] {dag.py:4180} INFO - Setting next_dagrun for example_local_kubernetes_executor to None, run_after=None
[2026-06-06T20:14:25.866+0000] {processor.py:208} INFO - Processing /home/airflow/.local/lib/python3.12/site-packages/airflow/example_dags/example_local_kubernetes_executor.py took 0.296 seconds
[2026-06-06T20:15:02.014+0000] {processor.py:186} INFO - Started process (PID=197) to work on /home/airflow/.local/lib/python3.12/site-packages/airflow/example_dags/example_local_kubernetes_executor.py
[2026-06-06T20:15:02.017+0000] {processor.py:914} INFO - Processing file /home/airflow/.local/lib/python3.12/site-packages/airflow/example_dags/example_local_kubernetes_executor.py for tasks to queue
[2026-06-06T20:15:02.023+0000] {logging_mixin.py:190} INFO - [2026-06-06T20:15:02.022+0000] {dagbag.py:588} INFO - Filling up the DagBag from /home/airflow/.local/lib/python3.12/site-packages/airflow/example_dags/example_local_kubernetes_executor.py
[2026-06-06T20:15:02.038+0000] {processor.py:925} INFO - DAG(s) 'example_local_kubernetes_executor' retrieved from /home/airflow/.local/lib/python3.12/site-packages/airflow/example_dags/example_local_kubernetes_executor.py
[2026-06-06T20:15:02.081+0000] {logging_mixin.py:190} INFO - [2026-06-06T20:15:02.081+0000] {dag.py:3239} INFO - Sync 1 DAGs
[2026-06-06T20:15:02.101+0000] {logging_mixin.py:190} INFO - [2026-06-06T20:15:02.101+0000] {dag.py:4180} INFO - Setting next_dagrun for example_local_kubernetes_executor to None, run_after=None
[2026-06-06T20:15:02.136+0000] {processor.py:208} INFO - Processing /home/airflow/.local/lib/python3.12/site-packages/airflow/example_dags/example_local_kubernetes_executor.py took 0.133 seconds
[2026-06-06T20:15:32.693+0000] {processor.py:186} INFO - Started process (PID=259) to work on /home/airflow/.local/lib/python3.12/site-packages/airflow/example_dags/example_local_kubernetes_executor.py
[2026-06-06T20:15:32.697+0000] {processor.py:914} INFO - Processing file /home/airflow/.local/lib/python3.12/site-packages/airflow/example_dags/example_local_kubernetes_executor.py for tasks to queue
[2026-06-06T20:15:32.702+0000] {logging_mixin.py:190} INFO - [2026-06-06T20:15:32.702+0000] {dagbag.py:588} INFO - Filling up the DagBag from /home/airflow/.local/lib/python3.12/site-packages/airflow/example_dags/example_local_kubernetes_executor.py
[2026-06-06T20:15:32.725+0000] {processor.py:925} INFO - DAG(s) 'example_local_kubernetes_executor' retrieved from /home/airflow/.local/lib/python3.12/site-packages/airflow/example_dags/example_local_kubernetes_executor.py
[2026-06-06T20:15:32.788+0000] {logging_mixin.py:190} INFO - [2026-06-06T20:15:32.788+0000] {dag.py:3239} INFO - Sync 1 DAGs
[2026-06-06T20:15:32.826+0000] {logging_mixin.py:190} INFO - [2026-06-06T20:15:32.826+0000] {dag.py:4180} INFO - Setting next_dagrun for example_local_kubernetes_executor to None, run_after=None
[2026-06-06T20:15:32.873+0000] {processor.py:208} INFO - Processing /home/airflow/.local/lib/python3.12/site-packages/airflow/example_dags/example_local_kubernetes_executor.py took 0.193 seconds
[2026-06-06T20:16:09.652+0000] {processor.py:186} INFO - Started process (PID=320) to work on /home/airflow/.local/lib/python3.12/site-packages/airflow/example_dags/example_local_kubernetes_executor.py
[2026-06-06T20:16:09.654+0000] {processor.py:914} INFO - Processing file /home/airflow/.local/lib/python3.12/site-packages/airflow/example_dags/example_local_kubernetes_executor.py for tasks to queue
[2026-06-06T20:16:09.659+0000] {logging_mixin.py:190} INFO - [2026-06-06T20:16:09.659+0000] {dagbag.py:588} INFO - Filling up the DagBag from /home/airflow/.local/lib/python3.12/site-packages/airflow/example_dags/example_local_kubernetes_executor.py
[2026-06-06T20:16:09.674+0000] {processor.py:925} INFO - DAG(s) 'example_local_kubernetes_executor' retrieved from /home/airflow/.local/lib/python3.12/site-packages/airflow/example_dags/example_local_kubernetes_executor.py
[2026-06-06T20:16:09.717+0000] {logging_mixin.py:190} INFO - [2026-06-06T20:16:09.717+0000] {dag.py:3239} INFO - Sync 1 DAGs
[2026-06-06T20:16:09.755+0000] {logging_mixin.py:190} INFO - [2026-06-06T20:16:09.755+0000] {dag.py:4180} INFO - Setting next_dagrun for example_local_kubernetes_executor to None, run_after=None
[2026-06-06T20:16:09.817+0000] {processor.py:208} INFO - Processing /home/airflow/.local/lib/python3.12/site-packages/airflow/example_dags/example_local_kubernetes_executor.py took 0.175 seconds
[2026-06-06T20:16:41.884+0000] {processor.py:186} INFO - Started process (PID=381) to work on /home/airflow/.local/lib/python3.12/site-packages/airflow/example_dags/example_local_kubernetes_executor.py
[2026-06-06T20:16:41.886+0000] {processor.py:914} INFO - Processing file /home/airflow/.local/lib/python3.12/site-packages/airflow/example_dags/example_local_kubernetes_executor.py for tasks to queue
[2026-06-06T20:16:41.891+0000] {logging_mixin.py:190} INFO - [2026-06-06T20:16:41.891+0000] {dagbag.py:588} INFO - Filling up the DagBag from /home/airflow/.local/lib/python3.12/site-packages/airflow/example_dags/example_local_kubernetes_executor.py
[2026-06-06T20:16:41.914+0000] {processor.py:925} INFO - DAG(s) 'example_local_kubernetes_executor' retrieved from /home/airflow/.local/lib/python3.12/site-packages/airflow/example_dags/example_local_kubernetes_executor.py
[2026-06-06T20:16:41.981+0000] {logging_mixin.py:190} INFO - [2026-06-06T20:16:41.981+0000] {dag.py:3239} INFO - Sync 1 DAGs
[2026-06-06T20:16:42.016+0000] {logging_mixin.py:190} INFO - [2026-06-06T20:16:42.016+0000] {dag.py:4180} INFO - Setting next_dagrun for example_local_kubernetes_executor to None, run_after=None
[2026-06-06T20:16:42.056+0000] {processor.py:208} INFO - Processing /home/airflow/.local/lib/python3.12/site-packages/airflow/example_dags/example_local_kubernetes_executor.py took 0.182 seconds
[2026-06-06T20:17:18.621+0000] {processor.py:186} INFO - Started process (PID=449) to work on /home/airflow/.local/lib/python3.12/site-packages/airflow/example_dags/example_local_kubernetes_executor.py
[2026-06-06T20:17:18.623+0000] {processor.py:914} INFO - Processing file /home/airflow/.local/lib/python3.12/site-packages/airflow/example_dags/example_local_kubernetes_executor.py for tasks to queue
[2026-06-06T20:17:18.628+0000] {logging_mixin.py:190} INFO - [2026-06-06T20:17:18.628+0000] {dagbag.py:588} INFO - Filling up the DagBag from /home/airflow/.local/lib/python3.12/site-packages/airflow/example_dags/example_local_kubernetes_executor.py
[2026-06-06T20:17:18.653+0000] {processor.py:925} INFO - DAG(s) 'example_local_kubernetes_executor' retrieved from /home/airflow/.local/lib/python3.12/site-packages/airflow/example_dags/example_local_kubernetes_executor.py
[2026-06-06T20:17:18.728+0000] {logging_mixin.py:190} INFO - [2026-06-06T20:17:18.727+0000] {dag.py:3239} INFO - Sync 1 DAGs
[2026-06-06T20:17:18.763+0000] {logging_mixin.py:190} INFO - [2026-06-06T20:17:18.762+0000] {dag.py:4180} INFO - Setting next_dagrun for example_local_kubernetes_executor to None, run_after=None
[2026-06-06T20:17:18.829+0000] {processor.py:208} INFO - Processing /home/airflow/.local/lib/python3.12/site-packages/airflow/example_dags/example_local_kubernetes_executor.py took 0.221 seconds
[2026-06-06T20:17:52.545+0000] {processor.py:186} INFO - Started process (PID=512) to work on /home/airflow/.local/lib/python3.12/site-packages/airflow/example_dags/example_local_kubernetes_executor.py
[2026-06-06T20:17:52.549+0000] {processor.py:914} INFO - Processing file /home/airflow/.local/lib/python3.12/site-packages/airflow/example_dags/example_local_kubernetes_executor.py for tasks to queue
[2026-06-06T20:17:52.559+0000] {logging_mixin.py:190} INFO - [2026-06-06T20:17:52.558+0000] {dagbag.py:588} INFO - Filling up the DagBag from /home/airflow/.local/lib/python3.12/site-packages/airflow/example_dags/example_local_kubernetes_executor.py
[2026-06-06T20:17:52.578+0000] {processor.py:925} INFO - DAG(s) 'example_local_kubernetes_executor' retrieved from /home/airflow/.local/lib/python3.12/site-packages/airflow/example_dags/example_local_kubernetes_executor.py
[2026-06-06T20:17:52.622+0000] {logging_mixin.py:190} INFO - [2026-06-06T20:17:52.621+0000] {dag.py:3239} INFO - Sync 1 DAGs
[2026-06-06T20:17:52.642+0000] {logging_mixin.py:190} INFO - [2026-06-06T20:17:52.642+0000] {dag.py:4180} INFO - Setting next_dagrun for example_local_kubernetes_executor to None, run_after=None
[2026-06-06T20:17:52.676+0000] {processor.py:208} INFO - Processing /home/airflow/.local/lib/python3.12/site-packages/airflow/example_dags/example_local_kubernetes_executor.py took 0.141 seconds
[2026-06-06T20:18:23.255+0000] {processor.py:186} INFO - Started process (PID=573) to work on /home/airflow/.local/lib/python3.12/site-packages/airflow/example_dags/example_local_kubernetes_executor.py
[2026-06-06T20:18:23.258+0000] {processor.py:914} INFO - Processing file /home/airflow/.local/lib/python3.12/site-packages/airflow/example_dags/example_local_kubernetes_executor.py for tasks to queue
[2026-06-06T20:18:23.265+0000] {logging_mixin.py:190} INFO - [2026-06-06T20:18:23.264+0000] {dagbag.py:588} INFO - Filling up the DagBag from /home/airflow/.local/lib/python3.12/site-packages/airflow/example_dags/example_local_kubernetes_executor.py
[2026-06-06T20:18:23.308+0000] {processor.py:925} INFO - DAG(s) 'example_local_kubernetes_executor' retrieved from /home/airflow/.local/lib/python3.12/site-packages/airflow/example_dags/example_local_kubernetes_executor.py
[2026-06-06T20:18:23.369+0000] {logging_mixin.py:190} INFO - [2026-06-06T20:18:23.368+0000] {dag.py:3239} INFO - Sync 1 DAGs
[2026-06-06T20:18:23.401+0000] {logging_mixin.py:190} INFO - [2026-06-06T20:18:23.401+0000] {dag.py:4180} INFO - Setting next_dagrun for example_local_kubernetes_executor to None, run_after=None
[2026-06-06T20:18:23.439+0000] {processor.py:208} INFO - Processing /home/airflow/.local/lib/python3.12/site-packages/airflow/example_dags/example_local_kubernetes_executor.py took 0.198 seconds
[2026-06-06T20:18:53.877+0000] {processor.py:186} INFO - Started process (PID=635) to work on /home/airflow/.local/lib/python3.12/site-packages/airflow/example_dags/example_local_kubernetes_executor.py
[2026-06-06T20:18:53.879+0000] {processor.py:914} INFO - Processing file /home/airflow/.local/lib/python3.12/site-packages/airflow/example_dags/example_local_kubernetes_executor.py for tasks to queue
[2026-06-06T20:18:53.884+0000] {logging_mixin.py:190} INFO - [2026-06-06T20:18:53.883+0000] {dagbag.py:588} INFO - Filling up the DagBag from /home/airflow/.local/lib/python3.12/site-packages/airflow/example_dags/example_local_kubernetes_executor.py
[2026-06-06T20:18:53.905+0000] {processor.py:925} INFO - DAG(s) 'example_local_kubernetes_executor' retrieved from /home/airflow/.local/lib/python3.12/site-packages/airflow/example_dags/example_local_kubernetes_executor.py
[2026-06-06T20:18:53.951+0000] {logging_mixin.py:190} INFO - [2026-06-06T20:18:53.950+0000] {dag.py:3239} INFO - Sync 1 DAGs
[2026-06-06T20:18:53.978+0000] {logging_mixin.py:190} INFO - [2026-06-06T20:18:53.978+0000] {dag.py:4180} INFO - Setting next_dagrun for example_local_kubernetes_executor to None, run_after=None
[2026-06-06T20:18:54.012+0000] {processor.py:208} INFO - Processing /home/airflow/.local/lib/python3.12/site-packages/airflow/example_dags/example_local_kubernetes_executor.py took 0.147 seconds
[2026-06-06T20:19:33.735+0000] {processor.py:186} INFO - Started process (PID=695) to work on /home/airflow/.local/lib/python3.12/site-packages/airflow/example_dags/example_local_kubernetes_executor.py
[2026-06-06T20:19:33.740+0000] {processor.py:914} INFO - Processing file /home/airflow/.local/lib/python3.12/site-packages/airflow/example_dags/example_local_kubernetes_executor.py for tasks to queue
[2026-06-06T20:19:33.747+0000] {logging_mixin.py:190} INFO - [2026-06-06T20:19:33.746+0000] {dagbag.py:588} INFO - Filling up the DagBag from /home/airflow/.local/lib/python3.12/site-packages/airflow/example_dags/example_local_kubernetes_executor.py
[2026-06-06T20:19:33.769+0000] {processor.py:925} INFO - DAG(s) 'example_local_kubernetes_executor' retrieved from /home/airflow/.local/lib/python3.12/site-packages/airflow/example_dags/example_local_kubernetes_executor.py
[2026-06-06T20:19:33.825+0000] {logging_mixin.py:190} INFO - [2026-06-06T20:19:33.825+0000] {dag.py:3239} INFO - Sync 1 DAGs
[2026-06-06T20:19:33.867+0000] {logging_mixin.py:190} INFO - [2026-06-06T20:19:33.867+0000] {dag.py:4180} INFO - Setting next_dagrun for example_local_kubernetes_executor to None, run_after=None
[2026-06-06T20:19:33.919+0000] {processor.py:208} INFO - Processing /home/airflow/.local/lib/python3.12/site-packages/airflow/example_dags/example_local_kubernetes_executor.py took 0.199 seconds
[2026-06-06T20:20:18.206+0000] {processor.py:186} INFO - Started process (PID=758) to work on /home/airflow/.local/lib/python3.12/site-packages/airflow/example_dags/example_local_kubernetes_executor.py
[2026-06-06T20:20:18.208+0000] {processor.py:914} INFO - Processing file /home/airflow/.local/lib/python3.12/site-packages/airflow/example_dags/example_local_kubernetes_executor.py for tasks to queue
[2026-06-06T20:20:18.218+0000] {logging_mixin.py:190} INFO - [2026-06-06T20:20:18.217+0000] {dagbag.py:588} INFO - Filling up the DagBag from /home/airflow/.local/lib/python3.12/site-packages/airflow/example_dags/example_local_kubernetes_executor.py
[2026-06-06T20:20:18.241+0000] {processor.py:925} INFO - DAG(s) 'example_local_kubernetes_executor' retrieved from /home/airflow/.local/lib/python3.12/site-packages/airflow/example_dags/example_local_kubernetes_executor.py
[2026-06-06T20:20:18.308+0000] {logging_mixin.py:190} INFO - [2026-06-06T20:20:18.308+0000] {dag.py:3239} INFO - Sync 1 DAGs
[2026-06-06T20:20:18.349+0000] {logging_mixin.py:190} INFO - [2026-06-06T20:20:18.348+0000] {dag.py:4180} INFO - Setting next_dagrun for example_local_kubernetes_executor to None, run_after=None
[2026-06-06T20:20:18.393+0000] {processor.py:208} INFO - Processing /home/airflow/.local/lib/python3.12/site-packages/airflow/example_dags/example_local_kubernetes_executor.py took 0.201 seconds
[2026-06-06T20:20:49.349+0000] {processor.py:186} INFO - Started process (PID=826) to work on /home/airflow/.local/lib/python3.12/site-packages/airflow/example_dags/example_local_kubernetes_executor.py
[2026-06-06T20:20:49.351+0000] {processor.py:914} INFO - Processing file /home/airflow/.local/lib/python3.12/site-packages/airflow/example_dags/example_local_kubernetes_executor.py for tasks to queue
[2026-06-06T20:20:49.356+0000] {logging_mixin.py:190} INFO - [2026-06-06T20:20:49.355+0000] {dagbag.py:588} INFO - Filling up the DagBag from /home/airflow/.local/lib/python3.12/site-packages/airflow/example_dags/example_local_kubernetes_executor.py
[2026-06-06T20:20:49.375+0000] {processor.py:925} INFO - DAG(s) 'example_local_kubernetes_executor' retrieved from /home/airflow/.local/lib/python3.12/site-packages/airflow/example_dags/example_local_kubernetes_executor.py
[2026-06-06T20:20:49.423+0000] {logging_mixin.py:190} INFO - [2026-06-06T20:20:49.423+0000] {dag.py:3239} INFO - Sync 1 DAGs
[2026-06-06T20:20:49.449+0000] {logging_mixin.py:190} INFO - [2026-06-06T20:20:49.449+0000] {dag.py:4180} INFO - Setting next_dagrun for example_local_kubernetes_executor to None, run_after=None
[2026-06-06T20:20:49.484+0000] {processor.py:208} INFO - Processing /home/airflow/.local/lib/python3.12/site-packages/airflow/example_dags/example_local_kubernetes_executor.py took 0.147 seconds
[2026-06-06T20:21:27.733+0000] {processor.py:186} INFO - Started process (PID=887) to work on /home/airflow/.local/lib/python3.12/site-packages/airflow/example_dags/example_local_kubernetes_executor.py
[2026-06-06T20:21:27.735+0000] {processor.py:914} INFO - Processing file /home/airflow/.local/lib/python3.12/site-packages/airflow/example_dags/example_local_kubernetes_executor.py for tasks to queue
[2026-06-06T20:21:27.744+0000] {logging_mixin.py:190} INFO - [2026-06-06T20:21:27.743+0000] {dagbag.py:588} INFO - Filling up the DagBag from /home/airflow/.local/lib/python3.12/site-packages/airflow/example_dags/example_local_kubernetes_executor.py
[2026-06-06T20:21:27.770+0000] {processor.py:925} INFO - DAG(s) 'example_local_kubernetes_executor' retrieved from /home/airflow/.local/lib/python3.12/site-packages/airflow/example_dags/example_local_kubernetes_executor.py
[2026-06-06T20:21:27.819+0000] {logging_mixin.py:190} INFO - [2026-06-06T20:21:27.818+0000] {dag.py:3239} INFO - Sync 1 DAGs
[2026-06-06T20:21:27.846+0000] {logging_mixin.py:190} INFO - [2026-06-06T20:21:27.846+0000] {dag.py:4180} INFO - Setting next_dagrun for example_local_kubernetes_executor to None, run_after=None
[2026-06-06T20:21:27.881+0000] {processor.py:208} INFO - Processing /home/airflow/.local/lib/python3.12/site-packages/airflow/example_dags/example_local_kubernetes_executor.py took 0.160 seconds
[2026-06-06T20:22:11.412+0000] {processor.py:186} INFO - Started process (PID=946) to work on /home/airflow/.local/lib/python3.12/site-packages/airflow/example_dags/example_local_kubernetes_executor.py
[2026-06-06T20:22:11.416+0000] {processor.py:914} INFO - Processing file /home/airflow/.local/lib/python3.12/site-packages/airflow/example_dags/example_local_kubernetes_executor.py for tasks to queue
[2026-06-06T20:22:11.423+0000] {logging_mixin.py:190} INFO - [2026-06-06T20:22:11.422+0000] {dagbag.py:588} INFO - Filling up the DagBag from /home/airflow/.local/lib/python3.12/site-packages/airflow/example_dags/example_local_kubernetes_executor.py
[2026-06-06T20:22:11.445+0000] {processor.py:925} INFO - DAG(s) 'example_local_kubernetes_executor' retrieved from /home/airflow/.local/lib/python3.12/site-packages/airflow/example_dags/example_local_kubernetes_executor.py
[2026-06-06T20:22:11.505+0000] {logging_mixin.py:190} INFO - [2026-06-06T20:22:11.505+0000] {dag.py:3239} INFO - Sync 1 DAGs
[2026-06-06T20:22:11.539+0000] {logging_mixin.py:190} INFO - [2026-06-06T20:22:11.538+0000] {dag.py:4180} INFO - Setting next_dagrun for example_local_kubernetes_executor to None, run_after=None
[2026-06-06T20:22:11.584+0000] {processor.py:208} INFO - Processing /home/airflow/.local/lib/python3.12/site-packages/airflow/example_dags/example_local_kubernetes_executor.py took 0.185 seconds
[2026-06-06T20:22:44.327+0000] {processor.py:186} INFO - Started process (PID=1008) to work on /home/airflow/.local/lib/python3.12/site-packages/airflow/example_dags/example_local_kubernetes_executor.py
[2026-06-06T20:22:44.330+0000] {processor.py:914} INFO - Processing file /home/airflow/.local/lib/python3.12/site-packages/airflow/example_dags/example_local_kubernetes_executor.py for tasks to queue
[2026-06-06T20:22:44.342+0000] {logging_mixin.py:190} INFO - [2026-06-06T20:22:44.341+0000] {dagbag.py:588} INFO - Filling up the DagBag from /home/airflow/.local/lib/python3.12/site-packages/airflow/example_dags/example_local_kubernetes_executor.py
[2026-06-06T20:22:44.384+0000] {processor.py:925} INFO - DAG(s) 'example_local_kubernetes_executor' retrieved from /home/airflow/.local/lib/python3.12/site-packages/airflow/example_dags/example_local_kubernetes_executor.py
[2026-06-06T20:22:44.479+0000] {logging_mixin.py:190} INFO - [2026-06-06T20:22:44.478+0000] {dag.py:3239} INFO - Sync 1 DAGs
[2026-06-06T20:22:44.531+0000] {logging_mixin.py:190} INFO - [2026-06-06T20:22:44.530+0000] {dag.py:4180} INFO - Setting next_dagrun for example_local_kubernetes_executor to None, run_after=None
[2026-06-06T20:22:44.604+0000] {processor.py:208} INFO - Processing /home/airflow/.local/lib/python3.12/site-packages/airflow/example_dags/example_local_kubernetes_executor.py took 0.316 seconds
[2026-06-06T20:23:15.475+0000] {processor.py:186} INFO - Started process (PID=1070) to work on /home/airflow/.local/lib/python3.12/site-packages/airflow/example_dags/example_local_kubernetes_executor.py
[2026-06-06T20:23:15.478+0000] {processor.py:914} INFO - Processing file /home/airflow/.local/lib/python3.12/site-packages/airflow/example_dags/example_local_kubernetes_executor.py for tasks to queue
[2026-06-06T20:23:15.484+0000] {logging_mixin.py:190} INFO - [2026-06-06T20:23:15.484+0000] {dagbag.py:588} INFO - Filling up the DagBag from /home/airflow/.local/lib/python3.12/site-packages/airflow/example_dags/example_local_kubernetes_executor.py
[2026-06-06T20:23:15.507+0000] {processor.py:925} INFO - DAG(s) 'example_local_kubernetes_executor' retrieved from /home/airflow/.local/lib/python3.12/site-packages/airflow/example_dags/example_local_kubernetes_executor.py
[2026-06-06T20:23:15.610+0000] {logging_mixin.py:190} INFO - [2026-06-06T20:23:15.609+0000] {dag.py:3239} INFO - Sync 1 DAGs
[2026-06-06T20:23:15.666+0000] {logging_mixin.py:190} INFO - [2026-06-06T20:23:15.666+0000] {dag.py:4180} INFO - Setting next_dagrun for example_local_kubernetes_executor to None, run_after=None
[2026-06-06T20:23:15.738+0000] {processor.py:208} INFO - Processing /home/airflow/.local/lib/python3.12/site-packages/airflow/example_dags/example_local_kubernetes_executor.py took 0.274 seconds
[2026-06-06T20:23:49.723+0000] {processor.py:186} INFO - Started process (PID=1130) to work on /home/airflow/.local/lib/python3.12/site-packages/airflow/example_dags/example_local_kubernetes_executor.py
[2026-06-06T20:23:49.725+0000] {processor.py:914} INFO - Processing file /home/airflow/.local/lib/python3.12/site-packages/airflow/example_dags/example_local_kubernetes_executor.py for tasks to queue
[2026-06-06T20:23:49.730+0000] {logging_mixin.py:190} INFO - [2026-06-06T20:23:49.729+0000] {dagbag.py:588} INFO - Filling up the DagBag from /home/airflow/.local/lib/python3.12/site-packages/airflow/example_dags/example_local_kubernetes_executor.py
[2026-06-06T20:23:49.745+0000] {processor.py:925} INFO - DAG(s) 'example_local_kubernetes_executor' retrieved from /home/airflow/.local/lib/python3.12/site-packages/airflow/example_dags/example_local_kubernetes_executor.py
[2026-06-06T20:23:49.787+0000] {logging_mixin.py:190} INFO - [2026-06-06T20:23:49.787+0000] {dag.py:3239} INFO - Sync 1 DAGs
[2026-06-06T20:23:49.808+0000] {logging_mixin.py:190} INFO - [2026-06-06T20:23:49.808+0000] {dag.py:4180} INFO - Setting next_dagrun for example_local_kubernetes_executor to None, run_after=None
[2026-06-06T20:23:49.840+0000] {processor.py:208} INFO - Processing /home/airflow/.local/lib/python3.12/site-packages/airflow/example_dags/example_local_kubernetes_executor.py took 0.127 seconds
[2026-06-06T20:24:23.881+0000] {processor.py:186} INFO - Started process (PID=1195) to work on /home/airflow/.local/lib/python3.12/site-packages/airflow/example_dags/example_local_kubernetes_executor.py
[2026-06-06T20:24:23.885+0000] {processor.py:914} INFO - Processing file /home/airflow/.local/lib/python3.12/site-packages/airflow/example_dags/example_local_kubernetes_executor.py for tasks to queue
[2026-06-06T20:24:23.897+0000] {logging_mixin.py:190} INFO - [2026-06-06T20:24:23.897+0000] {dagbag.py:588} INFO - Filling up the DagBag from /home/airflow/.local/lib/python3.12/site-packages/airflow/example_dags/example_local_kubernetes_executor.py
[2026-06-06T20:24:23.925+0000] {processor.py:925} INFO - DAG(s) 'example_local_kubernetes_executor' retrieved from /home/airflow/.local/lib/python3.12/site-packages/airflow/example_dags/example_local_kubernetes_executor.py
[2026-06-06T20:24:24.002+0000] {logging_mixin.py:190} INFO - [2026-06-06T20:24:24.002+0000] {dag.py:3239} INFO - Sync 1 DAGs
[2026-06-06T20:24:24.066+0000] {logging_mixin.py:190} INFO - [2026-06-06T20:24:24.065+0000] {dag.py:4180} INFO - Setting next_dagrun for example_local_kubernetes_executor to None, run_after=None
[2026-06-06T20:24:24.117+0000] {processor.py:208} INFO - Processing /home/airflow/.local/lib/python3.12/site-packages/airflow/example_dags/example_local_kubernetes_executor.py took 0.249 seconds
[2026-06-06T20:25:01.818+0000] {processor.py:186} INFO - Started process (PID=1258) to work on /home/airflow/.local/lib/python3.12/site-packages/airflow/example_dags/example_local_kubernetes_executor.py
[2026-06-06T20:25:01.820+0000] {processor.py:914} INFO - Processing file /home/airflow/.local/lib/python3.12/site-packages/airflow/example_dags/example_local_kubernetes_executor.py for tasks to queue
[2026-06-06T20:25:01.825+0000] {logging_mixin.py:190} INFO - [2026-06-06T20:25:01.825+0000] {dagbag.py:588} INFO - Filling up the DagBag from /home/airflow/.local/lib/python3.12/site-packages/airflow/example_dags/example_local_kubernetes_executor.py
[2026-06-06T20:25:01.840+0000] {processor.py:925} INFO - DAG(s) 'example_local_kubernetes_executor' retrieved from /home/airflow/.local/lib/python3.12/site-packages/airflow/example_dags/example_local_kubernetes_executor.py
[2026-06-06T20:25:01.878+0000] {logging_mixin.py:190} INFO - [2026-06-06T20:25:01.878+0000] {dag.py:3239} INFO - Sync 1 DAGs
[2026-06-06T20:25:01.901+0000] {logging_mixin.py:190} INFO - [2026-06-06T20:25:01.900+0000] {dag.py:4180} INFO - Setting next_dagrun for example_local_kubernetes_executor to None, run_after=None
[2026-06-06T20:25:01.931+0000] {processor.py:208} INFO - Processing /home/airflow/.local/lib/python3.12/site-packages/airflow/example_dags/example_local_kubernetes_executor.py took 0.121 seconds
[2026-06-06T20:25:43.893+0000] {processor.py:186} INFO - Started process (PID=1320) to work on /home/airflow/.local/lib/python3.12/site-packages/airflow/example_dags/example_local_kubernetes_executor.py
[2026-06-06T20:25:43.895+0000] {processor.py:914} INFO - Processing file /home/airflow/.local/lib/python3.12/site-packages/airflow/example_dags/example_local_kubernetes_executor.py for tasks to queue
[2026-06-06T20:25:43.899+0000] {logging_mixin.py:190} INFO - [2026-06-06T20:25:43.899+0000] {dagbag.py:588} INFO - Filling up the DagBag from /home/airflow/.local/lib/python3.12/site-packages/airflow/example_dags/example_local_kubernetes_executor.py
[2026-06-06T20:25:43.915+0000] {processor.py:925} INFO - DAG(s) 'example_local_kubernetes_executor' retrieved from /home/airflow/.local/lib/python3.12/site-packages/airflow/example_dags/example_local_kubernetes_executor.py
[2026-06-06T20:25:43.956+0000] {logging_mixin.py:190} INFO - [2026-06-06T20:25:43.956+0000] {dag.py:3239} INFO - Sync 1 DAGs
[2026-06-06T20:25:43.980+0000] {logging_mixin.py:190} INFO - [2026-06-06T20:25:43.979+0000] {dag.py:4180} INFO - Setting next_dagrun for example_local_kubernetes_executor to None, run_after=None
[2026-06-06T20:25:44.011+0000] {processor.py:208} INFO - Processing /home/airflow/.local/lib/python3.12/site-packages/airflow/example_dags/example_local_kubernetes_executor.py took 0.131 seconds
[2026-06-06T20:26:18.527+0000] {processor.py:186} INFO - Started process (PID=1382) to work on /home/airflow/.local/lib/python3.12/site-packages/airflow/example_dags/example_local_kubernetes_executor.py
[2026-06-06T20:26:18.529+0000] {processor.py:914} INFO - Processing file /home/airflow/.local/lib/python3.12/site-packages/airflow/example_dags/example_local_kubernetes_executor.py for tasks to queue
[2026-06-06T20:26:18.535+0000] {logging_mixin.py:190} INFO - [2026-06-06T20:26:18.535+0000] {dagbag.py:588} INFO - Filling up the DagBag from /home/airflow/.local/lib/python3.12/site-packages/airflow/example_dags/example_local_kubernetes_executor.py
[2026-06-06T20:26:18.552+0000] {processor.py:925} INFO - DAG(s) 'example_local_kubernetes_executor' retrieved from /home/airflow/.local/lib/python3.12/site-packages/airflow/example_dags/example_local_kubernetes_executor.py
[2026-06-06T20:26:18.601+0000] {logging_mixin.py:190} INFO - [2026-06-06T20:26:18.601+0000] {dag.py:3239} INFO - Sync 1 DAGs
[2026-06-06T20:26:18.637+0000] {logging_mixin.py:190} INFO - [2026-06-06T20:26:18.636+0000] {dag.py:4180} INFO - Setting next_dagrun for example_local_kubernetes_executor to None, run_after=None
[2026-06-06T20:26:18.690+0000] {processor.py:208} INFO - Processing /home/airflow/.local/lib/python3.12/site-packages/airflow/example_dags/example_local_kubernetes_executor.py took 0.173 seconds
[2026-06-06T20:26:51.291+0000] {processor.py:186} INFO - Started process (PID=1452) to work on /home/airflow/.local/lib/python3.12/site-packages/airflow/example_dags/example_local_kubernetes_executor.py
[2026-06-06T20:26:51.293+0000] {processor.py:914} INFO - Processing file /home/airflow/.local/lib/python3.12/site-packages/airflow/example_dags/example_local_kubernetes_executor.py for tasks to queue
[2026-06-06T20:26:51.299+0000] {logging_mixin.py:190} INFO - [2026-06-06T20:26:51.298+0000] {dagbag.py:588} INFO - Filling up the DagBag from /home/airflow/.local/lib/python3.12/site-packages/airflow/example_dags/example_local_kubernetes_executor.py
[2026-06-06T20:26:51.320+0000] {processor.py:925} INFO - DAG(s) 'example_local_kubernetes_executor' retrieved from /home/airflow/.local/lib/python3.12/site-packages/airflow/example_dags/example_local_kubernetes_executor.py
[2026-06-06T20:26:51.368+0000] {logging_mixin.py:190} INFO - [2026-06-06T20:26:51.367+0000] {dag.py:3239} INFO - Sync 1 DAGs
[2026-06-06T20:26:51.397+0000] {logging_mixin.py:190} INFO - [2026-06-06T20:26:51.397+0000] {dag.py:4180} INFO - Setting next_dagrun for example_local_kubernetes_executor to None, run_after=None
[2026-06-06T20:26:51.434+0000] {processor.py:208} INFO - Processing /home/airflow/.local/lib/python3.12/site-packages/airflow/example_dags/example_local_kubernetes_executor.py took 0.152 seconds
[2026-06-06T20:27:24.117+0000] {processor.py:186} INFO - Started process (PID=1514) to work on /home/airflow/.local/lib/python3.12/site-packages/airflow/example_dags/example_local_kubernetes_executor.py
[2026-06-06T20:27:24.119+0000] {processor.py:914} INFO - Processing file /home/airflow/.local/lib/python3.12/site-packages/airflow/example_dags/example_local_kubernetes_executor.py for tasks to queue
[2026-06-06T20:27:24.123+0000] {logging_mixin.py:190} INFO - [2026-06-06T20:27:24.123+0000] {dagbag.py:588} INFO - Filling up the DagBag from /home/airflow/.local/lib/python3.12/site-packages/airflow/example_dags/example_local_kubernetes_executor.py
[2026-06-06T20:27:24.141+0000] {processor.py:925} INFO - DAG(s) 'example_local_kubernetes_executor' retrieved from /home/airflow/.local/lib/python3.12/site-packages/airflow/example_dags/example_local_kubernetes_executor.py
[2026-06-06T20:27:24.208+0000] {logging_mixin.py:190} INFO - [2026-06-06T20:27:24.208+0000] {dag.py:3239} INFO - Sync 1 DAGs
[2026-06-06T20:27:24.243+0000] {logging_mixin.py:190} INFO - [2026-06-06T20:27:24.242+0000] {dag.py:4180} INFO - Setting next_dagrun for example_local_kubernetes_executor to None, run_after=None
[2026-06-06T20:27:24.281+0000] {processor.py:208} INFO - Processing /home/airflow/.local/lib/python3.12/site-packages/airflow/example_dags/example_local_kubernetes_executor.py took 0.177 seconds
[2026-06-06T20:27:59.227+0000] {processor.py:186} INFO - Started process (PID=1575) to work on /home/airflow/.local/lib/python3.12/site-packages/airflow/example_dags/example_local_kubernetes_executor.py
[2026-06-06T20:27:59.229+0000] {processor.py:914} INFO - Processing file /home/airflow/.local/lib/python3.12/site-packages/airflow/example_dags/example_local_kubernetes_executor.py for tasks to queue
[2026-06-06T20:27:59.237+0000] {logging_mixin.py:190} INFO - [2026-06-06T20:27:59.236+0000] {dagbag.py:588} INFO - Filling up the DagBag from /home/airflow/.local/lib/python3.12/site-packages/airflow/example_dags/example_local_kubernetes_executor.py
[2026-06-06T20:27:59.260+0000] {processor.py:925} INFO - DAG(s) 'example_local_kubernetes_executor' retrieved from /home/airflow/.local/lib/python3.12/site-packages/airflow/example_dags/example_local_kubernetes_executor.py
[2026-06-06T20:27:59.319+0000] {logging_mixin.py:190} INFO - [2026-06-06T20:27:59.318+0000] {dag.py:3239} INFO - Sync 1 DAGs
[2026-06-06T20:27:59.362+0000] {logging_mixin.py:190} INFO - [2026-06-06T20:27:59.361+0000] {dag.py:4180} INFO - Setting next_dagrun for example_local_kubernetes_executor to None, run_after=None
[2026-06-06T20:27:59.401+0000] {processor.py:208} INFO - Processing /home/airflow/.local/lib/python3.12/site-packages/airflow/example_dags/example_local_kubernetes_executor.py took 0.188 seconds
[2026-06-06T20:28:44.857+0000] {processor.py:186} INFO - Started process (PID=1638) to work on /home/airflow/.local/lib/python3.12/site-packages/airflow/example_dags/example_local_kubernetes_executor.py
[2026-06-06T20:28:44.860+0000] {processor.py:914} INFO - Processing file /home/airflow/.local/lib/python3.12/site-packages/airflow/example_dags/example_local_kubernetes_executor.py for tasks to queue
[2026-06-06T20:28:44.865+0000] {logging_mixin.py:190} INFO - [2026-06-06T20:28:44.864+0000] {dagbag.py:588} INFO - Filling up the DagBag from /home/airflow/.local/lib/python3.12/site-packages/airflow/example_dags/example_local_kubernetes_executor.py
[2026-06-06T20:28:44.884+0000] {processor.py:925} INFO - DAG(s) 'example_local_kubernetes_executor' retrieved from /home/airflow/.local/lib/python3.12/site-packages/airflow/example_dags/example_local_kubernetes_executor.py
[2026-06-06T20:28:44.931+0000] {logging_mixin.py:190} INFO - [2026-06-06T20:28:44.931+0000] {dag.py:3239} INFO - Sync 1 DAGs
[2026-06-06T20:28:44.964+0000] {logging_mixin.py:190} INFO - [2026-06-06T20:28:44.964+0000] {dag.py:4180} INFO - Setting next_dagrun for example_local_kubernetes_executor to None, run_after=None
[2026-06-06T20:28:45.039+0000] {processor.py:208} INFO - Processing /home/airflow/.local/lib/python3.12/site-packages/airflow/example_dags/example_local_kubernetes_executor.py took 0.191 seconds
[2026-06-06T20:29:17.222+0000] {processor.py:186} INFO - Started process (PID=1700) to work on /home/airflow/.local/lib/python3.12/site-packages/airflow/example_dags/example_local_kubernetes_executor.py
[2026-06-06T20:29:17.225+0000] {processor.py:914} INFO - Processing file /home/airflow/.local/lib/python3.12/site-packages/airflow/example_dags/example_local_kubernetes_executor.py for tasks to queue
[2026-06-06T20:29:17.232+0000] {logging_mixin.py:190} INFO - [2026-06-06T20:29:17.231+0000] {dagbag.py:588} INFO - Filling up the DagBag from /home/airflow/.local/lib/python3.12/site-packages/airflow/example_dags/example_local_kubernetes_executor.py
[2026-06-06T20:29:17.258+0000] {processor.py:925} INFO - DAG(s) 'example_local_kubernetes_executor' retrieved from /home/airflow/.local/lib/python3.12/site-packages/airflow/example_dags/example_local_kubernetes_executor.py
[2026-06-06T20:29:17.316+0000] {logging_mixin.py:190} INFO - [2026-06-06T20:29:17.316+0000] {dag.py:3239} INFO - Sync 1 DAGs
[2026-06-06T20:29:17.350+0000] {logging_mixin.py:190} INFO - [2026-06-06T20:29:17.349+0000] {dag.py:4180} INFO - Setting next_dagrun for example_local_kubernetes_executor to None, run_after=None
[2026-06-06T20:29:17.397+0000] {processor.py:208} INFO - Processing /home/airflow/.local/lib/python3.12/site-packages/airflow/example_dags/example_local_kubernetes_executor.py took 0.190 seconds
[2026-06-06T20:29:56.597+0000] {processor.py:186} INFO - Started process (PID=1767) to work on /home/airflow/.local/lib/python3.12/site-packages/airflow/example_dags/example_local_kubernetes_executor.py
[2026-06-06T20:29:56.601+0000] {processor.py:914} INFO - Processing file /home/airflow/.local/lib/python3.12/site-packages/airflow/example_dags/example_local_kubernetes_executor.py for tasks to queue
[2026-06-06T20:29:56.608+0000] {logging_mixin.py:190} INFO - [2026-06-06T20:29:56.607+0000] {dagbag.py:588} INFO - Filling up the DagBag from /home/airflow/.local/lib/python3.12/site-packages/airflow/example_dags/example_local_kubernetes_executor.py
[2026-06-06T20:29:56.634+0000] {processor.py:925} INFO - DAG(s) 'example_local_kubernetes_executor' retrieved from /home/airflow/.local/lib/python3.12/site-packages/airflow/example_dags/example_local_kubernetes_executor.py
[2026-06-06T20:29:56.716+0000] {logging_mixin.py:190} INFO - [2026-06-06T20:29:56.716+0000] {dag.py:3239} INFO - Sync 1 DAGs
[2026-06-06T20:29:56.759+0000] {logging_mixin.py:190} INFO - [2026-06-06T20:29:56.759+0000] {dag.py:4180} INFO - Setting next_dagrun for example_local_kubernetes_executor to None, run_after=None
[2026-06-06T20:29:56.812+0000] {processor.py:208} INFO - Processing /home/airflow/.local/lib/python3.12/site-packages/airflow/example_dags/example_local_kubernetes_executor.py took 0.231 seconds
[2026-06-06T20:30:28.832+0000] {processor.py:186} INFO - Started process (PID=1829) to work on /home/airflow/.local/lib/python3.12/site-packages/airflow/example_dags/example_local_kubernetes_executor.py
[2026-06-06T20:30:28.834+0000] {processor.py:914} INFO - Processing file /home/airflow/.local/lib/python3.12/site-packages/airflow/example_dags/example_local_kubernetes_executor.py for tasks to queue
[2026-06-06T20:30:28.839+0000] {logging_mixin.py:190} INFO - [2026-06-06T20:30:28.839+0000] {dagbag.py:588} INFO - Filling up the DagBag from /home/airflow/.local/lib/python3.12/site-packages/airflow/example_dags/example_local_kubernetes_executor.py
[2026-06-06T20:30:28.863+0000] {processor.py:925} INFO - DAG(s) 'example_local_kubernetes_executor' retrieved from /home/airflow/.local/lib/python3.12/site-packages/airflow/example_dags/example_local_kubernetes_executor.py
[2026-06-06T20:30:28.921+0000] {logging_mixin.py:190} INFO - [2026-06-06T20:30:28.921+0000] {dag.py:3239} INFO - Sync 1 DAGs
[2026-06-06T20:30:28.969+0000] {logging_mixin.py:190} INFO - [2026-06-06T20:30:28.968+0000] {dag.py:4180} INFO - Setting next_dagrun for example_local_kubernetes_executor to None, run_after=None
[2026-06-06T20:30:29.056+0000] {processor.py:208} INFO - Processing /home/airflow/.local/lib/python3.12/site-packages/airflow/example_dags/example_local_kubernetes_executor.py took 0.239 seconds
[2026-06-06T20:31:07.182+0000] {processor.py:186} INFO - Started process (PID=1877) to work on /home/airflow/.local/lib/python3.12/site-packages/airflow/example_dags/example_local_kubernetes_executor.py
[2026-06-06T20:31:07.185+0000] {processor.py:914} INFO - Processing file /home/airflow/.local/lib/python3.12/site-packages/airflow/example_dags/example_local_kubernetes_executor.py for tasks to queue
[2026-06-06T20:31:07.190+0000] {logging_mixin.py:190} INFO - [2026-06-06T20:31:07.190+0000] {dagbag.py:588} INFO - Filling up the DagBag from /home/airflow/.local/lib/python3.12/site-packages/airflow/example_dags/example_local_kubernetes_executor.py
[2026-06-06T20:31:07.213+0000] {processor.py:925} INFO - DAG(s) 'example_local_kubernetes_executor' retrieved from /home/airflow/.local/lib/python3.12/site-packages/airflow/example_dags/example_local_kubernetes_executor.py
[2026-06-06T20:31:07.290+0000] {logging_mixin.py:190} INFO - [2026-06-06T20:31:07.290+0000] {dag.py:3239} INFO - Sync 1 DAGs
[2026-06-06T20:31:07.338+0000] {logging_mixin.py:190} INFO - [2026-06-06T20:31:07.338+0000] {dag.py:4180} INFO - Setting next_dagrun for example_local_kubernetes_executor to None, run_after=None
[2026-06-06T20:31:07.404+0000] {processor.py:208} INFO - Processing /home/airflow/.local/lib/python3.12/site-packages/airflow/example_dags/example_local_kubernetes_executor.py took 0.234 seconds
[2026-06-06T20:31:42.309+0000] {processor.py:186} INFO - Started process (PID=1938) to work on /home/airflow/.local/lib/python3.12/site-packages/airflow/example_dags/example_local_kubernetes_executor.py
[2026-06-06T20:31:42.314+0000] {processor.py:914} INFO - Processing file /home/airflow/.local/lib/python3.12/site-packages/airflow/example_dags/example_local_kubernetes_executor.py for tasks to queue
[2026-06-06T20:31:42.323+0000] {logging_mixin.py:190} INFO - [2026-06-06T20:31:42.322+0000] {dagbag.py:588} INFO - Filling up the DagBag from /home/airflow/.local/lib/python3.12/site-packages/airflow/example_dags/example_local_kubernetes_executor.py
[2026-06-06T20:31:42.354+0000] {processor.py:925} INFO - DAG(s) 'example_local_kubernetes_executor' retrieved from /home/airflow/.local/lib/python3.12/site-packages/airflow/example_dags/example_local_kubernetes_executor.py
[2026-06-06T20:31:42.425+0000] {logging_mixin.py:190} INFO - [2026-06-06T20:31:42.424+0000] {dag.py:3239} INFO - Sync 1 DAGs
[2026-06-06T20:31:42.464+0000] {logging_mixin.py:190} INFO - [2026-06-06T20:31:42.464+0000] {dag.py:4180} INFO - Setting next_dagrun for example_local_kubernetes_executor to None, run_after=None
[2026-06-06T20:31:42.501+0000] {processor.py:208} INFO - Processing /home/airflow/.local/lib/python3.12/site-packages/airflow/example_dags/example_local_kubernetes_executor.py took 0.210 seconds
[2026-06-06T20:32:23.058+0000] {processor.py:186} INFO - Started process (PID=2006) to work on /home/airflow/.local/lib/python3.12/site-packages/airflow/example_dags/example_local_kubernetes_executor.py
[2026-06-06T20:32:23.061+0000] {processor.py:914} INFO - Processing file /home/airflow/.local/lib/python3.12/site-packages/airflow/example_dags/example_local_kubernetes_executor.py for tasks to queue
[2026-06-06T20:32:23.066+0000] {logging_mixin.py:190} INFO - [2026-06-06T20:32:23.065+0000] {dagbag.py:588} INFO - Filling up the DagBag from /home/airflow/.local/lib/python3.12/site-packages/airflow/example_dags/example_local_kubernetes_executor.py
[2026-06-06T20:32:23.082+0000] {processor.py:925} INFO - DAG(s) 'example_local_kubernetes_executor' retrieved from /home/airflow/.local/lib/python3.12/site-packages/airflow/example_dags/example_local_kubernetes_executor.py
[2026-06-06T20:32:23.129+0000] {logging_mixin.py:190} INFO - [2026-06-06T20:32:23.128+0000] {dag.py:3239} INFO - Sync 1 DAGs
[2026-06-06T20:32:23.157+0000] {logging_mixin.py:190} INFO - [2026-06-06T20:32:23.157+0000] {dag.py:4180} INFO - Setting next_dagrun for example_local_kubernetes_executor to None, run_after=None
[2026-06-06T20:32:23.201+0000] {processor.py:208} INFO - Processing /home/airflow/.local/lib/python3.12/site-packages/airflow/example_dags/example_local_kubernetes_executor.py took 0.156 seconds
[2026-06-06T20:32:55.503+0000] {processor.py:186} INFO - Started process (PID=2067) to work on /home/airflow/.local/lib/python3.12/site-packages/airflow/example_dags/example_local_kubernetes_executor.py
[2026-06-06T20:32:55.506+0000] {processor.py:914} INFO - Processing file /home/airflow/.local/lib/python3.12/site-packages/airflow/example_dags/example_local_kubernetes_executor.py for tasks to queue
[2026-06-06T20:32:55.513+0000] {logging_mixin.py:190} INFO - [2026-06-06T20:32:55.512+0000] {dagbag.py:588} INFO - Filling up the DagBag from /home/airflow/.local/lib/python3.12/site-packages/airflow/example_dags/example_local_kubernetes_executor.py
[2026-06-06T20:32:55.533+0000] {processor.py:925} INFO - DAG(s) 'example_local_kubernetes_executor' retrieved from /home/airflow/.local/lib/python3.12/site-packages/airflow/example_dags/example_local_kubernetes_executor.py
[2026-06-06T20:32:55.618+0000] {logging_mixin.py:190} INFO - [2026-06-06T20:32:55.618+0000] {dag.py:3239} INFO - Sync 1 DAGs
[2026-06-06T20:32:55.650+0000] {logging_mixin.py:190} INFO - [2026-06-06T20:32:55.650+0000] {dag.py:4180} INFO - Setting next_dagrun for example_local_kubernetes_executor to None, run_after=None
[2026-06-06T20:32:55.698+0000] {processor.py:208} INFO - Processing /home/airflow/.local/lib/python3.12/site-packages/airflow/example_dags/example_local_kubernetes_executor.py took 0.209 seconds
[2026-06-06T20:33:32.034+0000] {processor.py:186} INFO - Started process (PID=2130) to work on /home/airflow/.local/lib/python3.12/site-packages/airflow/example_dags/example_local_kubernetes_executor.py
[2026-06-06T20:33:32.037+0000] {processor.py:914} INFO - Processing file /home/airflow/.local/lib/python3.12/site-packages/airflow/example_dags/example_local_kubernetes_executor.py for tasks to queue
[2026-06-06T20:33:32.046+0000] {logging_mixin.py:190} INFO - [2026-06-06T20:33:32.045+0000] {dagbag.py:588} INFO - Filling up the DagBag from /home/airflow/.local/lib/python3.12/site-packages/airflow/example_dags/example_local_kubernetes_executor.py
[2026-06-06T20:33:32.076+0000] {processor.py:925} INFO - DAG(s) 'example_local_kubernetes_executor' retrieved from /home/airflow/.local/lib/python3.12/site-packages/airflow/example_dags/example_local_kubernetes_executor.py
[2026-06-06T20:33:32.136+0000] {logging_mixin.py:190} INFO - [2026-06-06T20:33:32.135+0000] {dag.py:3239} INFO - Sync 1 DAGs
[2026-06-06T20:33:32.172+0000] {logging_mixin.py:190} INFO - [2026-06-06T20:33:32.172+0000] {dag.py:4180} INFO - Setting next_dagrun for example_local_kubernetes_executor to None, run_after=None
[2026-06-06T20:33:32.220+0000] {processor.py:208} INFO - Processing /home/airflow/.local/lib/python3.12/site-packages/airflow/example_dags/example_local_kubernetes_executor.py took 0.211 seconds
[2026-06-06T20:34:07.634+0000] {processor.py:186} INFO - Started process (PID=2192) to work on /home/airflow/.local/lib/python3.12/site-packages/airflow/example_dags/example_local_kubernetes_executor.py
[2026-06-06T20:34:07.638+0000] {processor.py:914} INFO - Processing file /home/airflow/.local/lib/python3.12/site-packages/airflow/example_dags/example_local_kubernetes_executor.py for tasks to queue
[2026-06-06T20:34:07.647+0000] {logging_mixin.py:190} INFO - [2026-06-06T20:34:07.646+0000] {dagbag.py:588} INFO - Filling up the DagBag from /home/airflow/.local/lib/python3.12/site-packages/airflow/example_dags/example_local_kubernetes_executor.py
[2026-06-06T20:34:07.673+0000] {processor.py:925} INFO - DAG(s) 'example_local_kubernetes_executor' retrieved from /home/airflow/.local/lib/python3.12/site-packages/airflow/example_dags/example_local_kubernetes_executor.py
[2026-06-06T20:34:07.741+0000] {logging_mixin.py:190} INFO - [2026-06-06T20:34:07.740+0000] {dag.py:3239} INFO - Sync 1 DAGs
[2026-06-06T20:34:07.786+0000] {logging_mixin.py:190} INFO - [2026-06-06T20:34:07.786+0000] {dag.py:4180} INFO - Setting next_dagrun for example_local_kubernetes_executor to None, run_after=None
[2026-06-06T20:34:07.848+0000] {processor.py:208} INFO - Processing /home/airflow/.local/lib/python3.12/site-packages/airflow/example_dags/example_local_kubernetes_executor.py took 0.228 seconds
[2026-06-06T20:34:46.710+0000] {processor.py:186} INFO - Started process (PID=2238) to work on /home/airflow/.local/lib/python3.12/site-packages/airflow/example_dags/example_local_kubernetes_executor.py
[2026-06-06T20:34:46.713+0000] {processor.py:914} INFO - Processing file /home/airflow/.local/lib/python3.12/site-packages/airflow/example_dags/example_local_kubernetes_executor.py for tasks to queue
[2026-06-06T20:34:46.724+0000] {logging_mixin.py:190} INFO - [2026-06-06T20:34:46.723+0000] {dagbag.py:588} INFO - Filling up the DagBag from /home/airflow/.local/lib/python3.12/site-packages/airflow/example_dags/example_local_kubernetes_executor.py
[2026-06-06T20:34:46.746+0000] {processor.py:925} INFO - DAG(s) 'example_local_kubernetes_executor' retrieved from /home/airflow/.local/lib/python3.12/site-packages/airflow/example_dags/example_local_kubernetes_executor.py
[2026-06-06T20:34:46.799+0000] {logging_mixin.py:190} INFO - [2026-06-06T20:34:46.798+0000] {dag.py:3239} INFO - Sync 1 DAGs
[2026-06-06T20:34:46.828+0000] {logging_mixin.py:190} INFO - [2026-06-06T20:34:46.827+0000] {dag.py:4180} INFO - Setting next_dagrun for example_local_kubernetes_executor to None, run_after=None
[2026-06-06T20:34:46.869+0000] {processor.py:208} INFO - Processing /home/airflow/.local/lib/python3.12/site-packages/airflow/example_dags/example_local_kubernetes_executor.py took 0.172 seconds
[2026-06-06T20:35:29.023+0000] {processor.py:186} INFO - Started process (PID=2304) to work on /home/airflow/.local/lib/python3.12/site-packages/airflow/example_dags/example_local_kubernetes_executor.py
[2026-06-06T20:35:29.025+0000] {processor.py:914} INFO - Processing file /home/airflow/.local/lib/python3.12/site-packages/airflow/example_dags/example_local_kubernetes_executor.py for tasks to queue
[2026-06-06T20:35:29.029+0000] {logging_mixin.py:190} INFO - [2026-06-06T20:35:29.028+0000] {dagbag.py:588} INFO - Filling up the DagBag from /home/airflow/.local/lib/python3.12/site-packages/airflow/example_dags/example_local_kubernetes_executor.py
[2026-06-06T20:35:29.050+0000] {processor.py:925} INFO - DAG(s) 'example_local_kubernetes_executor' retrieved from /home/airflow/.local/lib/python3.12/site-packages/airflow/example_dags/example_local_kubernetes_executor.py
[2026-06-06T20:35:29.097+0000] {logging_mixin.py:190} INFO - [2026-06-06T20:35:29.096+0000] {dag.py:3239} INFO - Sync 1 DAGs
[2026-06-06T20:35:29.120+0000] {logging_mixin.py:190} INFO - [2026-06-06T20:35:29.119+0000] {dag.py:4180} INFO - Setting next_dagrun for example_local_kubernetes_executor to None, run_after=None
[2026-06-06T20:35:29.152+0000] {processor.py:208} INFO - Processing /home/airflow/.local/lib/python3.12/site-packages/airflow/example_dags/example_local_kubernetes_executor.py took 0.138 seconds
[2026-06-06T20:36:00.276+0000] {processor.py:186} INFO - Started process (PID=2361) to work on /home/airflow/.local/lib/python3.12/site-packages/airflow/example_dags/example_local_kubernetes_executor.py
[2026-06-06T20:36:00.278+0000] {processor.py:914} INFO - Processing file /home/airflow/.local/lib/python3.12/site-packages/airflow/example_dags/example_local_kubernetes_executor.py for tasks to queue
[2026-06-06T20:36:00.288+0000] {logging_mixin.py:190} INFO - [2026-06-06T20:36:00.287+0000] {dagbag.py:588} INFO - Filling up the DagBag from /home/airflow/.local/lib/python3.12/site-packages/airflow/example_dags/example_local_kubernetes_executor.py
[2026-06-06T20:36:00.314+0000] {processor.py:925} INFO - DAG(s) 'example_local_kubernetes_executor' retrieved from /home/airflow/.local/lib/python3.12/site-packages/airflow/example_dags/example_local_kubernetes_executor.py
[2026-06-06T20:36:00.367+0000] {logging_mixin.py:190} INFO - [2026-06-06T20:36:00.367+0000] {dag.py:3239} INFO - Sync 1 DAGs
[2026-06-06T20:36:00.396+0000] {logging_mixin.py:190} INFO - [2026-06-06T20:36:00.395+0000] {dag.py:4180} INFO - Setting next_dagrun for example_local_kubernetes_executor to None, run_after=None
[2026-06-06T20:36:00.431+0000] {processor.py:208} INFO - Processing /home/airflow/.local/lib/python3.12/site-packages/airflow/example_dags/example_local_kubernetes_executor.py took 0.166 seconds
[2026-06-06T20:36:33.782+0000] {processor.py:186} INFO - Started process (PID=2423) to work on /home/airflow/.local/lib/python3.12/site-packages/airflow/example_dags/example_local_kubernetes_executor.py
[2026-06-06T20:36:33.794+0000] {processor.py:914} INFO - Processing file /home/airflow/.local/lib/python3.12/site-packages/airflow/example_dags/example_local_kubernetes_executor.py for tasks to queue
[2026-06-06T20:36:33.805+0000] {logging_mixin.py:190} INFO - [2026-06-06T20:36:33.804+0000] {dagbag.py:588} INFO - Filling up the DagBag from /home/airflow/.local/lib/python3.12/site-packages/airflow/example_dags/example_local_kubernetes_executor.py
[2026-06-06T20:36:33.836+0000] {processor.py:925} INFO - DAG(s) 'example_local_kubernetes_executor' retrieved from /home/airflow/.local/lib/python3.12/site-packages/airflow/example_dags/example_local_kubernetes_executor.py
[2026-06-06T20:36:33.916+0000] {logging_mixin.py:190} INFO - [2026-06-06T20:36:33.915+0000] {dag.py:3239} INFO - Sync 1 DAGs
[2026-06-06T20:36:33.952+0000] {logging_mixin.py:190} INFO - [2026-06-06T20:36:33.952+0000] {dag.py:4180} INFO - Setting next_dagrun for example_local_kubernetes_executor to None, run_after=None
[2026-06-06T20:36:34.127+0000] {processor.py:208} INFO - Processing /home/airflow/.local/lib/python3.12/site-packages/airflow/example_dags/example_local_kubernetes_executor.py took 0.391 seconds
[2026-06-06T20:37:10.086+0000] {processor.py:186} INFO - Started process (PID=2485) to work on /home/airflow/.local/lib/python3.12/site-packages/airflow/example_dags/example_local_kubernetes_executor.py
[2026-06-06T20:37:10.095+0000] {processor.py:914} INFO - Processing file /home/airflow/.local/lib/python3.12/site-packages/airflow/example_dags/example_local_kubernetes_executor.py for tasks to queue
[2026-06-06T20:37:10.105+0000] {logging_mixin.py:190} INFO - [2026-06-06T20:37:10.104+0000] {dagbag.py:588} INFO - Filling up the DagBag from /home/airflow/.local/lib/python3.12/site-packages/airflow/example_dags/example_local_kubernetes_executor.py
[2026-06-06T20:37:10.169+0000] {processor.py:925} INFO - DAG(s) 'example_local_kubernetes_executor' retrieved from /home/airflow/.local/lib/python3.12/site-packages/airflow/example_dags/example_local_kubernetes_executor.py
[2026-06-06T20:37:10.353+0000] {logging_mixin.py:190} INFO - [2026-06-06T20:37:10.352+0000] {dag.py:3239} INFO - Sync 1 DAGs
[2026-06-06T20:37:10.443+0000] {logging_mixin.py:190} INFO - [2026-06-06T20:37:10.442+0000] {dag.py:4180} INFO - Setting next_dagrun for example_local_kubernetes_executor to None, run_after=None
[2026-06-06T20:37:10.597+0000] {processor.py:208} INFO - Processing /home/airflow/.local/lib/python3.12/site-packages/airflow/example_dags/example_local_kubernetes_executor.py took 0.531 seconds
[2026-06-06T20:39:52.773+0000] {processor.py:186} INFO - Started process (PID=75) to work on /home/airflow/.local/lib/python3.12/site-packages/airflow/example_dags/example_local_kubernetes_executor.py
[2026-06-06T20:39:52.777+0000] {processor.py:914} INFO - Processing file /home/airflow/.local/lib/python3.12/site-packages/airflow/example_dags/example_local_kubernetes_executor.py for tasks to queue
[2026-06-06T20:39:52.782+0000] {logging_mixin.py:190} INFO - [2026-06-06T20:39:52.782+0000] {dagbag.py:588} INFO - Filling up the DagBag from /home/airflow/.local/lib/python3.12/site-packages/airflow/example_dags/example_local_kubernetes_executor.py
[2026-06-06T20:39:52.803+0000] {processor.py:925} INFO - DAG(s) 'example_local_kubernetes_executor' retrieved from /home/airflow/.local/lib/python3.12/site-packages/airflow/example_dags/example_local_kubernetes_executor.py
[2026-06-06T20:39:52.861+0000] {logging_mixin.py:190} INFO - [2026-06-06T20:39:52.861+0000] {dag.py:3239} INFO - Sync 1 DAGs
[2026-06-06T20:39:52.893+0000] {logging_mixin.py:190} INFO - [2026-06-06T20:39:52.893+0000] {dag.py:4180} INFO - Setting next_dagrun for example_local_kubernetes_executor to None, run_after=None
[2026-06-06T20:39:52.930+0000] {processor.py:208} INFO - Processing /home/airflow/.local/lib/python3.12/site-packages/airflow/example_dags/example_local_kubernetes_executor.py took 0.170 seconds
[2026-06-06T20:40:30.789+0000] {processor.py:186} INFO - Started process (PID=145) to work on /home/airflow/.local/lib/python3.12/site-packages/airflow/example_dags/example_local_kubernetes_executor.py
[2026-06-06T20:40:30.791+0000] {processor.py:914} INFO - Processing file /home/airflow/.local/lib/python3.12/site-packages/airflow/example_dags/example_local_kubernetes_executor.py for tasks to queue
[2026-06-06T20:40:30.798+0000] {logging_mixin.py:190} INFO - [2026-06-06T20:40:30.797+0000] {dagbag.py:588} INFO - Filling up the DagBag from /home/airflow/.local/lib/python3.12/site-packages/airflow/example_dags/example_local_kubernetes_executor.py
[2026-06-06T20:40:30.820+0000] {processor.py:925} INFO - DAG(s) 'example_local_kubernetes_executor' retrieved from /home/airflow/.local/lib/python3.12/site-packages/airflow/example_dags/example_local_kubernetes_executor.py
[2026-06-06T20:40:30.880+0000] {logging_mixin.py:190} INFO - [2026-06-06T20:40:30.880+0000] {dag.py:3239} INFO - Sync 1 DAGs
[2026-06-06T20:40:30.916+0000] {logging_mixin.py:190} INFO - [2026-06-06T20:40:30.915+0000] {dag.py:4180} INFO - Setting next_dagrun for example_local_kubernetes_executor to None, run_after=None
[2026-06-06T20:40:30.955+0000] {processor.py:208} INFO - Processing /home/airflow/.local/lib/python3.12/site-packages/airflow/example_dags/example_local_kubernetes_executor.py took 0.180 seconds
[2026-06-06T20:41:15.934+0000] {processor.py:186} INFO - Started process (PID=198) to work on /home/airflow/.local/lib/python3.12/site-packages/airflow/example_dags/example_local_kubernetes_executor.py
[2026-06-06T20:41:15.937+0000] {processor.py:914} INFO - Processing file /home/airflow/.local/lib/python3.12/site-packages/airflow/example_dags/example_local_kubernetes_executor.py for tasks to queue
[2026-06-06T20:41:15.950+0000] {logging_mixin.py:190} INFO - [2026-06-06T20:41:15.949+0000] {dagbag.py:588} INFO - Filling up the DagBag from /home/airflow/.local/lib/python3.12/site-packages/airflow/example_dags/example_local_kubernetes_executor.py
[2026-06-06T20:41:15.975+0000] {processor.py:925} INFO - DAG(s) 'example_local_kubernetes_executor' retrieved from /home/airflow/.local/lib/python3.12/site-packages/airflow/example_dags/example_local_kubernetes_executor.py
[2026-06-06T20:41:16.077+0000] {logging_mixin.py:190} INFO - [2026-06-06T20:41:16.076+0000] {dag.py:3239} INFO - Sync 1 DAGs
[2026-06-06T20:41:16.148+0000] {logging_mixin.py:190} INFO - [2026-06-06T20:41:16.147+0000] {dag.py:4180} INFO - Setting next_dagrun for example_local_kubernetes_executor to None, run_after=None
[2026-06-06T20:41:16.330+0000] {processor.py:208} INFO - Processing /home/airflow/.local/lib/python3.12/site-packages/airflow/example_dags/example_local_kubernetes_executor.py took 0.410 seconds
[2026-06-06T20:41:55.435+0000] {processor.py:186} INFO - Started process (PID=264) to work on /home/airflow/.local/lib/python3.12/site-packages/airflow/example_dags/example_local_kubernetes_executor.py
[2026-06-06T20:41:55.439+0000] {processor.py:914} INFO - Processing file /home/airflow/.local/lib/python3.12/site-packages/airflow/example_dags/example_local_kubernetes_executor.py for tasks to queue
[2026-06-06T20:41:55.446+0000] {logging_mixin.py:190} INFO - [2026-06-06T20:41:55.445+0000] {dagbag.py:588} INFO - Filling up the DagBag from /home/airflow/.local/lib/python3.12/site-packages/airflow/example_dags/example_local_kubernetes_executor.py
[2026-06-06T20:41:55.467+0000] {processor.py:925} INFO - DAG(s) 'example_local_kubernetes_executor' retrieved from /home/airflow/.local/lib/python3.12/site-packages/airflow/example_dags/example_local_kubernetes_executor.py
[2026-06-06T20:41:55.521+0000] {logging_mixin.py:190} INFO - [2026-06-06T20:41:55.520+0000] {dag.py:3239} INFO - Sync 1 DAGs
[2026-06-06T20:41:55.552+0000] {logging_mixin.py:190} INFO - [2026-06-06T20:41:55.551+0000] {dag.py:4180} INFO - Setting next_dagrun for example_local_kubernetes_executor to None, run_after=None
[2026-06-06T20:41:55.593+0000] {processor.py:208} INFO - Processing /home/airflow/.local/lib/python3.12/site-packages/airflow/example_dags/example_local_kubernetes_executor.py took 0.173 seconds
[2026-06-06T20:42:39.688+0000] {processor.py:186} INFO - Started process (PID=325) to work on /home/airflow/.local/lib/python3.12/site-packages/airflow/example_dags/example_local_kubernetes_executor.py
[2026-06-06T20:42:39.694+0000] {processor.py:914} INFO - Processing file /home/airflow/.local/lib/python3.12/site-packages/airflow/example_dags/example_local_kubernetes_executor.py for tasks to queue
[2026-06-06T20:42:39.725+0000] {logging_mixin.py:190} INFO - [2026-06-06T20:42:39.724+0000] {dagbag.py:588} INFO - Filling up the DagBag from /home/airflow/.local/lib/python3.12/site-packages/airflow/example_dags/example_local_kubernetes_executor.py
[2026-06-06T20:42:39.791+0000] {processor.py:925} INFO - DAG(s) 'example_local_kubernetes_executor' retrieved from /home/airflow/.local/lib/python3.12/site-packages/airflow/example_dags/example_local_kubernetes_executor.py
[2026-06-06T20:42:39.926+0000] {logging_mixin.py:190} INFO - [2026-06-06T20:42:39.925+0000] {dag.py:3239} INFO - Sync 1 DAGs
[2026-06-06T20:42:39.978+0000] {logging_mixin.py:190} INFO - [2026-06-06T20:42:39.978+0000] {dag.py:4180} INFO - Setting next_dagrun for example_local_kubernetes_executor to None, run_after=None
[2026-06-06T20:42:40.051+0000] {processor.py:208} INFO - Processing /home/airflow/.local/lib/python3.12/site-packages/airflow/example_dags/example_local_kubernetes_executor.py took 0.391 seconds
[2026-06-06T20:43:17.976+0000] {processor.py:186} INFO - Started process (PID=387) to work on /home/airflow/.local/lib/python3.12/site-packages/airflow/example_dags/example_local_kubernetes_executor.py
[2026-06-06T20:43:17.978+0000] {processor.py:914} INFO - Processing file /home/airflow/.local/lib/python3.12/site-packages/airflow/example_dags/example_local_kubernetes_executor.py for tasks to queue
[2026-06-06T20:43:17.983+0000] {logging_mixin.py:190} INFO - [2026-06-06T20:43:17.982+0000] {dagbag.py:588} INFO - Filling up the DagBag from /home/airflow/.local/lib/python3.12/site-packages/airflow/example_dags/example_local_kubernetes_executor.py
[2026-06-06T20:43:17.998+0000] {processor.py:925} INFO - DAG(s) 'example_local_kubernetes_executor' retrieved from /home/airflow/.local/lib/python3.12/site-packages/airflow/example_dags/example_local_kubernetes_executor.py
[2026-06-06T20:43:18.034+0000] {logging_mixin.py:190} INFO - [2026-06-06T20:43:18.034+0000] {dag.py:3239} INFO - Sync 1 DAGs
[2026-06-06T20:43:18.056+0000] {logging_mixin.py:190} INFO - [2026-06-06T20:43:18.056+0000] {dag.py:4180} INFO - Setting next_dagrun for example_local_kubernetes_executor to None, run_after=None
[2026-06-06T20:43:18.081+0000] {processor.py:208} INFO - Processing /home/airflow/.local/lib/python3.12/site-packages/airflow/example_dags/example_local_kubernetes_executor.py took 0.114 seconds
[2026-06-06T20:44:03.351+0000] {processor.py:186} INFO - Started process (PID=443) to work on /home/airflow/.local/lib/python3.12/site-packages/airflow/example_dags/example_local_kubernetes_executor.py
[2026-06-06T20:44:03.354+0000] {processor.py:914} INFO - Processing file /home/airflow/.local/lib/python3.12/site-packages/airflow/example_dags/example_local_kubernetes_executor.py for tasks to queue
[2026-06-06T20:44:03.360+0000] {logging_mixin.py:190} INFO - [2026-06-06T20:44:03.360+0000] {dagbag.py:588} INFO - Filling up the DagBag from /home/airflow/.local/lib/python3.12/site-packages/airflow/example_dags/example_local_kubernetes_executor.py
[2026-06-06T20:44:03.393+0000] {processor.py:925} INFO - DAG(s) 'example_local_kubernetes_executor' retrieved from /home/airflow/.local/lib/python3.12/site-packages/airflow/example_dags/example_local_kubernetes_executor.py
[2026-06-06T20:44:03.468+0000] {logging_mixin.py:190} INFO - [2026-06-06T20:44:03.467+0000] {dag.py:3239} INFO - Sync 1 DAGs
[2026-06-06T20:44:03.542+0000] {logging_mixin.py:190} INFO - [2026-06-06T20:44:03.542+0000] {dag.py:4180} INFO - Setting next_dagrun for example_local_kubernetes_executor to None, run_after=None
[2026-06-06T20:44:03.600+0000] {processor.py:208} INFO - Processing /home/airflow/.local/lib/python3.12/site-packages/airflow/example_dags/example_local_kubernetes_executor.py took 0.263 seconds
[2026-06-06T20:44:45.220+0000] {processor.py:186} INFO - Started process (PID=504) to work on /home/airflow/.local/lib/python3.12/site-packages/airflow/example_dags/example_local_kubernetes_executor.py
[2026-06-06T20:44:45.223+0000] {processor.py:914} INFO - Processing file /home/airflow/.local/lib/python3.12/site-packages/airflow/example_dags/example_local_kubernetes_executor.py for tasks to queue
[2026-06-06T20:44:45.230+0000] {logging_mixin.py:190} INFO - [2026-06-06T20:44:45.229+0000] {dagbag.py:588} INFO - Filling up the DagBag from /home/airflow/.local/lib/python3.12/site-packages/airflow/example_dags/example_local_kubernetes_executor.py
[2026-06-06T20:44:45.257+0000] {processor.py:925} INFO - DAG(s) 'example_local_kubernetes_executor' retrieved from /home/airflow/.local/lib/python3.12/site-packages/airflow/example_dags/example_local_kubernetes_executor.py
[2026-06-06T20:44:45.362+0000] {logging_mixin.py:190} INFO - [2026-06-06T20:44:45.362+0000] {dag.py:3239} INFO - Sync 1 DAGs
[2026-06-06T20:44:45.413+0000] {logging_mixin.py:190} INFO - [2026-06-06T20:44:45.412+0000] {dag.py:4180} INFO - Setting next_dagrun for example_local_kubernetes_executor to None, run_after=None
[2026-06-06T20:44:45.513+0000] {processor.py:208} INFO - Processing /home/airflow/.local/lib/python3.12/site-packages/airflow/example_dags/example_local_kubernetes_executor.py took 0.304 seconds
[2026-06-06T20:45:19.704+0000] {processor.py:186} INFO - Started process (PID=562) to work on /home/airflow/.local/lib/python3.12/site-packages/airflow/example_dags/example_local_kubernetes_executor.py
[2026-06-06T20:45:19.708+0000] {processor.py:914} INFO - Processing file /home/airflow/.local/lib/python3.12/site-packages/airflow/example_dags/example_local_kubernetes_executor.py for tasks to queue
[2026-06-06T20:45:19.723+0000] {logging_mixin.py:190} INFO - [2026-06-06T20:45:19.722+0000] {dagbag.py:588} INFO - Filling up the DagBag from /home/airflow/.local/lib/python3.12/site-packages/airflow/example_dags/example_local_kubernetes_executor.py
[2026-06-06T20:45:19.758+0000] {processor.py:925} INFO - DAG(s) 'example_local_kubernetes_executor' retrieved from /home/airflow/.local/lib/python3.12/site-packages/airflow/example_dags/example_local_kubernetes_executor.py
[2026-06-06T20:45:19.840+0000] {logging_mixin.py:190} INFO - [2026-06-06T20:45:19.839+0000] {dag.py:3239} INFO - Sync 1 DAGs
[2026-06-06T20:45:19.893+0000] {logging_mixin.py:190} INFO - [2026-06-06T20:45:19.892+0000] {dag.py:4180} INFO - Setting next_dagrun for example_local_kubernetes_executor to None, run_after=None
[2026-06-06T20:45:19.948+0000] {processor.py:208} INFO - Processing /home/airflow/.local/lib/python3.12/site-packages/airflow/example_dags/example_local_kubernetes_executor.py took 0.264 seconds
[2026-06-06T20:45:56.485+0000] {processor.py:186} INFO - Started process (PID=614) to work on /home/airflow/.local/lib/python3.12/site-packages/airflow/example_dags/example_local_kubernetes_executor.py
[2026-06-06T20:45:56.491+0000] {processor.py:914} INFO - Processing file /home/airflow/.local/lib/python3.12/site-packages/airflow/example_dags/example_local_kubernetes_executor.py for tasks to queue
[2026-06-06T20:45:56.507+0000] {logging_mixin.py:190} INFO - [2026-06-06T20:45:56.503+0000] {dagbag.py:588} INFO - Filling up the DagBag from /home/airflow/.local/lib/python3.12/site-packages/airflow/example_dags/example_local_kubernetes_executor.py
[2026-06-06T20:45:56.548+0000] {processor.py:925} INFO - DAG(s) 'example_local_kubernetes_executor' retrieved from /home/airflow/.local/lib/python3.12/site-packages/airflow/example_dags/example_local_kubernetes_executor.py
[2026-06-06T20:45:56.656+0000] {logging_mixin.py:190} INFO - [2026-06-06T20:45:56.655+0000] {dag.py:3239} INFO - Sync 1 DAGs
[2026-06-06T20:45:56.717+0000] {logging_mixin.py:190} INFO - [2026-06-06T20:45:56.716+0000] {dag.py:4180} INFO - Setting next_dagrun for example_local_kubernetes_executor to None, run_after=None
[2026-06-06T20:45:56.768+0000] {processor.py:208} INFO - Processing /home/airflow/.local/lib/python3.12/site-packages/airflow/example_dags/example_local_kubernetes_executor.py took 0.297 seconds
[2026-06-06T20:46:39.214+0000] {processor.py:186} INFO - Started process (PID=662) to work on /home/airflow/.local/lib/python3.12/site-packages/airflow/example_dags/example_local_kubernetes_executor.py
[2026-06-06T20:46:39.216+0000] {processor.py:914} INFO - Processing file /home/airflow/.local/lib/python3.12/site-packages/airflow/example_dags/example_local_kubernetes_executor.py for tasks to queue
[2026-06-06T20:46:39.221+0000] {logging_mixin.py:190} INFO - [2026-06-06T20:46:39.220+0000] {dagbag.py:588} INFO - Filling up the DagBag from /home/airflow/.local/lib/python3.12/site-packages/airflow/example_dags/example_local_kubernetes_executor.py
[2026-06-06T20:46:39.243+0000] {processor.py:925} INFO - DAG(s) 'example_local_kubernetes_executor' retrieved from /home/airflow/.local/lib/python3.12/site-packages/airflow/example_dags/example_local_kubernetes_executor.py
[2026-06-06T20:46:39.296+0000] {logging_mixin.py:190} INFO - [2026-06-06T20:46:39.296+0000] {dag.py:3239} INFO - Sync 1 DAGs
[2026-06-06T20:46:39.326+0000] {logging_mixin.py:190} INFO - [2026-06-06T20:46:39.326+0000] {dag.py:4180} INFO - Setting next_dagrun for example_local_kubernetes_executor to None, run_after=None
[2026-06-06T20:46:39.366+0000] {processor.py:208} INFO - Processing /home/airflow/.local/lib/python3.12/site-packages/airflow/example_dags/example_local_kubernetes_executor.py took 0.164 seconds
