[2026-06-06T20:14:01.471+0000] {processor.py:186} INFO - Started process (PID=106) to work on /home/airflow/.local/lib/python3.12/site-packages/airflow/example_dags/example_params_ui_tutorial.py
[2026-06-06T20:14:01.473+0000] {processor.py:914} INFO - Processing file /home/airflow/.local/lib/python3.12/site-packages/airflow/example_dags/example_params_ui_tutorial.py for tasks to queue
[2026-06-06T20:14:01.480+0000] {logging_mixin.py:190} INFO - [2026-06-06T20:14:01.479+0000] {dagbag.py:588} INFO - Filling up the DagBag from /home/airflow/.local/lib/python3.12/site-packages/airflow/example_dags/example_params_ui_tutorial.py
[2026-06-06T20:14:01.505+0000] {processor.py:925} INFO - DAG(s) 'example_params_ui_tutorial' retrieved from /home/airflow/.local/lib/python3.12/site-packages/airflow/example_dags/example_params_ui_tutorial.py
[2026-06-06T20:14:01.821+0000] {logging_mixin.py:190} INFO - [2026-06-06T20:14:01.819+0000] {override.py:1932} INFO - Created Permission View: can read on DAG:example_params_ui_tutorial
[2026-06-06T20:14:01.856+0000] {logging_mixin.py:190} INFO - [2026-06-06T20:14:01.855+0000] {override.py:1932} INFO - Created Permission View: can edit on DAG:example_params_ui_tutorial
[2026-06-06T20:14:01.878+0000] {logging_mixin.py:190} INFO - [2026-06-06T20:14:01.877+0000] {override.py:1932} INFO - Created Permission View: can delete on DAG:example_params_ui_tutorial
[2026-06-06T20:14:01.895+0000] {logging_mixin.py:190} INFO - [2026-06-06T20:14:01.895+0000] {override.py:1932} INFO - Created Permission View: can read on DAG Run:example_params_ui_tutorial
[2026-06-06T20:14:01.913+0000] {logging_mixin.py:190} INFO - [2026-06-06T20:14:01.912+0000] {override.py:1932} INFO - Created Permission View: menu access on DAG Run:example_params_ui_tutorial
[2026-06-06T20:14:01.937+0000] {logging_mixin.py:190} INFO - [2026-06-06T20:14:01.935+0000] {override.py:1932} INFO - Created Permission View: can delete on DAG Run:example_params_ui_tutorial
[2026-06-06T20:14:01.959+0000] {logging_mixin.py:190} INFO - [2026-06-06T20:14:01.958+0000] {override.py:1932} INFO - Created Permission View: can create on DAG Run:example_params_ui_tutorial
[2026-06-06T20:14:01.962+0000] {logging_mixin.py:190} INFO - [2026-06-06T20:14:01.962+0000] {dag.py:3239} INFO - Sync 1 DAGs
[2026-06-06T20:14:01.996+0000] {logging_mixin.py:190} INFO - [2026-06-06T20:14:01.995+0000] {dag.py:3262} INFO - Creating ORM DAG for example_params_ui_tutorial
[2026-06-06T20:14:01.998+0000] {logging_mixin.py:190} INFO - [2026-06-06T20:14:01.997+0000] {dag.py:4180} INFO - Setting next_dagrun for example_params_ui_tutorial to None, run_after=None
[2026-06-06T20:14:02.052+0000] {processor.py:208} INFO - Processing /home/airflow/.local/lib/python3.12/site-packages/airflow/example_dags/example_params_ui_tutorial.py took 0.594 seconds
[2026-06-06T20:14:34.958+0000] {processor.py:186} INFO - Started process (PID=167) to work on /home/airflow/.local/lib/python3.12/site-packages/airflow/example_dags/example_params_ui_tutorial.py
[2026-06-06T20:14:34.961+0000] {processor.py:914} INFO - Processing file /home/airflow/.local/lib/python3.12/site-packages/airflow/example_dags/example_params_ui_tutorial.py for tasks to queue
[2026-06-06T20:14:34.970+0000] {logging_mixin.py:190} INFO - [2026-06-06T20:14:34.970+0000] {dagbag.py:588} INFO - Filling up the DagBag from /home/airflow/.local/lib/python3.12/site-packages/airflow/example_dags/example_params_ui_tutorial.py
[2026-06-06T20:14:34.995+0000] {processor.py:925} INFO - DAG(s) 'example_params_ui_tutorial' retrieved from /home/airflow/.local/lib/python3.12/site-packages/airflow/example_dags/example_params_ui_tutorial.py
[2026-06-06T20:14:35.092+0000] {logging_mixin.py:190} INFO - [2026-06-06T20:14:35.092+0000] {dag.py:3239} INFO - Sync 1 DAGs
[2026-06-06T20:14:35.124+0000] {logging_mixin.py:190} INFO - [2026-06-06T20:14:35.123+0000] {dag.py:4180} INFO - Setting next_dagrun for example_params_ui_tutorial to None, run_after=None
[2026-06-06T20:14:35.171+0000] {processor.py:208} INFO - Processing /home/airflow/.local/lib/python3.12/site-packages/airflow/example_dags/example_params_ui_tutorial.py took 0.225 seconds
[2026-06-06T20:15:08.064+0000] {processor.py:186} INFO - Started process (PID=228) to work on /home/airflow/.local/lib/python3.12/site-packages/airflow/example_dags/example_params_ui_tutorial.py
[2026-06-06T20:15:08.066+0000] {processor.py:914} INFO - Processing file /home/airflow/.local/lib/python3.12/site-packages/airflow/example_dags/example_params_ui_tutorial.py for tasks to queue
[2026-06-06T20:15:08.071+0000] {logging_mixin.py:190} INFO - [2026-06-06T20:15:08.070+0000] {dagbag.py:588} INFO - Filling up the DagBag from /home/airflow/.local/lib/python3.12/site-packages/airflow/example_dags/example_params_ui_tutorial.py
[2026-06-06T20:15:08.089+0000] {processor.py:925} INFO - DAG(s) 'example_params_ui_tutorial' retrieved from /home/airflow/.local/lib/python3.12/site-packages/airflow/example_dags/example_params_ui_tutorial.py
[2026-06-06T20:15:08.245+0000] {logging_mixin.py:190} INFO - [2026-06-06T20:15:08.245+0000] {dag.py:3239} INFO - Sync 1 DAGs
[2026-06-06T20:15:08.311+0000] {logging_mixin.py:190} INFO - [2026-06-06T20:15:08.311+0000] {dag.py:4180} INFO - Setting next_dagrun for example_params_ui_tutorial to None, run_after=None
[2026-06-06T20:15:08.371+0000] {processor.py:208} INFO - Processing /home/airflow/.local/lib/python3.12/site-packages/airflow/example_dags/example_params_ui_tutorial.py took 0.317 seconds
[2026-06-06T20:15:47.092+0000] {processor.py:186} INFO - Started process (PID=282) to work on /home/airflow/.local/lib/python3.12/site-packages/airflow/example_dags/example_params_ui_tutorial.py
[2026-06-06T20:15:47.096+0000] {processor.py:914} INFO - Processing file /home/airflow/.local/lib/python3.12/site-packages/airflow/example_dags/example_params_ui_tutorial.py for tasks to queue
[2026-06-06T20:15:47.124+0000] {logging_mixin.py:190} INFO - [2026-06-06T20:15:47.109+0000] {dagbag.py:588} INFO - Filling up the DagBag from /home/airflow/.local/lib/python3.12/site-packages/airflow/example_dags/example_params_ui_tutorial.py
[2026-06-06T20:15:47.148+0000] {processor.py:925} INFO - DAG(s) 'example_params_ui_tutorial' retrieved from /home/airflow/.local/lib/python3.12/site-packages/airflow/example_dags/example_params_ui_tutorial.py
[2026-06-06T20:15:47.269+0000] {logging_mixin.py:190} INFO - [2026-06-06T20:15:47.269+0000] {dag.py:3239} INFO - Sync 1 DAGs
[2026-06-06T20:15:47.316+0000] {logging_mixin.py:190} INFO - [2026-06-06T20:15:47.316+0000] {dag.py:4180} INFO - Setting next_dagrun for example_params_ui_tutorial to None, run_after=None
[2026-06-06T20:15:47.372+0000] {processor.py:208} INFO - Processing /home/airflow/.local/lib/python3.12/site-packages/airflow/example_dags/example_params_ui_tutorial.py took 0.290 seconds
[2026-06-06T20:16:19.274+0000] {processor.py:186} INFO - Started process (PID=349) to work on /home/airflow/.local/lib/python3.12/site-packages/airflow/example_dags/example_params_ui_tutorial.py
[2026-06-06T20:16:19.277+0000] {processor.py:914} INFO - Processing file /home/airflow/.local/lib/python3.12/site-packages/airflow/example_dags/example_params_ui_tutorial.py for tasks to queue
[2026-06-06T20:16:19.285+0000] {logging_mixin.py:190} INFO - [2026-06-06T20:16:19.283+0000] {dagbag.py:588} INFO - Filling up the DagBag from /home/airflow/.local/lib/python3.12/site-packages/airflow/example_dags/example_params_ui_tutorial.py
[2026-06-06T20:16:19.311+0000] {processor.py:925} INFO - DAG(s) 'example_params_ui_tutorial' retrieved from /home/airflow/.local/lib/python3.12/site-packages/airflow/example_dags/example_params_ui_tutorial.py
[2026-06-06T20:16:19.433+0000] {logging_mixin.py:190} INFO - [2026-06-06T20:16:19.432+0000] {dag.py:3239} INFO - Sync 1 DAGs
[2026-06-06T20:16:19.470+0000] {logging_mixin.py:190} INFO - [2026-06-06T20:16:19.470+0000] {dag.py:4180} INFO - Setting next_dagrun for example_params_ui_tutorial to None, run_after=None
[2026-06-06T20:16:19.528+0000] {processor.py:208} INFO - Processing /home/airflow/.local/lib/python3.12/site-packages/airflow/example_dags/example_params_ui_tutorial.py took 0.268 seconds
[2026-06-06T20:16:54.353+0000] {processor.py:186} INFO - Started process (PID=411) to work on /home/airflow/.local/lib/python3.12/site-packages/airflow/example_dags/example_params_ui_tutorial.py
[2026-06-06T20:16:54.355+0000] {processor.py:914} INFO - Processing file /home/airflow/.local/lib/python3.12/site-packages/airflow/example_dags/example_params_ui_tutorial.py for tasks to queue
[2026-06-06T20:16:54.361+0000] {logging_mixin.py:190} INFO - [2026-06-06T20:16:54.360+0000] {dagbag.py:588} INFO - Filling up the DagBag from /home/airflow/.local/lib/python3.12/site-packages/airflow/example_dags/example_params_ui_tutorial.py
[2026-06-06T20:16:54.380+0000] {processor.py:925} INFO - DAG(s) 'example_params_ui_tutorial' retrieved from /home/airflow/.local/lib/python3.12/site-packages/airflow/example_dags/example_params_ui_tutorial.py
[2026-06-06T20:16:54.479+0000] {logging_mixin.py:190} INFO - [2026-06-06T20:16:54.478+0000] {dag.py:3239} INFO - Sync 1 DAGs
[2026-06-06T20:16:54.514+0000] {logging_mixin.py:190} INFO - [2026-06-06T20:16:54.514+0000] {dag.py:4180} INFO - Setting next_dagrun for example_params_ui_tutorial to None, run_after=None
[2026-06-06T20:16:54.558+0000] {processor.py:208} INFO - Processing /home/airflow/.local/lib/python3.12/site-packages/airflow/example_dags/example_params_ui_tutorial.py took 0.217 seconds
[2026-06-06T20:17:26.158+0000] {processor.py:186} INFO - Started process (PID=473) to work on /home/airflow/.local/lib/python3.12/site-packages/airflow/example_dags/example_params_ui_tutorial.py
[2026-06-06T20:17:26.161+0000] {processor.py:914} INFO - Processing file /home/airflow/.local/lib/python3.12/site-packages/airflow/example_dags/example_params_ui_tutorial.py for tasks to queue
[2026-06-06T20:17:26.168+0000] {logging_mixin.py:190} INFO - [2026-06-06T20:17:26.167+0000] {dagbag.py:588} INFO - Filling up the DagBag from /home/airflow/.local/lib/python3.12/site-packages/airflow/example_dags/example_params_ui_tutorial.py
[2026-06-06T20:17:26.188+0000] {processor.py:925} INFO - DAG(s) 'example_params_ui_tutorial' retrieved from /home/airflow/.local/lib/python3.12/site-packages/airflow/example_dags/example_params_ui_tutorial.py
[2026-06-06T20:17:26.315+0000] {logging_mixin.py:190} INFO - [2026-06-06T20:17:26.313+0000] {dag.py:3239} INFO - Sync 1 DAGs
[2026-06-06T20:17:26.356+0000] {logging_mixin.py:190} INFO - [2026-06-06T20:17:26.355+0000] {dag.py:4180} INFO - Setting next_dagrun for example_params_ui_tutorial to None, run_after=None
[2026-06-06T20:17:26.406+0000] {processor.py:208} INFO - Processing /home/airflow/.local/lib/python3.12/site-packages/airflow/example_dags/example_params_ui_tutorial.py took 0.262 seconds
[2026-06-06T20:18:04.139+0000] {processor.py:186} INFO - Started process (PID=536) to work on /home/airflow/.local/lib/python3.12/site-packages/airflow/example_dags/example_params_ui_tutorial.py
[2026-06-06T20:18:04.142+0000] {processor.py:914} INFO - Processing file /home/airflow/.local/lib/python3.12/site-packages/airflow/example_dags/example_params_ui_tutorial.py for tasks to queue
[2026-06-06T20:18:04.147+0000] {logging_mixin.py:190} INFO - [2026-06-06T20:18:04.146+0000] {dagbag.py:588} INFO - Filling up the DagBag from /home/airflow/.local/lib/python3.12/site-packages/airflow/example_dags/example_params_ui_tutorial.py
[2026-06-06T20:18:04.168+0000] {processor.py:925} INFO - DAG(s) 'example_params_ui_tutorial' retrieved from /home/airflow/.local/lib/python3.12/site-packages/airflow/example_dags/example_params_ui_tutorial.py
[2026-06-06T20:18:04.266+0000] {logging_mixin.py:190} INFO - [2026-06-06T20:18:04.266+0000] {dag.py:3239} INFO - Sync 1 DAGs
[2026-06-06T20:18:04.298+0000] {logging_mixin.py:190} INFO - [2026-06-06T20:18:04.298+0000] {dag.py:4180} INFO - Setting next_dagrun for example_params_ui_tutorial to None, run_after=None
[2026-06-06T20:18:04.345+0000] {processor.py:208} INFO - Processing /home/airflow/.local/lib/python3.12/site-packages/airflow/example_dags/example_params_ui_tutorial.py took 0.219 seconds
[2026-06-06T20:18:36.239+0000] {processor.py:186} INFO - Started process (PID=598) to work on /home/airflow/.local/lib/python3.12/site-packages/airflow/example_dags/example_params_ui_tutorial.py
[2026-06-06T20:18:36.241+0000] {processor.py:914} INFO - Processing file /home/airflow/.local/lib/python3.12/site-packages/airflow/example_dags/example_params_ui_tutorial.py for tasks to queue
[2026-06-06T20:18:36.246+0000] {logging_mixin.py:190} INFO - [2026-06-06T20:18:36.246+0000] {dagbag.py:588} INFO - Filling up the DagBag from /home/airflow/.local/lib/python3.12/site-packages/airflow/example_dags/example_params_ui_tutorial.py
[2026-06-06T20:18:36.263+0000] {processor.py:925} INFO - DAG(s) 'example_params_ui_tutorial' retrieved from /home/airflow/.local/lib/python3.12/site-packages/airflow/example_dags/example_params_ui_tutorial.py
[2026-06-06T20:18:36.346+0000] {logging_mixin.py:190} INFO - [2026-06-06T20:18:36.346+0000] {dag.py:3239} INFO - Sync 1 DAGs
[2026-06-06T20:18:36.373+0000] {logging_mixin.py:190} INFO - [2026-06-06T20:18:36.373+0000] {dag.py:4180} INFO - Setting next_dagrun for example_params_ui_tutorial to None, run_after=None
[2026-06-06T20:18:36.408+0000] {processor.py:208} INFO - Processing /home/airflow/.local/lib/python3.12/site-packages/airflow/example_dags/example_params_ui_tutorial.py took 0.180 seconds
[2026-06-06T20:19:14.034+0000] {processor.py:186} INFO - Started process (PID=660) to work on /home/airflow/.local/lib/python3.12/site-packages/airflow/example_dags/example_params_ui_tutorial.py
[2026-06-06T20:19:14.036+0000] {processor.py:914} INFO - Processing file /home/airflow/.local/lib/python3.12/site-packages/airflow/example_dags/example_params_ui_tutorial.py for tasks to queue
[2026-06-06T20:19:14.041+0000] {logging_mixin.py:190} INFO - [2026-06-06T20:19:14.041+0000] {dagbag.py:588} INFO - Filling up the DagBag from /home/airflow/.local/lib/python3.12/site-packages/airflow/example_dags/example_params_ui_tutorial.py
[2026-06-06T20:19:14.061+0000] {processor.py:925} INFO - DAG(s) 'example_params_ui_tutorial' retrieved from /home/airflow/.local/lib/python3.12/site-packages/airflow/example_dags/example_params_ui_tutorial.py
[2026-06-06T20:19:14.147+0000] {logging_mixin.py:190} INFO - [2026-06-06T20:19:14.146+0000] {dag.py:3239} INFO - Sync 1 DAGs
[2026-06-06T20:19:14.174+0000] {logging_mixin.py:190} INFO - [2026-06-06T20:19:14.174+0000] {dag.py:4180} INFO - Setting next_dagrun for example_params_ui_tutorial to None, run_after=None
[2026-06-06T20:19:14.209+0000] {processor.py:208} INFO - Processing /home/airflow/.local/lib/python3.12/site-packages/airflow/example_dags/example_params_ui_tutorial.py took 0.189 seconds
[2026-06-06T20:19:48.989+0000] {processor.py:186} INFO - Started process (PID=728) to work on /home/airflow/.local/lib/python3.12/site-packages/airflow/example_dags/example_params_ui_tutorial.py
[2026-06-06T20:19:48.992+0000] {processor.py:914} INFO - Processing file /home/airflow/.local/lib/python3.12/site-packages/airflow/example_dags/example_params_ui_tutorial.py for tasks to queue
[2026-06-06T20:19:49.001+0000] {logging_mixin.py:190} INFO - [2026-06-06T20:19:49.001+0000] {dagbag.py:588} INFO - Filling up the DagBag from /home/airflow/.local/lib/python3.12/site-packages/airflow/example_dags/example_params_ui_tutorial.py
[2026-06-06T20:19:49.027+0000] {processor.py:925} INFO - DAG(s) 'example_params_ui_tutorial' retrieved from /home/airflow/.local/lib/python3.12/site-packages/airflow/example_dags/example_params_ui_tutorial.py
[2026-06-06T20:19:49.132+0000] {logging_mixin.py:190} INFO - [2026-06-06T20:19:49.132+0000] {dag.py:3239} INFO - Sync 1 DAGs
[2026-06-06T20:19:49.169+0000] {logging_mixin.py:190} INFO - [2026-06-06T20:19:49.169+0000] {dag.py:4180} INFO - Setting next_dagrun for example_params_ui_tutorial to None, run_after=None
[2026-06-06T20:19:49.225+0000] {processor.py:208} INFO - Processing /home/airflow/.local/lib/python3.12/site-packages/airflow/example_dags/example_params_ui_tutorial.py took 0.249 seconds
[2026-06-06T20:20:23.903+0000] {processor.py:186} INFO - Started process (PID=790) to work on /home/airflow/.local/lib/python3.12/site-packages/airflow/example_dags/example_params_ui_tutorial.py
[2026-06-06T20:20:23.906+0000] {processor.py:914} INFO - Processing file /home/airflow/.local/lib/python3.12/site-packages/airflow/example_dags/example_params_ui_tutorial.py for tasks to queue
[2026-06-06T20:20:23.912+0000] {logging_mixin.py:190} INFO - [2026-06-06T20:20:23.911+0000] {dagbag.py:588} INFO - Filling up the DagBag from /home/airflow/.local/lib/python3.12/site-packages/airflow/example_dags/example_params_ui_tutorial.py
[2026-06-06T20:20:23.931+0000] {processor.py:925} INFO - DAG(s) 'example_params_ui_tutorial' retrieved from /home/airflow/.local/lib/python3.12/site-packages/airflow/example_dags/example_params_ui_tutorial.py
[2026-06-06T20:20:24.047+0000] {logging_mixin.py:190} INFO - [2026-06-06T20:20:24.046+0000] {dag.py:3239} INFO - Sync 1 DAGs
[2026-06-06T20:20:24.086+0000] {logging_mixin.py:190} INFO - [2026-06-06T20:20:24.086+0000] {dag.py:4180} INFO - Setting next_dagrun for example_params_ui_tutorial to None, run_after=None
[2026-06-06T20:20:24.140+0000] {processor.py:208} INFO - Processing /home/airflow/.local/lib/python3.12/site-packages/airflow/example_dags/example_params_ui_tutorial.py took 0.249 seconds
[2026-06-06T20:21:06.867+0000] {processor.py:186} INFO - Started process (PID=854) to work on /home/airflow/.local/lib/python3.12/site-packages/airflow/example_dags/example_params_ui_tutorial.py
[2026-06-06T20:21:06.870+0000] {processor.py:914} INFO - Processing file /home/airflow/.local/lib/python3.12/site-packages/airflow/example_dags/example_params_ui_tutorial.py for tasks to queue
[2026-06-06T20:21:06.876+0000] {logging_mixin.py:190} INFO - [2026-06-06T20:21:06.875+0000] {dagbag.py:588} INFO - Filling up the DagBag from /home/airflow/.local/lib/python3.12/site-packages/airflow/example_dags/example_params_ui_tutorial.py
[2026-06-06T20:21:06.896+0000] {processor.py:925} INFO - DAG(s) 'example_params_ui_tutorial' retrieved from /home/airflow/.local/lib/python3.12/site-packages/airflow/example_dags/example_params_ui_tutorial.py
[2026-06-06T20:21:06.984+0000] {logging_mixin.py:190} INFO - [2026-06-06T20:21:06.984+0000] {dag.py:3239} INFO - Sync 1 DAGs
[2026-06-06T20:21:07.011+0000] {logging_mixin.py:190} INFO - [2026-06-06T20:21:07.011+0000] {dag.py:4180} INFO - Setting next_dagrun for example_params_ui_tutorial to None, run_after=None
[2026-06-06T20:21:07.048+0000] {processor.py:208} INFO - Processing /home/airflow/.local/lib/python3.12/site-packages/airflow/example_dags/example_params_ui_tutorial.py took 0.194 seconds
[2026-06-06T20:21:44.506+0000] {processor.py:186} INFO - Started process (PID=915) to work on /home/airflow/.local/lib/python3.12/site-packages/airflow/example_dags/example_params_ui_tutorial.py
[2026-06-06T20:21:44.508+0000] {processor.py:914} INFO - Processing file /home/airflow/.local/lib/python3.12/site-packages/airflow/example_dags/example_params_ui_tutorial.py for tasks to queue
[2026-06-06T20:21:44.514+0000] {logging_mixin.py:190} INFO - [2026-06-06T20:21:44.513+0000] {dagbag.py:588} INFO - Filling up the DagBag from /home/airflow/.local/lib/python3.12/site-packages/airflow/example_dags/example_params_ui_tutorial.py
[2026-06-06T20:21:44.533+0000] {processor.py:925} INFO - DAG(s) 'example_params_ui_tutorial' retrieved from /home/airflow/.local/lib/python3.12/site-packages/airflow/example_dags/example_params_ui_tutorial.py
[2026-06-06T20:21:44.633+0000] {logging_mixin.py:190} INFO - [2026-06-06T20:21:44.633+0000] {dag.py:3239} INFO - Sync 1 DAGs
[2026-06-06T20:21:44.662+0000] {logging_mixin.py:190} INFO - [2026-06-06T20:21:44.661+0000] {dag.py:4180} INFO - Setting next_dagrun for example_params_ui_tutorial to None, run_after=None
[2026-06-06T20:21:44.716+0000] {processor.py:208} INFO - Processing /home/airflow/.local/lib/python3.12/site-packages/airflow/example_dags/example_params_ui_tutorial.py took 0.221 seconds
[2026-06-06T20:22:19.689+0000] {processor.py:186} INFO - Started process (PID=983) to work on /home/airflow/.local/lib/python3.12/site-packages/airflow/example_dags/example_params_ui_tutorial.py
[2026-06-06T20:22:19.692+0000] {processor.py:914} INFO - Processing file /home/airflow/.local/lib/python3.12/site-packages/airflow/example_dags/example_params_ui_tutorial.py for tasks to queue
[2026-06-06T20:22:19.698+0000] {logging_mixin.py:190} INFO - [2026-06-06T20:22:19.697+0000] {dagbag.py:588} INFO - Filling up the DagBag from /home/airflow/.local/lib/python3.12/site-packages/airflow/example_dags/example_params_ui_tutorial.py
[2026-06-06T20:22:19.717+0000] {processor.py:925} INFO - DAG(s) 'example_params_ui_tutorial' retrieved from /home/airflow/.local/lib/python3.12/site-packages/airflow/example_dags/example_params_ui_tutorial.py
[2026-06-06T20:22:19.880+0000] {logging_mixin.py:190} INFO - [2026-06-06T20:22:19.880+0000] {dag.py:3239} INFO - Sync 1 DAGs
[2026-06-06T20:22:19.927+0000] {logging_mixin.py:190} INFO - [2026-06-06T20:22:19.926+0000] {dag.py:4180} INFO - Setting next_dagrun for example_params_ui_tutorial to None, run_after=None
[2026-06-06T20:22:19.967+0000] {processor.py:208} INFO - Processing /home/airflow/.local/lib/python3.12/site-packages/airflow/example_dags/example_params_ui_tutorial.py took 0.288 seconds
[2026-06-06T20:22:59.504+0000] {processor.py:186} INFO - Started process (PID=1045) to work on /home/airflow/.local/lib/python3.12/site-packages/airflow/example_dags/example_params_ui_tutorial.py
[2026-06-06T20:22:59.507+0000] {processor.py:914} INFO - Processing file /home/airflow/.local/lib/python3.12/site-packages/airflow/example_dags/example_params_ui_tutorial.py for tasks to queue
[2026-06-06T20:22:59.516+0000] {logging_mixin.py:190} INFO - [2026-06-06T20:22:59.512+0000] {dagbag.py:588} INFO - Filling up the DagBag from /home/airflow/.local/lib/python3.12/site-packages/airflow/example_dags/example_params_ui_tutorial.py
[2026-06-06T20:22:59.538+0000] {processor.py:925} INFO - DAG(s) 'example_params_ui_tutorial' retrieved from /home/airflow/.local/lib/python3.12/site-packages/airflow/example_dags/example_params_ui_tutorial.py
[2026-06-06T20:22:59.657+0000] {logging_mixin.py:190} INFO - [2026-06-06T20:22:59.657+0000] {dag.py:3239} INFO - Sync 1 DAGs
[2026-06-06T20:22:59.695+0000] {logging_mixin.py:190} INFO - [2026-06-06T20:22:59.695+0000] {dag.py:4180} INFO - Setting next_dagrun for example_params_ui_tutorial to None, run_after=None
[2026-06-06T20:22:59.730+0000] {processor.py:208} INFO - Processing /home/airflow/.local/lib/python3.12/site-packages/airflow/example_dags/example_params_ui_tutorial.py took 0.240 seconds
[2026-06-06T20:23:33.604+0000] {processor.py:186} INFO - Started process (PID=1106) to work on /home/airflow/.local/lib/python3.12/site-packages/airflow/example_dags/example_params_ui_tutorial.py
[2026-06-06T20:23:33.606+0000] {processor.py:914} INFO - Processing file /home/airflow/.local/lib/python3.12/site-packages/airflow/example_dags/example_params_ui_tutorial.py for tasks to queue
[2026-06-06T20:23:33.611+0000] {logging_mixin.py:190} INFO - [2026-06-06T20:23:33.610+0000] {dagbag.py:588} INFO - Filling up the DagBag from /home/airflow/.local/lib/python3.12/site-packages/airflow/example_dags/example_params_ui_tutorial.py
[2026-06-06T20:23:33.627+0000] {processor.py:925} INFO - DAG(s) 'example_params_ui_tutorial' retrieved from /home/airflow/.local/lib/python3.12/site-packages/airflow/example_dags/example_params_ui_tutorial.py
[2026-06-06T20:23:33.736+0000] {logging_mixin.py:190} INFO - [2026-06-06T20:23:33.735+0000] {dag.py:3239} INFO - Sync 1 DAGs
[2026-06-06T20:23:33.772+0000] {logging_mixin.py:190} INFO - [2026-06-06T20:23:33.772+0000] {dag.py:4180} INFO - Setting next_dagrun for example_params_ui_tutorial to None, run_after=None
[2026-06-06T20:23:33.813+0000] {processor.py:208} INFO - Processing /home/airflow/.local/lib/python3.12/site-packages/airflow/example_dags/example_params_ui_tutorial.py took 0.219 seconds
[2026-06-06T20:24:07.850+0000] {processor.py:186} INFO - Started process (PID=1163) to work on /home/airflow/.local/lib/python3.12/site-packages/airflow/example_dags/example_params_ui_tutorial.py
[2026-06-06T20:24:07.852+0000] {processor.py:914} INFO - Processing file /home/airflow/.local/lib/python3.12/site-packages/airflow/example_dags/example_params_ui_tutorial.py for tasks to queue
[2026-06-06T20:24:07.857+0000] {logging_mixin.py:190} INFO - [2026-06-06T20:24:07.856+0000] {dagbag.py:588} INFO - Filling up the DagBag from /home/airflow/.local/lib/python3.12/site-packages/airflow/example_dags/example_params_ui_tutorial.py
[2026-06-06T20:24:07.875+0000] {processor.py:925} INFO - DAG(s) 'example_params_ui_tutorial' retrieved from /home/airflow/.local/lib/python3.12/site-packages/airflow/example_dags/example_params_ui_tutorial.py
[2026-06-06T20:24:07.995+0000] {logging_mixin.py:190} INFO - [2026-06-06T20:24:07.995+0000] {dag.py:3239} INFO - Sync 1 DAGs
[2026-06-06T20:24:08.029+0000] {logging_mixin.py:190} INFO - [2026-06-06T20:24:08.029+0000] {dag.py:4180} INFO - Setting next_dagrun for example_params_ui_tutorial to None, run_after=None
[2026-06-06T20:24:08.067+0000] {processor.py:208} INFO - Processing /home/airflow/.local/lib/python3.12/site-packages/airflow/example_dags/example_params_ui_tutorial.py took 0.227 seconds
[2026-06-06T20:24:43.380+0000] {processor.py:186} INFO - Started process (PID=1224) to work on /home/airflow/.local/lib/python3.12/site-packages/airflow/example_dags/example_params_ui_tutorial.py
[2026-06-06T20:24:43.382+0000] {processor.py:914} INFO - Processing file /home/airflow/.local/lib/python3.12/site-packages/airflow/example_dags/example_params_ui_tutorial.py for tasks to queue
[2026-06-06T20:24:43.387+0000] {logging_mixin.py:190} INFO - [2026-06-06T20:24:43.387+0000] {dagbag.py:588} INFO - Filling up the DagBag from /home/airflow/.local/lib/python3.12/site-packages/airflow/example_dags/example_params_ui_tutorial.py
[2026-06-06T20:24:43.405+0000] {processor.py:925} INFO - DAG(s) 'example_params_ui_tutorial' retrieved from /home/airflow/.local/lib/python3.12/site-packages/airflow/example_dags/example_params_ui_tutorial.py
[2026-06-06T20:24:43.505+0000] {logging_mixin.py:190} INFO - [2026-06-06T20:24:43.505+0000] {dag.py:3239} INFO - Sync 1 DAGs
[2026-06-06T20:24:43.533+0000] {logging_mixin.py:190} INFO - [2026-06-06T20:24:43.532+0000] {dag.py:4180} INFO - Setting next_dagrun for example_params_ui_tutorial to None, run_after=None
[2026-06-06T20:24:43.573+0000] {processor.py:208} INFO - Processing /home/airflow/.local/lib/python3.12/site-packages/airflow/example_dags/example_params_ui_tutorial.py took 0.204 seconds
[2026-06-06T20:25:22.787+0000] {processor.py:186} INFO - Started process (PID=1293) to work on /home/airflow/.local/lib/python3.12/site-packages/airflow/example_dags/example_params_ui_tutorial.py
[2026-06-06T20:25:22.790+0000] {processor.py:914} INFO - Processing file /home/airflow/.local/lib/python3.12/site-packages/airflow/example_dags/example_params_ui_tutorial.py for tasks to queue
[2026-06-06T20:25:22.796+0000] {logging_mixin.py:190} INFO - [2026-06-06T20:25:22.796+0000] {dagbag.py:588} INFO - Filling up the DagBag from /home/airflow/.local/lib/python3.12/site-packages/airflow/example_dags/example_params_ui_tutorial.py
[2026-06-06T20:25:22.825+0000] {processor.py:925} INFO - DAG(s) 'example_params_ui_tutorial' retrieved from /home/airflow/.local/lib/python3.12/site-packages/airflow/example_dags/example_params_ui_tutorial.py
[2026-06-06T20:25:22.964+0000] {logging_mixin.py:190} INFO - [2026-06-06T20:25:22.964+0000] {dag.py:3239} INFO - Sync 1 DAGs
[2026-06-06T20:25:23.010+0000] {logging_mixin.py:190} INFO - [2026-06-06T20:25:23.009+0000] {dag.py:4180} INFO - Setting next_dagrun for example_params_ui_tutorial to None, run_after=None
[2026-06-06T20:25:23.070+0000] {processor.py:208} INFO - Processing /home/airflow/.local/lib/python3.12/site-packages/airflow/example_dags/example_params_ui_tutorial.py took 0.296 seconds
[2026-06-06T20:25:54.313+0000] {processor.py:186} INFO - Started process (PID=1355) to work on /home/airflow/.local/lib/python3.12/site-packages/airflow/example_dags/example_params_ui_tutorial.py
[2026-06-06T20:25:54.316+0000] {processor.py:914} INFO - Processing file /home/airflow/.local/lib/python3.12/site-packages/airflow/example_dags/example_params_ui_tutorial.py for tasks to queue
[2026-06-06T20:25:54.330+0000] {logging_mixin.py:190} INFO - [2026-06-06T20:25:54.329+0000] {dagbag.py:588} INFO - Filling up the DagBag from /home/airflow/.local/lib/python3.12/site-packages/airflow/example_dags/example_params_ui_tutorial.py
[2026-06-06T20:25:54.379+0000] {processor.py:925} INFO - DAG(s) 'example_params_ui_tutorial' retrieved from /home/airflow/.local/lib/python3.12/site-packages/airflow/example_dags/example_params_ui_tutorial.py
[2026-06-06T20:25:54.536+0000] {logging_mixin.py:190} INFO - [2026-06-06T20:25:54.536+0000] {dag.py:3239} INFO - Sync 1 DAGs
[2026-06-06T20:25:54.613+0000] {logging_mixin.py:190} INFO - [2026-06-06T20:25:54.612+0000] {dag.py:4180} INFO - Setting next_dagrun for example_params_ui_tutorial to None, run_after=None
[2026-06-06T20:25:54.697+0000] {processor.py:208} INFO - Processing /home/airflow/.local/lib/python3.12/site-packages/airflow/example_dags/example_params_ui_tutorial.py took 0.416 seconds
[2026-06-06T20:26:35.224+0000] {processor.py:186} INFO - Started process (PID=1417) to work on /home/airflow/.local/lib/python3.12/site-packages/airflow/example_dags/example_params_ui_tutorial.py
[2026-06-06T20:26:35.226+0000] {processor.py:914} INFO - Processing file /home/airflow/.local/lib/python3.12/site-packages/airflow/example_dags/example_params_ui_tutorial.py for tasks to queue
[2026-06-06T20:26:35.231+0000] {logging_mixin.py:190} INFO - [2026-06-06T20:26:35.231+0000] {dagbag.py:588} INFO - Filling up the DagBag from /home/airflow/.local/lib/python3.12/site-packages/airflow/example_dags/example_params_ui_tutorial.py
[2026-06-06T20:26:35.251+0000] {processor.py:925} INFO - DAG(s) 'example_params_ui_tutorial' retrieved from /home/airflow/.local/lib/python3.12/site-packages/airflow/example_dags/example_params_ui_tutorial.py
[2026-06-06T20:26:35.370+0000] {logging_mixin.py:190} INFO - [2026-06-06T20:26:35.369+0000] {dag.py:3239} INFO - Sync 1 DAGs
[2026-06-06T20:26:35.403+0000] {logging_mixin.py:190} INFO - [2026-06-06T20:26:35.402+0000] {dag.py:4180} INFO - Setting next_dagrun for example_params_ui_tutorial to None, run_after=None
[2026-06-06T20:26:35.444+0000] {processor.py:208} INFO - Processing /home/airflow/.local/lib/python3.12/site-packages/airflow/example_dags/example_params_ui_tutorial.py took 0.235 seconds
[2026-06-06T20:27:13.697+0000] {processor.py:186} INFO - Started process (PID=1482) to work on /home/airflow/.local/lib/python3.12/site-packages/airflow/example_dags/example_params_ui_tutorial.py
[2026-06-06T20:27:13.699+0000] {processor.py:914} INFO - Processing file /home/airflow/.local/lib/python3.12/site-packages/airflow/example_dags/example_params_ui_tutorial.py for tasks to queue
[2026-06-06T20:27:13.704+0000] {logging_mixin.py:190} INFO - [2026-06-06T20:27:13.703+0000] {dagbag.py:588} INFO - Filling up the DagBag from /home/airflow/.local/lib/python3.12/site-packages/airflow/example_dags/example_params_ui_tutorial.py
[2026-06-06T20:27:13.720+0000] {processor.py:925} INFO - DAG(s) 'example_params_ui_tutorial' retrieved from /home/airflow/.local/lib/python3.12/site-packages/airflow/example_dags/example_params_ui_tutorial.py
[2026-06-06T20:27:13.820+0000] {logging_mixin.py:190} INFO - [2026-06-06T20:27:13.820+0000] {dag.py:3239} INFO - Sync 1 DAGs
[2026-06-06T20:27:13.849+0000] {logging_mixin.py:190} INFO - [2026-06-06T20:27:13.849+0000] {dag.py:4180} INFO - Setting next_dagrun for example_params_ui_tutorial to None, run_after=None
[2026-06-06T20:27:13.886+0000] {processor.py:208} INFO - Processing /home/airflow/.local/lib/python3.12/site-packages/airflow/example_dags/example_params_ui_tutorial.py took 0.200 seconds
[2026-06-06T20:27:52.425+0000] {processor.py:186} INFO - Started process (PID=1552) to work on /home/airflow/.local/lib/python3.12/site-packages/airflow/example_dags/example_params_ui_tutorial.py
[2026-06-06T20:27:52.428+0000] {processor.py:914} INFO - Processing file /home/airflow/.local/lib/python3.12/site-packages/airflow/example_dags/example_params_ui_tutorial.py for tasks to queue
[2026-06-06T20:27:52.439+0000] {logging_mixin.py:190} INFO - [2026-06-06T20:27:52.438+0000] {dagbag.py:588} INFO - Filling up the DagBag from /home/airflow/.local/lib/python3.12/site-packages/airflow/example_dags/example_params_ui_tutorial.py
[2026-06-06T20:27:52.468+0000] {processor.py:925} INFO - DAG(s) 'example_params_ui_tutorial' retrieved from /home/airflow/.local/lib/python3.12/site-packages/airflow/example_dags/example_params_ui_tutorial.py
[2026-06-06T20:27:52.593+0000] {logging_mixin.py:190} INFO - [2026-06-06T20:27:52.593+0000] {dag.py:3239} INFO - Sync 1 DAGs
[2026-06-06T20:27:52.633+0000] {logging_mixin.py:190} INFO - [2026-06-06T20:27:52.632+0000] {dag.py:4180} INFO - Setting next_dagrun for example_params_ui_tutorial to None, run_after=None
[2026-06-06T20:27:52.689+0000] {processor.py:208} INFO - Processing /home/airflow/.local/lib/python3.12/site-packages/airflow/example_dags/example_params_ui_tutorial.py took 0.279 seconds
[2026-06-06T20:28:25.562+0000] {processor.py:186} INFO - Started process (PID=1613) to work on /home/airflow/.local/lib/python3.12/site-packages/airflow/example_dags/example_params_ui_tutorial.py
[2026-06-06T20:28:25.564+0000] {processor.py:914} INFO - Processing file /home/airflow/.local/lib/python3.12/site-packages/airflow/example_dags/example_params_ui_tutorial.py for tasks to queue
[2026-06-06T20:28:25.571+0000] {logging_mixin.py:190} INFO - [2026-06-06T20:28:25.570+0000] {dagbag.py:588} INFO - Filling up the DagBag from /home/airflow/.local/lib/python3.12/site-packages/airflow/example_dags/example_params_ui_tutorial.py
[2026-06-06T20:28:25.598+0000] {processor.py:925} INFO - DAG(s) 'example_params_ui_tutorial' retrieved from /home/airflow/.local/lib/python3.12/site-packages/airflow/example_dags/example_params_ui_tutorial.py
[2026-06-06T20:28:25.729+0000] {logging_mixin.py:190} INFO - [2026-06-06T20:28:25.728+0000] {dag.py:3239} INFO - Sync 1 DAGs
[2026-06-06T20:28:25.767+0000] {logging_mixin.py:190} INFO - [2026-06-06T20:28:25.767+0000] {dag.py:4180} INFO - Setting next_dagrun for example_params_ui_tutorial to None, run_after=None
[2026-06-06T20:28:25.809+0000] {processor.py:208} INFO - Processing /home/airflow/.local/lib/python3.12/site-packages/airflow/example_dags/example_params_ui_tutorial.py took 0.260 seconds
[2026-06-06T20:29:08.609+0000] {processor.py:186} INFO - Started process (PID=1678) to work on /home/airflow/.local/lib/python3.12/site-packages/airflow/example_dags/example_params_ui_tutorial.py
[2026-06-06T20:29:08.613+0000] {processor.py:914} INFO - Processing file /home/airflow/.local/lib/python3.12/site-packages/airflow/example_dags/example_params_ui_tutorial.py for tasks to queue
[2026-06-06T20:29:08.621+0000] {logging_mixin.py:190} INFO - [2026-06-06T20:29:08.620+0000] {dagbag.py:588} INFO - Filling up the DagBag from /home/airflow/.local/lib/python3.12/site-packages/airflow/example_dags/example_params_ui_tutorial.py
[2026-06-06T20:29:08.650+0000] {processor.py:925} INFO - DAG(s) 'example_params_ui_tutorial' retrieved from /home/airflow/.local/lib/python3.12/site-packages/airflow/example_dags/example_params_ui_tutorial.py
[2026-06-06T20:29:08.787+0000] {logging_mixin.py:190} INFO - [2026-06-06T20:29:08.786+0000] {dag.py:3239} INFO - Sync 1 DAGs
[2026-06-06T20:29:08.835+0000] {logging_mixin.py:190} INFO - [2026-06-06T20:29:08.834+0000] {dag.py:4180} INFO - Setting next_dagrun for example_params_ui_tutorial to None, run_after=None
[2026-06-06T20:29:08.883+0000] {processor.py:208} INFO - Processing /home/airflow/.local/lib/python3.12/site-packages/airflow/example_dags/example_params_ui_tutorial.py took 0.297 seconds
[2026-06-06T20:29:44.455+0000] {processor.py:186} INFO - Started process (PID=1738) to work on /home/airflow/.local/lib/python3.12/site-packages/airflow/example_dags/example_params_ui_tutorial.py
[2026-06-06T20:29:44.458+0000] {processor.py:914} INFO - Processing file /home/airflow/.local/lib/python3.12/site-packages/airflow/example_dags/example_params_ui_tutorial.py for tasks to queue
[2026-06-06T20:29:44.464+0000] {logging_mixin.py:190} INFO - [2026-06-06T20:29:44.464+0000] {dagbag.py:588} INFO - Filling up the DagBag from /home/airflow/.local/lib/python3.12/site-packages/airflow/example_dags/example_params_ui_tutorial.py
[2026-06-06T20:29:44.489+0000] {processor.py:925} INFO - DAG(s) 'example_params_ui_tutorial' retrieved from /home/airflow/.local/lib/python3.12/site-packages/airflow/example_dags/example_params_ui_tutorial.py
[2026-06-06T20:29:44.714+0000] {logging_mixin.py:190} INFO - [2026-06-06T20:29:44.703+0000] {dag.py:3239} INFO - Sync 1 DAGs
[2026-06-06T20:29:44.774+0000] {logging_mixin.py:190} INFO - [2026-06-06T20:29:44.773+0000] {dag.py:4180} INFO - Setting next_dagrun for example_params_ui_tutorial to None, run_after=None
[2026-06-06T20:29:44.819+0000] {processor.py:208} INFO - Processing /home/airflow/.local/lib/python3.12/site-packages/airflow/example_dags/example_params_ui_tutorial.py took 0.381 seconds
[2026-06-06T20:30:18.609+0000] {processor.py:186} INFO - Started process (PID=1801) to work on /home/airflow/.local/lib/python3.12/site-packages/airflow/example_dags/example_params_ui_tutorial.py
[2026-06-06T20:30:18.612+0000] {processor.py:914} INFO - Processing file /home/airflow/.local/lib/python3.12/site-packages/airflow/example_dags/example_params_ui_tutorial.py for tasks to queue
[2026-06-06T20:30:18.617+0000] {logging_mixin.py:190} INFO - [2026-06-06T20:30:18.616+0000] {dagbag.py:588} INFO - Filling up the DagBag from /home/airflow/.local/lib/python3.12/site-packages/airflow/example_dags/example_params_ui_tutorial.py
[2026-06-06T20:30:18.634+0000] {processor.py:925} INFO - DAG(s) 'example_params_ui_tutorial' retrieved from /home/airflow/.local/lib/python3.12/site-packages/airflow/example_dags/example_params_ui_tutorial.py
[2026-06-06T20:30:18.738+0000] {logging_mixin.py:190} INFO - [2026-06-06T20:30:18.737+0000] {dag.py:3239} INFO - Sync 1 DAGs
[2026-06-06T20:30:18.767+0000] {logging_mixin.py:190} INFO - [2026-06-06T20:30:18.767+0000] {dag.py:4180} INFO - Setting next_dagrun for example_params_ui_tutorial to None, run_after=None
[2026-06-06T20:30:18.806+0000] {processor.py:208} INFO - Processing /home/airflow/.local/lib/python3.12/site-packages/airflow/example_dags/example_params_ui_tutorial.py took 0.209 seconds
[2026-06-06T20:30:58.508+0000] {processor.py:186} INFO - Started process (PID=1869) to work on /home/airflow/.local/lib/python3.12/site-packages/airflow/example_dags/example_params_ui_tutorial.py
[2026-06-06T20:30:58.511+0000] {processor.py:914} INFO - Processing file /home/airflow/.local/lib/python3.12/site-packages/airflow/example_dags/example_params_ui_tutorial.py for tasks to queue
[2026-06-06T20:30:58.517+0000] {logging_mixin.py:190} INFO - [2026-06-06T20:30:58.516+0000] {dagbag.py:588} INFO - Filling up the DagBag from /home/airflow/.local/lib/python3.12/site-packages/airflow/example_dags/example_params_ui_tutorial.py
[2026-06-06T20:30:58.535+0000] {processor.py:925} INFO - DAG(s) 'example_params_ui_tutorial' retrieved from /home/airflow/.local/lib/python3.12/site-packages/airflow/example_dags/example_params_ui_tutorial.py
[2026-06-06T20:30:58.636+0000] {logging_mixin.py:190} INFO - [2026-06-06T20:30:58.636+0000] {dag.py:3239} INFO - Sync 1 DAGs
[2026-06-06T20:30:58.676+0000] {logging_mixin.py:190} INFO - [2026-06-06T20:30:58.675+0000] {dag.py:4180} INFO - Setting next_dagrun for example_params_ui_tutorial to None, run_after=None
[2026-06-06T20:30:58.719+0000] {processor.py:208} INFO - Processing /home/airflow/.local/lib/python3.12/site-packages/airflow/example_dags/example_params_ui_tutorial.py took 0.223 seconds
[2026-06-06T20:31:29.948+0000] {processor.py:186} INFO - Started process (PID=1930) to work on /home/airflow/.local/lib/python3.12/site-packages/airflow/example_dags/example_params_ui_tutorial.py
[2026-06-06T20:31:29.953+0000] {processor.py:914} INFO - Processing file /home/airflow/.local/lib/python3.12/site-packages/airflow/example_dags/example_params_ui_tutorial.py for tasks to queue
[2026-06-06T20:31:29.959+0000] {logging_mixin.py:190} INFO - [2026-06-06T20:31:29.959+0000] {dagbag.py:588} INFO - Filling up the DagBag from /home/airflow/.local/lib/python3.12/site-packages/airflow/example_dags/example_params_ui_tutorial.py
[2026-06-06T20:31:29.999+0000] {processor.py:925} INFO - DAG(s) 'example_params_ui_tutorial' retrieved from /home/airflow/.local/lib/python3.12/site-packages/airflow/example_dags/example_params_ui_tutorial.py
[2026-06-06T20:31:30.153+0000] {logging_mixin.py:190} INFO - [2026-06-06T20:31:30.152+0000] {dag.py:3239} INFO - Sync 1 DAGs
[2026-06-06T20:31:30.190+0000] {logging_mixin.py:190} INFO - [2026-06-06T20:31:30.189+0000] {dag.py:4180} INFO - Setting next_dagrun for example_params_ui_tutorial to None, run_after=None
[2026-06-06T20:31:30.243+0000] {processor.py:208} INFO - Processing /home/airflow/.local/lib/python3.12/site-packages/airflow/example_dags/example_params_ui_tutorial.py took 0.310 seconds
[2026-06-06T20:32:08.561+0000] {processor.py:186} INFO - Started process (PID=1989) to work on /home/airflow/.local/lib/python3.12/site-packages/airflow/example_dags/example_params_ui_tutorial.py
[2026-06-06T20:32:08.563+0000] {processor.py:914} INFO - Processing file /home/airflow/.local/lib/python3.12/site-packages/airflow/example_dags/example_params_ui_tutorial.py for tasks to queue
[2026-06-06T20:32:08.568+0000] {logging_mixin.py:190} INFO - [2026-06-06T20:32:08.567+0000] {dagbag.py:588} INFO - Filling up the DagBag from /home/airflow/.local/lib/python3.12/site-packages/airflow/example_dags/example_params_ui_tutorial.py
[2026-06-06T20:32:08.585+0000] {processor.py:925} INFO - DAG(s) 'example_params_ui_tutorial' retrieved from /home/airflow/.local/lib/python3.12/site-packages/airflow/example_dags/example_params_ui_tutorial.py
[2026-06-06T20:32:08.702+0000] {logging_mixin.py:190} INFO - [2026-06-06T20:32:08.701+0000] {dag.py:3239} INFO - Sync 1 DAGs
[2026-06-06T20:32:08.731+0000] {logging_mixin.py:190} INFO - [2026-06-06T20:32:08.731+0000] {dag.py:4180} INFO - Setting next_dagrun for example_params_ui_tutorial to None, run_after=None
[2026-06-06T20:32:08.767+0000] {processor.py:208} INFO - Processing /home/airflow/.local/lib/python3.12/site-packages/airflow/example_dags/example_params_ui_tutorial.py took 0.223 seconds
[2026-06-06T20:32:52.715+0000] {processor.py:186} INFO - Started process (PID=2058) to work on /home/airflow/.local/lib/python3.12/site-packages/airflow/example_dags/example_params_ui_tutorial.py
[2026-06-06T20:32:52.717+0000] {processor.py:914} INFO - Processing file /home/airflow/.local/lib/python3.12/site-packages/airflow/example_dags/example_params_ui_tutorial.py for tasks to queue
[2026-06-06T20:32:52.723+0000] {logging_mixin.py:190} INFO - [2026-06-06T20:32:52.722+0000] {dagbag.py:588} INFO - Filling up the DagBag from /home/airflow/.local/lib/python3.12/site-packages/airflow/example_dags/example_params_ui_tutorial.py
[2026-06-06T20:32:52.740+0000] {processor.py:925} INFO - DAG(s) 'example_params_ui_tutorial' retrieved from /home/airflow/.local/lib/python3.12/site-packages/airflow/example_dags/example_params_ui_tutorial.py
[2026-06-06T20:32:52.829+0000] {logging_mixin.py:190} INFO - [2026-06-06T20:32:52.829+0000] {dag.py:3239} INFO - Sync 1 DAGs
[2026-06-06T20:32:52.859+0000] {logging_mixin.py:190} INFO - [2026-06-06T20:32:52.858+0000] {dag.py:4180} INFO - Setting next_dagrun for example_params_ui_tutorial to None, run_after=None
[2026-06-06T20:32:52.891+0000] {processor.py:208} INFO - Processing /home/airflow/.local/lib/python3.12/site-packages/airflow/example_dags/example_params_ui_tutorial.py took 0.188 seconds
[2026-06-06T20:33:27.417+0000] {processor.py:186} INFO - Started process (PID=2121) to work on /home/airflow/.local/lib/python3.12/site-packages/airflow/example_dags/example_params_ui_tutorial.py
[2026-06-06T20:33:27.419+0000] {processor.py:914} INFO - Processing file /home/airflow/.local/lib/python3.12/site-packages/airflow/example_dags/example_params_ui_tutorial.py for tasks to queue
[2026-06-06T20:33:27.428+0000] {logging_mixin.py:190} INFO - [2026-06-06T20:33:27.427+0000] {dagbag.py:588} INFO - Filling up the DagBag from /home/airflow/.local/lib/python3.12/site-packages/airflow/example_dags/example_params_ui_tutorial.py
[2026-06-06T20:33:27.450+0000] {processor.py:925} INFO - DAG(s) 'example_params_ui_tutorial' retrieved from /home/airflow/.local/lib/python3.12/site-packages/airflow/example_dags/example_params_ui_tutorial.py
[2026-06-06T20:33:27.578+0000] {logging_mixin.py:190} INFO - [2026-06-06T20:33:27.577+0000] {dag.py:3239} INFO - Sync 1 DAGs
[2026-06-06T20:33:27.621+0000] {logging_mixin.py:190} INFO - [2026-06-06T20:33:27.621+0000] {dag.py:4180} INFO - Setting next_dagrun for example_params_ui_tutorial to None, run_after=None
[2026-06-06T20:33:27.694+0000] {processor.py:208} INFO - Processing /home/airflow/.local/lib/python3.12/site-packages/airflow/example_dags/example_params_ui_tutorial.py took 0.289 seconds
[2026-06-06T20:34:00.534+0000] {processor.py:186} INFO - Started process (PID=2184) to work on /home/airflow/.local/lib/python3.12/site-packages/airflow/example_dags/example_params_ui_tutorial.py
[2026-06-06T20:34:00.538+0000] {processor.py:914} INFO - Processing file /home/airflow/.local/lib/python3.12/site-packages/airflow/example_dags/example_params_ui_tutorial.py for tasks to queue
[2026-06-06T20:34:00.574+0000] {logging_mixin.py:190} INFO - [2026-06-06T20:34:00.574+0000] {dagbag.py:588} INFO - Filling up the DagBag from /home/airflow/.local/lib/python3.12/site-packages/airflow/example_dags/example_params_ui_tutorial.py
[2026-06-06T20:34:00.594+0000] {processor.py:925} INFO - DAG(s) 'example_params_ui_tutorial' retrieved from /home/airflow/.local/lib/python3.12/site-packages/airflow/example_dags/example_params_ui_tutorial.py
[2026-06-06T20:34:00.699+0000] {logging_mixin.py:190} INFO - [2026-06-06T20:34:00.699+0000] {dag.py:3239} INFO - Sync 1 DAGs
[2026-06-06T20:34:00.734+0000] {logging_mixin.py:190} INFO - [2026-06-06T20:34:00.734+0000] {dag.py:4180} INFO - Setting next_dagrun for example_params_ui_tutorial to None, run_after=None
[2026-06-06T20:34:00.773+0000] {processor.py:208} INFO - Processing /home/airflow/.local/lib/python3.12/site-packages/airflow/example_dags/example_params_ui_tutorial.py took 0.254 seconds
[2026-06-06T20:34:48.820+0000] {processor.py:186} INFO - Started process (PID=2253) to work on /home/airflow/.local/lib/python3.12/site-packages/airflow/example_dags/example_params_ui_tutorial.py
[2026-06-06T20:34:48.822+0000] {processor.py:914} INFO - Processing file /home/airflow/.local/lib/python3.12/site-packages/airflow/example_dags/example_params_ui_tutorial.py for tasks to queue
[2026-06-06T20:34:48.828+0000] {logging_mixin.py:190} INFO - [2026-06-06T20:34:48.827+0000] {dagbag.py:588} INFO - Filling up the DagBag from /home/airflow/.local/lib/python3.12/site-packages/airflow/example_dags/example_params_ui_tutorial.py
[2026-06-06T20:34:48.848+0000] {processor.py:925} INFO - DAG(s) 'example_params_ui_tutorial' retrieved from /home/airflow/.local/lib/python3.12/site-packages/airflow/example_dags/example_params_ui_tutorial.py
[2026-06-06T20:34:48.962+0000] {logging_mixin.py:190} INFO - [2026-06-06T20:34:48.961+0000] {dag.py:3239} INFO - Sync 1 DAGs
[2026-06-06T20:34:48.995+0000] {logging_mixin.py:190} INFO - [2026-06-06T20:34:48.995+0000] {dag.py:4180} INFO - Setting next_dagrun for example_params_ui_tutorial to None, run_after=None
[2026-06-06T20:34:49.033+0000] {processor.py:208} INFO - Processing /home/airflow/.local/lib/python3.12/site-packages/airflow/example_dags/example_params_ui_tutorial.py took 0.226 seconds
[2026-06-06T20:35:31.032+0000] {processor.py:186} INFO - Started process (PID=2319) to work on /home/airflow/.local/lib/python3.12/site-packages/airflow/example_dags/example_params_ui_tutorial.py
[2026-06-06T20:35:31.035+0000] {processor.py:914} INFO - Processing file /home/airflow/.local/lib/python3.12/site-packages/airflow/example_dags/example_params_ui_tutorial.py for tasks to queue
[2026-06-06T20:35:31.044+0000] {logging_mixin.py:190} INFO - [2026-06-06T20:35:31.043+0000] {dagbag.py:588} INFO - Filling up the DagBag from /home/airflow/.local/lib/python3.12/site-packages/airflow/example_dags/example_params_ui_tutorial.py
[2026-06-06T20:35:31.058+0000] {processor.py:925} INFO - DAG(s) 'example_params_ui_tutorial' retrieved from /home/airflow/.local/lib/python3.12/site-packages/airflow/example_dags/example_params_ui_tutorial.py
[2026-06-06T20:35:31.162+0000] {logging_mixin.py:190} INFO - [2026-06-06T20:35:31.162+0000] {dag.py:3239} INFO - Sync 1 DAGs
[2026-06-06T20:35:31.191+0000] {logging_mixin.py:190} INFO - [2026-06-06T20:35:31.190+0000] {dag.py:4180} INFO - Setting next_dagrun for example_params_ui_tutorial to None, run_after=None
[2026-06-06T20:35:31.228+0000] {processor.py:208} INFO - Processing /home/airflow/.local/lib/python3.12/site-packages/airflow/example_dags/example_params_ui_tutorial.py took 0.208 seconds
[2026-06-06T20:36:13.304+0000] {processor.py:186} INFO - Started process (PID=2381) to work on /home/airflow/.local/lib/python3.12/site-packages/airflow/example_dags/example_params_ui_tutorial.py
[2026-06-06T20:36:13.306+0000] {processor.py:914} INFO - Processing file /home/airflow/.local/lib/python3.12/site-packages/airflow/example_dags/example_params_ui_tutorial.py for tasks to queue
[2026-06-06T20:36:13.312+0000] {logging_mixin.py:190} INFO - [2026-06-06T20:36:13.311+0000] {dagbag.py:588} INFO - Filling up the DagBag from /home/airflow/.local/lib/python3.12/site-packages/airflow/example_dags/example_params_ui_tutorial.py
[2026-06-06T20:36:13.329+0000] {processor.py:925} INFO - DAG(s) 'example_params_ui_tutorial' retrieved from /home/airflow/.local/lib/python3.12/site-packages/airflow/example_dags/example_params_ui_tutorial.py
[2026-06-06T20:36:13.421+0000] {logging_mixin.py:190} INFO - [2026-06-06T20:36:13.421+0000] {dag.py:3239} INFO - Sync 1 DAGs
[2026-06-06T20:36:13.451+0000] {logging_mixin.py:190} INFO - [2026-06-06T20:36:13.451+0000] {dag.py:4180} INFO - Setting next_dagrun for example_params_ui_tutorial to None, run_after=None
[2026-06-06T20:36:13.500+0000] {processor.py:208} INFO - Processing /home/airflow/.local/lib/python3.12/site-packages/airflow/example_dags/example_params_ui_tutorial.py took 0.205 seconds
[2026-06-06T20:36:52.190+0000] {processor.py:186} INFO - Started process (PID=2443) to work on /home/airflow/.local/lib/python3.12/site-packages/airflow/example_dags/example_params_ui_tutorial.py
[2026-06-06T20:36:52.193+0000] {processor.py:914} INFO - Processing file /home/airflow/.local/lib/python3.12/site-packages/airflow/example_dags/example_params_ui_tutorial.py for tasks to queue
[2026-06-06T20:36:52.197+0000] {logging_mixin.py:190} INFO - [2026-06-06T20:36:52.196+0000] {dagbag.py:588} INFO - Filling up the DagBag from /home/airflow/.local/lib/python3.12/site-packages/airflow/example_dags/example_params_ui_tutorial.py
[2026-06-06T20:36:52.212+0000] {processor.py:925} INFO - DAG(s) 'example_params_ui_tutorial' retrieved from /home/airflow/.local/lib/python3.12/site-packages/airflow/example_dags/example_params_ui_tutorial.py
[2026-06-06T20:36:52.314+0000] {logging_mixin.py:190} INFO - [2026-06-06T20:36:52.314+0000] {dag.py:3239} INFO - Sync 1 DAGs
[2026-06-06T20:36:52.355+0000] {logging_mixin.py:190} INFO - [2026-06-06T20:36:52.354+0000] {dag.py:4180} INFO - Setting next_dagrun for example_params_ui_tutorial to None, run_after=None
[2026-06-06T20:36:52.397+0000] {processor.py:208} INFO - Processing /home/airflow/.local/lib/python3.12/site-packages/airflow/example_dags/example_params_ui_tutorial.py took 0.217 seconds
[2026-06-06T20:37:26.433+0000] {processor.py:186} INFO - Started process (PID=2511) to work on /home/airflow/.local/lib/python3.12/site-packages/airflow/example_dags/example_params_ui_tutorial.py
[2026-06-06T20:37:26.435+0000] {processor.py:914} INFO - Processing file /home/airflow/.local/lib/python3.12/site-packages/airflow/example_dags/example_params_ui_tutorial.py for tasks to queue
[2026-06-06T20:37:26.441+0000] {logging_mixin.py:190} INFO - [2026-06-06T20:37:26.441+0000] {dagbag.py:588} INFO - Filling up the DagBag from /home/airflow/.local/lib/python3.12/site-packages/airflow/example_dags/example_params_ui_tutorial.py
[2026-06-06T20:37:26.463+0000] {processor.py:925} INFO - DAG(s) 'example_params_ui_tutorial' retrieved from /home/airflow/.local/lib/python3.12/site-packages/airflow/example_dags/example_params_ui_tutorial.py
[2026-06-06T20:37:26.587+0000] {logging_mixin.py:190} INFO - [2026-06-06T20:37:26.587+0000] {dag.py:3239} INFO - Sync 1 DAGs
[2026-06-06T20:37:26.631+0000] {logging_mixin.py:190} INFO - [2026-06-06T20:37:26.630+0000] {dag.py:4180} INFO - Setting next_dagrun for example_params_ui_tutorial to None, run_after=None
[2026-06-06T20:37:26.678+0000] {processor.py:208} INFO - Processing /home/airflow/.local/lib/python3.12/site-packages/airflow/example_dags/example_params_ui_tutorial.py took 0.256 seconds
[2026-06-06T20:40:09.419+0000] {processor.py:186} INFO - Started process (PID=105) to work on /home/airflow/.local/lib/python3.12/site-packages/airflow/example_dags/example_params_ui_tutorial.py
[2026-06-06T20:40:09.421+0000] {processor.py:914} INFO - Processing file /home/airflow/.local/lib/python3.12/site-packages/airflow/example_dags/example_params_ui_tutorial.py for tasks to queue
[2026-06-06T20:40:09.429+0000] {logging_mixin.py:190} INFO - [2026-06-06T20:40:09.428+0000] {dagbag.py:588} INFO - Filling up the DagBag from /home/airflow/.local/lib/python3.12/site-packages/airflow/example_dags/example_params_ui_tutorial.py
[2026-06-06T20:40:09.451+0000] {processor.py:925} INFO - DAG(s) 'example_params_ui_tutorial' retrieved from /home/airflow/.local/lib/python3.12/site-packages/airflow/example_dags/example_params_ui_tutorial.py
[2026-06-06T20:40:09.539+0000] {logging_mixin.py:190} INFO - [2026-06-06T20:40:09.539+0000] {dag.py:3239} INFO - Sync 1 DAGs
[2026-06-06T20:40:09.565+0000] {logging_mixin.py:190} INFO - [2026-06-06T20:40:09.565+0000] {dag.py:4180} INFO - Setting next_dagrun for example_params_ui_tutorial to None, run_after=None
[2026-06-06T20:40:09.603+0000] {processor.py:208} INFO - Processing /home/airflow/.local/lib/python3.12/site-packages/airflow/example_dags/example_params_ui_tutorial.py took 0.195 seconds
[2026-06-06T20:40:51.017+0000] {processor.py:186} INFO - Started process (PID=169) to work on /home/airflow/.local/lib/python3.12/site-packages/airflow/example_dags/example_params_ui_tutorial.py
[2026-06-06T20:40:51.020+0000] {processor.py:914} INFO - Processing file /home/airflow/.local/lib/python3.12/site-packages/airflow/example_dags/example_params_ui_tutorial.py for tasks to queue
[2026-06-06T20:40:51.025+0000] {logging_mixin.py:190} INFO - [2026-06-06T20:40:51.024+0000] {dagbag.py:588} INFO - Filling up the DagBag from /home/airflow/.local/lib/python3.12/site-packages/airflow/example_dags/example_params_ui_tutorial.py
[2026-06-06T20:40:51.047+0000] {processor.py:925} INFO - DAG(s) 'example_params_ui_tutorial' retrieved from /home/airflow/.local/lib/python3.12/site-packages/airflow/example_dags/example_params_ui_tutorial.py
[2026-06-06T20:40:51.131+0000] {logging_mixin.py:190} INFO - [2026-06-06T20:40:51.130+0000] {dag.py:3239} INFO - Sync 1 DAGs
[2026-06-06T20:40:51.159+0000] {logging_mixin.py:190} INFO - [2026-06-06T20:40:51.158+0000] {dag.py:4180} INFO - Setting next_dagrun for example_params_ui_tutorial to None, run_after=None
[2026-06-06T20:40:51.202+0000] {processor.py:208} INFO - Processing /home/airflow/.local/lib/python3.12/site-packages/airflow/example_dags/example_params_ui_tutorial.py took 0.196 seconds
[2026-06-06T20:41:39.595+0000] {processor.py:186} INFO - Started process (PID=237) to work on /home/airflow/.local/lib/python3.12/site-packages/airflow/example_dags/example_params_ui_tutorial.py
[2026-06-06T20:41:39.600+0000] {processor.py:914} INFO - Processing file /home/airflow/.local/lib/python3.12/site-packages/airflow/example_dags/example_params_ui_tutorial.py for tasks to queue
[2026-06-06T20:41:39.608+0000] {logging_mixin.py:190} INFO - [2026-06-06T20:41:39.608+0000] {dagbag.py:588} INFO - Filling up the DagBag from /home/airflow/.local/lib/python3.12/site-packages/airflow/example_dags/example_params_ui_tutorial.py
[2026-06-06T20:41:39.638+0000] {processor.py:925} INFO - DAG(s) 'example_params_ui_tutorial' retrieved from /home/airflow/.local/lib/python3.12/site-packages/airflow/example_dags/example_params_ui_tutorial.py
[2026-06-06T20:41:39.768+0000] {logging_mixin.py:190} INFO - [2026-06-06T20:41:39.768+0000] {dag.py:3239} INFO - Sync 1 DAGs
[2026-06-06T20:41:39.802+0000] {logging_mixin.py:190} INFO - [2026-06-06T20:41:39.802+0000] {dag.py:4180} INFO - Setting next_dagrun for example_params_ui_tutorial to None, run_after=None
[2026-06-06T20:41:39.845+0000] {processor.py:208} INFO - Processing /home/airflow/.local/lib/python3.12/site-packages/airflow/example_dags/example_params_ui_tutorial.py took 0.266 seconds
[2026-06-06T20:42:19.815+0000] {processor.py:186} INFO - Started process (PID=300) to work on /home/airflow/.local/lib/python3.12/site-packages/airflow/example_dags/example_params_ui_tutorial.py
[2026-06-06T20:42:19.818+0000] {processor.py:914} INFO - Processing file /home/airflow/.local/lib/python3.12/site-packages/airflow/example_dags/example_params_ui_tutorial.py for tasks to queue
[2026-06-06T20:42:19.824+0000] {logging_mixin.py:190} INFO - [2026-06-06T20:42:19.823+0000] {dagbag.py:588} INFO - Filling up the DagBag from /home/airflow/.local/lib/python3.12/site-packages/airflow/example_dags/example_params_ui_tutorial.py
[2026-06-06T20:42:19.851+0000] {processor.py:925} INFO - DAG(s) 'example_params_ui_tutorial' retrieved from /home/airflow/.local/lib/python3.12/site-packages/airflow/example_dags/example_params_ui_tutorial.py
[2026-06-06T20:42:20.018+0000] {logging_mixin.py:190} INFO - [2026-06-06T20:42:20.018+0000] {dag.py:3239} INFO - Sync 1 DAGs
[2026-06-06T20:42:20.058+0000] {logging_mixin.py:190} INFO - [2026-06-06T20:42:20.057+0000] {dag.py:4180} INFO - Setting next_dagrun for example_params_ui_tutorial to None, run_after=None
[2026-06-06T20:42:20.120+0000] {processor.py:208} INFO - Processing /home/airflow/.local/lib/python3.12/site-packages/airflow/example_dags/example_params_ui_tutorial.py took 0.320 seconds
[2026-06-06T20:43:14.188+0000] {processor.py:186} INFO - Started process (PID=370) to work on /home/airflow/.local/lib/python3.12/site-packages/airflow/example_dags/example_params_ui_tutorial.py
[2026-06-06T20:43:14.192+0000] {processor.py:914} INFO - Processing file /home/airflow/.local/lib/python3.12/site-packages/airflow/example_dags/example_params_ui_tutorial.py for tasks to queue
[2026-06-06T20:43:14.206+0000] {logging_mixin.py:190} INFO - [2026-06-06T20:43:14.205+0000] {dagbag.py:588} INFO - Filling up the DagBag from /home/airflow/.local/lib/python3.12/site-packages/airflow/example_dags/example_params_ui_tutorial.py
[2026-06-06T20:43:14.248+0000] {processor.py:925} INFO - DAG(s) 'example_params_ui_tutorial' retrieved from /home/airflow/.local/lib/python3.12/site-packages/airflow/example_dags/example_params_ui_tutorial.py
[2026-06-06T20:43:14.402+0000] {logging_mixin.py:190} INFO - [2026-06-06T20:43:14.402+0000] {dag.py:3239} INFO - Sync 1 DAGs
[2026-06-06T20:43:14.437+0000] {logging_mixin.py:190} INFO - [2026-06-06T20:43:14.437+0000] {dag.py:4180} INFO - Setting next_dagrun for example_params_ui_tutorial to None, run_after=None
[2026-06-06T20:43:14.474+0000] {processor.py:208} INFO - Processing /home/airflow/.local/lib/python3.12/site-packages/airflow/example_dags/example_params_ui_tutorial.py took 0.304 seconds
[2026-06-06T20:44:09.563+0000] {processor.py:186} INFO - Started process (PID=465) to work on /home/airflow/.local/lib/python3.12/site-packages/airflow/example_dags/example_params_ui_tutorial.py
[2026-06-06T20:44:09.565+0000] {processor.py:914} INFO - Processing file /home/airflow/.local/lib/python3.12/site-packages/airflow/example_dags/example_params_ui_tutorial.py for tasks to queue
[2026-06-06T20:44:09.571+0000] {logging_mixin.py:190} INFO - [2026-06-06T20:44:09.571+0000] {dagbag.py:588} INFO - Filling up the DagBag from /home/airflow/.local/lib/python3.12/site-packages/airflow/example_dags/example_params_ui_tutorial.py
[2026-06-06T20:44:09.590+0000] {processor.py:925} INFO - DAG(s) 'example_params_ui_tutorial' retrieved from /home/airflow/.local/lib/python3.12/site-packages/airflow/example_dags/example_params_ui_tutorial.py
[2026-06-06T20:44:09.681+0000] {logging_mixin.py:190} INFO - [2026-06-06T20:44:09.681+0000] {dag.py:3239} INFO - Sync 1 DAGs
[2026-06-06T20:44:09.708+0000] {logging_mixin.py:190} INFO - [2026-06-06T20:44:09.708+0000] {dag.py:4180} INFO - Setting next_dagrun for example_params_ui_tutorial to None, run_after=None
[2026-06-06T20:44:09.741+0000] {processor.py:208} INFO - Processing /home/airflow/.local/lib/python3.12/site-packages/airflow/example_dags/example_params_ui_tutorial.py took 0.191 seconds
[2026-06-06T20:44:51.187+0000] {processor.py:186} INFO - Started process (PID=526) to work on /home/airflow/.local/lib/python3.12/site-packages/airflow/example_dags/example_params_ui_tutorial.py
[2026-06-06T20:44:51.190+0000] {processor.py:914} INFO - Processing file /home/airflow/.local/lib/python3.12/site-packages/airflow/example_dags/example_params_ui_tutorial.py for tasks to queue
[2026-06-06T20:44:51.203+0000] {logging_mixin.py:190} INFO - [2026-06-06T20:44:51.202+0000] {dagbag.py:588} INFO - Filling up the DagBag from /home/airflow/.local/lib/python3.12/site-packages/airflow/example_dags/example_params_ui_tutorial.py
[2026-06-06T20:44:51.228+0000] {processor.py:925} INFO - DAG(s) 'example_params_ui_tutorial' retrieved from /home/airflow/.local/lib/python3.12/site-packages/airflow/example_dags/example_params_ui_tutorial.py
[2026-06-06T20:44:51.476+0000] {logging_mixin.py:190} INFO - [2026-06-06T20:44:51.476+0000] {dag.py:3239} INFO - Sync 1 DAGs
[2026-06-06T20:44:51.578+0000] {logging_mixin.py:190} INFO - [2026-06-06T20:44:51.577+0000] {dag.py:4180} INFO - Setting next_dagrun for example_params_ui_tutorial to None, run_after=None
[2026-06-06T20:44:51.651+0000] {processor.py:208} INFO - Processing /home/airflow/.local/lib/python3.12/site-packages/airflow/example_dags/example_params_ui_tutorial.py took 0.481 seconds
[2026-06-06T20:45:48.511+0000] {processor.py:186} INFO - Started process (PID=594) to work on /home/airflow/.local/lib/python3.12/site-packages/airflow/example_dags/example_params_ui_tutorial.py
[2026-06-06T20:45:48.513+0000] {processor.py:914} INFO - Processing file /home/airflow/.local/lib/python3.12/site-packages/airflow/example_dags/example_params_ui_tutorial.py for tasks to queue
[2026-06-06T20:45:48.553+0000] {logging_mixin.py:190} INFO - [2026-06-06T20:45:48.552+0000] {dagbag.py:588} INFO - Filling up the DagBag from /home/airflow/.local/lib/python3.12/site-packages/airflow/example_dags/example_params_ui_tutorial.py
[2026-06-06T20:45:48.628+0000] {processor.py:925} INFO - DAG(s) 'example_params_ui_tutorial' retrieved from /home/airflow/.local/lib/python3.12/site-packages/airflow/example_dags/example_params_ui_tutorial.py
[2026-06-06T20:45:49.080+0000] {logging_mixin.py:190} INFO - [2026-06-06T20:45:49.078+0000] {dag.py:3239} INFO - Sync 1 DAGs
[2026-06-06T20:45:49.143+0000] {logging_mixin.py:190} INFO - [2026-06-06T20:45:49.143+0000] {dag.py:4180} INFO - Setting next_dagrun for example_params_ui_tutorial to None, run_after=None
[2026-06-06T20:45:49.211+0000] {processor.py:208} INFO - Processing /home/airflow/.local/lib/python3.12/site-packages/airflow/example_dags/example_params_ui_tutorial.py took 0.723 seconds
[2026-06-06T20:46:41.620+0000] {processor.py:186} INFO - Started process (PID=673) to work on /home/airflow/.local/lib/python3.12/site-packages/airflow/example_dags/example_params_ui_tutorial.py
[2026-06-06T20:46:41.625+0000] {processor.py:914} INFO - Processing file /home/airflow/.local/lib/python3.12/site-packages/airflow/example_dags/example_params_ui_tutorial.py for tasks to queue
[2026-06-06T20:46:41.659+0000] {logging_mixin.py:190} INFO - [2026-06-06T20:46:41.652+0000] {dagbag.py:588} INFO - Filling up the DagBag from /home/airflow/.local/lib/python3.12/site-packages/airflow/example_dags/example_params_ui_tutorial.py
[2026-06-06T20:46:41.697+0000] {processor.py:925} INFO - DAG(s) 'example_params_ui_tutorial' retrieved from /home/airflow/.local/lib/python3.12/site-packages/airflow/example_dags/example_params_ui_tutorial.py
[2026-06-06T20:46:41.874+0000] {logging_mixin.py:190} INFO - [2026-06-06T20:46:41.873+0000] {dag.py:3239} INFO - Sync 1 DAGs
[2026-06-06T20:46:41.919+0000] {logging_mixin.py:190} INFO - [2026-06-06T20:46:41.918+0000] {dag.py:4180} INFO - Setting next_dagrun for example_params_ui_tutorial to None, run_after=None
[2026-06-06T20:46:41.985+0000] {processor.py:208} INFO - Processing /home/airflow/.local/lib/python3.12/site-packages/airflow/example_dags/example_params_ui_tutorial.py took 0.383 seconds
