[2026-06-06T20:13:49.840+0000] {processor.py:186} INFO - Started process (PID=95) to work on /home/airflow/.local/lib/python3.12/site-packages/airflow/example_dags/example_nested_branch_dag.py
[2026-06-06T20:13:49.842+0000] {processor.py:914} INFO - Processing file /home/airflow/.local/lib/python3.12/site-packages/airflow/example_dags/example_nested_branch_dag.py for tasks to queue
[2026-06-06T20:13:49.848+0000] {logging_mixin.py:190} INFO - [2026-06-06T20:13:49.847+0000] {dagbag.py:588} INFO - Filling up the DagBag from /home/airflow/.local/lib/python3.12/site-packages/airflow/example_dags/example_nested_branch_dag.py
[2026-06-06T20:13:49.872+0000] {processor.py:925} INFO - DAG(s) 'example_nested_branch_dag' retrieved from /home/airflow/.local/lib/python3.12/site-packages/airflow/example_dags/example_nested_branch_dag.py
[2026-06-06T20:13:50.075+0000] {logging_mixin.py:190} INFO - [2026-06-06T20:13:50.074+0000] {override.py:1932} INFO - Created Permission View: can read on DAG:example_nested_branch_dag
[2026-06-06T20:13:50.096+0000] {logging_mixin.py:190} INFO - [2026-06-06T20:13:50.095+0000] {override.py:1932} INFO - Created Permission View: can edit on DAG:example_nested_branch_dag
[2026-06-06T20:13:50.110+0000] {logging_mixin.py:190} INFO - [2026-06-06T20:13:50.110+0000] {override.py:1932} INFO - Created Permission View: can delete on DAG:example_nested_branch_dag
[2026-06-06T20:13:50.125+0000] {logging_mixin.py:190} INFO - [2026-06-06T20:13:50.125+0000] {override.py:1932} INFO - Created Permission View: can read on DAG Run:example_nested_branch_dag
[2026-06-06T20:13:50.140+0000] {logging_mixin.py:190} INFO - [2026-06-06T20:13:50.139+0000] {override.py:1932} INFO - Created Permission View: menu access on DAG Run:example_nested_branch_dag
[2026-06-06T20:13:50.154+0000] {logging_mixin.py:190} INFO - [2026-06-06T20:13:50.153+0000] {override.py:1932} INFO - Created Permission View: can delete on DAG Run:example_nested_branch_dag
[2026-06-06T20:13:50.168+0000] {logging_mixin.py:190} INFO - [2026-06-06T20:13:50.167+0000] {override.py:1932} INFO - Created Permission View: can create on DAG Run:example_nested_branch_dag
[2026-06-06T20:13:50.169+0000] {logging_mixin.py:190} INFO - [2026-06-06T20:13:50.168+0000] {dag.py:3239} INFO - Sync 1 DAGs
[2026-06-06T20:13:50.193+0000] {logging_mixin.py:190} INFO - [2026-06-06T20:13:50.193+0000] {dag.py:3262} INFO - Creating ORM DAG for example_nested_branch_dag
[2026-06-06T20:13:50.213+0000] {logging_mixin.py:190} INFO - [2026-06-06T20:13:50.213+0000] {dag.py:4180} INFO - Setting next_dagrun for example_nested_branch_dag to 2026-06-05 00:00:00+00:00, run_after=2026-06-06 00:00:00+00:00
[2026-06-06T20:13:50.250+0000] {processor.py:208} INFO - Processing /home/airflow/.local/lib/python3.12/site-packages/airflow/example_dags/example_nested_branch_dag.py took 0.423 seconds
[2026-06-06T20:14:29.362+0000] {processor.py:186} INFO - Started process (PID=156) to work on /home/airflow/.local/lib/python3.12/site-packages/airflow/example_dags/example_nested_branch_dag.py
[2026-06-06T20:14:29.366+0000] {processor.py:914} INFO - Processing file /home/airflow/.local/lib/python3.12/site-packages/airflow/example_dags/example_nested_branch_dag.py for tasks to queue
[2026-06-06T20:14:29.383+0000] {logging_mixin.py:190} INFO - [2026-06-06T20:14:29.378+0000] {dagbag.py:588} INFO - Filling up the DagBag from /home/airflow/.local/lib/python3.12/site-packages/airflow/example_dags/example_nested_branch_dag.py
[2026-06-06T20:14:29.464+0000] {processor.py:925} INFO - DAG(s) 'example_nested_branch_dag' retrieved from /home/airflow/.local/lib/python3.12/site-packages/airflow/example_dags/example_nested_branch_dag.py
[2026-06-06T20:14:29.565+0000] {logging_mixin.py:190} INFO - [2026-06-06T20:14:29.564+0000] {dag.py:3239} INFO - Sync 1 DAGs
[2026-06-06T20:14:29.702+0000] {logging_mixin.py:190} INFO - [2026-06-06T20:14:29.699+0000] {dag.py:4180} INFO - Setting next_dagrun for example_nested_branch_dag to 2026-06-05 00:00:00+00:00, run_after=2026-06-06 00:00:00+00:00
[2026-06-06T20:14:29.821+0000] {processor.py:208} INFO - Processing /home/airflow/.local/lib/python3.12/site-packages/airflow/example_dags/example_nested_branch_dag.py took 0.479 seconds
[2026-06-06T20:15:04.987+0000] {processor.py:186} INFO - Started process (PID=209) to work on /home/airflow/.local/lib/python3.12/site-packages/airflow/example_dags/example_nested_branch_dag.py
[2026-06-06T20:15:04.990+0000] {processor.py:914} INFO - Processing file /home/airflow/.local/lib/python3.12/site-packages/airflow/example_dags/example_nested_branch_dag.py for tasks to queue
[2026-06-06T20:15:04.997+0000] {logging_mixin.py:190} INFO - [2026-06-06T20:15:04.995+0000] {dagbag.py:588} INFO - Filling up the DagBag from /home/airflow/.local/lib/python3.12/site-packages/airflow/example_dags/example_nested_branch_dag.py
[2026-06-06T20:15:05.030+0000] {processor.py:925} INFO - DAG(s) 'example_nested_branch_dag' retrieved from /home/airflow/.local/lib/python3.12/site-packages/airflow/example_dags/example_nested_branch_dag.py
[2026-06-06T20:15:05.105+0000] {logging_mixin.py:190} INFO - [2026-06-06T20:15:05.104+0000] {dag.py:3239} INFO - Sync 1 DAGs
[2026-06-06T20:15:05.172+0000] {logging_mixin.py:190} INFO - [2026-06-06T20:15:05.172+0000] {dag.py:4180} INFO - Setting next_dagrun for example_nested_branch_dag to 2026-06-05 00:00:00+00:00, run_after=2026-06-06 00:00:00+00:00
[2026-06-06T20:15:05.215+0000] {processor.py:208} INFO - Processing /home/airflow/.local/lib/python3.12/site-packages/airflow/example_dags/example_nested_branch_dag.py took 0.241 seconds
[2026-06-06T20:15:43.251+0000] {processor.py:186} INFO - Started process (PID=272) to work on /home/airflow/.local/lib/python3.12/site-packages/airflow/example_dags/example_nested_branch_dag.py
[2026-06-06T20:15:43.254+0000] {processor.py:914} INFO - Processing file /home/airflow/.local/lib/python3.12/site-packages/airflow/example_dags/example_nested_branch_dag.py for tasks to queue
[2026-06-06T20:15:43.262+0000] {logging_mixin.py:190} INFO - [2026-06-06T20:15:43.261+0000] {dagbag.py:588} INFO - Filling up the DagBag from /home/airflow/.local/lib/python3.12/site-packages/airflow/example_dags/example_nested_branch_dag.py
[2026-06-06T20:15:43.299+0000] {processor.py:925} INFO - DAG(s) 'example_nested_branch_dag' retrieved from /home/airflow/.local/lib/python3.12/site-packages/airflow/example_dags/example_nested_branch_dag.py
[2026-06-06T20:15:43.385+0000] {logging_mixin.py:190} INFO - [2026-06-06T20:15:43.384+0000] {dag.py:3239} INFO - Sync 1 DAGs
[2026-06-06T20:15:43.451+0000] {logging_mixin.py:190} INFO - [2026-06-06T20:15:43.450+0000] {dag.py:4180} INFO - Setting next_dagrun for example_nested_branch_dag to 2026-06-05 00:00:00+00:00, run_after=2026-06-06 00:00:00+00:00
[2026-06-06T20:15:43.506+0000] {processor.py:208} INFO - Processing /home/airflow/.local/lib/python3.12/site-packages/airflow/example_dags/example_nested_branch_dag.py took 0.273 seconds
[2026-06-06T20:16:16.639+0000] {processor.py:186} INFO - Started process (PID=333) to work on /home/airflow/.local/lib/python3.12/site-packages/airflow/example_dags/example_nested_branch_dag.py
[2026-06-06T20:16:16.642+0000] {processor.py:914} INFO - Processing file /home/airflow/.local/lib/python3.12/site-packages/airflow/example_dags/example_nested_branch_dag.py for tasks to queue
[2026-06-06T20:16:16.649+0000] {logging_mixin.py:190} INFO - [2026-06-06T20:16:16.648+0000] {dagbag.py:588} INFO - Filling up the DagBag from /home/airflow/.local/lib/python3.12/site-packages/airflow/example_dags/example_nested_branch_dag.py
[2026-06-06T20:16:16.676+0000] {processor.py:925} INFO - DAG(s) 'example_nested_branch_dag' retrieved from /home/airflow/.local/lib/python3.12/site-packages/airflow/example_dags/example_nested_branch_dag.py
[2026-06-06T20:16:16.738+0000] {logging_mixin.py:190} INFO - [2026-06-06T20:16:16.737+0000] {dag.py:3239} INFO - Sync 1 DAGs
[2026-06-06T20:16:16.793+0000] {logging_mixin.py:190} INFO - [2026-06-06T20:16:16.792+0000] {dag.py:4180} INFO - Setting next_dagrun for example_nested_branch_dag to 2026-06-05 00:00:00+00:00, run_after=2026-06-06 00:00:00+00:00
[2026-06-06T20:16:16.827+0000] {processor.py:208} INFO - Processing /home/airflow/.local/lib/python3.12/site-packages/airflow/example_dags/example_nested_branch_dag.py took 0.200 seconds
[2026-06-06T20:16:51.840+0000] {processor.py:186} INFO - Started process (PID=401) to work on /home/airflow/.local/lib/python3.12/site-packages/airflow/example_dags/example_nested_branch_dag.py
[2026-06-06T20:16:51.842+0000] {processor.py:914} INFO - Processing file /home/airflow/.local/lib/python3.12/site-packages/airflow/example_dags/example_nested_branch_dag.py for tasks to queue
[2026-06-06T20:16:51.848+0000] {logging_mixin.py:190} INFO - [2026-06-06T20:16:51.847+0000] {dagbag.py:588} INFO - Filling up the DagBag from /home/airflow/.local/lib/python3.12/site-packages/airflow/example_dags/example_nested_branch_dag.py
[2026-06-06T20:16:51.870+0000] {processor.py:925} INFO - DAG(s) 'example_nested_branch_dag' retrieved from /home/airflow/.local/lib/python3.12/site-packages/airflow/example_dags/example_nested_branch_dag.py
[2026-06-06T20:16:51.918+0000] {logging_mixin.py:190} INFO - [2026-06-06T20:16:51.918+0000] {dag.py:3239} INFO - Sync 1 DAGs
[2026-06-06T20:16:51.966+0000] {logging_mixin.py:190} INFO - [2026-06-06T20:16:51.965+0000] {dag.py:4180} INFO - Setting next_dagrun for example_nested_branch_dag to 2026-06-05 00:00:00+00:00, run_after=2026-06-06 00:00:00+00:00
[2026-06-06T20:16:52.004+0000] {processor.py:208} INFO - Processing /home/airflow/.local/lib/python3.12/site-packages/airflow/example_dags/example_nested_branch_dag.py took 0.173 seconds
[2026-06-06T20:17:24.013+0000] {processor.py:186} INFO - Started process (PID=463) to work on /home/airflow/.local/lib/python3.12/site-packages/airflow/example_dags/example_nested_branch_dag.py
[2026-06-06T20:17:24.015+0000] {processor.py:914} INFO - Processing file /home/airflow/.local/lib/python3.12/site-packages/airflow/example_dags/example_nested_branch_dag.py for tasks to queue
[2026-06-06T20:17:24.021+0000] {logging_mixin.py:190} INFO - [2026-06-06T20:17:24.020+0000] {dagbag.py:588} INFO - Filling up the DagBag from /home/airflow/.local/lib/python3.12/site-packages/airflow/example_dags/example_nested_branch_dag.py
[2026-06-06T20:17:24.038+0000] {processor.py:925} INFO - DAG(s) 'example_nested_branch_dag' retrieved from /home/airflow/.local/lib/python3.12/site-packages/airflow/example_dags/example_nested_branch_dag.py
[2026-06-06T20:17:24.080+0000] {logging_mixin.py:190} INFO - [2026-06-06T20:17:24.079+0000] {dag.py:3239} INFO - Sync 1 DAGs
[2026-06-06T20:17:24.116+0000] {logging_mixin.py:190} INFO - [2026-06-06T20:17:24.116+0000] {dag.py:4180} INFO - Setting next_dagrun for example_nested_branch_dag to 2026-06-05 00:00:00+00:00, run_after=2026-06-06 00:00:00+00:00
[2026-06-06T20:17:24.148+0000] {processor.py:208} INFO - Processing /home/airflow/.local/lib/python3.12/site-packages/airflow/example_dags/example_nested_branch_dag.py took 0.145 seconds
[2026-06-06T20:18:02.075+0000] {processor.py:186} INFO - Started process (PID=526) to work on /home/airflow/.local/lib/python3.12/site-packages/airflow/example_dags/example_nested_branch_dag.py
[2026-06-06T20:18:02.078+0000] {processor.py:914} INFO - Processing file /home/airflow/.local/lib/python3.12/site-packages/airflow/example_dags/example_nested_branch_dag.py for tasks to queue
[2026-06-06T20:18:02.082+0000] {logging_mixin.py:190} INFO - [2026-06-06T20:18:02.082+0000] {dagbag.py:588} INFO - Filling up the DagBag from /home/airflow/.local/lib/python3.12/site-packages/airflow/example_dags/example_nested_branch_dag.py
[2026-06-06T20:18:02.104+0000] {processor.py:925} INFO - DAG(s) 'example_nested_branch_dag' retrieved from /home/airflow/.local/lib/python3.12/site-packages/airflow/example_dags/example_nested_branch_dag.py
[2026-06-06T20:18:02.149+0000] {logging_mixin.py:190} INFO - [2026-06-06T20:18:02.149+0000] {dag.py:3239} INFO - Sync 1 DAGs
[2026-06-06T20:18:02.196+0000] {logging_mixin.py:190} INFO - [2026-06-06T20:18:02.196+0000] {dag.py:4180} INFO - Setting next_dagrun for example_nested_branch_dag to 2026-06-05 00:00:00+00:00, run_after=2026-06-06 00:00:00+00:00
[2026-06-06T20:18:02.233+0000] {processor.py:208} INFO - Processing /home/airflow/.local/lib/python3.12/site-packages/airflow/example_dags/example_nested_branch_dag.py took 0.169 seconds
[2026-06-06T20:18:33.976+0000] {processor.py:186} INFO - Started process (PID=588) to work on /home/airflow/.local/lib/python3.12/site-packages/airflow/example_dags/example_nested_branch_dag.py
[2026-06-06T20:18:33.980+0000] {processor.py:914} INFO - Processing file /home/airflow/.local/lib/python3.12/site-packages/airflow/example_dags/example_nested_branch_dag.py for tasks to queue
[2026-06-06T20:18:33.985+0000] {logging_mixin.py:190} INFO - [2026-06-06T20:18:33.984+0000] {dagbag.py:588} INFO - Filling up the DagBag from /home/airflow/.local/lib/python3.12/site-packages/airflow/example_dags/example_nested_branch_dag.py
[2026-06-06T20:18:34.009+0000] {processor.py:925} INFO - DAG(s) 'example_nested_branch_dag' retrieved from /home/airflow/.local/lib/python3.12/site-packages/airflow/example_dags/example_nested_branch_dag.py
[2026-06-06T20:18:34.052+0000] {logging_mixin.py:190} INFO - [2026-06-06T20:18:34.051+0000] {dag.py:3239} INFO - Sync 1 DAGs
[2026-06-06T20:18:34.088+0000] {logging_mixin.py:190} INFO - [2026-06-06T20:18:34.087+0000] {dag.py:4180} INFO - Setting next_dagrun for example_nested_branch_dag to 2026-06-05 00:00:00+00:00, run_after=2026-06-06 00:00:00+00:00
[2026-06-06T20:18:34.118+0000] {processor.py:208} INFO - Processing /home/airflow/.local/lib/python3.12/site-packages/airflow/example_dags/example_nested_branch_dag.py took 0.152 seconds
[2026-06-06T20:19:05.724+0000] {processor.py:186} INFO - Started process (PID=648) to work on /home/airflow/.local/lib/python3.12/site-packages/airflow/example_dags/example_nested_branch_dag.py
[2026-06-06T20:19:05.725+0000] {processor.py:914} INFO - Processing file /home/airflow/.local/lib/python3.12/site-packages/airflow/example_dags/example_nested_branch_dag.py for tasks to queue
[2026-06-06T20:19:05.729+0000] {logging_mixin.py:190} INFO - [2026-06-06T20:19:05.729+0000] {dagbag.py:588} INFO - Filling up the DagBag from /home/airflow/.local/lib/python3.12/site-packages/airflow/example_dags/example_nested_branch_dag.py
[2026-06-06T20:19:05.747+0000] {processor.py:925} INFO - DAG(s) 'example_nested_branch_dag' retrieved from /home/airflow/.local/lib/python3.12/site-packages/airflow/example_dags/example_nested_branch_dag.py
[2026-06-06T20:19:05.791+0000] {logging_mixin.py:190} INFO - [2026-06-06T20:19:05.790+0000] {dag.py:3239} INFO - Sync 1 DAGs
[2026-06-06T20:19:05.829+0000] {logging_mixin.py:190} INFO - [2026-06-06T20:19:05.828+0000] {dag.py:4180} INFO - Setting next_dagrun for example_nested_branch_dag to 2026-06-05 00:00:00+00:00, run_after=2026-06-06 00:00:00+00:00
[2026-06-06T20:19:05.860+0000] {processor.py:208} INFO - Processing /home/airflow/.local/lib/python3.12/site-packages/airflow/example_dags/example_nested_branch_dag.py took 0.146 seconds
[2026-06-06T20:19:36.981+0000] {processor.py:186} INFO - Started process (PID=710) to work on /home/airflow/.local/lib/python3.12/site-packages/airflow/example_dags/example_nested_branch_dag.py
[2026-06-06T20:19:36.984+0000] {processor.py:914} INFO - Processing file /home/airflow/.local/lib/python3.12/site-packages/airflow/example_dags/example_nested_branch_dag.py for tasks to queue
[2026-06-06T20:19:36.990+0000] {logging_mixin.py:190} INFO - [2026-06-06T20:19:36.989+0000] {dagbag.py:588} INFO - Filling up the DagBag from /home/airflow/.local/lib/python3.12/site-packages/airflow/example_dags/example_nested_branch_dag.py
[2026-06-06T20:19:37.018+0000] {processor.py:925} INFO - DAG(s) 'example_nested_branch_dag' retrieved from /home/airflow/.local/lib/python3.12/site-packages/airflow/example_dags/example_nested_branch_dag.py
[2026-06-06T20:19:37.098+0000] {logging_mixin.py:190} INFO - [2026-06-06T20:19:37.098+0000] {dag.py:3239} INFO - Sync 1 DAGs
[2026-06-06T20:19:37.168+0000] {logging_mixin.py:190} INFO - [2026-06-06T20:19:37.168+0000] {dag.py:4180} INFO - Setting next_dagrun for example_nested_branch_dag to 2026-06-05 00:00:00+00:00, run_after=2026-06-06 00:00:00+00:00
[2026-06-06T20:19:37.231+0000] {processor.py:208} INFO - Processing /home/airflow/.local/lib/python3.12/site-packages/airflow/example_dags/example_nested_branch_dag.py took 0.263 seconds
[2026-06-06T20:20:21.165+0000] {processor.py:186} INFO - Started process (PID=779) to work on /home/airflow/.local/lib/python3.12/site-packages/airflow/example_dags/example_nested_branch_dag.py
[2026-06-06T20:20:21.169+0000] {processor.py:914} INFO - Processing file /home/airflow/.local/lib/python3.12/site-packages/airflow/example_dags/example_nested_branch_dag.py for tasks to queue
[2026-06-06T20:20:21.179+0000] {logging_mixin.py:190} INFO - [2026-06-06T20:20:21.178+0000] {dagbag.py:588} INFO - Filling up the DagBag from /home/airflow/.local/lib/python3.12/site-packages/airflow/example_dags/example_nested_branch_dag.py
[2026-06-06T20:20:21.212+0000] {processor.py:925} INFO - DAG(s) 'example_nested_branch_dag' retrieved from /home/airflow/.local/lib/python3.12/site-packages/airflow/example_dags/example_nested_branch_dag.py
[2026-06-06T20:20:21.270+0000] {logging_mixin.py:190} INFO - [2026-06-06T20:20:21.270+0000] {dag.py:3239} INFO - Sync 1 DAGs
[2026-06-06T20:20:21.330+0000] {logging_mixin.py:190} INFO - [2026-06-06T20:20:21.330+0000] {dag.py:4180} INFO - Setting next_dagrun for example_nested_branch_dag to 2026-06-05 00:00:00+00:00, run_after=2026-06-06 00:00:00+00:00
[2026-06-06T20:20:21.380+0000] {processor.py:208} INFO - Processing /home/airflow/.local/lib/python3.12/site-packages/airflow/example_dags/example_nested_branch_dag.py took 0.229 seconds
[2026-06-06T20:21:04.563+0000] {processor.py:186} INFO - Started process (PID=844) to work on /home/airflow/.local/lib/python3.12/site-packages/airflow/example_dags/example_nested_branch_dag.py
[2026-06-06T20:21:04.565+0000] {processor.py:914} INFO - Processing file /home/airflow/.local/lib/python3.12/site-packages/airflow/example_dags/example_nested_branch_dag.py for tasks to queue
[2026-06-06T20:21:04.574+0000] {logging_mixin.py:190} INFO - [2026-06-06T20:21:04.572+0000] {dagbag.py:588} INFO - Filling up the DagBag from /home/airflow/.local/lib/python3.12/site-packages/airflow/example_dags/example_nested_branch_dag.py
[2026-06-06T20:21:04.601+0000] {processor.py:925} INFO - DAG(s) 'example_nested_branch_dag' retrieved from /home/airflow/.local/lib/python3.12/site-packages/airflow/example_dags/example_nested_branch_dag.py
[2026-06-06T20:21:04.663+0000] {logging_mixin.py:190} INFO - [2026-06-06T20:21:04.662+0000] {dag.py:3239} INFO - Sync 1 DAGs
[2026-06-06T20:21:04.717+0000] {logging_mixin.py:190} INFO - [2026-06-06T20:21:04.716+0000] {dag.py:4180} INFO - Setting next_dagrun for example_nested_branch_dag to 2026-06-05 00:00:00+00:00, run_after=2026-06-06 00:00:00+00:00
[2026-06-06T20:21:04.752+0000] {processor.py:208} INFO - Processing /home/airflow/.local/lib/python3.12/site-packages/airflow/example_dags/example_nested_branch_dag.py took 0.201 seconds
[2026-06-06T20:21:42.057+0000] {processor.py:186} INFO - Started process (PID=905) to work on /home/airflow/.local/lib/python3.12/site-packages/airflow/example_dags/example_nested_branch_dag.py
[2026-06-06T20:21:42.060+0000] {processor.py:914} INFO - Processing file /home/airflow/.local/lib/python3.12/site-packages/airflow/example_dags/example_nested_branch_dag.py for tasks to queue
[2026-06-06T20:21:42.067+0000] {logging_mixin.py:190} INFO - [2026-06-06T20:21:42.066+0000] {dagbag.py:588} INFO - Filling up the DagBag from /home/airflow/.local/lib/python3.12/site-packages/airflow/example_dags/example_nested_branch_dag.py
[2026-06-06T20:21:42.099+0000] {processor.py:925} INFO - DAG(s) 'example_nested_branch_dag' retrieved from /home/airflow/.local/lib/python3.12/site-packages/airflow/example_dags/example_nested_branch_dag.py
[2026-06-06T20:21:42.166+0000] {logging_mixin.py:190} INFO - [2026-06-06T20:21:42.166+0000] {dag.py:3239} INFO - Sync 1 DAGs
[2026-06-06T20:21:42.228+0000] {logging_mixin.py:190} INFO - [2026-06-06T20:21:42.227+0000] {dag.py:4180} INFO - Setting next_dagrun for example_nested_branch_dag to 2026-06-05 00:00:00+00:00, run_after=2026-06-06 00:00:00+00:00
[2026-06-06T20:21:42.278+0000] {processor.py:208} INFO - Processing /home/airflow/.local/lib/python3.12/site-packages/airflow/example_dags/example_nested_branch_dag.py took 0.232 seconds
[2026-06-06T20:22:16.818+0000] {processor.py:186} INFO - Started process (PID=967) to work on /home/airflow/.local/lib/python3.12/site-packages/airflow/example_dags/example_nested_branch_dag.py
[2026-06-06T20:22:16.822+0000] {processor.py:914} INFO - Processing file /home/airflow/.local/lib/python3.12/site-packages/airflow/example_dags/example_nested_branch_dag.py for tasks to queue
[2026-06-06T20:22:16.832+0000] {logging_mixin.py:190} INFO - [2026-06-06T20:22:16.831+0000] {dagbag.py:588} INFO - Filling up the DagBag from /home/airflow/.local/lib/python3.12/site-packages/airflow/example_dags/example_nested_branch_dag.py
[2026-06-06T20:22:16.908+0000] {processor.py:925} INFO - DAG(s) 'example_nested_branch_dag' retrieved from /home/airflow/.local/lib/python3.12/site-packages/airflow/example_dags/example_nested_branch_dag.py
[2026-06-06T20:22:16.976+0000] {logging_mixin.py:190} INFO - [2026-06-06T20:22:16.976+0000] {dag.py:3239} INFO - Sync 1 DAGs
[2026-06-06T20:22:17.053+0000] {logging_mixin.py:190} INFO - [2026-06-06T20:22:17.053+0000] {dag.py:4180} INFO - Setting next_dagrun for example_nested_branch_dag to 2026-06-05 00:00:00+00:00, run_after=2026-06-06 00:00:00+00:00
[2026-06-06T20:22:17.145+0000] {processor.py:208} INFO - Processing /home/airflow/.local/lib/python3.12/site-packages/airflow/example_dags/example_nested_branch_dag.py took 0.342 seconds
[2026-06-06T20:22:57.148+0000] {processor.py:186} INFO - Started process (PID=1035) to work on /home/airflow/.local/lib/python3.12/site-packages/airflow/example_dags/example_nested_branch_dag.py
[2026-06-06T20:22:57.150+0000] {processor.py:914} INFO - Processing file /home/airflow/.local/lib/python3.12/site-packages/airflow/example_dags/example_nested_branch_dag.py for tasks to queue
[2026-06-06T20:22:57.156+0000] {logging_mixin.py:190} INFO - [2026-06-06T20:22:57.155+0000] {dagbag.py:588} INFO - Filling up the DagBag from /home/airflow/.local/lib/python3.12/site-packages/airflow/example_dags/example_nested_branch_dag.py
[2026-06-06T20:22:57.192+0000] {processor.py:925} INFO - DAG(s) 'example_nested_branch_dag' retrieved from /home/airflow/.local/lib/python3.12/site-packages/airflow/example_dags/example_nested_branch_dag.py
[2026-06-06T20:22:57.255+0000] {logging_mixin.py:190} INFO - [2026-06-06T20:22:57.254+0000] {dag.py:3239} INFO - Sync 1 DAGs
[2026-06-06T20:22:57.313+0000] {logging_mixin.py:190} INFO - [2026-06-06T20:22:57.312+0000] {dag.py:4180} INFO - Setting next_dagrun for example_nested_branch_dag to 2026-06-05 00:00:00+00:00, run_after=2026-06-06 00:00:00+00:00
[2026-06-06T20:22:57.374+0000] {processor.py:208} INFO - Processing /home/airflow/.local/lib/python3.12/site-packages/airflow/example_dags/example_nested_branch_dag.py took 0.237 seconds
[2026-06-06T20:23:31.434+0000] {processor.py:186} INFO - Started process (PID=1096) to work on /home/airflow/.local/lib/python3.12/site-packages/airflow/example_dags/example_nested_branch_dag.py
[2026-06-06T20:23:31.436+0000] {processor.py:914} INFO - Processing file /home/airflow/.local/lib/python3.12/site-packages/airflow/example_dags/example_nested_branch_dag.py for tasks to queue
[2026-06-06T20:23:31.442+0000] {logging_mixin.py:190} INFO - [2026-06-06T20:23:31.442+0000] {dagbag.py:588} INFO - Filling up the DagBag from /home/airflow/.local/lib/python3.12/site-packages/airflow/example_dags/example_nested_branch_dag.py
[2026-06-06T20:23:31.470+0000] {processor.py:925} INFO - DAG(s) 'example_nested_branch_dag' retrieved from /home/airflow/.local/lib/python3.12/site-packages/airflow/example_dags/example_nested_branch_dag.py
[2026-06-06T20:23:31.522+0000] {logging_mixin.py:190} INFO - [2026-06-06T20:23:31.522+0000] {dag.py:3239} INFO - Sync 1 DAGs
[2026-06-06T20:23:31.576+0000] {logging_mixin.py:190} INFO - [2026-06-06T20:23:31.575+0000] {dag.py:4180} INFO - Setting next_dagrun for example_nested_branch_dag to 2026-06-05 00:00:00+00:00, run_after=2026-06-06 00:00:00+00:00
[2026-06-06T20:23:31.618+0000] {processor.py:208} INFO - Processing /home/airflow/.local/lib/python3.12/site-packages/airflow/example_dags/example_nested_branch_dag.py took 0.195 seconds
[2026-06-06T20:24:05.403+0000] {processor.py:186} INFO - Started process (PID=1153) to work on /home/airflow/.local/lib/python3.12/site-packages/airflow/example_dags/example_nested_branch_dag.py
[2026-06-06T20:24:05.406+0000] {processor.py:914} INFO - Processing file /home/airflow/.local/lib/python3.12/site-packages/airflow/example_dags/example_nested_branch_dag.py for tasks to queue
[2026-06-06T20:24:05.413+0000] {logging_mixin.py:190} INFO - [2026-06-06T20:24:05.412+0000] {dagbag.py:588} INFO - Filling up the DagBag from /home/airflow/.local/lib/python3.12/site-packages/airflow/example_dags/example_nested_branch_dag.py
[2026-06-06T20:24:05.439+0000] {processor.py:925} INFO - DAG(s) 'example_nested_branch_dag' retrieved from /home/airflow/.local/lib/python3.12/site-packages/airflow/example_dags/example_nested_branch_dag.py
[2026-06-06T20:24:05.509+0000] {logging_mixin.py:190} INFO - [2026-06-06T20:24:05.508+0000] {dag.py:3239} INFO - Sync 1 DAGs
[2026-06-06T20:24:05.588+0000] {logging_mixin.py:190} INFO - [2026-06-06T20:24:05.588+0000] {dag.py:4180} INFO - Setting next_dagrun for example_nested_branch_dag to 2026-06-05 00:00:00+00:00, run_after=2026-06-06 00:00:00+00:00
[2026-06-06T20:24:05.645+0000] {processor.py:208} INFO - Processing /home/airflow/.local/lib/python3.12/site-packages/airflow/example_dags/example_nested_branch_dag.py took 0.253 seconds
[2026-06-06T20:24:40.235+0000] {processor.py:186} INFO - Started process (PID=1214) to work on /home/airflow/.local/lib/python3.12/site-packages/airflow/example_dags/example_nested_branch_dag.py
[2026-06-06T20:24:40.237+0000] {processor.py:914} INFO - Processing file /home/airflow/.local/lib/python3.12/site-packages/airflow/example_dags/example_nested_branch_dag.py for tasks to queue
[2026-06-06T20:24:40.243+0000] {logging_mixin.py:190} INFO - [2026-06-06T20:24:40.242+0000] {dagbag.py:588} INFO - Filling up the DagBag from /home/airflow/.local/lib/python3.12/site-packages/airflow/example_dags/example_nested_branch_dag.py
[2026-06-06T20:24:40.271+0000] {processor.py:925} INFO - DAG(s) 'example_nested_branch_dag' retrieved from /home/airflow/.local/lib/python3.12/site-packages/airflow/example_dags/example_nested_branch_dag.py
[2026-06-06T20:24:40.326+0000] {logging_mixin.py:190} INFO - [2026-06-06T20:24:40.325+0000] {dag.py:3239} INFO - Sync 1 DAGs
[2026-06-06T20:24:40.394+0000] {logging_mixin.py:190} INFO - [2026-06-06T20:24:40.393+0000] {dag.py:4180} INFO - Setting next_dagrun for example_nested_branch_dag to 2026-06-05 00:00:00+00:00, run_after=2026-06-06 00:00:00+00:00
[2026-06-06T20:24:40.435+0000] {processor.py:208} INFO - Processing /home/airflow/.local/lib/python3.12/site-packages/airflow/example_dags/example_nested_branch_dag.py took 0.211 seconds
[2026-06-06T20:25:18.294+0000] {processor.py:186} INFO - Started process (PID=1277) to work on /home/airflow/.local/lib/python3.12/site-packages/airflow/example_dags/example_nested_branch_dag.py
[2026-06-06T20:25:18.300+0000] {processor.py:914} INFO - Processing file /home/airflow/.local/lib/python3.12/site-packages/airflow/example_dags/example_nested_branch_dag.py for tasks to queue
[2026-06-06T20:25:18.314+0000] {logging_mixin.py:190} INFO - [2026-06-06T20:25:18.313+0000] {dagbag.py:588} INFO - Filling up the DagBag from /home/airflow/.local/lib/python3.12/site-packages/airflow/example_dags/example_nested_branch_dag.py
[2026-06-06T20:25:18.344+0000] {processor.py:925} INFO - DAG(s) 'example_nested_branch_dag' retrieved from /home/airflow/.local/lib/python3.12/site-packages/airflow/example_dags/example_nested_branch_dag.py
[2026-06-06T20:25:18.433+0000] {logging_mixin.py:190} INFO - [2026-06-06T20:25:18.433+0000] {dag.py:3239} INFO - Sync 1 DAGs
[2026-06-06T20:25:18.519+0000] {logging_mixin.py:190} INFO - [2026-06-06T20:25:18.509+0000] {dag.py:4180} INFO - Setting next_dagrun for example_nested_branch_dag to 2026-06-05 00:00:00+00:00, run_after=2026-06-06 00:00:00+00:00
[2026-06-06T20:25:18.573+0000] {processor.py:208} INFO - Processing /home/airflow/.local/lib/python3.12/site-packages/airflow/example_dags/example_nested_branch_dag.py took 0.297 seconds
[2026-06-06T20:25:49.177+0000] {processor.py:186} INFO - Started process (PID=1338) to work on /home/airflow/.local/lib/python3.12/site-packages/airflow/example_dags/example_nested_branch_dag.py
[2026-06-06T20:25:49.179+0000] {processor.py:914} INFO - Processing file /home/airflow/.local/lib/python3.12/site-packages/airflow/example_dags/example_nested_branch_dag.py for tasks to queue
[2026-06-06T20:25:49.185+0000] {logging_mixin.py:190} INFO - [2026-06-06T20:25:49.184+0000] {dagbag.py:588} INFO - Filling up the DagBag from /home/airflow/.local/lib/python3.12/site-packages/airflow/example_dags/example_nested_branch_dag.py
[2026-06-06T20:25:49.220+0000] {processor.py:925} INFO - DAG(s) 'example_nested_branch_dag' retrieved from /home/airflow/.local/lib/python3.12/site-packages/airflow/example_dags/example_nested_branch_dag.py
[2026-06-06T20:25:49.277+0000] {logging_mixin.py:190} INFO - [2026-06-06T20:25:49.276+0000] {dag.py:3239} INFO - Sync 1 DAGs
[2026-06-06T20:25:49.330+0000] {logging_mixin.py:190} INFO - [2026-06-06T20:25:49.330+0000] {dag.py:4180} INFO - Setting next_dagrun for example_nested_branch_dag to 2026-06-05 00:00:00+00:00, run_after=2026-06-06 00:00:00+00:00
[2026-06-06T20:25:49.370+0000] {processor.py:208} INFO - Processing /home/airflow/.local/lib/python3.12/site-packages/airflow/example_dags/example_nested_branch_dag.py took 0.210 seconds
[2026-06-06T20:26:31.710+0000] {processor.py:186} INFO - Started process (PID=1407) to work on /home/airflow/.local/lib/python3.12/site-packages/airflow/example_dags/example_nested_branch_dag.py
[2026-06-06T20:26:31.715+0000] {processor.py:914} INFO - Processing file /home/airflow/.local/lib/python3.12/site-packages/airflow/example_dags/example_nested_branch_dag.py for tasks to queue
[2026-06-06T20:26:31.725+0000] {logging_mixin.py:190} INFO - [2026-06-06T20:26:31.724+0000] {dagbag.py:588} INFO - Filling up the DagBag from /home/airflow/.local/lib/python3.12/site-packages/airflow/example_dags/example_nested_branch_dag.py
[2026-06-06T20:26:31.761+0000] {processor.py:925} INFO - DAG(s) 'example_nested_branch_dag' retrieved from /home/airflow/.local/lib/python3.12/site-packages/airflow/example_dags/example_nested_branch_dag.py
[2026-06-06T20:26:31.842+0000] {logging_mixin.py:190} INFO - [2026-06-06T20:26:31.841+0000] {dag.py:3239} INFO - Sync 1 DAGs
[2026-06-06T20:26:31.917+0000] {logging_mixin.py:190} INFO - [2026-06-06T20:26:31.916+0000] {dag.py:4180} INFO - Setting next_dagrun for example_nested_branch_dag to 2026-06-05 00:00:00+00:00, run_after=2026-06-06 00:00:00+00:00
[2026-06-06T20:26:31.982+0000] {processor.py:208} INFO - Processing /home/airflow/.local/lib/python3.12/site-packages/airflow/example_dags/example_nested_branch_dag.py took 0.295 seconds
[2026-06-06T20:27:04.326+0000] {processor.py:186} INFO - Started process (PID=1467) to work on /home/airflow/.local/lib/python3.12/site-packages/airflow/example_dags/example_nested_branch_dag.py
[2026-06-06T20:27:04.329+0000] {processor.py:914} INFO - Processing file /home/airflow/.local/lib/python3.12/site-packages/airflow/example_dags/example_nested_branch_dag.py for tasks to queue
[2026-06-06T20:27:04.336+0000] {logging_mixin.py:190} INFO - [2026-06-06T20:27:04.334+0000] {dagbag.py:588} INFO - Filling up the DagBag from /home/airflow/.local/lib/python3.12/site-packages/airflow/example_dags/example_nested_branch_dag.py
[2026-06-06T20:27:04.364+0000] {processor.py:925} INFO - DAG(s) 'example_nested_branch_dag' retrieved from /home/airflow/.local/lib/python3.12/site-packages/airflow/example_dags/example_nested_branch_dag.py
[2026-06-06T20:27:04.426+0000] {logging_mixin.py:190} INFO - [2026-06-06T20:27:04.425+0000] {dag.py:3239} INFO - Sync 1 DAGs
[2026-06-06T20:27:04.509+0000] {logging_mixin.py:190} INFO - [2026-06-06T20:27:04.509+0000] {dag.py:4180} INFO - Setting next_dagrun for example_nested_branch_dag to 2026-06-05 00:00:00+00:00, run_after=2026-06-06 00:00:00+00:00
[2026-06-06T20:27:04.558+0000] {processor.py:208} INFO - Processing /home/airflow/.local/lib/python3.12/site-packages/airflow/example_dags/example_nested_branch_dag.py took 0.245 seconds
[2026-06-06T20:27:37.715+0000] {processor.py:186} INFO - Started process (PID=1528) to work on /home/airflow/.local/lib/python3.12/site-packages/airflow/example_dags/example_nested_branch_dag.py
[2026-06-06T20:27:37.717+0000] {processor.py:914} INFO - Processing file /home/airflow/.local/lib/python3.12/site-packages/airflow/example_dags/example_nested_branch_dag.py for tasks to queue
[2026-06-06T20:27:37.723+0000] {logging_mixin.py:190} INFO - [2026-06-06T20:27:37.723+0000] {dagbag.py:588} INFO - Filling up the DagBag from /home/airflow/.local/lib/python3.12/site-packages/airflow/example_dags/example_nested_branch_dag.py
[2026-06-06T20:27:37.748+0000] {processor.py:925} INFO - DAG(s) 'example_nested_branch_dag' retrieved from /home/airflow/.local/lib/python3.12/site-packages/airflow/example_dags/example_nested_branch_dag.py
[2026-06-06T20:27:37.807+0000] {logging_mixin.py:190} INFO - [2026-06-06T20:27:37.806+0000] {dag.py:3239} INFO - Sync 1 DAGs
[2026-06-06T20:27:37.868+0000] {logging_mixin.py:190} INFO - [2026-06-06T20:27:37.868+0000] {dag.py:4180} INFO - Setting next_dagrun for example_nested_branch_dag to 2026-06-05 00:00:00+00:00, run_after=2026-06-06 00:00:00+00:00
[2026-06-06T20:27:37.915+0000] {processor.py:208} INFO - Processing /home/airflow/.local/lib/python3.12/site-packages/airflow/example_dags/example_nested_branch_dag.py took 0.211 seconds
[2026-06-06T20:28:19.935+0000] {processor.py:186} INFO - Started process (PID=1591) to work on /home/airflow/.local/lib/python3.12/site-packages/airflow/example_dags/example_nested_branch_dag.py
[2026-06-06T20:28:19.939+0000] {processor.py:914} INFO - Processing file /home/airflow/.local/lib/python3.12/site-packages/airflow/example_dags/example_nested_branch_dag.py for tasks to queue
[2026-06-06T20:28:19.963+0000] {logging_mixin.py:190} INFO - [2026-06-06T20:28:19.963+0000] {dagbag.py:588} INFO - Filling up the DagBag from /home/airflow/.local/lib/python3.12/site-packages/airflow/example_dags/example_nested_branch_dag.py
[2026-06-06T20:28:19.993+0000] {processor.py:925} INFO - DAG(s) 'example_nested_branch_dag' retrieved from /home/airflow/.local/lib/python3.12/site-packages/airflow/example_dags/example_nested_branch_dag.py
[2026-06-06T20:28:20.064+0000] {logging_mixin.py:190} INFO - [2026-06-06T20:28:20.064+0000] {dag.py:3239} INFO - Sync 1 DAGs
[2026-06-06T20:28:20.114+0000] {logging_mixin.py:190} INFO - [2026-06-06T20:28:20.114+0000] {dag.py:4180} INFO - Setting next_dagrun for example_nested_branch_dag to 2026-06-05 00:00:00+00:00, run_after=2026-06-06 00:00:00+00:00
[2026-06-06T20:28:20.158+0000] {processor.py:208} INFO - Processing /home/airflow/.local/lib/python3.12/site-packages/airflow/example_dags/example_nested_branch_dag.py took 0.234 seconds
[2026-06-06T20:28:53.395+0000] {processor.py:186} INFO - Started process (PID=1659) to work on /home/airflow/.local/lib/python3.12/site-packages/airflow/example_dags/example_nested_branch_dag.py
[2026-06-06T20:28:53.397+0000] {processor.py:914} INFO - Processing file /home/airflow/.local/lib/python3.12/site-packages/airflow/example_dags/example_nested_branch_dag.py for tasks to queue
[2026-06-06T20:28:53.402+0000] {logging_mixin.py:190} INFO - [2026-06-06T20:28:53.402+0000] {dagbag.py:588} INFO - Filling up the DagBag from /home/airflow/.local/lib/python3.12/site-packages/airflow/example_dags/example_nested_branch_dag.py
[2026-06-06T20:28:53.428+0000] {processor.py:925} INFO - DAG(s) 'example_nested_branch_dag' retrieved from /home/airflow/.local/lib/python3.12/site-packages/airflow/example_dags/example_nested_branch_dag.py
[2026-06-06T20:28:53.491+0000] {logging_mixin.py:190} INFO - [2026-06-06T20:28:53.490+0000] {dag.py:3239} INFO - Sync 1 DAGs
[2026-06-06T20:28:53.548+0000] {logging_mixin.py:190} INFO - [2026-06-06T20:28:53.548+0000] {dag.py:4180} INFO - Setting next_dagrun for example_nested_branch_dag to 2026-06-05 00:00:00+00:00, run_after=2026-06-06 00:00:00+00:00
[2026-06-06T20:28:53.591+0000] {processor.py:208} INFO - Processing /home/airflow/.local/lib/python3.12/site-packages/airflow/example_dags/example_nested_branch_dag.py took 0.208 seconds
[2026-06-06T20:29:37.048+0000] {processor.py:186} INFO - Started process (PID=1723) to work on /home/airflow/.local/lib/python3.12/site-packages/airflow/example_dags/example_nested_branch_dag.py
[2026-06-06T20:29:37.051+0000] {processor.py:914} INFO - Processing file /home/airflow/.local/lib/python3.12/site-packages/airflow/example_dags/example_nested_branch_dag.py for tasks to queue
[2026-06-06T20:29:37.058+0000] {logging_mixin.py:190} INFO - [2026-06-06T20:29:37.057+0000] {dagbag.py:588} INFO - Filling up the DagBag from /home/airflow/.local/lib/python3.12/site-packages/airflow/example_dags/example_nested_branch_dag.py
[2026-06-06T20:29:37.087+0000] {processor.py:925} INFO - DAG(s) 'example_nested_branch_dag' retrieved from /home/airflow/.local/lib/python3.12/site-packages/airflow/example_dags/example_nested_branch_dag.py
[2026-06-06T20:29:37.162+0000] {logging_mixin.py:190} INFO - [2026-06-06T20:29:37.162+0000] {dag.py:3239} INFO - Sync 1 DAGs
[2026-06-06T20:29:37.259+0000] {logging_mixin.py:190} INFO - [2026-06-06T20:29:37.258+0000] {dag.py:4180} INFO - Setting next_dagrun for example_nested_branch_dag to 2026-06-05 00:00:00+00:00, run_after=2026-06-06 00:00:00+00:00
[2026-06-06T20:29:37.377+0000] {processor.py:208} INFO - Processing /home/airflow/.local/lib/python3.12/site-packages/airflow/example_dags/example_nested_branch_dag.py took 0.356 seconds
[2026-06-06T20:30:11.615+0000] {processor.py:186} INFO - Started process (PID=1788) to work on /home/airflow/.local/lib/python3.12/site-packages/airflow/example_dags/example_nested_branch_dag.py
[2026-06-06T20:30:11.618+0000] {processor.py:914} INFO - Processing file /home/airflow/.local/lib/python3.12/site-packages/airflow/example_dags/example_nested_branch_dag.py for tasks to queue
[2026-06-06T20:30:11.624+0000] {logging_mixin.py:190} INFO - [2026-06-06T20:30:11.623+0000] {dagbag.py:588} INFO - Filling up the DagBag from /home/airflow/.local/lib/python3.12/site-packages/airflow/example_dags/example_nested_branch_dag.py
[2026-06-06T20:30:11.646+0000] {processor.py:925} INFO - DAG(s) 'example_nested_branch_dag' retrieved from /home/airflow/.local/lib/python3.12/site-packages/airflow/example_dags/example_nested_branch_dag.py
[2026-06-06T20:30:11.710+0000] {logging_mixin.py:190} INFO - [2026-06-06T20:30:11.710+0000] {dag.py:3239} INFO - Sync 1 DAGs
[2026-06-06T20:30:11.773+0000] {logging_mixin.py:190} INFO - [2026-06-06T20:30:11.773+0000] {dag.py:4180} INFO - Setting next_dagrun for example_nested_branch_dag to 2026-06-05 00:00:00+00:00, run_after=2026-06-06 00:00:00+00:00
[2026-06-06T20:30:11.818+0000] {processor.py:208} INFO - Processing /home/airflow/.local/lib/python3.12/site-packages/airflow/example_dags/example_nested_branch_dag.py took 0.213 seconds
[2026-06-06T20:30:45.725+0000] {processor.py:186} INFO - Started process (PID=1851) to work on /home/airflow/.local/lib/python3.12/site-packages/airflow/example_dags/example_nested_branch_dag.py
[2026-06-06T20:30:45.728+0000] {processor.py:914} INFO - Processing file /home/airflow/.local/lib/python3.12/site-packages/airflow/example_dags/example_nested_branch_dag.py for tasks to queue
[2026-06-06T20:30:45.734+0000] {logging_mixin.py:190} INFO - [2026-06-06T20:30:45.733+0000] {dagbag.py:588} INFO - Filling up the DagBag from /home/airflow/.local/lib/python3.12/site-packages/airflow/example_dags/example_nested_branch_dag.py
[2026-06-06T20:30:45.757+0000] {processor.py:925} INFO - DAG(s) 'example_nested_branch_dag' retrieved from /home/airflow/.local/lib/python3.12/site-packages/airflow/example_dags/example_nested_branch_dag.py
[2026-06-06T20:30:45.814+0000] {logging_mixin.py:190} INFO - [2026-06-06T20:30:45.813+0000] {dag.py:3239} INFO - Sync 1 DAGs
[2026-06-06T20:30:45.867+0000] {logging_mixin.py:190} INFO - [2026-06-06T20:30:45.867+0000] {dag.py:4180} INFO - Setting next_dagrun for example_nested_branch_dag to 2026-06-05 00:00:00+00:00, run_after=2026-06-06 00:00:00+00:00
[2026-06-06T20:30:45.913+0000] {processor.py:208} INFO - Processing /home/airflow/.local/lib/python3.12/site-packages/airflow/example_dags/example_nested_branch_dag.py took 0.200 seconds
[2026-06-06T20:31:23.854+0000] {processor.py:186} INFO - Started process (PID=1917) to work on /home/airflow/.local/lib/python3.12/site-packages/airflow/example_dags/example_nested_branch_dag.py
[2026-06-06T20:31:23.857+0000] {processor.py:914} INFO - Processing file /home/airflow/.local/lib/python3.12/site-packages/airflow/example_dags/example_nested_branch_dag.py for tasks to queue
[2026-06-06T20:31:23.864+0000] {logging_mixin.py:190} INFO - [2026-06-06T20:31:23.863+0000] {dagbag.py:588} INFO - Filling up the DagBag from /home/airflow/.local/lib/python3.12/site-packages/airflow/example_dags/example_nested_branch_dag.py
[2026-06-06T20:31:23.890+0000] {processor.py:925} INFO - DAG(s) 'example_nested_branch_dag' retrieved from /home/airflow/.local/lib/python3.12/site-packages/airflow/example_dags/example_nested_branch_dag.py
[2026-06-06T20:31:23.947+0000] {logging_mixin.py:190} INFO - [2026-06-06T20:31:23.947+0000] {dag.py:3239} INFO - Sync 1 DAGs
[2026-06-06T20:31:24.004+0000] {logging_mixin.py:190} INFO - [2026-06-06T20:31:24.003+0000] {dag.py:4180} INFO - Setting next_dagrun for example_nested_branch_dag to 2026-06-05 00:00:00+00:00, run_after=2026-06-06 00:00:00+00:00
[2026-06-06T20:31:24.041+0000] {processor.py:208} INFO - Processing /home/airflow/.local/lib/python3.12/site-packages/airflow/example_dags/example_nested_branch_dag.py took 0.199 seconds
[2026-06-06T20:32:04.753+0000] {processor.py:186} INFO - Started process (PID=1978) to work on /home/airflow/.local/lib/python3.12/site-packages/airflow/example_dags/example_nested_branch_dag.py
[2026-06-06T20:32:04.758+0000] {processor.py:914} INFO - Processing file /home/airflow/.local/lib/python3.12/site-packages/airflow/example_dags/example_nested_branch_dag.py for tasks to queue
[2026-06-06T20:32:04.764+0000] {logging_mixin.py:190} INFO - [2026-06-06T20:32:04.763+0000] {dagbag.py:588} INFO - Filling up the DagBag from /home/airflow/.local/lib/python3.12/site-packages/airflow/example_dags/example_nested_branch_dag.py
[2026-06-06T20:32:04.796+0000] {processor.py:925} INFO - DAG(s) 'example_nested_branch_dag' retrieved from /home/airflow/.local/lib/python3.12/site-packages/airflow/example_dags/example_nested_branch_dag.py
[2026-06-06T20:32:04.893+0000] {logging_mixin.py:190} INFO - [2026-06-06T20:32:04.892+0000] {dag.py:3239} INFO - Sync 1 DAGs
[2026-06-06T20:32:05.003+0000] {logging_mixin.py:190} INFO - [2026-06-06T20:32:05.003+0000] {dag.py:4180} INFO - Setting next_dagrun for example_nested_branch_dag to 2026-06-05 00:00:00+00:00, run_after=2026-06-06 00:00:00+00:00
[2026-06-06T20:32:05.089+0000] {processor.py:208} INFO - Processing /home/airflow/.local/lib/python3.12/site-packages/airflow/example_dags/example_nested_branch_dag.py took 0.362 seconds
[2026-06-06T20:32:49.873+0000] {processor.py:186} INFO - Started process (PID=2041) to work on /home/airflow/.local/lib/python3.12/site-packages/airflow/example_dags/example_nested_branch_dag.py
[2026-06-06T20:32:49.877+0000] {processor.py:914} INFO - Processing file /home/airflow/.local/lib/python3.12/site-packages/airflow/example_dags/example_nested_branch_dag.py for tasks to queue
[2026-06-06T20:32:49.887+0000] {logging_mixin.py:190} INFO - [2026-06-06T20:32:49.886+0000] {dagbag.py:588} INFO - Filling up the DagBag from /home/airflow/.local/lib/python3.12/site-packages/airflow/example_dags/example_nested_branch_dag.py
[2026-06-06T20:32:49.921+0000] {processor.py:925} INFO - DAG(s) 'example_nested_branch_dag' retrieved from /home/airflow/.local/lib/python3.12/site-packages/airflow/example_dags/example_nested_branch_dag.py
[2026-06-06T20:32:49.982+0000] {logging_mixin.py:190} INFO - [2026-06-06T20:32:49.981+0000] {dag.py:3239} INFO - Sync 1 DAGs
[2026-06-06T20:32:50.091+0000] {logging_mixin.py:190} INFO - [2026-06-06T20:32:50.091+0000] {dag.py:4180} INFO - Setting next_dagrun for example_nested_branch_dag to 2026-06-05 00:00:00+00:00, run_after=2026-06-06 00:00:00+00:00
[2026-06-06T20:32:50.193+0000] {processor.py:208} INFO - Processing /home/airflow/.local/lib/python3.12/site-packages/airflow/example_dags/example_nested_branch_dag.py took 0.350 seconds
[2026-06-06T20:33:25.063+0000] {processor.py:186} INFO - Started process (PID=2111) to work on /home/airflow/.local/lib/python3.12/site-packages/airflow/example_dags/example_nested_branch_dag.py
[2026-06-06T20:33:25.066+0000] {processor.py:914} INFO - Processing file /home/airflow/.local/lib/python3.12/site-packages/airflow/example_dags/example_nested_branch_dag.py for tasks to queue
[2026-06-06T20:33:25.070+0000] {logging_mixin.py:190} INFO - [2026-06-06T20:33:25.069+0000] {dagbag.py:588} INFO - Filling up the DagBag from /home/airflow/.local/lib/python3.12/site-packages/airflow/example_dags/example_nested_branch_dag.py
[2026-06-06T20:33:25.092+0000] {processor.py:925} INFO - DAG(s) 'example_nested_branch_dag' retrieved from /home/airflow/.local/lib/python3.12/site-packages/airflow/example_dags/example_nested_branch_dag.py
[2026-06-06T20:33:25.142+0000] {logging_mixin.py:190} INFO - [2026-06-06T20:33:25.141+0000] {dag.py:3239} INFO - Sync 1 DAGs
[2026-06-06T20:33:25.206+0000] {logging_mixin.py:190} INFO - [2026-06-06T20:33:25.205+0000] {dag.py:4180} INFO - Setting next_dagrun for example_nested_branch_dag to 2026-06-05 00:00:00+00:00, run_after=2026-06-06 00:00:00+00:00
[2026-06-06T20:33:25.251+0000] {processor.py:208} INFO - Processing /home/airflow/.local/lib/python3.12/site-packages/airflow/example_dags/example_nested_branch_dag.py took 0.200 seconds
[2026-06-06T20:33:58.203+0000] {processor.py:186} INFO - Started process (PID=2173) to work on /home/airflow/.local/lib/python3.12/site-packages/airflow/example_dags/example_nested_branch_dag.py
[2026-06-06T20:33:58.205+0000] {processor.py:914} INFO - Processing file /home/airflow/.local/lib/python3.12/site-packages/airflow/example_dags/example_nested_branch_dag.py for tasks to queue
[2026-06-06T20:33:58.209+0000] {logging_mixin.py:190} INFO - [2026-06-06T20:33:58.208+0000] {dagbag.py:588} INFO - Filling up the DagBag from /home/airflow/.local/lib/python3.12/site-packages/airflow/example_dags/example_nested_branch_dag.py
[2026-06-06T20:33:58.226+0000] {processor.py:925} INFO - DAG(s) 'example_nested_branch_dag' retrieved from /home/airflow/.local/lib/python3.12/site-packages/airflow/example_dags/example_nested_branch_dag.py
[2026-06-06T20:33:58.265+0000] {logging_mixin.py:190} INFO - [2026-06-06T20:33:58.265+0000] {dag.py:3239} INFO - Sync 1 DAGs
[2026-06-06T20:33:58.305+0000] {logging_mixin.py:190} INFO - [2026-06-06T20:33:58.305+0000] {dag.py:4180} INFO - Setting next_dagrun for example_nested_branch_dag to 2026-06-05 00:00:00+00:00, run_after=2026-06-06 00:00:00+00:00
[2026-06-06T20:33:58.334+0000] {processor.py:208} INFO - Processing /home/airflow/.local/lib/python3.12/site-packages/airflow/example_dags/example_nested_branch_dag.py took 0.140 seconds
[2026-06-06T20:34:47.365+0000] {processor.py:186} INFO - Started process (PID=2243) to work on /home/airflow/.local/lib/python3.12/site-packages/airflow/example_dags/example_nested_branch_dag.py
[2026-06-06T20:34:47.368+0000] {processor.py:914} INFO - Processing file /home/airflow/.local/lib/python3.12/site-packages/airflow/example_dags/example_nested_branch_dag.py for tasks to queue
[2026-06-06T20:34:47.375+0000] {logging_mixin.py:190} INFO - [2026-06-06T20:34:47.374+0000] {dagbag.py:588} INFO - Filling up the DagBag from /home/airflow/.local/lib/python3.12/site-packages/airflow/example_dags/example_nested_branch_dag.py
[2026-06-06T20:34:47.406+0000] {processor.py:925} INFO - DAG(s) 'example_nested_branch_dag' retrieved from /home/airflow/.local/lib/python3.12/site-packages/airflow/example_dags/example_nested_branch_dag.py
[2026-06-06T20:34:47.489+0000] {logging_mixin.py:190} INFO - [2026-06-06T20:34:47.488+0000] {dag.py:3239} INFO - Sync 1 DAGs
[2026-06-06T20:34:47.550+0000] {logging_mixin.py:190} INFO - [2026-06-06T20:34:47.549+0000] {dag.py:4180} INFO - Setting next_dagrun for example_nested_branch_dag to 2026-06-05 00:00:00+00:00, run_after=2026-06-06 00:00:00+00:00
[2026-06-06T20:34:47.614+0000] {processor.py:208} INFO - Processing /home/airflow/.local/lib/python3.12/site-packages/airflow/example_dags/example_nested_branch_dag.py took 0.261 seconds
[2026-06-06T20:35:29.659+0000] {processor.py:186} INFO - Started process (PID=2309) to work on /home/airflow/.local/lib/python3.12/site-packages/airflow/example_dags/example_nested_branch_dag.py
[2026-06-06T20:35:29.661+0000] {processor.py:914} INFO - Processing file /home/airflow/.local/lib/python3.12/site-packages/airflow/example_dags/example_nested_branch_dag.py for tasks to queue
[2026-06-06T20:35:29.668+0000] {logging_mixin.py:190} INFO - [2026-06-06T20:35:29.668+0000] {dagbag.py:588} INFO - Filling up the DagBag from /home/airflow/.local/lib/python3.12/site-packages/airflow/example_dags/example_nested_branch_dag.py
[2026-06-06T20:35:29.692+0000] {processor.py:925} INFO - DAG(s) 'example_nested_branch_dag' retrieved from /home/airflow/.local/lib/python3.12/site-packages/airflow/example_dags/example_nested_branch_dag.py
[2026-06-06T20:35:29.782+0000] {logging_mixin.py:190} INFO - [2026-06-06T20:35:29.780+0000] {dag.py:3239} INFO - Sync 1 DAGs
[2026-06-06T20:35:29.838+0000] {logging_mixin.py:190} INFO - [2026-06-06T20:35:29.838+0000] {dag.py:4180} INFO - Setting next_dagrun for example_nested_branch_dag to 2026-06-05 00:00:00+00:00, run_after=2026-06-06 00:00:00+00:00
[2026-06-06T20:35:29.882+0000] {processor.py:208} INFO - Processing /home/airflow/.local/lib/python3.12/site-packages/airflow/example_dags/example_nested_branch_dag.py took 0.237 seconds
[2026-06-06T20:36:10.862+0000] {processor.py:186} INFO - Started process (PID=2371) to work on /home/airflow/.local/lib/python3.12/site-packages/airflow/example_dags/example_nested_branch_dag.py
[2026-06-06T20:36:10.865+0000] {processor.py:914} INFO - Processing file /home/airflow/.local/lib/python3.12/site-packages/airflow/example_dags/example_nested_branch_dag.py for tasks to queue
[2026-06-06T20:36:10.873+0000] {logging_mixin.py:190} INFO - [2026-06-06T20:36:10.873+0000] {dagbag.py:588} INFO - Filling up the DagBag from /home/airflow/.local/lib/python3.12/site-packages/airflow/example_dags/example_nested_branch_dag.py
[2026-06-06T20:36:10.909+0000] {processor.py:925} INFO - DAG(s) 'example_nested_branch_dag' retrieved from /home/airflow/.local/lib/python3.12/site-packages/airflow/example_dags/example_nested_branch_dag.py
[2026-06-06T20:36:10.969+0000] {logging_mixin.py:190} INFO - [2026-06-06T20:36:10.969+0000] {dag.py:3239} INFO - Sync 1 DAGs
[2026-06-06T20:36:11.030+0000] {logging_mixin.py:190} INFO - [2026-06-06T20:36:11.030+0000] {dag.py:4180} INFO - Setting next_dagrun for example_nested_branch_dag to 2026-06-05 00:00:00+00:00, run_after=2026-06-06 00:00:00+00:00
[2026-06-06T20:36:11.081+0000] {processor.py:208} INFO - Processing /home/airflow/.local/lib/python3.12/site-packages/airflow/example_dags/example_nested_branch_dag.py took 0.232 seconds
[2026-06-06T20:36:45.142+0000] {processor.py:186} INFO - Started process (PID=2432) to work on /home/airflow/.local/lib/python3.12/site-packages/airflow/example_dags/example_nested_branch_dag.py
[2026-06-06T20:36:45.145+0000] {processor.py:914} INFO - Processing file /home/airflow/.local/lib/python3.12/site-packages/airflow/example_dags/example_nested_branch_dag.py for tasks to queue
[2026-06-06T20:36:45.159+0000] {logging_mixin.py:190} INFO - [2026-06-06T20:36:45.157+0000] {dagbag.py:588} INFO - Filling up the DagBag from /home/airflow/.local/lib/python3.12/site-packages/airflow/example_dags/example_nested_branch_dag.py
[2026-06-06T20:36:45.193+0000] {processor.py:925} INFO - DAG(s) 'example_nested_branch_dag' retrieved from /home/airflow/.local/lib/python3.12/site-packages/airflow/example_dags/example_nested_branch_dag.py
[2026-06-06T20:36:45.295+0000] {logging_mixin.py:190} INFO - [2026-06-06T20:36:45.294+0000] {dag.py:3239} INFO - Sync 1 DAGs
[2026-06-06T20:36:45.385+0000] {logging_mixin.py:190} INFO - [2026-06-06T20:36:45.385+0000] {dag.py:4180} INFO - Setting next_dagrun for example_nested_branch_dag to 2026-06-05 00:00:00+00:00, run_after=2026-06-06 00:00:00+00:00
[2026-06-06T20:36:45.436+0000] {processor.py:208} INFO - Processing /home/airflow/.local/lib/python3.12/site-packages/airflow/example_dags/example_nested_branch_dag.py took 0.309 seconds
[2026-06-06T20:37:21.648+0000] {processor.py:186} INFO - Started process (PID=2492) to work on /home/airflow/.local/lib/python3.12/site-packages/airflow/example_dags/example_nested_branch_dag.py
[2026-06-06T20:37:21.652+0000] {processor.py:914} INFO - Processing file /home/airflow/.local/lib/python3.12/site-packages/airflow/example_dags/example_nested_branch_dag.py for tasks to queue
[2026-06-06T20:37:21.662+0000] {logging_mixin.py:190} INFO - [2026-06-06T20:37:21.661+0000] {dagbag.py:588} INFO - Filling up the DagBag from /home/airflow/.local/lib/python3.12/site-packages/airflow/example_dags/example_nested_branch_dag.py
[2026-06-06T20:37:21.716+0000] {processor.py:925} INFO - DAG(s) 'example_nested_branch_dag' retrieved from /home/airflow/.local/lib/python3.12/site-packages/airflow/example_dags/example_nested_branch_dag.py
[2026-06-06T20:37:21.873+0000] {logging_mixin.py:190} INFO - [2026-06-06T20:37:21.872+0000] {dag.py:3239} INFO - Sync 1 DAGs
[2026-06-06T20:37:22.079+0000] {logging_mixin.py:190} INFO - [2026-06-06T20:37:22.078+0000] {dag.py:4180} INFO - Setting next_dagrun for example_nested_branch_dag to 2026-06-05 00:00:00+00:00, run_after=2026-06-06 00:00:00+00:00
[2026-06-06T20:37:22.138+0000] {processor.py:208} INFO - Processing /home/airflow/.local/lib/python3.12/site-packages/airflow/example_dags/example_nested_branch_dag.py took 0.508 seconds
[2026-06-06T20:39:55.657+0000] {processor.py:186} INFO - Started process (PID=94) to work on /home/airflow/.local/lib/python3.12/site-packages/airflow/example_dags/example_nested_branch_dag.py
[2026-06-06T20:39:55.659+0000] {processor.py:914} INFO - Processing file /home/airflow/.local/lib/python3.12/site-packages/airflow/example_dags/example_nested_branch_dag.py for tasks to queue
[2026-06-06T20:39:55.665+0000] {logging_mixin.py:190} INFO - [2026-06-06T20:39:55.665+0000] {dagbag.py:588} INFO - Filling up the DagBag from /home/airflow/.local/lib/python3.12/site-packages/airflow/example_dags/example_nested_branch_dag.py
[2026-06-06T20:39:55.695+0000] {processor.py:925} INFO - DAG(s) 'example_nested_branch_dag' retrieved from /home/airflow/.local/lib/python3.12/site-packages/airflow/example_dags/example_nested_branch_dag.py
[2026-06-06T20:39:55.755+0000] {logging_mixin.py:190} INFO - [2026-06-06T20:39:55.754+0000] {dag.py:3239} INFO - Sync 1 DAGs
[2026-06-06T20:39:55.805+0000] {logging_mixin.py:190} INFO - [2026-06-06T20:39:55.804+0000] {dag.py:4180} INFO - Setting next_dagrun for example_nested_branch_dag to 2026-06-05 00:00:00+00:00, run_after=2026-06-06 00:00:00+00:00
[2026-06-06T20:39:55.841+0000] {processor.py:208} INFO - Processing /home/airflow/.local/lib/python3.12/site-packages/airflow/example_dags/example_nested_branch_dag.py took 0.196 seconds
[2026-06-06T20:40:33.861+0000] {processor.py:186} INFO - Started process (PID=157) to work on /home/airflow/.local/lib/python3.12/site-packages/airflow/example_dags/example_nested_branch_dag.py
[2026-06-06T20:40:33.864+0000] {processor.py:914} INFO - Processing file /home/airflow/.local/lib/python3.12/site-packages/airflow/example_dags/example_nested_branch_dag.py for tasks to queue
[2026-06-06T20:40:33.875+0000] {logging_mixin.py:190} INFO - [2026-06-06T20:40:33.873+0000] {dagbag.py:588} INFO - Filling up the DagBag from /home/airflow/.local/lib/python3.12/site-packages/airflow/example_dags/example_nested_branch_dag.py
[2026-06-06T20:40:33.906+0000] {processor.py:925} INFO - DAG(s) 'example_nested_branch_dag' retrieved from /home/airflow/.local/lib/python3.12/site-packages/airflow/example_dags/example_nested_branch_dag.py
[2026-06-06T20:40:34.085+0000] {logging_mixin.py:190} INFO - [2026-06-06T20:40:34.081+0000] {dag.py:3239} INFO - Sync 1 DAGs
[2026-06-06T20:40:34.207+0000] {logging_mixin.py:190} INFO - [2026-06-06T20:40:34.207+0000] {dag.py:4180} INFO - Setting next_dagrun for example_nested_branch_dag to 2026-06-05 00:00:00+00:00, run_after=2026-06-06 00:00:00+00:00
[2026-06-06T20:40:34.283+0000] {processor.py:208} INFO - Processing /home/airflow/.local/lib/python3.12/site-packages/airflow/example_dags/example_nested_branch_dag.py took 0.432 seconds
[2026-06-06T20:41:19.405+0000] {processor.py:186} INFO - Started process (PID=210) to work on /home/airflow/.local/lib/python3.12/site-packages/airflow/example_dags/example_nested_branch_dag.py
[2026-06-06T20:41:19.410+0000] {processor.py:914} INFO - Processing file /home/airflow/.local/lib/python3.12/site-packages/airflow/example_dags/example_nested_branch_dag.py for tasks to queue
[2026-06-06T20:41:19.422+0000] {logging_mixin.py:190} INFO - [2026-06-06T20:41:19.419+0000] {dagbag.py:588} INFO - Filling up the DagBag from /home/airflow/.local/lib/python3.12/site-packages/airflow/example_dags/example_nested_branch_dag.py
[2026-06-06T20:41:19.466+0000] {processor.py:925} INFO - DAG(s) 'example_nested_branch_dag' retrieved from /home/airflow/.local/lib/python3.12/site-packages/airflow/example_dags/example_nested_branch_dag.py
[2026-06-06T20:41:19.557+0000] {logging_mixin.py:190} INFO - [2026-06-06T20:41:19.557+0000] {dag.py:3239} INFO - Sync 1 DAGs
[2026-06-06T20:41:19.634+0000] {logging_mixin.py:190} INFO - [2026-06-06T20:41:19.633+0000] {dag.py:4180} INFO - Setting next_dagrun for example_nested_branch_dag to 2026-06-05 00:00:00+00:00, run_after=2026-06-06 00:00:00+00:00
[2026-06-06T20:41:19.686+0000] {processor.py:208} INFO - Processing /home/airflow/.local/lib/python3.12/site-packages/airflow/example_dags/example_nested_branch_dag.py took 0.301 seconds
[2026-06-06T20:41:59.659+0000] {processor.py:186} INFO - Started process (PID=276) to work on /home/airflow/.local/lib/python3.12/site-packages/airflow/example_dags/example_nested_branch_dag.py
[2026-06-06T20:41:59.661+0000] {processor.py:914} INFO - Processing file /home/airflow/.local/lib/python3.12/site-packages/airflow/example_dags/example_nested_branch_dag.py for tasks to queue
[2026-06-06T20:41:59.669+0000] {logging_mixin.py:190} INFO - [2026-06-06T20:41:59.667+0000] {dagbag.py:588} INFO - Filling up the DagBag from /home/airflow/.local/lib/python3.12/site-packages/airflow/example_dags/example_nested_branch_dag.py
[2026-06-06T20:41:59.703+0000] {processor.py:925} INFO - DAG(s) 'example_nested_branch_dag' retrieved from /home/airflow/.local/lib/python3.12/site-packages/airflow/example_dags/example_nested_branch_dag.py
[2026-06-06T20:41:59.779+0000] {logging_mixin.py:190} INFO - [2026-06-06T20:41:59.778+0000] {dag.py:3239} INFO - Sync 1 DAGs
[2026-06-06T20:41:59.857+0000] {logging_mixin.py:190} INFO - [2026-06-06T20:41:59.857+0000] {dag.py:4180} INFO - Setting next_dagrun for example_nested_branch_dag to 2026-06-05 00:00:00+00:00, run_after=2026-06-06 00:00:00+00:00
[2026-06-06T20:41:59.904+0000] {processor.py:208} INFO - Processing /home/airflow/.local/lib/python3.12/site-packages/airflow/example_dags/example_nested_branch_dag.py took 0.256 seconds
[2026-06-06T20:42:42.821+0000] {processor.py:186} INFO - Started process (PID=337) to work on /home/airflow/.local/lib/python3.12/site-packages/airflow/example_dags/example_nested_branch_dag.py
[2026-06-06T20:42:42.824+0000] {processor.py:914} INFO - Processing file /home/airflow/.local/lib/python3.12/site-packages/airflow/example_dags/example_nested_branch_dag.py for tasks to queue
[2026-06-06T20:42:42.829+0000] {logging_mixin.py:190} INFO - [2026-06-06T20:42:42.828+0000] {dagbag.py:588} INFO - Filling up the DagBag from /home/airflow/.local/lib/python3.12/site-packages/airflow/example_dags/example_nested_branch_dag.py
[2026-06-06T20:42:42.859+0000] {processor.py:925} INFO - DAG(s) 'example_nested_branch_dag' retrieved from /home/airflow/.local/lib/python3.12/site-packages/airflow/example_dags/example_nested_branch_dag.py
[2026-06-06T20:42:42.919+0000] {logging_mixin.py:190} INFO - [2026-06-06T20:42:42.919+0000] {dag.py:3239} INFO - Sync 1 DAGs
[2026-06-06T20:42:42.979+0000] {logging_mixin.py:190} INFO - [2026-06-06T20:42:42.978+0000] {dag.py:4180} INFO - Setting next_dagrun for example_nested_branch_dag to 2026-06-05 00:00:00+00:00, run_after=2026-06-06 00:00:00+00:00
[2026-06-06T20:42:43.028+0000] {processor.py:208} INFO - Processing /home/airflow/.local/lib/python3.12/site-packages/airflow/example_dags/example_nested_branch_dag.py took 0.221 seconds
[2026-06-06T20:43:20.660+0000] {processor.py:186} INFO - Started process (PID=399) to work on /home/airflow/.local/lib/python3.12/site-packages/airflow/example_dags/example_nested_branch_dag.py
[2026-06-06T20:43:20.662+0000] {processor.py:914} INFO - Processing file /home/airflow/.local/lib/python3.12/site-packages/airflow/example_dags/example_nested_branch_dag.py for tasks to queue
[2026-06-06T20:43:20.667+0000] {logging_mixin.py:190} INFO - [2026-06-06T20:43:20.667+0000] {dagbag.py:588} INFO - Filling up the DagBag from /home/airflow/.local/lib/python3.12/site-packages/airflow/example_dags/example_nested_branch_dag.py
[2026-06-06T20:43:20.690+0000] {processor.py:925} INFO - DAG(s) 'example_nested_branch_dag' retrieved from /home/airflow/.local/lib/python3.12/site-packages/airflow/example_dags/example_nested_branch_dag.py
[2026-06-06T20:43:20.745+0000] {logging_mixin.py:190} INFO - [2026-06-06T20:43:20.745+0000] {dag.py:3239} INFO - Sync 1 DAGs
[2026-06-06T20:43:20.793+0000] {logging_mixin.py:190} INFO - [2026-06-06T20:43:20.793+0000] {dag.py:4180} INFO - Setting next_dagrun for example_nested_branch_dag to 2026-06-05 00:00:00+00:00, run_after=2026-06-06 00:00:00+00:00
[2026-06-06T20:43:20.835+0000] {processor.py:208} INFO - Processing /home/airflow/.local/lib/python3.12/site-packages/airflow/example_dags/example_nested_branch_dag.py took 0.185 seconds
[2026-06-06T20:44:06.686+0000] {processor.py:186} INFO - Started process (PID=455) to work on /home/airflow/.local/lib/python3.12/site-packages/airflow/example_dags/example_nested_branch_dag.py
[2026-06-06T20:44:06.688+0000] {processor.py:914} INFO - Processing file /home/airflow/.local/lib/python3.12/site-packages/airflow/example_dags/example_nested_branch_dag.py for tasks to queue
[2026-06-06T20:44:06.693+0000] {logging_mixin.py:190} INFO - [2026-06-06T20:44:06.693+0000] {dagbag.py:588} INFO - Filling up the DagBag from /home/airflow/.local/lib/python3.12/site-packages/airflow/example_dags/example_nested_branch_dag.py
[2026-06-06T20:44:06.713+0000] {processor.py:925} INFO - DAG(s) 'example_nested_branch_dag' retrieved from /home/airflow/.local/lib/python3.12/site-packages/airflow/example_dags/example_nested_branch_dag.py
[2026-06-06T20:44:06.764+0000] {logging_mixin.py:190} INFO - [2026-06-06T20:44:06.764+0000] {dag.py:3239} INFO - Sync 1 DAGs
[2026-06-06T20:44:06.810+0000] {logging_mixin.py:190} INFO - [2026-06-06T20:44:06.810+0000] {dag.py:4180} INFO - Setting next_dagrun for example_nested_branch_dag to 2026-06-05 00:00:00+00:00, run_after=2026-06-06 00:00:00+00:00
[2026-06-06T20:44:06.857+0000] {processor.py:208} INFO - Processing /home/airflow/.local/lib/python3.12/site-packages/airflow/example_dags/example_nested_branch_dag.py took 0.180 seconds
[2026-06-06T20:44:49.115+0000] {processor.py:186} INFO - Started process (PID=516) to work on /home/airflow/.local/lib/python3.12/site-packages/airflow/example_dags/example_nested_branch_dag.py
[2026-06-06T20:44:49.118+0000] {processor.py:914} INFO - Processing file /home/airflow/.local/lib/python3.12/site-packages/airflow/example_dags/example_nested_branch_dag.py for tasks to queue
[2026-06-06T20:44:49.123+0000] {logging_mixin.py:190} INFO - [2026-06-06T20:44:49.122+0000] {dagbag.py:588} INFO - Filling up the DagBag from /home/airflow/.local/lib/python3.12/site-packages/airflow/example_dags/example_nested_branch_dag.py
[2026-06-06T20:44:49.150+0000] {processor.py:925} INFO - DAG(s) 'example_nested_branch_dag' retrieved from /home/airflow/.local/lib/python3.12/site-packages/airflow/example_dags/example_nested_branch_dag.py
[2026-06-06T20:44:49.210+0000] {logging_mixin.py:190} INFO - [2026-06-06T20:44:49.210+0000] {dag.py:3239} INFO - Sync 1 DAGs
[2026-06-06T20:44:49.262+0000] {logging_mixin.py:190} INFO - [2026-06-06T20:44:49.262+0000] {dag.py:4180} INFO - Setting next_dagrun for example_nested_branch_dag to 2026-06-05 00:00:00+00:00, run_after=2026-06-06 00:00:00+00:00
[2026-06-06T20:44:49.308+0000] {processor.py:208} INFO - Processing /home/airflow/.local/lib/python3.12/site-packages/airflow/example_dags/example_nested_branch_dag.py took 0.204 seconds
[2026-06-06T20:45:43.766+0000] {processor.py:186} INFO - Started process (PID=584) to work on /home/airflow/.local/lib/python3.12/site-packages/airflow/example_dags/example_nested_branch_dag.py
[2026-06-06T20:45:43.768+0000] {processor.py:914} INFO - Processing file /home/airflow/.local/lib/python3.12/site-packages/airflow/example_dags/example_nested_branch_dag.py for tasks to queue
[2026-06-06T20:45:43.775+0000] {logging_mixin.py:190} INFO - [2026-06-06T20:45:43.773+0000] {dagbag.py:588} INFO - Filling up the DagBag from /home/airflow/.local/lib/python3.12/site-packages/airflow/example_dags/example_nested_branch_dag.py
[2026-06-06T20:45:43.801+0000] {processor.py:925} INFO - DAG(s) 'example_nested_branch_dag' retrieved from /home/airflow/.local/lib/python3.12/site-packages/airflow/example_dags/example_nested_branch_dag.py
[2026-06-06T20:45:43.886+0000] {logging_mixin.py:190} INFO - [2026-06-06T20:45:43.885+0000] {dag.py:3239} INFO - Sync 1 DAGs
[2026-06-06T20:45:43.957+0000] {logging_mixin.py:190} INFO - [2026-06-06T20:45:43.957+0000] {dag.py:4180} INFO - Setting next_dagrun for example_nested_branch_dag to 2026-06-05 00:00:00+00:00, run_after=2026-06-06 00:00:00+00:00
[2026-06-06T20:45:44.022+0000] {processor.py:208} INFO - Processing /home/airflow/.local/lib/python3.12/site-packages/airflow/example_dags/example_nested_branch_dag.py took 0.269 seconds
[2026-06-06T20:46:17.527+0000] {processor.py:186} INFO - Started process (PID=643) to work on /home/airflow/.local/lib/python3.12/site-packages/airflow/example_dags/example_nested_branch_dag.py
[2026-06-06T20:46:17.530+0000] {processor.py:914} INFO - Processing file /home/airflow/.local/lib/python3.12/site-packages/airflow/example_dags/example_nested_branch_dag.py for tasks to queue
[2026-06-06T20:46:17.540+0000] {logging_mixin.py:190} INFO - [2026-06-06T20:46:17.539+0000] {dagbag.py:588} INFO - Filling up the DagBag from /home/airflow/.local/lib/python3.12/site-packages/airflow/example_dags/example_nested_branch_dag.py
[2026-06-06T20:46:17.592+0000] {processor.py:925} INFO - DAG(s) 'example_nested_branch_dag' retrieved from /home/airflow/.local/lib/python3.12/site-packages/airflow/example_dags/example_nested_branch_dag.py
[2026-06-06T20:46:17.644+0000] {logging_mixin.py:190} INFO - [2026-06-06T20:46:17.644+0000] {dag.py:3239} INFO - Sync 1 DAGs
[2026-06-06T20:46:17.706+0000] {logging_mixin.py:190} INFO - [2026-06-06T20:46:17.705+0000] {dag.py:4180} INFO - Setting next_dagrun for example_nested_branch_dag to 2026-06-05 00:00:00+00:00, run_after=2026-06-06 00:00:00+00:00
[2026-06-06T20:46:17.749+0000] {processor.py:208} INFO - Processing /home/airflow/.local/lib/python3.12/site-packages/airflow/example_dags/example_nested_branch_dag.py took 0.233 seconds
[2026-06-06T20:47:01.578+0000] {processor.py:186} INFO - Started process (PID=707) to work on /home/airflow/.local/lib/python3.12/site-packages/airflow/example_dags/example_nested_branch_dag.py
[2026-06-06T20:47:01.588+0000] {processor.py:914} INFO - Processing file /home/airflow/.local/lib/python3.12/site-packages/airflow/example_dags/example_nested_branch_dag.py for tasks to queue
[2026-06-06T20:47:01.614+0000] {logging_mixin.py:190} INFO - [2026-06-06T20:47:01.613+0000] {dagbag.py:588} INFO - Filling up the DagBag from /home/airflow/.local/lib/python3.12/site-packages/airflow/example_dags/example_nested_branch_dag.py
[2026-06-06T20:47:01.682+0000] {processor.py:925} INFO - DAG(s) 'example_nested_branch_dag' retrieved from /home/airflow/.local/lib/python3.12/site-packages/airflow/example_dags/example_nested_branch_dag.py
[2026-06-06T20:47:01.802+0000] {logging_mixin.py:190} INFO - [2026-06-06T20:47:01.801+0000] {dag.py:3239} INFO - Sync 1 DAGs
[2026-06-06T20:47:01.943+0000] {logging_mixin.py:190} INFO - [2026-06-06T20:47:01.942+0000] {dag.py:4180} INFO - Setting next_dagrun for example_nested_branch_dag to 2026-06-05 00:00:00+00:00, run_after=2026-06-06 00:00:00+00:00
[2026-06-06T20:47:02.224+0000] {processor.py:208} INFO - Processing /home/airflow/.local/lib/python3.12/site-packages/airflow/example_dags/example_nested_branch_dag.py took 0.675 seconds
