[2026-06-06T20:13:42.750+0000] {processor.py:186} INFO - Started process (PID=80) to work on /home/airflow/.local/lib/python3.12/site-packages/airflow/example_dags/example_branch_labels.py
[2026-06-06T20:13:42.754+0000] {processor.py:914} INFO - Processing file /home/airflow/.local/lib/python3.12/site-packages/airflow/example_dags/example_branch_labels.py for tasks to queue
[2026-06-06T20:13:42.763+0000] {logging_mixin.py:190} INFO - [2026-06-06T20:13:42.762+0000] {dagbag.py:588} INFO - Filling up the DagBag from /home/airflow/.local/lib/python3.12/site-packages/airflow/example_dags/example_branch_labels.py
[2026-06-06T20:13:42.836+0000] {processor.py:925} INFO - DAG(s) 'example_branch_labels' retrieved from /home/airflow/.local/lib/python3.12/site-packages/airflow/example_dags/example_branch_labels.py
[2026-06-06T20:13:43.098+0000] {logging_mixin.py:190} INFO - [2026-06-06T20:13:43.095+0000] {override.py:1932} INFO - Created Permission View: can read on DAG:example_branch_labels
[2026-06-06T20:13:43.125+0000] {logging_mixin.py:190} INFO - [2026-06-06T20:13:43.124+0000] {override.py:1932} INFO - Created Permission View: can edit on DAG:example_branch_labels
[2026-06-06T20:13:43.147+0000] {logging_mixin.py:190} INFO - [2026-06-06T20:13:43.147+0000] {override.py:1932} INFO - Created Permission View: can delete on DAG:example_branch_labels
[2026-06-06T20:13:43.170+0000] {logging_mixin.py:190} INFO - [2026-06-06T20:13:43.170+0000] {override.py:1932} INFO - Created Permission View: can read on DAG Run:example_branch_labels
[2026-06-06T20:13:43.190+0000] {logging_mixin.py:190} INFO - [2026-06-06T20:13:43.189+0000] {override.py:1932} INFO - Created Permission View: menu access on DAG Run:example_branch_labels
[2026-06-06T20:13:43.211+0000] {logging_mixin.py:190} INFO - [2026-06-06T20:13:43.210+0000] {override.py:1932} INFO - Created Permission View: can delete on DAG Run:example_branch_labels
[2026-06-06T20:13:43.237+0000] {logging_mixin.py:190} INFO - [2026-06-06T20:13:43.236+0000] {override.py:1932} INFO - Created Permission View: can create on DAG Run:example_branch_labels
[2026-06-06T20:13:43.239+0000] {logging_mixin.py:190} INFO - [2026-06-06T20:13:43.238+0000] {dag.py:3239} INFO - Sync 1 DAGs
[2026-06-06T20:13:43.276+0000] {logging_mixin.py:190} INFO - [2026-06-06T20:13:43.275+0000] {dag.py:3262} INFO - Creating ORM DAG for example_branch_labels
[2026-06-06T20:13:43.304+0000] {logging_mixin.py:190} INFO - [2026-06-06T20:13:43.304+0000] {dag.py:4180} INFO - Setting next_dagrun for example_branch_labels to 2026-06-05 00:00:00+00:00, run_after=2026-06-06 00:00:00+00:00
[2026-06-06T20:13:43.344+0000] {processor.py:208} INFO - Processing /home/airflow/.local/lib/python3.12/site-packages/airflow/example_dags/example_branch_labels.py took 0.607 seconds
[2026-06-06T20:14:26.446+0000] {processor.py:186} INFO - Started process (PID=147) to work on /home/airflow/.local/lib/python3.12/site-packages/airflow/example_dags/example_branch_labels.py
[2026-06-06T20:14:26.448+0000] {processor.py:914} INFO - Processing file /home/airflow/.local/lib/python3.12/site-packages/airflow/example_dags/example_branch_labels.py for tasks to queue
[2026-06-06T20:14:26.457+0000] {logging_mixin.py:190} INFO - [2026-06-06T20:14:26.456+0000] {dagbag.py:588} INFO - Filling up the DagBag from /home/airflow/.local/lib/python3.12/site-packages/airflow/example_dags/example_branch_labels.py
[2026-06-06T20:14:26.480+0000] {processor.py:925} INFO - DAG(s) 'example_branch_labels' retrieved from /home/airflow/.local/lib/python3.12/site-packages/airflow/example_dags/example_branch_labels.py
[2026-06-06T20:14:26.539+0000] {logging_mixin.py:190} INFO - [2026-06-06T20:14:26.538+0000] {dag.py:3239} INFO - Sync 1 DAGs
[2026-06-06T20:14:26.599+0000] {logging_mixin.py:190} INFO - [2026-06-06T20:14:26.598+0000] {dag.py:4180} INFO - Setting next_dagrun for example_branch_labels to 2026-06-05 00:00:00+00:00, run_after=2026-06-06 00:00:00+00:00
[2026-06-06T20:14:26.635+0000] {processor.py:208} INFO - Processing /home/airflow/.local/lib/python3.12/site-packages/airflow/example_dags/example_branch_labels.py took 0.203 seconds
[2026-06-06T20:15:02.611+0000] {processor.py:186} INFO - Started process (PID=200) to work on /home/airflow/.local/lib/python3.12/site-packages/airflow/example_dags/example_branch_labels.py
[2026-06-06T20:15:02.613+0000] {processor.py:914} INFO - Processing file /home/airflow/.local/lib/python3.12/site-packages/airflow/example_dags/example_branch_labels.py for tasks to queue
[2026-06-06T20:15:02.621+0000] {logging_mixin.py:190} INFO - [2026-06-06T20:15:02.618+0000] {dagbag.py:588} INFO - Filling up the DagBag from /home/airflow/.local/lib/python3.12/site-packages/airflow/example_dags/example_branch_labels.py
[2026-06-06T20:15:02.645+0000] {processor.py:925} INFO - DAG(s) 'example_branch_labels' retrieved from /home/airflow/.local/lib/python3.12/site-packages/airflow/example_dags/example_branch_labels.py
[2026-06-06T20:15:02.717+0000] {logging_mixin.py:190} INFO - [2026-06-06T20:15:02.716+0000] {dag.py:3239} INFO - Sync 1 DAGs
[2026-06-06T20:15:02.781+0000] {logging_mixin.py:190} INFO - [2026-06-06T20:15:02.779+0000] {dag.py:4180} INFO - Setting next_dagrun for example_branch_labels to 2026-06-05 00:00:00+00:00, run_after=2026-06-06 00:00:00+00:00
[2026-06-06T20:15:02.825+0000] {processor.py:208} INFO - Processing /home/airflow/.local/lib/python3.12/site-packages/airflow/example_dags/example_branch_labels.py took 0.225 seconds
[2026-06-06T20:15:33.452+0000] {processor.py:186} INFO - Started process (PID=262) to work on /home/airflow/.local/lib/python3.12/site-packages/airflow/example_dags/example_branch_labels.py
[2026-06-06T20:15:33.454+0000] {processor.py:914} INFO - Processing file /home/airflow/.local/lib/python3.12/site-packages/airflow/example_dags/example_branch_labels.py for tasks to queue
[2026-06-06T20:15:33.464+0000] {logging_mixin.py:190} INFO - [2026-06-06T20:15:33.464+0000] {dagbag.py:588} INFO - Filling up the DagBag from /home/airflow/.local/lib/python3.12/site-packages/airflow/example_dags/example_branch_labels.py
[2026-06-06T20:15:33.491+0000] {processor.py:925} INFO - DAG(s) 'example_branch_labels' retrieved from /home/airflow/.local/lib/python3.12/site-packages/airflow/example_dags/example_branch_labels.py
[2026-06-06T20:15:33.556+0000] {logging_mixin.py:190} INFO - [2026-06-06T20:15:33.555+0000] {dag.py:3239} INFO - Sync 1 DAGs
[2026-06-06T20:15:33.609+0000] {logging_mixin.py:190} INFO - [2026-06-06T20:15:33.608+0000] {dag.py:4180} INFO - Setting next_dagrun for example_branch_labels to 2026-06-05 00:00:00+00:00, run_after=2026-06-06 00:00:00+00:00
[2026-06-06T20:15:33.662+0000] {processor.py:208} INFO - Processing /home/airflow/.local/lib/python3.12/site-packages/airflow/example_dags/example_branch_labels.py took 0.223 seconds
[2026-06-06T20:16:10.504+0000] {processor.py:186} INFO - Started process (PID=323) to work on /home/airflow/.local/lib/python3.12/site-packages/airflow/example_dags/example_branch_labels.py
[2026-06-06T20:16:10.507+0000] {processor.py:914} INFO - Processing file /home/airflow/.local/lib/python3.12/site-packages/airflow/example_dags/example_branch_labels.py for tasks to queue
[2026-06-06T20:16:10.513+0000] {logging_mixin.py:190} INFO - [2026-06-06T20:16:10.511+0000] {dagbag.py:588} INFO - Filling up the DagBag from /home/airflow/.local/lib/python3.12/site-packages/airflow/example_dags/example_branch_labels.py
[2026-06-06T20:16:10.533+0000] {processor.py:925} INFO - DAG(s) 'example_branch_labels' retrieved from /home/airflow/.local/lib/python3.12/site-packages/airflow/example_dags/example_branch_labels.py
[2026-06-06T20:16:10.579+0000] {logging_mixin.py:190} INFO - [2026-06-06T20:16:10.579+0000] {dag.py:3239} INFO - Sync 1 DAGs
[2026-06-06T20:16:10.625+0000] {logging_mixin.py:190} INFO - [2026-06-06T20:16:10.625+0000] {dag.py:4180} INFO - Setting next_dagrun for example_branch_labels to 2026-06-05 00:00:00+00:00, run_after=2026-06-06 00:00:00+00:00
[2026-06-06T20:16:10.656+0000] {processor.py:208} INFO - Processing /home/airflow/.local/lib/python3.12/site-packages/airflow/example_dags/example_branch_labels.py took 0.162 seconds
[2026-06-06T20:16:42.599+0000] {processor.py:186} INFO - Started process (PID=384) to work on /home/airflow/.local/lib/python3.12/site-packages/airflow/example_dags/example_branch_labels.py
[2026-06-06T20:16:42.602+0000] {processor.py:914} INFO - Processing file /home/airflow/.local/lib/python3.12/site-packages/airflow/example_dags/example_branch_labels.py for tasks to queue
[2026-06-06T20:16:42.606+0000] {logging_mixin.py:190} INFO - [2026-06-06T20:16:42.606+0000] {dagbag.py:588} INFO - Filling up the DagBag from /home/airflow/.local/lib/python3.12/site-packages/airflow/example_dags/example_branch_labels.py
[2026-06-06T20:16:42.624+0000] {processor.py:925} INFO - DAG(s) 'example_branch_labels' retrieved from /home/airflow/.local/lib/python3.12/site-packages/airflow/example_dags/example_branch_labels.py
[2026-06-06T20:16:42.663+0000] {logging_mixin.py:190} INFO - [2026-06-06T20:16:42.662+0000] {dag.py:3239} INFO - Sync 1 DAGs
[2026-06-06T20:16:42.697+0000] {logging_mixin.py:190} INFO - [2026-06-06T20:16:42.696+0000] {dag.py:4180} INFO - Setting next_dagrun for example_branch_labels to 2026-06-05 00:00:00+00:00, run_after=2026-06-06 00:00:00+00:00
[2026-06-06T20:16:42.726+0000] {processor.py:208} INFO - Processing /home/airflow/.local/lib/python3.12/site-packages/airflow/example_dags/example_branch_labels.py took 0.135 seconds
[2026-06-06T20:17:19.385+0000] {processor.py:186} INFO - Started process (PID=452) to work on /home/airflow/.local/lib/python3.12/site-packages/airflow/example_dags/example_branch_labels.py
[2026-06-06T20:17:19.387+0000] {processor.py:914} INFO - Processing file /home/airflow/.local/lib/python3.12/site-packages/airflow/example_dags/example_branch_labels.py for tasks to queue
[2026-06-06T20:17:19.392+0000] {logging_mixin.py:190} INFO - [2026-06-06T20:17:19.391+0000] {dagbag.py:588} INFO - Filling up the DagBag from /home/airflow/.local/lib/python3.12/site-packages/airflow/example_dags/example_branch_labels.py
[2026-06-06T20:17:19.413+0000] {processor.py:925} INFO - DAG(s) 'example_branch_labels' retrieved from /home/airflow/.local/lib/python3.12/site-packages/airflow/example_dags/example_branch_labels.py
[2026-06-06T20:17:19.480+0000] {logging_mixin.py:190} INFO - [2026-06-06T20:17:19.479+0000] {dag.py:3239} INFO - Sync 1 DAGs
[2026-06-06T20:17:19.533+0000] {logging_mixin.py:190} INFO - [2026-06-06T20:17:19.532+0000] {dag.py:4180} INFO - Setting next_dagrun for example_branch_labels to 2026-06-05 00:00:00+00:00, run_after=2026-06-06 00:00:00+00:00
[2026-06-06T20:17:19.561+0000] {processor.py:208} INFO - Processing /home/airflow/.local/lib/python3.12/site-packages/airflow/example_dags/example_branch_labels.py took 0.187 seconds
[2026-06-06T20:17:53.087+0000] {processor.py:186} INFO - Started process (PID=515) to work on /home/airflow/.local/lib/python3.12/site-packages/airflow/example_dags/example_branch_labels.py
[2026-06-06T20:17:53.089+0000] {processor.py:914} INFO - Processing file /home/airflow/.local/lib/python3.12/site-packages/airflow/example_dags/example_branch_labels.py for tasks to queue
[2026-06-06T20:17:53.095+0000] {logging_mixin.py:190} INFO - [2026-06-06T20:17:53.094+0000] {dagbag.py:588} INFO - Filling up the DagBag from /home/airflow/.local/lib/python3.12/site-packages/airflow/example_dags/example_branch_labels.py
[2026-06-06T20:17:53.111+0000] {processor.py:925} INFO - DAG(s) 'example_branch_labels' retrieved from /home/airflow/.local/lib/python3.12/site-packages/airflow/example_dags/example_branch_labels.py
[2026-06-06T20:17:53.150+0000] {logging_mixin.py:190} INFO - [2026-06-06T20:17:53.149+0000] {dag.py:3239} INFO - Sync 1 DAGs
[2026-06-06T20:17:53.197+0000] {logging_mixin.py:190} INFO - [2026-06-06T20:17:53.197+0000] {dag.py:4180} INFO - Setting next_dagrun for example_branch_labels to 2026-06-05 00:00:00+00:00, run_after=2026-06-06 00:00:00+00:00
[2026-06-06T20:17:53.272+0000] {processor.py:208} INFO - Processing /home/airflow/.local/lib/python3.12/site-packages/airflow/example_dags/example_branch_labels.py took 0.194 seconds
[2026-06-06T20:18:31.294+0000] {processor.py:186} INFO - Started process (PID=577) to work on /home/airflow/.local/lib/python3.12/site-packages/airflow/example_dags/example_branch_labels.py
[2026-06-06T20:18:31.299+0000] {processor.py:914} INFO - Processing file /home/airflow/.local/lib/python3.12/site-packages/airflow/example_dags/example_branch_labels.py for tasks to queue
[2026-06-06T20:18:31.305+0000] {logging_mixin.py:190} INFO - [2026-06-06T20:18:31.305+0000] {dagbag.py:588} INFO - Filling up the DagBag from /home/airflow/.local/lib/python3.12/site-packages/airflow/example_dags/example_branch_labels.py
[2026-06-06T20:18:31.324+0000] {processor.py:925} INFO - DAG(s) 'example_branch_labels' retrieved from /home/airflow/.local/lib/python3.12/site-packages/airflow/example_dags/example_branch_labels.py
[2026-06-06T20:18:31.371+0000] {logging_mixin.py:190} INFO - [2026-06-06T20:18:31.370+0000] {dag.py:3239} INFO - Sync 1 DAGs
[2026-06-06T20:18:31.419+0000] {logging_mixin.py:190} INFO - [2026-06-06T20:18:31.419+0000] {dag.py:4180} INFO - Setting next_dagrun for example_branch_labels to 2026-06-05 00:00:00+00:00, run_after=2026-06-06 00:00:00+00:00
[2026-06-06T20:18:31.454+0000] {processor.py:208} INFO - Processing /home/airflow/.local/lib/python3.12/site-packages/airflow/example_dags/example_branch_labels.py took 0.173 seconds
[2026-06-06T20:19:03.446+0000] {processor.py:186} INFO - Started process (PID=639) to work on /home/airflow/.local/lib/python3.12/site-packages/airflow/example_dags/example_branch_labels.py
[2026-06-06T20:19:03.448+0000] {processor.py:914} INFO - Processing file /home/airflow/.local/lib/python3.12/site-packages/airflow/example_dags/example_branch_labels.py for tasks to queue
[2026-06-06T20:19:03.453+0000] {logging_mixin.py:190} INFO - [2026-06-06T20:19:03.452+0000] {dagbag.py:588} INFO - Filling up the DagBag from /home/airflow/.local/lib/python3.12/site-packages/airflow/example_dags/example_branch_labels.py
[2026-06-06T20:19:03.469+0000] {processor.py:925} INFO - DAG(s) 'example_branch_labels' retrieved from /home/airflow/.local/lib/python3.12/site-packages/airflow/example_dags/example_branch_labels.py
[2026-06-06T20:19:03.510+0000] {logging_mixin.py:190} INFO - [2026-06-06T20:19:03.509+0000] {dag.py:3239} INFO - Sync 1 DAGs
[2026-06-06T20:19:03.547+0000] {logging_mixin.py:190} INFO - [2026-06-06T20:19:03.546+0000] {dag.py:4180} INFO - Setting next_dagrun for example_branch_labels to 2026-06-05 00:00:00+00:00, run_after=2026-06-06 00:00:00+00:00
[2026-06-06T20:19:03.583+0000] {processor.py:208} INFO - Processing /home/airflow/.local/lib/python3.12/site-packages/airflow/example_dags/example_branch_labels.py took 0.146 seconds
[2026-06-06T20:19:34.745+0000] {processor.py:186} INFO - Started process (PID=701) to work on /home/airflow/.local/lib/python3.12/site-packages/airflow/example_dags/example_branch_labels.py
[2026-06-06T20:19:34.747+0000] {processor.py:914} INFO - Processing file /home/airflow/.local/lib/python3.12/site-packages/airflow/example_dags/example_branch_labels.py for tasks to queue
[2026-06-06T20:19:34.753+0000] {logging_mixin.py:190} INFO - [2026-06-06T20:19:34.752+0000] {dagbag.py:588} INFO - Filling up the DagBag from /home/airflow/.local/lib/python3.12/site-packages/airflow/example_dags/example_branch_labels.py
[2026-06-06T20:19:34.774+0000] {processor.py:925} INFO - DAG(s) 'example_branch_labels' retrieved from /home/airflow/.local/lib/python3.12/site-packages/airflow/example_dags/example_branch_labels.py
[2026-06-06T20:19:34.823+0000] {logging_mixin.py:190} INFO - [2026-06-06T20:19:34.823+0000] {dag.py:3239} INFO - Sync 1 DAGs
[2026-06-06T20:19:34.880+0000] {logging_mixin.py:190} INFO - [2026-06-06T20:19:34.879+0000] {dag.py:4180} INFO - Setting next_dagrun for example_branch_labels to 2026-06-05 00:00:00+00:00, run_after=2026-06-06 00:00:00+00:00
[2026-06-06T20:19:34.919+0000] {processor.py:208} INFO - Processing /home/airflow/.local/lib/python3.12/site-packages/airflow/example_dags/example_branch_labels.py took 0.184 seconds
[2026-06-06T20:20:19.191+0000] {processor.py:186} INFO - Started process (PID=770) to work on /home/airflow/.local/lib/python3.12/site-packages/airflow/example_dags/example_branch_labels.py
[2026-06-06T20:20:19.196+0000] {processor.py:914} INFO - Processing file /home/airflow/.local/lib/python3.12/site-packages/airflow/example_dags/example_branch_labels.py for tasks to queue
[2026-06-06T20:20:19.203+0000] {logging_mixin.py:190} INFO - [2026-06-06T20:20:19.202+0000] {dagbag.py:588} INFO - Filling up the DagBag from /home/airflow/.local/lib/python3.12/site-packages/airflow/example_dags/example_branch_labels.py
[2026-06-06T20:20:19.231+0000] {processor.py:925} INFO - DAG(s) 'example_branch_labels' retrieved from /home/airflow/.local/lib/python3.12/site-packages/airflow/example_dags/example_branch_labels.py
[2026-06-06T20:20:19.313+0000] {logging_mixin.py:190} INFO - [2026-06-06T20:20:19.313+0000] {dag.py:3239} INFO - Sync 1 DAGs
[2026-06-06T20:20:19.374+0000] {logging_mixin.py:190} INFO - [2026-06-06T20:20:19.374+0000] {dag.py:4180} INFO - Setting next_dagrun for example_branch_labels to 2026-06-05 00:00:00+00:00, run_after=2026-06-06 00:00:00+00:00
[2026-06-06T20:20:19.417+0000] {processor.py:208} INFO - Processing /home/airflow/.local/lib/python3.12/site-packages/airflow/example_dags/example_branch_labels.py took 0.240 seconds
[2026-06-06T20:21:00.736+0000] {processor.py:186} INFO - Started process (PID=830) to work on /home/airflow/.local/lib/python3.12/site-packages/airflow/example_dags/example_branch_labels.py
[2026-06-06T20:21:00.740+0000] {processor.py:914} INFO - Processing file /home/airflow/.local/lib/python3.12/site-packages/airflow/example_dags/example_branch_labels.py for tasks to queue
[2026-06-06T20:21:00.745+0000] {logging_mixin.py:190} INFO - [2026-06-06T20:21:00.744+0000] {dagbag.py:588} INFO - Filling up the DagBag from /home/airflow/.local/lib/python3.12/site-packages/airflow/example_dags/example_branch_labels.py
[2026-06-06T20:21:00.765+0000] {processor.py:925} INFO - DAG(s) 'example_branch_labels' retrieved from /home/airflow/.local/lib/python3.12/site-packages/airflow/example_dags/example_branch_labels.py
[2026-06-06T20:21:00.809+0000] {logging_mixin.py:190} INFO - [2026-06-06T20:21:00.808+0000] {dag.py:3239} INFO - Sync 1 DAGs
[2026-06-06T20:21:00.851+0000] {logging_mixin.py:190} INFO - [2026-06-06T20:21:00.851+0000] {dag.py:4180} INFO - Setting next_dagrun for example_branch_labels to 2026-06-05 00:00:00+00:00, run_after=2026-06-06 00:00:00+00:00
[2026-06-06T20:21:00.888+0000] {processor.py:208} INFO - Processing /home/airflow/.local/lib/python3.12/site-packages/airflow/example_dags/example_branch_labels.py took 0.163 seconds
[2026-06-06T20:21:31.404+0000] {processor.py:186} INFO - Started process (PID=891) to work on /home/airflow/.local/lib/python3.12/site-packages/airflow/example_dags/example_branch_labels.py
[2026-06-06T20:21:31.406+0000] {processor.py:914} INFO - Processing file /home/airflow/.local/lib/python3.12/site-packages/airflow/example_dags/example_branch_labels.py for tasks to queue
[2026-06-06T20:21:31.412+0000] {logging_mixin.py:190} INFO - [2026-06-06T20:21:31.411+0000] {dagbag.py:588} INFO - Filling up the DagBag from /home/airflow/.local/lib/python3.12/site-packages/airflow/example_dags/example_branch_labels.py
[2026-06-06T20:21:31.433+0000] {processor.py:925} INFO - DAG(s) 'example_branch_labels' retrieved from /home/airflow/.local/lib/python3.12/site-packages/airflow/example_dags/example_branch_labels.py
[2026-06-06T20:21:31.479+0000] {logging_mixin.py:190} INFO - [2026-06-06T20:21:31.479+0000] {dag.py:3239} INFO - Sync 1 DAGs
[2026-06-06T20:21:31.525+0000] {logging_mixin.py:190} INFO - [2026-06-06T20:21:31.525+0000] {dag.py:4180} INFO - Setting next_dagrun for example_branch_labels to 2026-06-05 00:00:00+00:00, run_after=2026-06-06 00:00:00+00:00
[2026-06-06T20:21:31.561+0000] {processor.py:208} INFO - Processing /home/airflow/.local/lib/python3.12/site-packages/airflow/example_dags/example_branch_labels.py took 0.169 seconds
[2026-06-06T20:22:12.117+0000] {processor.py:186} INFO - Started process (PID=949) to work on /home/airflow/.local/lib/python3.12/site-packages/airflow/example_dags/example_branch_labels.py
[2026-06-06T20:22:12.120+0000] {processor.py:914} INFO - Processing file /home/airflow/.local/lib/python3.12/site-packages/airflow/example_dags/example_branch_labels.py for tasks to queue
[2026-06-06T20:22:12.126+0000] {logging_mixin.py:190} INFO - [2026-06-06T20:22:12.125+0000] {dagbag.py:588} INFO - Filling up the DagBag from /home/airflow/.local/lib/python3.12/site-packages/airflow/example_dags/example_branch_labels.py
[2026-06-06T20:22:12.148+0000] {processor.py:925} INFO - DAG(s) 'example_branch_labels' retrieved from /home/airflow/.local/lib/python3.12/site-packages/airflow/example_dags/example_branch_labels.py
[2026-06-06T20:22:12.198+0000] {logging_mixin.py:190} INFO - [2026-06-06T20:22:12.198+0000] {dag.py:3239} INFO - Sync 1 DAGs
[2026-06-06T20:22:12.246+0000] {logging_mixin.py:190} INFO - [2026-06-06T20:22:12.246+0000] {dag.py:4180} INFO - Setting next_dagrun for example_branch_labels to 2026-06-05 00:00:00+00:00, run_after=2026-06-06 00:00:00+00:00
[2026-06-06T20:22:12.291+0000] {processor.py:208} INFO - Processing /home/airflow/.local/lib/python3.12/site-packages/airflow/example_dags/example_branch_labels.py took 0.188 seconds
[2026-06-06T20:22:45.305+0000] {processor.py:186} INFO - Started process (PID=1011) to work on /home/airflow/.local/lib/python3.12/site-packages/airflow/example_dags/example_branch_labels.py
[2026-06-06T20:22:45.307+0000] {processor.py:914} INFO - Processing file /home/airflow/.local/lib/python3.12/site-packages/airflow/example_dags/example_branch_labels.py for tasks to queue
[2026-06-06T20:22:45.318+0000] {logging_mixin.py:190} INFO - [2026-06-06T20:22:45.316+0000] {dagbag.py:588} INFO - Filling up the DagBag from /home/airflow/.local/lib/python3.12/site-packages/airflow/example_dags/example_branch_labels.py
[2026-06-06T20:22:45.349+0000] {processor.py:925} INFO - DAG(s) 'example_branch_labels' retrieved from /home/airflow/.local/lib/python3.12/site-packages/airflow/example_dags/example_branch_labels.py
[2026-06-06T20:22:45.428+0000] {logging_mixin.py:190} INFO - [2026-06-06T20:22:45.427+0000] {dag.py:3239} INFO - Sync 1 DAGs
[2026-06-06T20:22:45.492+0000] {logging_mixin.py:190} INFO - [2026-06-06T20:22:45.491+0000] {dag.py:4180} INFO - Setting next_dagrun for example_branch_labels to 2026-06-05 00:00:00+00:00, run_after=2026-06-06 00:00:00+00:00
[2026-06-06T20:22:45.539+0000] {processor.py:208} INFO - Processing /home/airflow/.local/lib/python3.12/site-packages/airflow/example_dags/example_branch_labels.py took 0.254 seconds
[2026-06-06T20:23:16.584+0000] {processor.py:186} INFO - Started process (PID=1073) to work on /home/airflow/.local/lib/python3.12/site-packages/airflow/example_dags/example_branch_labels.py
[2026-06-06T20:23:16.587+0000] {processor.py:914} INFO - Processing file /home/airflow/.local/lib/python3.12/site-packages/airflow/example_dags/example_branch_labels.py for tasks to queue
[2026-06-06T20:23:16.593+0000] {logging_mixin.py:190} INFO - [2026-06-06T20:23:16.593+0000] {dagbag.py:588} INFO - Filling up the DagBag from /home/airflow/.local/lib/python3.12/site-packages/airflow/example_dags/example_branch_labels.py
[2026-06-06T20:23:16.616+0000] {processor.py:925} INFO - DAG(s) 'example_branch_labels' retrieved from /home/airflow/.local/lib/python3.12/site-packages/airflow/example_dags/example_branch_labels.py
[2026-06-06T20:23:16.675+0000] {logging_mixin.py:190} INFO - [2026-06-06T20:23:16.674+0000] {dag.py:3239} INFO - Sync 1 DAGs
[2026-06-06T20:23:16.738+0000] {logging_mixin.py:190} INFO - [2026-06-06T20:23:16.737+0000] {dag.py:4180} INFO - Setting next_dagrun for example_branch_labels to 2026-06-05 00:00:00+00:00, run_after=2026-06-06 00:00:00+00:00
[2026-06-06T20:23:16.797+0000] {processor.py:208} INFO - Processing /home/airflow/.local/lib/python3.12/site-packages/airflow/example_dags/example_branch_labels.py took 0.226 seconds
[2026-06-06T20:23:50.324+0000] {processor.py:186} INFO - Started process (PID=1139) to work on /home/airflow/.local/lib/python3.12/site-packages/airflow/example_dags/example_branch_labels.py
[2026-06-06T20:23:50.327+0000] {processor.py:914} INFO - Processing file /home/airflow/.local/lib/python3.12/site-packages/airflow/example_dags/example_branch_labels.py for tasks to queue
[2026-06-06T20:23:50.333+0000] {logging_mixin.py:190} INFO - [2026-06-06T20:23:50.333+0000] {dagbag.py:588} INFO - Filling up the DagBag from /home/airflow/.local/lib/python3.12/site-packages/airflow/example_dags/example_branch_labels.py
[2026-06-06T20:23:50.351+0000] {processor.py:925} INFO - DAG(s) 'example_branch_labels' retrieved from /home/airflow/.local/lib/python3.12/site-packages/airflow/example_dags/example_branch_labels.py
[2026-06-06T20:23:50.419+0000] {logging_mixin.py:190} INFO - [2026-06-06T20:23:50.417+0000] {dag.py:3239} INFO - Sync 1 DAGs
[2026-06-06T20:23:50.483+0000] {logging_mixin.py:190} INFO - [2026-06-06T20:23:50.483+0000] {dag.py:4180} INFO - Setting next_dagrun for example_branch_labels to 2026-06-05 00:00:00+00:00, run_after=2026-06-06 00:00:00+00:00
[2026-06-06T20:23:50.536+0000] {processor.py:208} INFO - Processing /home/airflow/.local/lib/python3.12/site-packages/airflow/example_dags/example_branch_labels.py took 0.225 seconds
[2026-06-06T20:24:24.726+0000] {processor.py:186} INFO - Started process (PID=1198) to work on /home/airflow/.local/lib/python3.12/site-packages/airflow/example_dags/example_branch_labels.py
[2026-06-06T20:24:24.730+0000] {processor.py:914} INFO - Processing file /home/airflow/.local/lib/python3.12/site-packages/airflow/example_dags/example_branch_labels.py for tasks to queue
[2026-06-06T20:24:24.741+0000] {logging_mixin.py:190} INFO - [2026-06-06T20:24:24.739+0000] {dagbag.py:588} INFO - Filling up the DagBag from /home/airflow/.local/lib/python3.12/site-packages/airflow/example_dags/example_branch_labels.py
[2026-06-06T20:24:24.766+0000] {processor.py:925} INFO - DAG(s) 'example_branch_labels' retrieved from /home/airflow/.local/lib/python3.12/site-packages/airflow/example_dags/example_branch_labels.py
[2026-06-06T20:24:24.829+0000] {logging_mixin.py:190} INFO - [2026-06-06T20:24:24.828+0000] {dag.py:3239} INFO - Sync 1 DAGs
[2026-06-06T20:24:24.897+0000] {logging_mixin.py:190} INFO - [2026-06-06T20:24:24.896+0000] {dag.py:4180} INFO - Setting next_dagrun for example_branch_labels to 2026-06-05 00:00:00+00:00, run_after=2026-06-06 00:00:00+00:00
[2026-06-06T20:24:24.944+0000] {processor.py:208} INFO - Processing /home/airflow/.local/lib/python3.12/site-packages/airflow/example_dags/example_branch_labels.py took 0.230 seconds
[2026-06-06T20:25:02.309+0000] {processor.py:186} INFO - Started process (PID=1261) to work on /home/airflow/.local/lib/python3.12/site-packages/airflow/example_dags/example_branch_labels.py
[2026-06-06T20:25:02.311+0000] {processor.py:914} INFO - Processing file /home/airflow/.local/lib/python3.12/site-packages/airflow/example_dags/example_branch_labels.py for tasks to queue
[2026-06-06T20:25:02.315+0000] {logging_mixin.py:190} INFO - [2026-06-06T20:25:02.315+0000] {dagbag.py:588} INFO - Filling up the DagBag from /home/airflow/.local/lib/python3.12/site-packages/airflow/example_dags/example_branch_labels.py
[2026-06-06T20:25:02.330+0000] {processor.py:925} INFO - DAG(s) 'example_branch_labels' retrieved from /home/airflow/.local/lib/python3.12/site-packages/airflow/example_dags/example_branch_labels.py
[2026-06-06T20:25:02.387+0000] {logging_mixin.py:190} INFO - [2026-06-06T20:25:02.386+0000] {dag.py:3239} INFO - Sync 1 DAGs
[2026-06-06T20:25:02.433+0000] {logging_mixin.py:190} INFO - [2026-06-06T20:25:02.433+0000] {dag.py:4180} INFO - Setting next_dagrun for example_branch_labels to 2026-06-05 00:00:00+00:00, run_after=2026-06-06 00:00:00+00:00
[2026-06-06T20:25:02.494+0000] {processor.py:208} INFO - Processing /home/airflow/.local/lib/python3.12/site-packages/airflow/example_dags/example_branch_labels.py took 0.193 seconds
[2026-06-06T20:25:44.384+0000] {processor.py:186} INFO - Started process (PID=1323) to work on /home/airflow/.local/lib/python3.12/site-packages/airflow/example_dags/example_branch_labels.py
[2026-06-06T20:25:44.386+0000] {processor.py:914} INFO - Processing file /home/airflow/.local/lib/python3.12/site-packages/airflow/example_dags/example_branch_labels.py for tasks to queue
[2026-06-06T20:25:44.391+0000] {logging_mixin.py:190} INFO - [2026-06-06T20:25:44.390+0000] {dagbag.py:588} INFO - Filling up the DagBag from /home/airflow/.local/lib/python3.12/site-packages/airflow/example_dags/example_branch_labels.py
[2026-06-06T20:25:44.407+0000] {processor.py:925} INFO - DAG(s) 'example_branch_labels' retrieved from /home/airflow/.local/lib/python3.12/site-packages/airflow/example_dags/example_branch_labels.py
[2026-06-06T20:25:44.447+0000] {logging_mixin.py:190} INFO - [2026-06-06T20:25:44.447+0000] {dag.py:3239} INFO - Sync 1 DAGs
[2026-06-06T20:25:44.490+0000] {logging_mixin.py:190} INFO - [2026-06-06T20:25:44.490+0000] {dag.py:4180} INFO - Setting next_dagrun for example_branch_labels to 2026-06-05 00:00:00+00:00, run_after=2026-06-06 00:00:00+00:00
[2026-06-06T20:25:44.522+0000] {processor.py:208} INFO - Processing /home/airflow/.local/lib/python3.12/site-packages/airflow/example_dags/example_branch_labels.py took 0.147 seconds
[2026-06-06T20:26:27.350+0000] {processor.py:186} INFO - Started process (PID=1393) to work on /home/airflow/.local/lib/python3.12/site-packages/airflow/example_dags/example_branch_labels.py
[2026-06-06T20:26:27.354+0000] {processor.py:914} INFO - Processing file /home/airflow/.local/lib/python3.12/site-packages/airflow/example_dags/example_branch_labels.py for tasks to queue
[2026-06-06T20:26:27.368+0000] {logging_mixin.py:190} INFO - [2026-06-06T20:26:27.367+0000] {dagbag.py:588} INFO - Filling up the DagBag from /home/airflow/.local/lib/python3.12/site-packages/airflow/example_dags/example_branch_labels.py
[2026-06-06T20:26:27.392+0000] {processor.py:925} INFO - DAG(s) 'example_branch_labels' retrieved from /home/airflow/.local/lib/python3.12/site-packages/airflow/example_dags/example_branch_labels.py
[2026-06-06T20:26:27.449+0000] {logging_mixin.py:190} INFO - [2026-06-06T20:26:27.448+0000] {dag.py:3239} INFO - Sync 1 DAGs
[2026-06-06T20:26:27.508+0000] {logging_mixin.py:190} INFO - [2026-06-06T20:26:27.507+0000] {dag.py:4180} INFO - Setting next_dagrun for example_branch_labels to 2026-06-05 00:00:00+00:00, run_after=2026-06-06 00:00:00+00:00
[2026-06-06T20:26:27.541+0000] {processor.py:208} INFO - Processing /home/airflow/.local/lib/python3.12/site-packages/airflow/example_dags/example_branch_labels.py took 0.205 seconds
[2026-06-06T20:26:58.011+0000] {processor.py:186} INFO - Started process (PID=1456) to work on /home/airflow/.local/lib/python3.12/site-packages/airflow/example_dags/example_branch_labels.py
[2026-06-06T20:26:58.013+0000] {processor.py:914} INFO - Processing file /home/airflow/.local/lib/python3.12/site-packages/airflow/example_dags/example_branch_labels.py for tasks to queue
[2026-06-06T20:26:58.020+0000] {logging_mixin.py:190} INFO - [2026-06-06T20:26:58.019+0000] {dagbag.py:588} INFO - Filling up the DagBag from /home/airflow/.local/lib/python3.12/site-packages/airflow/example_dags/example_branch_labels.py
[2026-06-06T20:26:58.076+0000] {processor.py:925} INFO - DAG(s) 'example_branch_labels' retrieved from /home/airflow/.local/lib/python3.12/site-packages/airflow/example_dags/example_branch_labels.py
[2026-06-06T20:26:58.134+0000] {logging_mixin.py:190} INFO - [2026-06-06T20:26:58.133+0000] {dag.py:3239} INFO - Sync 1 DAGs
[2026-06-06T20:26:58.181+0000] {logging_mixin.py:190} INFO - [2026-06-06T20:26:58.180+0000] {dag.py:4180} INFO - Setting next_dagrun for example_branch_labels to 2026-06-05 00:00:00+00:00, run_after=2026-06-06 00:00:00+00:00
[2026-06-06T20:26:58.216+0000] {processor.py:208} INFO - Processing /home/airflow/.local/lib/python3.12/site-packages/airflow/example_dags/example_branch_labels.py took 0.218 seconds
[2026-06-06T20:27:35.688+0000] {processor.py:186} INFO - Started process (PID=1518) to work on /home/airflow/.local/lib/python3.12/site-packages/airflow/example_dags/example_branch_labels.py
[2026-06-06T20:27:35.691+0000] {processor.py:914} INFO - Processing file /home/airflow/.local/lib/python3.12/site-packages/airflow/example_dags/example_branch_labels.py for tasks to queue
[2026-06-06T20:27:35.698+0000] {logging_mixin.py:190} INFO - [2026-06-06T20:27:35.697+0000] {dagbag.py:588} INFO - Filling up the DagBag from /home/airflow/.local/lib/python3.12/site-packages/airflow/example_dags/example_branch_labels.py
[2026-06-06T20:27:35.721+0000] {processor.py:925} INFO - DAG(s) 'example_branch_labels' retrieved from /home/airflow/.local/lib/python3.12/site-packages/airflow/example_dags/example_branch_labels.py
[2026-06-06T20:27:35.781+0000] {logging_mixin.py:190} INFO - [2026-06-06T20:27:35.781+0000] {dag.py:3239} INFO - Sync 1 DAGs
[2026-06-06T20:27:35.845+0000] {logging_mixin.py:190} INFO - [2026-06-06T20:27:35.845+0000] {dag.py:4180} INFO - Setting next_dagrun for example_branch_labels to 2026-06-05 00:00:00+00:00, run_after=2026-06-06 00:00:00+00:00
[2026-06-06T20:27:35.936+0000] {processor.py:208} INFO - Processing /home/airflow/.local/lib/python3.12/site-packages/airflow/example_dags/example_branch_labels.py took 0.260 seconds
[2026-06-06T20:28:11.306+0000] {processor.py:186} INFO - Started process (PID=1581) to work on /home/airflow/.local/lib/python3.12/site-packages/airflow/example_dags/example_branch_labels.py
[2026-06-06T20:28:11.308+0000] {processor.py:914} INFO - Processing file /home/airflow/.local/lib/python3.12/site-packages/airflow/example_dags/example_branch_labels.py for tasks to queue
[2026-06-06T20:28:11.315+0000] {logging_mixin.py:190} INFO - [2026-06-06T20:28:11.314+0000] {dagbag.py:588} INFO - Filling up the DagBag from /home/airflow/.local/lib/python3.12/site-packages/airflow/example_dags/example_branch_labels.py
[2026-06-06T20:28:11.335+0000] {processor.py:925} INFO - DAG(s) 'example_branch_labels' retrieved from /home/airflow/.local/lib/python3.12/site-packages/airflow/example_dags/example_branch_labels.py
[2026-06-06T20:28:11.393+0000] {logging_mixin.py:190} INFO - [2026-06-06T20:28:11.393+0000] {dag.py:3239} INFO - Sync 1 DAGs
[2026-06-06T20:28:11.468+0000] {logging_mixin.py:190} INFO - [2026-06-06T20:28:11.468+0000] {dag.py:4180} INFO - Setting next_dagrun for example_branch_labels to 2026-06-05 00:00:00+00:00, run_after=2026-06-06 00:00:00+00:00
[2026-06-06T20:28:11.512+0000] {processor.py:208} INFO - Processing /home/airflow/.local/lib/python3.12/site-packages/airflow/example_dags/example_branch_labels.py took 0.219 seconds
[2026-06-06T20:28:46.230+0000] {processor.py:186} INFO - Started process (PID=1643) to work on /home/airflow/.local/lib/python3.12/site-packages/airflow/example_dags/example_branch_labels.py
[2026-06-06T20:28:46.232+0000] {processor.py:914} INFO - Processing file /home/airflow/.local/lib/python3.12/site-packages/airflow/example_dags/example_branch_labels.py for tasks to queue
[2026-06-06T20:28:46.237+0000] {logging_mixin.py:190} INFO - [2026-06-06T20:28:46.237+0000] {dagbag.py:588} INFO - Filling up the DagBag from /home/airflow/.local/lib/python3.12/site-packages/airflow/example_dags/example_branch_labels.py
[2026-06-06T20:28:46.256+0000] {processor.py:925} INFO - DAG(s) 'example_branch_labels' retrieved from /home/airflow/.local/lib/python3.12/site-packages/airflow/example_dags/example_branch_labels.py
[2026-06-06T20:28:46.294+0000] {logging_mixin.py:190} INFO - [2026-06-06T20:28:46.294+0000] {dag.py:3239} INFO - Sync 1 DAGs
[2026-06-06T20:28:46.328+0000] {logging_mixin.py:190} INFO - [2026-06-06T20:28:46.328+0000] {dag.py:4180} INFO - Setting next_dagrun for example_branch_labels to 2026-06-05 00:00:00+00:00, run_after=2026-06-06 00:00:00+00:00
[2026-06-06T20:28:46.357+0000] {processor.py:208} INFO - Processing /home/airflow/.local/lib/python3.12/site-packages/airflow/example_dags/example_branch_labels.py took 0.137 seconds
[2026-06-06T20:29:34.241+0000] {processor.py:186} INFO - Started process (PID=1714) to work on /home/airflow/.local/lib/python3.12/site-packages/airflow/example_dags/example_branch_labels.py
[2026-06-06T20:29:34.245+0000] {processor.py:914} INFO - Processing file /home/airflow/.local/lib/python3.12/site-packages/airflow/example_dags/example_branch_labels.py for tasks to queue
[2026-06-06T20:29:34.256+0000] {logging_mixin.py:190} INFO - [2026-06-06T20:29:34.255+0000] {dagbag.py:588} INFO - Filling up the DagBag from /home/airflow/.local/lib/python3.12/site-packages/airflow/example_dags/example_branch_labels.py
[2026-06-06T20:29:34.277+0000] {processor.py:925} INFO - DAG(s) 'example_branch_labels' retrieved from /home/airflow/.local/lib/python3.12/site-packages/airflow/example_dags/example_branch_labels.py
[2026-06-06T20:29:34.349+0000] {logging_mixin.py:190} INFO - [2026-06-06T20:29:34.348+0000] {dag.py:3239} INFO - Sync 1 DAGs
[2026-06-06T20:29:34.406+0000] {logging_mixin.py:190} INFO - [2026-06-06T20:29:34.405+0000] {dag.py:4180} INFO - Setting next_dagrun for example_branch_labels to 2026-06-05 00:00:00+00:00, run_after=2026-06-06 00:00:00+00:00
[2026-06-06T20:29:34.466+0000] {processor.py:208} INFO - Processing /home/airflow/.local/lib/python3.12/site-packages/airflow/example_dags/example_branch_labels.py took 0.236 seconds
[2026-06-06T20:30:04.614+0000] {processor.py:186} INFO - Started process (PID=1776) to work on /home/airflow/.local/lib/python3.12/site-packages/airflow/example_dags/example_branch_labels.py
[2026-06-06T20:30:04.616+0000] {processor.py:914} INFO - Processing file /home/airflow/.local/lib/python3.12/site-packages/airflow/example_dags/example_branch_labels.py for tasks to queue
[2026-06-06T20:30:04.620+0000] {logging_mixin.py:190} INFO - [2026-06-06T20:30:04.620+0000] {dagbag.py:588} INFO - Filling up the DagBag from /home/airflow/.local/lib/python3.12/site-packages/airflow/example_dags/example_branch_labels.py
[2026-06-06T20:30:04.641+0000] {processor.py:925} INFO - DAG(s) 'example_branch_labels' retrieved from /home/airflow/.local/lib/python3.12/site-packages/airflow/example_dags/example_branch_labels.py
[2026-06-06T20:30:04.696+0000] {logging_mixin.py:190} INFO - [2026-06-06T20:30:04.696+0000] {dag.py:3239} INFO - Sync 1 DAGs
[2026-06-06T20:30:04.758+0000] {logging_mixin.py:190} INFO - [2026-06-06T20:30:04.757+0000] {dag.py:4180} INFO - Setting next_dagrun for example_branch_labels to 2026-06-05 00:00:00+00:00, run_after=2026-06-06 00:00:00+00:00
[2026-06-06T20:30:04.792+0000] {processor.py:208} INFO - Processing /home/airflow/.local/lib/python3.12/site-packages/airflow/example_dags/example_branch_labels.py took 0.191 seconds
[2026-06-06T20:30:42.620+0000] {processor.py:186} INFO - Started process (PID=1841) to work on /home/airflow/.local/lib/python3.12/site-packages/airflow/example_dags/example_branch_labels.py
[2026-06-06T20:30:42.622+0000] {processor.py:914} INFO - Processing file /home/airflow/.local/lib/python3.12/site-packages/airflow/example_dags/example_branch_labels.py for tasks to queue
[2026-06-06T20:30:42.626+0000] {logging_mixin.py:190} INFO - [2026-06-06T20:30:42.626+0000] {dagbag.py:588} INFO - Filling up the DagBag from /home/airflow/.local/lib/python3.12/site-packages/airflow/example_dags/example_branch_labels.py
[2026-06-06T20:30:42.644+0000] {processor.py:925} INFO - DAG(s) 'example_branch_labels' retrieved from /home/airflow/.local/lib/python3.12/site-packages/airflow/example_dags/example_branch_labels.py
[2026-06-06T20:30:42.691+0000] {logging_mixin.py:190} INFO - [2026-06-06T20:30:42.691+0000] {dag.py:3239} INFO - Sync 1 DAGs
[2026-06-06T20:30:42.734+0000] {logging_mixin.py:190} INFO - [2026-06-06T20:30:42.734+0000] {dag.py:4180} INFO - Setting next_dagrun for example_branch_labels to 2026-06-05 00:00:00+00:00, run_after=2026-06-06 00:00:00+00:00
[2026-06-06T20:30:42.770+0000] {processor.py:208} INFO - Processing /home/airflow/.local/lib/python3.12/site-packages/airflow/example_dags/example_branch_labels.py took 0.160 seconds
[2026-06-06T20:31:21.405+0000] {processor.py:186} INFO - Started process (PID=1902) to work on /home/airflow/.local/lib/python3.12/site-packages/airflow/example_dags/example_branch_labels.py
[2026-06-06T20:31:21.408+0000] {processor.py:914} INFO - Processing file /home/airflow/.local/lib/python3.12/site-packages/airflow/example_dags/example_branch_labels.py for tasks to queue
[2026-06-06T20:31:21.415+0000] {logging_mixin.py:190} INFO - [2026-06-06T20:31:21.414+0000] {dagbag.py:588} INFO - Filling up the DagBag from /home/airflow/.local/lib/python3.12/site-packages/airflow/example_dags/example_branch_labels.py
[2026-06-06T20:31:21.437+0000] {processor.py:925} INFO - DAG(s) 'example_branch_labels' retrieved from /home/airflow/.local/lib/python3.12/site-packages/airflow/example_dags/example_branch_labels.py
[2026-06-06T20:31:21.491+0000] {logging_mixin.py:190} INFO - [2026-06-06T20:31:21.491+0000] {dag.py:3239} INFO - Sync 1 DAGs
[2026-06-06T20:31:21.543+0000] {logging_mixin.py:190} INFO - [2026-06-06T20:31:21.543+0000] {dag.py:4180} INFO - Setting next_dagrun for example_branch_labels to 2026-06-05 00:00:00+00:00, run_after=2026-06-06 00:00:00+00:00
[2026-06-06T20:31:21.584+0000] {processor.py:208} INFO - Processing /home/airflow/.local/lib/python3.12/site-packages/airflow/example_dags/example_branch_labels.py took 0.194 seconds
[2026-06-06T20:32:02.776+0000] {processor.py:186} INFO - Started process (PID=1969) to work on /home/airflow/.local/lib/python3.12/site-packages/airflow/example_dags/example_branch_labels.py
[2026-06-06T20:32:02.778+0000] {processor.py:914} INFO - Processing file /home/airflow/.local/lib/python3.12/site-packages/airflow/example_dags/example_branch_labels.py for tasks to queue
[2026-06-06T20:32:02.783+0000] {logging_mixin.py:190} INFO - [2026-06-06T20:32:02.782+0000] {dagbag.py:588} INFO - Filling up the DagBag from /home/airflow/.local/lib/python3.12/site-packages/airflow/example_dags/example_branch_labels.py
[2026-06-06T20:32:02.799+0000] {processor.py:925} INFO - DAG(s) 'example_branch_labels' retrieved from /home/airflow/.local/lib/python3.12/site-packages/airflow/example_dags/example_branch_labels.py
[2026-06-06T20:32:02.842+0000] {logging_mixin.py:190} INFO - [2026-06-06T20:32:02.842+0000] {dag.py:3239} INFO - Sync 1 DAGs
[2026-06-06T20:32:02.888+0000] {logging_mixin.py:190} INFO - [2026-06-06T20:32:02.887+0000] {dag.py:4180} INFO - Setting next_dagrun for example_branch_labels to 2026-06-05 00:00:00+00:00, run_after=2026-06-06 00:00:00+00:00
[2026-06-06T20:32:02.920+0000] {processor.py:208} INFO - Processing /home/airflow/.local/lib/python3.12/site-packages/airflow/example_dags/example_branch_labels.py took 0.156 seconds
[2026-06-06T20:32:47.443+0000] {processor.py:186} INFO - Started process (PID=2032) to work on /home/airflow/.local/lib/python3.12/site-packages/airflow/example_dags/example_branch_labels.py
[2026-06-06T20:32:47.445+0000] {processor.py:914} INFO - Processing file /home/airflow/.local/lib/python3.12/site-packages/airflow/example_dags/example_branch_labels.py for tasks to queue
[2026-06-06T20:32:47.451+0000] {logging_mixin.py:190} INFO - [2026-06-06T20:32:47.451+0000] {dagbag.py:588} INFO - Filling up the DagBag from /home/airflow/.local/lib/python3.12/site-packages/airflow/example_dags/example_branch_labels.py
[2026-06-06T20:32:47.469+0000] {processor.py:925} INFO - DAG(s) 'example_branch_labels' retrieved from /home/airflow/.local/lib/python3.12/site-packages/airflow/example_dags/example_branch_labels.py
[2026-06-06T20:32:47.512+0000] {logging_mixin.py:190} INFO - [2026-06-06T20:32:47.512+0000] {dag.py:3239} INFO - Sync 1 DAGs
[2026-06-06T20:32:47.562+0000] {logging_mixin.py:190} INFO - [2026-06-06T20:32:47.561+0000] {dag.py:4180} INFO - Setting next_dagrun for example_branch_labels to 2026-06-05 00:00:00+00:00, run_after=2026-06-06 00:00:00+00:00
[2026-06-06T20:32:47.600+0000] {processor.py:208} INFO - Processing /home/airflow/.local/lib/python3.12/site-packages/airflow/example_dags/example_branch_labels.py took 0.168 seconds
[2026-06-06T20:33:23.210+0000] {processor.py:186} INFO - Started process (PID=2102) to work on /home/airflow/.local/lib/python3.12/site-packages/airflow/example_dags/example_branch_labels.py
[2026-06-06T20:33:23.212+0000] {processor.py:914} INFO - Processing file /home/airflow/.local/lib/python3.12/site-packages/airflow/example_dags/example_branch_labels.py for tasks to queue
[2026-06-06T20:33:23.218+0000] {logging_mixin.py:190} INFO - [2026-06-06T20:33:23.218+0000] {dagbag.py:588} INFO - Filling up the DagBag from /home/airflow/.local/lib/python3.12/site-packages/airflow/example_dags/example_branch_labels.py
[2026-06-06T20:33:23.234+0000] {processor.py:925} INFO - DAG(s) 'example_branch_labels' retrieved from /home/airflow/.local/lib/python3.12/site-packages/airflow/example_dags/example_branch_labels.py
[2026-06-06T20:33:23.276+0000] {logging_mixin.py:190} INFO - [2026-06-06T20:33:23.275+0000] {dag.py:3239} INFO - Sync 1 DAGs
[2026-06-06T20:33:23.315+0000] {logging_mixin.py:190} INFO - [2026-06-06T20:33:23.315+0000] {dag.py:4180} INFO - Setting next_dagrun for example_branch_labels to 2026-06-05 00:00:00+00:00, run_after=2026-06-06 00:00:00+00:00
[2026-06-06T20:33:23.344+0000] {processor.py:208} INFO - Processing /home/airflow/.local/lib/python3.12/site-packages/airflow/example_dags/example_branch_labels.py took 0.146 seconds
[2026-06-06T20:33:55.054+0000] {processor.py:186} INFO - Started process (PID=2155) to work on /home/airflow/.local/lib/python3.12/site-packages/airflow/example_dags/example_branch_labels.py
[2026-06-06T20:33:55.056+0000] {processor.py:914} INFO - Processing file /home/airflow/.local/lib/python3.12/site-packages/airflow/example_dags/example_branch_labels.py for tasks to queue
[2026-06-06T20:33:55.064+0000] {logging_mixin.py:190} INFO - [2026-06-06T20:33:55.063+0000] {dagbag.py:588} INFO - Filling up the DagBag from /home/airflow/.local/lib/python3.12/site-packages/airflow/example_dags/example_branch_labels.py
[2026-06-06T20:33:55.084+0000] {processor.py:925} INFO - DAG(s) 'example_branch_labels' retrieved from /home/airflow/.local/lib/python3.12/site-packages/airflow/example_dags/example_branch_labels.py
[2026-06-06T20:33:55.133+0000] {logging_mixin.py:190} INFO - [2026-06-06T20:33:55.133+0000] {dag.py:3239} INFO - Sync 1 DAGs
[2026-06-06T20:33:55.190+0000] {logging_mixin.py:190} INFO - [2026-06-06T20:33:55.189+0000] {dag.py:4180} INFO - Setting next_dagrun for example_branch_labels to 2026-06-05 00:00:00+00:00, run_after=2026-06-06 00:00:00+00:00
[2026-06-06T20:33:55.230+0000] {processor.py:208} INFO - Processing /home/airflow/.local/lib/python3.12/site-packages/airflow/example_dags/example_branch_labels.py took 0.189 seconds
[2026-06-06T20:34:26.246+0000] {processor.py:186} INFO - Started process (PID=2218) to work on /home/airflow/.local/lib/python3.12/site-packages/airflow/example_dags/example_branch_labels.py
[2026-06-06T20:34:26.249+0000] {processor.py:914} INFO - Processing file /home/airflow/.local/lib/python3.12/site-packages/airflow/example_dags/example_branch_labels.py for tasks to queue
[2026-06-06T20:34:26.268+0000] {logging_mixin.py:190} INFO - [2026-06-06T20:34:26.267+0000] {dagbag.py:588} INFO - Filling up the DagBag from /home/airflow/.local/lib/python3.12/site-packages/airflow/example_dags/example_branch_labels.py
[2026-06-06T20:34:26.330+0000] {processor.py:925} INFO - DAG(s) 'example_branch_labels' retrieved from /home/airflow/.local/lib/python3.12/site-packages/airflow/example_dags/example_branch_labels.py
[2026-06-06T20:34:26.454+0000] {logging_mixin.py:190} INFO - [2026-06-06T20:34:26.452+0000] {dag.py:3239} INFO - Sync 1 DAGs
[2026-06-06T20:34:26.583+0000] {logging_mixin.py:190} INFO - [2026-06-06T20:34:26.582+0000] {dag.py:4180} INFO - Setting next_dagrun for example_branch_labels to 2026-06-05 00:00:00+00:00, run_after=2026-06-06 00:00:00+00:00
[2026-06-06T20:34:26.645+0000] {processor.py:208} INFO - Processing /home/airflow/.local/lib/python3.12/site-packages/airflow/example_dags/example_branch_labels.py took 0.415 seconds
[2026-06-06T20:35:04.563+0000] {processor.py:186} INFO - Started process (PID=2280) to work on /home/airflow/.local/lib/python3.12/site-packages/airflow/example_dags/example_branch_labels.py
[2026-06-06T20:35:04.566+0000] {processor.py:914} INFO - Processing file /home/airflow/.local/lib/python3.12/site-packages/airflow/example_dags/example_branch_labels.py for tasks to queue
[2026-06-06T20:35:04.572+0000] {logging_mixin.py:190} INFO - [2026-06-06T20:35:04.571+0000] {dagbag.py:588} INFO - Filling up the DagBag from /home/airflow/.local/lib/python3.12/site-packages/airflow/example_dags/example_branch_labels.py
[2026-06-06T20:35:04.596+0000] {processor.py:925} INFO - DAG(s) 'example_branch_labels' retrieved from /home/airflow/.local/lib/python3.12/site-packages/airflow/example_dags/example_branch_labels.py
[2026-06-06T20:35:04.652+0000] {logging_mixin.py:190} INFO - [2026-06-06T20:35:04.652+0000] {dag.py:3239} INFO - Sync 1 DAGs
[2026-06-06T20:35:04.703+0000] {logging_mixin.py:190} INFO - [2026-06-06T20:35:04.703+0000] {dag.py:4180} INFO - Setting next_dagrun for example_branch_labels to 2026-06-05 00:00:00+00:00, run_after=2026-06-06 00:00:00+00:00
[2026-06-06T20:35:04.742+0000] {processor.py:208} INFO - Processing /home/airflow/.local/lib/python3.12/site-packages/airflow/example_dags/example_branch_labels.py took 0.193 seconds
[2026-06-06T20:35:44.906+0000] {processor.py:186} INFO - Started process (PID=2342) to work on /home/airflow/.local/lib/python3.12/site-packages/airflow/example_dags/example_branch_labels.py
[2026-06-06T20:35:44.908+0000] {processor.py:914} INFO - Processing file /home/airflow/.local/lib/python3.12/site-packages/airflow/example_dags/example_branch_labels.py for tasks to queue
[2026-06-06T20:35:44.917+0000] {logging_mixin.py:190} INFO - [2026-06-06T20:35:44.917+0000] {dagbag.py:588} INFO - Filling up the DagBag from /home/airflow/.local/lib/python3.12/site-packages/airflow/example_dags/example_branch_labels.py
[2026-06-06T20:35:44.942+0000] {processor.py:925} INFO - DAG(s) 'example_branch_labels' retrieved from /home/airflow/.local/lib/python3.12/site-packages/airflow/example_dags/example_branch_labels.py
[2026-06-06T20:35:45.027+0000] {logging_mixin.py:190} INFO - [2026-06-06T20:35:45.027+0000] {dag.py:3239} INFO - Sync 1 DAGs
[2026-06-06T20:35:45.111+0000] {logging_mixin.py:190} INFO - [2026-06-06T20:35:45.110+0000] {dag.py:4180} INFO - Setting next_dagrun for example_branch_labels to 2026-06-05 00:00:00+00:00, run_after=2026-06-06 00:00:00+00:00
[2026-06-06T20:35:45.155+0000] {processor.py:208} INFO - Processing /home/airflow/.local/lib/python3.12/site-packages/airflow/example_dags/example_branch_labels.py took 0.261 seconds
[2026-06-06T20:36:16.387+0000] {processor.py:186} INFO - Started process (PID=2401) to work on /home/airflow/.local/lib/python3.12/site-packages/airflow/example_dags/example_branch_labels.py
[2026-06-06T20:36:16.390+0000] {processor.py:914} INFO - Processing file /home/airflow/.local/lib/python3.12/site-packages/airflow/example_dags/example_branch_labels.py for tasks to queue
[2026-06-06T20:36:16.399+0000] {logging_mixin.py:190} INFO - [2026-06-06T20:36:16.399+0000] {dagbag.py:588} INFO - Filling up the DagBag from /home/airflow/.local/lib/python3.12/site-packages/airflow/example_dags/example_branch_labels.py
[2026-06-06T20:36:16.425+0000] {processor.py:925} INFO - DAG(s) 'example_branch_labels' retrieved from /home/airflow/.local/lib/python3.12/site-packages/airflow/example_dags/example_branch_labels.py
[2026-06-06T20:36:16.487+0000] {logging_mixin.py:190} INFO - [2026-06-06T20:36:16.486+0000] {dag.py:3239} INFO - Sync 1 DAGs
[2026-06-06T20:36:16.541+0000] {logging_mixin.py:190} INFO - [2026-06-06T20:36:16.541+0000] {dag.py:4180} INFO - Setting next_dagrun for example_branch_labels to 2026-06-05 00:00:00+00:00, run_after=2026-06-06 00:00:00+00:00
[2026-06-06T20:36:16.581+0000] {processor.py:208} INFO - Processing /home/airflow/.local/lib/python3.12/site-packages/airflow/example_dags/example_branch_labels.py took 0.207 seconds
[2026-06-06T20:36:53.513+0000] {processor.py:186} INFO - Started process (PID=2450) to work on /home/airflow/.local/lib/python3.12/site-packages/airflow/example_dags/example_branch_labels.py
[2026-06-06T20:36:53.516+0000] {processor.py:914} INFO - Processing file /home/airflow/.local/lib/python3.12/site-packages/airflow/example_dags/example_branch_labels.py for tasks to queue
[2026-06-06T20:36:53.523+0000] {logging_mixin.py:190} INFO - [2026-06-06T20:36:53.522+0000] {dagbag.py:588} INFO - Filling up the DagBag from /home/airflow/.local/lib/python3.12/site-packages/airflow/example_dags/example_branch_labels.py
[2026-06-06T20:36:53.547+0000] {processor.py:925} INFO - DAG(s) 'example_branch_labels' retrieved from /home/airflow/.local/lib/python3.12/site-packages/airflow/example_dags/example_branch_labels.py
[2026-06-06T20:36:53.602+0000] {logging_mixin.py:190} INFO - [2026-06-06T20:36:53.602+0000] {dag.py:3239} INFO - Sync 1 DAGs
[2026-06-06T20:36:53.663+0000] {logging_mixin.py:190} INFO - [2026-06-06T20:36:53.661+0000] {dag.py:4180} INFO - Setting next_dagrun for example_branch_labels to 2026-06-05 00:00:00+00:00, run_after=2026-06-06 00:00:00+00:00
[2026-06-06T20:36:53.716+0000] {processor.py:208} INFO - Processing /home/airflow/.local/lib/python3.12/site-packages/airflow/example_dags/example_branch_labels.py took 0.218 seconds
[2026-06-06T20:37:33.084+0000] {processor.py:186} INFO - Started process (PID=2518) to work on /home/airflow/.local/lib/python3.12/site-packages/airflow/example_dags/example_branch_labels.py
[2026-06-06T20:37:33.087+0000] {processor.py:914} INFO - Processing file /home/airflow/.local/lib/python3.12/site-packages/airflow/example_dags/example_branch_labels.py for tasks to queue
[2026-06-06T20:37:33.094+0000] {logging_mixin.py:190} INFO - [2026-06-06T20:37:33.093+0000] {dagbag.py:588} INFO - Filling up the DagBag from /home/airflow/.local/lib/python3.12/site-packages/airflow/example_dags/example_branch_labels.py
[2026-06-06T20:37:33.114+0000] {processor.py:925} INFO - DAG(s) 'example_branch_labels' retrieved from /home/airflow/.local/lib/python3.12/site-packages/airflow/example_dags/example_branch_labels.py
[2026-06-06T20:37:33.168+0000] {logging_mixin.py:190} INFO - [2026-06-06T20:37:33.168+0000] {dag.py:3239} INFO - Sync 1 DAGs
[2026-06-06T20:37:33.224+0000] {logging_mixin.py:190} INFO - [2026-06-06T20:37:33.223+0000] {dag.py:4180} INFO - Setting next_dagrun for example_branch_labels to 2026-06-05 00:00:00+00:00, run_after=2026-06-06 00:00:00+00:00
[2026-06-06T20:37:33.275+0000] {processor.py:208} INFO - Processing /home/airflow/.local/lib/python3.12/site-packages/airflow/example_dags/example_branch_labels.py took 0.203 seconds
[2026-06-06T20:39:53.433+0000] {processor.py:186} INFO - Started process (PID=78) to work on /home/airflow/.local/lib/python3.12/site-packages/airflow/example_dags/example_branch_labels.py
[2026-06-06T20:39:53.437+0000] {processor.py:914} INFO - Processing file /home/airflow/.local/lib/python3.12/site-packages/airflow/example_dags/example_branch_labels.py for tasks to queue
[2026-06-06T20:39:53.443+0000] {logging_mixin.py:190} INFO - [2026-06-06T20:39:53.442+0000] {dagbag.py:588} INFO - Filling up the DagBag from /home/airflow/.local/lib/python3.12/site-packages/airflow/example_dags/example_branch_labels.py
[2026-06-06T20:39:53.467+0000] {processor.py:925} INFO - DAG(s) 'example_branch_labels' retrieved from /home/airflow/.local/lib/python3.12/site-packages/airflow/example_dags/example_branch_labels.py
[2026-06-06T20:39:53.524+0000] {logging_mixin.py:190} INFO - [2026-06-06T20:39:53.523+0000] {dag.py:3239} INFO - Sync 1 DAGs
[2026-06-06T20:39:53.579+0000] {logging_mixin.py:190} INFO - [2026-06-06T20:39:53.579+0000] {dag.py:4180} INFO - Setting next_dagrun for example_branch_labels to 2026-06-05 00:00:00+00:00, run_after=2026-06-06 00:00:00+00:00
[2026-06-06T20:39:53.619+0000] {processor.py:208} INFO - Processing /home/airflow/.local/lib/python3.12/site-packages/airflow/example_dags/example_branch_labels.py took 0.205 seconds
[2026-06-06T20:40:31.509+0000] {processor.py:186} INFO - Started process (PID=148) to work on /home/airflow/.local/lib/python3.12/site-packages/airflow/example_dags/example_branch_labels.py
[2026-06-06T20:40:31.512+0000] {processor.py:914} INFO - Processing file /home/airflow/.local/lib/python3.12/site-packages/airflow/example_dags/example_branch_labels.py for tasks to queue
[2026-06-06T20:40:31.523+0000] {logging_mixin.py:190} INFO - [2026-06-06T20:40:31.522+0000] {dagbag.py:588} INFO - Filling up the DagBag from /home/airflow/.local/lib/python3.12/site-packages/airflow/example_dags/example_branch_labels.py
[2026-06-06T20:40:31.548+0000] {processor.py:925} INFO - DAG(s) 'example_branch_labels' retrieved from /home/airflow/.local/lib/python3.12/site-packages/airflow/example_dags/example_branch_labels.py
[2026-06-06T20:40:31.610+0000] {logging_mixin.py:190} INFO - [2026-06-06T20:40:31.610+0000] {dag.py:3239} INFO - Sync 1 DAGs
[2026-06-06T20:40:31.673+0000] {logging_mixin.py:190} INFO - [2026-06-06T20:40:31.672+0000] {dag.py:4180} INFO - Setting next_dagrun for example_branch_labels to 2026-06-05 00:00:00+00:00, run_after=2026-06-06 00:00:00+00:00
[2026-06-06T20:40:31.728+0000] {processor.py:208} INFO - Processing /home/airflow/.local/lib/python3.12/site-packages/airflow/example_dags/example_branch_labels.py took 0.231 seconds
[2026-06-06T20:41:17.295+0000] {processor.py:186} INFO - Started process (PID=201) to work on /home/airflow/.local/lib/python3.12/site-packages/airflow/example_dags/example_branch_labels.py
[2026-06-06T20:41:17.298+0000] {processor.py:914} INFO - Processing file /home/airflow/.local/lib/python3.12/site-packages/airflow/example_dags/example_branch_labels.py for tasks to queue
[2026-06-06T20:41:17.304+0000] {logging_mixin.py:190} INFO - [2026-06-06T20:41:17.303+0000] {dagbag.py:588} INFO - Filling up the DagBag from /home/airflow/.local/lib/python3.12/site-packages/airflow/example_dags/example_branch_labels.py
[2026-06-06T20:41:17.326+0000] {processor.py:925} INFO - DAG(s) 'example_branch_labels' retrieved from /home/airflow/.local/lib/python3.12/site-packages/airflow/example_dags/example_branch_labels.py
[2026-06-06T20:41:17.407+0000] {logging_mixin.py:190} INFO - [2026-06-06T20:41:17.407+0000] {dag.py:3239} INFO - Sync 1 DAGs
[2026-06-06T20:41:17.461+0000] {logging_mixin.py:190} INFO - [2026-06-06T20:41:17.460+0000] {dag.py:4180} INFO - Setting next_dagrun for example_branch_labels to 2026-06-05 00:00:00+00:00, run_after=2026-06-06 00:00:00+00:00
[2026-06-06T20:41:17.504+0000] {processor.py:208} INFO - Processing /home/airflow/.local/lib/python3.12/site-packages/airflow/example_dags/example_branch_labels.py took 0.220 seconds
[2026-06-06T20:41:56.216+0000] {processor.py:186} INFO - Started process (PID=267) to work on /home/airflow/.local/lib/python3.12/site-packages/airflow/example_dags/example_branch_labels.py
[2026-06-06T20:41:56.219+0000] {processor.py:914} INFO - Processing file /home/airflow/.local/lib/python3.12/site-packages/airflow/example_dags/example_branch_labels.py for tasks to queue
[2026-06-06T20:41:56.235+0000] {logging_mixin.py:190} INFO - [2026-06-06T20:41:56.231+0000] {dagbag.py:588} INFO - Filling up the DagBag from /home/airflow/.local/lib/python3.12/site-packages/airflow/example_dags/example_branch_labels.py
[2026-06-06T20:41:56.283+0000] {processor.py:925} INFO - DAG(s) 'example_branch_labels' retrieved from /home/airflow/.local/lib/python3.12/site-packages/airflow/example_dags/example_branch_labels.py
[2026-06-06T20:41:56.378+0000] {logging_mixin.py:190} INFO - [2026-06-06T20:41:56.377+0000] {dag.py:3239} INFO - Sync 1 DAGs
[2026-06-06T20:41:56.472+0000] {logging_mixin.py:190} INFO - [2026-06-06T20:41:56.471+0000] {dag.py:4180} INFO - Setting next_dagrun for example_branch_labels to 2026-06-05 00:00:00+00:00, run_after=2026-06-06 00:00:00+00:00
[2026-06-06T20:41:56.548+0000] {processor.py:208} INFO - Processing /home/airflow/.local/lib/python3.12/site-packages/airflow/example_dags/example_branch_labels.py took 0.363 seconds
[2026-06-06T20:42:40.629+0000] {processor.py:186} INFO - Started process (PID=328) to work on /home/airflow/.local/lib/python3.12/site-packages/airflow/example_dags/example_branch_labels.py
[2026-06-06T20:42:40.632+0000] {processor.py:914} INFO - Processing file /home/airflow/.local/lib/python3.12/site-packages/airflow/example_dags/example_branch_labels.py for tasks to queue
[2026-06-06T20:42:40.646+0000] {logging_mixin.py:190} INFO - [2026-06-06T20:42:40.644+0000] {dagbag.py:588} INFO - Filling up the DagBag from /home/airflow/.local/lib/python3.12/site-packages/airflow/example_dags/example_branch_labels.py
[2026-06-06T20:42:40.665+0000] {processor.py:925} INFO - DAG(s) 'example_branch_labels' retrieved from /home/airflow/.local/lib/python3.12/site-packages/airflow/example_dags/example_branch_labels.py
[2026-06-06T20:42:40.735+0000] {logging_mixin.py:190} INFO - [2026-06-06T20:42:40.734+0000] {dag.py:3239} INFO - Sync 1 DAGs
[2026-06-06T20:42:40.798+0000] {logging_mixin.py:190} INFO - [2026-06-06T20:42:40.797+0000] {dag.py:4180} INFO - Setting next_dagrun for example_branch_labels to 2026-06-05 00:00:00+00:00, run_after=2026-06-06 00:00:00+00:00
[2026-06-06T20:42:40.871+0000] {processor.py:208} INFO - Processing /home/airflow/.local/lib/python3.12/site-packages/airflow/example_dags/example_branch_labels.py took 0.255 seconds
[2026-06-06T20:43:18.470+0000] {processor.py:186} INFO - Started process (PID=390) to work on /home/airflow/.local/lib/python3.12/site-packages/airflow/example_dags/example_branch_labels.py
[2026-06-06T20:43:18.472+0000] {processor.py:914} INFO - Processing file /home/airflow/.local/lib/python3.12/site-packages/airflow/example_dags/example_branch_labels.py for tasks to queue
[2026-06-06T20:43:18.482+0000] {logging_mixin.py:190} INFO - [2026-06-06T20:43:18.480+0000] {dagbag.py:588} INFO - Filling up the DagBag from /home/airflow/.local/lib/python3.12/site-packages/airflow/example_dags/example_branch_labels.py
[2026-06-06T20:43:18.509+0000] {processor.py:925} INFO - DAG(s) 'example_branch_labels' retrieved from /home/airflow/.local/lib/python3.12/site-packages/airflow/example_dags/example_branch_labels.py
[2026-06-06T20:43:18.554+0000] {logging_mixin.py:190} INFO - [2026-06-06T20:43:18.554+0000] {dag.py:3239} INFO - Sync 1 DAGs
[2026-06-06T20:43:18.591+0000] {logging_mixin.py:190} INFO - [2026-06-06T20:43:18.591+0000] {dag.py:4180} INFO - Setting next_dagrun for example_branch_labels to 2026-06-05 00:00:00+00:00, run_after=2026-06-06 00:00:00+00:00
[2026-06-06T20:43:18.622+0000] {processor.py:208} INFO - Processing /home/airflow/.local/lib/python3.12/site-packages/airflow/example_dags/example_branch_labels.py took 0.168 seconds
[2026-06-06T20:44:04.240+0000] {processor.py:186} INFO - Started process (PID=446) to work on /home/airflow/.local/lib/python3.12/site-packages/airflow/example_dags/example_branch_labels.py
[2026-06-06T20:44:04.244+0000] {processor.py:914} INFO - Processing file /home/airflow/.local/lib/python3.12/site-packages/airflow/example_dags/example_branch_labels.py for tasks to queue
[2026-06-06T20:44:04.251+0000] {logging_mixin.py:190} INFO - [2026-06-06T20:44:04.250+0000] {dagbag.py:588} INFO - Filling up the DagBag from /home/airflow/.local/lib/python3.12/site-packages/airflow/example_dags/example_branch_labels.py
[2026-06-06T20:44:04.283+0000] {processor.py:925} INFO - DAG(s) 'example_branch_labels' retrieved from /home/airflow/.local/lib/python3.12/site-packages/airflow/example_dags/example_branch_labels.py
[2026-06-06T20:44:04.368+0000] {logging_mixin.py:190} INFO - [2026-06-06T20:44:04.367+0000] {dag.py:3239} INFO - Sync 1 DAGs
[2026-06-06T20:44:04.440+0000] {logging_mixin.py:190} INFO - [2026-06-06T20:44:04.439+0000] {dag.py:4180} INFO - Setting next_dagrun for example_branch_labels to 2026-06-05 00:00:00+00:00, run_after=2026-06-06 00:00:00+00:00
[2026-06-06T20:44:04.494+0000] {processor.py:208} INFO - Processing /home/airflow/.local/lib/python3.12/site-packages/airflow/example_dags/example_branch_labels.py took 0.270 seconds
[2026-06-06T20:44:46.272+0000] {processor.py:186} INFO - Started process (PID=507) to work on /home/airflow/.local/lib/python3.12/site-packages/airflow/example_dags/example_branch_labels.py
[2026-06-06T20:44:46.280+0000] {processor.py:914} INFO - Processing file /home/airflow/.local/lib/python3.12/site-packages/airflow/example_dags/example_branch_labels.py for tasks to queue
[2026-06-06T20:44:46.288+0000] {logging_mixin.py:190} INFO - [2026-06-06T20:44:46.287+0000] {dagbag.py:588} INFO - Filling up the DagBag from /home/airflow/.local/lib/python3.12/site-packages/airflow/example_dags/example_branch_labels.py
[2026-06-06T20:44:46.390+0000] {processor.py:925} INFO - DAG(s) 'example_branch_labels' retrieved from /home/airflow/.local/lib/python3.12/site-packages/airflow/example_dags/example_branch_labels.py
[2026-06-06T20:44:46.557+0000] {logging_mixin.py:190} INFO - [2026-06-06T20:44:46.557+0000] {dag.py:3239} INFO - Sync 1 DAGs
[2026-06-06T20:44:46.771+0000] {logging_mixin.py:190} INFO - [2026-06-06T20:44:46.771+0000] {dag.py:4180} INFO - Setting next_dagrun for example_branch_labels to 2026-06-05 00:00:00+00:00, run_after=2026-06-06 00:00:00+00:00
[2026-06-06T20:44:46.864+0000] {processor.py:208} INFO - Processing /home/airflow/.local/lib/python3.12/site-packages/airflow/example_dags/example_branch_labels.py took 0.607 seconds
[2026-06-06T20:45:20.684+0000] {processor.py:186} INFO - Started process (PID=565) to work on /home/airflow/.local/lib/python3.12/site-packages/airflow/example_dags/example_branch_labels.py
[2026-06-06T20:45:20.687+0000] {processor.py:914} INFO - Processing file /home/airflow/.local/lib/python3.12/site-packages/airflow/example_dags/example_branch_labels.py for tasks to queue
[2026-06-06T20:45:20.702+0000] {logging_mixin.py:190} INFO - [2026-06-06T20:45:20.702+0000] {dagbag.py:588} INFO - Filling up the DagBag from /home/airflow/.local/lib/python3.12/site-packages/airflow/example_dags/example_branch_labels.py
[2026-06-06T20:45:20.728+0000] {processor.py:925} INFO - DAG(s) 'example_branch_labels' retrieved from /home/airflow/.local/lib/python3.12/site-packages/airflow/example_dags/example_branch_labels.py
[2026-06-06T20:45:20.868+0000] {logging_mixin.py:190} INFO - [2026-06-06T20:45:20.867+0000] {dag.py:3239} INFO - Sync 1 DAGs
[2026-06-06T20:45:20.974+0000] {logging_mixin.py:190} INFO - [2026-06-06T20:45:20.973+0000] {dag.py:4180} INFO - Setting next_dagrun for example_branch_labels to 2026-06-05 00:00:00+00:00, run_after=2026-06-06 00:00:00+00:00
[2026-06-06T20:45:21.082+0000] {processor.py:208} INFO - Processing /home/airflow/.local/lib/python3.12/site-packages/airflow/example_dags/example_branch_labels.py took 0.418 seconds
[2026-06-06T20:45:57.127+0000] {processor.py:186} INFO - Started process (PID=623) to work on /home/airflow/.local/lib/python3.12/site-packages/airflow/example_dags/example_branch_labels.py
[2026-06-06T20:45:57.129+0000] {processor.py:914} INFO - Processing file /home/airflow/.local/lib/python3.12/site-packages/airflow/example_dags/example_branch_labels.py for tasks to queue
[2026-06-06T20:45:57.137+0000] {logging_mixin.py:190} INFO - [2026-06-06T20:45:57.136+0000] {dagbag.py:588} INFO - Filling up the DagBag from /home/airflow/.local/lib/python3.12/site-packages/airflow/example_dags/example_branch_labels.py
[2026-06-06T20:45:57.159+0000] {processor.py:925} INFO - DAG(s) 'example_branch_labels' retrieved from /home/airflow/.local/lib/python3.12/site-packages/airflow/example_dags/example_branch_labels.py
[2026-06-06T20:45:57.214+0000] {logging_mixin.py:190} INFO - [2026-06-06T20:45:57.213+0000] {dag.py:3239} INFO - Sync 1 DAGs
[2026-06-06T20:45:57.266+0000] {logging_mixin.py:190} INFO - [2026-06-06T20:45:57.266+0000] {dag.py:4180} INFO - Setting next_dagrun for example_branch_labels to 2026-06-05 00:00:00+00:00, run_after=2026-06-06 00:00:00+00:00
[2026-06-06T20:45:57.300+0000] {processor.py:208} INFO - Processing /home/airflow/.local/lib/python3.12/site-packages/airflow/example_dags/example_branch_labels.py took 0.188 seconds
[2026-06-06T20:46:39.865+0000] {processor.py:186} INFO - Started process (PID=665) to work on /home/airflow/.local/lib/python3.12/site-packages/airflow/example_dags/example_branch_labels.py
[2026-06-06T20:46:39.867+0000] {processor.py:914} INFO - Processing file /home/airflow/.local/lib/python3.12/site-packages/airflow/example_dags/example_branch_labels.py for tasks to queue
[2026-06-06T20:46:39.872+0000] {logging_mixin.py:190} INFO - [2026-06-06T20:46:39.872+0000] {dagbag.py:588} INFO - Filling up the DagBag from /home/airflow/.local/lib/python3.12/site-packages/airflow/example_dags/example_branch_labels.py
[2026-06-06T20:46:39.894+0000] {processor.py:925} INFO - DAG(s) 'example_branch_labels' retrieved from /home/airflow/.local/lib/python3.12/site-packages/airflow/example_dags/example_branch_labels.py
[2026-06-06T20:46:39.947+0000] {logging_mixin.py:190} INFO - [2026-06-06T20:46:39.947+0000] {dag.py:3239} INFO - Sync 1 DAGs
[2026-06-06T20:46:39.999+0000] {logging_mixin.py:190} INFO - [2026-06-06T20:46:39.999+0000] {dag.py:4180} INFO - Setting next_dagrun for example_branch_labels to 2026-06-05 00:00:00+00:00, run_after=2026-06-06 00:00:00+00:00
[2026-06-06T20:46:40.034+0000] {processor.py:208} INFO - Processing /home/airflow/.local/lib/python3.12/site-packages/airflow/example_dags/example_branch_labels.py took 0.180 seconds
