[2026-06-06T20:13:46.133+0000] {processor.py:186} INFO - Started process (PID=84) to work on /home/airflow/.local/lib/python3.12/site-packages/airflow/example_dags/example_short_circuit_operator.py
[2026-06-06T20:13:46.136+0000] {processor.py:914} INFO - Processing file /home/airflow/.local/lib/python3.12/site-packages/airflow/example_dags/example_short_circuit_operator.py for tasks to queue
[2026-06-06T20:13:46.145+0000] {logging_mixin.py:190} INFO - [2026-06-06T20:13:46.144+0000] {dagbag.py:588} INFO - Filling up the DagBag from /home/airflow/.local/lib/python3.12/site-packages/airflow/example_dags/example_short_circuit_operator.py
[2026-06-06T20:13:46.209+0000] {processor.py:925} INFO - DAG(s) 'example_short_circuit_operator' retrieved from /home/airflow/.local/lib/python3.12/site-packages/airflow/example_dags/example_short_circuit_operator.py
[2026-06-06T20:13:46.697+0000] {logging_mixin.py:190} INFO - [2026-06-06T20:13:46.694+0000] {override.py:1932} INFO - Created Permission View: can read on DAG:example_short_circuit_operator
[2026-06-06T20:13:46.736+0000] {logging_mixin.py:190} INFO - [2026-06-06T20:13:46.736+0000] {override.py:1932} INFO - Created Permission View: can edit on DAG:example_short_circuit_operator
[2026-06-06T20:13:46.770+0000] {logging_mixin.py:190} INFO - [2026-06-06T20:13:46.769+0000] {override.py:1932} INFO - Created Permission View: can delete on DAG:example_short_circuit_operator
[2026-06-06T20:13:46.808+0000] {logging_mixin.py:190} INFO - [2026-06-06T20:13:46.804+0000] {override.py:1932} INFO - Created Permission View: can read on DAG Run:example_short_circuit_operator
[2026-06-06T20:13:46.839+0000] {logging_mixin.py:190} INFO - [2026-06-06T20:13:46.838+0000] {override.py:1932} INFO - Created Permission View: menu access on DAG Run:example_short_circuit_operator
[2026-06-06T20:13:46.869+0000] {logging_mixin.py:190} INFO - [2026-06-06T20:13:46.867+0000] {override.py:1932} INFO - Created Permission View: can delete on DAG Run:example_short_circuit_operator
[2026-06-06T20:13:46.891+0000] {logging_mixin.py:190} INFO - [2026-06-06T20:13:46.890+0000] {override.py:1932} INFO - Created Permission View: can create on DAG Run:example_short_circuit_operator
[2026-06-06T20:13:46.892+0000] {logging_mixin.py:190} INFO - [2026-06-06T20:13:46.892+0000] {dag.py:3239} INFO - Sync 1 DAGs
[2026-06-06T20:13:46.928+0000] {logging_mixin.py:190} INFO - [2026-06-06T20:13:46.928+0000] {dag.py:3262} INFO - Creating ORM DAG for example_short_circuit_operator
[2026-06-06T20:13:46.931+0000] {logging_mixin.py:190} INFO - [2026-06-06T20:13:46.931+0000] {dag.py:4180} INFO - Setting next_dagrun for example_short_circuit_operator to None, run_after=None
[2026-06-06T20:13:46.983+0000] {processor.py:208} INFO - Processing /home/airflow/.local/lib/python3.12/site-packages/airflow/example_dags/example_short_circuit_operator.py took 0.880 seconds
[2026-06-06T20:14:27.651+0000] {processor.py:186} INFO - Started process (PID=151) to work on /home/airflow/.local/lib/python3.12/site-packages/airflow/example_dags/example_short_circuit_operator.py
[2026-06-06T20:14:27.653+0000] {processor.py:914} INFO - Processing file /home/airflow/.local/lib/python3.12/site-packages/airflow/example_dags/example_short_circuit_operator.py for tasks to queue
[2026-06-06T20:14:27.659+0000] {logging_mixin.py:190} INFO - [2026-06-06T20:14:27.658+0000] {dagbag.py:588} INFO - Filling up the DagBag from /home/airflow/.local/lib/python3.12/site-packages/airflow/example_dags/example_short_circuit_operator.py
[2026-06-06T20:14:27.683+0000] {processor.py:925} INFO - DAG(s) 'example_short_circuit_operator' retrieved from /home/airflow/.local/lib/python3.12/site-packages/airflow/example_dags/example_short_circuit_operator.py
[2026-06-06T20:14:27.751+0000] {logging_mixin.py:190} INFO - [2026-06-06T20:14:27.750+0000] {dag.py:3239} INFO - Sync 1 DAGs
[2026-06-06T20:14:27.781+0000] {logging_mixin.py:190} INFO - [2026-06-06T20:14:27.780+0000] {dag.py:4180} INFO - Setting next_dagrun for example_short_circuit_operator to None, run_after=None
[2026-06-06T20:14:27.816+0000] {processor.py:208} INFO - Processing /home/airflow/.local/lib/python3.12/site-packages/airflow/example_dags/example_short_circuit_operator.py took 0.183 seconds
[2026-06-06T20:15:04.109+0000] {processor.py:186} INFO - Started process (PID=204) to work on /home/airflow/.local/lib/python3.12/site-packages/airflow/example_dags/example_short_circuit_operator.py
[2026-06-06T20:15:04.111+0000] {processor.py:914} INFO - Processing file /home/airflow/.local/lib/python3.12/site-packages/airflow/example_dags/example_short_circuit_operator.py for tasks to queue
[2026-06-06T20:15:04.121+0000] {logging_mixin.py:190} INFO - [2026-06-06T20:15:04.120+0000] {dagbag.py:588} INFO - Filling up the DagBag from /home/airflow/.local/lib/python3.12/site-packages/airflow/example_dags/example_short_circuit_operator.py
[2026-06-06T20:15:04.146+0000] {processor.py:925} INFO - DAG(s) 'example_short_circuit_operator' retrieved from /home/airflow/.local/lib/python3.12/site-packages/airflow/example_dags/example_short_circuit_operator.py
[2026-06-06T20:15:04.233+0000] {logging_mixin.py:190} INFO - [2026-06-06T20:15:04.233+0000] {dag.py:3239} INFO - Sync 1 DAGs
[2026-06-06T20:15:04.276+0000] {logging_mixin.py:190} INFO - [2026-06-06T20:15:04.276+0000] {dag.py:4180} INFO - Setting next_dagrun for example_short_circuit_operator to None, run_after=None
[2026-06-06T20:15:04.332+0000] {processor.py:208} INFO - Processing /home/airflow/.local/lib/python3.12/site-packages/airflow/example_dags/example_short_circuit_operator.py took 0.237 seconds
[2026-06-06T20:15:41.922+0000] {processor.py:186} INFO - Started process (PID=267) to work on /home/airflow/.local/lib/python3.12/site-packages/airflow/example_dags/example_short_circuit_operator.py
[2026-06-06T20:15:41.925+0000] {processor.py:914} INFO - Processing file /home/airflow/.local/lib/python3.12/site-packages/airflow/example_dags/example_short_circuit_operator.py for tasks to queue
[2026-06-06T20:15:41.931+0000] {logging_mixin.py:190} INFO - [2026-06-06T20:15:41.930+0000] {dagbag.py:588} INFO - Filling up the DagBag from /home/airflow/.local/lib/python3.12/site-packages/airflow/example_dags/example_short_circuit_operator.py
[2026-06-06T20:15:41.953+0000] {processor.py:925} INFO - DAG(s) 'example_short_circuit_operator' retrieved from /home/airflow/.local/lib/python3.12/site-packages/airflow/example_dags/example_short_circuit_operator.py
[2026-06-06T20:15:42.037+0000] {logging_mixin.py:190} INFO - [2026-06-06T20:15:42.036+0000] {dag.py:3239} INFO - Sync 1 DAGs
[2026-06-06T20:15:42.082+0000] {logging_mixin.py:190} INFO - [2026-06-06T20:15:42.082+0000] {dag.py:4180} INFO - Setting next_dagrun for example_short_circuit_operator to None, run_after=None
[2026-06-06T20:15:42.128+0000] {processor.py:208} INFO - Processing /home/airflow/.local/lib/python3.12/site-packages/airflow/example_dags/example_short_circuit_operator.py took 0.215 seconds
[2026-06-06T20:16:15.208+0000] {processor.py:186} INFO - Started process (PID=328) to work on /home/airflow/.local/lib/python3.12/site-packages/airflow/example_dags/example_short_circuit_operator.py
[2026-06-06T20:16:15.210+0000] {processor.py:914} INFO - Processing file /home/airflow/.local/lib/python3.12/site-packages/airflow/example_dags/example_short_circuit_operator.py for tasks to queue
[2026-06-06T20:16:15.215+0000] {logging_mixin.py:190} INFO - [2026-06-06T20:16:15.215+0000] {dagbag.py:588} INFO - Filling up the DagBag from /home/airflow/.local/lib/python3.12/site-packages/airflow/example_dags/example_short_circuit_operator.py
[2026-06-06T20:16:15.232+0000] {processor.py:925} INFO - DAG(s) 'example_short_circuit_operator' retrieved from /home/airflow/.local/lib/python3.12/site-packages/airflow/example_dags/example_short_circuit_operator.py
[2026-06-06T20:16:15.285+0000] {logging_mixin.py:190} INFO - [2026-06-06T20:16:15.284+0000] {dag.py:3239} INFO - Sync 1 DAGs
[2026-06-06T20:16:15.320+0000] {logging_mixin.py:190} INFO - [2026-06-06T20:16:15.319+0000] {dag.py:4180} INFO - Setting next_dagrun for example_short_circuit_operator to None, run_after=None
[2026-06-06T20:16:15.362+0000] {processor.py:208} INFO - Processing /home/airflow/.local/lib/python3.12/site-packages/airflow/example_dags/example_short_circuit_operator.py took 0.163 seconds
[2026-06-06T20:16:50.667+0000] {processor.py:186} INFO - Started process (PID=396) to work on /home/airflow/.local/lib/python3.12/site-packages/airflow/example_dags/example_short_circuit_operator.py
[2026-06-06T20:16:50.673+0000] {processor.py:914} INFO - Processing file /home/airflow/.local/lib/python3.12/site-packages/airflow/example_dags/example_short_circuit_operator.py for tasks to queue
[2026-06-06T20:16:50.683+0000] {logging_mixin.py:190} INFO - [2026-06-06T20:16:50.682+0000] {dagbag.py:588} INFO - Filling up the DagBag from /home/airflow/.local/lib/python3.12/site-packages/airflow/example_dags/example_short_circuit_operator.py
[2026-06-06T20:16:50.703+0000] {processor.py:925} INFO - DAG(s) 'example_short_circuit_operator' retrieved from /home/airflow/.local/lib/python3.12/site-packages/airflow/example_dags/example_short_circuit_operator.py
[2026-06-06T20:16:50.759+0000] {logging_mixin.py:190} INFO - [2026-06-06T20:16:50.758+0000] {dag.py:3239} INFO - Sync 1 DAGs
[2026-06-06T20:16:50.792+0000] {logging_mixin.py:190} INFO - [2026-06-06T20:16:50.792+0000] {dag.py:4180} INFO - Setting next_dagrun for example_short_circuit_operator to None, run_after=None
[2026-06-06T20:16:50.830+0000] {processor.py:208} INFO - Processing /home/airflow/.local/lib/python3.12/site-packages/airflow/example_dags/example_short_circuit_operator.py took 0.179 seconds
[2026-06-06T20:17:23.030+0000] {processor.py:186} INFO - Started process (PID=458) to work on /home/airflow/.local/lib/python3.12/site-packages/airflow/example_dags/example_short_circuit_operator.py
[2026-06-06T20:17:23.032+0000] {processor.py:914} INFO - Processing file /home/airflow/.local/lib/python3.12/site-packages/airflow/example_dags/example_short_circuit_operator.py for tasks to queue
[2026-06-06T20:17:23.039+0000] {logging_mixin.py:190} INFO - [2026-06-06T20:17:23.037+0000] {dagbag.py:588} INFO - Filling up the DagBag from /home/airflow/.local/lib/python3.12/site-packages/airflow/example_dags/example_short_circuit_operator.py
[2026-06-06T20:17:23.053+0000] {processor.py:925} INFO - DAG(s) 'example_short_circuit_operator' retrieved from /home/airflow/.local/lib/python3.12/site-packages/airflow/example_dags/example_short_circuit_operator.py
[2026-06-06T20:17:23.103+0000] {logging_mixin.py:190} INFO - [2026-06-06T20:17:23.102+0000] {dag.py:3239} INFO - Sync 1 DAGs
[2026-06-06T20:17:23.131+0000] {logging_mixin.py:190} INFO - [2026-06-06T20:17:23.130+0000] {dag.py:4180} INFO - Setting next_dagrun for example_short_circuit_operator to None, run_after=None
[2026-06-06T20:17:23.166+0000] {processor.py:208} INFO - Processing /home/airflow/.local/lib/python3.12/site-packages/airflow/example_dags/example_short_circuit_operator.py took 0.148 seconds
[2026-06-06T20:18:01.032+0000] {processor.py:186} INFO - Started process (PID=521) to work on /home/airflow/.local/lib/python3.12/site-packages/airflow/example_dags/example_short_circuit_operator.py
[2026-06-06T20:18:01.034+0000] {processor.py:914} INFO - Processing file /home/airflow/.local/lib/python3.12/site-packages/airflow/example_dags/example_short_circuit_operator.py for tasks to queue
[2026-06-06T20:18:01.040+0000] {logging_mixin.py:190} INFO - [2026-06-06T20:18:01.039+0000] {dagbag.py:588} INFO - Filling up the DagBag from /home/airflow/.local/lib/python3.12/site-packages/airflow/example_dags/example_short_circuit_operator.py
[2026-06-06T20:18:01.054+0000] {processor.py:925} INFO - DAG(s) 'example_short_circuit_operator' retrieved from /home/airflow/.local/lib/python3.12/site-packages/airflow/example_dags/example_short_circuit_operator.py
[2026-06-06T20:18:01.101+0000] {logging_mixin.py:190} INFO - [2026-06-06T20:18:01.101+0000] {dag.py:3239} INFO - Sync 1 DAGs
[2026-06-06T20:18:01.129+0000] {logging_mixin.py:190} INFO - [2026-06-06T20:18:01.129+0000] {dag.py:4180} INFO - Setting next_dagrun for example_short_circuit_operator to None, run_after=None
[2026-06-06T20:18:01.166+0000] {processor.py:208} INFO - Processing /home/airflow/.local/lib/python3.12/site-packages/airflow/example_dags/example_short_circuit_operator.py took 0.144 seconds
[2026-06-06T20:18:32.121+0000] {processor.py:186} INFO - Started process (PID=581) to work on /home/airflow/.local/lib/python3.12/site-packages/airflow/example_dags/example_short_circuit_operator.py
[2026-06-06T20:18:32.123+0000] {processor.py:914} INFO - Processing file /home/airflow/.local/lib/python3.12/site-packages/airflow/example_dags/example_short_circuit_operator.py for tasks to queue
[2026-06-06T20:18:32.128+0000] {logging_mixin.py:190} INFO - [2026-06-06T20:18:32.127+0000] {dagbag.py:588} INFO - Filling up the DagBag from /home/airflow/.local/lib/python3.12/site-packages/airflow/example_dags/example_short_circuit_operator.py
[2026-06-06T20:18:32.144+0000] {processor.py:925} INFO - DAG(s) 'example_short_circuit_operator' retrieved from /home/airflow/.local/lib/python3.12/site-packages/airflow/example_dags/example_short_circuit_operator.py
[2026-06-06T20:18:32.194+0000] {logging_mixin.py:190} INFO - [2026-06-06T20:18:32.193+0000] {dag.py:3239} INFO - Sync 1 DAGs
[2026-06-06T20:18:32.218+0000] {logging_mixin.py:190} INFO - [2026-06-06T20:18:32.217+0000] {dag.py:4180} INFO - Setting next_dagrun for example_short_circuit_operator to None, run_after=None
[2026-06-06T20:18:32.252+0000] {processor.py:208} INFO - Processing /home/airflow/.local/lib/python3.12/site-packages/airflow/example_dags/example_short_circuit_operator.py took 0.141 seconds
[2026-06-06T20:19:04.470+0000] {processor.py:186} INFO - Started process (PID=643) to work on /home/airflow/.local/lib/python3.12/site-packages/airflow/example_dags/example_short_circuit_operator.py
[2026-06-06T20:19:04.476+0000] {processor.py:914} INFO - Processing file /home/airflow/.local/lib/python3.12/site-packages/airflow/example_dags/example_short_circuit_operator.py for tasks to queue
[2026-06-06T20:19:04.483+0000] {logging_mixin.py:190} INFO - [2026-06-06T20:19:04.482+0000] {dagbag.py:588} INFO - Filling up the DagBag from /home/airflow/.local/lib/python3.12/site-packages/airflow/example_dags/example_short_circuit_operator.py
[2026-06-06T20:19:04.504+0000] {processor.py:925} INFO - DAG(s) 'example_short_circuit_operator' retrieved from /home/airflow/.local/lib/python3.12/site-packages/airflow/example_dags/example_short_circuit_operator.py
[2026-06-06T20:19:04.579+0000] {logging_mixin.py:190} INFO - [2026-06-06T20:19:04.579+0000] {dag.py:3239} INFO - Sync 1 DAGs
[2026-06-06T20:19:04.612+0000] {logging_mixin.py:190} INFO - [2026-06-06T20:19:04.611+0000] {dag.py:4180} INFO - Setting next_dagrun for example_short_circuit_operator to None, run_after=None
[2026-06-06T20:19:04.654+0000] {processor.py:208} INFO - Processing /home/airflow/.local/lib/python3.12/site-packages/airflow/example_dags/example_short_circuit_operator.py took 0.199 seconds
[2026-06-06T20:19:35.766+0000] {processor.py:186} INFO - Started process (PID=705) to work on /home/airflow/.local/lib/python3.12/site-packages/airflow/example_dags/example_short_circuit_operator.py
[2026-06-06T20:19:35.768+0000] {processor.py:914} INFO - Processing file /home/airflow/.local/lib/python3.12/site-packages/airflow/example_dags/example_short_circuit_operator.py for tasks to queue
[2026-06-06T20:19:35.774+0000] {logging_mixin.py:190} INFO - [2026-06-06T20:19:35.773+0000] {dagbag.py:588} INFO - Filling up the DagBag from /home/airflow/.local/lib/python3.12/site-packages/airflow/example_dags/example_short_circuit_operator.py
[2026-06-06T20:19:35.791+0000] {processor.py:925} INFO - DAG(s) 'example_short_circuit_operator' retrieved from /home/airflow/.local/lib/python3.12/site-packages/airflow/example_dags/example_short_circuit_operator.py
[2026-06-06T20:19:35.842+0000] {logging_mixin.py:190} INFO - [2026-06-06T20:19:35.842+0000] {dag.py:3239} INFO - Sync 1 DAGs
[2026-06-06T20:19:35.880+0000] {logging_mixin.py:190} INFO - [2026-06-06T20:19:35.880+0000] {dag.py:4180} INFO - Setting next_dagrun for example_short_circuit_operator to None, run_after=None
[2026-06-06T20:19:35.920+0000] {processor.py:208} INFO - Processing /home/airflow/.local/lib/python3.12/site-packages/airflow/example_dags/example_short_circuit_operator.py took 0.163 seconds
[2026-06-06T20:20:20.164+0000] {processor.py:186} INFO - Started process (PID=774) to work on /home/airflow/.local/lib/python3.12/site-packages/airflow/example_dags/example_short_circuit_operator.py
[2026-06-06T20:20:20.167+0000] {processor.py:914} INFO - Processing file /home/airflow/.local/lib/python3.12/site-packages/airflow/example_dags/example_short_circuit_operator.py for tasks to queue
[2026-06-06T20:20:20.173+0000] {logging_mixin.py:190} INFO - [2026-06-06T20:20:20.172+0000] {dagbag.py:588} INFO - Filling up the DagBag from /home/airflow/.local/lib/python3.12/site-packages/airflow/example_dags/example_short_circuit_operator.py
[2026-06-06T20:20:20.190+0000] {processor.py:925} INFO - DAG(s) 'example_short_circuit_operator' retrieved from /home/airflow/.local/lib/python3.12/site-packages/airflow/example_dags/example_short_circuit_operator.py
[2026-06-06T20:20:20.250+0000] {logging_mixin.py:190} INFO - [2026-06-06T20:20:20.250+0000] {dag.py:3239} INFO - Sync 1 DAGs
[2026-06-06T20:20:20.279+0000] {logging_mixin.py:190} INFO - [2026-06-06T20:20:20.279+0000] {dag.py:4180} INFO - Setting next_dagrun for example_short_circuit_operator to None, run_after=None
[2026-06-06T20:20:20.317+0000] {processor.py:208} INFO - Processing /home/airflow/.local/lib/python3.12/site-packages/airflow/example_dags/example_short_circuit_operator.py took 0.162 seconds
[2026-06-06T20:21:01.550+0000] {processor.py:186} INFO - Started process (PID=834) to work on /home/airflow/.local/lib/python3.12/site-packages/airflow/example_dags/example_short_circuit_operator.py
[2026-06-06T20:21:01.552+0000] {processor.py:914} INFO - Processing file /home/airflow/.local/lib/python3.12/site-packages/airflow/example_dags/example_short_circuit_operator.py for tasks to queue
[2026-06-06T20:21:01.556+0000] {logging_mixin.py:190} INFO - [2026-06-06T20:21:01.555+0000] {dagbag.py:588} INFO - Filling up the DagBag from /home/airflow/.local/lib/python3.12/site-packages/airflow/example_dags/example_short_circuit_operator.py
[2026-06-06T20:21:01.569+0000] {processor.py:925} INFO - DAG(s) 'example_short_circuit_operator' retrieved from /home/airflow/.local/lib/python3.12/site-packages/airflow/example_dags/example_short_circuit_operator.py
[2026-06-06T20:21:01.610+0000] {logging_mixin.py:190} INFO - [2026-06-06T20:21:01.610+0000] {dag.py:3239} INFO - Sync 1 DAGs
[2026-06-06T20:21:01.633+0000] {logging_mixin.py:190} INFO - [2026-06-06T20:21:01.633+0000] {dag.py:4180} INFO - Setting next_dagrun for example_short_circuit_operator to None, run_after=None
[2026-06-06T20:21:01.667+0000] {processor.py:208} INFO - Processing /home/airflow/.local/lib/python3.12/site-packages/airflow/example_dags/example_short_circuit_operator.py took 0.126 seconds
[2026-06-06T20:21:32.215+0000] {processor.py:186} INFO - Started process (PID=895) to work on /home/airflow/.local/lib/python3.12/site-packages/airflow/example_dags/example_short_circuit_operator.py
[2026-06-06T20:21:32.217+0000] {processor.py:914} INFO - Processing file /home/airflow/.local/lib/python3.12/site-packages/airflow/example_dags/example_short_circuit_operator.py for tasks to queue
[2026-06-06T20:21:32.222+0000] {logging_mixin.py:190} INFO - [2026-06-06T20:21:32.221+0000] {dagbag.py:588} INFO - Filling up the DagBag from /home/airflow/.local/lib/python3.12/site-packages/airflow/example_dags/example_short_circuit_operator.py
[2026-06-06T20:21:32.238+0000] {processor.py:925} INFO - DAG(s) 'example_short_circuit_operator' retrieved from /home/airflow/.local/lib/python3.12/site-packages/airflow/example_dags/example_short_circuit_operator.py
[2026-06-06T20:21:32.292+0000] {logging_mixin.py:190} INFO - [2026-06-06T20:21:32.291+0000] {dag.py:3239} INFO - Sync 1 DAGs
[2026-06-06T20:21:32.333+0000] {logging_mixin.py:190} INFO - [2026-06-06T20:21:32.333+0000] {dag.py:4180} INFO - Setting next_dagrun for example_short_circuit_operator to None, run_after=None
[2026-06-06T20:21:32.398+0000] {processor.py:208} INFO - Processing /home/airflow/.local/lib/python3.12/site-packages/airflow/example_dags/example_short_circuit_operator.py took 0.193 seconds
[2026-06-06T20:22:13.249+0000] {processor.py:186} INFO - Started process (PID=953) to work on /home/airflow/.local/lib/python3.12/site-packages/airflow/example_dags/example_short_circuit_operator.py
[2026-06-06T20:22:13.252+0000] {processor.py:914} INFO - Processing file /home/airflow/.local/lib/python3.12/site-packages/airflow/example_dags/example_short_circuit_operator.py for tasks to queue
[2026-06-06T20:22:13.258+0000] {logging_mixin.py:190} INFO - [2026-06-06T20:22:13.257+0000] {dagbag.py:588} INFO - Filling up the DagBag from /home/airflow/.local/lib/python3.12/site-packages/airflow/example_dags/example_short_circuit_operator.py
[2026-06-06T20:22:13.276+0000] {processor.py:925} INFO - DAG(s) 'example_short_circuit_operator' retrieved from /home/airflow/.local/lib/python3.12/site-packages/airflow/example_dags/example_short_circuit_operator.py
[2026-06-06T20:22:13.330+0000] {logging_mixin.py:190} INFO - [2026-06-06T20:22:13.330+0000] {dag.py:3239} INFO - Sync 1 DAGs
[2026-06-06T20:22:13.375+0000] {logging_mixin.py:190} INFO - [2026-06-06T20:22:13.374+0000] {dag.py:4180} INFO - Setting next_dagrun for example_short_circuit_operator to None, run_after=None
[2026-06-06T20:22:13.416+0000] {processor.py:208} INFO - Processing /home/airflow/.local/lib/python3.12/site-packages/airflow/example_dags/example_short_circuit_operator.py took 0.177 seconds
[2026-06-06T20:22:46.632+0000] {processor.py:186} INFO - Started process (PID=1015) to work on /home/airflow/.local/lib/python3.12/site-packages/airflow/example_dags/example_short_circuit_operator.py
[2026-06-06T20:22:46.635+0000] {processor.py:914} INFO - Processing file /home/airflow/.local/lib/python3.12/site-packages/airflow/example_dags/example_short_circuit_operator.py for tasks to queue
[2026-06-06T20:22:46.642+0000] {logging_mixin.py:190} INFO - [2026-06-06T20:22:46.640+0000] {dagbag.py:588} INFO - Filling up the DagBag from /home/airflow/.local/lib/python3.12/site-packages/airflow/example_dags/example_short_circuit_operator.py
[2026-06-06T20:22:46.663+0000] {processor.py:925} INFO - DAG(s) 'example_short_circuit_operator' retrieved from /home/airflow/.local/lib/python3.12/site-packages/airflow/example_dags/example_short_circuit_operator.py
[2026-06-06T20:22:46.746+0000] {logging_mixin.py:190} INFO - [2026-06-06T20:22:46.746+0000] {dag.py:3239} INFO - Sync 1 DAGs
[2026-06-06T20:22:46.800+0000] {logging_mixin.py:190} INFO - [2026-06-06T20:22:46.798+0000] {dag.py:4180} INFO - Setting next_dagrun for example_short_circuit_operator to None, run_after=None
[2026-06-06T20:22:46.865+0000] {processor.py:208} INFO - Processing /home/airflow/.local/lib/python3.12/site-packages/airflow/example_dags/example_short_circuit_operator.py took 0.247 seconds
[2026-06-06T20:23:17.824+0000] {processor.py:186} INFO - Started process (PID=1077) to work on /home/airflow/.local/lib/python3.12/site-packages/airflow/example_dags/example_short_circuit_operator.py
[2026-06-06T20:23:17.826+0000] {processor.py:914} INFO - Processing file /home/airflow/.local/lib/python3.12/site-packages/airflow/example_dags/example_short_circuit_operator.py for tasks to queue
[2026-06-06T20:23:17.832+0000] {logging_mixin.py:190} INFO - [2026-06-06T20:23:17.831+0000] {dagbag.py:588} INFO - Filling up the DagBag from /home/airflow/.local/lib/python3.12/site-packages/airflow/example_dags/example_short_circuit_operator.py
[2026-06-06T20:23:17.860+0000] {processor.py:925} INFO - DAG(s) 'example_short_circuit_operator' retrieved from /home/airflow/.local/lib/python3.12/site-packages/airflow/example_dags/example_short_circuit_operator.py
[2026-06-06T20:23:17.977+0000] {logging_mixin.py:190} INFO - [2026-06-06T20:23:17.976+0000] {dag.py:3239} INFO - Sync 1 DAGs
[2026-06-06T20:23:18.055+0000] {logging_mixin.py:190} INFO - [2026-06-06T20:23:18.051+0000] {dag.py:4180} INFO - Setting next_dagrun for example_short_circuit_operator to None, run_after=None
[2026-06-06T20:23:18.122+0000] {processor.py:208} INFO - Processing /home/airflow/.local/lib/python3.12/site-packages/airflow/example_dags/example_short_circuit_operator.py took 0.310 seconds
[2026-06-06T20:23:51.287+0000] {processor.py:186} INFO - Started process (PID=1143) to work on /home/airflow/.local/lib/python3.12/site-packages/airflow/example_dags/example_short_circuit_operator.py
[2026-06-06T20:23:51.290+0000] {processor.py:914} INFO - Processing file /home/airflow/.local/lib/python3.12/site-packages/airflow/example_dags/example_short_circuit_operator.py for tasks to queue
[2026-06-06T20:23:51.294+0000] {logging_mixin.py:190} INFO - [2026-06-06T20:23:51.293+0000] {dagbag.py:588} INFO - Filling up the DagBag from /home/airflow/.local/lib/python3.12/site-packages/airflow/example_dags/example_short_circuit_operator.py
[2026-06-06T20:23:51.309+0000] {processor.py:925} INFO - DAG(s) 'example_short_circuit_operator' retrieved from /home/airflow/.local/lib/python3.12/site-packages/airflow/example_dags/example_short_circuit_operator.py
[2026-06-06T20:23:51.353+0000] {logging_mixin.py:190} INFO - [2026-06-06T20:23:51.353+0000] {dag.py:3239} INFO - Sync 1 DAGs
[2026-06-06T20:23:51.379+0000] {logging_mixin.py:190} INFO - [2026-06-06T20:23:51.377+0000] {dag.py:4180} INFO - Setting next_dagrun for example_short_circuit_operator to None, run_after=None
[2026-06-06T20:23:51.424+0000] {processor.py:208} INFO - Processing /home/airflow/.local/lib/python3.12/site-packages/airflow/example_dags/example_short_circuit_operator.py took 0.149 seconds
[2026-06-06T20:24:25.637+0000] {processor.py:186} INFO - Started process (PID=1202) to work on /home/airflow/.local/lib/python3.12/site-packages/airflow/example_dags/example_short_circuit_operator.py
[2026-06-06T20:24:25.641+0000] {processor.py:914} INFO - Processing file /home/airflow/.local/lib/python3.12/site-packages/airflow/example_dags/example_short_circuit_operator.py for tasks to queue
[2026-06-06T20:24:25.647+0000] {logging_mixin.py:190} INFO - [2026-06-06T20:24:25.646+0000] {dagbag.py:588} INFO - Filling up the DagBag from /home/airflow/.local/lib/python3.12/site-packages/airflow/example_dags/example_short_circuit_operator.py
[2026-06-06T20:24:25.667+0000] {processor.py:925} INFO - DAG(s) 'example_short_circuit_operator' retrieved from /home/airflow/.local/lib/python3.12/site-packages/airflow/example_dags/example_short_circuit_operator.py
[2026-06-06T20:24:25.729+0000] {logging_mixin.py:190} INFO - [2026-06-06T20:24:25.728+0000] {dag.py:3239} INFO - Sync 1 DAGs
[2026-06-06T20:24:25.768+0000] {logging_mixin.py:190} INFO - [2026-06-06T20:24:25.767+0000] {dag.py:4180} INFO - Setting next_dagrun for example_short_circuit_operator to None, run_after=None
[2026-06-06T20:24:25.809+0000] {processor.py:208} INFO - Processing /home/airflow/.local/lib/python3.12/site-packages/airflow/example_dags/example_short_circuit_operator.py took 0.185 seconds
[2026-06-06T20:25:03.316+0000] {processor.py:186} INFO - Started process (PID=1265) to work on /home/airflow/.local/lib/python3.12/site-packages/airflow/example_dags/example_short_circuit_operator.py
[2026-06-06T20:25:03.318+0000] {processor.py:914} INFO - Processing file /home/airflow/.local/lib/python3.12/site-packages/airflow/example_dags/example_short_circuit_operator.py for tasks to queue
[2026-06-06T20:25:03.325+0000] {logging_mixin.py:190} INFO - [2026-06-06T20:25:03.325+0000] {dagbag.py:588} INFO - Filling up the DagBag from /home/airflow/.local/lib/python3.12/site-packages/airflow/example_dags/example_short_circuit_operator.py
[2026-06-06T20:25:03.339+0000] {processor.py:925} INFO - DAG(s) 'example_short_circuit_operator' retrieved from /home/airflow/.local/lib/python3.12/site-packages/airflow/example_dags/example_short_circuit_operator.py
[2026-06-06T20:25:03.388+0000] {logging_mixin.py:190} INFO - [2026-06-06T20:25:03.387+0000] {dag.py:3239} INFO - Sync 1 DAGs
[2026-06-06T20:25:03.412+0000] {logging_mixin.py:190} INFO - [2026-06-06T20:25:03.412+0000] {dag.py:4180} INFO - Setting next_dagrun for example_short_circuit_operator to None, run_after=None
[2026-06-06T20:25:03.446+0000] {processor.py:208} INFO - Processing /home/airflow/.local/lib/python3.12/site-packages/airflow/example_dags/example_short_circuit_operator.py took 0.141 seconds
[2026-06-06T20:25:45.219+0000] {processor.py:186} INFO - Started process (PID=1327) to work on /home/airflow/.local/lib/python3.12/site-packages/airflow/example_dags/example_short_circuit_operator.py
[2026-06-06T20:25:45.221+0000] {processor.py:914} INFO - Processing file /home/airflow/.local/lib/python3.12/site-packages/airflow/example_dags/example_short_circuit_operator.py for tasks to queue
[2026-06-06T20:25:45.225+0000] {logging_mixin.py:190} INFO - [2026-06-06T20:25:45.225+0000] {dagbag.py:588} INFO - Filling up the DagBag from /home/airflow/.local/lib/python3.12/site-packages/airflow/example_dags/example_short_circuit_operator.py
[2026-06-06T20:25:45.238+0000] {processor.py:925} INFO - DAG(s) 'example_short_circuit_operator' retrieved from /home/airflow/.local/lib/python3.12/site-packages/airflow/example_dags/example_short_circuit_operator.py
[2026-06-06T20:25:45.284+0000] {logging_mixin.py:190} INFO - [2026-06-06T20:25:45.284+0000] {dag.py:3239} INFO - Sync 1 DAGs
[2026-06-06T20:25:45.304+0000] {logging_mixin.py:190} INFO - [2026-06-06T20:25:45.304+0000] {dag.py:4180} INFO - Setting next_dagrun for example_short_circuit_operator to None, run_after=None
[2026-06-06T20:25:45.334+0000] {processor.py:208} INFO - Processing /home/airflow/.local/lib/python3.12/site-packages/airflow/example_dags/example_short_circuit_operator.py took 0.124 seconds
[2026-06-06T20:26:28.473+0000] {processor.py:186} INFO - Started process (PID=1397) to work on /home/airflow/.local/lib/python3.12/site-packages/airflow/example_dags/example_short_circuit_operator.py
[2026-06-06T20:26:28.477+0000] {processor.py:914} INFO - Processing file /home/airflow/.local/lib/python3.12/site-packages/airflow/example_dags/example_short_circuit_operator.py for tasks to queue
[2026-06-06T20:26:28.482+0000] {logging_mixin.py:190} INFO - [2026-06-06T20:26:28.481+0000] {dagbag.py:588} INFO - Filling up the DagBag from /home/airflow/.local/lib/python3.12/site-packages/airflow/example_dags/example_short_circuit_operator.py
[2026-06-06T20:26:28.500+0000] {processor.py:925} INFO - DAG(s) 'example_short_circuit_operator' retrieved from /home/airflow/.local/lib/python3.12/site-packages/airflow/example_dags/example_short_circuit_operator.py
[2026-06-06T20:26:28.583+0000] {logging_mixin.py:190} INFO - [2026-06-06T20:26:28.583+0000] {dag.py:3239} INFO - Sync 1 DAGs
[2026-06-06T20:26:28.628+0000] {logging_mixin.py:190} INFO - [2026-06-06T20:26:28.628+0000] {dag.py:4180} INFO - Setting next_dagrun for example_short_circuit_operator to None, run_after=None
[2026-06-06T20:26:28.682+0000] {processor.py:208} INFO - Processing /home/airflow/.local/lib/python3.12/site-packages/airflow/example_dags/example_short_circuit_operator.py took 0.223 seconds
[2026-06-06T20:27:03.123+0000] {processor.py:186} INFO - Started process (PID=1461) to work on /home/airflow/.local/lib/python3.12/site-packages/airflow/example_dags/example_short_circuit_operator.py
[2026-06-06T20:27:03.126+0000] {processor.py:914} INFO - Processing file /home/airflow/.local/lib/python3.12/site-packages/airflow/example_dags/example_short_circuit_operator.py for tasks to queue
[2026-06-06T20:27:03.131+0000] {logging_mixin.py:190} INFO - [2026-06-06T20:27:03.131+0000] {dagbag.py:588} INFO - Filling up the DagBag from /home/airflow/.local/lib/python3.12/site-packages/airflow/example_dags/example_short_circuit_operator.py
[2026-06-06T20:27:03.150+0000] {processor.py:925} INFO - DAG(s) 'example_short_circuit_operator' retrieved from /home/airflow/.local/lib/python3.12/site-packages/airflow/example_dags/example_short_circuit_operator.py
[2026-06-06T20:27:03.207+0000] {logging_mixin.py:190} INFO - [2026-06-06T20:27:03.206+0000] {dag.py:3239} INFO - Sync 1 DAGs
[2026-06-06T20:27:03.237+0000] {logging_mixin.py:190} INFO - [2026-06-06T20:27:03.236+0000] {dag.py:4180} INFO - Setting next_dagrun for example_short_circuit_operator to None, run_after=None
[2026-06-06T20:27:03.278+0000] {processor.py:208} INFO - Processing /home/airflow/.local/lib/python3.12/site-packages/airflow/example_dags/example_short_circuit_operator.py took 0.167 seconds
[2026-06-06T20:27:36.941+0000] {processor.py:186} INFO - Started process (PID=1523) to work on /home/airflow/.local/lib/python3.12/site-packages/airflow/example_dags/example_short_circuit_operator.py
[2026-06-06T20:27:36.944+0000] {processor.py:914} INFO - Processing file /home/airflow/.local/lib/python3.12/site-packages/airflow/example_dags/example_short_circuit_operator.py for tasks to queue
[2026-06-06T20:27:36.952+0000] {logging_mixin.py:190} INFO - [2026-06-06T20:27:36.951+0000] {dagbag.py:588} INFO - Filling up the DagBag from /home/airflow/.local/lib/python3.12/site-packages/airflow/example_dags/example_short_circuit_operator.py
[2026-06-06T20:27:36.973+0000] {processor.py:925} INFO - DAG(s) 'example_short_circuit_operator' retrieved from /home/airflow/.local/lib/python3.12/site-packages/airflow/example_dags/example_short_circuit_operator.py
[2026-06-06T20:27:37.040+0000] {logging_mixin.py:190} INFO - [2026-06-06T20:27:37.040+0000] {dag.py:3239} INFO - Sync 1 DAGs
[2026-06-06T20:27:37.123+0000] {logging_mixin.py:190} INFO - [2026-06-06T20:27:37.123+0000] {dag.py:4180} INFO - Setting next_dagrun for example_short_circuit_operator to None, run_after=None
[2026-06-06T20:27:37.240+0000] {processor.py:208} INFO - Processing /home/airflow/.local/lib/python3.12/site-packages/airflow/example_dags/example_short_circuit_operator.py took 0.316 seconds
[2026-06-06T20:28:18.590+0000] {processor.py:186} INFO - Started process (PID=1586) to work on /home/airflow/.local/lib/python3.12/site-packages/airflow/example_dags/example_short_circuit_operator.py
[2026-06-06T20:28:18.592+0000] {processor.py:914} INFO - Processing file /home/airflow/.local/lib/python3.12/site-packages/airflow/example_dags/example_short_circuit_operator.py for tasks to queue
[2026-06-06T20:28:18.599+0000] {logging_mixin.py:190} INFO - [2026-06-06T20:28:18.598+0000] {dagbag.py:588} INFO - Filling up the DagBag from /home/airflow/.local/lib/python3.12/site-packages/airflow/example_dags/example_short_circuit_operator.py
[2026-06-06T20:28:18.615+0000] {processor.py:925} INFO - DAG(s) 'example_short_circuit_operator' retrieved from /home/airflow/.local/lib/python3.12/site-packages/airflow/example_dags/example_short_circuit_operator.py
[2026-06-06T20:28:18.660+0000] {logging_mixin.py:190} INFO - [2026-06-06T20:28:18.660+0000] {dag.py:3239} INFO - Sync 1 DAGs
[2026-06-06T20:28:18.681+0000] {logging_mixin.py:190} INFO - [2026-06-06T20:28:18.680+0000] {dag.py:4180} INFO - Setting next_dagrun for example_short_circuit_operator to None, run_after=None
[2026-06-06T20:28:18.711+0000] {processor.py:208} INFO - Processing /home/airflow/.local/lib/python3.12/site-packages/airflow/example_dags/example_short_circuit_operator.py took 0.132 seconds
[2026-06-06T20:28:48.956+0000] {processor.py:186} INFO - Started process (PID=1647) to work on /home/airflow/.local/lib/python3.12/site-packages/airflow/example_dags/example_short_circuit_operator.py
[2026-06-06T20:28:48.959+0000] {processor.py:914} INFO - Processing file /home/airflow/.local/lib/python3.12/site-packages/airflow/example_dags/example_short_circuit_operator.py for tasks to queue
[2026-06-06T20:28:48.969+0000] {logging_mixin.py:190} INFO - [2026-06-06T20:28:48.969+0000] {dagbag.py:588} INFO - Filling up the DagBag from /home/airflow/.local/lib/python3.12/site-packages/airflow/example_dags/example_short_circuit_operator.py
[2026-06-06T20:28:48.983+0000] {processor.py:925} INFO - DAG(s) 'example_short_circuit_operator' retrieved from /home/airflow/.local/lib/python3.12/site-packages/airflow/example_dags/example_short_circuit_operator.py
[2026-06-06T20:28:49.027+0000] {logging_mixin.py:190} INFO - [2026-06-06T20:28:49.027+0000] {dag.py:3239} INFO - Sync 1 DAGs
[2026-06-06T20:28:49.050+0000] {logging_mixin.py:190} INFO - [2026-06-06T20:28:49.049+0000] {dag.py:4180} INFO - Setting next_dagrun for example_short_circuit_operator to None, run_after=None
[2026-06-06T20:28:49.079+0000] {processor.py:208} INFO - Processing /home/airflow/.local/lib/python3.12/site-packages/airflow/example_dags/example_short_circuit_operator.py took 0.132 seconds
[2026-06-06T20:29:35.701+0000] {processor.py:186} INFO - Started process (PID=1718) to work on /home/airflow/.local/lib/python3.12/site-packages/airflow/example_dags/example_short_circuit_operator.py
[2026-06-06T20:29:35.705+0000] {processor.py:914} INFO - Processing file /home/airflow/.local/lib/python3.12/site-packages/airflow/example_dags/example_short_circuit_operator.py for tasks to queue
[2026-06-06T20:29:35.721+0000] {logging_mixin.py:190} INFO - [2026-06-06T20:29:35.719+0000] {dagbag.py:588} INFO - Filling up the DagBag from /home/airflow/.local/lib/python3.12/site-packages/airflow/example_dags/example_short_circuit_operator.py
[2026-06-06T20:29:35.756+0000] {processor.py:925} INFO - DAG(s) 'example_short_circuit_operator' retrieved from /home/airflow/.local/lib/python3.12/site-packages/airflow/example_dags/example_short_circuit_operator.py
[2026-06-06T20:29:35.836+0000] {logging_mixin.py:190} INFO - [2026-06-06T20:29:35.836+0000] {dag.py:3239} INFO - Sync 1 DAGs
[2026-06-06T20:29:35.874+0000] {logging_mixin.py:190} INFO - [2026-06-06T20:29:35.873+0000] {dag.py:4180} INFO - Setting next_dagrun for example_short_circuit_operator to None, run_after=None
[2026-06-06T20:29:35.927+0000] {processor.py:208} INFO - Processing /home/airflow/.local/lib/python3.12/site-packages/airflow/example_dags/example_short_circuit_operator.py took 0.240 seconds
[2026-06-06T20:30:10.728+0000] {processor.py:186} INFO - Started process (PID=1783) to work on /home/airflow/.local/lib/python3.12/site-packages/airflow/example_dags/example_short_circuit_operator.py
[2026-06-06T20:30:10.730+0000] {processor.py:914} INFO - Processing file /home/airflow/.local/lib/python3.12/site-packages/airflow/example_dags/example_short_circuit_operator.py for tasks to queue
[2026-06-06T20:30:10.734+0000] {logging_mixin.py:190} INFO - [2026-06-06T20:30:10.733+0000] {dagbag.py:588} INFO - Filling up the DagBag from /home/airflow/.local/lib/python3.12/site-packages/airflow/example_dags/example_short_circuit_operator.py
[2026-06-06T20:30:10.747+0000] {processor.py:925} INFO - DAG(s) 'example_short_circuit_operator' retrieved from /home/airflow/.local/lib/python3.12/site-packages/airflow/example_dags/example_short_circuit_operator.py
[2026-06-06T20:30:10.792+0000] {logging_mixin.py:190} INFO - [2026-06-06T20:30:10.791+0000] {dag.py:3239} INFO - Sync 1 DAGs
[2026-06-06T20:30:10.815+0000] {logging_mixin.py:190} INFO - [2026-06-06T20:30:10.814+0000] {dag.py:4180} INFO - Setting next_dagrun for example_short_circuit_operator to None, run_after=None
[2026-06-06T20:30:10.851+0000] {processor.py:208} INFO - Processing /home/airflow/.local/lib/python3.12/site-packages/airflow/example_dags/example_short_circuit_operator.py took 0.133 seconds
[2026-06-06T20:30:43.548+0000] {processor.py:186} INFO - Started process (PID=1845) to work on /home/airflow/.local/lib/python3.12/site-packages/airflow/example_dags/example_short_circuit_operator.py
[2026-06-06T20:30:43.552+0000] {processor.py:914} INFO - Processing file /home/airflow/.local/lib/python3.12/site-packages/airflow/example_dags/example_short_circuit_operator.py for tasks to queue
[2026-06-06T20:30:43.561+0000] {logging_mixin.py:190} INFO - [2026-06-06T20:30:43.560+0000] {dagbag.py:588} INFO - Filling up the DagBag from /home/airflow/.local/lib/python3.12/site-packages/airflow/example_dags/example_short_circuit_operator.py
[2026-06-06T20:30:43.590+0000] {processor.py:925} INFO - DAG(s) 'example_short_circuit_operator' retrieved from /home/airflow/.local/lib/python3.12/site-packages/airflow/example_dags/example_short_circuit_operator.py
[2026-06-06T20:30:43.665+0000] {logging_mixin.py:190} INFO - [2026-06-06T20:30:43.664+0000] {dag.py:3239} INFO - Sync 1 DAGs
[2026-06-06T20:30:43.700+0000] {logging_mixin.py:190} INFO - [2026-06-06T20:30:43.699+0000] {dag.py:4180} INFO - Setting next_dagrun for example_short_circuit_operator to None, run_after=None
[2026-06-06T20:30:43.759+0000] {processor.py:208} INFO - Processing /home/airflow/.local/lib/python3.12/site-packages/airflow/example_dags/example_short_circuit_operator.py took 0.225 seconds
[2026-06-06T20:31:22.598+0000] {processor.py:186} INFO - Started process (PID=1912) to work on /home/airflow/.local/lib/python3.12/site-packages/airflow/example_dags/example_short_circuit_operator.py
[2026-06-06T20:31:22.600+0000] {processor.py:914} INFO - Processing file /home/airflow/.local/lib/python3.12/site-packages/airflow/example_dags/example_short_circuit_operator.py for tasks to queue
[2026-06-06T20:31:22.612+0000] {logging_mixin.py:190} INFO - [2026-06-06T20:31:22.609+0000] {dagbag.py:588} INFO - Filling up the DagBag from /home/airflow/.local/lib/python3.12/site-packages/airflow/example_dags/example_short_circuit_operator.py
[2026-06-06T20:31:22.637+0000] {processor.py:925} INFO - DAG(s) 'example_short_circuit_operator' retrieved from /home/airflow/.local/lib/python3.12/site-packages/airflow/example_dags/example_short_circuit_operator.py
[2026-06-06T20:31:22.717+0000] {logging_mixin.py:190} INFO - [2026-06-06T20:31:22.716+0000] {dag.py:3239} INFO - Sync 1 DAGs
[2026-06-06T20:31:22.754+0000] {logging_mixin.py:190} INFO - [2026-06-06T20:31:22.754+0000] {dag.py:4180} INFO - Setting next_dagrun for example_short_circuit_operator to None, run_after=None
[2026-06-06T20:31:22.823+0000] {processor.py:208} INFO - Processing /home/airflow/.local/lib/python3.12/site-packages/airflow/example_dags/example_short_circuit_operator.py took 0.238 seconds
[2026-06-06T20:32:03.613+0000] {processor.py:186} INFO - Started process (PID=1973) to work on /home/airflow/.local/lib/python3.12/site-packages/airflow/example_dags/example_short_circuit_operator.py
[2026-06-06T20:32:03.615+0000] {processor.py:914} INFO - Processing file /home/airflow/.local/lib/python3.12/site-packages/airflow/example_dags/example_short_circuit_operator.py for tasks to queue
[2026-06-06T20:32:03.620+0000] {logging_mixin.py:190} INFO - [2026-06-06T20:32:03.619+0000] {dagbag.py:588} INFO - Filling up the DagBag from /home/airflow/.local/lib/python3.12/site-packages/airflow/example_dags/example_short_circuit_operator.py
[2026-06-06T20:32:03.633+0000] {processor.py:925} INFO - DAG(s) 'example_short_circuit_operator' retrieved from /home/airflow/.local/lib/python3.12/site-packages/airflow/example_dags/example_short_circuit_operator.py
[2026-06-06T20:32:03.711+0000] {logging_mixin.py:190} INFO - [2026-06-06T20:32:03.710+0000] {dag.py:3239} INFO - Sync 1 DAGs
[2026-06-06T20:32:03.745+0000] {logging_mixin.py:190} INFO - [2026-06-06T20:32:03.744+0000] {dag.py:4180} INFO - Setting next_dagrun for example_short_circuit_operator to None, run_after=None
[2026-06-06T20:32:03.792+0000] {processor.py:208} INFO - Processing /home/airflow/.local/lib/python3.12/site-packages/airflow/example_dags/example_short_circuit_operator.py took 0.189 seconds
[2026-06-06T20:32:48.587+0000] {processor.py:186} INFO - Started process (PID=2036) to work on /home/airflow/.local/lib/python3.12/site-packages/airflow/example_dags/example_short_circuit_operator.py
[2026-06-06T20:32:48.590+0000] {processor.py:914} INFO - Processing file /home/airflow/.local/lib/python3.12/site-packages/airflow/example_dags/example_short_circuit_operator.py for tasks to queue
[2026-06-06T20:32:48.597+0000] {logging_mixin.py:190} INFO - [2026-06-06T20:32:48.596+0000] {dagbag.py:588} INFO - Filling up the DagBag from /home/airflow/.local/lib/python3.12/site-packages/airflow/example_dags/example_short_circuit_operator.py
[2026-06-06T20:32:48.617+0000] {processor.py:925} INFO - DAG(s) 'example_short_circuit_operator' retrieved from /home/airflow/.local/lib/python3.12/site-packages/airflow/example_dags/example_short_circuit_operator.py
[2026-06-06T20:32:48.684+0000] {logging_mixin.py:190} INFO - [2026-06-06T20:32:48.683+0000] {dag.py:3239} INFO - Sync 1 DAGs
[2026-06-06T20:32:48.719+0000] {logging_mixin.py:190} INFO - [2026-06-06T20:32:48.718+0000] {dag.py:4180} INFO - Setting next_dagrun for example_short_circuit_operator to None, run_after=None
[2026-06-06T20:32:48.760+0000] {processor.py:208} INFO - Processing /home/airflow/.local/lib/python3.12/site-packages/airflow/example_dags/example_short_circuit_operator.py took 0.186 seconds
[2026-06-06T20:33:23.970+0000] {processor.py:186} INFO - Started process (PID=2106) to work on /home/airflow/.local/lib/python3.12/site-packages/airflow/example_dags/example_short_circuit_operator.py
[2026-06-06T20:33:23.972+0000] {processor.py:914} INFO - Processing file /home/airflow/.local/lib/python3.12/site-packages/airflow/example_dags/example_short_circuit_operator.py for tasks to queue
[2026-06-06T20:33:23.976+0000] {logging_mixin.py:190} INFO - [2026-06-06T20:33:23.976+0000] {dagbag.py:588} INFO - Filling up the DagBag from /home/airflow/.local/lib/python3.12/site-packages/airflow/example_dags/example_short_circuit_operator.py
[2026-06-06T20:33:23.990+0000] {processor.py:925} INFO - DAG(s) 'example_short_circuit_operator' retrieved from /home/airflow/.local/lib/python3.12/site-packages/airflow/example_dags/example_short_circuit_operator.py
[2026-06-06T20:33:24.037+0000] {logging_mixin.py:190} INFO - [2026-06-06T20:33:24.037+0000] {dag.py:3239} INFO - Sync 1 DAGs
[2026-06-06T20:33:24.063+0000] {logging_mixin.py:190} INFO - [2026-06-06T20:33:24.063+0000] {dag.py:4180} INFO - Setting next_dagrun for example_short_circuit_operator to None, run_after=None
[2026-06-06T20:33:24.094+0000] {processor.py:208} INFO - Processing /home/airflow/.local/lib/python3.12/site-packages/airflow/example_dags/example_short_circuit_operator.py took 0.133 seconds
[2026-06-06T20:33:55.587+0000] {processor.py:186} INFO - Started process (PID=2159) to work on /home/airflow/.local/lib/python3.12/site-packages/airflow/example_dags/example_short_circuit_operator.py
[2026-06-06T20:33:55.590+0000] {processor.py:914} INFO - Processing file /home/airflow/.local/lib/python3.12/site-packages/airflow/example_dags/example_short_circuit_operator.py for tasks to queue
[2026-06-06T20:33:55.603+0000] {logging_mixin.py:190} INFO - [2026-06-06T20:33:55.602+0000] {dagbag.py:588} INFO - Filling up the DagBag from /home/airflow/.local/lib/python3.12/site-packages/airflow/example_dags/example_short_circuit_operator.py
[2026-06-06T20:33:55.623+0000] {processor.py:925} INFO - DAG(s) 'example_short_circuit_operator' retrieved from /home/airflow/.local/lib/python3.12/site-packages/airflow/example_dags/example_short_circuit_operator.py
[2026-06-06T20:33:55.687+0000] {logging_mixin.py:190} INFO - [2026-06-06T20:33:55.686+0000] {dag.py:3239} INFO - Sync 1 DAGs
[2026-06-06T20:33:55.726+0000] {logging_mixin.py:190} INFO - [2026-06-06T20:33:55.725+0000] {dag.py:4180} INFO - Setting next_dagrun for example_short_circuit_operator to None, run_after=None
[2026-06-06T20:33:55.779+0000] {processor.py:208} INFO - Processing /home/airflow/.local/lib/python3.12/site-packages/airflow/example_dags/example_short_circuit_operator.py took 0.207 seconds
[2026-06-06T20:34:43.941+0000] {processor.py:186} INFO - Started process (PID=2223) to work on /home/airflow/.local/lib/python3.12/site-packages/airflow/example_dags/example_short_circuit_operator.py
[2026-06-06T20:34:43.944+0000] {processor.py:914} INFO - Processing file /home/airflow/.local/lib/python3.12/site-packages/airflow/example_dags/example_short_circuit_operator.py for tasks to queue
[2026-06-06T20:34:43.955+0000] {logging_mixin.py:190} INFO - [2026-06-06T20:34:43.954+0000] {dagbag.py:588} INFO - Filling up the DagBag from /home/airflow/.local/lib/python3.12/site-packages/airflow/example_dags/example_short_circuit_operator.py
[2026-06-06T20:34:43.977+0000] {processor.py:925} INFO - DAG(s) 'example_short_circuit_operator' retrieved from /home/airflow/.local/lib/python3.12/site-packages/airflow/example_dags/example_short_circuit_operator.py
[2026-06-06T20:34:44.047+0000] {logging_mixin.py:190} INFO - [2026-06-06T20:34:44.046+0000] {dag.py:3239} INFO - Sync 1 DAGs
[2026-06-06T20:34:44.082+0000] {logging_mixin.py:190} INFO - [2026-06-06T20:34:44.082+0000] {dag.py:4180} INFO - Setting next_dagrun for example_short_circuit_operator to None, run_after=None
[2026-06-06T20:34:44.127+0000] {processor.py:208} INFO - Processing /home/airflow/.local/lib/python3.12/site-packages/airflow/example_dags/example_short_circuit_operator.py took 0.199 seconds
[2026-06-06T20:35:14.888+0000] {processor.py:186} INFO - Started process (PID=2285) to work on /home/airflow/.local/lib/python3.12/site-packages/airflow/example_dags/example_short_circuit_operator.py
[2026-06-06T20:35:14.891+0000] {processor.py:914} INFO - Processing file /home/airflow/.local/lib/python3.12/site-packages/airflow/example_dags/example_short_circuit_operator.py for tasks to queue
[2026-06-06T20:35:14.900+0000] {logging_mixin.py:190} INFO - [2026-06-06T20:35:14.896+0000] {dagbag.py:588} INFO - Filling up the DagBag from /home/airflow/.local/lib/python3.12/site-packages/airflow/example_dags/example_short_circuit_operator.py
[2026-06-06T20:35:14.928+0000] {processor.py:925} INFO - DAG(s) 'example_short_circuit_operator' retrieved from /home/airflow/.local/lib/python3.12/site-packages/airflow/example_dags/example_short_circuit_operator.py
[2026-06-06T20:35:14.990+0000] {logging_mixin.py:190} INFO - [2026-06-06T20:35:14.989+0000] {dag.py:3239} INFO - Sync 1 DAGs
[2026-06-06T20:35:15.034+0000] {logging_mixin.py:190} INFO - [2026-06-06T20:35:15.033+0000] {dag.py:4180} INFO - Setting next_dagrun for example_short_circuit_operator to None, run_after=None
[2026-06-06T20:35:15.074+0000] {processor.py:208} INFO - Processing /home/airflow/.local/lib/python3.12/site-packages/airflow/example_dags/example_short_circuit_operator.py took 0.200 seconds
[2026-06-06T20:35:48.246+0000] {processor.py:186} INFO - Started process (PID=2347) to work on /home/airflow/.local/lib/python3.12/site-packages/airflow/example_dags/example_short_circuit_operator.py
[2026-06-06T20:35:48.250+0000] {processor.py:914} INFO - Processing file /home/airflow/.local/lib/python3.12/site-packages/airflow/example_dags/example_short_circuit_operator.py for tasks to queue
[2026-06-06T20:35:48.266+0000] {logging_mixin.py:190} INFO - [2026-06-06T20:35:48.263+0000] {dagbag.py:588} INFO - Filling up the DagBag from /home/airflow/.local/lib/python3.12/site-packages/airflow/example_dags/example_short_circuit_operator.py
[2026-06-06T20:35:48.317+0000] {processor.py:925} INFO - DAG(s) 'example_short_circuit_operator' retrieved from /home/airflow/.local/lib/python3.12/site-packages/airflow/example_dags/example_short_circuit_operator.py
[2026-06-06T20:35:48.391+0000] {logging_mixin.py:190} INFO - [2026-06-06T20:35:48.391+0000] {dag.py:3239} INFO - Sync 1 DAGs
[2026-06-06T20:35:48.437+0000] {logging_mixin.py:190} INFO - [2026-06-06T20:35:48.436+0000] {dag.py:4180} INFO - Setting next_dagrun for example_short_circuit_operator to None, run_after=None
[2026-06-06T20:35:48.482+0000] {processor.py:208} INFO - Processing /home/airflow/.local/lib/python3.12/site-packages/airflow/example_dags/example_short_circuit_operator.py took 0.273 seconds
[2026-06-06T20:36:27.585+0000] {processor.py:186} INFO - Started process (PID=2414) to work on /home/airflow/.local/lib/python3.12/site-packages/airflow/example_dags/example_short_circuit_operator.py
[2026-06-06T20:36:27.588+0000] {processor.py:914} INFO - Processing file /home/airflow/.local/lib/python3.12/site-packages/airflow/example_dags/example_short_circuit_operator.py for tasks to queue
[2026-06-06T20:36:27.595+0000] {logging_mixin.py:190} INFO - [2026-06-06T20:36:27.594+0000] {dagbag.py:588} INFO - Filling up the DagBag from /home/airflow/.local/lib/python3.12/site-packages/airflow/example_dags/example_short_circuit_operator.py
[2026-06-06T20:36:27.616+0000] {processor.py:925} INFO - DAG(s) 'example_short_circuit_operator' retrieved from /home/airflow/.local/lib/python3.12/site-packages/airflow/example_dags/example_short_circuit_operator.py
[2026-06-06T20:36:27.686+0000] {logging_mixin.py:190} INFO - [2026-06-06T20:36:27.686+0000] {dag.py:3239} INFO - Sync 1 DAGs
[2026-06-06T20:36:27.723+0000] {logging_mixin.py:190} INFO - [2026-06-06T20:36:27.723+0000] {dag.py:4180} INFO - Setting next_dagrun for example_short_circuit_operator to None, run_after=None
[2026-06-06T20:36:27.762+0000] {processor.py:208} INFO - Processing /home/airflow/.local/lib/python3.12/site-packages/airflow/example_dags/example_short_circuit_operator.py took 0.190 seconds
[2026-06-06T20:36:59.260+0000] {processor.py:186} INFO - Started process (PID=2476) to work on /home/airflow/.local/lib/python3.12/site-packages/airflow/example_dags/example_short_circuit_operator.py
[2026-06-06T20:36:59.263+0000] {processor.py:914} INFO - Processing file /home/airflow/.local/lib/python3.12/site-packages/airflow/example_dags/example_short_circuit_operator.py for tasks to queue
[2026-06-06T20:36:59.268+0000] {logging_mixin.py:190} INFO - [2026-06-06T20:36:59.267+0000] {dagbag.py:588} INFO - Filling up the DagBag from /home/airflow/.local/lib/python3.12/site-packages/airflow/example_dags/example_short_circuit_operator.py
[2026-06-06T20:36:59.287+0000] {processor.py:925} INFO - DAG(s) 'example_short_circuit_operator' retrieved from /home/airflow/.local/lib/python3.12/site-packages/airflow/example_dags/example_short_circuit_operator.py
[2026-06-06T20:36:59.339+0000] {logging_mixin.py:190} INFO - [2026-06-06T20:36:59.339+0000] {dag.py:3239} INFO - Sync 1 DAGs
[2026-06-06T20:36:59.366+0000] {logging_mixin.py:190} INFO - [2026-06-06T20:36:59.366+0000] {dag.py:4180} INFO - Setting next_dagrun for example_short_circuit_operator to None, run_after=None
[2026-06-06T20:36:59.408+0000] {processor.py:208} INFO - Processing /home/airflow/.local/lib/python3.12/site-packages/airflow/example_dags/example_short_circuit_operator.py took 0.161 seconds
[2026-06-06T20:37:34.438+0000] {processor.py:186} INFO - Started process (PID=2522) to work on /home/airflow/.local/lib/python3.12/site-packages/airflow/example_dags/example_short_circuit_operator.py
[2026-06-06T20:37:34.442+0000] {processor.py:914} INFO - Processing file /home/airflow/.local/lib/python3.12/site-packages/airflow/example_dags/example_short_circuit_operator.py for tasks to queue
[2026-06-06T20:37:34.450+0000] {logging_mixin.py:190} INFO - [2026-06-06T20:37:34.449+0000] {dagbag.py:588} INFO - Filling up the DagBag from /home/airflow/.local/lib/python3.12/site-packages/airflow/example_dags/example_short_circuit_operator.py
[2026-06-06T20:37:34.470+0000] {processor.py:925} INFO - DAG(s) 'example_short_circuit_operator' retrieved from /home/airflow/.local/lib/python3.12/site-packages/airflow/example_dags/example_short_circuit_operator.py
[2026-06-06T20:37:34.534+0000] {logging_mixin.py:190} INFO - [2026-06-06T20:37:34.533+0000] {dag.py:3239} INFO - Sync 1 DAGs
[2026-06-06T20:37:34.563+0000] {logging_mixin.py:190} INFO - [2026-06-06T20:37:34.563+0000] {dag.py:4180} INFO - Setting next_dagrun for example_short_circuit_operator to None, run_after=None
[2026-06-06T20:37:34.609+0000] {processor.py:208} INFO - Processing /home/airflow/.local/lib/python3.12/site-packages/airflow/example_dags/example_short_circuit_operator.py took 0.185 seconds
[2026-06-06T20:39:54.438+0000] {processor.py:186} INFO - Started process (PID=89) to work on /home/airflow/.local/lib/python3.12/site-packages/airflow/example_dags/example_short_circuit_operator.py
[2026-06-06T20:39:54.441+0000] {processor.py:914} INFO - Processing file /home/airflow/.local/lib/python3.12/site-packages/airflow/example_dags/example_short_circuit_operator.py for tasks to queue
[2026-06-06T20:39:54.448+0000] {logging_mixin.py:190} INFO - [2026-06-06T20:39:54.447+0000] {dagbag.py:588} INFO - Filling up the DagBag from /home/airflow/.local/lib/python3.12/site-packages/airflow/example_dags/example_short_circuit_operator.py
[2026-06-06T20:39:54.475+0000] {processor.py:925} INFO - DAG(s) 'example_short_circuit_operator' retrieved from /home/airflow/.local/lib/python3.12/site-packages/airflow/example_dags/example_short_circuit_operator.py
[2026-06-06T20:39:54.537+0000] {logging_mixin.py:190} INFO - [2026-06-06T20:39:54.537+0000] {dag.py:3239} INFO - Sync 1 DAGs
[2026-06-06T20:39:54.581+0000] {logging_mixin.py:190} INFO - [2026-06-06T20:39:54.581+0000] {dag.py:4180} INFO - Setting next_dagrun for example_short_circuit_operator to None, run_after=None
[2026-06-06T20:39:54.635+0000] {processor.py:208} INFO - Processing /home/airflow/.local/lib/python3.12/site-packages/airflow/example_dags/example_short_circuit_operator.py took 0.214 seconds
[2026-06-06T20:40:32.603+0000] {processor.py:186} INFO - Started process (PID=152) to work on /home/airflow/.local/lib/python3.12/site-packages/airflow/example_dags/example_short_circuit_operator.py
[2026-06-06T20:40:32.606+0000] {processor.py:914} INFO - Processing file /home/airflow/.local/lib/python3.12/site-packages/airflow/example_dags/example_short_circuit_operator.py for tasks to queue
[2026-06-06T20:40:32.614+0000] {logging_mixin.py:190} INFO - [2026-06-06T20:40:32.613+0000] {dagbag.py:588} INFO - Filling up the DagBag from /home/airflow/.local/lib/python3.12/site-packages/airflow/example_dags/example_short_circuit_operator.py
[2026-06-06T20:40:32.634+0000] {processor.py:925} INFO - DAG(s) 'example_short_circuit_operator' retrieved from /home/airflow/.local/lib/python3.12/site-packages/airflow/example_dags/example_short_circuit_operator.py
[2026-06-06T20:40:32.703+0000] {logging_mixin.py:190} INFO - [2026-06-06T20:40:32.702+0000] {dag.py:3239} INFO - Sync 1 DAGs
[2026-06-06T20:40:32.742+0000] {logging_mixin.py:190} INFO - [2026-06-06T20:40:32.742+0000] {dag.py:4180} INFO - Setting next_dagrun for example_short_circuit_operator to None, run_after=None
[2026-06-06T20:40:32.795+0000] {processor.py:208} INFO - Processing /home/airflow/.local/lib/python3.12/site-packages/airflow/example_dags/example_short_circuit_operator.py took 0.203 seconds
[2026-06-06T20:41:18.275+0000] {processor.py:186} INFO - Started process (PID=205) to work on /home/airflow/.local/lib/python3.12/site-packages/airflow/example_dags/example_short_circuit_operator.py
[2026-06-06T20:41:18.279+0000] {processor.py:914} INFO - Processing file /home/airflow/.local/lib/python3.12/site-packages/airflow/example_dags/example_short_circuit_operator.py for tasks to queue
[2026-06-06T20:41:18.295+0000] {logging_mixin.py:190} INFO - [2026-06-06T20:41:18.294+0000] {dagbag.py:588} INFO - Filling up the DagBag from /home/airflow/.local/lib/python3.12/site-packages/airflow/example_dags/example_short_circuit_operator.py
[2026-06-06T20:41:18.322+0000] {processor.py:925} INFO - DAG(s) 'example_short_circuit_operator' retrieved from /home/airflow/.local/lib/python3.12/site-packages/airflow/example_dags/example_short_circuit_operator.py
[2026-06-06T20:41:18.431+0000] {logging_mixin.py:190} INFO - [2026-06-06T20:41:18.431+0000] {dag.py:3239} INFO - Sync 1 DAGs
[2026-06-06T20:41:18.482+0000] {logging_mixin.py:190} INFO - [2026-06-06T20:41:18.481+0000] {dag.py:4180} INFO - Setting next_dagrun for example_short_circuit_operator to None, run_after=None
[2026-06-06T20:41:18.558+0000] {processor.py:208} INFO - Processing /home/airflow/.local/lib/python3.12/site-packages/airflow/example_dags/example_short_circuit_operator.py took 0.298 seconds
[2026-06-06T20:41:57.748+0000] {processor.py:186} INFO - Started process (PID=271) to work on /home/airflow/.local/lib/python3.12/site-packages/airflow/example_dags/example_short_circuit_operator.py
[2026-06-06T20:41:57.754+0000] {processor.py:914} INFO - Processing file /home/airflow/.local/lib/python3.12/site-packages/airflow/example_dags/example_short_circuit_operator.py for tasks to queue
[2026-06-06T20:41:57.768+0000] {logging_mixin.py:190} INFO - [2026-06-06T20:41:57.767+0000] {dagbag.py:588} INFO - Filling up the DagBag from /home/airflow/.local/lib/python3.12/site-packages/airflow/example_dags/example_short_circuit_operator.py
[2026-06-06T20:41:57.815+0000] {processor.py:925} INFO - DAG(s) 'example_short_circuit_operator' retrieved from /home/airflow/.local/lib/python3.12/site-packages/airflow/example_dags/example_short_circuit_operator.py
[2026-06-06T20:41:57.949+0000] {logging_mixin.py:190} INFO - [2026-06-06T20:41:57.947+0000] {dag.py:3239} INFO - Sync 1 DAGs
[2026-06-06T20:41:58.019+0000] {logging_mixin.py:190} INFO - [2026-06-06T20:41:58.018+0000] {dag.py:4180} INFO - Setting next_dagrun for example_short_circuit_operator to None, run_after=None
[2026-06-06T20:41:58.151+0000] {processor.py:208} INFO - Processing /home/airflow/.local/lib/python3.12/site-packages/airflow/example_dags/example_short_circuit_operator.py took 0.429 seconds
[2026-06-06T20:42:41.851+0000] {processor.py:186} INFO - Started process (PID=332) to work on /home/airflow/.local/lib/python3.12/site-packages/airflow/example_dags/example_short_circuit_operator.py
[2026-06-06T20:42:41.853+0000] {processor.py:914} INFO - Processing file /home/airflow/.local/lib/python3.12/site-packages/airflow/example_dags/example_short_circuit_operator.py for tasks to queue
[2026-06-06T20:42:41.865+0000] {logging_mixin.py:190} INFO - [2026-06-06T20:42:41.865+0000] {dagbag.py:588} INFO - Filling up the DagBag from /home/airflow/.local/lib/python3.12/site-packages/airflow/example_dags/example_short_circuit_operator.py
[2026-06-06T20:42:41.887+0000] {processor.py:925} INFO - DAG(s) 'example_short_circuit_operator' retrieved from /home/airflow/.local/lib/python3.12/site-packages/airflow/example_dags/example_short_circuit_operator.py
[2026-06-06T20:42:41.964+0000] {logging_mixin.py:190} INFO - [2026-06-06T20:42:41.963+0000] {dag.py:3239} INFO - Sync 1 DAGs
[2026-06-06T20:42:42.004+0000] {logging_mixin.py:190} INFO - [2026-06-06T20:42:42.004+0000] {dag.py:4180} INFO - Setting next_dagrun for example_short_circuit_operator to None, run_after=None
[2026-06-06T20:42:42.069+0000] {processor.py:208} INFO - Processing /home/airflow/.local/lib/python3.12/site-packages/airflow/example_dags/example_short_circuit_operator.py took 0.234 seconds
[2026-06-06T20:43:19.331+0000] {processor.py:186} INFO - Started process (PID=394) to work on /home/airflow/.local/lib/python3.12/site-packages/airflow/example_dags/example_short_circuit_operator.py
[2026-06-06T20:43:19.334+0000] {processor.py:914} INFO - Processing file /home/airflow/.local/lib/python3.12/site-packages/airflow/example_dags/example_short_circuit_operator.py for tasks to queue
[2026-06-06T20:43:19.346+0000] {logging_mixin.py:190} INFO - [2026-06-06T20:43:19.345+0000] {dagbag.py:588} INFO - Filling up the DagBag from /home/airflow/.local/lib/python3.12/site-packages/airflow/example_dags/example_short_circuit_operator.py
[2026-06-06T20:43:19.372+0000] {processor.py:925} INFO - DAG(s) 'example_short_circuit_operator' retrieved from /home/airflow/.local/lib/python3.12/site-packages/airflow/example_dags/example_short_circuit_operator.py
[2026-06-06T20:43:19.463+0000] {logging_mixin.py:190} INFO - [2026-06-06T20:43:19.462+0000] {dag.py:3239} INFO - Sync 1 DAGs
[2026-06-06T20:43:19.500+0000] {logging_mixin.py:190} INFO - [2026-06-06T20:43:19.499+0000] {dag.py:4180} INFO - Setting next_dagrun for example_short_circuit_operator to None, run_after=None
[2026-06-06T20:43:19.554+0000] {processor.py:208} INFO - Processing /home/airflow/.local/lib/python3.12/site-packages/airflow/example_dags/example_short_circuit_operator.py took 0.236 seconds
[2026-06-06T20:44:05.368+0000] {processor.py:186} INFO - Started process (PID=450) to work on /home/airflow/.local/lib/python3.12/site-packages/airflow/example_dags/example_short_circuit_operator.py
[2026-06-06T20:44:05.371+0000] {processor.py:914} INFO - Processing file /home/airflow/.local/lib/python3.12/site-packages/airflow/example_dags/example_short_circuit_operator.py for tasks to queue
[2026-06-06T20:44:05.382+0000] {logging_mixin.py:190} INFO - [2026-06-06T20:44:05.381+0000] {dagbag.py:588} INFO - Filling up the DagBag from /home/airflow/.local/lib/python3.12/site-packages/airflow/example_dags/example_short_circuit_operator.py
[2026-06-06T20:44:05.405+0000] {processor.py:925} INFO - DAG(s) 'example_short_circuit_operator' retrieved from /home/airflow/.local/lib/python3.12/site-packages/airflow/example_dags/example_short_circuit_operator.py
[2026-06-06T20:44:05.460+0000] {logging_mixin.py:190} INFO - [2026-06-06T20:44:05.460+0000] {dag.py:3239} INFO - Sync 1 DAGs
[2026-06-06T20:44:05.488+0000] {logging_mixin.py:190} INFO - [2026-06-06T20:44:05.488+0000] {dag.py:4180} INFO - Setting next_dagrun for example_short_circuit_operator to None, run_after=None
[2026-06-06T20:44:05.525+0000] {processor.py:208} INFO - Processing /home/airflow/.local/lib/python3.12/site-packages/airflow/example_dags/example_short_circuit_operator.py took 0.176 seconds
[2026-06-06T20:44:47.952+0000] {processor.py:186} INFO - Started process (PID=511) to work on /home/airflow/.local/lib/python3.12/site-packages/airflow/example_dags/example_short_circuit_operator.py
[2026-06-06T20:44:47.955+0000] {processor.py:914} INFO - Processing file /home/airflow/.local/lib/python3.12/site-packages/airflow/example_dags/example_short_circuit_operator.py for tasks to queue
[2026-06-06T20:44:47.965+0000] {logging_mixin.py:190} INFO - [2026-06-06T20:44:47.964+0000] {dagbag.py:588} INFO - Filling up the DagBag from /home/airflow/.local/lib/python3.12/site-packages/airflow/example_dags/example_short_circuit_operator.py
[2026-06-06T20:44:47.992+0000] {processor.py:925} INFO - DAG(s) 'example_short_circuit_operator' retrieved from /home/airflow/.local/lib/python3.12/site-packages/airflow/example_dags/example_short_circuit_operator.py
[2026-06-06T20:44:48.195+0000] {logging_mixin.py:190} INFO - [2026-06-06T20:44:48.194+0000] {dag.py:3239} INFO - Sync 1 DAGs
[2026-06-06T20:44:48.258+0000] {logging_mixin.py:190} INFO - [2026-06-06T20:44:48.258+0000] {dag.py:4180} INFO - Setting next_dagrun for example_short_circuit_operator to None, run_after=None
[2026-06-06T20:44:48.310+0000] {processor.py:208} INFO - Processing /home/airflow/.local/lib/python3.12/site-packages/airflow/example_dags/example_short_circuit_operator.py took 0.372 seconds
[2026-06-06T20:45:42.026+0000] {processor.py:186} INFO - Started process (PID=579) to work on /home/airflow/.local/lib/python3.12/site-packages/airflow/example_dags/example_short_circuit_operator.py
[2026-06-06T20:45:42.031+0000] {processor.py:914} INFO - Processing file /home/airflow/.local/lib/python3.12/site-packages/airflow/example_dags/example_short_circuit_operator.py for tasks to queue
[2026-06-06T20:45:42.040+0000] {logging_mixin.py:190} INFO - [2026-06-06T20:45:42.039+0000] {dagbag.py:588} INFO - Filling up the DagBag from /home/airflow/.local/lib/python3.12/site-packages/airflow/example_dags/example_short_circuit_operator.py
[2026-06-06T20:45:42.066+0000] {processor.py:925} INFO - DAG(s) 'example_short_circuit_operator' retrieved from /home/airflow/.local/lib/python3.12/site-packages/airflow/example_dags/example_short_circuit_operator.py
[2026-06-06T20:45:42.176+0000] {logging_mixin.py:190} INFO - [2026-06-06T20:45:42.175+0000] {dag.py:3239} INFO - Sync 1 DAGs
[2026-06-06T20:45:42.226+0000] {logging_mixin.py:190} INFO - [2026-06-06T20:45:42.226+0000] {dag.py:4180} INFO - Setting next_dagrun for example_short_circuit_operator to None, run_after=None
[2026-06-06T20:45:42.295+0000] {processor.py:208} INFO - Processing /home/airflow/.local/lib/python3.12/site-packages/airflow/example_dags/example_short_circuit_operator.py took 0.284 seconds
[2026-06-06T20:46:16.332+0000] {processor.py:186} INFO - Started process (PID=638) to work on /home/airflow/.local/lib/python3.12/site-packages/airflow/example_dags/example_short_circuit_operator.py
[2026-06-06T20:46:16.336+0000] {processor.py:914} INFO - Processing file /home/airflow/.local/lib/python3.12/site-packages/airflow/example_dags/example_short_circuit_operator.py for tasks to queue
[2026-06-06T20:46:16.347+0000] {logging_mixin.py:190} INFO - [2026-06-06T20:46:16.345+0000] {dagbag.py:588} INFO - Filling up the DagBag from /home/airflow/.local/lib/python3.12/site-packages/airflow/example_dags/example_short_circuit_operator.py
[2026-06-06T20:46:16.378+0000] {processor.py:925} INFO - DAG(s) 'example_short_circuit_operator' retrieved from /home/airflow/.local/lib/python3.12/site-packages/airflow/example_dags/example_short_circuit_operator.py
[2026-06-06T20:46:16.460+0000] {logging_mixin.py:190} INFO - [2026-06-06T20:46:16.460+0000] {dag.py:3239} INFO - Sync 1 DAGs
[2026-06-06T20:46:16.504+0000] {logging_mixin.py:190} INFO - [2026-06-06T20:46:16.501+0000] {dag.py:4180} INFO - Setting next_dagrun for example_short_circuit_operator to None, run_after=None
[2026-06-06T20:46:16.548+0000] {processor.py:208} INFO - Processing /home/airflow/.local/lib/python3.12/site-packages/airflow/example_dags/example_short_circuit_operator.py took 0.235 seconds
[2026-06-06T20:46:59.858+0000] {processor.py:186} INFO - Started process (PID=702) to work on /home/airflow/.local/lib/python3.12/site-packages/airflow/example_dags/example_short_circuit_operator.py
[2026-06-06T20:46:59.861+0000] {processor.py:914} INFO - Processing file /home/airflow/.local/lib/python3.12/site-packages/airflow/example_dags/example_short_circuit_operator.py for tasks to queue
[2026-06-06T20:46:59.870+0000] {logging_mixin.py:190} INFO - [2026-06-06T20:46:59.869+0000] {dagbag.py:588} INFO - Filling up the DagBag from /home/airflow/.local/lib/python3.12/site-packages/airflow/example_dags/example_short_circuit_operator.py
[2026-06-06T20:46:59.899+0000] {processor.py:925} INFO - DAG(s) 'example_short_circuit_operator' retrieved from /home/airflow/.local/lib/python3.12/site-packages/airflow/example_dags/example_short_circuit_operator.py
[2026-06-06T20:46:59.977+0000] {logging_mixin.py:190} INFO - [2026-06-06T20:46:59.976+0000] {dag.py:3239} INFO - Sync 1 DAGs
[2026-06-06T20:47:00.031+0000] {logging_mixin.py:190} INFO - [2026-06-06T20:47:00.030+0000] {dag.py:4180} INFO - Setting next_dagrun for example_short_circuit_operator to None, run_after=None
[2026-06-06T20:47:00.087+0000] {processor.py:208} INFO - Processing /home/airflow/.local/lib/python3.12/site-packages/airflow/example_dags/example_short_circuit_operator.py took 0.245 seconds
