[2026-06-06T20:13:37.555+0000] {processor.py:186} INFO - Started process (PID=69) to work on /home/airflow/.local/lib/python3.12/site-packages/airflow/example_dags/example_bash_operator.py
[2026-06-06T20:13:37.560+0000] {processor.py:914} INFO - Processing file /home/airflow/.local/lib/python3.12/site-packages/airflow/example_dags/example_bash_operator.py for tasks to queue
[2026-06-06T20:13:37.573+0000] {logging_mixin.py:190} INFO - [2026-06-06T20:13:37.570+0000] {dagbag.py:588} INFO - Filling up the DagBag from /home/airflow/.local/lib/python3.12/site-packages/airflow/example_dags/example_bash_operator.py
[2026-06-06T20:13:37.638+0000] {processor.py:925} INFO - DAG(s) 'example_bash_operator' retrieved from /home/airflow/.local/lib/python3.12/site-packages/airflow/example_dags/example_bash_operator.py
[2026-06-06T20:13:38.241+0000] {logging_mixin.py:190} INFO - [2026-06-06T20:13:38.239+0000] {override.py:1932} INFO - Created Permission View: can read on DAG:example_bash_operator
[2026-06-06T20:13:38.264+0000] {logging_mixin.py:190} INFO - [2026-06-06T20:13:38.263+0000] {override.py:1932} INFO - Created Permission View: can edit on DAG:example_bash_operator
[2026-06-06T20:13:38.285+0000] {logging_mixin.py:190} INFO - [2026-06-06T20:13:38.284+0000] {override.py:1932} INFO - Created Permission View: can delete on DAG:example_bash_operator
[2026-06-06T20:13:38.298+0000] {logging_mixin.py:190} INFO - [2026-06-06T20:13:38.298+0000] {override.py:1932} INFO - Created Permission View: can read on DAG Run:example_bash_operator
[2026-06-06T20:13:38.311+0000] {logging_mixin.py:190} INFO - [2026-06-06T20:13:38.311+0000] {override.py:1932} INFO - Created Permission View: menu access on DAG Run:example_bash_operator
[2026-06-06T20:13:38.326+0000] {logging_mixin.py:190} INFO - [2026-06-06T20:13:38.325+0000] {override.py:1932} INFO - Created Permission View: can delete on DAG Run:example_bash_operator
[2026-06-06T20:13:38.336+0000] {logging_mixin.py:190} INFO - [2026-06-06T20:13:38.336+0000] {override.py:1932} INFO - Created Permission View: can create on DAG Run:example_bash_operator
[2026-06-06T20:13:38.337+0000] {logging_mixin.py:190} INFO - [2026-06-06T20:13:38.337+0000] {dag.py:3239} INFO - Sync 1 DAGs
[2026-06-06T20:13:38.358+0000] {logging_mixin.py:190} INFO - [2026-06-06T20:13:38.358+0000] {dag.py:3262} INFO - Creating ORM DAG for example_bash_operator
[2026-06-06T20:13:38.378+0000] {logging_mixin.py:190} INFO - [2026-06-06T20:13:38.378+0000] {dag.py:4180} INFO - Setting next_dagrun for example_bash_operator to 2026-06-05 00:00:00+00:00, run_after=2026-06-06 00:00:00+00:00
[2026-06-06T20:13:38.411+0000] {processor.py:208} INFO - Processing /home/airflow/.local/lib/python3.12/site-packages/airflow/example_dags/example_bash_operator.py took 0.873 seconds
[2026-06-06T20:14:23.737+0000] {processor.py:186} INFO - Started process (PID=137) to work on /home/airflow/.local/lib/python3.12/site-packages/airflow/example_dags/example_bash_operator.py
[2026-06-06T20:14:23.739+0000] {processor.py:914} INFO - Processing file /home/airflow/.local/lib/python3.12/site-packages/airflow/example_dags/example_bash_operator.py for tasks to queue
[2026-06-06T20:14:23.746+0000] {logging_mixin.py:190} INFO - [2026-06-06T20:14:23.746+0000] {dagbag.py:588} INFO - Filling up the DagBag from /home/airflow/.local/lib/python3.12/site-packages/airflow/example_dags/example_bash_operator.py
[2026-06-06T20:14:23.772+0000] {processor.py:925} INFO - DAG(s) 'example_bash_operator' retrieved from /home/airflow/.local/lib/python3.12/site-packages/airflow/example_dags/example_bash_operator.py
[2026-06-06T20:14:23.829+0000] {logging_mixin.py:190} INFO - [2026-06-06T20:14:23.829+0000] {dag.py:3239} INFO - Sync 1 DAGs
[2026-06-06T20:14:23.873+0000] {logging_mixin.py:190} INFO - [2026-06-06T20:14:23.873+0000] {dag.py:4180} INFO - Setting next_dagrun for example_bash_operator to 2026-06-05 00:00:00+00:00, run_after=2026-06-06 00:00:00+00:00
[2026-06-06T20:14:23.901+0000] {processor.py:208} INFO - Processing /home/airflow/.local/lib/python3.12/site-packages/airflow/example_dags/example_bash_operator.py took 0.173 seconds
[2026-06-06T20:15:00.407+0000] {processor.py:186} INFO - Started process (PID=190) to work on /home/airflow/.local/lib/python3.12/site-packages/airflow/example_dags/example_bash_operator.py
[2026-06-06T20:15:00.410+0000] {processor.py:914} INFO - Processing file /home/airflow/.local/lib/python3.12/site-packages/airflow/example_dags/example_bash_operator.py for tasks to queue
[2026-06-06T20:15:00.419+0000] {logging_mixin.py:190} INFO - [2026-06-06T20:15:00.418+0000] {dagbag.py:588} INFO - Filling up the DagBag from /home/airflow/.local/lib/python3.12/site-packages/airflow/example_dags/example_bash_operator.py
[2026-06-06T20:15:00.450+0000] {processor.py:925} INFO - DAG(s) 'example_bash_operator' retrieved from /home/airflow/.local/lib/python3.12/site-packages/airflow/example_dags/example_bash_operator.py
[2026-06-06T20:15:00.517+0000] {logging_mixin.py:190} INFO - [2026-06-06T20:15:00.516+0000] {dag.py:3239} INFO - Sync 1 DAGs
[2026-06-06T20:15:00.565+0000] {logging_mixin.py:190} INFO - [2026-06-06T20:15:00.564+0000] {dag.py:4180} INFO - Setting next_dagrun for example_bash_operator to 2026-06-05 00:00:00+00:00, run_after=2026-06-06 00:00:00+00:00
[2026-06-06T20:15:00.600+0000] {processor.py:208} INFO - Processing /home/airflow/.local/lib/python3.12/site-packages/airflow/example_dags/example_bash_operator.py took 0.204 seconds
[2026-06-06T20:15:30.951+0000] {processor.py:186} INFO - Started process (PID=251) to work on /home/airflow/.local/lib/python3.12/site-packages/airflow/example_dags/example_bash_operator.py
[2026-06-06T20:15:30.953+0000] {processor.py:914} INFO - Processing file /home/airflow/.local/lib/python3.12/site-packages/airflow/example_dags/example_bash_operator.py for tasks to queue
[2026-06-06T20:15:30.957+0000] {logging_mixin.py:190} INFO - [2026-06-06T20:15:30.956+0000] {dagbag.py:588} INFO - Filling up the DagBag from /home/airflow/.local/lib/python3.12/site-packages/airflow/example_dags/example_bash_operator.py
[2026-06-06T20:15:30.975+0000] {processor.py:925} INFO - DAG(s) 'example_bash_operator' retrieved from /home/airflow/.local/lib/python3.12/site-packages/airflow/example_dags/example_bash_operator.py
[2026-06-06T20:15:31.022+0000] {logging_mixin.py:190} INFO - [2026-06-06T20:15:31.022+0000] {dag.py:3239} INFO - Sync 1 DAGs
[2026-06-06T20:15:31.061+0000] {logging_mixin.py:190} INFO - [2026-06-06T20:15:31.061+0000] {dag.py:4180} INFO - Setting next_dagrun for example_bash_operator to 2026-06-05 00:00:00+00:00, run_after=2026-06-06 00:00:00+00:00
[2026-06-06T20:15:31.091+0000] {processor.py:208} INFO - Processing /home/airflow/.local/lib/python3.12/site-packages/airflow/example_dags/example_bash_operator.py took 0.149 seconds
[2026-06-06T20:16:01.339+0000] {processor.py:186} INFO - Started process (PID=311) to work on /home/airflow/.local/lib/python3.12/site-packages/airflow/example_dags/example_bash_operator.py
[2026-06-06T20:16:01.342+0000] {processor.py:914} INFO - Processing file /home/airflow/.local/lib/python3.12/site-packages/airflow/example_dags/example_bash_operator.py for tasks to queue
[2026-06-06T20:16:01.347+0000] {logging_mixin.py:190} INFO - [2026-06-06T20:16:01.346+0000] {dagbag.py:588} INFO - Filling up the DagBag from /home/airflow/.local/lib/python3.12/site-packages/airflow/example_dags/example_bash_operator.py
[2026-06-06T20:16:01.368+0000] {processor.py:925} INFO - DAG(s) 'example_bash_operator' retrieved from /home/airflow/.local/lib/python3.12/site-packages/airflow/example_dags/example_bash_operator.py
[2026-06-06T20:16:01.414+0000] {logging_mixin.py:190} INFO - [2026-06-06T20:16:01.414+0000] {dag.py:3239} INFO - Sync 1 DAGs
[2026-06-06T20:16:01.450+0000] {logging_mixin.py:190} INFO - [2026-06-06T20:16:01.450+0000] {dag.py:4180} INFO - Setting next_dagrun for example_bash_operator to 2026-06-05 00:00:00+00:00, run_after=2026-06-06 00:00:00+00:00
[2026-06-06T20:16:01.482+0000] {processor.py:208} INFO - Processing /home/airflow/.local/lib/python3.12/site-packages/airflow/example_dags/example_bash_operator.py took 0.154 seconds
[2026-06-06T20:16:34.894+0000] {processor.py:186} INFO - Started process (PID=373) to work on /home/airflow/.local/lib/python3.12/site-packages/airflow/example_dags/example_bash_operator.py
[2026-06-06T20:16:34.897+0000] {processor.py:914} INFO - Processing file /home/airflow/.local/lib/python3.12/site-packages/airflow/example_dags/example_bash_operator.py for tasks to queue
[2026-06-06T20:16:34.902+0000] {logging_mixin.py:190} INFO - [2026-06-06T20:16:34.901+0000] {dagbag.py:588} INFO - Filling up the DagBag from /home/airflow/.local/lib/python3.12/site-packages/airflow/example_dags/example_bash_operator.py
[2026-06-06T20:16:34.928+0000] {processor.py:925} INFO - DAG(s) 'example_bash_operator' retrieved from /home/airflow/.local/lib/python3.12/site-packages/airflow/example_dags/example_bash_operator.py
[2026-06-06T20:16:34.988+0000] {logging_mixin.py:190} INFO - [2026-06-06T20:16:34.988+0000] {dag.py:3239} INFO - Sync 1 DAGs
[2026-06-06T20:16:35.031+0000] {logging_mixin.py:190} INFO - [2026-06-06T20:16:35.031+0000] {dag.py:4180} INFO - Setting next_dagrun for example_bash_operator to 2026-06-05 00:00:00+00:00, run_after=2026-06-06 00:00:00+00:00
[2026-06-06T20:16:35.069+0000] {processor.py:208} INFO - Processing /home/airflow/.local/lib/python3.12/site-packages/airflow/example_dags/example_bash_operator.py took 0.184 seconds
[2026-06-06T20:17:08.904+0000] {processor.py:186} INFO - Started process (PID=432) to work on /home/airflow/.local/lib/python3.12/site-packages/airflow/example_dags/example_bash_operator.py
[2026-06-06T20:17:08.914+0000] {processor.py:914} INFO - Processing file /home/airflow/.local/lib/python3.12/site-packages/airflow/example_dags/example_bash_operator.py for tasks to queue
[2026-06-06T20:17:08.924+0000] {logging_mixin.py:190} INFO - [2026-06-06T20:17:08.920+0000] {dagbag.py:588} INFO - Filling up the DagBag from /home/airflow/.local/lib/python3.12/site-packages/airflow/example_dags/example_bash_operator.py
[2026-06-06T20:17:08.976+0000] {processor.py:925} INFO - DAG(s) 'example_bash_operator' retrieved from /home/airflow/.local/lib/python3.12/site-packages/airflow/example_dags/example_bash_operator.py
[2026-06-06T20:17:09.040+0000] {logging_mixin.py:190} INFO - [2026-06-06T20:17:09.040+0000] {dag.py:3239} INFO - Sync 1 DAGs
[2026-06-06T20:17:09.087+0000] {logging_mixin.py:190} INFO - [2026-06-06T20:17:09.087+0000] {dag.py:4180} INFO - Setting next_dagrun for example_bash_operator to 2026-06-05 00:00:00+00:00, run_after=2026-06-06 00:00:00+00:00
[2026-06-06T20:17:09.124+0000] {processor.py:208} INFO - Processing /home/airflow/.local/lib/python3.12/site-packages/airflow/example_dags/example_bash_operator.py took 0.243 seconds
[2026-06-06T20:17:39.654+0000] {processor.py:186} INFO - Started process (PID=493) to work on /home/airflow/.local/lib/python3.12/site-packages/airflow/example_dags/example_bash_operator.py
[2026-06-06T20:17:39.659+0000] {processor.py:914} INFO - Processing file /home/airflow/.local/lib/python3.12/site-packages/airflow/example_dags/example_bash_operator.py for tasks to queue
[2026-06-06T20:17:39.672+0000] {logging_mixin.py:190} INFO - [2026-06-06T20:17:39.671+0000] {dagbag.py:588} INFO - Filling up the DagBag from /home/airflow/.local/lib/python3.12/site-packages/airflow/example_dags/example_bash_operator.py
[2026-06-06T20:17:39.703+0000] {processor.py:925} INFO - DAG(s) 'example_bash_operator' retrieved from /home/airflow/.local/lib/python3.12/site-packages/airflow/example_dags/example_bash_operator.py
[2026-06-06T20:17:39.782+0000] {logging_mixin.py:190} INFO - [2026-06-06T20:17:39.781+0000] {dag.py:3239} INFO - Sync 1 DAGs
[2026-06-06T20:17:39.857+0000] {logging_mixin.py:190} INFO - [2026-06-06T20:17:39.856+0000] {dag.py:4180} INFO - Setting next_dagrun for example_bash_operator to 2026-06-05 00:00:00+00:00, run_after=2026-06-06 00:00:00+00:00
[2026-06-06T20:17:39.901+0000] {processor.py:208} INFO - Processing /home/airflow/.local/lib/python3.12/site-packages/airflow/example_dags/example_bash_operator.py took 0.260 seconds
[2026-06-06T20:18:10.264+0000] {processor.py:186} INFO - Started process (PID=556) to work on /home/airflow/.local/lib/python3.12/site-packages/airflow/example_dags/example_bash_operator.py
[2026-06-06T20:18:10.269+0000] {processor.py:914} INFO - Processing file /home/airflow/.local/lib/python3.12/site-packages/airflow/example_dags/example_bash_operator.py for tasks to queue
[2026-06-06T20:18:10.276+0000] {logging_mixin.py:190} INFO - [2026-06-06T20:18:10.275+0000] {dagbag.py:588} INFO - Filling up the DagBag from /home/airflow/.local/lib/python3.12/site-packages/airflow/example_dags/example_bash_operator.py
[2026-06-06T20:18:10.301+0000] {processor.py:925} INFO - DAG(s) 'example_bash_operator' retrieved from /home/airflow/.local/lib/python3.12/site-packages/airflow/example_dags/example_bash_operator.py
[2026-06-06T20:18:10.365+0000] {logging_mixin.py:190} INFO - [2026-06-06T20:18:10.365+0000] {dag.py:3239} INFO - Sync 1 DAGs
[2026-06-06T20:18:10.419+0000] {logging_mixin.py:190} INFO - [2026-06-06T20:18:10.419+0000] {dag.py:4180} INFO - Setting next_dagrun for example_bash_operator to 2026-06-05 00:00:00+00:00, run_after=2026-06-06 00:00:00+00:00
[2026-06-06T20:18:10.458+0000] {processor.py:208} INFO - Processing /home/airflow/.local/lib/python3.12/site-packages/airflow/example_dags/example_bash_operator.py took 0.206 seconds
[2026-06-06T20:18:48.149+0000] {processor.py:186} INFO - Started process (PID=611) to work on /home/airflow/.local/lib/python3.12/site-packages/airflow/example_dags/example_bash_operator.py
[2026-06-06T20:18:48.152+0000] {processor.py:914} INFO - Processing file /home/airflow/.local/lib/python3.12/site-packages/airflow/example_dags/example_bash_operator.py for tasks to queue
[2026-06-06T20:18:48.162+0000] {logging_mixin.py:190} INFO - [2026-06-06T20:18:48.162+0000] {dagbag.py:588} INFO - Filling up the DagBag from /home/airflow/.local/lib/python3.12/site-packages/airflow/example_dags/example_bash_operator.py
[2026-06-06T20:18:48.201+0000] {processor.py:925} INFO - DAG(s) 'example_bash_operator' retrieved from /home/airflow/.local/lib/python3.12/site-packages/airflow/example_dags/example_bash_operator.py
[2026-06-06T20:18:48.300+0000] {logging_mixin.py:190} INFO - [2026-06-06T20:18:48.299+0000] {dag.py:3239} INFO - Sync 1 DAGs
[2026-06-06T20:18:48.385+0000] {logging_mixin.py:190} INFO - [2026-06-06T20:18:48.384+0000] {dag.py:4180} INFO - Setting next_dagrun for example_bash_operator to 2026-06-05 00:00:00+00:00, run_after=2026-06-06 00:00:00+00:00
[2026-06-06T20:18:48.446+0000] {processor.py:208} INFO - Processing /home/airflow/.local/lib/python3.12/site-packages/airflow/example_dags/example_bash_operator.py took 0.309 seconds
[2026-06-06T20:19:19.392+0000] {processor.py:186} INFO - Started process (PID=678) to work on /home/airflow/.local/lib/python3.12/site-packages/airflow/example_dags/example_bash_operator.py
[2026-06-06T20:19:19.394+0000] {processor.py:914} INFO - Processing file /home/airflow/.local/lib/python3.12/site-packages/airflow/example_dags/example_bash_operator.py for tasks to queue
[2026-06-06T20:19:19.398+0000] {logging_mixin.py:190} INFO - [2026-06-06T20:19:19.398+0000] {dagbag.py:588} INFO - Filling up the DagBag from /home/airflow/.local/lib/python3.12/site-packages/airflow/example_dags/example_bash_operator.py
[2026-06-06T20:19:19.421+0000] {processor.py:925} INFO - DAG(s) 'example_bash_operator' retrieved from /home/airflow/.local/lib/python3.12/site-packages/airflow/example_dags/example_bash_operator.py
[2026-06-06T20:19:19.472+0000] {logging_mixin.py:190} INFO - [2026-06-06T20:19:19.471+0000] {dag.py:3239} INFO - Sync 1 DAGs
[2026-06-06T20:19:19.510+0000] {logging_mixin.py:190} INFO - [2026-06-06T20:19:19.510+0000] {dag.py:4180} INFO - Setting next_dagrun for example_bash_operator to 2026-06-05 00:00:00+00:00, run_after=2026-06-06 00:00:00+00:00
[2026-06-06T20:19:19.542+0000] {processor.py:208} INFO - Processing /home/airflow/.local/lib/python3.12/site-packages/airflow/example_dags/example_bash_operator.py took 0.159 seconds
[2026-06-06T20:19:57.283+0000] {processor.py:186} INFO - Started process (PID=737) to work on /home/airflow/.local/lib/python3.12/site-packages/airflow/example_dags/example_bash_operator.py
[2026-06-06T20:19:57.290+0000] {processor.py:914} INFO - Processing file /home/airflow/.local/lib/python3.12/site-packages/airflow/example_dags/example_bash_operator.py for tasks to queue
[2026-06-06T20:19:57.299+0000] {logging_mixin.py:190} INFO - [2026-06-06T20:19:57.298+0000] {dagbag.py:588} INFO - Filling up the DagBag from /home/airflow/.local/lib/python3.12/site-packages/airflow/example_dags/example_bash_operator.py
[2026-06-06T20:19:57.354+0000] {processor.py:925} INFO - DAG(s) 'example_bash_operator' retrieved from /home/airflow/.local/lib/python3.12/site-packages/airflow/example_dags/example_bash_operator.py
[2026-06-06T20:19:57.442+0000] {logging_mixin.py:190} INFO - [2026-06-06T20:19:57.441+0000] {dag.py:3239} INFO - Sync 1 DAGs
[2026-06-06T20:19:57.521+0000] {logging_mixin.py:190} INFO - [2026-06-06T20:19:57.520+0000] {dag.py:4180} INFO - Setting next_dagrun for example_bash_operator to 2026-06-05 00:00:00+00:00, run_after=2026-06-06 00:00:00+00:00
[2026-06-06T20:19:57.560+0000] {processor.py:208} INFO - Processing /home/airflow/.local/lib/python3.12/site-packages/airflow/example_dags/example_bash_operator.py took 0.290 seconds
[2026-06-06T20:20:31.644+0000] {processor.py:186} INFO - Started process (PID=799) to work on /home/airflow/.local/lib/python3.12/site-packages/airflow/example_dags/example_bash_operator.py
[2026-06-06T20:20:31.646+0000] {processor.py:914} INFO - Processing file /home/airflow/.local/lib/python3.12/site-packages/airflow/example_dags/example_bash_operator.py for tasks to queue
[2026-06-06T20:20:31.654+0000] {logging_mixin.py:190} INFO - [2026-06-06T20:20:31.654+0000] {dagbag.py:588} INFO - Filling up the DagBag from /home/airflow/.local/lib/python3.12/site-packages/airflow/example_dags/example_bash_operator.py
[2026-06-06T20:20:31.680+0000] {processor.py:925} INFO - DAG(s) 'example_bash_operator' retrieved from /home/airflow/.local/lib/python3.12/site-packages/airflow/example_dags/example_bash_operator.py
[2026-06-06T20:20:31.741+0000] {logging_mixin.py:190} INFO - [2026-06-06T20:20:31.740+0000] {dag.py:3239} INFO - Sync 1 DAGs
[2026-06-06T20:20:31.788+0000] {logging_mixin.py:190} INFO - [2026-06-06T20:20:31.788+0000] {dag.py:4180} INFO - Setting next_dagrun for example_bash_operator to 2026-06-05 00:00:00+00:00, run_after=2026-06-06 00:00:00+00:00
[2026-06-06T20:20:31.830+0000] {processor.py:208} INFO - Processing /home/airflow/.local/lib/python3.12/site-packages/airflow/example_dags/example_bash_operator.py took 0.198 seconds
[2026-06-06T20:21:02.273+0000] {processor.py:186} INFO - Started process (PID=838) to work on /home/airflow/.local/lib/python3.12/site-packages/airflow/example_dags/example_bash_operator.py
[2026-06-06T20:21:02.277+0000] {processor.py:914} INFO - Processing file /home/airflow/.local/lib/python3.12/site-packages/airflow/example_dags/example_bash_operator.py for tasks to queue
[2026-06-06T20:21:02.283+0000] {logging_mixin.py:190} INFO - [2026-06-06T20:21:02.283+0000] {dagbag.py:588} INFO - Filling up the DagBag from /home/airflow/.local/lib/python3.12/site-packages/airflow/example_dags/example_bash_operator.py
[2026-06-06T20:21:02.314+0000] {processor.py:925} INFO - DAG(s) 'example_bash_operator' retrieved from /home/airflow/.local/lib/python3.12/site-packages/airflow/example_dags/example_bash_operator.py
[2026-06-06T20:21:02.389+0000] {logging_mixin.py:190} INFO - [2026-06-06T20:21:02.389+0000] {dag.py:3239} INFO - Sync 1 DAGs
[2026-06-06T20:21:02.438+0000] {logging_mixin.py:190} INFO - [2026-06-06T20:21:02.437+0000] {dag.py:4180} INFO - Setting next_dagrun for example_bash_operator to 2026-06-05 00:00:00+00:00, run_after=2026-06-06 00:00:00+00:00
[2026-06-06T20:21:02.474+0000] {processor.py:208} INFO - Processing /home/airflow/.local/lib/python3.12/site-packages/airflow/example_dags/example_bash_operator.py took 0.224 seconds
[2026-06-06T20:21:33.292+0000] {processor.py:186} INFO - Started process (PID=898) to work on /home/airflow/.local/lib/python3.12/site-packages/airflow/example_dags/example_bash_operator.py
[2026-06-06T20:21:33.295+0000] {processor.py:914} INFO - Processing file /home/airflow/.local/lib/python3.12/site-packages/airflow/example_dags/example_bash_operator.py for tasks to queue
[2026-06-06T20:21:33.300+0000] {logging_mixin.py:190} INFO - [2026-06-06T20:21:33.300+0000] {dagbag.py:588} INFO - Filling up the DagBag from /home/airflow/.local/lib/python3.12/site-packages/airflow/example_dags/example_bash_operator.py
[2026-06-06T20:21:33.334+0000] {processor.py:925} INFO - DAG(s) 'example_bash_operator' retrieved from /home/airflow/.local/lib/python3.12/site-packages/airflow/example_dags/example_bash_operator.py
[2026-06-06T20:21:33.411+0000] {logging_mixin.py:190} INFO - [2026-06-06T20:21:33.410+0000] {dag.py:3239} INFO - Sync 1 DAGs
[2026-06-06T20:21:33.475+0000] {logging_mixin.py:190} INFO - [2026-06-06T20:21:33.474+0000] {dag.py:4180} INFO - Setting next_dagrun for example_bash_operator to 2026-06-05 00:00:00+00:00, run_after=2026-06-06 00:00:00+00:00
[2026-06-06T20:21:33.513+0000] {processor.py:208} INFO - Processing /home/airflow/.local/lib/python3.12/site-packages/airflow/example_dags/example_bash_operator.py took 0.234 seconds
[2026-06-06T20:22:09.728+0000] {processor.py:186} INFO - Started process (PID=941) to work on /home/airflow/.local/lib/python3.12/site-packages/airflow/example_dags/example_bash_operator.py
[2026-06-06T20:22:09.735+0000] {processor.py:914} INFO - Processing file /home/airflow/.local/lib/python3.12/site-packages/airflow/example_dags/example_bash_operator.py for tasks to queue
[2026-06-06T20:22:09.742+0000] {logging_mixin.py:190} INFO - [2026-06-06T20:22:09.741+0000] {dagbag.py:588} INFO - Filling up the DagBag from /home/airflow/.local/lib/python3.12/site-packages/airflow/example_dags/example_bash_operator.py
[2026-06-06T20:22:09.773+0000] {processor.py:925} INFO - DAG(s) 'example_bash_operator' retrieved from /home/airflow/.local/lib/python3.12/site-packages/airflow/example_dags/example_bash_operator.py
[2026-06-06T20:22:09.844+0000] {logging_mixin.py:190} INFO - [2026-06-06T20:22:09.844+0000] {dag.py:3239} INFO - Sync 1 DAGs
[2026-06-06T20:22:09.900+0000] {logging_mixin.py:190} INFO - [2026-06-06T20:22:09.899+0000] {dag.py:4180} INFO - Setting next_dagrun for example_bash_operator to 2026-06-05 00:00:00+00:00, run_after=2026-06-06 00:00:00+00:00
[2026-06-06T20:22:09.947+0000] {processor.py:208} INFO - Processing /home/airflow/.local/lib/python3.12/site-packages/airflow/example_dags/example_bash_operator.py took 0.246 seconds
[2026-06-06T20:22:42.496+0000] {processor.py:186} INFO - Started process (PID=1002) to work on /home/airflow/.local/lib/python3.12/site-packages/airflow/example_dags/example_bash_operator.py
[2026-06-06T20:22:42.504+0000] {processor.py:914} INFO - Processing file /home/airflow/.local/lib/python3.12/site-packages/airflow/example_dags/example_bash_operator.py for tasks to queue
[2026-06-06T20:22:42.516+0000] {logging_mixin.py:190} INFO - [2026-06-06T20:22:42.516+0000] {dagbag.py:588} INFO - Filling up the DagBag from /home/airflow/.local/lib/python3.12/site-packages/airflow/example_dags/example_bash_operator.py
[2026-06-06T20:22:42.562+0000] {processor.py:925} INFO - DAG(s) 'example_bash_operator' retrieved from /home/airflow/.local/lib/python3.12/site-packages/airflow/example_dags/example_bash_operator.py
[2026-06-06T20:22:42.671+0000] {logging_mixin.py:190} INFO - [2026-06-06T20:22:42.670+0000] {dag.py:3239} INFO - Sync 1 DAGs
[2026-06-06T20:22:42.724+0000] {logging_mixin.py:190} INFO - [2026-06-06T20:22:42.724+0000] {dag.py:4180} INFO - Setting next_dagrun for example_bash_operator to 2026-06-05 00:00:00+00:00, run_after=2026-06-06 00:00:00+00:00
[2026-06-06T20:22:42.762+0000] {processor.py:208} INFO - Processing /home/airflow/.local/lib/python3.12/site-packages/airflow/example_dags/example_bash_operator.py took 0.289 seconds
[2026-06-06T20:23:12.934+0000] {processor.py:186} INFO - Started process (PID=1063) to work on /home/airflow/.local/lib/python3.12/site-packages/airflow/example_dags/example_bash_operator.py
[2026-06-06T20:23:12.936+0000] {processor.py:914} INFO - Processing file /home/airflow/.local/lib/python3.12/site-packages/airflow/example_dags/example_bash_operator.py for tasks to queue
[2026-06-06T20:23:12.942+0000] {logging_mixin.py:190} INFO - [2026-06-06T20:23:12.941+0000] {dagbag.py:588} INFO - Filling up the DagBag from /home/airflow/.local/lib/python3.12/site-packages/airflow/example_dags/example_bash_operator.py
[2026-06-06T20:23:12.970+0000] {processor.py:925} INFO - DAG(s) 'example_bash_operator' retrieved from /home/airflow/.local/lib/python3.12/site-packages/airflow/example_dags/example_bash_operator.py
[2026-06-06T20:23:13.042+0000] {logging_mixin.py:190} INFO - [2026-06-06T20:23:13.041+0000] {dag.py:3239} INFO - Sync 1 DAGs
[2026-06-06T20:23:13.093+0000] {logging_mixin.py:190} INFO - [2026-06-06T20:23:13.092+0000] {dag.py:4180} INFO - Setting next_dagrun for example_bash_operator to 2026-06-05 00:00:00+00:00, run_after=2026-06-06 00:00:00+00:00
[2026-06-06T20:23:13.130+0000] {processor.py:208} INFO - Processing /home/airflow/.local/lib/python3.12/site-packages/airflow/example_dags/example_bash_operator.py took 0.207 seconds
[2026-06-06T20:23:48.573+0000] {processor.py:186} INFO - Started process (PID=1125) to work on /home/airflow/.local/lib/python3.12/site-packages/airflow/example_dags/example_bash_operator.py
[2026-06-06T20:23:48.576+0000] {processor.py:914} INFO - Processing file /home/airflow/.local/lib/python3.12/site-packages/airflow/example_dags/example_bash_operator.py for tasks to queue
[2026-06-06T20:23:48.582+0000] {logging_mixin.py:190} INFO - [2026-06-06T20:23:48.581+0000] {dagbag.py:588} INFO - Filling up the DagBag from /home/airflow/.local/lib/python3.12/site-packages/airflow/example_dags/example_bash_operator.py
[2026-06-06T20:23:48.611+0000] {processor.py:925} INFO - DAG(s) 'example_bash_operator' retrieved from /home/airflow/.local/lib/python3.12/site-packages/airflow/example_dags/example_bash_operator.py
[2026-06-06T20:23:48.687+0000] {logging_mixin.py:190} INFO - [2026-06-06T20:23:48.686+0000] {dag.py:3239} INFO - Sync 1 DAGs
[2026-06-06T20:23:48.738+0000] {logging_mixin.py:190} INFO - [2026-06-06T20:23:48.736+0000] {dag.py:4180} INFO - Setting next_dagrun for example_bash_operator to 2026-06-05 00:00:00+00:00, run_after=2026-06-06 00:00:00+00:00
[2026-06-06T20:23:48.781+0000] {processor.py:208} INFO - Processing /home/airflow/.local/lib/python3.12/site-packages/airflow/example_dags/example_bash_operator.py took 0.220 seconds
[2026-06-06T20:24:22.284+0000] {processor.py:186} INFO - Started process (PID=1190) to work on /home/airflow/.local/lib/python3.12/site-packages/airflow/example_dags/example_bash_operator.py
[2026-06-06T20:24:22.287+0000] {processor.py:914} INFO - Processing file /home/airflow/.local/lib/python3.12/site-packages/airflow/example_dags/example_bash_operator.py for tasks to queue
[2026-06-06T20:24:22.297+0000] {logging_mixin.py:190} INFO - [2026-06-06T20:24:22.296+0000] {dagbag.py:588} INFO - Filling up the DagBag from /home/airflow/.local/lib/python3.12/site-packages/airflow/example_dags/example_bash_operator.py
[2026-06-06T20:24:22.336+0000] {processor.py:925} INFO - DAG(s) 'example_bash_operator' retrieved from /home/airflow/.local/lib/python3.12/site-packages/airflow/example_dags/example_bash_operator.py
[2026-06-06T20:24:22.440+0000] {logging_mixin.py:190} INFO - [2026-06-06T20:24:22.439+0000] {dag.py:3239} INFO - Sync 1 DAGs
[2026-06-06T20:24:22.597+0000] {logging_mixin.py:190} INFO - [2026-06-06T20:24:22.597+0000] {dag.py:4180} INFO - Setting next_dagrun for example_bash_operator to 2026-06-05 00:00:00+00:00, run_after=2026-06-06 00:00:00+00:00
[2026-06-06T20:24:22.711+0000] {processor.py:208} INFO - Processing /home/airflow/.local/lib/python3.12/site-packages/airflow/example_dags/example_bash_operator.py took 0.442 seconds
[2026-06-06T20:25:00.754+0000] {processor.py:186} INFO - Started process (PID=1253) to work on /home/airflow/.local/lib/python3.12/site-packages/airflow/example_dags/example_bash_operator.py
[2026-06-06T20:25:00.756+0000] {processor.py:914} INFO - Processing file /home/airflow/.local/lib/python3.12/site-packages/airflow/example_dags/example_bash_operator.py for tasks to queue
[2026-06-06T20:25:00.761+0000] {logging_mixin.py:190} INFO - [2026-06-06T20:25:00.761+0000] {dagbag.py:588} INFO - Filling up the DagBag from /home/airflow/.local/lib/python3.12/site-packages/airflow/example_dags/example_bash_operator.py
[2026-06-06T20:25:00.787+0000] {processor.py:925} INFO - DAG(s) 'example_bash_operator' retrieved from /home/airflow/.local/lib/python3.12/site-packages/airflow/example_dags/example_bash_operator.py
[2026-06-06T20:25:00.850+0000] {logging_mixin.py:190} INFO - [2026-06-06T20:25:00.850+0000] {dag.py:3239} INFO - Sync 1 DAGs
[2026-06-06T20:25:00.907+0000] {logging_mixin.py:190} INFO - [2026-06-06T20:25:00.907+0000] {dag.py:4180} INFO - Setting next_dagrun for example_bash_operator to 2026-06-05 00:00:00+00:00, run_after=2026-06-06 00:00:00+00:00
[2026-06-06T20:25:00.959+0000] {processor.py:208} INFO - Processing /home/airflow/.local/lib/python3.12/site-packages/airflow/example_dags/example_bash_operator.py took 0.216 seconds
[2026-06-06T20:25:31.043+0000] {processor.py:186} INFO - Started process (PID=1312) to work on /home/airflow/.local/lib/python3.12/site-packages/airflow/example_dags/example_bash_operator.py
[2026-06-06T20:25:31.045+0000] {processor.py:914} INFO - Processing file /home/airflow/.local/lib/python3.12/site-packages/airflow/example_dags/example_bash_operator.py for tasks to queue
[2026-06-06T20:25:31.051+0000] {logging_mixin.py:190} INFO - [2026-06-06T20:25:31.050+0000] {dagbag.py:588} INFO - Filling up the DagBag from /home/airflow/.local/lib/python3.12/site-packages/airflow/example_dags/example_bash_operator.py
[2026-06-06T20:25:31.074+0000] {processor.py:925} INFO - DAG(s) 'example_bash_operator' retrieved from /home/airflow/.local/lib/python3.12/site-packages/airflow/example_dags/example_bash_operator.py
[2026-06-06T20:25:31.129+0000] {logging_mixin.py:190} INFO - [2026-06-06T20:25:31.129+0000] {dag.py:3239} INFO - Sync 1 DAGs
[2026-06-06T20:25:31.164+0000] {logging_mixin.py:190} INFO - [2026-06-06T20:25:31.164+0000] {dag.py:4180} INFO - Setting next_dagrun for example_bash_operator to 2026-06-05 00:00:00+00:00, run_after=2026-06-06 00:00:00+00:00
[2026-06-06T20:25:31.192+0000] {processor.py:208} INFO - Processing /home/airflow/.local/lib/python3.12/site-packages/airflow/example_dags/example_bash_operator.py took 0.160 seconds
[2026-06-06T20:26:07.588+0000] {processor.py:186} INFO - Started process (PID=1374) to work on /home/airflow/.local/lib/python3.12/site-packages/airflow/example_dags/example_bash_operator.py
[2026-06-06T20:26:07.591+0000] {processor.py:914} INFO - Processing file /home/airflow/.local/lib/python3.12/site-packages/airflow/example_dags/example_bash_operator.py for tasks to queue
[2026-06-06T20:26:07.602+0000] {logging_mixin.py:190} INFO - [2026-06-06T20:26:07.601+0000] {dagbag.py:588} INFO - Filling up the DagBag from /home/airflow/.local/lib/python3.12/site-packages/airflow/example_dags/example_bash_operator.py
[2026-06-06T20:26:07.637+0000] {processor.py:925} INFO - DAG(s) 'example_bash_operator' retrieved from /home/airflow/.local/lib/python3.12/site-packages/airflow/example_dags/example_bash_operator.py
[2026-06-06T20:26:07.723+0000] {logging_mixin.py:190} INFO - [2026-06-06T20:26:07.723+0000] {dag.py:3239} INFO - Sync 1 DAGs
[2026-06-06T20:26:07.810+0000] {logging_mixin.py:190} INFO - [2026-06-06T20:26:07.809+0000] {dag.py:4180} INFO - Setting next_dagrun for example_bash_operator to 2026-06-05 00:00:00+00:00, run_after=2026-06-06 00:00:00+00:00
[2026-06-06T20:26:07.858+0000] {processor.py:208} INFO - Processing /home/airflow/.local/lib/python3.12/site-packages/airflow/example_dags/example_bash_operator.py took 0.284 seconds
[2026-06-06T20:26:38.016+0000] {processor.py:186} INFO - Started process (PID=1427) to work on /home/airflow/.local/lib/python3.12/site-packages/airflow/example_dags/example_bash_operator.py
[2026-06-06T20:26:38.019+0000] {processor.py:914} INFO - Processing file /home/airflow/.local/lib/python3.12/site-packages/airflow/example_dags/example_bash_operator.py for tasks to queue
[2026-06-06T20:26:38.027+0000] {logging_mixin.py:190} INFO - [2026-06-06T20:26:38.026+0000] {dagbag.py:588} INFO - Filling up the DagBag from /home/airflow/.local/lib/python3.12/site-packages/airflow/example_dags/example_bash_operator.py
[2026-06-06T20:26:38.060+0000] {processor.py:925} INFO - DAG(s) 'example_bash_operator' retrieved from /home/airflow/.local/lib/python3.12/site-packages/airflow/example_dags/example_bash_operator.py
[2026-06-06T20:26:38.149+0000] {logging_mixin.py:190} INFO - [2026-06-06T20:26:38.149+0000] {dag.py:3239} INFO - Sync 1 DAGs
[2026-06-06T20:26:38.247+0000] {logging_mixin.py:190} INFO - [2026-06-06T20:26:38.247+0000] {dag.py:4180} INFO - Setting next_dagrun for example_bash_operator to 2026-06-05 00:00:00+00:00, run_after=2026-06-06 00:00:00+00:00
[2026-06-06T20:26:38.293+0000] {processor.py:208} INFO - Processing /home/airflow/.local/lib/python3.12/site-packages/airflow/example_dags/example_bash_operator.py took 0.292 seconds
[2026-06-06T20:27:15.301+0000] {processor.py:186} INFO - Started process (PID=1489) to work on /home/airflow/.local/lib/python3.12/site-packages/airflow/example_dags/example_bash_operator.py
[2026-06-06T20:27:15.303+0000] {processor.py:914} INFO - Processing file /home/airflow/.local/lib/python3.12/site-packages/airflow/example_dags/example_bash_operator.py for tasks to queue
[2026-06-06T20:27:15.309+0000] {logging_mixin.py:190} INFO - [2026-06-06T20:27:15.308+0000] {dagbag.py:588} INFO - Filling up the DagBag from /home/airflow/.local/lib/python3.12/site-packages/airflow/example_dags/example_bash_operator.py
[2026-06-06T20:27:15.338+0000] {processor.py:925} INFO - DAG(s) 'example_bash_operator' retrieved from /home/airflow/.local/lib/python3.12/site-packages/airflow/example_dags/example_bash_operator.py
[2026-06-06T20:27:15.403+0000] {logging_mixin.py:190} INFO - [2026-06-06T20:27:15.403+0000] {dag.py:3239} INFO - Sync 1 DAGs
[2026-06-06T20:27:15.456+0000] {logging_mixin.py:190} INFO - [2026-06-06T20:27:15.456+0000] {dag.py:4180} INFO - Setting next_dagrun for example_bash_operator to 2026-06-05 00:00:00+00:00, run_after=2026-06-06 00:00:00+00:00
[2026-06-06T20:27:15.495+0000] {processor.py:208} INFO - Processing /home/airflow/.local/lib/python3.12/site-packages/airflow/example_dags/example_bash_operator.py took 0.209 seconds
[2026-06-06T20:27:51.793+0000] {processor.py:186} INFO - Started process (PID=1550) to work on /home/airflow/.local/lib/python3.12/site-packages/airflow/example_dags/example_bash_operator.py
[2026-06-06T20:27:51.797+0000] {processor.py:914} INFO - Processing file /home/airflow/.local/lib/python3.12/site-packages/airflow/example_dags/example_bash_operator.py for tasks to queue
[2026-06-06T20:27:51.804+0000] {logging_mixin.py:190} INFO - [2026-06-06T20:27:51.803+0000] {dagbag.py:588} INFO - Filling up the DagBag from /home/airflow/.local/lib/python3.12/site-packages/airflow/example_dags/example_bash_operator.py
[2026-06-06T20:27:51.835+0000] {processor.py:925} INFO - DAG(s) 'example_bash_operator' retrieved from /home/airflow/.local/lib/python3.12/site-packages/airflow/example_dags/example_bash_operator.py
[2026-06-06T20:27:51.928+0000] {logging_mixin.py:190} INFO - [2026-06-06T20:27:51.927+0000] {dag.py:3239} INFO - Sync 1 DAGs
[2026-06-06T20:27:52.000+0000] {logging_mixin.py:190} INFO - [2026-06-06T20:27:52.000+0000] {dag.py:4180} INFO - Setting next_dagrun for example_bash_operator to 2026-06-05 00:00:00+00:00, run_after=2026-06-06 00:00:00+00:00
[2026-06-06T20:27:52.044+0000] {processor.py:208} INFO - Processing /home/airflow/.local/lib/python3.12/site-packages/airflow/example_dags/example_bash_operator.py took 0.267 seconds
[2026-06-06T20:28:24.346+0000] {processor.py:186} INFO - Started process (PID=1607) to work on /home/airflow/.local/lib/python3.12/site-packages/airflow/example_dags/example_bash_operator.py
[2026-06-06T20:28:24.353+0000] {processor.py:914} INFO - Processing file /home/airflow/.local/lib/python3.12/site-packages/airflow/example_dags/example_bash_operator.py for tasks to queue
[2026-06-06T20:28:24.370+0000] {logging_mixin.py:190} INFO - [2026-06-06T20:28:24.369+0000] {dagbag.py:588} INFO - Filling up the DagBag from /home/airflow/.local/lib/python3.12/site-packages/airflow/example_dags/example_bash_operator.py
[2026-06-06T20:28:24.418+0000] {processor.py:925} INFO - DAG(s) 'example_bash_operator' retrieved from /home/airflow/.local/lib/python3.12/site-packages/airflow/example_dags/example_bash_operator.py
[2026-06-06T20:28:24.583+0000] {logging_mixin.py:190} INFO - [2026-06-06T20:28:24.583+0000] {dag.py:3239} INFO - Sync 1 DAGs
[2026-06-06T20:28:24.690+0000] {logging_mixin.py:190} INFO - [2026-06-06T20:28:24.689+0000] {dag.py:4180} INFO - Setting next_dagrun for example_bash_operator to 2026-06-05 00:00:00+00:00, run_after=2026-06-06 00:00:00+00:00
[2026-06-06T20:28:24.755+0000] {processor.py:208} INFO - Processing /home/airflow/.local/lib/python3.12/site-packages/airflow/example_dags/example_bash_operator.py took 0.435 seconds
[2026-06-06T20:28:55.578+0000] {processor.py:186} INFO - Started process (PID=1667) to work on /home/airflow/.local/lib/python3.12/site-packages/airflow/example_dags/example_bash_operator.py
[2026-06-06T20:28:55.581+0000] {processor.py:914} INFO - Processing file /home/airflow/.local/lib/python3.12/site-packages/airflow/example_dags/example_bash_operator.py for tasks to queue
[2026-06-06T20:28:55.589+0000] {logging_mixin.py:190} INFO - [2026-06-06T20:28:55.588+0000] {dagbag.py:588} INFO - Filling up the DagBag from /home/airflow/.local/lib/python3.12/site-packages/airflow/example_dags/example_bash_operator.py
[2026-06-06T20:28:55.619+0000] {processor.py:925} INFO - DAG(s) 'example_bash_operator' retrieved from /home/airflow/.local/lib/python3.12/site-packages/airflow/example_dags/example_bash_operator.py
[2026-06-06T20:28:55.715+0000] {logging_mixin.py:190} INFO - [2026-06-06T20:28:55.715+0000] {dag.py:3239} INFO - Sync 1 DAGs
[2026-06-06T20:28:55.788+0000] {logging_mixin.py:190} INFO - [2026-06-06T20:28:55.787+0000] {dag.py:4180} INFO - Setting next_dagrun for example_bash_operator to 2026-06-05 00:00:00+00:00, run_after=2026-06-06 00:00:00+00:00
[2026-06-06T20:28:55.849+0000] {processor.py:208} INFO - Processing /home/airflow/.local/lib/python3.12/site-packages/airflow/example_dags/example_bash_operator.py took 0.283 seconds
[2026-06-06T20:29:27.362+0000] {processor.py:186} INFO - Started process (PID=1711) to work on /home/airflow/.local/lib/python3.12/site-packages/airflow/example_dags/example_bash_operator.py
[2026-06-06T20:29:27.366+0000] {processor.py:914} INFO - Processing file /home/airflow/.local/lib/python3.12/site-packages/airflow/example_dags/example_bash_operator.py for tasks to queue
[2026-06-06T20:29:27.386+0000] {logging_mixin.py:190} INFO - [2026-06-06T20:29:27.380+0000] {dagbag.py:588} INFO - Filling up the DagBag from /home/airflow/.local/lib/python3.12/site-packages/airflow/example_dags/example_bash_operator.py
[2026-06-06T20:29:27.427+0000] {processor.py:925} INFO - DAG(s) 'example_bash_operator' retrieved from /home/airflow/.local/lib/python3.12/site-packages/airflow/example_dags/example_bash_operator.py
[2026-06-06T20:29:27.500+0000] {logging_mixin.py:190} INFO - [2026-06-06T20:29:27.500+0000] {dag.py:3239} INFO - Sync 1 DAGs
[2026-06-06T20:29:27.573+0000] {logging_mixin.py:190} INFO - [2026-06-06T20:29:27.572+0000] {dag.py:4180} INFO - Setting next_dagrun for example_bash_operator to 2026-06-05 00:00:00+00:00, run_after=2026-06-06 00:00:00+00:00
[2026-06-06T20:29:27.638+0000] {processor.py:208} INFO - Processing /home/airflow/.local/lib/python3.12/site-packages/airflow/example_dags/example_bash_operator.py took 0.292 seconds
[2026-06-06T20:30:02.309+0000] {processor.py:186} INFO - Started process (PID=1774) to work on /home/airflow/.local/lib/python3.12/site-packages/airflow/example_dags/example_bash_operator.py
[2026-06-06T20:30:02.312+0000] {processor.py:914} INFO - Processing file /home/airflow/.local/lib/python3.12/site-packages/airflow/example_dags/example_bash_operator.py for tasks to queue
[2026-06-06T20:30:02.317+0000] {logging_mixin.py:190} INFO - [2026-06-06T20:30:02.317+0000] {dagbag.py:588} INFO - Filling up the DagBag from /home/airflow/.local/lib/python3.12/site-packages/airflow/example_dags/example_bash_operator.py
[2026-06-06T20:30:02.341+0000] {processor.py:925} INFO - DAG(s) 'example_bash_operator' retrieved from /home/airflow/.local/lib/python3.12/site-packages/airflow/example_dags/example_bash_operator.py
[2026-06-06T20:30:02.414+0000] {logging_mixin.py:190} INFO - [2026-06-06T20:30:02.413+0000] {dag.py:3239} INFO - Sync 1 DAGs
[2026-06-06T20:30:02.475+0000] {logging_mixin.py:190} INFO - [2026-06-06T20:30:02.474+0000] {dag.py:4180} INFO - Setting next_dagrun for example_bash_operator to 2026-06-05 00:00:00+00:00, run_after=2026-06-06 00:00:00+00:00
[2026-06-06T20:30:02.515+0000] {processor.py:208} INFO - Processing /home/airflow/.local/lib/python3.12/site-packages/airflow/example_dags/example_bash_operator.py took 0.220 seconds
[2026-06-06T20:30:41.736+0000] {processor.py:186} INFO - Started process (PID=1837) to work on /home/airflow/.local/lib/python3.12/site-packages/airflow/example_dags/example_bash_operator.py
[2026-06-06T20:30:41.739+0000] {processor.py:914} INFO - Processing file /home/airflow/.local/lib/python3.12/site-packages/airflow/example_dags/example_bash_operator.py for tasks to queue
[2026-06-06T20:30:41.743+0000] {logging_mixin.py:190} INFO - [2026-06-06T20:30:41.743+0000] {dagbag.py:588} INFO - Filling up the DagBag from /home/airflow/.local/lib/python3.12/site-packages/airflow/example_dags/example_bash_operator.py
[2026-06-06T20:30:41.767+0000] {processor.py:925} INFO - DAG(s) 'example_bash_operator' retrieved from /home/airflow/.local/lib/python3.12/site-packages/airflow/example_dags/example_bash_operator.py
[2026-06-06T20:30:41.828+0000] {logging_mixin.py:190} INFO - [2026-06-06T20:30:41.827+0000] {dag.py:3239} INFO - Sync 1 DAGs
[2026-06-06T20:30:41.873+0000] {logging_mixin.py:190} INFO - [2026-06-06T20:30:41.872+0000] {dag.py:4180} INFO - Setting next_dagrun for example_bash_operator to 2026-06-05 00:00:00+00:00, run_after=2026-06-06 00:00:00+00:00
[2026-06-06T20:30:41.907+0000] {processor.py:208} INFO - Processing /home/airflow/.local/lib/python3.12/site-packages/airflow/example_dags/example_bash_operator.py took 0.180 seconds
[2026-06-06T20:31:12.068+0000] {processor.py:186} INFO - Started process (PID=1893) to work on /home/airflow/.local/lib/python3.12/site-packages/airflow/example_dags/example_bash_operator.py
[2026-06-06T20:31:12.072+0000] {processor.py:914} INFO - Processing file /home/airflow/.local/lib/python3.12/site-packages/airflow/example_dags/example_bash_operator.py for tasks to queue
[2026-06-06T20:31:12.081+0000] {logging_mixin.py:190} INFO - [2026-06-06T20:31:12.080+0000] {dagbag.py:588} INFO - Filling up the DagBag from /home/airflow/.local/lib/python3.12/site-packages/airflow/example_dags/example_bash_operator.py
[2026-06-06T20:31:12.114+0000] {processor.py:925} INFO - DAG(s) 'example_bash_operator' retrieved from /home/airflow/.local/lib/python3.12/site-packages/airflow/example_dags/example_bash_operator.py
[2026-06-06T20:31:12.192+0000] {logging_mixin.py:190} INFO - [2026-06-06T20:31:12.191+0000] {dag.py:3239} INFO - Sync 1 DAGs
[2026-06-06T20:31:12.259+0000] {logging_mixin.py:190} INFO - [2026-06-06T20:31:12.258+0000] {dag.py:4180} INFO - Setting next_dagrun for example_bash_operator to 2026-06-05 00:00:00+00:00, run_after=2026-06-06 00:00:00+00:00
[2026-06-06T20:31:12.306+0000] {processor.py:208} INFO - Processing /home/airflow/.local/lib/python3.12/site-packages/airflow/example_dags/example_bash_operator.py took 0.253 seconds
[2026-06-06T20:31:45.626+0000] {processor.py:186} INFO - Started process (PID=1952) to work on /home/airflow/.local/lib/python3.12/site-packages/airflow/example_dags/example_bash_operator.py
[2026-06-06T20:31:45.628+0000] {processor.py:914} INFO - Processing file /home/airflow/.local/lib/python3.12/site-packages/airflow/example_dags/example_bash_operator.py for tasks to queue
[2026-06-06T20:31:45.633+0000] {logging_mixin.py:190} INFO - [2026-06-06T20:31:45.632+0000] {dagbag.py:588} INFO - Filling up the DagBag from /home/airflow/.local/lib/python3.12/site-packages/airflow/example_dags/example_bash_operator.py
[2026-06-06T20:31:45.654+0000] {processor.py:925} INFO - DAG(s) 'example_bash_operator' retrieved from /home/airflow/.local/lib/python3.12/site-packages/airflow/example_dags/example_bash_operator.py
[2026-06-06T20:31:45.704+0000] {logging_mixin.py:190} INFO - [2026-06-06T20:31:45.704+0000] {dag.py:3239} INFO - Sync 1 DAGs
[2026-06-06T20:31:45.740+0000] {logging_mixin.py:190} INFO - [2026-06-06T20:31:45.740+0000] {dag.py:4180} INFO - Setting next_dagrun for example_bash_operator to 2026-06-05 00:00:00+00:00, run_after=2026-06-06 00:00:00+00:00
[2026-06-06T20:31:45.774+0000] {processor.py:208} INFO - Processing /home/airflow/.local/lib/python3.12/site-packages/airflow/example_dags/example_bash_operator.py took 0.157 seconds
[2026-06-06T20:32:21.889+0000] {processor.py:186} INFO - Started process (PID=1996) to work on /home/airflow/.local/lib/python3.12/site-packages/airflow/example_dags/example_bash_operator.py
[2026-06-06T20:32:21.891+0000] {processor.py:914} INFO - Processing file /home/airflow/.local/lib/python3.12/site-packages/airflow/example_dags/example_bash_operator.py for tasks to queue
[2026-06-06T20:32:21.898+0000] {logging_mixin.py:190} INFO - [2026-06-06T20:32:21.897+0000] {dagbag.py:588} INFO - Filling up the DagBag from /home/airflow/.local/lib/python3.12/site-packages/airflow/example_dags/example_bash_operator.py
[2026-06-06T20:32:21.932+0000] {processor.py:925} INFO - DAG(s) 'example_bash_operator' retrieved from /home/airflow/.local/lib/python3.12/site-packages/airflow/example_dags/example_bash_operator.py
[2026-06-06T20:32:22.103+0000] {logging_mixin.py:190} INFO - [2026-06-06T20:32:22.103+0000] {dag.py:3239} INFO - Sync 1 DAGs
[2026-06-06T20:32:22.238+0000] {logging_mixin.py:190} INFO - [2026-06-06T20:32:22.237+0000] {dag.py:4180} INFO - Setting next_dagrun for example_bash_operator to 2026-06-05 00:00:00+00:00, run_after=2026-06-06 00:00:00+00:00
[2026-06-06T20:32:22.338+0000] {processor.py:208} INFO - Processing /home/airflow/.local/lib/python3.12/site-packages/airflow/example_dags/example_bash_operator.py took 0.460 seconds
[2026-06-06T20:32:54.302+0000] {processor.py:186} INFO - Started process (PID=2063) to work on /home/airflow/.local/lib/python3.12/site-packages/airflow/example_dags/example_bash_operator.py
[2026-06-06T20:32:54.305+0000] {processor.py:914} INFO - Processing file /home/airflow/.local/lib/python3.12/site-packages/airflow/example_dags/example_bash_operator.py for tasks to queue
[2026-06-06T20:32:54.324+0000] {logging_mixin.py:190} INFO - [2026-06-06T20:32:54.318+0000] {dagbag.py:588} INFO - Filling up the DagBag from /home/airflow/.local/lib/python3.12/site-packages/airflow/example_dags/example_bash_operator.py
[2026-06-06T20:32:54.354+0000] {processor.py:925} INFO - DAG(s) 'example_bash_operator' retrieved from /home/airflow/.local/lib/python3.12/site-packages/airflow/example_dags/example_bash_operator.py
[2026-06-06T20:32:54.493+0000] {logging_mixin.py:190} INFO - [2026-06-06T20:32:54.492+0000] {dag.py:3239} INFO - Sync 1 DAGs
[2026-06-06T20:32:54.560+0000] {logging_mixin.py:190} INFO - [2026-06-06T20:32:54.560+0000] {dag.py:4180} INFO - Setting next_dagrun for example_bash_operator to 2026-06-05 00:00:00+00:00, run_after=2026-06-06 00:00:00+00:00
[2026-06-06T20:32:54.621+0000] {processor.py:208} INFO - Processing /home/airflow/.local/lib/python3.12/site-packages/airflow/example_dags/example_bash_operator.py took 0.339 seconds
[2026-06-06T20:33:28.472+0000] {processor.py:186} INFO - Started process (PID=2125) to work on /home/airflow/.local/lib/python3.12/site-packages/airflow/example_dags/example_bash_operator.py
[2026-06-06T20:33:28.475+0000] {processor.py:914} INFO - Processing file /home/airflow/.local/lib/python3.12/site-packages/airflow/example_dags/example_bash_operator.py for tasks to queue
[2026-06-06T20:33:28.480+0000] {logging_mixin.py:190} INFO - [2026-06-06T20:33:28.479+0000] {dagbag.py:588} INFO - Filling up the DagBag from /home/airflow/.local/lib/python3.12/site-packages/airflow/example_dags/example_bash_operator.py
[2026-06-06T20:33:28.509+0000] {processor.py:925} INFO - DAG(s) 'example_bash_operator' retrieved from /home/airflow/.local/lib/python3.12/site-packages/airflow/example_dags/example_bash_operator.py
[2026-06-06T20:33:28.571+0000] {logging_mixin.py:190} INFO - [2026-06-06T20:33:28.571+0000] {dag.py:3239} INFO - Sync 1 DAGs
[2026-06-06T20:33:28.614+0000] {logging_mixin.py:190} INFO - [2026-06-06T20:33:28.613+0000] {dag.py:4180} INFO - Setting next_dagrun for example_bash_operator to 2026-06-05 00:00:00+00:00, run_after=2026-06-06 00:00:00+00:00
[2026-06-06T20:33:28.648+0000] {processor.py:208} INFO - Processing /home/airflow/.local/lib/python3.12/site-packages/airflow/example_dags/example_bash_operator.py took 0.186 seconds
[2026-06-06T20:34:00.242+0000] {processor.py:186} INFO - Started process (PID=2183) to work on /home/airflow/.local/lib/python3.12/site-packages/airflow/example_dags/example_bash_operator.py
[2026-06-06T20:34:00.244+0000] {processor.py:914} INFO - Processing file /home/airflow/.local/lib/python3.12/site-packages/airflow/example_dags/example_bash_operator.py for tasks to queue
[2026-06-06T20:34:00.249+0000] {logging_mixin.py:190} INFO - [2026-06-06T20:34:00.248+0000] {dagbag.py:588} INFO - Filling up the DagBag from /home/airflow/.local/lib/python3.12/site-packages/airflow/example_dags/example_bash_operator.py
[2026-06-06T20:34:00.272+0000] {processor.py:925} INFO - DAG(s) 'example_bash_operator' retrieved from /home/airflow/.local/lib/python3.12/site-packages/airflow/example_dags/example_bash_operator.py
[2026-06-06T20:34:00.334+0000] {logging_mixin.py:190} INFO - [2026-06-06T20:34:00.334+0000] {dag.py:3239} INFO - Sync 1 DAGs
[2026-06-06T20:34:00.394+0000] {logging_mixin.py:190} INFO - [2026-06-06T20:34:00.394+0000] {dag.py:4180} INFO - Setting next_dagrun for example_bash_operator to 2026-06-05 00:00:00+00:00, run_after=2026-06-06 00:00:00+00:00
[2026-06-06T20:34:00.450+0000] {processor.py:208} INFO - Processing /home/airflow/.local/lib/python3.12/site-packages/airflow/example_dags/example_bash_operator.py took 0.218 seconds
[2026-06-06T20:34:45.907+0000] {processor.py:186} INFO - Started process (PID=2234) to work on /home/airflow/.local/lib/python3.12/site-packages/airflow/example_dags/example_bash_operator.py
[2026-06-06T20:34:45.912+0000] {processor.py:914} INFO - Processing file /home/airflow/.local/lib/python3.12/site-packages/airflow/example_dags/example_bash_operator.py for tasks to queue
[2026-06-06T20:34:45.932+0000] {logging_mixin.py:190} INFO - [2026-06-06T20:34:45.931+0000] {dagbag.py:588} INFO - Filling up the DagBag from /home/airflow/.local/lib/python3.12/site-packages/airflow/example_dags/example_bash_operator.py
[2026-06-06T20:34:46.048+0000] {processor.py:925} INFO - DAG(s) 'example_bash_operator' retrieved from /home/airflow/.local/lib/python3.12/site-packages/airflow/example_dags/example_bash_operator.py
[2026-06-06T20:34:46.181+0000] {logging_mixin.py:190} INFO - [2026-06-06T20:34:46.180+0000] {dag.py:3239} INFO - Sync 1 DAGs
[2026-06-06T20:34:46.295+0000] {logging_mixin.py:190} INFO - [2026-06-06T20:34:46.295+0000] {dag.py:4180} INFO - Setting next_dagrun for example_bash_operator to 2026-06-05 00:00:00+00:00, run_after=2026-06-06 00:00:00+00:00
[2026-06-06T20:34:46.387+0000] {processor.py:208} INFO - Processing /home/airflow/.local/lib/python3.12/site-packages/airflow/example_dags/example_bash_operator.py took 0.501 seconds
[2026-06-06T20:35:28.609+0000] {processor.py:186} INFO - Started process (PID=2300) to work on /home/airflow/.local/lib/python3.12/site-packages/airflow/example_dags/example_bash_operator.py
[2026-06-06T20:35:28.612+0000] {processor.py:914} INFO - Processing file /home/airflow/.local/lib/python3.12/site-packages/airflow/example_dags/example_bash_operator.py for tasks to queue
[2026-06-06T20:35:28.617+0000] {logging_mixin.py:190} INFO - [2026-06-06T20:35:28.616+0000] {dagbag.py:588} INFO - Filling up the DagBag from /home/airflow/.local/lib/python3.12/site-packages/airflow/example_dags/example_bash_operator.py
[2026-06-06T20:35:28.643+0000] {processor.py:925} INFO - DAG(s) 'example_bash_operator' retrieved from /home/airflow/.local/lib/python3.12/site-packages/airflow/example_dags/example_bash_operator.py
[2026-06-06T20:35:28.703+0000] {logging_mixin.py:190} INFO - [2026-06-06T20:35:28.703+0000] {dag.py:3239} INFO - Sync 1 DAGs
[2026-06-06T20:35:28.749+0000] {logging_mixin.py:190} INFO - [2026-06-06T20:35:28.748+0000] {dag.py:4180} INFO - Setting next_dagrun for example_bash_operator to 2026-06-05 00:00:00+00:00, run_after=2026-06-06 00:00:00+00:00
[2026-06-06T20:35:28.780+0000] {processor.py:208} INFO - Processing /home/airflow/.local/lib/python3.12/site-packages/airflow/example_dags/example_bash_operator.py took 0.180 seconds
[2026-06-06T20:35:59.359+0000] {processor.py:186} INFO - Started process (PID=2357) to work on /home/airflow/.local/lib/python3.12/site-packages/airflow/example_dags/example_bash_operator.py
[2026-06-06T20:35:59.362+0000] {processor.py:914} INFO - Processing file /home/airflow/.local/lib/python3.12/site-packages/airflow/example_dags/example_bash_operator.py for tasks to queue
[2026-06-06T20:35:59.370+0000] {logging_mixin.py:190} INFO - [2026-06-06T20:35:59.368+0000] {dagbag.py:588} INFO - Filling up the DagBag from /home/airflow/.local/lib/python3.12/site-packages/airflow/example_dags/example_bash_operator.py
[2026-06-06T20:35:59.404+0000] {processor.py:925} INFO - DAG(s) 'example_bash_operator' retrieved from /home/airflow/.local/lib/python3.12/site-packages/airflow/example_dags/example_bash_operator.py
[2026-06-06T20:35:59.481+0000] {logging_mixin.py:190} INFO - [2026-06-06T20:35:59.481+0000] {dag.py:3239} INFO - Sync 1 DAGs
[2026-06-06T20:35:59.547+0000] {logging_mixin.py:190} INFO - [2026-06-06T20:35:59.547+0000] {dag.py:4180} INFO - Setting next_dagrun for example_bash_operator to 2026-06-05 00:00:00+00:00, run_after=2026-06-06 00:00:00+00:00
[2026-06-06T20:35:59.584+0000] {processor.py:208} INFO - Processing /home/airflow/.local/lib/python3.12/site-packages/airflow/example_dags/example_bash_operator.py took 0.241 seconds
[2026-06-06T20:36:32.325+0000] {processor.py:186} INFO - Started process (PID=2419) to work on /home/airflow/.local/lib/python3.12/site-packages/airflow/example_dags/example_bash_operator.py
[2026-06-06T20:36:32.328+0000] {processor.py:914} INFO - Processing file /home/airflow/.local/lib/python3.12/site-packages/airflow/example_dags/example_bash_operator.py for tasks to queue
[2026-06-06T20:36:32.336+0000] {logging_mixin.py:190} INFO - [2026-06-06T20:36:32.335+0000] {dagbag.py:588} INFO - Filling up the DagBag from /home/airflow/.local/lib/python3.12/site-packages/airflow/example_dags/example_bash_operator.py
[2026-06-06T20:36:32.391+0000] {processor.py:925} INFO - DAG(s) 'example_bash_operator' retrieved from /home/airflow/.local/lib/python3.12/site-packages/airflow/example_dags/example_bash_operator.py
[2026-06-06T20:36:32.482+0000] {logging_mixin.py:190} INFO - [2026-06-06T20:36:32.482+0000] {dag.py:3239} INFO - Sync 1 DAGs
[2026-06-06T20:36:32.609+0000] {logging_mixin.py:190} INFO - [2026-06-06T20:36:32.608+0000] {dag.py:4180} INFO - Setting next_dagrun for example_bash_operator to 2026-06-05 00:00:00+00:00, run_after=2026-06-06 00:00:00+00:00
[2026-06-06T20:36:32.680+0000] {processor.py:208} INFO - Processing /home/airflow/.local/lib/python3.12/site-packages/airflow/example_dags/example_bash_operator.py took 0.369 seconds
[2026-06-06T20:37:08.604+0000] {processor.py:186} INFO - Started process (PID=2481) to work on /home/airflow/.local/lib/python3.12/site-packages/airflow/example_dags/example_bash_operator.py
[2026-06-06T20:37:08.607+0000] {processor.py:914} INFO - Processing file /home/airflow/.local/lib/python3.12/site-packages/airflow/example_dags/example_bash_operator.py for tasks to queue
[2026-06-06T20:37:08.614+0000] {logging_mixin.py:190} INFO - [2026-06-06T20:37:08.613+0000] {dagbag.py:588} INFO - Filling up the DagBag from /home/airflow/.local/lib/python3.12/site-packages/airflow/example_dags/example_bash_operator.py
[2026-06-06T20:37:08.647+0000] {processor.py:925} INFO - DAG(s) 'example_bash_operator' retrieved from /home/airflow/.local/lib/python3.12/site-packages/airflow/example_dags/example_bash_operator.py
[2026-06-06T20:37:08.720+0000] {logging_mixin.py:190} INFO - [2026-06-06T20:37:08.719+0000] {dag.py:3239} INFO - Sync 1 DAGs
[2026-06-06T20:37:08.778+0000] {logging_mixin.py:190} INFO - [2026-06-06T20:37:08.777+0000] {dag.py:4180} INFO - Setting next_dagrun for example_bash_operator to 2026-06-05 00:00:00+00:00, run_after=2026-06-06 00:00:00+00:00
[2026-06-06T20:37:08.831+0000] {processor.py:208} INFO - Processing /home/airflow/.local/lib/python3.12/site-packages/airflow/example_dags/example_bash_operator.py took 0.240 seconds
[2026-06-06T20:39:50.910+0000] {processor.py:186} INFO - Started process (PID=67) to work on /home/airflow/.local/lib/python3.12/site-packages/airflow/example_dags/example_bash_operator.py
[2026-06-06T20:39:50.912+0000] {processor.py:914} INFO - Processing file /home/airflow/.local/lib/python3.12/site-packages/airflow/example_dags/example_bash_operator.py for tasks to queue
[2026-06-06T20:39:50.919+0000] {logging_mixin.py:190} INFO - [2026-06-06T20:39:50.918+0000] {dagbag.py:588} INFO - Filling up the DagBag from /home/airflow/.local/lib/python3.12/site-packages/airflow/example_dags/example_bash_operator.py
[2026-06-06T20:39:50.966+0000] {processor.py:925} INFO - DAG(s) 'example_bash_operator' retrieved from /home/airflow/.local/lib/python3.12/site-packages/airflow/example_dags/example_bash_operator.py
[2026-06-06T20:39:51.042+0000] {logging_mixin.py:190} INFO - [2026-06-06T20:39:51.042+0000] {dag.py:3239} INFO - Sync 1 DAGs
[2026-06-06T20:39:51.095+0000] {logging_mixin.py:190} INFO - [2026-06-06T20:39:51.094+0000] {dag.py:4180} INFO - Setting next_dagrun for example_bash_operator to 2026-06-05 00:00:00+00:00, run_after=2026-06-06 00:00:00+00:00
[2026-06-06T20:39:51.128+0000] {processor.py:208} INFO - Processing /home/airflow/.local/lib/python3.12/site-packages/airflow/example_dags/example_bash_operator.py took 0.227 seconds
[2026-06-06T20:40:28.807+0000] {processor.py:186} INFO - Started process (PID=138) to work on /home/airflow/.local/lib/python3.12/site-packages/airflow/example_dags/example_bash_operator.py
[2026-06-06T20:40:28.809+0000] {processor.py:914} INFO - Processing file /home/airflow/.local/lib/python3.12/site-packages/airflow/example_dags/example_bash_operator.py for tasks to queue
[2026-06-06T20:40:28.818+0000] {logging_mixin.py:190} INFO - [2026-06-06T20:40:28.817+0000] {dagbag.py:588} INFO - Filling up the DagBag from /home/airflow/.local/lib/python3.12/site-packages/airflow/example_dags/example_bash_operator.py
[2026-06-06T20:40:28.847+0000] {processor.py:925} INFO - DAG(s) 'example_bash_operator' retrieved from /home/airflow/.local/lib/python3.12/site-packages/airflow/example_dags/example_bash_operator.py
[2026-06-06T20:40:28.927+0000] {logging_mixin.py:190} INFO - [2026-06-06T20:40:28.926+0000] {dag.py:3239} INFO - Sync 1 DAGs
[2026-06-06T20:40:28.987+0000] {logging_mixin.py:190} INFO - [2026-06-06T20:40:28.986+0000] {dag.py:4180} INFO - Setting next_dagrun for example_bash_operator to 2026-06-05 00:00:00+00:00, run_after=2026-06-06 00:00:00+00:00
[2026-06-06T20:40:29.042+0000] {processor.py:208} INFO - Processing /home/airflow/.local/lib/python3.12/site-packages/airflow/example_dags/example_bash_operator.py took 0.247 seconds
[2026-06-06T20:41:12.285+0000] {processor.py:186} INFO - Started process (PID=191) to work on /home/airflow/.local/lib/python3.12/site-packages/airflow/example_dags/example_bash_operator.py
[2026-06-06T20:41:12.292+0000] {processor.py:914} INFO - Processing file /home/airflow/.local/lib/python3.12/site-packages/airflow/example_dags/example_bash_operator.py for tasks to queue
[2026-06-06T20:41:12.300+0000] {logging_mixin.py:190} INFO - [2026-06-06T20:41:12.299+0000] {dagbag.py:588} INFO - Filling up the DagBag from /home/airflow/.local/lib/python3.12/site-packages/airflow/example_dags/example_bash_operator.py
[2026-06-06T20:41:12.366+0000] {processor.py:925} INFO - DAG(s) 'example_bash_operator' retrieved from /home/airflow/.local/lib/python3.12/site-packages/airflow/example_dags/example_bash_operator.py
[2026-06-06T20:41:12.465+0000] {logging_mixin.py:190} INFO - [2026-06-06T20:41:12.464+0000] {dag.py:3239} INFO - Sync 1 DAGs
[2026-06-06T20:41:12.532+0000] {logging_mixin.py:190} INFO - [2026-06-06T20:41:12.532+0000] {dag.py:4180} INFO - Setting next_dagrun for example_bash_operator to 2026-06-05 00:00:00+00:00, run_after=2026-06-06 00:00:00+00:00
[2026-06-06T20:41:12.608+0000] {processor.py:208} INFO - Processing /home/airflow/.local/lib/python3.12/site-packages/airflow/example_dags/example_bash_operator.py took 0.422 seconds
[2026-06-06T20:41:43.632+0000] {processor.py:186} INFO - Started process (PID=248) to work on /home/airflow/.local/lib/python3.12/site-packages/airflow/example_dags/example_bash_operator.py
[2026-06-06T20:41:43.635+0000] {processor.py:914} INFO - Processing file /home/airflow/.local/lib/python3.12/site-packages/airflow/example_dags/example_bash_operator.py for tasks to queue
[2026-06-06T20:41:43.642+0000] {logging_mixin.py:190} INFO - [2026-06-06T20:41:43.641+0000] {dagbag.py:588} INFO - Filling up the DagBag from /home/airflow/.local/lib/python3.12/site-packages/airflow/example_dags/example_bash_operator.py
[2026-06-06T20:41:43.670+0000] {processor.py:925} INFO - DAG(s) 'example_bash_operator' retrieved from /home/airflow/.local/lib/python3.12/site-packages/airflow/example_dags/example_bash_operator.py
[2026-06-06T20:41:43.744+0000] {logging_mixin.py:190} INFO - [2026-06-06T20:41:43.743+0000] {dag.py:3239} INFO - Sync 1 DAGs
[2026-06-06T20:41:43.793+0000] {logging_mixin.py:190} INFO - [2026-06-06T20:41:43.793+0000] {dag.py:4180} INFO - Setting next_dagrun for example_bash_operator to 2026-06-05 00:00:00+00:00, run_after=2026-06-06 00:00:00+00:00
[2026-06-06T20:41:43.838+0000] {processor.py:208} INFO - Processing /home/airflow/.local/lib/python3.12/site-packages/airflow/example_dags/example_bash_operator.py took 0.221 seconds
[2026-06-06T20:42:19.344+0000] {processor.py:186} INFO - Started process (PID=297) to work on /home/airflow/.local/lib/python3.12/site-packages/airflow/example_dags/example_bash_operator.py
[2026-06-06T20:42:19.347+0000] {processor.py:914} INFO - Processing file /home/airflow/.local/lib/python3.12/site-packages/airflow/example_dags/example_bash_operator.py for tasks to queue
[2026-06-06T20:42:19.356+0000] {logging_mixin.py:190} INFO - [2026-06-06T20:42:19.356+0000] {dagbag.py:588} INFO - Filling up the DagBag from /home/airflow/.local/lib/python3.12/site-packages/airflow/example_dags/example_bash_operator.py
[2026-06-06T20:42:19.389+0000] {processor.py:925} INFO - DAG(s) 'example_bash_operator' retrieved from /home/airflow/.local/lib/python3.12/site-packages/airflow/example_dags/example_bash_operator.py
[2026-06-06T20:42:19.466+0000] {logging_mixin.py:190} INFO - [2026-06-06T20:42:19.466+0000] {dag.py:3239} INFO - Sync 1 DAGs
[2026-06-06T20:42:19.543+0000] {logging_mixin.py:190} INFO - [2026-06-06T20:42:19.543+0000] {dag.py:4180} INFO - Setting next_dagrun for example_bash_operator to 2026-06-05 00:00:00+00:00, run_after=2026-06-06 00:00:00+00:00
[2026-06-06T20:42:19.642+0000] {processor.py:208} INFO - Processing /home/airflow/.local/lib/python3.12/site-packages/airflow/example_dags/example_bash_operator.py took 0.309 seconds
[2026-06-06T20:42:49.894+0000] {processor.py:186} INFO - Started process (PID=356) to work on /home/airflow/.local/lib/python3.12/site-packages/airflow/example_dags/example_bash_operator.py
[2026-06-06T20:42:49.921+0000] {processor.py:914} INFO - Processing file /home/airflow/.local/lib/python3.12/site-packages/airflow/example_dags/example_bash_operator.py for tasks to queue
[2026-06-06T20:42:49.955+0000] {logging_mixin.py:190} INFO - [2026-06-06T20:42:49.954+0000] {dagbag.py:588} INFO - Filling up the DagBag from /home/airflow/.local/lib/python3.12/site-packages/airflow/example_dags/example_bash_operator.py
[2026-06-06T20:42:50.000+0000] {processor.py:925} INFO - DAG(s) 'example_bash_operator' retrieved from /home/airflow/.local/lib/python3.12/site-packages/airflow/example_dags/example_bash_operator.py
[2026-06-06T20:42:50.214+0000] {logging_mixin.py:190} INFO - [2026-06-06T20:42:50.213+0000] {dag.py:3239} INFO - Sync 1 DAGs
[2026-06-06T20:42:50.305+0000] {logging_mixin.py:190} INFO - [2026-06-06T20:42:50.304+0000] {dag.py:4180} INFO - Setting next_dagrun for example_bash_operator to 2026-06-05 00:00:00+00:00, run_after=2026-06-06 00:00:00+00:00
[2026-06-06T20:42:50.353+0000] {processor.py:208} INFO - Processing /home/airflow/.local/lib/python3.12/site-packages/airflow/example_dags/example_bash_operator.py took 0.475 seconds
[2026-06-06T20:43:26.571+0000] {processor.py:186} INFO - Started process (PID=424) to work on /home/airflow/.local/lib/python3.12/site-packages/airflow/example_dags/example_bash_operator.py
[2026-06-06T20:43:26.575+0000] {processor.py:914} INFO - Processing file /home/airflow/.local/lib/python3.12/site-packages/airflow/example_dags/example_bash_operator.py for tasks to queue
[2026-06-06T20:43:26.583+0000] {logging_mixin.py:190} INFO - [2026-06-06T20:43:26.582+0000] {dagbag.py:588} INFO - Filling up the DagBag from /home/airflow/.local/lib/python3.12/site-packages/airflow/example_dags/example_bash_operator.py
[2026-06-06T20:43:26.624+0000] {processor.py:925} INFO - DAG(s) 'example_bash_operator' retrieved from /home/airflow/.local/lib/python3.12/site-packages/airflow/example_dags/example_bash_operator.py
[2026-06-06T20:43:26.699+0000] {logging_mixin.py:190} INFO - [2026-06-06T20:43:26.699+0000] {dag.py:3239} INFO - Sync 1 DAGs
[2026-06-06T20:43:26.755+0000] {logging_mixin.py:190} INFO - [2026-06-06T20:43:26.754+0000] {dag.py:4180} INFO - Setting next_dagrun for example_bash_operator to 2026-06-05 00:00:00+00:00, run_after=2026-06-06 00:00:00+00:00
[2026-06-06T20:43:26.794+0000] {processor.py:208} INFO - Processing /home/airflow/.local/lib/python3.12/site-packages/airflow/example_dags/example_bash_operator.py took 0.277 seconds
[2026-06-06T20:44:00.746+0000] {processor.py:186} INFO - Started process (PID=437) to work on /home/airflow/.local/lib/python3.12/site-packages/airflow/example_dags/example_bash_operator.py
[2026-06-06T20:44:00.748+0000] {processor.py:914} INFO - Processing file /home/airflow/.local/lib/python3.12/site-packages/airflow/example_dags/example_bash_operator.py for tasks to queue
[2026-06-06T20:44:00.755+0000] {logging_mixin.py:190} INFO - [2026-06-06T20:44:00.754+0000] {dagbag.py:588} INFO - Filling up the DagBag from /home/airflow/.local/lib/python3.12/site-packages/airflow/example_dags/example_bash_operator.py
[2026-06-06T20:44:00.791+0000] {processor.py:925} INFO - DAG(s) 'example_bash_operator' retrieved from /home/airflow/.local/lib/python3.12/site-packages/airflow/example_dags/example_bash_operator.py
[2026-06-06T20:44:00.875+0000] {logging_mixin.py:190} INFO - [2026-06-06T20:44:00.874+0000] {dag.py:3239} INFO - Sync 1 DAGs
[2026-06-06T20:44:00.948+0000] {logging_mixin.py:190} INFO - [2026-06-06T20:44:00.947+0000] {dag.py:4180} INFO - Setting next_dagrun for example_bash_operator to 2026-06-05 00:00:00+00:00, run_after=2026-06-06 00:00:00+00:00
[2026-06-06T20:44:00.988+0000] {processor.py:208} INFO - Processing /home/airflow/.local/lib/python3.12/site-packages/airflow/example_dags/example_bash_operator.py took 0.255 seconds
[2026-06-06T20:44:44.296+0000] {processor.py:186} INFO - Started process (PID=498) to work on /home/airflow/.local/lib/python3.12/site-packages/airflow/example_dags/example_bash_operator.py
[2026-06-06T20:44:44.301+0000] {processor.py:914} INFO - Processing file /home/airflow/.local/lib/python3.12/site-packages/airflow/example_dags/example_bash_operator.py for tasks to queue
[2026-06-06T20:44:44.313+0000] {logging_mixin.py:190} INFO - [2026-06-06T20:44:44.312+0000] {dagbag.py:588} INFO - Filling up the DagBag from /home/airflow/.local/lib/python3.12/site-packages/airflow/example_dags/example_bash_operator.py
[2026-06-06T20:44:44.362+0000] {processor.py:925} INFO - DAG(s) 'example_bash_operator' retrieved from /home/airflow/.local/lib/python3.12/site-packages/airflow/example_dags/example_bash_operator.py
[2026-06-06T20:44:44.457+0000] {logging_mixin.py:190} INFO - [2026-06-06T20:44:44.455+0000] {dag.py:3239} INFO - Sync 1 DAGs
[2026-06-06T20:44:44.537+0000] {logging_mixin.py:190} INFO - [2026-06-06T20:44:44.536+0000] {dag.py:4180} INFO - Setting next_dagrun for example_bash_operator to 2026-06-05 00:00:00+00:00, run_after=2026-06-06 00:00:00+00:00
[2026-06-06T20:44:44.598+0000] {processor.py:208} INFO - Processing /home/airflow/.local/lib/python3.12/site-packages/airflow/example_dags/example_bash_operator.py took 0.320 seconds
[2026-06-06T20:45:17.464+0000] {processor.py:186} INFO - Started process (PID=554) to work on /home/airflow/.local/lib/python3.12/site-packages/airflow/example_dags/example_bash_operator.py
[2026-06-06T20:45:17.468+0000] {processor.py:914} INFO - Processing file /home/airflow/.local/lib/python3.12/site-packages/airflow/example_dags/example_bash_operator.py for tasks to queue
[2026-06-06T20:45:17.487+0000] {logging_mixin.py:190} INFO - [2026-06-06T20:45:17.484+0000] {dagbag.py:588} INFO - Filling up the DagBag from /home/airflow/.local/lib/python3.12/site-packages/airflow/example_dags/example_bash_operator.py
[2026-06-06T20:45:17.532+0000] {processor.py:925} INFO - DAG(s) 'example_bash_operator' retrieved from /home/airflow/.local/lib/python3.12/site-packages/airflow/example_dags/example_bash_operator.py
[2026-06-06T20:45:17.632+0000] {logging_mixin.py:190} INFO - [2026-06-06T20:45:17.632+0000] {dag.py:3239} INFO - Sync 1 DAGs
[2026-06-06T20:45:17.713+0000] {logging_mixin.py:190} INFO - [2026-06-06T20:45:17.713+0000] {dag.py:4180} INFO - Setting next_dagrun for example_bash_operator to 2026-06-05 00:00:00+00:00, run_after=2026-06-06 00:00:00+00:00
[2026-06-06T20:45:17.784+0000] {processor.py:208} INFO - Processing /home/airflow/.local/lib/python3.12/site-packages/airflow/example_dags/example_bash_operator.py took 0.338 seconds
[2026-06-06T20:45:55.063+0000] {processor.py:186} INFO - Started process (PID=607) to work on /home/airflow/.local/lib/python3.12/site-packages/airflow/example_dags/example_bash_operator.py
[2026-06-06T20:45:55.066+0000] {processor.py:914} INFO - Processing file /home/airflow/.local/lib/python3.12/site-packages/airflow/example_dags/example_bash_operator.py for tasks to queue
[2026-06-06T20:45:55.074+0000] {logging_mixin.py:190} INFO - [2026-06-06T20:45:55.074+0000] {dagbag.py:588} INFO - Filling up the DagBag from /home/airflow/.local/lib/python3.12/site-packages/airflow/example_dags/example_bash_operator.py
[2026-06-06T20:45:55.115+0000] {processor.py:925} INFO - DAG(s) 'example_bash_operator' retrieved from /home/airflow/.local/lib/python3.12/site-packages/airflow/example_dags/example_bash_operator.py
[2026-06-06T20:45:55.243+0000] {logging_mixin.py:190} INFO - [2026-06-06T20:45:55.243+0000] {dag.py:3239} INFO - Sync 1 DAGs
[2026-06-06T20:45:55.309+0000] {logging_mixin.py:190} INFO - [2026-06-06T20:45:55.308+0000] {dag.py:4180} INFO - Setting next_dagrun for example_bash_operator to 2026-06-05 00:00:00+00:00, run_after=2026-06-06 00:00:00+00:00
[2026-06-06T20:45:55.396+0000] {processor.py:208} INFO - Processing /home/airflow/.local/lib/python3.12/site-packages/airflow/example_dags/example_bash_operator.py took 0.362 seconds
[2026-06-06T20:46:37.060+0000] {processor.py:186} INFO - Started process (PID=655) to work on /home/airflow/.local/lib/python3.12/site-packages/airflow/example_dags/example_bash_operator.py
[2026-06-06T20:46:37.063+0000] {processor.py:914} INFO - Processing file /home/airflow/.local/lib/python3.12/site-packages/airflow/example_dags/example_bash_operator.py for tasks to queue
[2026-06-06T20:46:37.071+0000] {logging_mixin.py:190} INFO - [2026-06-06T20:46:37.070+0000] {dagbag.py:588} INFO - Filling up the DagBag from /home/airflow/.local/lib/python3.12/site-packages/airflow/example_dags/example_bash_operator.py
[2026-06-06T20:46:37.114+0000] {processor.py:925} INFO - DAG(s) 'example_bash_operator' retrieved from /home/airflow/.local/lib/python3.12/site-packages/airflow/example_dags/example_bash_operator.py
[2026-06-06T20:46:37.211+0000] {logging_mixin.py:190} INFO - [2026-06-06T20:46:37.211+0000] {dag.py:3239} INFO - Sync 1 DAGs
[2026-06-06T20:46:37.298+0000] {logging_mixin.py:190} INFO - [2026-06-06T20:46:37.297+0000] {dag.py:4180} INFO - Setting next_dagrun for example_bash_operator to 2026-06-05 00:00:00+00:00, run_after=2026-06-06 00:00:00+00:00
[2026-06-06T20:46:37.375+0000] {processor.py:208} INFO - Processing /home/airflow/.local/lib/python3.12/site-packages/airflow/example_dags/example_bash_operator.py took 0.331 seconds
