[2026-06-06T20:13:48.233+0000] {processor.py:186} INFO - Started process (PID=92) to work on /home/airflow/.local/lib/python3.12/site-packages/airflow/example_dags/example_setup_teardown.py
[2026-06-06T20:13:48.237+0000] {processor.py:914} INFO - Processing file /home/airflow/.local/lib/python3.12/site-packages/airflow/example_dags/example_setup_teardown.py for tasks to queue
[2026-06-06T20:13:48.267+0000] {logging_mixin.py:190} INFO - [2026-06-06T20:13:48.266+0000] {dagbag.py:588} INFO - Filling up the DagBag from /home/airflow/.local/lib/python3.12/site-packages/airflow/example_dags/example_setup_teardown.py
[2026-06-06T20:13:48.304+0000] {processor.py:925} INFO - DAG(s) 'example_setup_teardown' retrieved from /home/airflow/.local/lib/python3.12/site-packages/airflow/example_dags/example_setup_teardown.py
[2026-06-06T20:13:48.610+0000] {logging_mixin.py:190} INFO - [2026-06-06T20:13:48.608+0000] {override.py:1932} INFO - Created Permission View: can read on DAG:example_setup_teardown
[2026-06-06T20:13:48.632+0000] {logging_mixin.py:190} INFO - [2026-06-06T20:13:48.631+0000] {override.py:1932} INFO - Created Permission View: can edit on DAG:example_setup_teardown
[2026-06-06T20:13:48.646+0000] {logging_mixin.py:190} INFO - [2026-06-06T20:13:48.646+0000] {override.py:1932} INFO - Created Permission View: can delete on DAG:example_setup_teardown
[2026-06-06T20:13:48.661+0000] {logging_mixin.py:190} INFO - [2026-06-06T20:13:48.661+0000] {override.py:1932} INFO - Created Permission View: can read on DAG Run:example_setup_teardown
[2026-06-06T20:13:48.674+0000] {logging_mixin.py:190} INFO - [2026-06-06T20:13:48.674+0000] {override.py:1932} INFO - Created Permission View: menu access on DAG Run:example_setup_teardown
[2026-06-06T20:13:48.688+0000] {logging_mixin.py:190} INFO - [2026-06-06T20:13:48.687+0000] {override.py:1932} INFO - Created Permission View: can delete on DAG Run:example_setup_teardown
[2026-06-06T20:13:48.702+0000] {logging_mixin.py:190} INFO - [2026-06-06T20:13:48.701+0000] {override.py:1932} INFO - Created Permission View: can create on DAG Run:example_setup_teardown
[2026-06-06T20:13:48.703+0000] {logging_mixin.py:190} INFO - [2026-06-06T20:13:48.703+0000] {dag.py:3239} INFO - Sync 1 DAGs
[2026-06-06T20:13:48.731+0000] {logging_mixin.py:190} INFO - [2026-06-06T20:13:48.731+0000] {dag.py:3262} INFO - Creating ORM DAG for example_setup_teardown
[2026-06-06T20:13:48.733+0000] {logging_mixin.py:190} INFO - [2026-06-06T20:13:48.733+0000] {dag.py:4180} INFO - Setting next_dagrun for example_setup_teardown to None, run_after=None
[2026-06-06T20:13:48.768+0000] {processor.py:208} INFO - Processing /home/airflow/.local/lib/python3.12/site-packages/airflow/example_dags/example_setup_teardown.py took 0.547 seconds
[2026-06-06T20:14:28.195+0000] {processor.py:186} INFO - Started process (PID=153) to work on /home/airflow/.local/lib/python3.12/site-packages/airflow/example_dags/example_setup_teardown.py
[2026-06-06T20:14:28.205+0000] {processor.py:914} INFO - Processing file /home/airflow/.local/lib/python3.12/site-packages/airflow/example_dags/example_setup_teardown.py for tasks to queue
[2026-06-06T20:14:28.213+0000] {logging_mixin.py:190} INFO - [2026-06-06T20:14:28.212+0000] {dagbag.py:588} INFO - Filling up the DagBag from /home/airflow/.local/lib/python3.12/site-packages/airflow/example_dags/example_setup_teardown.py
[2026-06-06T20:14:28.242+0000] {processor.py:925} INFO - DAG(s) 'example_setup_teardown' retrieved from /home/airflow/.local/lib/python3.12/site-packages/airflow/example_dags/example_setup_teardown.py
[2026-06-06T20:14:28.333+0000] {logging_mixin.py:190} INFO - [2026-06-06T20:14:28.332+0000] {dag.py:3239} INFO - Sync 1 DAGs
[2026-06-06T20:14:28.423+0000] {logging_mixin.py:190} INFO - [2026-06-06T20:14:28.422+0000] {dag.py:4180} INFO - Setting next_dagrun for example_setup_teardown to None, run_after=None
[2026-06-06T20:14:28.492+0000] {processor.py:208} INFO - Processing /home/airflow/.local/lib/python3.12/site-packages/airflow/example_dags/example_setup_teardown.py took 0.312 seconds
[2026-06-06T20:15:04.436+0000] {processor.py:186} INFO - Started process (PID=206) to work on /home/airflow/.local/lib/python3.12/site-packages/airflow/example_dags/example_setup_teardown.py
[2026-06-06T20:15:04.440+0000] {processor.py:914} INFO - Processing file /home/airflow/.local/lib/python3.12/site-packages/airflow/example_dags/example_setup_teardown.py for tasks to queue
[2026-06-06T20:15:04.455+0000] {logging_mixin.py:190} INFO - [2026-06-06T20:15:04.454+0000] {dagbag.py:588} INFO - Filling up the DagBag from /home/airflow/.local/lib/python3.12/site-packages/airflow/example_dags/example_setup_teardown.py
[2026-06-06T20:15:04.492+0000] {processor.py:925} INFO - DAG(s) 'example_setup_teardown' retrieved from /home/airflow/.local/lib/python3.12/site-packages/airflow/example_dags/example_setup_teardown.py
[2026-06-06T20:15:04.607+0000] {logging_mixin.py:190} INFO - [2026-06-06T20:15:04.607+0000] {dag.py:3239} INFO - Sync 1 DAGs
[2026-06-06T20:15:04.648+0000] {logging_mixin.py:190} INFO - [2026-06-06T20:15:04.647+0000] {dag.py:4180} INFO - Setting next_dagrun for example_setup_teardown to None, run_after=None
[2026-06-06T20:15:04.711+0000] {processor.py:208} INFO - Processing /home/airflow/.local/lib/python3.12/site-packages/airflow/example_dags/example_setup_teardown.py took 0.309 seconds
[2026-06-06T20:15:42.412+0000] {processor.py:186} INFO - Started process (PID=269) to work on /home/airflow/.local/lib/python3.12/site-packages/airflow/example_dags/example_setup_teardown.py
[2026-06-06T20:15:42.415+0000] {processor.py:914} INFO - Processing file /home/airflow/.local/lib/python3.12/site-packages/airflow/example_dags/example_setup_teardown.py for tasks to queue
[2026-06-06T20:15:42.427+0000] {logging_mixin.py:190} INFO - [2026-06-06T20:15:42.426+0000] {dagbag.py:588} INFO - Filling up the DagBag from /home/airflow/.local/lib/python3.12/site-packages/airflow/example_dags/example_setup_teardown.py
[2026-06-06T20:15:42.451+0000] {processor.py:925} INFO - DAG(s) 'example_setup_teardown' retrieved from /home/airflow/.local/lib/python3.12/site-packages/airflow/example_dags/example_setup_teardown.py
[2026-06-06T20:15:42.512+0000] {logging_mixin.py:190} INFO - [2026-06-06T20:15:42.511+0000] {dag.py:3239} INFO - Sync 1 DAGs
[2026-06-06T20:15:42.551+0000] {logging_mixin.py:190} INFO - [2026-06-06T20:15:42.551+0000] {dag.py:4180} INFO - Setting next_dagrun for example_setup_teardown to None, run_after=None
[2026-06-06T20:15:42.588+0000] {processor.py:208} INFO - Processing /home/airflow/.local/lib/python3.12/site-packages/airflow/example_dags/example_setup_teardown.py took 0.189 seconds
[2026-06-06T20:16:15.751+0000] {processor.py:186} INFO - Started process (PID=330) to work on /home/airflow/.local/lib/python3.12/site-packages/airflow/example_dags/example_setup_teardown.py
[2026-06-06T20:16:15.754+0000] {processor.py:914} INFO - Processing file /home/airflow/.local/lib/python3.12/site-packages/airflow/example_dags/example_setup_teardown.py for tasks to queue
[2026-06-06T20:16:15.761+0000] {logging_mixin.py:190} INFO - [2026-06-06T20:16:15.760+0000] {dagbag.py:588} INFO - Filling up the DagBag from /home/airflow/.local/lib/python3.12/site-packages/airflow/example_dags/example_setup_teardown.py
[2026-06-06T20:16:15.790+0000] {processor.py:925} INFO - DAG(s) 'example_setup_teardown' retrieved from /home/airflow/.local/lib/python3.12/site-packages/airflow/example_dags/example_setup_teardown.py
[2026-06-06T20:16:15.855+0000] {logging_mixin.py:190} INFO - [2026-06-06T20:16:15.855+0000] {dag.py:3239} INFO - Sync 1 DAGs
[2026-06-06T20:16:15.894+0000] {logging_mixin.py:190} INFO - [2026-06-06T20:16:15.894+0000] {dag.py:4180} INFO - Setting next_dagrun for example_setup_teardown to None, run_after=None
[2026-06-06T20:16:15.942+0000] {processor.py:208} INFO - Processing /home/airflow/.local/lib/python3.12/site-packages/airflow/example_dags/example_setup_teardown.py took 0.201 seconds
[2026-06-06T20:16:51.189+0000] {processor.py:186} INFO - Started process (PID=398) to work on /home/airflow/.local/lib/python3.12/site-packages/airflow/example_dags/example_setup_teardown.py
[2026-06-06T20:16:51.192+0000] {processor.py:914} INFO - Processing file /home/airflow/.local/lib/python3.12/site-packages/airflow/example_dags/example_setup_teardown.py for tasks to queue
[2026-06-06T20:16:51.198+0000] {logging_mixin.py:190} INFO - [2026-06-06T20:16:51.198+0000] {dagbag.py:588} INFO - Filling up the DagBag from /home/airflow/.local/lib/python3.12/site-packages/airflow/example_dags/example_setup_teardown.py
[2026-06-06T20:16:51.217+0000] {processor.py:925} INFO - DAG(s) 'example_setup_teardown' retrieved from /home/airflow/.local/lib/python3.12/site-packages/airflow/example_dags/example_setup_teardown.py
[2026-06-06T20:16:51.268+0000] {logging_mixin.py:190} INFO - [2026-06-06T20:16:51.268+0000] {dag.py:3239} INFO - Sync 1 DAGs
[2026-06-06T20:16:51.302+0000] {logging_mixin.py:190} INFO - [2026-06-06T20:16:51.301+0000] {dag.py:4180} INFO - Setting next_dagrun for example_setup_teardown to None, run_after=None
[2026-06-06T20:16:51.342+0000] {processor.py:208} INFO - Processing /home/airflow/.local/lib/python3.12/site-packages/airflow/example_dags/example_setup_teardown.py took 0.165 seconds
[2026-06-06T20:17:23.435+0000] {processor.py:186} INFO - Started process (PID=460) to work on /home/airflow/.local/lib/python3.12/site-packages/airflow/example_dags/example_setup_teardown.py
[2026-06-06T20:17:23.437+0000] {processor.py:914} INFO - Processing file /home/airflow/.local/lib/python3.12/site-packages/airflow/example_dags/example_setup_teardown.py for tasks to queue
[2026-06-06T20:17:23.442+0000] {logging_mixin.py:190} INFO - [2026-06-06T20:17:23.442+0000] {dagbag.py:588} INFO - Filling up the DagBag from /home/airflow/.local/lib/python3.12/site-packages/airflow/example_dags/example_setup_teardown.py
[2026-06-06T20:17:23.454+0000] {processor.py:925} INFO - DAG(s) 'example_setup_teardown' retrieved from /home/airflow/.local/lib/python3.12/site-packages/airflow/example_dags/example_setup_teardown.py
[2026-06-06T20:17:23.498+0000] {logging_mixin.py:190} INFO - [2026-06-06T20:17:23.497+0000] {dag.py:3239} INFO - Sync 1 DAGs
[2026-06-06T20:17:23.520+0000] {logging_mixin.py:190} INFO - [2026-06-06T20:17:23.520+0000] {dag.py:4180} INFO - Setting next_dagrun for example_setup_teardown to None, run_after=None
[2026-06-06T20:17:23.550+0000] {processor.py:208} INFO - Processing /home/airflow/.local/lib/python3.12/site-packages/airflow/example_dags/example_setup_teardown.py took 0.123 seconds
[2026-06-06T20:18:01.399+0000] {processor.py:186} INFO - Started process (PID=523) to work on /home/airflow/.local/lib/python3.12/site-packages/airflow/example_dags/example_setup_teardown.py
[2026-06-06T20:18:01.402+0000] {processor.py:914} INFO - Processing file /home/airflow/.local/lib/python3.12/site-packages/airflow/example_dags/example_setup_teardown.py for tasks to queue
[2026-06-06T20:18:01.413+0000] {logging_mixin.py:190} INFO - [2026-06-06T20:18:01.411+0000] {dagbag.py:588} INFO - Filling up the DagBag from /home/airflow/.local/lib/python3.12/site-packages/airflow/example_dags/example_setup_teardown.py
[2026-06-06T20:18:01.431+0000] {processor.py:925} INFO - DAG(s) 'example_setup_teardown' retrieved from /home/airflow/.local/lib/python3.12/site-packages/airflow/example_dags/example_setup_teardown.py
[2026-06-06T20:18:01.485+0000] {logging_mixin.py:190} INFO - [2026-06-06T20:18:01.484+0000] {dag.py:3239} INFO - Sync 1 DAGs
[2026-06-06T20:18:01.523+0000] {logging_mixin.py:190} INFO - [2026-06-06T20:18:01.522+0000] {dag.py:4180} INFO - Setting next_dagrun for example_setup_teardown to None, run_after=None
[2026-06-06T20:18:01.581+0000] {processor.py:208} INFO - Processing /home/airflow/.local/lib/python3.12/site-packages/airflow/example_dags/example_setup_teardown.py took 0.192 seconds
[2026-06-06T20:18:32.544+0000] {processor.py:186} INFO - Started process (PID=583) to work on /home/airflow/.local/lib/python3.12/site-packages/airflow/example_dags/example_setup_teardown.py
[2026-06-06T20:18:32.546+0000] {processor.py:914} INFO - Processing file /home/airflow/.local/lib/python3.12/site-packages/airflow/example_dags/example_setup_teardown.py for tasks to queue
[2026-06-06T20:18:32.551+0000] {logging_mixin.py:190} INFO - [2026-06-06T20:18:32.551+0000] {dagbag.py:588} INFO - Filling up the DagBag from /home/airflow/.local/lib/python3.12/site-packages/airflow/example_dags/example_setup_teardown.py
[2026-06-06T20:18:32.566+0000] {processor.py:925} INFO - DAG(s) 'example_setup_teardown' retrieved from /home/airflow/.local/lib/python3.12/site-packages/airflow/example_dags/example_setup_teardown.py
[2026-06-06T20:18:32.608+0000] {logging_mixin.py:190} INFO - [2026-06-06T20:18:32.608+0000] {dag.py:3239} INFO - Sync 1 DAGs
[2026-06-06T20:18:32.635+0000] {logging_mixin.py:190} INFO - [2026-06-06T20:18:32.635+0000] {dag.py:4180} INFO - Setting next_dagrun for example_setup_teardown to None, run_after=None
[2026-06-06T20:18:32.670+0000] {processor.py:208} INFO - Processing /home/airflow/.local/lib/python3.12/site-packages/airflow/example_dags/example_setup_teardown.py took 0.136 seconds
[2026-06-06T20:19:04.981+0000] {processor.py:186} INFO - Started process (PID=645) to work on /home/airflow/.local/lib/python3.12/site-packages/airflow/example_dags/example_setup_teardown.py
[2026-06-06T20:19:04.984+0000] {processor.py:914} INFO - Processing file /home/airflow/.local/lib/python3.12/site-packages/airflow/example_dags/example_setup_teardown.py for tasks to queue
[2026-06-06T20:19:04.995+0000] {logging_mixin.py:190} INFO - [2026-06-06T20:19:04.995+0000] {dagbag.py:588} INFO - Filling up the DagBag from /home/airflow/.local/lib/python3.12/site-packages/airflow/example_dags/example_setup_teardown.py
[2026-06-06T20:19:05.027+0000] {processor.py:925} INFO - DAG(s) 'example_setup_teardown' retrieved from /home/airflow/.local/lib/python3.12/site-packages/airflow/example_dags/example_setup_teardown.py
[2026-06-06T20:19:05.095+0000] {logging_mixin.py:190} INFO - [2026-06-06T20:19:05.095+0000] {dag.py:3239} INFO - Sync 1 DAGs
[2026-06-06T20:19:05.129+0000] {logging_mixin.py:190} INFO - [2026-06-06T20:19:05.128+0000] {dag.py:4180} INFO - Setting next_dagrun for example_setup_teardown to None, run_after=None
[2026-06-06T20:19:05.180+0000] {processor.py:208} INFO - Processing /home/airflow/.local/lib/python3.12/site-packages/airflow/example_dags/example_setup_teardown.py took 0.218 seconds
[2026-06-06T20:19:36.192+0000] {processor.py:186} INFO - Started process (PID=707) to work on /home/airflow/.local/lib/python3.12/site-packages/airflow/example_dags/example_setup_teardown.py
[2026-06-06T20:19:36.195+0000] {processor.py:914} INFO - Processing file /home/airflow/.local/lib/python3.12/site-packages/airflow/example_dags/example_setup_teardown.py for tasks to queue
[2026-06-06T20:19:36.200+0000] {logging_mixin.py:190} INFO - [2026-06-06T20:19:36.200+0000] {dagbag.py:588} INFO - Filling up the DagBag from /home/airflow/.local/lib/python3.12/site-packages/airflow/example_dags/example_setup_teardown.py
[2026-06-06T20:19:36.217+0000] {processor.py:925} INFO - DAG(s) 'example_setup_teardown' retrieved from /home/airflow/.local/lib/python3.12/site-packages/airflow/example_dags/example_setup_teardown.py
[2026-06-06T20:19:36.263+0000] {logging_mixin.py:190} INFO - [2026-06-06T20:19:36.263+0000] {dag.py:3239} INFO - Sync 1 DAGs
[2026-06-06T20:19:36.292+0000] {logging_mixin.py:190} INFO - [2026-06-06T20:19:36.291+0000] {dag.py:4180} INFO - Setting next_dagrun for example_setup_teardown to None, run_after=None
[2026-06-06T20:19:36.328+0000] {processor.py:208} INFO - Processing /home/airflow/.local/lib/python3.12/site-packages/airflow/example_dags/example_setup_teardown.py took 0.148 seconds
[2026-06-06T20:20:20.533+0000] {processor.py:186} INFO - Started process (PID=776) to work on /home/airflow/.local/lib/python3.12/site-packages/airflow/example_dags/example_setup_teardown.py
[2026-06-06T20:20:20.535+0000] {processor.py:914} INFO - Processing file /home/airflow/.local/lib/python3.12/site-packages/airflow/example_dags/example_setup_teardown.py for tasks to queue
[2026-06-06T20:20:20.540+0000] {logging_mixin.py:190} INFO - [2026-06-06T20:20:20.539+0000] {dagbag.py:588} INFO - Filling up the DagBag from /home/airflow/.local/lib/python3.12/site-packages/airflow/example_dags/example_setup_teardown.py
[2026-06-06T20:20:20.554+0000] {processor.py:925} INFO - DAG(s) 'example_setup_teardown' retrieved from /home/airflow/.local/lib/python3.12/site-packages/airflow/example_dags/example_setup_teardown.py
[2026-06-06T20:20:20.596+0000] {logging_mixin.py:190} INFO - [2026-06-06T20:20:20.595+0000] {dag.py:3239} INFO - Sync 1 DAGs
[2026-06-06T20:20:20.620+0000] {logging_mixin.py:190} INFO - [2026-06-06T20:20:20.620+0000] {dag.py:4180} INFO - Setting next_dagrun for example_setup_teardown to None, run_after=None
[2026-06-06T20:20:20.665+0000] {processor.py:208} INFO - Processing /home/airflow/.local/lib/python3.12/site-packages/airflow/example_dags/example_setup_teardown.py took 0.141 seconds
[2026-06-06T20:21:03.844+0000] {processor.py:186} INFO - Started process (PID=841) to work on /home/airflow/.local/lib/python3.12/site-packages/airflow/example_dags/example_setup_teardown.py
[2026-06-06T20:21:03.847+0000] {processor.py:914} INFO - Processing file /home/airflow/.local/lib/python3.12/site-packages/airflow/example_dags/example_setup_teardown.py for tasks to queue
[2026-06-06T20:21:03.852+0000] {logging_mixin.py:190} INFO - [2026-06-06T20:21:03.851+0000] {dagbag.py:588} INFO - Filling up the DagBag from /home/airflow/.local/lib/python3.12/site-packages/airflow/example_dags/example_setup_teardown.py
[2026-06-06T20:21:03.867+0000] {processor.py:925} INFO - DAG(s) 'example_setup_teardown' retrieved from /home/airflow/.local/lib/python3.12/site-packages/airflow/example_dags/example_setup_teardown.py
[2026-06-06T20:21:03.916+0000] {logging_mixin.py:190} INFO - [2026-06-06T20:21:03.916+0000] {dag.py:3239} INFO - Sync 1 DAGs
[2026-06-06T20:21:03.944+0000] {logging_mixin.py:190} INFO - [2026-06-06T20:21:03.944+0000] {dag.py:4180} INFO - Setting next_dagrun for example_setup_teardown to None, run_after=None
[2026-06-06T20:21:03.978+0000] {processor.py:208} INFO - Processing /home/airflow/.local/lib/python3.12/site-packages/airflow/example_dags/example_setup_teardown.py took 0.142 seconds
[2026-06-06T20:21:41.555+0000] {processor.py:186} INFO - Started process (PID=902) to work on /home/airflow/.local/lib/python3.12/site-packages/airflow/example_dags/example_setup_teardown.py
[2026-06-06T20:21:41.556+0000] {processor.py:914} INFO - Processing file /home/airflow/.local/lib/python3.12/site-packages/airflow/example_dags/example_setup_teardown.py for tasks to queue
[2026-06-06T20:21:41.562+0000] {logging_mixin.py:190} INFO - [2026-06-06T20:21:41.561+0000] {dagbag.py:588} INFO - Filling up the DagBag from /home/airflow/.local/lib/python3.12/site-packages/airflow/example_dags/example_setup_teardown.py
[2026-06-06T20:21:41.575+0000] {processor.py:925} INFO - DAG(s) 'example_setup_teardown' retrieved from /home/airflow/.local/lib/python3.12/site-packages/airflow/example_dags/example_setup_teardown.py
[2026-06-06T20:21:41.616+0000] {logging_mixin.py:190} INFO - [2026-06-06T20:21:41.616+0000] {dag.py:3239} INFO - Sync 1 DAGs
[2026-06-06T20:21:41.638+0000] {logging_mixin.py:190} INFO - [2026-06-06T20:21:41.638+0000] {dag.py:4180} INFO - Setting next_dagrun for example_setup_teardown to None, run_after=None
[2026-06-06T20:21:41.669+0000] {processor.py:208} INFO - Processing /home/airflow/.local/lib/python3.12/site-packages/airflow/example_dags/example_setup_teardown.py took 0.123 seconds
[2026-06-06T20:22:15.862+0000] {processor.py:186} INFO - Started process (PID=964) to work on /home/airflow/.local/lib/python3.12/site-packages/airflow/example_dags/example_setup_teardown.py
[2026-06-06T20:22:15.872+0000] {processor.py:914} INFO - Processing file /home/airflow/.local/lib/python3.12/site-packages/airflow/example_dags/example_setup_teardown.py for tasks to queue
[2026-06-06T20:22:15.877+0000] {logging_mixin.py:190} INFO - [2026-06-06T20:22:15.877+0000] {dagbag.py:588} INFO - Filling up the DagBag from /home/airflow/.local/lib/python3.12/site-packages/airflow/example_dags/example_setup_teardown.py
[2026-06-06T20:22:15.911+0000] {processor.py:925} INFO - DAG(s) 'example_setup_teardown' retrieved from /home/airflow/.local/lib/python3.12/site-packages/airflow/example_dags/example_setup_teardown.py
[2026-06-06T20:22:15.981+0000] {logging_mixin.py:190} INFO - [2026-06-06T20:22:15.980+0000] {dag.py:3239} INFO - Sync 1 DAGs
[2026-06-06T20:22:16.020+0000] {logging_mixin.py:190} INFO - [2026-06-06T20:22:16.020+0000] {dag.py:4180} INFO - Setting next_dagrun for example_setup_teardown to None, run_after=None
[2026-06-06T20:22:16.067+0000] {processor.py:208} INFO - Processing /home/airflow/.local/lib/python3.12/site-packages/airflow/example_dags/example_setup_teardown.py took 0.216 seconds
[2026-06-06T20:22:47.283+0000] {processor.py:186} INFO - Started process (PID=1017) to work on /home/airflow/.local/lib/python3.12/site-packages/airflow/example_dags/example_setup_teardown.py
[2026-06-06T20:22:47.286+0000] {processor.py:914} INFO - Processing file /home/airflow/.local/lib/python3.12/site-packages/airflow/example_dags/example_setup_teardown.py for tasks to queue
[2026-06-06T20:22:47.297+0000] {logging_mixin.py:190} INFO - [2026-06-06T20:22:47.296+0000] {dagbag.py:588} INFO - Filling up the DagBag from /home/airflow/.local/lib/python3.12/site-packages/airflow/example_dags/example_setup_teardown.py
[2026-06-06T20:22:47.335+0000] {processor.py:925} INFO - DAG(s) 'example_setup_teardown' retrieved from /home/airflow/.local/lib/python3.12/site-packages/airflow/example_dags/example_setup_teardown.py
[2026-06-06T20:22:47.410+0000] {logging_mixin.py:190} INFO - [2026-06-06T20:22:47.409+0000] {dag.py:3239} INFO - Sync 1 DAGs
[2026-06-06T20:22:47.446+0000] {logging_mixin.py:190} INFO - [2026-06-06T20:22:47.446+0000] {dag.py:4180} INFO - Setting next_dagrun for example_setup_teardown to None, run_after=None
[2026-06-06T20:22:47.518+0000] {processor.py:208} INFO - Processing /home/airflow/.local/lib/python3.12/site-packages/airflow/example_dags/example_setup_teardown.py took 0.249 seconds
[2026-06-06T20:23:18.558+0000] {processor.py:186} INFO - Started process (PID=1079) to work on /home/airflow/.local/lib/python3.12/site-packages/airflow/example_dags/example_setup_teardown.py
[2026-06-06T20:23:18.560+0000] {processor.py:914} INFO - Processing file /home/airflow/.local/lib/python3.12/site-packages/airflow/example_dags/example_setup_teardown.py for tasks to queue
[2026-06-06T20:23:18.568+0000] {logging_mixin.py:190} INFO - [2026-06-06T20:23:18.567+0000] {dagbag.py:588} INFO - Filling up the DagBag from /home/airflow/.local/lib/python3.12/site-packages/airflow/example_dags/example_setup_teardown.py
[2026-06-06T20:23:18.601+0000] {processor.py:925} INFO - DAG(s) 'example_setup_teardown' retrieved from /home/airflow/.local/lib/python3.12/site-packages/airflow/example_dags/example_setup_teardown.py
[2026-06-06T20:23:18.791+0000] {logging_mixin.py:190} INFO - [2026-06-06T20:23:18.791+0000] {dag.py:3239} INFO - Sync 1 DAGs
[2026-06-06T20:23:18.918+0000] {logging_mixin.py:190} INFO - [2026-06-06T20:23:18.917+0000] {dag.py:4180} INFO - Setting next_dagrun for example_setup_teardown to None, run_after=None
[2026-06-06T20:23:19.063+0000] {processor.py:208} INFO - Processing /home/airflow/.local/lib/python3.12/site-packages/airflow/example_dags/example_setup_teardown.py took 0.521 seconds
[2026-06-06T20:23:52.672+0000] {processor.py:186} INFO - Started process (PID=1147) to work on /home/airflow/.local/lib/python3.12/site-packages/airflow/example_dags/example_setup_teardown.py
[2026-06-06T20:23:52.675+0000] {processor.py:914} INFO - Processing file /home/airflow/.local/lib/python3.12/site-packages/airflow/example_dags/example_setup_teardown.py for tasks to queue
[2026-06-06T20:23:52.680+0000] {logging_mixin.py:190} INFO - [2026-06-06T20:23:52.680+0000] {dagbag.py:588} INFO - Filling up the DagBag from /home/airflow/.local/lib/python3.12/site-packages/airflow/example_dags/example_setup_teardown.py
[2026-06-06T20:23:52.698+0000] {processor.py:925} INFO - DAG(s) 'example_setup_teardown' retrieved from /home/airflow/.local/lib/python3.12/site-packages/airflow/example_dags/example_setup_teardown.py
[2026-06-06T20:23:52.745+0000] {logging_mixin.py:190} INFO - [2026-06-06T20:23:52.745+0000] {dag.py:3239} INFO - Sync 1 DAGs
[2026-06-06T20:23:52.773+0000] {logging_mixin.py:190} INFO - [2026-06-06T20:23:52.772+0000] {dag.py:4180} INFO - Setting next_dagrun for example_setup_teardown to None, run_after=None
[2026-06-06T20:23:52.811+0000] {processor.py:208} INFO - Processing /home/airflow/.local/lib/python3.12/site-packages/airflow/example_dags/example_setup_teardown.py took 0.151 seconds
[2026-06-06T20:24:26.769+0000] {processor.py:186} INFO - Started process (PID=1206) to work on /home/airflow/.local/lib/python3.12/site-packages/airflow/example_dags/example_setup_teardown.py
[2026-06-06T20:24:26.771+0000] {processor.py:914} INFO - Processing file /home/airflow/.local/lib/python3.12/site-packages/airflow/example_dags/example_setup_teardown.py for tasks to queue
[2026-06-06T20:24:26.780+0000] {logging_mixin.py:190} INFO - [2026-06-06T20:24:26.779+0000] {dagbag.py:588} INFO - Filling up the DagBag from /home/airflow/.local/lib/python3.12/site-packages/airflow/example_dags/example_setup_teardown.py
[2026-06-06T20:24:26.802+0000] {processor.py:925} INFO - DAG(s) 'example_setup_teardown' retrieved from /home/airflow/.local/lib/python3.12/site-packages/airflow/example_dags/example_setup_teardown.py
[2026-06-06T20:24:26.878+0000] {logging_mixin.py:190} INFO - [2026-06-06T20:24:26.878+0000] {dag.py:3239} INFO - Sync 1 DAGs
[2026-06-06T20:24:26.917+0000] {logging_mixin.py:190} INFO - [2026-06-06T20:24:26.916+0000] {dag.py:4180} INFO - Setting next_dagrun for example_setup_teardown to None, run_after=None
[2026-06-06T20:24:26.971+0000] {processor.py:208} INFO - Processing /home/airflow/.local/lib/python3.12/site-packages/airflow/example_dags/example_setup_teardown.py took 0.215 seconds
[2026-06-06T20:25:03.677+0000] {processor.py:186} INFO - Started process (PID=1267) to work on /home/airflow/.local/lib/python3.12/site-packages/airflow/example_dags/example_setup_teardown.py
[2026-06-06T20:25:03.679+0000] {processor.py:914} INFO - Processing file /home/airflow/.local/lib/python3.12/site-packages/airflow/example_dags/example_setup_teardown.py for tasks to queue
[2026-06-06T20:25:03.684+0000] {logging_mixin.py:190} INFO - [2026-06-06T20:25:03.683+0000] {dagbag.py:588} INFO - Filling up the DagBag from /home/airflow/.local/lib/python3.12/site-packages/airflow/example_dags/example_setup_teardown.py
[2026-06-06T20:25:03.697+0000] {processor.py:925} INFO - DAG(s) 'example_setup_teardown' retrieved from /home/airflow/.local/lib/python3.12/site-packages/airflow/example_dags/example_setup_teardown.py
[2026-06-06T20:25:03.737+0000] {logging_mixin.py:190} INFO - [2026-06-06T20:25:03.737+0000] {dag.py:3239} INFO - Sync 1 DAGs
[2026-06-06T20:25:03.758+0000] {logging_mixin.py:190} INFO - [2026-06-06T20:25:03.758+0000] {dag.py:4180} INFO - Setting next_dagrun for example_setup_teardown to None, run_after=None
[2026-06-06T20:25:03.789+0000] {processor.py:208} INFO - Processing /home/airflow/.local/lib/python3.12/site-packages/airflow/example_dags/example_setup_teardown.py took 0.125 seconds
[2026-06-06T20:25:45.559+0000] {processor.py:186} INFO - Started process (PID=1329) to work on /home/airflow/.local/lib/python3.12/site-packages/airflow/example_dags/example_setup_teardown.py
[2026-06-06T20:25:45.562+0000] {processor.py:914} INFO - Processing file /home/airflow/.local/lib/python3.12/site-packages/airflow/example_dags/example_setup_teardown.py for tasks to queue
[2026-06-06T20:25:45.568+0000] {logging_mixin.py:190} INFO - [2026-06-06T20:25:45.567+0000] {dagbag.py:588} INFO - Filling up the DagBag from /home/airflow/.local/lib/python3.12/site-packages/airflow/example_dags/example_setup_teardown.py
[2026-06-06T20:25:45.584+0000] {processor.py:925} INFO - DAG(s) 'example_setup_teardown' retrieved from /home/airflow/.local/lib/python3.12/site-packages/airflow/example_dags/example_setup_teardown.py
[2026-06-06T20:25:45.643+0000] {logging_mixin.py:190} INFO - [2026-06-06T20:25:45.642+0000] {dag.py:3239} INFO - Sync 1 DAGs
[2026-06-06T20:25:45.680+0000] {logging_mixin.py:190} INFO - [2026-06-06T20:25:45.679+0000] {dag.py:4180} INFO - Setting next_dagrun for example_setup_teardown to None, run_after=None
[2026-06-06T20:25:45.720+0000] {processor.py:208} INFO - Processing /home/airflow/.local/lib/python3.12/site-packages/airflow/example_dags/example_setup_teardown.py took 0.171 seconds
[2026-06-06T20:26:29.035+0000] {processor.py:186} INFO - Started process (PID=1399) to work on /home/airflow/.local/lib/python3.12/site-packages/airflow/example_dags/example_setup_teardown.py
[2026-06-06T20:26:29.037+0000] {processor.py:914} INFO - Processing file /home/airflow/.local/lib/python3.12/site-packages/airflow/example_dags/example_setup_teardown.py for tasks to queue
[2026-06-06T20:26:29.043+0000] {logging_mixin.py:190} INFO - [2026-06-06T20:26:29.042+0000] {dagbag.py:588} INFO - Filling up the DagBag from /home/airflow/.local/lib/python3.12/site-packages/airflow/example_dags/example_setup_teardown.py
[2026-06-06T20:26:29.062+0000] {processor.py:925} INFO - DAG(s) 'example_setup_teardown' retrieved from /home/airflow/.local/lib/python3.12/site-packages/airflow/example_dags/example_setup_teardown.py
[2026-06-06T20:26:29.121+0000] {logging_mixin.py:190} INFO - [2026-06-06T20:26:29.120+0000] {dag.py:3239} INFO - Sync 1 DAGs
[2026-06-06T20:26:29.169+0000] {logging_mixin.py:190} INFO - [2026-06-06T20:26:29.166+0000] {dag.py:4180} INFO - Setting next_dagrun for example_setup_teardown to None, run_after=None
[2026-06-06T20:26:29.250+0000] {processor.py:208} INFO - Processing /home/airflow/.local/lib/python3.12/site-packages/airflow/example_dags/example_setup_teardown.py took 0.227 seconds
[2026-06-06T20:27:03.716+0000] {processor.py:186} INFO - Started process (PID=1464) to work on /home/airflow/.local/lib/python3.12/site-packages/airflow/example_dags/example_setup_teardown.py
[2026-06-06T20:27:03.718+0000] {processor.py:914} INFO - Processing file /home/airflow/.local/lib/python3.12/site-packages/airflow/example_dags/example_setup_teardown.py for tasks to queue
[2026-06-06T20:27:03.724+0000] {logging_mixin.py:190} INFO - [2026-06-06T20:27:03.723+0000] {dagbag.py:588} INFO - Filling up the DagBag from /home/airflow/.local/lib/python3.12/site-packages/airflow/example_dags/example_setup_teardown.py
[2026-06-06T20:27:03.739+0000] {processor.py:925} INFO - DAG(s) 'example_setup_teardown' retrieved from /home/airflow/.local/lib/python3.12/site-packages/airflow/example_dags/example_setup_teardown.py
[2026-06-06T20:27:03.784+0000] {logging_mixin.py:190} INFO - [2026-06-06T20:27:03.784+0000] {dag.py:3239} INFO - Sync 1 DAGs
[2026-06-06T20:27:03.808+0000] {logging_mixin.py:190} INFO - [2026-06-06T20:27:03.808+0000] {dag.py:4180} INFO - Setting next_dagrun for example_setup_teardown to None, run_after=None
[2026-06-06T20:27:03.846+0000] {processor.py:208} INFO - Processing /home/airflow/.local/lib/python3.12/site-packages/airflow/example_dags/example_setup_teardown.py took 0.141 seconds
[2026-06-06T20:27:37.352+0000] {processor.py:186} INFO - Started process (PID=1525) to work on /home/airflow/.local/lib/python3.12/site-packages/airflow/example_dags/example_setup_teardown.py
[2026-06-06T20:27:37.354+0000] {processor.py:914} INFO - Processing file /home/airflow/.local/lib/python3.12/site-packages/airflow/example_dags/example_setup_teardown.py for tasks to queue
[2026-06-06T20:27:37.362+0000] {logging_mixin.py:190} INFO - [2026-06-06T20:27:37.360+0000] {dagbag.py:588} INFO - Filling up the DagBag from /home/airflow/.local/lib/python3.12/site-packages/airflow/example_dags/example_setup_teardown.py
[2026-06-06T20:27:37.383+0000] {processor.py:925} INFO - DAG(s) 'example_setup_teardown' retrieved from /home/airflow/.local/lib/python3.12/site-packages/airflow/example_dags/example_setup_teardown.py
[2026-06-06T20:27:37.471+0000] {logging_mixin.py:190} INFO - [2026-06-06T20:27:37.471+0000] {dag.py:3239} INFO - Sync 1 DAGs
[2026-06-06T20:27:37.500+0000] {logging_mixin.py:190} INFO - [2026-06-06T20:27:37.500+0000] {dag.py:4180} INFO - Setting next_dagrun for example_setup_teardown to None, run_after=None
[2026-06-06T20:27:37.538+0000] {processor.py:208} INFO - Processing /home/airflow/.local/lib/python3.12/site-packages/airflow/example_dags/example_setup_teardown.py took 0.204 seconds
[2026-06-06T20:28:18.966+0000] {processor.py:186} INFO - Started process (PID=1588) to work on /home/airflow/.local/lib/python3.12/site-packages/airflow/example_dags/example_setup_teardown.py
[2026-06-06T20:28:18.969+0000] {processor.py:914} INFO - Processing file /home/airflow/.local/lib/python3.12/site-packages/airflow/example_dags/example_setup_teardown.py for tasks to queue
[2026-06-06T20:28:18.975+0000] {logging_mixin.py:190} INFO - [2026-06-06T20:28:18.975+0000] {dagbag.py:588} INFO - Filling up the DagBag from /home/airflow/.local/lib/python3.12/site-packages/airflow/example_dags/example_setup_teardown.py
[2026-06-06T20:28:18.992+0000] {processor.py:925} INFO - DAG(s) 'example_setup_teardown' retrieved from /home/airflow/.local/lib/python3.12/site-packages/airflow/example_dags/example_setup_teardown.py
[2026-06-06T20:28:19.064+0000] {logging_mixin.py:190} INFO - [2026-06-06T20:28:19.063+0000] {dag.py:3239} INFO - Sync 1 DAGs
[2026-06-06T20:28:19.114+0000] {logging_mixin.py:190} INFO - [2026-06-06T20:28:19.113+0000] {dag.py:4180} INFO - Setting next_dagrun for example_setup_teardown to None, run_after=None
[2026-06-06T20:28:19.155+0000] {processor.py:208} INFO - Processing /home/airflow/.local/lib/python3.12/site-packages/airflow/example_dags/example_setup_teardown.py took 0.200 seconds
[2026-06-06T20:28:52.713+0000] {processor.py:186} INFO - Started process (PID=1656) to work on /home/airflow/.local/lib/python3.12/site-packages/airflow/example_dags/example_setup_teardown.py
[2026-06-06T20:28:52.715+0000] {processor.py:914} INFO - Processing file /home/airflow/.local/lib/python3.12/site-packages/airflow/example_dags/example_setup_teardown.py for tasks to queue
[2026-06-06T20:28:52.722+0000] {logging_mixin.py:190} INFO - [2026-06-06T20:28:52.721+0000] {dagbag.py:588} INFO - Filling up the DagBag from /home/airflow/.local/lib/python3.12/site-packages/airflow/example_dags/example_setup_teardown.py
[2026-06-06T20:28:52.738+0000] {processor.py:925} INFO - DAG(s) 'example_setup_teardown' retrieved from /home/airflow/.local/lib/python3.12/site-packages/airflow/example_dags/example_setup_teardown.py
[2026-06-06T20:28:52.785+0000] {logging_mixin.py:190} INFO - [2026-06-06T20:28:52.785+0000] {dag.py:3239} INFO - Sync 1 DAGs
[2026-06-06T20:28:52.817+0000] {logging_mixin.py:190} INFO - [2026-06-06T20:28:52.816+0000] {dag.py:4180} INFO - Setting next_dagrun for example_setup_teardown to None, run_after=None
[2026-06-06T20:28:52.854+0000] {processor.py:208} INFO - Processing /home/airflow/.local/lib/python3.12/site-packages/airflow/example_dags/example_setup_teardown.py took 0.153 seconds
[2026-06-06T20:29:36.341+0000] {processor.py:186} INFO - Started process (PID=1720) to work on /home/airflow/.local/lib/python3.12/site-packages/airflow/example_dags/example_setup_teardown.py
[2026-06-06T20:29:36.344+0000] {processor.py:914} INFO - Processing file /home/airflow/.local/lib/python3.12/site-packages/airflow/example_dags/example_setup_teardown.py for tasks to queue
[2026-06-06T20:29:36.350+0000] {logging_mixin.py:190} INFO - [2026-06-06T20:29:36.349+0000] {dagbag.py:588} INFO - Filling up the DagBag from /home/airflow/.local/lib/python3.12/site-packages/airflow/example_dags/example_setup_teardown.py
[2026-06-06T20:29:36.370+0000] {processor.py:925} INFO - DAG(s) 'example_setup_teardown' retrieved from /home/airflow/.local/lib/python3.12/site-packages/airflow/example_dags/example_setup_teardown.py
[2026-06-06T20:29:36.421+0000] {logging_mixin.py:190} INFO - [2026-06-06T20:29:36.421+0000] {dag.py:3239} INFO - Sync 1 DAGs
[2026-06-06T20:29:36.460+0000] {logging_mixin.py:190} INFO - [2026-06-06T20:29:36.459+0000] {dag.py:4180} INFO - Setting next_dagrun for example_setup_teardown to None, run_after=None
[2026-06-06T20:29:36.507+0000] {processor.py:208} INFO - Processing /home/airflow/.local/lib/python3.12/site-packages/airflow/example_dags/example_setup_teardown.py took 0.177 seconds
[2026-06-06T20:30:11.071+0000] {processor.py:186} INFO - Started process (PID=1785) to work on /home/airflow/.local/lib/python3.12/site-packages/airflow/example_dags/example_setup_teardown.py
[2026-06-06T20:30:11.073+0000] {processor.py:914} INFO - Processing file /home/airflow/.local/lib/python3.12/site-packages/airflow/example_dags/example_setup_teardown.py for tasks to queue
[2026-06-06T20:30:11.078+0000] {logging_mixin.py:190} INFO - [2026-06-06T20:30:11.077+0000] {dagbag.py:588} INFO - Filling up the DagBag from /home/airflow/.local/lib/python3.12/site-packages/airflow/example_dags/example_setup_teardown.py
[2026-06-06T20:30:11.091+0000] {processor.py:925} INFO - DAG(s) 'example_setup_teardown' retrieved from /home/airflow/.local/lib/python3.12/site-packages/airflow/example_dags/example_setup_teardown.py
[2026-06-06T20:30:11.132+0000] {logging_mixin.py:190} INFO - [2026-06-06T20:30:11.131+0000] {dag.py:3239} INFO - Sync 1 DAGs
[2026-06-06T20:30:11.154+0000] {logging_mixin.py:190} INFO - [2026-06-06T20:30:11.153+0000] {dag.py:4180} INFO - Setting next_dagrun for example_setup_teardown to None, run_after=None
[2026-06-06T20:30:11.186+0000] {processor.py:208} INFO - Processing /home/airflow/.local/lib/python3.12/site-packages/airflow/example_dags/example_setup_teardown.py took 0.124 seconds
[2026-06-06T20:30:44.068+0000] {processor.py:186} INFO - Started process (PID=1847) to work on /home/airflow/.local/lib/python3.12/site-packages/airflow/example_dags/example_setup_teardown.py
[2026-06-06T20:30:44.072+0000] {processor.py:914} INFO - Processing file /home/airflow/.local/lib/python3.12/site-packages/airflow/example_dags/example_setup_teardown.py for tasks to queue
[2026-06-06T20:30:44.078+0000] {logging_mixin.py:190} INFO - [2026-06-06T20:30:44.077+0000] {dagbag.py:588} INFO - Filling up the DagBag from /home/airflow/.local/lib/python3.12/site-packages/airflow/example_dags/example_setup_teardown.py
[2026-06-06T20:30:44.095+0000] {processor.py:925} INFO - DAG(s) 'example_setup_teardown' retrieved from /home/airflow/.local/lib/python3.12/site-packages/airflow/example_dags/example_setup_teardown.py
[2026-06-06T20:30:44.147+0000] {logging_mixin.py:190} INFO - [2026-06-06T20:30:44.146+0000] {dag.py:3239} INFO - Sync 1 DAGs
[2026-06-06T20:30:44.176+0000] {logging_mixin.py:190} INFO - [2026-06-06T20:30:44.175+0000] {dag.py:4180} INFO - Setting next_dagrun for example_setup_teardown to None, run_after=None
[2026-06-06T20:30:44.216+0000] {processor.py:208} INFO - Processing /home/airflow/.local/lib/python3.12/site-packages/airflow/example_dags/example_setup_teardown.py took 0.159 seconds
[2026-06-06T20:31:23.157+0000] {processor.py:186} INFO - Started process (PID=1914) to work on /home/airflow/.local/lib/python3.12/site-packages/airflow/example_dags/example_setup_teardown.py
[2026-06-06T20:31:23.160+0000] {processor.py:914} INFO - Processing file /home/airflow/.local/lib/python3.12/site-packages/airflow/example_dags/example_setup_teardown.py for tasks to queue
[2026-06-06T20:31:23.166+0000] {logging_mixin.py:190} INFO - [2026-06-06T20:31:23.165+0000] {dagbag.py:588} INFO - Filling up the DagBag from /home/airflow/.local/lib/python3.12/site-packages/airflow/example_dags/example_setup_teardown.py
[2026-06-06T20:31:23.184+0000] {processor.py:925} INFO - DAG(s) 'example_setup_teardown' retrieved from /home/airflow/.local/lib/python3.12/site-packages/airflow/example_dags/example_setup_teardown.py
[2026-06-06T20:31:23.234+0000] {logging_mixin.py:190} INFO - [2026-06-06T20:31:23.234+0000] {dag.py:3239} INFO - Sync 1 DAGs
[2026-06-06T20:31:23.268+0000] {logging_mixin.py:190} INFO - [2026-06-06T20:31:23.268+0000] {dag.py:4180} INFO - Setting next_dagrun for example_setup_teardown to None, run_after=None
[2026-06-06T20:31:23.320+0000] {processor.py:208} INFO - Processing /home/airflow/.local/lib/python3.12/site-packages/airflow/example_dags/example_setup_teardown.py took 0.175 seconds
[2026-06-06T20:32:04.091+0000] {processor.py:186} INFO - Started process (PID=1975) to work on /home/airflow/.local/lib/python3.12/site-packages/airflow/example_dags/example_setup_teardown.py
[2026-06-06T20:32:04.094+0000] {processor.py:914} INFO - Processing file /home/airflow/.local/lib/python3.12/site-packages/airflow/example_dags/example_setup_teardown.py for tasks to queue
[2026-06-06T20:32:04.099+0000] {logging_mixin.py:190} INFO - [2026-06-06T20:32:04.099+0000] {dagbag.py:588} INFO - Filling up the DagBag from /home/airflow/.local/lib/python3.12/site-packages/airflow/example_dags/example_setup_teardown.py
[2026-06-06T20:32:04.117+0000] {processor.py:925} INFO - DAG(s) 'example_setup_teardown' retrieved from /home/airflow/.local/lib/python3.12/site-packages/airflow/example_dags/example_setup_teardown.py
[2026-06-06T20:32:04.166+0000] {logging_mixin.py:190} INFO - [2026-06-06T20:32:04.166+0000] {dag.py:3239} INFO - Sync 1 DAGs
[2026-06-06T20:32:04.194+0000] {logging_mixin.py:190} INFO - [2026-06-06T20:32:04.194+0000] {dag.py:4180} INFO - Setting next_dagrun for example_setup_teardown to None, run_after=None
[2026-06-06T20:32:04.230+0000] {processor.py:208} INFO - Processing /home/airflow/.local/lib/python3.12/site-packages/airflow/example_dags/example_setup_teardown.py took 0.149 seconds
[2026-06-06T20:32:49.030+0000] {processor.py:186} INFO - Started process (PID=2038) to work on /home/airflow/.local/lib/python3.12/site-packages/airflow/example_dags/example_setup_teardown.py
[2026-06-06T20:32:49.032+0000] {processor.py:914} INFO - Processing file /home/airflow/.local/lib/python3.12/site-packages/airflow/example_dags/example_setup_teardown.py for tasks to queue
[2026-06-06T20:32:49.037+0000] {logging_mixin.py:190} INFO - [2026-06-06T20:32:49.037+0000] {dagbag.py:588} INFO - Filling up the DagBag from /home/airflow/.local/lib/python3.12/site-packages/airflow/example_dags/example_setup_teardown.py
[2026-06-06T20:32:49.055+0000] {processor.py:925} INFO - DAG(s) 'example_setup_teardown' retrieved from /home/airflow/.local/lib/python3.12/site-packages/airflow/example_dags/example_setup_teardown.py
[2026-06-06T20:32:49.105+0000] {logging_mixin.py:190} INFO - [2026-06-06T20:32:49.104+0000] {dag.py:3239} INFO - Sync 1 DAGs
[2026-06-06T20:32:49.140+0000] {logging_mixin.py:190} INFO - [2026-06-06T20:32:49.140+0000] {dag.py:4180} INFO - Setting next_dagrun for example_setup_teardown to None, run_after=None
[2026-06-06T20:32:49.191+0000] {processor.py:208} INFO - Processing /home/airflow/.local/lib/python3.12/site-packages/airflow/example_dags/example_setup_teardown.py took 0.173 seconds
[2026-06-06T20:33:24.334+0000] {processor.py:186} INFO - Started process (PID=2108) to work on /home/airflow/.local/lib/python3.12/site-packages/airflow/example_dags/example_setup_teardown.py
[2026-06-06T20:33:24.336+0000] {processor.py:914} INFO - Processing file /home/airflow/.local/lib/python3.12/site-packages/airflow/example_dags/example_setup_teardown.py for tasks to queue
[2026-06-06T20:33:24.341+0000] {logging_mixin.py:190} INFO - [2026-06-06T20:33:24.340+0000] {dagbag.py:588} INFO - Filling up the DagBag from /home/airflow/.local/lib/python3.12/site-packages/airflow/example_dags/example_setup_teardown.py
[2026-06-06T20:33:24.357+0000] {processor.py:925} INFO - DAG(s) 'example_setup_teardown' retrieved from /home/airflow/.local/lib/python3.12/site-packages/airflow/example_dags/example_setup_teardown.py
[2026-06-06T20:33:24.397+0000] {logging_mixin.py:190} INFO - [2026-06-06T20:33:24.397+0000] {dag.py:3239} INFO - Sync 1 DAGs
[2026-06-06T20:33:24.418+0000] {logging_mixin.py:190} INFO - [2026-06-06T20:33:24.417+0000] {dag.py:4180} INFO - Setting next_dagrun for example_setup_teardown to None, run_after=None
[2026-06-06T20:33:24.463+0000] {processor.py:208} INFO - Processing /home/airflow/.local/lib/python3.12/site-packages/airflow/example_dags/example_setup_teardown.py took 0.139 seconds
[2026-06-06T20:33:57.424+0000] {processor.py:186} INFO - Started process (PID=2170) to work on /home/airflow/.local/lib/python3.12/site-packages/airflow/example_dags/example_setup_teardown.py
[2026-06-06T20:33:57.427+0000] {processor.py:914} INFO - Processing file /home/airflow/.local/lib/python3.12/site-packages/airflow/example_dags/example_setup_teardown.py for tasks to queue
[2026-06-06T20:33:57.433+0000] {logging_mixin.py:190} INFO - [2026-06-06T20:33:57.432+0000] {dagbag.py:588} INFO - Filling up the DagBag from /home/airflow/.local/lib/python3.12/site-packages/airflow/example_dags/example_setup_teardown.py
[2026-06-06T20:33:57.448+0000] {processor.py:925} INFO - DAG(s) 'example_setup_teardown' retrieved from /home/airflow/.local/lib/python3.12/site-packages/airflow/example_dags/example_setup_teardown.py
[2026-06-06T20:33:57.499+0000] {logging_mixin.py:190} INFO - [2026-06-06T20:33:57.499+0000] {dag.py:3239} INFO - Sync 1 DAGs
[2026-06-06T20:33:57.527+0000] {logging_mixin.py:190} INFO - [2026-06-06T20:33:57.527+0000] {dag.py:4180} INFO - Setting next_dagrun for example_setup_teardown to None, run_after=None
[2026-06-06T20:33:57.580+0000] {processor.py:208} INFO - Processing /home/airflow/.local/lib/python3.12/site-packages/airflow/example_dags/example_setup_teardown.py took 0.167 seconds
[2026-06-06T20:34:44.457+0000] {processor.py:186} INFO - Started process (PID=2225) to work on /home/airflow/.local/lib/python3.12/site-packages/airflow/example_dags/example_setup_teardown.py
[2026-06-06T20:34:44.460+0000] {processor.py:914} INFO - Processing file /home/airflow/.local/lib/python3.12/site-packages/airflow/example_dags/example_setup_teardown.py for tasks to queue
[2026-06-06T20:34:44.474+0000] {logging_mixin.py:190} INFO - [2026-06-06T20:34:44.474+0000] {dagbag.py:588} INFO - Filling up the DagBag from /home/airflow/.local/lib/python3.12/site-packages/airflow/example_dags/example_setup_teardown.py
[2026-06-06T20:34:44.494+0000] {processor.py:925} INFO - DAG(s) 'example_setup_teardown' retrieved from /home/airflow/.local/lib/python3.12/site-packages/airflow/example_dags/example_setup_teardown.py
[2026-06-06T20:34:44.561+0000] {logging_mixin.py:190} INFO - [2026-06-06T20:34:44.560+0000] {dag.py:3239} INFO - Sync 1 DAGs
[2026-06-06T20:34:44.591+0000] {logging_mixin.py:190} INFO - [2026-06-06T20:34:44.590+0000] {dag.py:4180} INFO - Setting next_dagrun for example_setup_teardown to None, run_after=None
[2026-06-06T20:34:44.643+0000] {processor.py:208} INFO - Processing /home/airflow/.local/lib/python3.12/site-packages/airflow/example_dags/example_setup_teardown.py took 0.200 seconds
[2026-06-06T20:35:15.495+0000] {processor.py:186} INFO - Started process (PID=2287) to work on /home/airflow/.local/lib/python3.12/site-packages/airflow/example_dags/example_setup_teardown.py
[2026-06-06T20:35:15.503+0000] {processor.py:914} INFO - Processing file /home/airflow/.local/lib/python3.12/site-packages/airflow/example_dags/example_setup_teardown.py for tasks to queue
[2026-06-06T20:35:15.514+0000] {logging_mixin.py:190} INFO - [2026-06-06T20:35:15.508+0000] {dagbag.py:588} INFO - Filling up the DagBag from /home/airflow/.local/lib/python3.12/site-packages/airflow/example_dags/example_setup_teardown.py
[2026-06-06T20:35:15.578+0000] {processor.py:925} INFO - DAG(s) 'example_setup_teardown' retrieved from /home/airflow/.local/lib/python3.12/site-packages/airflow/example_dags/example_setup_teardown.py
[2026-06-06T20:35:15.707+0000] {logging_mixin.py:190} INFO - [2026-06-06T20:35:15.707+0000] {dag.py:3239} INFO - Sync 1 DAGs
[2026-06-06T20:35:15.754+0000] {logging_mixin.py:190} INFO - [2026-06-06T20:35:15.754+0000] {dag.py:4180} INFO - Setting next_dagrun for example_setup_teardown to None, run_after=None
[2026-06-06T20:35:15.800+0000] {processor.py:208} INFO - Processing /home/airflow/.local/lib/python3.12/site-packages/airflow/example_dags/example_setup_teardown.py took 0.319 seconds
[2026-06-06T20:35:48.820+0000] {processor.py:186} INFO - Started process (PID=2349) to work on /home/airflow/.local/lib/python3.12/site-packages/airflow/example_dags/example_setup_teardown.py
[2026-06-06T20:35:48.823+0000] {processor.py:914} INFO - Processing file /home/airflow/.local/lib/python3.12/site-packages/airflow/example_dags/example_setup_teardown.py for tasks to queue
[2026-06-06T20:35:48.833+0000] {logging_mixin.py:190} INFO - [2026-06-06T20:35:48.830+0000] {dagbag.py:588} INFO - Filling up the DagBag from /home/airflow/.local/lib/python3.12/site-packages/airflow/example_dags/example_setup_teardown.py
[2026-06-06T20:35:48.854+0000] {processor.py:925} INFO - DAG(s) 'example_setup_teardown' retrieved from /home/airflow/.local/lib/python3.12/site-packages/airflow/example_dags/example_setup_teardown.py
[2026-06-06T20:35:48.906+0000] {logging_mixin.py:190} INFO - [2026-06-06T20:35:48.905+0000] {dag.py:3239} INFO - Sync 1 DAGs
[2026-06-06T20:35:48.939+0000] {logging_mixin.py:190} INFO - [2026-06-06T20:35:48.938+0000] {dag.py:4180} INFO - Setting next_dagrun for example_setup_teardown to None, run_after=None
[2026-06-06T20:35:48.982+0000] {processor.py:208} INFO - Processing /home/airflow/.local/lib/python3.12/site-packages/airflow/example_dags/example_setup_teardown.py took 0.177 seconds
[2026-06-06T20:36:28.119+0000] {processor.py:186} INFO - Started process (PID=2416) to work on /home/airflow/.local/lib/python3.12/site-packages/airflow/example_dags/example_setup_teardown.py
[2026-06-06T20:36:28.123+0000] {processor.py:914} INFO - Processing file /home/airflow/.local/lib/python3.12/site-packages/airflow/example_dags/example_setup_teardown.py for tasks to queue
[2026-06-06T20:36:28.137+0000] {logging_mixin.py:190} INFO - [2026-06-06T20:36:28.137+0000] {dagbag.py:588} INFO - Filling up the DagBag from /home/airflow/.local/lib/python3.12/site-packages/airflow/example_dags/example_setup_teardown.py
[2026-06-06T20:36:28.159+0000] {processor.py:925} INFO - DAG(s) 'example_setup_teardown' retrieved from /home/airflow/.local/lib/python3.12/site-packages/airflow/example_dags/example_setup_teardown.py
[2026-06-06T20:36:28.219+0000] {logging_mixin.py:190} INFO - [2026-06-06T20:36:28.218+0000] {dag.py:3239} INFO - Sync 1 DAGs
[2026-06-06T20:36:28.253+0000] {logging_mixin.py:190} INFO - [2026-06-06T20:36:28.253+0000] {dag.py:4180} INFO - Setting next_dagrun for example_setup_teardown to None, run_after=None
[2026-06-06T20:36:28.293+0000] {processor.py:208} INFO - Processing /home/airflow/.local/lib/python3.12/site-packages/airflow/example_dags/example_setup_teardown.py took 0.187 seconds
[2026-06-06T20:36:59.663+0000] {processor.py:186} INFO - Started process (PID=2478) to work on /home/airflow/.local/lib/python3.12/site-packages/airflow/example_dags/example_setup_teardown.py
[2026-06-06T20:36:59.665+0000] {processor.py:914} INFO - Processing file /home/airflow/.local/lib/python3.12/site-packages/airflow/example_dags/example_setup_teardown.py for tasks to queue
[2026-06-06T20:36:59.676+0000] {logging_mixin.py:190} INFO - [2026-06-06T20:36:59.675+0000] {dagbag.py:588} INFO - Filling up the DagBag from /home/airflow/.local/lib/python3.12/site-packages/airflow/example_dags/example_setup_teardown.py
[2026-06-06T20:36:59.694+0000] {processor.py:925} INFO - DAG(s) 'example_setup_teardown' retrieved from /home/airflow/.local/lib/python3.12/site-packages/airflow/example_dags/example_setup_teardown.py
[2026-06-06T20:36:59.742+0000] {logging_mixin.py:190} INFO - [2026-06-06T20:36:59.741+0000] {dag.py:3239} INFO - Sync 1 DAGs
[2026-06-06T20:36:59.769+0000] {logging_mixin.py:190} INFO - [2026-06-06T20:36:59.768+0000] {dag.py:4180} INFO - Setting next_dagrun for example_setup_teardown to None, run_after=None
[2026-06-06T20:36:59.807+0000] {processor.py:208} INFO - Processing /home/airflow/.local/lib/python3.12/site-packages/airflow/example_dags/example_setup_teardown.py took 0.155 seconds
[2026-06-06T20:37:34.923+0000] {processor.py:186} INFO - Started process (PID=2524) to work on /home/airflow/.local/lib/python3.12/site-packages/airflow/example_dags/example_setup_teardown.py
[2026-06-06T20:37:34.925+0000] {processor.py:914} INFO - Processing file /home/airflow/.local/lib/python3.12/site-packages/airflow/example_dags/example_setup_teardown.py for tasks to queue
[2026-06-06T20:37:34.931+0000] {logging_mixin.py:190} INFO - [2026-06-06T20:37:34.930+0000] {dagbag.py:588} INFO - Filling up the DagBag from /home/airflow/.local/lib/python3.12/site-packages/airflow/example_dags/example_setup_teardown.py
[2026-06-06T20:37:34.952+0000] {processor.py:925} INFO - DAG(s) 'example_setup_teardown' retrieved from /home/airflow/.local/lib/python3.12/site-packages/airflow/example_dags/example_setup_teardown.py
[2026-06-06T20:37:35.010+0000] {logging_mixin.py:190} INFO - [2026-06-06T20:37:35.009+0000] {dag.py:3239} INFO - Sync 1 DAGs
[2026-06-06T20:37:35.047+0000] {logging_mixin.py:190} INFO - [2026-06-06T20:37:35.046+0000] {dag.py:4180} INFO - Setting next_dagrun for example_setup_teardown to None, run_after=None
[2026-06-06T20:37:35.093+0000] {processor.py:208} INFO - Processing /home/airflow/.local/lib/python3.12/site-packages/airflow/example_dags/example_setup_teardown.py took 0.182 seconds
[2026-06-06T20:39:54.972+0000] {processor.py:186} INFO - Started process (PID=91) to work on /home/airflow/.local/lib/python3.12/site-packages/airflow/example_dags/example_setup_teardown.py
[2026-06-06T20:39:54.974+0000] {processor.py:914} INFO - Processing file /home/airflow/.local/lib/python3.12/site-packages/airflow/example_dags/example_setup_teardown.py for tasks to queue
[2026-06-06T20:39:54.980+0000] {logging_mixin.py:190} INFO - [2026-06-06T20:39:54.979+0000] {dagbag.py:588} INFO - Filling up the DagBag from /home/airflow/.local/lib/python3.12/site-packages/airflow/example_dags/example_setup_teardown.py
[2026-06-06T20:39:54.999+0000] {processor.py:925} INFO - DAG(s) 'example_setup_teardown' retrieved from /home/airflow/.local/lib/python3.12/site-packages/airflow/example_dags/example_setup_teardown.py
[2026-06-06T20:39:55.059+0000] {logging_mixin.py:190} INFO - [2026-06-06T20:39:55.058+0000] {dag.py:3239} INFO - Sync 1 DAGs
[2026-06-06T20:39:55.089+0000] {logging_mixin.py:190} INFO - [2026-06-06T20:39:55.089+0000] {dag.py:4180} INFO - Setting next_dagrun for example_setup_teardown to None, run_after=None
[2026-06-06T20:39:55.128+0000] {processor.py:208} INFO - Processing /home/airflow/.local/lib/python3.12/site-packages/airflow/example_dags/example_setup_teardown.py took 0.169 seconds
[2026-06-06T20:40:33.127+0000] {processor.py:186} INFO - Started process (PID=154) to work on /home/airflow/.local/lib/python3.12/site-packages/airflow/example_dags/example_setup_teardown.py
[2026-06-06T20:40:33.129+0000] {processor.py:914} INFO - Processing file /home/airflow/.local/lib/python3.12/site-packages/airflow/example_dags/example_setup_teardown.py for tasks to queue
[2026-06-06T20:40:33.135+0000] {logging_mixin.py:190} INFO - [2026-06-06T20:40:33.134+0000] {dagbag.py:588} INFO - Filling up the DagBag from /home/airflow/.local/lib/python3.12/site-packages/airflow/example_dags/example_setup_teardown.py
[2026-06-06T20:40:33.153+0000] {processor.py:925} INFO - DAG(s) 'example_setup_teardown' retrieved from /home/airflow/.local/lib/python3.12/site-packages/airflow/example_dags/example_setup_teardown.py
[2026-06-06T20:40:33.210+0000] {logging_mixin.py:190} INFO - [2026-06-06T20:40:33.209+0000] {dag.py:3239} INFO - Sync 1 DAGs
[2026-06-06T20:40:33.251+0000] {logging_mixin.py:190} INFO - [2026-06-06T20:40:33.250+0000] {dag.py:4180} INFO - Setting next_dagrun for example_setup_teardown to None, run_after=None
[2026-06-06T20:40:33.290+0000] {processor.py:208} INFO - Processing /home/airflow/.local/lib/python3.12/site-packages/airflow/example_dags/example_setup_teardown.py took 0.173 seconds
[2026-06-06T20:41:18.677+0000] {processor.py:186} INFO - Started process (PID=207) to work on /home/airflow/.local/lib/python3.12/site-packages/airflow/example_dags/example_setup_teardown.py
[2026-06-06T20:41:18.684+0000] {processor.py:914} INFO - Processing file /home/airflow/.local/lib/python3.12/site-packages/airflow/example_dags/example_setup_teardown.py for tasks to queue
[2026-06-06T20:41:18.736+0000] {logging_mixin.py:190} INFO - [2026-06-06T20:41:18.732+0000] {dagbag.py:588} INFO - Filling up the DagBag from /home/airflow/.local/lib/python3.12/site-packages/airflow/example_dags/example_setup_teardown.py
[2026-06-06T20:41:18.796+0000] {processor.py:925} INFO - DAG(s) 'example_setup_teardown' retrieved from /home/airflow/.local/lib/python3.12/site-packages/airflow/example_dags/example_setup_teardown.py
[2026-06-06T20:41:18.910+0000] {logging_mixin.py:190} INFO - [2026-06-06T20:41:18.905+0000] {dag.py:3239} INFO - Sync 1 DAGs
[2026-06-06T20:41:18.968+0000] {logging_mixin.py:190} INFO - [2026-06-06T20:41:18.967+0000] {dag.py:4180} INFO - Setting next_dagrun for example_setup_teardown to None, run_after=None
[2026-06-06T20:41:19.126+0000] {processor.py:208} INFO - Processing /home/airflow/.local/lib/python3.12/site-packages/airflow/example_dags/example_setup_teardown.py took 0.466 seconds
[2026-06-06T20:41:58.554+0000] {processor.py:186} INFO - Started process (PID=273) to work on /home/airflow/.local/lib/python3.12/site-packages/airflow/example_dags/example_setup_teardown.py
[2026-06-06T20:41:58.559+0000] {processor.py:914} INFO - Processing file /home/airflow/.local/lib/python3.12/site-packages/airflow/example_dags/example_setup_teardown.py for tasks to queue
[2026-06-06T20:41:58.579+0000] {logging_mixin.py:190} INFO - [2026-06-06T20:41:58.578+0000] {dagbag.py:588} INFO - Filling up the DagBag from /home/airflow/.local/lib/python3.12/site-packages/airflow/example_dags/example_setup_teardown.py
[2026-06-06T20:41:58.614+0000] {processor.py:925} INFO - DAG(s) 'example_setup_teardown' retrieved from /home/airflow/.local/lib/python3.12/site-packages/airflow/example_dags/example_setup_teardown.py
[2026-06-06T20:41:58.708+0000] {logging_mixin.py:190} INFO - [2026-06-06T20:41:58.707+0000] {dag.py:3239} INFO - Sync 1 DAGs
[2026-06-06T20:41:58.763+0000] {logging_mixin.py:190} INFO - [2026-06-06T20:41:58.763+0000] {dag.py:4180} INFO - Setting next_dagrun for example_setup_teardown to None, run_after=None
[2026-06-06T20:41:58.845+0000] {processor.py:208} INFO - Processing /home/airflow/.local/lib/python3.12/site-packages/airflow/example_dags/example_setup_teardown.py took 0.308 seconds
[2026-06-06T20:42:42.347+0000] {processor.py:186} INFO - Started process (PID=334) to work on /home/airflow/.local/lib/python3.12/site-packages/airflow/example_dags/example_setup_teardown.py
[2026-06-06T20:42:42.348+0000] {processor.py:914} INFO - Processing file /home/airflow/.local/lib/python3.12/site-packages/airflow/example_dags/example_setup_teardown.py for tasks to queue
[2026-06-06T20:42:42.353+0000] {logging_mixin.py:190} INFO - [2026-06-06T20:42:42.353+0000] {dagbag.py:588} INFO - Filling up the DagBag from /home/airflow/.local/lib/python3.12/site-packages/airflow/example_dags/example_setup_teardown.py
[2026-06-06T20:42:42.369+0000] {processor.py:925} INFO - DAG(s) 'example_setup_teardown' retrieved from /home/airflow/.local/lib/python3.12/site-packages/airflow/example_dags/example_setup_teardown.py
[2026-06-06T20:42:42.418+0000] {logging_mixin.py:190} INFO - [2026-06-06T20:42:42.418+0000] {dag.py:3239} INFO - Sync 1 DAGs
[2026-06-06T20:42:42.454+0000] {logging_mixin.py:190} INFO - [2026-06-06T20:42:42.453+0000] {dag.py:4180} INFO - Setting next_dagrun for example_setup_teardown to None, run_after=None
[2026-06-06T20:42:42.487+0000] {processor.py:208} INFO - Processing /home/airflow/.local/lib/python3.12/site-packages/airflow/example_dags/example_setup_teardown.py took 0.153 seconds
[2026-06-06T20:43:19.925+0000] {processor.py:186} INFO - Started process (PID=396) to work on /home/airflow/.local/lib/python3.12/site-packages/airflow/example_dags/example_setup_teardown.py
[2026-06-06T20:43:19.928+0000] {processor.py:914} INFO - Processing file /home/airflow/.local/lib/python3.12/site-packages/airflow/example_dags/example_setup_teardown.py for tasks to queue
[2026-06-06T20:43:19.937+0000] {logging_mixin.py:190} INFO - [2026-06-06T20:43:19.936+0000] {dagbag.py:588} INFO - Filling up the DagBag from /home/airflow/.local/lib/python3.12/site-packages/airflow/example_dags/example_setup_teardown.py
[2026-06-06T20:43:19.962+0000] {processor.py:925} INFO - DAG(s) 'example_setup_teardown' retrieved from /home/airflow/.local/lib/python3.12/site-packages/airflow/example_dags/example_setup_teardown.py
[2026-06-06T20:43:20.038+0000] {logging_mixin.py:190} INFO - [2026-06-06T20:43:20.037+0000] {dag.py:3239} INFO - Sync 1 DAGs
[2026-06-06T20:43:20.076+0000] {logging_mixin.py:190} INFO - [2026-06-06T20:43:20.076+0000] {dag.py:4180} INFO - Setting next_dagrun for example_setup_teardown to None, run_after=None
[2026-06-06T20:43:20.128+0000] {processor.py:208} INFO - Processing /home/airflow/.local/lib/python3.12/site-packages/airflow/example_dags/example_setup_teardown.py took 0.217 seconds
[2026-06-06T20:44:05.889+0000] {processor.py:186} INFO - Started process (PID=452) to work on /home/airflow/.local/lib/python3.12/site-packages/airflow/example_dags/example_setup_teardown.py
[2026-06-06T20:44:05.891+0000] {processor.py:914} INFO - Processing file /home/airflow/.local/lib/python3.12/site-packages/airflow/example_dags/example_setup_teardown.py for tasks to queue
[2026-06-06T20:44:05.899+0000] {logging_mixin.py:190} INFO - [2026-06-06T20:44:05.899+0000] {dagbag.py:588} INFO - Filling up the DagBag from /home/airflow/.local/lib/python3.12/site-packages/airflow/example_dags/example_setup_teardown.py
[2026-06-06T20:44:05.931+0000] {processor.py:925} INFO - DAG(s) 'example_setup_teardown' retrieved from /home/airflow/.local/lib/python3.12/site-packages/airflow/example_dags/example_setup_teardown.py
[2026-06-06T20:44:06.006+0000] {logging_mixin.py:190} INFO - [2026-06-06T20:44:06.006+0000] {dag.py:3239} INFO - Sync 1 DAGs
[2026-06-06T20:44:06.038+0000] {logging_mixin.py:190} INFO - [2026-06-06T20:44:06.038+0000] {dag.py:4180} INFO - Setting next_dagrun for example_setup_teardown to None, run_after=None
[2026-06-06T20:44:06.084+0000] {processor.py:208} INFO - Processing /home/airflow/.local/lib/python3.12/site-packages/airflow/example_dags/example_setup_teardown.py took 0.212 seconds
[2026-06-06T20:44:48.411+0000] {processor.py:186} INFO - Started process (PID=513) to work on /home/airflow/.local/lib/python3.12/site-packages/airflow/example_dags/example_setup_teardown.py
[2026-06-06T20:44:48.416+0000] {processor.py:914} INFO - Processing file /home/airflow/.local/lib/python3.12/site-packages/airflow/example_dags/example_setup_teardown.py for tasks to queue
[2026-06-06T20:44:48.426+0000] {logging_mixin.py:190} INFO - [2026-06-06T20:44:48.425+0000] {dagbag.py:588} INFO - Filling up the DagBag from /home/airflow/.local/lib/python3.12/site-packages/airflow/example_dags/example_setup_teardown.py
[2026-06-06T20:44:48.468+0000] {processor.py:925} INFO - DAG(s) 'example_setup_teardown' retrieved from /home/airflow/.local/lib/python3.12/site-packages/airflow/example_dags/example_setup_teardown.py
[2026-06-06T20:44:48.539+0000] {logging_mixin.py:190} INFO - [2026-06-06T20:44:48.539+0000] {dag.py:3239} INFO - Sync 1 DAGs
[2026-06-06T20:44:48.581+0000] {logging_mixin.py:190} INFO - [2026-06-06T20:44:48.581+0000] {dag.py:4180} INFO - Setting next_dagrun for example_setup_teardown to None, run_after=None
[2026-06-06T20:44:48.637+0000] {processor.py:208} INFO - Processing /home/airflow/.local/lib/python3.12/site-packages/airflow/example_dags/example_setup_teardown.py took 0.244 seconds
[2026-06-06T20:45:42.735+0000] {processor.py:186} INFO - Started process (PID=581) to work on /home/airflow/.local/lib/python3.12/site-packages/airflow/example_dags/example_setup_teardown.py
[2026-06-06T20:45:42.738+0000] {processor.py:914} INFO - Processing file /home/airflow/.local/lib/python3.12/site-packages/airflow/example_dags/example_setup_teardown.py for tasks to queue
[2026-06-06T20:45:42.748+0000] {logging_mixin.py:190} INFO - [2026-06-06T20:45:42.747+0000] {dagbag.py:588} INFO - Filling up the DagBag from /home/airflow/.local/lib/python3.12/site-packages/airflow/example_dags/example_setup_teardown.py
[2026-06-06T20:45:42.789+0000] {processor.py:925} INFO - DAG(s) 'example_setup_teardown' retrieved from /home/airflow/.local/lib/python3.12/site-packages/airflow/example_dags/example_setup_teardown.py
[2026-06-06T20:45:42.896+0000] {logging_mixin.py:190} INFO - [2026-06-06T20:45:42.895+0000] {dag.py:3239} INFO - Sync 1 DAGs
[2026-06-06T20:45:42.981+0000] {logging_mixin.py:190} INFO - [2026-06-06T20:45:42.980+0000] {dag.py:4180} INFO - Setting next_dagrun for example_setup_teardown to None, run_after=None
[2026-06-06T20:45:43.074+0000] {processor.py:208} INFO - Processing /home/airflow/.local/lib/python3.12/site-packages/airflow/example_dags/example_setup_teardown.py took 0.354 seconds
[2026-06-06T20:46:16.786+0000] {processor.py:186} INFO - Started process (PID=640) to work on /home/airflow/.local/lib/python3.12/site-packages/airflow/example_dags/example_setup_teardown.py
[2026-06-06T20:46:16.789+0000] {processor.py:914} INFO - Processing file /home/airflow/.local/lib/python3.12/site-packages/airflow/example_dags/example_setup_teardown.py for tasks to queue
[2026-06-06T20:46:16.793+0000] {logging_mixin.py:190} INFO - [2026-06-06T20:46:16.793+0000] {dagbag.py:588} INFO - Filling up the DagBag from /home/airflow/.local/lib/python3.12/site-packages/airflow/example_dags/example_setup_teardown.py
[2026-06-06T20:46:16.808+0000] {processor.py:925} INFO - DAG(s) 'example_setup_teardown' retrieved from /home/airflow/.local/lib/python3.12/site-packages/airflow/example_dags/example_setup_teardown.py
[2026-06-06T20:46:16.853+0000] {logging_mixin.py:190} INFO - [2026-06-06T20:46:16.852+0000] {dag.py:3239} INFO - Sync 1 DAGs
[2026-06-06T20:46:16.878+0000] {logging_mixin.py:190} INFO - [2026-06-06T20:46:16.878+0000] {dag.py:4180} INFO - Setting next_dagrun for example_setup_teardown to None, run_after=None
[2026-06-06T20:46:16.919+0000] {processor.py:208} INFO - Processing /home/airflow/.local/lib/python3.12/site-packages/airflow/example_dags/example_setup_teardown.py took 0.142 seconds
[2026-06-06T20:47:00.169+0000] {processor.py:186} INFO - Started process (PID=704) to work on /home/airflow/.local/lib/python3.12/site-packages/airflow/example_dags/example_setup_teardown.py
[2026-06-06T20:47:00.172+0000] {processor.py:914} INFO - Processing file /home/airflow/.local/lib/python3.12/site-packages/airflow/example_dags/example_setup_teardown.py for tasks to queue
[2026-06-06T20:47:00.188+0000] {logging_mixin.py:190} INFO - [2026-06-06T20:47:00.180+0000] {dagbag.py:588} INFO - Filling up the DagBag from /home/airflow/.local/lib/python3.12/site-packages/airflow/example_dags/example_setup_teardown.py
[2026-06-06T20:47:00.235+0000] {processor.py:925} INFO - DAG(s) 'example_setup_teardown' retrieved from /home/airflow/.local/lib/python3.12/site-packages/airflow/example_dags/example_setup_teardown.py
[2026-06-06T20:47:00.345+0000] {logging_mixin.py:190} INFO - [2026-06-06T20:47:00.344+0000] {dag.py:3239} INFO - Sync 1 DAGs
[2026-06-06T20:47:00.401+0000] {logging_mixin.py:190} INFO - [2026-06-06T20:47:00.400+0000] {dag.py:4180} INFO - Setting next_dagrun for example_setup_teardown to None, run_after=None
[2026-06-06T20:47:00.470+0000] {processor.py:208} INFO - Processing /home/airflow/.local/lib/python3.12/site-packages/airflow/example_dags/example_setup_teardown.py took 0.319 seconds
