[2026-06-06T20:14:05.189+0000] {processor.py:186} INFO - Started process (PID=113) to work on /home/airflow/.local/lib/python3.12/site-packages/airflow/example_dags/example_skip_dag.py
[2026-06-06T20:14:05.192+0000] {processor.py:914} INFO - Processing file /home/airflow/.local/lib/python3.12/site-packages/airflow/example_dags/example_skip_dag.py for tasks to queue
[2026-06-06T20:14:05.198+0000] {logging_mixin.py:190} INFO - [2026-06-06T20:14:05.197+0000] {dagbag.py:588} INFO - Filling up the DagBag from /home/airflow/.local/lib/python3.12/site-packages/airflow/example_dags/example_skip_dag.py
[2026-06-06T20:14:05.215+0000] {processor.py:925} INFO - DAG(s) 'example_skip_dag' retrieved from /home/airflow/.local/lib/python3.12/site-packages/airflow/example_dags/example_skip_dag.py
[2026-06-06T20:14:05.526+0000] {logging_mixin.py:190} INFO - [2026-06-06T20:14:05.517+0000] {override.py:1932} INFO - Created Permission View: can read on DAG:example_skip_dag
[2026-06-06T20:14:05.571+0000] {logging_mixin.py:190} INFO - [2026-06-06T20:14:05.571+0000] {override.py:1932} INFO - Created Permission View: can edit on DAG:example_skip_dag
[2026-06-06T20:14:05.589+0000] {logging_mixin.py:190} INFO - [2026-06-06T20:14:05.588+0000] {override.py:1932} INFO - Created Permission View: can delete on DAG:example_skip_dag
[2026-06-06T20:14:05.604+0000] {logging_mixin.py:190} INFO - [2026-06-06T20:14:05.603+0000] {override.py:1932} INFO - Created Permission View: can read on DAG Run:example_skip_dag
[2026-06-06T20:14:05.625+0000] {logging_mixin.py:190} INFO - [2026-06-06T20:14:05.624+0000] {override.py:1932} INFO - Created Permission View: menu access on DAG Run:example_skip_dag
[2026-06-06T20:14:05.664+0000] {logging_mixin.py:190} INFO - [2026-06-06T20:14:05.663+0000] {override.py:1932} INFO - Created Permission View: can delete on DAG Run:example_skip_dag
[2026-06-06T20:14:05.682+0000] {logging_mixin.py:190} INFO - [2026-06-06T20:14:05.681+0000] {override.py:1932} INFO - Created Permission View: can create on DAG Run:example_skip_dag
[2026-06-06T20:14:05.683+0000] {logging_mixin.py:190} INFO - [2026-06-06T20:14:05.682+0000] {dag.py:3239} INFO - Sync 1 DAGs
[2026-06-06T20:14:05.714+0000] {logging_mixin.py:190} INFO - [2026-06-06T20:14:05.713+0000] {dag.py:3262} INFO - Creating ORM DAG for example_skip_dag
[2026-06-06T20:14:05.734+0000] {logging_mixin.py:190} INFO - [2026-06-06T20:14:05.734+0000] {dag.py:4180} INFO - Setting next_dagrun for example_skip_dag to 2026-06-05 00:00:00+00:00, run_after=2026-06-06 00:00:00+00:00
[2026-06-06T20:14:05.779+0000] {processor.py:208} INFO - Processing /home/airflow/.local/lib/python3.12/site-packages/airflow/example_dags/example_skip_dag.py took 0.603 seconds
[2026-06-06T20:14:43.996+0000] {processor.py:186} INFO - Started process (PID=175) to work on /home/airflow/.local/lib/python3.12/site-packages/airflow/example_dags/example_skip_dag.py
[2026-06-06T20:14:43.998+0000] {processor.py:914} INFO - Processing file /home/airflow/.local/lib/python3.12/site-packages/airflow/example_dags/example_skip_dag.py for tasks to queue
[2026-06-06T20:14:44.007+0000] {logging_mixin.py:190} INFO - [2026-06-06T20:14:44.006+0000] {dagbag.py:588} INFO - Filling up the DagBag from /home/airflow/.local/lib/python3.12/site-packages/airflow/example_dags/example_skip_dag.py
[2026-06-06T20:14:44.027+0000] {processor.py:925} INFO - DAG(s) 'example_skip_dag' retrieved from /home/airflow/.local/lib/python3.12/site-packages/airflow/example_dags/example_skip_dag.py
[2026-06-06T20:14:44.095+0000] {logging_mixin.py:190} INFO - [2026-06-06T20:14:44.095+0000] {dag.py:3239} INFO - Sync 1 DAGs
[2026-06-06T20:14:44.152+0000] {logging_mixin.py:190} INFO - [2026-06-06T20:14:44.152+0000] {dag.py:4180} INFO - Setting next_dagrun for example_skip_dag to 2026-06-05 00:00:00+00:00, run_after=2026-06-06 00:00:00+00:00
[2026-06-06T20:14:44.202+0000] {processor.py:208} INFO - Processing /home/airflow/.local/lib/python3.12/site-packages/airflow/example_dags/example_skip_dag.py took 0.219 seconds
[2026-06-06T20:15:25.682+0000] {processor.py:186} INFO - Started process (PID=244) to work on /home/airflow/.local/lib/python3.12/site-packages/airflow/example_dags/example_skip_dag.py
[2026-06-06T20:15:25.685+0000] {processor.py:914} INFO - Processing file /home/airflow/.local/lib/python3.12/site-packages/airflow/example_dags/example_skip_dag.py for tasks to queue
[2026-06-06T20:15:25.690+0000] {logging_mixin.py:190} INFO - [2026-06-06T20:15:25.690+0000] {dagbag.py:588} INFO - Filling up the DagBag from /home/airflow/.local/lib/python3.12/site-packages/airflow/example_dags/example_skip_dag.py
[2026-06-06T20:15:25.706+0000] {processor.py:925} INFO - DAG(s) 'example_skip_dag' retrieved from /home/airflow/.local/lib/python3.12/site-packages/airflow/example_dags/example_skip_dag.py
[2026-06-06T20:15:25.751+0000] {logging_mixin.py:190} INFO - [2026-06-06T20:15:25.751+0000] {dag.py:3239} INFO - Sync 1 DAGs
[2026-06-06T20:15:25.803+0000] {logging_mixin.py:190} INFO - [2026-06-06T20:15:25.803+0000] {dag.py:4180} INFO - Setting next_dagrun for example_skip_dag to 2026-06-05 00:00:00+00:00, run_after=2026-06-06 00:00:00+00:00
[2026-06-06T20:15:25.842+0000] {processor.py:208} INFO - Processing /home/airflow/.local/lib/python3.12/site-packages/airflow/example_dags/example_skip_dag.py took 0.168 seconds
[2026-06-06T20:15:59.231+0000] {processor.py:186} INFO - Started process (PID=305) to work on /home/airflow/.local/lib/python3.12/site-packages/airflow/example_dags/example_skip_dag.py
[2026-06-06T20:15:59.233+0000] {processor.py:914} INFO - Processing file /home/airflow/.local/lib/python3.12/site-packages/airflow/example_dags/example_skip_dag.py for tasks to queue
[2026-06-06T20:15:59.240+0000] {logging_mixin.py:190} INFO - [2026-06-06T20:15:59.239+0000] {dagbag.py:588} INFO - Filling up the DagBag from /home/airflow/.local/lib/python3.12/site-packages/airflow/example_dags/example_skip_dag.py
[2026-06-06T20:15:59.264+0000] {processor.py:925} INFO - DAG(s) 'example_skip_dag' retrieved from /home/airflow/.local/lib/python3.12/site-packages/airflow/example_dags/example_skip_dag.py
[2026-06-06T20:15:59.321+0000] {logging_mixin.py:190} INFO - [2026-06-06T20:15:59.320+0000] {dag.py:3239} INFO - Sync 1 DAGs
[2026-06-06T20:15:59.391+0000] {logging_mixin.py:190} INFO - [2026-06-06T20:15:59.391+0000] {dag.py:4180} INFO - Setting next_dagrun for example_skip_dag to 2026-06-05 00:00:00+00:00, run_after=2026-06-06 00:00:00+00:00
[2026-06-06T20:15:59.425+0000] {processor.py:208} INFO - Processing /home/airflow/.local/lib/python3.12/site-packages/airflow/example_dags/example_skip_dag.py took 0.207 seconds
[2026-06-06T20:16:30.019+0000] {processor.py:186} INFO - Started process (PID=366) to work on /home/airflow/.local/lib/python3.12/site-packages/airflow/example_dags/example_skip_dag.py
[2026-06-06T20:16:30.021+0000] {processor.py:914} INFO - Processing file /home/airflow/.local/lib/python3.12/site-packages/airflow/example_dags/example_skip_dag.py for tasks to queue
[2026-06-06T20:16:30.026+0000] {logging_mixin.py:190} INFO - [2026-06-06T20:16:30.025+0000] {dagbag.py:588} INFO - Filling up the DagBag from /home/airflow/.local/lib/python3.12/site-packages/airflow/example_dags/example_skip_dag.py
[2026-06-06T20:16:30.038+0000] {processor.py:925} INFO - DAG(s) 'example_skip_dag' retrieved from /home/airflow/.local/lib/python3.12/site-packages/airflow/example_dags/example_skip_dag.py
[2026-06-06T20:16:30.079+0000] {logging_mixin.py:190} INFO - [2026-06-06T20:16:30.078+0000] {dag.py:3239} INFO - Sync 1 DAGs
[2026-06-06T20:16:30.114+0000] {logging_mixin.py:190} INFO - [2026-06-06T20:16:30.113+0000] {dag.py:4180} INFO - Setting next_dagrun for example_skip_dag to 2026-06-05 00:00:00+00:00, run_after=2026-06-06 00:00:00+00:00
[2026-06-06T20:16:30.140+0000] {processor.py:208} INFO - Processing /home/airflow/.local/lib/python3.12/site-packages/airflow/example_dags/example_skip_dag.py took 0.129 seconds
[2026-06-06T20:17:01.200+0000] {processor.py:186} INFO - Started process (PID=427) to work on /home/airflow/.local/lib/python3.12/site-packages/airflow/example_dags/example_skip_dag.py
[2026-06-06T20:17:01.202+0000] {processor.py:914} INFO - Processing file /home/airflow/.local/lib/python3.12/site-packages/airflow/example_dags/example_skip_dag.py for tasks to queue
[2026-06-06T20:17:01.209+0000] {logging_mixin.py:190} INFO - [2026-06-06T20:17:01.208+0000] {dagbag.py:588} INFO - Filling up the DagBag from /home/airflow/.local/lib/python3.12/site-packages/airflow/example_dags/example_skip_dag.py
[2026-06-06T20:17:01.229+0000] {processor.py:925} INFO - DAG(s) 'example_skip_dag' retrieved from /home/airflow/.local/lib/python3.12/site-packages/airflow/example_dags/example_skip_dag.py
[2026-06-06T20:17:01.295+0000] {logging_mixin.py:190} INFO - [2026-06-06T20:17:01.294+0000] {dag.py:3239} INFO - Sync 1 DAGs
[2026-06-06T20:17:01.343+0000] {logging_mixin.py:190} INFO - [2026-06-06T20:17:01.342+0000] {dag.py:4180} INFO - Setting next_dagrun for example_skip_dag to 2026-06-05 00:00:00+00:00, run_after=2026-06-06 00:00:00+00:00
[2026-06-06T20:17:01.381+0000] {processor.py:208} INFO - Processing /home/airflow/.local/lib/python3.12/site-packages/airflow/example_dags/example_skip_dag.py took 0.204 seconds
[2026-06-06T20:17:35.479+0000] {processor.py:186} INFO - Started process (PID=482) to work on /home/airflow/.local/lib/python3.12/site-packages/airflow/example_dags/example_skip_dag.py
[2026-06-06T20:17:35.483+0000] {processor.py:914} INFO - Processing file /home/airflow/.local/lib/python3.12/site-packages/airflow/example_dags/example_skip_dag.py for tasks to queue
[2026-06-06T20:17:35.496+0000] {logging_mixin.py:190} INFO - [2026-06-06T20:17:35.494+0000] {dagbag.py:588} INFO - Filling up the DagBag from /home/airflow/.local/lib/python3.12/site-packages/airflow/example_dags/example_skip_dag.py
[2026-06-06T20:17:35.543+0000] {processor.py:925} INFO - DAG(s) 'example_skip_dag' retrieved from /home/airflow/.local/lib/python3.12/site-packages/airflow/example_dags/example_skip_dag.py
[2026-06-06T20:17:35.617+0000] {logging_mixin.py:190} INFO - [2026-06-06T20:17:35.616+0000] {dag.py:3239} INFO - Sync 1 DAGs
[2026-06-06T20:17:35.793+0000] {logging_mixin.py:190} INFO - [2026-06-06T20:17:35.793+0000] {dag.py:4180} INFO - Setting next_dagrun for example_skip_dag to 2026-06-05 00:00:00+00:00, run_after=2026-06-06 00:00:00+00:00
[2026-06-06T20:17:35.894+0000] {processor.py:208} INFO - Processing /home/airflow/.local/lib/python3.12/site-packages/airflow/example_dags/example_skip_dag.py took 0.443 seconds
[2026-06-06T20:18:06.101+0000] {processor.py:186} INFO - Started process (PID=544) to work on /home/airflow/.local/lib/python3.12/site-packages/airflow/example_dags/example_skip_dag.py
[2026-06-06T20:18:06.103+0000] {processor.py:914} INFO - Processing file /home/airflow/.local/lib/python3.12/site-packages/airflow/example_dags/example_skip_dag.py for tasks to queue
[2026-06-06T20:18:06.107+0000] {logging_mixin.py:190} INFO - [2026-06-06T20:18:06.107+0000] {dagbag.py:588} INFO - Filling up the DagBag from /home/airflow/.local/lib/python3.12/site-packages/airflow/example_dags/example_skip_dag.py
[2026-06-06T20:18:06.123+0000] {processor.py:925} INFO - DAG(s) 'example_skip_dag' retrieved from /home/airflow/.local/lib/python3.12/site-packages/airflow/example_dags/example_skip_dag.py
[2026-06-06T20:18:06.196+0000] {logging_mixin.py:190} INFO - [2026-06-06T20:18:06.196+0000] {dag.py:3239} INFO - Sync 1 DAGs
[2026-06-06T20:18:06.259+0000] {logging_mixin.py:190} INFO - [2026-06-06T20:18:06.258+0000] {dag.py:4180} INFO - Setting next_dagrun for example_skip_dag to 2026-06-05 00:00:00+00:00, run_after=2026-06-06 00:00:00+00:00
[2026-06-06T20:18:06.300+0000] {processor.py:208} INFO - Processing /home/airflow/.local/lib/python3.12/site-packages/airflow/example_dags/example_skip_dag.py took 0.210 seconds
[2026-06-06T20:18:46.125+0000] {processor.py:186} INFO - Started process (PID=606) to work on /home/airflow/.local/lib/python3.12/site-packages/airflow/example_dags/example_skip_dag.py
[2026-06-06T20:18:46.128+0000] {processor.py:914} INFO - Processing file /home/airflow/.local/lib/python3.12/site-packages/airflow/example_dags/example_skip_dag.py for tasks to queue
[2026-06-06T20:18:46.134+0000] {logging_mixin.py:190} INFO - [2026-06-06T20:18:46.134+0000] {dagbag.py:588} INFO - Filling up the DagBag from /home/airflow/.local/lib/python3.12/site-packages/airflow/example_dags/example_skip_dag.py
[2026-06-06T20:18:46.152+0000] {processor.py:925} INFO - DAG(s) 'example_skip_dag' retrieved from /home/airflow/.local/lib/python3.12/site-packages/airflow/example_dags/example_skip_dag.py
[2026-06-06T20:18:46.203+0000] {logging_mixin.py:190} INFO - [2026-06-06T20:18:46.202+0000] {dag.py:3239} INFO - Sync 1 DAGs
[2026-06-06T20:18:46.251+0000] {logging_mixin.py:190} INFO - [2026-06-06T20:18:46.250+0000] {dag.py:4180} INFO - Setting next_dagrun for example_skip_dag to 2026-06-05 00:00:00+00:00, run_after=2026-06-06 00:00:00+00:00
[2026-06-06T20:18:46.288+0000] {processor.py:208} INFO - Processing /home/airflow/.local/lib/python3.12/site-packages/airflow/example_dags/example_skip_dag.py took 0.176 seconds
[2026-06-06T20:19:16.812+0000] {processor.py:186} INFO - Started process (PID=667) to work on /home/airflow/.local/lib/python3.12/site-packages/airflow/example_dags/example_skip_dag.py
[2026-06-06T20:19:16.820+0000] {processor.py:914} INFO - Processing file /home/airflow/.local/lib/python3.12/site-packages/airflow/example_dags/example_skip_dag.py for tasks to queue
[2026-06-06T20:19:16.835+0000] {logging_mixin.py:190} INFO - [2026-06-06T20:19:16.831+0000] {dagbag.py:588} INFO - Filling up the DagBag from /home/airflow/.local/lib/python3.12/site-packages/airflow/example_dags/example_skip_dag.py
[2026-06-06T20:19:16.865+0000] {processor.py:925} INFO - DAG(s) 'example_skip_dag' retrieved from /home/airflow/.local/lib/python3.12/site-packages/airflow/example_dags/example_skip_dag.py
[2026-06-06T20:19:16.974+0000] {logging_mixin.py:190} INFO - [2026-06-06T20:19:16.973+0000] {dag.py:3239} INFO - Sync 1 DAGs
[2026-06-06T20:19:17.037+0000] {logging_mixin.py:190} INFO - [2026-06-06T20:19:17.036+0000] {dag.py:4180} INFO - Setting next_dagrun for example_skip_dag to 2026-06-05 00:00:00+00:00, run_after=2026-06-06 00:00:00+00:00
[2026-06-06T20:19:17.079+0000] {processor.py:208} INFO - Processing /home/airflow/.local/lib/python3.12/site-packages/airflow/example_dags/example_skip_dag.py took 0.280 seconds
[2026-06-06T20:19:50.628+0000] {processor.py:186} INFO - Started process (PID=735) to work on /home/airflow/.local/lib/python3.12/site-packages/airflow/example_dags/example_skip_dag.py
[2026-06-06T20:19:50.630+0000] {processor.py:914} INFO - Processing file /home/airflow/.local/lib/python3.12/site-packages/airflow/example_dags/example_skip_dag.py for tasks to queue
[2026-06-06T20:19:50.636+0000] {logging_mixin.py:190} INFO - [2026-06-06T20:19:50.635+0000] {dagbag.py:588} INFO - Filling up the DagBag from /home/airflow/.local/lib/python3.12/site-packages/airflow/example_dags/example_skip_dag.py
[2026-06-06T20:19:50.653+0000] {processor.py:925} INFO - DAG(s) 'example_skip_dag' retrieved from /home/airflow/.local/lib/python3.12/site-packages/airflow/example_dags/example_skip_dag.py
[2026-06-06T20:19:50.704+0000] {logging_mixin.py:190} INFO - [2026-06-06T20:19:50.703+0000] {dag.py:3239} INFO - Sync 1 DAGs
[2026-06-06T20:19:50.750+0000] {logging_mixin.py:190} INFO - [2026-06-06T20:19:50.749+0000] {dag.py:4180} INFO - Setting next_dagrun for example_skip_dag to 2026-06-05 00:00:00+00:00, run_after=2026-06-06 00:00:00+00:00
[2026-06-06T20:19:50.794+0000] {processor.py:208} INFO - Processing /home/airflow/.local/lib/python3.12/site-packages/airflow/example_dags/example_skip_dag.py took 0.178 seconds
[2026-06-06T20:20:26.091+0000] {processor.py:186} INFO - Started process (PID=797) to work on /home/airflow/.local/lib/python3.12/site-packages/airflow/example_dags/example_skip_dag.py
[2026-06-06T20:20:26.093+0000] {processor.py:914} INFO - Processing file /home/airflow/.local/lib/python3.12/site-packages/airflow/example_dags/example_skip_dag.py for tasks to queue
[2026-06-06T20:20:26.099+0000] {logging_mixin.py:190} INFO - [2026-06-06T20:20:26.098+0000] {dagbag.py:588} INFO - Filling up the DagBag from /home/airflow/.local/lib/python3.12/site-packages/airflow/example_dags/example_skip_dag.py
[2026-06-06T20:20:26.120+0000] {processor.py:925} INFO - DAG(s) 'example_skip_dag' retrieved from /home/airflow/.local/lib/python3.12/site-packages/airflow/example_dags/example_skip_dag.py
[2026-06-06T20:20:26.177+0000] {logging_mixin.py:190} INFO - [2026-06-06T20:20:26.176+0000] {dag.py:3239} INFO - Sync 1 DAGs
[2026-06-06T20:20:26.225+0000] {logging_mixin.py:190} INFO - [2026-06-06T20:20:26.225+0000] {dag.py:4180} INFO - Setting next_dagrun for example_skip_dag to 2026-06-05 00:00:00+00:00, run_after=2026-06-06 00:00:00+00:00
[2026-06-06T20:20:26.265+0000] {processor.py:208} INFO - Processing /home/airflow/.local/lib/python3.12/site-packages/airflow/example_dags/example_skip_dag.py took 0.187 seconds
[2026-06-06T20:21:08.587+0000] {processor.py:186} INFO - Started process (PID=861) to work on /home/airflow/.local/lib/python3.12/site-packages/airflow/example_dags/example_skip_dag.py
[2026-06-06T20:21:08.590+0000] {processor.py:914} INFO - Processing file /home/airflow/.local/lib/python3.12/site-packages/airflow/example_dags/example_skip_dag.py for tasks to queue
[2026-06-06T20:21:08.596+0000] {logging_mixin.py:190} INFO - [2026-06-06T20:21:08.595+0000] {dagbag.py:588} INFO - Filling up the DagBag from /home/airflow/.local/lib/python3.12/site-packages/airflow/example_dags/example_skip_dag.py
[2026-06-06T20:21:08.611+0000] {processor.py:925} INFO - DAG(s) 'example_skip_dag' retrieved from /home/airflow/.local/lib/python3.12/site-packages/airflow/example_dags/example_skip_dag.py
[2026-06-06T20:21:08.661+0000] {logging_mixin.py:190} INFO - [2026-06-06T20:21:08.661+0000] {dag.py:3239} INFO - Sync 1 DAGs
[2026-06-06T20:21:08.712+0000] {logging_mixin.py:190} INFO - [2026-06-06T20:21:08.711+0000] {dag.py:4180} INFO - Setting next_dagrun for example_skip_dag to 2026-06-05 00:00:00+00:00, run_after=2026-06-06 00:00:00+00:00
[2026-06-06T20:21:08.756+0000] {processor.py:208} INFO - Processing /home/airflow/.local/lib/python3.12/site-packages/airflow/example_dags/example_skip_dag.py took 0.180 seconds
[2026-06-06T20:21:46.978+0000] {processor.py:186} INFO - Started process (PID=922) to work on /home/airflow/.local/lib/python3.12/site-packages/airflow/example_dags/example_skip_dag.py
[2026-06-06T20:21:46.981+0000] {processor.py:914} INFO - Processing file /home/airflow/.local/lib/python3.12/site-packages/airflow/example_dags/example_skip_dag.py for tasks to queue
[2026-06-06T20:21:46.986+0000] {logging_mixin.py:190} INFO - [2026-06-06T20:21:46.985+0000] {dagbag.py:588} INFO - Filling up the DagBag from /home/airflow/.local/lib/python3.12/site-packages/airflow/example_dags/example_skip_dag.py
[2026-06-06T20:21:47.011+0000] {processor.py:925} INFO - DAG(s) 'example_skip_dag' retrieved from /home/airflow/.local/lib/python3.12/site-packages/airflow/example_dags/example_skip_dag.py
[2026-06-06T20:21:47.069+0000] {logging_mixin.py:190} INFO - [2026-06-06T20:21:47.069+0000] {dag.py:3239} INFO - Sync 1 DAGs
[2026-06-06T20:21:47.125+0000] {logging_mixin.py:190} INFO - [2026-06-06T20:21:47.124+0000] {dag.py:4180} INFO - Setting next_dagrun for example_skip_dag to 2026-06-05 00:00:00+00:00, run_after=2026-06-06 00:00:00+00:00
[2026-06-06T20:21:47.165+0000] {processor.py:208} INFO - Processing /home/airflow/.local/lib/python3.12/site-packages/airflow/example_dags/example_skip_dag.py took 0.199 seconds
[2026-06-06T20:22:28.186+0000] {processor.py:186} INFO - Started process (PID=993) to work on /home/airflow/.local/lib/python3.12/site-packages/airflow/example_dags/example_skip_dag.py
[2026-06-06T20:22:28.188+0000] {processor.py:914} INFO - Processing file /home/airflow/.local/lib/python3.12/site-packages/airflow/example_dags/example_skip_dag.py for tasks to queue
[2026-06-06T20:22:28.193+0000] {logging_mixin.py:190} INFO - [2026-06-06T20:22:28.193+0000] {dagbag.py:588} INFO - Filling up the DagBag from /home/airflow/.local/lib/python3.12/site-packages/airflow/example_dags/example_skip_dag.py
[2026-06-06T20:22:28.210+0000] {processor.py:925} INFO - DAG(s) 'example_skip_dag' retrieved from /home/airflow/.local/lib/python3.12/site-packages/airflow/example_dags/example_skip_dag.py
[2026-06-06T20:22:28.267+0000] {logging_mixin.py:190} INFO - [2026-06-06T20:22:28.266+0000] {dag.py:3239} INFO - Sync 1 DAGs
[2026-06-06T20:22:28.312+0000] {logging_mixin.py:190} INFO - [2026-06-06T20:22:28.312+0000] {dag.py:4180} INFO - Setting next_dagrun for example_skip_dag to 2026-06-05 00:00:00+00:00, run_after=2026-06-06 00:00:00+00:00
[2026-06-06T20:22:28.351+0000] {processor.py:208} INFO - Processing /home/airflow/.local/lib/python3.12/site-packages/airflow/example_dags/example_skip_dag.py took 0.176 seconds
[2026-06-06T20:23:01.476+0000] {processor.py:186} INFO - Started process (PID=1054) to work on /home/airflow/.local/lib/python3.12/site-packages/airflow/example_dags/example_skip_dag.py
[2026-06-06T20:23:01.480+0000] {processor.py:914} INFO - Processing file /home/airflow/.local/lib/python3.12/site-packages/airflow/example_dags/example_skip_dag.py for tasks to queue
[2026-06-06T20:23:01.486+0000] {logging_mixin.py:190} INFO - [2026-06-06T20:23:01.485+0000] {dagbag.py:588} INFO - Filling up the DagBag from /home/airflow/.local/lib/python3.12/site-packages/airflow/example_dags/example_skip_dag.py
[2026-06-06T20:23:01.504+0000] {processor.py:925} INFO - DAG(s) 'example_skip_dag' retrieved from /home/airflow/.local/lib/python3.12/site-packages/airflow/example_dags/example_skip_dag.py
[2026-06-06T20:23:01.562+0000] {logging_mixin.py:190} INFO - [2026-06-06T20:23:01.561+0000] {dag.py:3239} INFO - Sync 1 DAGs
[2026-06-06T20:23:01.613+0000] {logging_mixin.py:190} INFO - [2026-06-06T20:23:01.613+0000] {dag.py:4180} INFO - Setting next_dagrun for example_skip_dag to 2026-06-05 00:00:00+00:00, run_after=2026-06-06 00:00:00+00:00
[2026-06-06T20:23:01.649+0000] {processor.py:208} INFO - Processing /home/airflow/.local/lib/python3.12/site-packages/airflow/example_dags/example_skip_dag.py took 0.185 seconds
[2026-06-06T20:23:39.547+0000] {processor.py:186} INFO - Started process (PID=1117) to work on /home/airflow/.local/lib/python3.12/site-packages/airflow/example_dags/example_skip_dag.py
[2026-06-06T20:23:39.550+0000] {processor.py:914} INFO - Processing file /home/airflow/.local/lib/python3.12/site-packages/airflow/example_dags/example_skip_dag.py for tasks to queue
[2026-06-06T20:23:39.559+0000] {logging_mixin.py:190} INFO - [2026-06-06T20:23:39.558+0000] {dagbag.py:588} INFO - Filling up the DagBag from /home/airflow/.local/lib/python3.12/site-packages/airflow/example_dags/example_skip_dag.py
[2026-06-06T20:23:39.582+0000] {processor.py:925} INFO - DAG(s) 'example_skip_dag' retrieved from /home/airflow/.local/lib/python3.12/site-packages/airflow/example_dags/example_skip_dag.py
[2026-06-06T20:23:39.644+0000] {logging_mixin.py:190} INFO - [2026-06-06T20:23:39.644+0000] {dag.py:3239} INFO - Sync 1 DAGs
[2026-06-06T20:23:39.702+0000] {logging_mixin.py:190} INFO - [2026-06-06T20:23:39.701+0000] {dag.py:4180} INFO - Setting next_dagrun for example_skip_dag to 2026-06-05 00:00:00+00:00, run_after=2026-06-06 00:00:00+00:00
[2026-06-06T20:23:39.764+0000] {processor.py:208} INFO - Processing /home/airflow/.local/lib/python3.12/site-packages/airflow/example_dags/example_skip_dag.py took 0.229 seconds
[2026-06-06T20:24:14.407+0000] {processor.py:186} INFO - Started process (PID=1179) to work on /home/airflow/.local/lib/python3.12/site-packages/airflow/example_dags/example_skip_dag.py
[2026-06-06T20:24:14.410+0000] {processor.py:914} INFO - Processing file /home/airflow/.local/lib/python3.12/site-packages/airflow/example_dags/example_skip_dag.py for tasks to queue
[2026-06-06T20:24:14.416+0000] {logging_mixin.py:190} INFO - [2026-06-06T20:24:14.415+0000] {dagbag.py:588} INFO - Filling up the DagBag from /home/airflow/.local/lib/python3.12/site-packages/airflow/example_dags/example_skip_dag.py
[2026-06-06T20:24:14.431+0000] {processor.py:925} INFO - DAG(s) 'example_skip_dag' retrieved from /home/airflow/.local/lib/python3.12/site-packages/airflow/example_dags/example_skip_dag.py
[2026-06-06T20:24:14.482+0000] {logging_mixin.py:190} INFO - [2026-06-06T20:24:14.482+0000] {dag.py:3239} INFO - Sync 1 DAGs
[2026-06-06T20:24:14.532+0000] {logging_mixin.py:190} INFO - [2026-06-06T20:24:14.532+0000] {dag.py:4180} INFO - Setting next_dagrun for example_skip_dag to 2026-06-05 00:00:00+00:00, run_after=2026-06-06 00:00:00+00:00
[2026-06-06T20:24:14.575+0000] {processor.py:208} INFO - Processing /home/airflow/.local/lib/python3.12/site-packages/airflow/example_dags/example_skip_dag.py took 0.178 seconds
[2026-06-06T20:24:46.355+0000] {processor.py:186} INFO - Started process (PID=1236) to work on /home/airflow/.local/lib/python3.12/site-packages/airflow/example_dags/example_skip_dag.py
[2026-06-06T20:24:46.358+0000] {processor.py:914} INFO - Processing file /home/airflow/.local/lib/python3.12/site-packages/airflow/example_dags/example_skip_dag.py for tasks to queue
[2026-06-06T20:24:46.365+0000] {logging_mixin.py:190} INFO - [2026-06-06T20:24:46.364+0000] {dagbag.py:588} INFO - Filling up the DagBag from /home/airflow/.local/lib/python3.12/site-packages/airflow/example_dags/example_skip_dag.py
[2026-06-06T20:24:46.384+0000] {processor.py:925} INFO - DAG(s) 'example_skip_dag' retrieved from /home/airflow/.local/lib/python3.12/site-packages/airflow/example_dags/example_skip_dag.py
[2026-06-06T20:24:46.447+0000] {logging_mixin.py:190} INFO - [2026-06-06T20:24:46.447+0000] {dag.py:3239} INFO - Sync 1 DAGs
[2026-06-06T20:24:46.501+0000] {logging_mixin.py:190} INFO - [2026-06-06T20:24:46.500+0000] {dag.py:4180} INFO - Setting next_dagrun for example_skip_dag to 2026-06-05 00:00:00+00:00, run_after=2026-06-06 00:00:00+00:00
[2026-06-06T20:24:46.560+0000] {processor.py:208} INFO - Processing /home/airflow/.local/lib/python3.12/site-packages/airflow/example_dags/example_skip_dag.py took 0.218 seconds
[2026-06-06T20:25:24.590+0000] {processor.py:186} INFO - Started process (PID=1300) to work on /home/airflow/.local/lib/python3.12/site-packages/airflow/example_dags/example_skip_dag.py
[2026-06-06T20:25:24.594+0000] {processor.py:914} INFO - Processing file /home/airflow/.local/lib/python3.12/site-packages/airflow/example_dags/example_skip_dag.py for tasks to queue
[2026-06-06T20:25:24.610+0000] {logging_mixin.py:190} INFO - [2026-06-06T20:25:24.609+0000] {dagbag.py:588} INFO - Filling up the DagBag from /home/airflow/.local/lib/python3.12/site-packages/airflow/example_dags/example_skip_dag.py
[2026-06-06T20:25:24.629+0000] {processor.py:925} INFO - DAG(s) 'example_skip_dag' retrieved from /home/airflow/.local/lib/python3.12/site-packages/airflow/example_dags/example_skip_dag.py
[2026-06-06T20:25:24.684+0000] {logging_mixin.py:190} INFO - [2026-06-06T20:25:24.684+0000] {dag.py:3239} INFO - Sync 1 DAGs
[2026-06-06T20:25:24.737+0000] {logging_mixin.py:190} INFO - [2026-06-06T20:25:24.736+0000] {dag.py:4180} INFO - Setting next_dagrun for example_skip_dag to 2026-06-05 00:00:00+00:00, run_after=2026-06-06 00:00:00+00:00
[2026-06-06T20:25:24.785+0000] {processor.py:208} INFO - Processing /home/airflow/.local/lib/python3.12/site-packages/airflow/example_dags/example_skip_dag.py took 0.209 seconds
[2026-06-06T20:26:05.032+0000] {processor.py:186} INFO - Started process (PID=1363) to work on /home/airflow/.local/lib/python3.12/site-packages/airflow/example_dags/example_skip_dag.py
[2026-06-06T20:26:05.035+0000] {processor.py:914} INFO - Processing file /home/airflow/.local/lib/python3.12/site-packages/airflow/example_dags/example_skip_dag.py for tasks to queue
[2026-06-06T20:26:05.040+0000] {logging_mixin.py:190} INFO - [2026-06-06T20:26:05.039+0000] {dagbag.py:588} INFO - Filling up the DagBag from /home/airflow/.local/lib/python3.12/site-packages/airflow/example_dags/example_skip_dag.py
[2026-06-06T20:26:05.059+0000] {processor.py:925} INFO - DAG(s) 'example_skip_dag' retrieved from /home/airflow/.local/lib/python3.12/site-packages/airflow/example_dags/example_skip_dag.py
[2026-06-06T20:26:05.117+0000] {logging_mixin.py:190} INFO - [2026-06-06T20:26:05.116+0000] {dag.py:3239} INFO - Sync 1 DAGs
[2026-06-06T20:26:05.164+0000] {logging_mixin.py:190} INFO - [2026-06-06T20:26:05.164+0000] {dag.py:4180} INFO - Setting next_dagrun for example_skip_dag to 2026-06-05 00:00:00+00:00, run_after=2026-06-06 00:00:00+00:00
[2026-06-06T20:26:05.206+0000] {processor.py:208} INFO - Processing /home/airflow/.local/lib/python3.12/site-packages/airflow/example_dags/example_skip_dag.py took 0.186 seconds
[2026-06-06T20:26:36.985+0000] {processor.py:186} INFO - Started process (PID=1425) to work on /home/airflow/.local/lib/python3.12/site-packages/airflow/example_dags/example_skip_dag.py
[2026-06-06T20:26:36.988+0000] {processor.py:914} INFO - Processing file /home/airflow/.local/lib/python3.12/site-packages/airflow/example_dags/example_skip_dag.py for tasks to queue
[2026-06-06T20:26:36.994+0000] {logging_mixin.py:190} INFO - [2026-06-06T20:26:36.993+0000] {dagbag.py:588} INFO - Filling up the DagBag from /home/airflow/.local/lib/python3.12/site-packages/airflow/example_dags/example_skip_dag.py
[2026-06-06T20:26:37.023+0000] {processor.py:925} INFO - DAG(s) 'example_skip_dag' retrieved from /home/airflow/.local/lib/python3.12/site-packages/airflow/example_dags/example_skip_dag.py
[2026-06-06T20:26:37.133+0000] {logging_mixin.py:190} INFO - [2026-06-06T20:26:37.132+0000] {dag.py:3239} INFO - Sync 1 DAGs
[2026-06-06T20:26:37.226+0000] {logging_mixin.py:190} INFO - [2026-06-06T20:26:37.224+0000] {dag.py:4180} INFO - Setting next_dagrun for example_skip_dag to 2026-06-05 00:00:00+00:00, run_after=2026-06-06 00:00:00+00:00
[2026-06-06T20:26:37.273+0000] {processor.py:208} INFO - Processing /home/airflow/.local/lib/python3.12/site-packages/airflow/example_dags/example_skip_dag.py took 0.302 seconds
[2026-06-06T20:27:15.846+0000] {processor.py:186} INFO - Started process (PID=1491) to work on /home/airflow/.local/lib/python3.12/site-packages/airflow/example_dags/example_skip_dag.py
[2026-06-06T20:27:15.849+0000] {processor.py:914} INFO - Processing file /home/airflow/.local/lib/python3.12/site-packages/airflow/example_dags/example_skip_dag.py for tasks to queue
[2026-06-06T20:27:15.858+0000] {logging_mixin.py:190} INFO - [2026-06-06T20:27:15.856+0000] {dagbag.py:588} INFO - Filling up the DagBag from /home/airflow/.local/lib/python3.12/site-packages/airflow/example_dags/example_skip_dag.py
[2026-06-06T20:27:15.888+0000] {processor.py:925} INFO - DAG(s) 'example_skip_dag' retrieved from /home/airflow/.local/lib/python3.12/site-packages/airflow/example_dags/example_skip_dag.py
[2026-06-06T20:27:15.975+0000] {logging_mixin.py:190} INFO - [2026-06-06T20:27:15.975+0000] {dag.py:3239} INFO - Sync 1 DAGs
[2026-06-06T20:27:16.041+0000] {logging_mixin.py:190} INFO - [2026-06-06T20:27:16.041+0000] {dag.py:4180} INFO - Setting next_dagrun for example_skip_dag to 2026-06-05 00:00:00+00:00, run_after=2026-06-06 00:00:00+00:00
[2026-06-06T20:27:16.080+0000] {processor.py:208} INFO - Processing /home/airflow/.local/lib/python3.12/site-packages/airflow/example_dags/example_skip_dag.py took 0.256 seconds
[2026-06-06T20:27:54.669+0000] {processor.py:186} INFO - Started process (PID=1559) to work on /home/airflow/.local/lib/python3.12/site-packages/airflow/example_dags/example_skip_dag.py
[2026-06-06T20:27:54.676+0000] {processor.py:914} INFO - Processing file /home/airflow/.local/lib/python3.12/site-packages/airflow/example_dags/example_skip_dag.py for tasks to queue
[2026-06-06T20:27:54.683+0000] {logging_mixin.py:190} INFO - [2026-06-06T20:27:54.682+0000] {dagbag.py:588} INFO - Filling up the DagBag from /home/airflow/.local/lib/python3.12/site-packages/airflow/example_dags/example_skip_dag.py
[2026-06-06T20:27:54.704+0000] {processor.py:925} INFO - DAG(s) 'example_skip_dag' retrieved from /home/airflow/.local/lib/python3.12/site-packages/airflow/example_dags/example_skip_dag.py
[2026-06-06T20:27:54.776+0000] {logging_mixin.py:190} INFO - [2026-06-06T20:27:54.775+0000] {dag.py:3239} INFO - Sync 1 DAGs
[2026-06-06T20:27:54.836+0000] {logging_mixin.py:190} INFO - [2026-06-06T20:27:54.835+0000] {dag.py:4180} INFO - Setting next_dagrun for example_skip_dag to 2026-06-05 00:00:00+00:00, run_after=2026-06-06 00:00:00+00:00
[2026-06-06T20:27:54.879+0000] {processor.py:208} INFO - Processing /home/airflow/.local/lib/python3.12/site-packages/airflow/example_dags/example_skip_dag.py took 0.224 seconds
[2026-06-06T20:28:27.286+0000] {processor.py:186} INFO - Started process (PID=1621) to work on /home/airflow/.local/lib/python3.12/site-packages/airflow/example_dags/example_skip_dag.py
[2026-06-06T20:28:27.289+0000] {processor.py:914} INFO - Processing file /home/airflow/.local/lib/python3.12/site-packages/airflow/example_dags/example_skip_dag.py for tasks to queue
[2026-06-06T20:28:27.305+0000] {logging_mixin.py:190} INFO - [2026-06-06T20:28:27.304+0000] {dagbag.py:588} INFO - Filling up the DagBag from /home/airflow/.local/lib/python3.12/site-packages/airflow/example_dags/example_skip_dag.py
[2026-06-06T20:28:27.357+0000] {processor.py:925} INFO - DAG(s) 'example_skip_dag' retrieved from /home/airflow/.local/lib/python3.12/site-packages/airflow/example_dags/example_skip_dag.py
[2026-06-06T20:28:27.453+0000] {logging_mixin.py:190} INFO - [2026-06-06T20:28:27.452+0000] {dag.py:3239} INFO - Sync 1 DAGs
[2026-06-06T20:28:27.526+0000] {logging_mixin.py:190} INFO - [2026-06-06T20:28:27.525+0000] {dag.py:4180} INFO - Setting next_dagrun for example_skip_dag to 2026-06-05 00:00:00+00:00, run_after=2026-06-06 00:00:00+00:00
[2026-06-06T20:28:27.636+0000] {processor.py:208} INFO - Processing /home/airflow/.local/lib/python3.12/site-packages/airflow/example_dags/example_skip_dag.py took 0.390 seconds
[2026-06-06T20:29:10.727+0000] {processor.py:186} INFO - Started process (PID=1685) to work on /home/airflow/.local/lib/python3.12/site-packages/airflow/example_dags/example_skip_dag.py
[2026-06-06T20:29:10.730+0000] {processor.py:914} INFO - Processing file /home/airflow/.local/lib/python3.12/site-packages/airflow/example_dags/example_skip_dag.py for tasks to queue
[2026-06-06T20:29:10.737+0000] {logging_mixin.py:190} INFO - [2026-06-06T20:29:10.736+0000] {dagbag.py:588} INFO - Filling up the DagBag from /home/airflow/.local/lib/python3.12/site-packages/airflow/example_dags/example_skip_dag.py
[2026-06-06T20:29:10.767+0000] {processor.py:925} INFO - DAG(s) 'example_skip_dag' retrieved from /home/airflow/.local/lib/python3.12/site-packages/airflow/example_dags/example_skip_dag.py
[2026-06-06T20:29:10.845+0000] {logging_mixin.py:190} INFO - [2026-06-06T20:29:10.844+0000] {dag.py:3239} INFO - Sync 1 DAGs
[2026-06-06T20:29:10.916+0000] {logging_mixin.py:190} INFO - [2026-06-06T20:29:10.916+0000] {dag.py:4180} INFO - Setting next_dagrun for example_skip_dag to 2026-06-05 00:00:00+00:00, run_after=2026-06-06 00:00:00+00:00
[2026-06-06T20:29:10.977+0000] {processor.py:208} INFO - Processing /home/airflow/.local/lib/python3.12/site-packages/airflow/example_dags/example_skip_dag.py took 0.268 seconds
[2026-06-06T20:29:47.076+0000] {processor.py:186} INFO - Started process (PID=1747) to work on /home/airflow/.local/lib/python3.12/site-packages/airflow/example_dags/example_skip_dag.py
[2026-06-06T20:29:47.079+0000] {processor.py:914} INFO - Processing file /home/airflow/.local/lib/python3.12/site-packages/airflow/example_dags/example_skip_dag.py for tasks to queue
[2026-06-06T20:29:47.084+0000] {logging_mixin.py:190} INFO - [2026-06-06T20:29:47.083+0000] {dagbag.py:588} INFO - Filling up the DagBag from /home/airflow/.local/lib/python3.12/site-packages/airflow/example_dags/example_skip_dag.py
[2026-06-06T20:29:47.103+0000] {processor.py:925} INFO - DAG(s) 'example_skip_dag' retrieved from /home/airflow/.local/lib/python3.12/site-packages/airflow/example_dags/example_skip_dag.py
[2026-06-06T20:29:47.164+0000] {logging_mixin.py:190} INFO - [2026-06-06T20:29:47.163+0000] {dag.py:3239} INFO - Sync 1 DAGs
[2026-06-06T20:29:47.213+0000] {logging_mixin.py:190} INFO - [2026-06-06T20:29:47.212+0000] {dag.py:4180} INFO - Setting next_dagrun for example_skip_dag to 2026-06-05 00:00:00+00:00, run_after=2026-06-06 00:00:00+00:00
[2026-06-06T20:29:47.253+0000] {processor.py:208} INFO - Processing /home/airflow/.local/lib/python3.12/site-packages/airflow/example_dags/example_skip_dag.py took 0.191 seconds
[2026-06-06T20:30:20.621+0000] {processor.py:186} INFO - Started process (PID=1808) to work on /home/airflow/.local/lib/python3.12/site-packages/airflow/example_dags/example_skip_dag.py
[2026-06-06T20:30:20.624+0000] {processor.py:914} INFO - Processing file /home/airflow/.local/lib/python3.12/site-packages/airflow/example_dags/example_skip_dag.py for tasks to queue
[2026-06-06T20:30:20.634+0000] {logging_mixin.py:190} INFO - [2026-06-06T20:30:20.633+0000] {dagbag.py:588} INFO - Filling up the DagBag from /home/airflow/.local/lib/python3.12/site-packages/airflow/example_dags/example_skip_dag.py
[2026-06-06T20:30:20.653+0000] {processor.py:925} INFO - DAG(s) 'example_skip_dag' retrieved from /home/airflow/.local/lib/python3.12/site-packages/airflow/example_dags/example_skip_dag.py
[2026-06-06T20:30:20.722+0000] {logging_mixin.py:190} INFO - [2026-06-06T20:30:20.722+0000] {dag.py:3239} INFO - Sync 1 DAGs
[2026-06-06T20:30:20.798+0000] {logging_mixin.py:190} INFO - [2026-06-06T20:30:20.797+0000] {dag.py:4180} INFO - Setting next_dagrun for example_skip_dag to 2026-06-05 00:00:00+00:00, run_after=2026-06-06 00:00:00+00:00
[2026-06-06T20:30:20.857+0000] {processor.py:208} INFO - Processing /home/airflow/.local/lib/python3.12/site-packages/airflow/example_dags/example_skip_dag.py took 0.250 seconds
[2026-06-06T20:31:09.231+0000] {processor.py:186} INFO - Started process (PID=1883) to work on /home/airflow/.local/lib/python3.12/site-packages/airflow/example_dags/example_skip_dag.py
[2026-06-06T20:31:09.237+0000] {processor.py:914} INFO - Processing file /home/airflow/.local/lib/python3.12/site-packages/airflow/example_dags/example_skip_dag.py for tasks to queue
[2026-06-06T20:31:09.243+0000] {logging_mixin.py:190} INFO - [2026-06-06T20:31:09.243+0000] {dagbag.py:588} INFO - Filling up the DagBag from /home/airflow/.local/lib/python3.12/site-packages/airflow/example_dags/example_skip_dag.py
[2026-06-06T20:31:09.266+0000] {processor.py:925} INFO - DAG(s) 'example_skip_dag' retrieved from /home/airflow/.local/lib/python3.12/site-packages/airflow/example_dags/example_skip_dag.py
[2026-06-06T20:31:09.328+0000] {logging_mixin.py:190} INFO - [2026-06-06T20:31:09.327+0000] {dag.py:3239} INFO - Sync 1 DAGs
[2026-06-06T20:31:09.412+0000] {logging_mixin.py:190} INFO - [2026-06-06T20:31:09.412+0000] {dag.py:4180} INFO - Setting next_dagrun for example_skip_dag to 2026-06-05 00:00:00+00:00, run_after=2026-06-06 00:00:00+00:00
[2026-06-06T20:31:09.478+0000] {processor.py:208} INFO - Processing /home/airflow/.local/lib/python3.12/site-packages/airflow/example_dags/example_skip_dag.py took 0.261 seconds
[2026-06-06T20:31:43.678+0000] {processor.py:186} INFO - Started process (PID=1944) to work on /home/airflow/.local/lib/python3.12/site-packages/airflow/example_dags/example_skip_dag.py
[2026-06-06T20:31:43.680+0000] {processor.py:914} INFO - Processing file /home/airflow/.local/lib/python3.12/site-packages/airflow/example_dags/example_skip_dag.py for tasks to queue
[2026-06-06T20:31:43.686+0000] {logging_mixin.py:190} INFO - [2026-06-06T20:31:43.685+0000] {dagbag.py:588} INFO - Filling up the DagBag from /home/airflow/.local/lib/python3.12/site-packages/airflow/example_dags/example_skip_dag.py
[2026-06-06T20:31:43.706+0000] {processor.py:925} INFO - DAG(s) 'example_skip_dag' retrieved from /home/airflow/.local/lib/python3.12/site-packages/airflow/example_dags/example_skip_dag.py
[2026-06-06T20:31:43.755+0000] {logging_mixin.py:190} INFO - [2026-06-06T20:31:43.754+0000] {dag.py:3239} INFO - Sync 1 DAGs
[2026-06-06T20:31:43.795+0000] {logging_mixin.py:190} INFO - [2026-06-06T20:31:43.794+0000] {dag.py:4180} INFO - Setting next_dagrun for example_skip_dag to 2026-06-05 00:00:00+00:00, run_after=2026-06-06 00:00:00+00:00
[2026-06-06T20:31:43.836+0000] {processor.py:208} INFO - Processing /home/airflow/.local/lib/python3.12/site-packages/airflow/example_dags/example_skip_dag.py took 0.171 seconds
[2026-06-06T20:32:24.929+0000] {processor.py:186} INFO - Started process (PID=2012) to work on /home/airflow/.local/lib/python3.12/site-packages/airflow/example_dags/example_skip_dag.py
[2026-06-06T20:32:24.931+0000] {processor.py:914} INFO - Processing file /home/airflow/.local/lib/python3.12/site-packages/airflow/example_dags/example_skip_dag.py for tasks to queue
[2026-06-06T20:32:24.946+0000] {logging_mixin.py:190} INFO - [2026-06-06T20:32:24.945+0000] {dagbag.py:588} INFO - Filling up the DagBag from /home/airflow/.local/lib/python3.12/site-packages/airflow/example_dags/example_skip_dag.py
[2026-06-06T20:32:24.967+0000] {processor.py:925} INFO - DAG(s) 'example_skip_dag' retrieved from /home/airflow/.local/lib/python3.12/site-packages/airflow/example_dags/example_skip_dag.py
[2026-06-06T20:32:25.041+0000] {logging_mixin.py:190} INFO - [2026-06-06T20:32:25.041+0000] {dag.py:3239} INFO - Sync 1 DAGs
[2026-06-06T20:32:25.105+0000] {logging_mixin.py:190} INFO - [2026-06-06T20:32:25.105+0000] {dag.py:4180} INFO - Setting next_dagrun for example_skip_dag to 2026-06-05 00:00:00+00:00, run_after=2026-06-06 00:00:00+00:00
[2026-06-06T20:32:25.158+0000] {processor.py:208} INFO - Processing /home/airflow/.local/lib/python3.12/site-packages/airflow/example_dags/example_skip_dag.py took 0.241 seconds
[2026-06-06T20:32:56.968+0000] {processor.py:186} INFO - Started process (PID=2075) to work on /home/airflow/.local/lib/python3.12/site-packages/airflow/example_dags/example_skip_dag.py
[2026-06-06T20:32:56.970+0000] {processor.py:914} INFO - Processing file /home/airflow/.local/lib/python3.12/site-packages/airflow/example_dags/example_skip_dag.py for tasks to queue
[2026-06-06T20:32:56.975+0000] {logging_mixin.py:190} INFO - [2026-06-06T20:32:56.974+0000] {dagbag.py:588} INFO - Filling up the DagBag from /home/airflow/.local/lib/python3.12/site-packages/airflow/example_dags/example_skip_dag.py
[2026-06-06T20:32:56.989+0000] {processor.py:925} INFO - DAG(s) 'example_skip_dag' retrieved from /home/airflow/.local/lib/python3.12/site-packages/airflow/example_dags/example_skip_dag.py
[2026-06-06T20:32:57.041+0000] {logging_mixin.py:190} INFO - [2026-06-06T20:32:57.040+0000] {dag.py:3239} INFO - Sync 1 DAGs
[2026-06-06T20:32:57.087+0000] {logging_mixin.py:190} INFO - [2026-06-06T20:32:57.087+0000] {dag.py:4180} INFO - Setting next_dagrun for example_skip_dag to 2026-06-05 00:00:00+00:00, run_after=2026-06-06 00:00:00+00:00
[2026-06-06T20:32:57.122+0000] {processor.py:208} INFO - Processing /home/airflow/.local/lib/python3.12/site-packages/airflow/example_dags/example_skip_dag.py took 0.172 seconds
[2026-06-06T20:33:33.944+0000] {processor.py:186} INFO - Started process (PID=2137) to work on /home/airflow/.local/lib/python3.12/site-packages/airflow/example_dags/example_skip_dag.py
[2026-06-06T20:33:33.949+0000] {processor.py:914} INFO - Processing file /home/airflow/.local/lib/python3.12/site-packages/airflow/example_dags/example_skip_dag.py for tasks to queue
[2026-06-06T20:33:33.956+0000] {logging_mixin.py:190} INFO - [2026-06-06T20:33:33.955+0000] {dagbag.py:588} INFO - Filling up the DagBag from /home/airflow/.local/lib/python3.12/site-packages/airflow/example_dags/example_skip_dag.py
[2026-06-06T20:33:33.977+0000] {processor.py:925} INFO - DAG(s) 'example_skip_dag' retrieved from /home/airflow/.local/lib/python3.12/site-packages/airflow/example_dags/example_skip_dag.py
[2026-06-06T20:33:34.035+0000] {logging_mixin.py:190} INFO - [2026-06-06T20:33:34.034+0000] {dag.py:3239} INFO - Sync 1 DAGs
[2026-06-06T20:33:34.088+0000] {logging_mixin.py:190} INFO - [2026-06-06T20:33:34.087+0000] {dag.py:4180} INFO - Setting next_dagrun for example_skip_dag to 2026-06-05 00:00:00+00:00, run_after=2026-06-06 00:00:00+00:00
[2026-06-06T20:33:34.129+0000] {processor.py:208} INFO - Processing /home/airflow/.local/lib/python3.12/site-packages/airflow/example_dags/example_skip_dag.py took 0.198 seconds
[2026-06-06T20:34:09.857+0000] {processor.py:186} INFO - Started process (PID=2199) to work on /home/airflow/.local/lib/python3.12/site-packages/airflow/example_dags/example_skip_dag.py
[2026-06-06T20:34:09.860+0000] {processor.py:914} INFO - Processing file /home/airflow/.local/lib/python3.12/site-packages/airflow/example_dags/example_skip_dag.py for tasks to queue
[2026-06-06T20:34:09.866+0000] {logging_mixin.py:190} INFO - [2026-06-06T20:34:09.866+0000] {dagbag.py:588} INFO - Filling up the DagBag from /home/airflow/.local/lib/python3.12/site-packages/airflow/example_dags/example_skip_dag.py
[2026-06-06T20:34:09.904+0000] {processor.py:925} INFO - DAG(s) 'example_skip_dag' retrieved from /home/airflow/.local/lib/python3.12/site-packages/airflow/example_dags/example_skip_dag.py
[2026-06-06T20:34:09.962+0000] {logging_mixin.py:190} INFO - [2026-06-06T20:34:09.962+0000] {dag.py:3239} INFO - Sync 1 DAGs
[2026-06-06T20:34:10.023+0000] {logging_mixin.py:190} INFO - [2026-06-06T20:34:10.023+0000] {dag.py:4180} INFO - Setting next_dagrun for example_skip_dag to 2026-06-05 00:00:00+00:00, run_after=2026-06-06 00:00:00+00:00
[2026-06-06T20:34:10.071+0000] {processor.py:208} INFO - Processing /home/airflow/.local/lib/python3.12/site-packages/airflow/example_dags/example_skip_dag.py took 0.227 seconds
[2026-06-06T20:34:49.844+0000] {processor.py:186} INFO - Started process (PID=2260) to work on /home/airflow/.local/lib/python3.12/site-packages/airflow/example_dags/example_skip_dag.py
[2026-06-06T20:34:49.846+0000] {processor.py:914} INFO - Processing file /home/airflow/.local/lib/python3.12/site-packages/airflow/example_dags/example_skip_dag.py for tasks to queue
[2026-06-06T20:34:49.852+0000] {logging_mixin.py:190} INFO - [2026-06-06T20:34:49.851+0000] {dagbag.py:588} INFO - Filling up the DagBag from /home/airflow/.local/lib/python3.12/site-packages/airflow/example_dags/example_skip_dag.py
[2026-06-06T20:34:49.866+0000] {processor.py:925} INFO - DAG(s) 'example_skip_dag' retrieved from /home/airflow/.local/lib/python3.12/site-packages/airflow/example_dags/example_skip_dag.py
[2026-06-06T20:34:49.921+0000] {logging_mixin.py:190} INFO - [2026-06-06T20:34:49.920+0000] {dag.py:3239} INFO - Sync 1 DAGs
[2026-06-06T20:34:49.978+0000] {logging_mixin.py:190} INFO - [2026-06-06T20:34:49.977+0000] {dag.py:4180} INFO - Setting next_dagrun for example_skip_dag to 2026-06-05 00:00:00+00:00, run_after=2026-06-06 00:00:00+00:00
[2026-06-06T20:34:50.026+0000] {processor.py:208} INFO - Processing /home/airflow/.local/lib/python3.12/site-packages/airflow/example_dags/example_skip_dag.py took 0.194 seconds
[2026-06-06T20:35:31.794+0000] {processor.py:186} INFO - Started process (PID=2326) to work on /home/airflow/.local/lib/python3.12/site-packages/airflow/example_dags/example_skip_dag.py
[2026-06-06T20:35:31.796+0000] {processor.py:914} INFO - Processing file /home/airflow/.local/lib/python3.12/site-packages/airflow/example_dags/example_skip_dag.py for tasks to queue
[2026-06-06T20:35:31.801+0000] {logging_mixin.py:190} INFO - [2026-06-06T20:35:31.801+0000] {dagbag.py:588} INFO - Filling up the DagBag from /home/airflow/.local/lib/python3.12/site-packages/airflow/example_dags/example_skip_dag.py
[2026-06-06T20:35:31.818+0000] {processor.py:925} INFO - DAG(s) 'example_skip_dag' retrieved from /home/airflow/.local/lib/python3.12/site-packages/airflow/example_dags/example_skip_dag.py
[2026-06-06T20:35:31.875+0000] {logging_mixin.py:190} INFO - [2026-06-06T20:35:31.875+0000] {dag.py:3239} INFO - Sync 1 DAGs
[2026-06-06T20:35:31.928+0000] {logging_mixin.py:190} INFO - [2026-06-06T20:35:31.927+0000] {dag.py:4180} INFO - Setting next_dagrun for example_skip_dag to 2026-06-05 00:00:00+00:00, run_after=2026-06-06 00:00:00+00:00
[2026-06-06T20:35:31.966+0000] {processor.py:208} INFO - Processing /home/airflow/.local/lib/python3.12/site-packages/airflow/example_dags/example_skip_dag.py took 0.183 seconds
[2026-06-06T20:36:14.357+0000] {processor.py:186} INFO - Started process (PID=2388) to work on /home/airflow/.local/lib/python3.12/site-packages/airflow/example_dags/example_skip_dag.py
[2026-06-06T20:36:14.359+0000] {processor.py:914} INFO - Processing file /home/airflow/.local/lib/python3.12/site-packages/airflow/example_dags/example_skip_dag.py for tasks to queue
[2026-06-06T20:36:14.365+0000] {logging_mixin.py:190} INFO - [2026-06-06T20:36:14.364+0000] {dagbag.py:588} INFO - Filling up the DagBag from /home/airflow/.local/lib/python3.12/site-packages/airflow/example_dags/example_skip_dag.py
[2026-06-06T20:36:14.383+0000] {processor.py:925} INFO - DAG(s) 'example_skip_dag' retrieved from /home/airflow/.local/lib/python3.12/site-packages/airflow/example_dags/example_skip_dag.py
[2026-06-06T20:36:14.432+0000] {logging_mixin.py:190} INFO - [2026-06-06T20:36:14.432+0000] {dag.py:3239} INFO - Sync 1 DAGs
[2026-06-06T20:36:14.479+0000] {logging_mixin.py:190} INFO - [2026-06-06T20:36:14.478+0000] {dag.py:4180} INFO - Setting next_dagrun for example_skip_dag to 2026-06-05 00:00:00+00:00, run_after=2026-06-06 00:00:00+00:00
[2026-06-06T20:36:14.527+0000] {processor.py:208} INFO - Processing /home/airflow/.local/lib/python3.12/site-packages/airflow/example_dags/example_skip_dag.py took 0.185 seconds
[2026-06-06T20:36:55.225+0000] {processor.py:186} INFO - Started process (PID=2463) to work on /home/airflow/.local/lib/python3.12/site-packages/airflow/example_dags/example_skip_dag.py
[2026-06-06T20:36:55.227+0000] {processor.py:914} INFO - Processing file /home/airflow/.local/lib/python3.12/site-packages/airflow/example_dags/example_skip_dag.py for tasks to queue
[2026-06-06T20:36:55.238+0000] {logging_mixin.py:190} INFO - [2026-06-06T20:36:55.237+0000] {dagbag.py:588} INFO - Filling up the DagBag from /home/airflow/.local/lib/python3.12/site-packages/airflow/example_dags/example_skip_dag.py
[2026-06-06T20:36:55.278+0000] {processor.py:925} INFO - DAG(s) 'example_skip_dag' retrieved from /home/airflow/.local/lib/python3.12/site-packages/airflow/example_dags/example_skip_dag.py
[2026-06-06T20:36:55.343+0000] {logging_mixin.py:190} INFO - [2026-06-06T20:36:55.343+0000] {dag.py:3239} INFO - Sync 1 DAGs
[2026-06-06T20:36:55.397+0000] {logging_mixin.py:190} INFO - [2026-06-06T20:36:55.396+0000] {dag.py:4180} INFO - Setting next_dagrun for example_skip_dag to 2026-06-05 00:00:00+00:00, run_after=2026-06-06 00:00:00+00:00
[2026-06-06T20:36:55.467+0000] {processor.py:208} INFO - Processing /home/airflow/.local/lib/python3.12/site-packages/airflow/example_dags/example_skip_dag.py took 0.254 seconds
[2026-06-06T20:37:40.584+0000] {processor.py:186} INFO - Started process (PID=2530) to work on /home/airflow/.local/lib/python3.12/site-packages/airflow/example_dags/example_skip_dag.py
[2026-06-06T20:37:40.586+0000] {processor.py:914} INFO - Processing file /home/airflow/.local/lib/python3.12/site-packages/airflow/example_dags/example_skip_dag.py for tasks to queue
[2026-06-06T20:37:40.591+0000] {logging_mixin.py:190} INFO - [2026-06-06T20:37:40.590+0000] {dagbag.py:588} INFO - Filling up the DagBag from /home/airflow/.local/lib/python3.12/site-packages/airflow/example_dags/example_skip_dag.py
[2026-06-06T20:37:40.612+0000] {processor.py:925} INFO - DAG(s) 'example_skip_dag' retrieved from /home/airflow/.local/lib/python3.12/site-packages/airflow/example_dags/example_skip_dag.py
[2026-06-06T20:37:40.671+0000] {logging_mixin.py:190} INFO - [2026-06-06T20:37:40.671+0000] {dag.py:3239} INFO - Sync 1 DAGs
[2026-06-06T20:37:40.736+0000] {logging_mixin.py:190} INFO - [2026-06-06T20:37:40.736+0000] {dag.py:4180} INFO - Setting next_dagrun for example_skip_dag to 2026-06-05 00:00:00+00:00, run_after=2026-06-06 00:00:00+00:00
[2026-06-06T20:37:40.787+0000] {processor.py:208} INFO - Processing /home/airflow/.local/lib/python3.12/site-packages/airflow/example_dags/example_skip_dag.py took 0.211 seconds
[2026-06-06T20:40:10.462+0000] {processor.py:186} INFO - Started process (PID=112) to work on /home/airflow/.local/lib/python3.12/site-packages/airflow/example_dags/example_skip_dag.py
[2026-06-06T20:40:10.465+0000] {processor.py:914} INFO - Processing file /home/airflow/.local/lib/python3.12/site-packages/airflow/example_dags/example_skip_dag.py for tasks to queue
[2026-06-06T20:40:10.470+0000] {logging_mixin.py:190} INFO - [2026-06-06T20:40:10.469+0000] {dagbag.py:588} INFO - Filling up the DagBag from /home/airflow/.local/lib/python3.12/site-packages/airflow/example_dags/example_skip_dag.py
[2026-06-06T20:40:10.492+0000] {processor.py:925} INFO - DAG(s) 'example_skip_dag' retrieved from /home/airflow/.local/lib/python3.12/site-packages/airflow/example_dags/example_skip_dag.py
[2026-06-06T20:40:10.561+0000] {logging_mixin.py:190} INFO - [2026-06-06T20:40:10.561+0000] {dag.py:3239} INFO - Sync 1 DAGs
[2026-06-06T20:40:10.610+0000] {logging_mixin.py:190} INFO - [2026-06-06T20:40:10.609+0000] {dag.py:4180} INFO - Setting next_dagrun for example_skip_dag to 2026-06-05 00:00:00+00:00, run_after=2026-06-06 00:00:00+00:00
[2026-06-06T20:40:10.649+0000] {processor.py:208} INFO - Processing /home/airflow/.local/lib/python3.12/site-packages/airflow/example_dags/example_skip_dag.py took 0.198 seconds
[2026-06-06T20:40:52.635+0000] {processor.py:186} INFO - Started process (PID=176) to work on /home/airflow/.local/lib/python3.12/site-packages/airflow/example_dags/example_skip_dag.py
[2026-06-06T20:40:52.639+0000] {processor.py:914} INFO - Processing file /home/airflow/.local/lib/python3.12/site-packages/airflow/example_dags/example_skip_dag.py for tasks to queue
[2026-06-06T20:40:52.646+0000] {logging_mixin.py:190} INFO - [2026-06-06T20:40:52.645+0000] {dagbag.py:588} INFO - Filling up the DagBag from /home/airflow/.local/lib/python3.12/site-packages/airflow/example_dags/example_skip_dag.py
[2026-06-06T20:40:52.663+0000] {processor.py:925} INFO - DAG(s) 'example_skip_dag' retrieved from /home/airflow/.local/lib/python3.12/site-packages/airflow/example_dags/example_skip_dag.py
[2026-06-06T20:40:52.712+0000] {logging_mixin.py:190} INFO - [2026-06-06T20:40:52.712+0000] {dag.py:3239} INFO - Sync 1 DAGs
[2026-06-06T20:40:52.762+0000] {logging_mixin.py:190} INFO - [2026-06-06T20:40:52.762+0000] {dag.py:4180} INFO - Setting next_dagrun for example_skip_dag to 2026-06-05 00:00:00+00:00, run_after=2026-06-06 00:00:00+00:00
[2026-06-06T20:40:52.806+0000] {processor.py:208} INFO - Processing /home/airflow/.local/lib/python3.12/site-packages/airflow/example_dags/example_skip_dag.py took 0.185 seconds
[2026-06-06T20:41:42.325+0000] {processor.py:186} INFO - Started process (PID=244) to work on /home/airflow/.local/lib/python3.12/site-packages/airflow/example_dags/example_skip_dag.py
[2026-06-06T20:41:42.333+0000] {processor.py:914} INFO - Processing file /home/airflow/.local/lib/python3.12/site-packages/airflow/example_dags/example_skip_dag.py for tasks to queue
[2026-06-06T20:41:42.355+0000] {logging_mixin.py:190} INFO - [2026-06-06T20:41:42.353+0000] {dagbag.py:588} INFO - Filling up the DagBag from /home/airflow/.local/lib/python3.12/site-packages/airflow/example_dags/example_skip_dag.py
[2026-06-06T20:41:42.419+0000] {processor.py:925} INFO - DAG(s) 'example_skip_dag' retrieved from /home/airflow/.local/lib/python3.12/site-packages/airflow/example_dags/example_skip_dag.py
[2026-06-06T20:41:42.475+0000] {logging_mixin.py:190} INFO - [2026-06-06T20:41:42.475+0000] {dag.py:3239} INFO - Sync 1 DAGs
[2026-06-06T20:41:42.532+0000] {logging_mixin.py:190} INFO - [2026-06-06T20:41:42.531+0000] {dag.py:4180} INFO - Setting next_dagrun for example_skip_dag to 2026-06-05 00:00:00+00:00, run_after=2026-06-06 00:00:00+00:00
[2026-06-06T20:41:42.580+0000] {processor.py:208} INFO - Processing /home/airflow/.local/lib/python3.12/site-packages/airflow/example_dags/example_skip_dag.py took 0.288 seconds
[2026-06-06T20:42:22.355+0000] {processor.py:186} INFO - Started process (PID=307) to work on /home/airflow/.local/lib/python3.12/site-packages/airflow/example_dags/example_skip_dag.py
[2026-06-06T20:42:22.358+0000] {processor.py:914} INFO - Processing file /home/airflow/.local/lib/python3.12/site-packages/airflow/example_dags/example_skip_dag.py for tasks to queue
[2026-06-06T20:42:22.367+0000] {logging_mixin.py:190} INFO - [2026-06-06T20:42:22.366+0000] {dagbag.py:588} INFO - Filling up the DagBag from /home/airflow/.local/lib/python3.12/site-packages/airflow/example_dags/example_skip_dag.py
[2026-06-06T20:42:22.391+0000] {processor.py:925} INFO - DAG(s) 'example_skip_dag' retrieved from /home/airflow/.local/lib/python3.12/site-packages/airflow/example_dags/example_skip_dag.py
[2026-06-06T20:42:22.467+0000] {logging_mixin.py:190} INFO - [2026-06-06T20:42:22.467+0000] {dag.py:3239} INFO - Sync 1 DAGs
[2026-06-06T20:42:22.559+0000] {logging_mixin.py:190} INFO - [2026-06-06T20:42:22.558+0000] {dag.py:4180} INFO - Setting next_dagrun for example_skip_dag to 2026-06-05 00:00:00+00:00, run_after=2026-06-06 00:00:00+00:00
[2026-06-06T20:42:22.611+0000] {processor.py:208} INFO - Processing /home/airflow/.local/lib/python3.12/site-packages/airflow/example_dags/example_skip_dag.py took 0.279 seconds
[2026-06-06T20:43:15.710+0000] {processor.py:186} INFO - Started process (PID=377) to work on /home/airflow/.local/lib/python3.12/site-packages/airflow/example_dags/example_skip_dag.py
[2026-06-06T20:43:15.713+0000] {processor.py:914} INFO - Processing file /home/airflow/.local/lib/python3.12/site-packages/airflow/example_dags/example_skip_dag.py for tasks to queue
[2026-06-06T20:43:15.717+0000] {logging_mixin.py:190} INFO - [2026-06-06T20:43:15.716+0000] {dagbag.py:588} INFO - Filling up the DagBag from /home/airflow/.local/lib/python3.12/site-packages/airflow/example_dags/example_skip_dag.py
[2026-06-06T20:43:15.729+0000] {processor.py:925} INFO - DAG(s) 'example_skip_dag' retrieved from /home/airflow/.local/lib/python3.12/site-packages/airflow/example_dags/example_skip_dag.py
[2026-06-06T20:43:15.774+0000] {logging_mixin.py:190} INFO - [2026-06-06T20:43:15.774+0000] {dag.py:3239} INFO - Sync 1 DAGs
[2026-06-06T20:43:15.821+0000] {logging_mixin.py:190} INFO - [2026-06-06T20:43:15.821+0000] {dag.py:4180} INFO - Setting next_dagrun for example_skip_dag to 2026-06-05 00:00:00+00:00, run_after=2026-06-06 00:00:00+00:00
[2026-06-06T20:43:15.875+0000] {processor.py:208} INFO - Processing /home/airflow/.local/lib/python3.12/site-packages/airflow/example_dags/example_skip_dag.py took 0.174 seconds
[2026-06-06T20:44:11.244+0000] {processor.py:186} INFO - Started process (PID=472) to work on /home/airflow/.local/lib/python3.12/site-packages/airflow/example_dags/example_skip_dag.py
[2026-06-06T20:44:11.247+0000] {processor.py:914} INFO - Processing file /home/airflow/.local/lib/python3.12/site-packages/airflow/example_dags/example_skip_dag.py for tasks to queue
[2026-06-06T20:44:11.253+0000] {logging_mixin.py:190} INFO - [2026-06-06T20:44:11.252+0000] {dagbag.py:588} INFO - Filling up the DagBag from /home/airflow/.local/lib/python3.12/site-packages/airflow/example_dags/example_skip_dag.py
[2026-06-06T20:44:11.272+0000] {processor.py:925} INFO - DAG(s) 'example_skip_dag' retrieved from /home/airflow/.local/lib/python3.12/site-packages/airflow/example_dags/example_skip_dag.py
[2026-06-06T20:44:11.406+0000] {logging_mixin.py:190} INFO - [2026-06-06T20:44:11.405+0000] {dag.py:3239} INFO - Sync 1 DAGs
[2026-06-06T20:44:11.516+0000] {logging_mixin.py:190} INFO - [2026-06-06T20:44:11.515+0000] {dag.py:4180} INFO - Setting next_dagrun for example_skip_dag to 2026-06-05 00:00:00+00:00, run_after=2026-06-06 00:00:00+00:00
[2026-06-06T20:44:11.604+0000] {processor.py:208} INFO - Processing /home/airflow/.local/lib/python3.12/site-packages/airflow/example_dags/example_skip_dag.py took 0.372 seconds
[2026-06-06T20:44:52.359+0000] {processor.py:186} INFO - Started process (PID=533) to work on /home/airflow/.local/lib/python3.12/site-packages/airflow/example_dags/example_skip_dag.py
[2026-06-06T20:44:52.363+0000] {processor.py:914} INFO - Processing file /home/airflow/.local/lib/python3.12/site-packages/airflow/example_dags/example_skip_dag.py for tasks to queue
[2026-06-06T20:44:52.373+0000] {logging_mixin.py:190} INFO - [2026-06-06T20:44:52.373+0000] {dagbag.py:588} INFO - Filling up the DagBag from /home/airflow/.local/lib/python3.12/site-packages/airflow/example_dags/example_skip_dag.py
[2026-06-06T20:44:52.417+0000] {processor.py:925} INFO - DAG(s) 'example_skip_dag' retrieved from /home/airflow/.local/lib/python3.12/site-packages/airflow/example_dags/example_skip_dag.py
[2026-06-06T20:44:52.494+0000] {logging_mixin.py:190} INFO - [2026-06-06T20:44:52.493+0000] {dag.py:3239} INFO - Sync 1 DAGs
[2026-06-06T20:44:52.640+0000] {logging_mixin.py:190} INFO - [2026-06-06T20:44:52.639+0000] {dag.py:4180} INFO - Setting next_dagrun for example_skip_dag to 2026-06-05 00:00:00+00:00, run_after=2026-06-06 00:00:00+00:00
[2026-06-06T20:44:52.687+0000] {processor.py:208} INFO - Processing /home/airflow/.local/lib/python3.12/site-packages/airflow/example_dags/example_skip_dag.py took 0.342 seconds
[2026-06-06T20:45:52.737+0000] {processor.py:186} INFO - Started process (PID=601) to work on /home/airflow/.local/lib/python3.12/site-packages/airflow/example_dags/example_skip_dag.py
[2026-06-06T20:45:52.741+0000] {processor.py:914} INFO - Processing file /home/airflow/.local/lib/python3.12/site-packages/airflow/example_dags/example_skip_dag.py for tasks to queue
[2026-06-06T20:45:52.756+0000] {logging_mixin.py:190} INFO - [2026-06-06T20:45:52.755+0000] {dagbag.py:588} INFO - Filling up the DagBag from /home/airflow/.local/lib/python3.12/site-packages/airflow/example_dags/example_skip_dag.py
[2026-06-06T20:45:52.789+0000] {processor.py:925} INFO - DAG(s) 'example_skip_dag' retrieved from /home/airflow/.local/lib/python3.12/site-packages/airflow/example_dags/example_skip_dag.py
[2026-06-06T20:45:52.879+0000] {logging_mixin.py:190} INFO - [2026-06-06T20:45:52.878+0000] {dag.py:3239} INFO - Sync 1 DAGs
[2026-06-06T20:45:52.949+0000] {logging_mixin.py:190} INFO - [2026-06-06T20:45:52.948+0000] {dag.py:4180} INFO - Setting next_dagrun for example_skip_dag to 2026-06-05 00:00:00+00:00, run_after=2026-06-06 00:00:00+00:00
[2026-06-06T20:45:53.019+0000] {processor.py:208} INFO - Processing /home/airflow/.local/lib/python3.12/site-packages/airflow/example_dags/example_skip_dag.py took 0.300 seconds
[2026-06-06T20:46:43.132+0000] {processor.py:186} INFO - Started process (PID=680) to work on /home/airflow/.local/lib/python3.12/site-packages/airflow/example_dags/example_skip_dag.py
[2026-06-06T20:46:43.138+0000] {processor.py:914} INFO - Processing file /home/airflow/.local/lib/python3.12/site-packages/airflow/example_dags/example_skip_dag.py for tasks to queue
[2026-06-06T20:46:43.145+0000] {logging_mixin.py:190} INFO - [2026-06-06T20:46:43.144+0000] {dagbag.py:588} INFO - Filling up the DagBag from /home/airflow/.local/lib/python3.12/site-packages/airflow/example_dags/example_skip_dag.py
[2026-06-06T20:46:43.169+0000] {processor.py:925} INFO - DAG(s) 'example_skip_dag' retrieved from /home/airflow/.local/lib/python3.12/site-packages/airflow/example_dags/example_skip_dag.py
[2026-06-06T20:46:43.245+0000] {logging_mixin.py:190} INFO - [2026-06-06T20:46:43.244+0000] {dag.py:3239} INFO - Sync 1 DAGs
[2026-06-06T20:46:43.322+0000] {logging_mixin.py:190} INFO - [2026-06-06T20:46:43.321+0000] {dag.py:4180} INFO - Setting next_dagrun for example_skip_dag to 2026-06-05 00:00:00+00:00, run_after=2026-06-06 00:00:00+00:00
[2026-06-06T20:46:43.375+0000] {processor.py:208} INFO - Processing /home/airflow/.local/lib/python3.12/site-packages/airflow/example_dags/example_skip_dag.py took 0.257 seconds
