[2026-06-07T08:16:05.328+0000] {processor.py:186} INFO - Started process (PID=84) to work on /home/airflow/.local/lib/python3.12/site-packages/airflow/example_dags/example_xcomargs.py
[2026-06-07T08:16:05.330+0000] {processor.py:914} INFO - Processing file /home/airflow/.local/lib/python3.12/site-packages/airflow/example_dags/example_xcomargs.py for tasks to queue
[2026-06-07T08:16:05.335+0000] {logging_mixin.py:190} INFO - [2026-06-07T08:16:05.334+0000] {dagbag.py:588} INFO - Filling up the DagBag from /home/airflow/.local/lib/python3.12/site-packages/airflow/example_dags/example_xcomargs.py
[2026-06-07T08:16:05.361+0000] {processor.py:925} INFO - DAG(s) 'example_xcom_args_with_operators', 'example_xcom_args' retrieved from /home/airflow/.local/lib/python3.12/site-packages/airflow/example_dags/example_xcomargs.py
[2026-06-07T08:16:05.440+0000] {logging_mixin.py:190} INFO - [2026-06-07T08:16:05.439+0000] {dag.py:3239} INFO - Sync 2 DAGs
[2026-06-07T08:16:05.488+0000] {logging_mixin.py:190} INFO - [2026-06-07T08:16:05.487+0000] {dag.py:4180} INFO - Setting next_dagrun for example_xcom_args to None, run_after=None
[2026-06-07T08:16:05.499+0000] {logging_mixin.py:190} INFO - [2026-06-07T08:16:05.499+0000] {dag.py:4180} INFO - Setting next_dagrun for example_xcom_args_with_operators to None, run_after=None
[2026-06-07T08:16:05.547+0000] {processor.py:208} INFO - Processing /home/airflow/.local/lib/python3.12/site-packages/airflow/example_dags/example_xcomargs.py took 0.231 seconds
[2026-06-07T08:16:58.919+0000] {processor.py:186} INFO - Started process (PID=152) to work on /home/airflow/.local/lib/python3.12/site-packages/airflow/example_dags/example_xcomargs.py
[2026-06-07T08:16:58.923+0000] {processor.py:914} INFO - Processing file /home/airflow/.local/lib/python3.12/site-packages/airflow/example_dags/example_xcomargs.py for tasks to queue
[2026-06-07T08:16:58.948+0000] {logging_mixin.py:190} INFO - [2026-06-07T08:16:58.944+0000] {dagbag.py:588} INFO - Filling up the DagBag from /home/airflow/.local/lib/python3.12/site-packages/airflow/example_dags/example_xcomargs.py
[2026-06-07T08:16:59.027+0000] {processor.py:925} INFO - DAG(s) 'example_xcom_args_with_operators', 'example_xcom_args' retrieved from /home/airflow/.local/lib/python3.12/site-packages/airflow/example_dags/example_xcomargs.py
[2026-06-07T08:16:59.164+0000] {logging_mixin.py:190} INFO - [2026-06-07T08:16:59.164+0000] {dag.py:3239} INFO - Sync 2 DAGs
[2026-06-07T08:16:59.230+0000] {logging_mixin.py:190} INFO - [2026-06-07T08:16:59.229+0000] {dag.py:4180} INFO - Setting next_dagrun for example_xcom_args to None, run_after=None
[2026-06-07T08:16:59.241+0000] {logging_mixin.py:190} INFO - [2026-06-07T08:16:59.241+0000] {dag.py:4180} INFO - Setting next_dagrun for example_xcom_args_with_operators to None, run_after=None
[2026-06-07T08:16:59.314+0000] {processor.py:208} INFO - Processing /home/airflow/.local/lib/python3.12/site-packages/airflow/example_dags/example_xcomargs.py took 0.455 seconds
[2026-06-07T08:17:40.061+0000] {processor.py:186} INFO - Started process (PID=210) to work on /home/airflow/.local/lib/python3.12/site-packages/airflow/example_dags/example_xcomargs.py
[2026-06-07T08:17:40.068+0000] {processor.py:914} INFO - Processing file /home/airflow/.local/lib/python3.12/site-packages/airflow/example_dags/example_xcomargs.py for tasks to queue
[2026-06-07T08:17:40.088+0000] {logging_mixin.py:190} INFO - [2026-06-07T08:17:40.083+0000] {dagbag.py:588} INFO - Filling up the DagBag from /home/airflow/.local/lib/python3.12/site-packages/airflow/example_dags/example_xcomargs.py
[2026-06-07T08:17:40.168+0000] {processor.py:925} INFO - DAG(s) 'example_xcom_args', 'example_xcom_args_with_operators' retrieved from /home/airflow/.local/lib/python3.12/site-packages/airflow/example_dags/example_xcomargs.py
[2026-06-07T08:17:40.322+0000] {logging_mixin.py:190} INFO - [2026-06-07T08:17:40.320+0000] {dag.py:3239} INFO - Sync 2 DAGs
[2026-06-07T08:17:40.386+0000] {logging_mixin.py:190} INFO - [2026-06-07T08:17:40.386+0000] {dag.py:4180} INFO - Setting next_dagrun for example_xcom_args to None, run_after=None
[2026-06-07T08:17:40.426+0000] {logging_mixin.py:190} INFO - [2026-06-07T08:17:40.426+0000] {dag.py:4180} INFO - Setting next_dagrun for example_xcom_args_with_operators to None, run_after=None
[2026-06-07T08:17:40.563+0000] {processor.py:208} INFO - Processing /home/airflow/.local/lib/python3.12/site-packages/airflow/example_dags/example_xcomargs.py took 0.531 seconds
[2026-06-07T08:18:22.848+0000] {processor.py:186} INFO - Started process (PID=281) to work on /home/airflow/.local/lib/python3.12/site-packages/airflow/example_dags/example_xcomargs.py
[2026-06-07T08:18:22.852+0000] {processor.py:914} INFO - Processing file /home/airflow/.local/lib/python3.12/site-packages/airflow/example_dags/example_xcomargs.py for tasks to queue
[2026-06-07T08:18:22.865+0000] {logging_mixin.py:190} INFO - [2026-06-07T08:18:22.864+0000] {dagbag.py:588} INFO - Filling up the DagBag from /home/airflow/.local/lib/python3.12/site-packages/airflow/example_dags/example_xcomargs.py
[2026-06-07T08:18:22.907+0000] {processor.py:925} INFO - DAG(s) 'example_xcom_args', 'example_xcom_args_with_operators' retrieved from /home/airflow/.local/lib/python3.12/site-packages/airflow/example_dags/example_xcomargs.py
[2026-06-07T08:18:23.009+0000] {logging_mixin.py:190} INFO - [2026-06-07T08:18:23.009+0000] {dag.py:3239} INFO - Sync 2 DAGs
[2026-06-07T08:18:23.071+0000] {logging_mixin.py:190} INFO - [2026-06-07T08:18:23.071+0000] {dag.py:4180} INFO - Setting next_dagrun for example_xcom_args to None, run_after=None
[2026-06-07T08:18:23.090+0000] {logging_mixin.py:190} INFO - [2026-06-07T08:18:23.089+0000] {dag.py:4180} INFO - Setting next_dagrun for example_xcom_args_with_operators to None, run_after=None
[2026-06-07T08:18:23.165+0000] {processor.py:208} INFO - Processing /home/airflow/.local/lib/python3.12/site-packages/airflow/example_dags/example_xcomargs.py took 0.342 seconds
[2026-06-07T08:19:02.040+0000] {processor.py:186} INFO - Started process (PID=342) to work on /home/airflow/.local/lib/python3.12/site-packages/airflow/example_dags/example_xcomargs.py
[2026-06-07T08:19:02.043+0000] {processor.py:914} INFO - Processing file /home/airflow/.local/lib/python3.12/site-packages/airflow/example_dags/example_xcomargs.py for tasks to queue
[2026-06-07T08:19:02.053+0000] {logging_mixin.py:190} INFO - [2026-06-07T08:19:02.050+0000] {dagbag.py:588} INFO - Filling up the DagBag from /home/airflow/.local/lib/python3.12/site-packages/airflow/example_dags/example_xcomargs.py
[2026-06-07T08:19:02.079+0000] {processor.py:925} INFO - DAG(s) 'example_xcom_args_with_operators', 'example_xcom_args' retrieved from /home/airflow/.local/lib/python3.12/site-packages/airflow/example_dags/example_xcomargs.py
[2026-06-07T08:19:02.140+0000] {logging_mixin.py:190} INFO - [2026-06-07T08:19:02.139+0000] {dag.py:3239} INFO - Sync 2 DAGs
[2026-06-07T08:19:02.176+0000] {logging_mixin.py:190} INFO - [2026-06-07T08:19:02.176+0000] {dag.py:4180} INFO - Setting next_dagrun for example_xcom_args to None, run_after=None
[2026-06-07T08:19:02.189+0000] {logging_mixin.py:190} INFO - [2026-06-07T08:19:02.188+0000] {dag.py:4180} INFO - Setting next_dagrun for example_xcom_args_with_operators to None, run_after=None
[2026-06-07T08:19:02.237+0000] {processor.py:208} INFO - Processing /home/airflow/.local/lib/python3.12/site-packages/airflow/example_dags/example_xcomargs.py took 0.213 seconds
[2026-06-07T08:19:33.492+0000] {processor.py:186} INFO - Started process (PID=401) to work on /home/airflow/.local/lib/python3.12/site-packages/airflow/example_dags/example_xcomargs.py
[2026-06-07T08:19:33.495+0000] {processor.py:914} INFO - Processing file /home/airflow/.local/lib/python3.12/site-packages/airflow/example_dags/example_xcomargs.py for tasks to queue
[2026-06-07T08:19:33.500+0000] {logging_mixin.py:190} INFO - [2026-06-07T08:19:33.500+0000] {dagbag.py:588} INFO - Filling up the DagBag from /home/airflow/.local/lib/python3.12/site-packages/airflow/example_dags/example_xcomargs.py
[2026-06-07T08:19:33.526+0000] {processor.py:925} INFO - DAG(s) 'example_xcom_args', 'example_xcom_args_with_operators' retrieved from /home/airflow/.local/lib/python3.12/site-packages/airflow/example_dags/example_xcomargs.py
[2026-06-07T08:19:33.589+0000] {logging_mixin.py:190} INFO - [2026-06-07T08:19:33.588+0000] {dag.py:3239} INFO - Sync 2 DAGs
[2026-06-07T08:19:33.659+0000] {logging_mixin.py:190} INFO - [2026-06-07T08:19:33.657+0000] {dag.py:4180} INFO - Setting next_dagrun for example_xcom_args to None, run_after=None
[2026-06-07T08:19:33.673+0000] {logging_mixin.py:190} INFO - [2026-06-07T08:19:33.673+0000] {dag.py:4180} INFO - Setting next_dagrun for example_xcom_args_with_operators to None, run_after=None
[2026-06-07T08:19:33.783+0000] {processor.py:208} INFO - Processing /home/airflow/.local/lib/python3.12/site-packages/airflow/example_dags/example_xcomargs.py took 0.302 seconds
[2026-06-07T08:20:06.656+0000] {processor.py:186} INFO - Started process (PID=462) to work on /home/airflow/.local/lib/python3.12/site-packages/airflow/example_dags/example_xcomargs.py
[2026-06-07T08:20:06.658+0000] {processor.py:914} INFO - Processing file /home/airflow/.local/lib/python3.12/site-packages/airflow/example_dags/example_xcomargs.py for tasks to queue
[2026-06-07T08:20:06.664+0000] {logging_mixin.py:190} INFO - [2026-06-07T08:20:06.663+0000] {dagbag.py:588} INFO - Filling up the DagBag from /home/airflow/.local/lib/python3.12/site-packages/airflow/example_dags/example_xcomargs.py
[2026-06-07T08:20:06.686+0000] {processor.py:925} INFO - DAG(s) 'example_xcom_args_with_operators', 'example_xcom_args' retrieved from /home/airflow/.local/lib/python3.12/site-packages/airflow/example_dags/example_xcomargs.py
[2026-06-07T08:20:06.755+0000] {logging_mixin.py:190} INFO - [2026-06-07T08:20:06.755+0000] {dag.py:3239} INFO - Sync 2 DAGs
[2026-06-07T08:20:06.806+0000] {logging_mixin.py:190} INFO - [2026-06-07T08:20:06.805+0000] {dag.py:4180} INFO - Setting next_dagrun for example_xcom_args to None, run_after=None
[2026-06-07T08:20:06.816+0000] {logging_mixin.py:190} INFO - [2026-06-07T08:20:06.815+0000] {dag.py:4180} INFO - Setting next_dagrun for example_xcom_args_with_operators to None, run_after=None
[2026-06-07T08:20:06.865+0000] {processor.py:208} INFO - Processing /home/airflow/.local/lib/python3.12/site-packages/airflow/example_dags/example_xcomargs.py took 0.222 seconds
[2026-06-07T08:20:41.205+0000] {processor.py:186} INFO - Started process (PID=523) to work on /home/airflow/.local/lib/python3.12/site-packages/airflow/example_dags/example_xcomargs.py
[2026-06-07T08:20:41.207+0000] {processor.py:914} INFO - Processing file /home/airflow/.local/lib/python3.12/site-packages/airflow/example_dags/example_xcomargs.py for tasks to queue
[2026-06-07T08:20:41.215+0000] {logging_mixin.py:190} INFO - [2026-06-07T08:20:41.214+0000] {dagbag.py:588} INFO - Filling up the DagBag from /home/airflow/.local/lib/python3.12/site-packages/airflow/example_dags/example_xcomargs.py
[2026-06-07T08:20:41.256+0000] {processor.py:925} INFO - DAG(s) 'example_xcom_args', 'example_xcom_args_with_operators' retrieved from /home/airflow/.local/lib/python3.12/site-packages/airflow/example_dags/example_xcomargs.py
[2026-06-07T08:20:41.340+0000] {logging_mixin.py:190} INFO - [2026-06-07T08:20:41.340+0000] {dag.py:3239} INFO - Sync 2 DAGs
[2026-06-07T08:20:41.380+0000] {logging_mixin.py:190} INFO - [2026-06-07T08:20:41.379+0000] {dag.py:4180} INFO - Setting next_dagrun for example_xcom_args to None, run_after=None
[2026-06-07T08:20:41.391+0000] {logging_mixin.py:190} INFO - [2026-06-07T08:20:41.390+0000] {dag.py:4180} INFO - Setting next_dagrun for example_xcom_args_with_operators to None, run_after=None
[2026-06-07T08:20:41.428+0000] {processor.py:208} INFO - Processing /home/airflow/.local/lib/python3.12/site-packages/airflow/example_dags/example_xcomargs.py took 0.246 seconds
[2026-06-07T08:21:14.380+0000] {processor.py:186} INFO - Started process (PID=592) to work on /home/airflow/.local/lib/python3.12/site-packages/airflow/example_dags/example_xcomargs.py
[2026-06-07T08:21:14.382+0000] {processor.py:914} INFO - Processing file /home/airflow/.local/lib/python3.12/site-packages/airflow/example_dags/example_xcomargs.py for tasks to queue
[2026-06-07T08:21:14.387+0000] {logging_mixin.py:190} INFO - [2026-06-07T08:21:14.387+0000] {dagbag.py:588} INFO - Filling up the DagBag from /home/airflow/.local/lib/python3.12/site-packages/airflow/example_dags/example_xcomargs.py
[2026-06-07T08:21:14.414+0000] {processor.py:925} INFO - DAG(s) 'example_xcom_args', 'example_xcom_args_with_operators' retrieved from /home/airflow/.local/lib/python3.12/site-packages/airflow/example_dags/example_xcomargs.py
[2026-06-07T08:21:14.477+0000] {logging_mixin.py:190} INFO - [2026-06-07T08:21:14.477+0000] {dag.py:3239} INFO - Sync 2 DAGs
[2026-06-07T08:21:14.511+0000] {logging_mixin.py:190} INFO - [2026-06-07T08:21:14.510+0000] {dag.py:4180} INFO - Setting next_dagrun for example_xcom_args to None, run_after=None
[2026-06-07T08:21:14.518+0000] {logging_mixin.py:190} INFO - [2026-06-07T08:21:14.518+0000] {dag.py:4180} INFO - Setting next_dagrun for example_xcom_args_with_operators to None, run_after=None
[2026-06-07T08:21:14.550+0000] {processor.py:208} INFO - Processing /home/airflow/.local/lib/python3.12/site-packages/airflow/example_dags/example_xcomargs.py took 0.182 seconds
[2026-06-07T08:21:52.909+0000] {processor.py:186} INFO - Started process (PID=654) to work on /home/airflow/.local/lib/python3.12/site-packages/airflow/example_dags/example_xcomargs.py
[2026-06-07T08:21:52.911+0000] {processor.py:914} INFO - Processing file /home/airflow/.local/lib/python3.12/site-packages/airflow/example_dags/example_xcomargs.py for tasks to queue
[2026-06-07T08:21:52.916+0000] {logging_mixin.py:190} INFO - [2026-06-07T08:21:52.915+0000] {dagbag.py:588} INFO - Filling up the DagBag from /home/airflow/.local/lib/python3.12/site-packages/airflow/example_dags/example_xcomargs.py
[2026-06-07T08:21:52.936+0000] {processor.py:925} INFO - DAG(s) 'example_xcom_args', 'example_xcom_args_with_operators' retrieved from /home/airflow/.local/lib/python3.12/site-packages/airflow/example_dags/example_xcomargs.py
[2026-06-07T08:21:52.989+0000] {logging_mixin.py:190} INFO - [2026-06-07T08:21:52.988+0000] {dag.py:3239} INFO - Sync 2 DAGs
[2026-06-07T08:21:53.017+0000] {logging_mixin.py:190} INFO - [2026-06-07T08:21:53.017+0000] {dag.py:4180} INFO - Setting next_dagrun for example_xcom_args to None, run_after=None
[2026-06-07T08:21:53.025+0000] {logging_mixin.py:190} INFO - [2026-06-07T08:21:53.024+0000] {dag.py:4180} INFO - Setting next_dagrun for example_xcom_args_with_operators to None, run_after=None
[2026-06-07T08:21:53.054+0000] {processor.py:208} INFO - Processing /home/airflow/.local/lib/python3.12/site-packages/airflow/example_dags/example_xcomargs.py took 0.155 seconds
[2026-06-07T08:22:28.461+0000] {processor.py:186} INFO - Started process (PID=716) to work on /home/airflow/.local/lib/python3.12/site-packages/airflow/example_dags/example_xcomargs.py
[2026-06-07T08:22:28.463+0000] {processor.py:914} INFO - Processing file /home/airflow/.local/lib/python3.12/site-packages/airflow/example_dags/example_xcomargs.py for tasks to queue
[2026-06-07T08:22:28.468+0000] {logging_mixin.py:190} INFO - [2026-06-07T08:22:28.467+0000] {dagbag.py:588} INFO - Filling up the DagBag from /home/airflow/.local/lib/python3.12/site-packages/airflow/example_dags/example_xcomargs.py
[2026-06-07T08:22:28.486+0000] {processor.py:925} INFO - DAG(s) 'example_xcom_args', 'example_xcom_args_with_operators' retrieved from /home/airflow/.local/lib/python3.12/site-packages/airflow/example_dags/example_xcomargs.py
[2026-06-07T08:22:28.531+0000] {logging_mixin.py:190} INFO - [2026-06-07T08:22:28.531+0000] {dag.py:3239} INFO - Sync 2 DAGs
[2026-06-07T08:22:28.554+0000] {logging_mixin.py:190} INFO - [2026-06-07T08:22:28.554+0000] {dag.py:4180} INFO - Setting next_dagrun for example_xcom_args to None, run_after=None
[2026-06-07T08:22:28.560+0000] {logging_mixin.py:190} INFO - [2026-06-07T08:22:28.559+0000] {dag.py:4180} INFO - Setting next_dagrun for example_xcom_args_with_operators to None, run_after=None
[2026-06-07T08:22:28.589+0000] {processor.py:208} INFO - Processing /home/airflow/.local/lib/python3.12/site-packages/airflow/example_dags/example_xcomargs.py took 0.137 seconds
[2026-06-07T08:23:03.259+0000] {processor.py:186} INFO - Started process (PID=777) to work on /home/airflow/.local/lib/python3.12/site-packages/airflow/example_dags/example_xcomargs.py
[2026-06-07T08:23:03.261+0000] {processor.py:914} INFO - Processing file /home/airflow/.local/lib/python3.12/site-packages/airflow/example_dags/example_xcomargs.py for tasks to queue
[2026-06-07T08:23:03.268+0000] {logging_mixin.py:190} INFO - [2026-06-07T08:23:03.267+0000] {dagbag.py:588} INFO - Filling up the DagBag from /home/airflow/.local/lib/python3.12/site-packages/airflow/example_dags/example_xcomargs.py
[2026-06-07T08:23:03.290+0000] {processor.py:925} INFO - DAG(s) 'example_xcom_args', 'example_xcom_args_with_operators' retrieved from /home/airflow/.local/lib/python3.12/site-packages/airflow/example_dags/example_xcomargs.py
[2026-06-07T08:23:03.355+0000] {logging_mixin.py:190} INFO - [2026-06-07T08:23:03.354+0000] {dag.py:3239} INFO - Sync 2 DAGs
[2026-06-07T08:23:03.409+0000] {logging_mixin.py:190} INFO - [2026-06-07T08:23:03.408+0000] {dag.py:4180} INFO - Setting next_dagrun for example_xcom_args to None, run_after=None
[2026-06-07T08:23:03.418+0000] {logging_mixin.py:190} INFO - [2026-06-07T08:23:03.417+0000] {dag.py:4180} INFO - Setting next_dagrun for example_xcom_args_with_operators to None, run_after=None
[2026-06-07T08:23:03.460+0000] {processor.py:208} INFO - Processing /home/airflow/.local/lib/python3.12/site-packages/airflow/example_dags/example_xcomargs.py took 0.214 seconds
[2026-06-07T08:23:37.838+0000] {processor.py:186} INFO - Started process (PID=839) to work on /home/airflow/.local/lib/python3.12/site-packages/airflow/example_dags/example_xcomargs.py
[2026-06-07T08:23:37.840+0000] {processor.py:914} INFO - Processing file /home/airflow/.local/lib/python3.12/site-packages/airflow/example_dags/example_xcomargs.py for tasks to queue
[2026-06-07T08:23:37.846+0000] {logging_mixin.py:190} INFO - [2026-06-07T08:23:37.845+0000] {dagbag.py:588} INFO - Filling up the DagBag from /home/airflow/.local/lib/python3.12/site-packages/airflow/example_dags/example_xcomargs.py
[2026-06-07T08:23:37.868+0000] {processor.py:925} INFO - DAG(s) 'example_xcom_args_with_operators', 'example_xcom_args' retrieved from /home/airflow/.local/lib/python3.12/site-packages/airflow/example_dags/example_xcomargs.py
[2026-06-07T08:23:37.926+0000] {logging_mixin.py:190} INFO - [2026-06-07T08:23:37.925+0000] {dag.py:3239} INFO - Sync 2 DAGs
[2026-06-07T08:23:37.956+0000] {logging_mixin.py:190} INFO - [2026-06-07T08:23:37.955+0000] {dag.py:4180} INFO - Setting next_dagrun for example_xcom_args to None, run_after=None
[2026-06-07T08:23:37.963+0000] {logging_mixin.py:190} INFO - [2026-06-07T08:23:37.963+0000] {dag.py:4180} INFO - Setting next_dagrun for example_xcom_args_with_operators to None, run_after=None
[2026-06-07T08:23:37.994+0000] {processor.py:208} INFO - Processing /home/airflow/.local/lib/python3.12/site-packages/airflow/example_dags/example_xcomargs.py took 0.167 seconds
[2026-06-07T08:24:14.646+0000] {processor.py:186} INFO - Started process (PID=905) to work on /home/airflow/.local/lib/python3.12/site-packages/airflow/example_dags/example_xcomargs.py
[2026-06-07T08:24:14.652+0000] {processor.py:914} INFO - Processing file /home/airflow/.local/lib/python3.12/site-packages/airflow/example_dags/example_xcomargs.py for tasks to queue
[2026-06-07T08:24:14.666+0000] {logging_mixin.py:190} INFO - [2026-06-07T08:24:14.663+0000] {dagbag.py:588} INFO - Filling up the DagBag from /home/airflow/.local/lib/python3.12/site-packages/airflow/example_dags/example_xcomargs.py
[2026-06-07T08:24:14.707+0000] {processor.py:925} INFO - DAG(s) 'example_xcom_args', 'example_xcom_args_with_operators' retrieved from /home/airflow/.local/lib/python3.12/site-packages/airflow/example_dags/example_xcomargs.py
[2026-06-07T08:24:14.785+0000] {logging_mixin.py:190} INFO - [2026-06-07T08:24:14.784+0000] {dag.py:3239} INFO - Sync 2 DAGs
[2026-06-07T08:24:14.827+0000] {logging_mixin.py:190} INFO - [2026-06-07T08:24:14.827+0000] {dag.py:4180} INFO - Setting next_dagrun for example_xcom_args to None, run_after=None
[2026-06-07T08:24:14.843+0000] {logging_mixin.py:190} INFO - [2026-06-07T08:24:14.843+0000] {dag.py:4180} INFO - Setting next_dagrun for example_xcom_args_with_operators to None, run_after=None
[2026-06-07T08:24:14.894+0000] {processor.py:208} INFO - Processing /home/airflow/.local/lib/python3.12/site-packages/airflow/example_dags/example_xcomargs.py took 0.261 seconds
[2026-06-07T08:24:52.605+0000] {processor.py:186} INFO - Started process (PID=966) to work on /home/airflow/.local/lib/python3.12/site-packages/airflow/example_dags/example_xcomargs.py
[2026-06-07T08:24:52.608+0000] {processor.py:914} INFO - Processing file /home/airflow/.local/lib/python3.12/site-packages/airflow/example_dags/example_xcomargs.py for tasks to queue
[2026-06-07T08:24:52.614+0000] {logging_mixin.py:190} INFO - [2026-06-07T08:24:52.613+0000] {dagbag.py:588} INFO - Filling up the DagBag from /home/airflow/.local/lib/python3.12/site-packages/airflow/example_dags/example_xcomargs.py
[2026-06-07T08:24:52.641+0000] {processor.py:925} INFO - DAG(s) 'example_xcom_args', 'example_xcom_args_with_operators' retrieved from /home/airflow/.local/lib/python3.12/site-packages/airflow/example_dags/example_xcomargs.py
[2026-06-07T08:24:52.735+0000] {logging_mixin.py:190} INFO - [2026-06-07T08:24:52.734+0000] {dag.py:3239} INFO - Sync 2 DAGs
[2026-06-07T08:24:52.786+0000] {logging_mixin.py:190} INFO - [2026-06-07T08:24:52.786+0000] {dag.py:4180} INFO - Setting next_dagrun for example_xcom_args to None, run_after=None
[2026-06-07T08:24:52.795+0000] {logging_mixin.py:190} INFO - [2026-06-07T08:24:52.795+0000] {dag.py:4180} INFO - Setting next_dagrun for example_xcom_args_with_operators to None, run_after=None
[2026-06-07T08:24:52.833+0000] {processor.py:208} INFO - Processing /home/airflow/.local/lib/python3.12/site-packages/airflow/example_dags/example_xcomargs.py took 0.242 seconds
[2026-06-07T08:25:25.720+0000] {processor.py:186} INFO - Started process (PID=1028) to work on /home/airflow/.local/lib/python3.12/site-packages/airflow/example_dags/example_xcomargs.py
[2026-06-07T08:25:25.724+0000] {processor.py:914} INFO - Processing file /home/airflow/.local/lib/python3.12/site-packages/airflow/example_dags/example_xcomargs.py for tasks to queue
[2026-06-07T08:25:25.731+0000] {logging_mixin.py:190} INFO - [2026-06-07T08:25:25.730+0000] {dagbag.py:588} INFO - Filling up the DagBag from /home/airflow/.local/lib/python3.12/site-packages/airflow/example_dags/example_xcomargs.py
[2026-06-07T08:25:25.754+0000] {processor.py:925} INFO - DAG(s) 'example_xcom_args', 'example_xcom_args_with_operators' retrieved from /home/airflow/.local/lib/python3.12/site-packages/airflow/example_dags/example_xcomargs.py
[2026-06-07T08:25:25.810+0000] {logging_mixin.py:190} INFO - [2026-06-07T08:25:25.810+0000] {dag.py:3239} INFO - Sync 2 DAGs
[2026-06-07T08:25:25.840+0000] {logging_mixin.py:190} INFO - [2026-06-07T08:25:25.839+0000] {dag.py:4180} INFO - Setting next_dagrun for example_xcom_args to None, run_after=None
[2026-06-07T08:25:25.848+0000] {logging_mixin.py:190} INFO - [2026-06-07T08:25:25.847+0000] {dag.py:4180} INFO - Setting next_dagrun for example_xcom_args_with_operators to None, run_after=None
[2026-06-07T08:25:25.881+0000] {processor.py:208} INFO - Processing /home/airflow/.local/lib/python3.12/site-packages/airflow/example_dags/example_xcomargs.py took 0.171 seconds
[2026-06-07T08:26:02.656+0000] {processor.py:186} INFO - Started process (PID=1090) to work on /home/airflow/.local/lib/python3.12/site-packages/airflow/example_dags/example_xcomargs.py
[2026-06-07T08:26:02.659+0000] {processor.py:914} INFO - Processing file /home/airflow/.local/lib/python3.12/site-packages/airflow/example_dags/example_xcomargs.py for tasks to queue
[2026-06-07T08:26:02.670+0000] {logging_mixin.py:190} INFO - [2026-06-07T08:26:02.669+0000] {dagbag.py:588} INFO - Filling up the DagBag from /home/airflow/.local/lib/python3.12/site-packages/airflow/example_dags/example_xcomargs.py
[2026-06-07T08:26:02.704+0000] {processor.py:925} INFO - DAG(s) 'example_xcom_args_with_operators', 'example_xcom_args' retrieved from /home/airflow/.local/lib/python3.12/site-packages/airflow/example_dags/example_xcomargs.py
[2026-06-07T08:26:02.785+0000] {logging_mixin.py:190} INFO - [2026-06-07T08:26:02.784+0000] {dag.py:3239} INFO - Sync 2 DAGs
[2026-06-07T08:26:02.826+0000] {logging_mixin.py:190} INFO - [2026-06-07T08:26:02.826+0000] {dag.py:4180} INFO - Setting next_dagrun for example_xcom_args to None, run_after=None
[2026-06-07T08:26:02.836+0000] {logging_mixin.py:190} INFO - [2026-06-07T08:26:02.836+0000] {dag.py:4180} INFO - Setting next_dagrun for example_xcom_args_with_operators to None, run_after=None
[2026-06-07T08:26:02.875+0000] {processor.py:208} INFO - Processing /home/airflow/.local/lib/python3.12/site-packages/airflow/example_dags/example_xcomargs.py took 0.316 seconds
[2026-06-07T08:26:37.736+0000] {processor.py:186} INFO - Started process (PID=1152) to work on /home/airflow/.local/lib/python3.12/site-packages/airflow/example_dags/example_xcomargs.py
[2026-06-07T08:26:37.738+0000] {processor.py:914} INFO - Processing file /home/airflow/.local/lib/python3.12/site-packages/airflow/example_dags/example_xcomargs.py for tasks to queue
[2026-06-07T08:26:37.743+0000] {logging_mixin.py:190} INFO - [2026-06-07T08:26:37.742+0000] {dagbag.py:588} INFO - Filling up the DagBag from /home/airflow/.local/lib/python3.12/site-packages/airflow/example_dags/example_xcomargs.py
[2026-06-07T08:26:37.766+0000] {processor.py:925} INFO - DAG(s) 'example_xcom_args', 'example_xcom_args_with_operators' retrieved from /home/airflow/.local/lib/python3.12/site-packages/airflow/example_dags/example_xcomargs.py
[2026-06-07T08:26:37.839+0000] {logging_mixin.py:190} INFO - [2026-06-07T08:26:37.838+0000] {dag.py:3239} INFO - Sync 2 DAGs
[2026-06-07T08:26:37.861+0000] {logging_mixin.py:190} INFO - [2026-06-07T08:26:37.861+0000] {dag.py:4180} INFO - Setting next_dagrun for example_xcom_args to None, run_after=None
[2026-06-07T08:26:37.866+0000] {logging_mixin.py:190} INFO - [2026-06-07T08:26:37.866+0000] {dag.py:4180} INFO - Setting next_dagrun for example_xcom_args_with_operators to None, run_after=None
[2026-06-07T08:26:37.893+0000] {processor.py:208} INFO - Processing /home/airflow/.local/lib/python3.12/site-packages/airflow/example_dags/example_xcomargs.py took 0.168 seconds
[2026-06-07T08:27:14.307+0000] {processor.py:186} INFO - Started process (PID=1213) to work on /home/airflow/.local/lib/python3.12/site-packages/airflow/example_dags/example_xcomargs.py
[2026-06-07T08:27:14.309+0000] {processor.py:914} INFO - Processing file /home/airflow/.local/lib/python3.12/site-packages/airflow/example_dags/example_xcomargs.py for tasks to queue
[2026-06-07T08:27:14.315+0000] {logging_mixin.py:190} INFO - [2026-06-07T08:27:14.314+0000] {dagbag.py:588} INFO - Filling up the DagBag from /home/airflow/.local/lib/python3.12/site-packages/airflow/example_dags/example_xcomargs.py
[2026-06-07T08:27:14.335+0000] {processor.py:925} INFO - DAG(s) 'example_xcom_args_with_operators', 'example_xcom_args' retrieved from /home/airflow/.local/lib/python3.12/site-packages/airflow/example_dags/example_xcomargs.py
[2026-06-07T08:27:14.396+0000] {logging_mixin.py:190} INFO - [2026-06-07T08:27:14.395+0000] {dag.py:3239} INFO - Sync 2 DAGs
[2026-06-07T08:27:14.429+0000] {logging_mixin.py:190} INFO - [2026-06-07T08:27:14.429+0000] {dag.py:4180} INFO - Setting next_dagrun for example_xcom_args to None, run_after=None
[2026-06-07T08:27:14.437+0000] {logging_mixin.py:190} INFO - [2026-06-07T08:27:14.436+0000] {dag.py:4180} INFO - Setting next_dagrun for example_xcom_args_with_operators to None, run_after=None
[2026-06-07T08:27:14.474+0000] {processor.py:208} INFO - Processing /home/airflow/.local/lib/python3.12/site-packages/airflow/example_dags/example_xcomargs.py took 0.178 seconds
[2026-06-07T08:27:50.877+0000] {processor.py:186} INFO - Started process (PID=1269) to work on /home/airflow/.local/lib/python3.12/site-packages/airflow/example_dags/example_xcomargs.py
[2026-06-07T08:27:50.880+0000] {processor.py:914} INFO - Processing file /home/airflow/.local/lib/python3.12/site-packages/airflow/example_dags/example_xcomargs.py for tasks to queue
[2026-06-07T08:27:50.885+0000] {logging_mixin.py:190} INFO - [2026-06-07T08:27:50.884+0000] {dagbag.py:588} INFO - Filling up the DagBag from /home/airflow/.local/lib/python3.12/site-packages/airflow/example_dags/example_xcomargs.py
[2026-06-07T08:27:50.904+0000] {processor.py:925} INFO - DAG(s) 'example_xcom_args', 'example_xcom_args_with_operators' retrieved from /home/airflow/.local/lib/python3.12/site-packages/airflow/example_dags/example_xcomargs.py
[2026-06-07T08:27:50.961+0000] {logging_mixin.py:190} INFO - [2026-06-07T08:27:50.960+0000] {dag.py:3239} INFO - Sync 2 DAGs
[2026-06-07T08:27:50.986+0000] {logging_mixin.py:190} INFO - [2026-06-07T08:27:50.986+0000] {dag.py:4180} INFO - Setting next_dagrun for example_xcom_args to None, run_after=None
[2026-06-07T08:27:50.993+0000] {logging_mixin.py:190} INFO - [2026-06-07T08:27:50.993+0000] {dag.py:4180} INFO - Setting next_dagrun for example_xcom_args_with_operators to None, run_after=None
[2026-06-07T08:27:51.024+0000] {processor.py:208} INFO - Processing /home/airflow/.local/lib/python3.12/site-packages/airflow/example_dags/example_xcomargs.py took 0.157 seconds
[2026-06-07T08:28:21.546+0000] {processor.py:186} INFO - Started process (PID=1331) to work on /home/airflow/.local/lib/python3.12/site-packages/airflow/example_dags/example_xcomargs.py
[2026-06-07T08:28:21.548+0000] {processor.py:914} INFO - Processing file /home/airflow/.local/lib/python3.12/site-packages/airflow/example_dags/example_xcomargs.py for tasks to queue
[2026-06-07T08:28:21.555+0000] {logging_mixin.py:190} INFO - [2026-06-07T08:28:21.553+0000] {dagbag.py:588} INFO - Filling up the DagBag from /home/airflow/.local/lib/python3.12/site-packages/airflow/example_dags/example_xcomargs.py
[2026-06-07T08:28:21.593+0000] {processor.py:925} INFO - DAG(s) 'example_xcom_args', 'example_xcom_args_with_operators' retrieved from /home/airflow/.local/lib/python3.12/site-packages/airflow/example_dags/example_xcomargs.py
[2026-06-07T08:28:21.669+0000] {logging_mixin.py:190} INFO - [2026-06-07T08:28:21.669+0000] {dag.py:3239} INFO - Sync 2 DAGs
[2026-06-07T08:28:21.712+0000] {logging_mixin.py:190} INFO - [2026-06-07T08:28:21.712+0000] {dag.py:4180} INFO - Setting next_dagrun for example_xcom_args to None, run_after=None
[2026-06-07T08:28:21.723+0000] {logging_mixin.py:190} INFO - [2026-06-07T08:28:21.723+0000] {dag.py:4180} INFO - Setting next_dagrun for example_xcom_args_with_operators to None, run_after=None
[2026-06-07T08:28:21.780+0000] {processor.py:208} INFO - Processing /home/airflow/.local/lib/python3.12/site-packages/airflow/example_dags/example_xcomargs.py took 0.248 seconds
[2026-06-07T08:28:53.832+0000] {processor.py:186} INFO - Started process (PID=1388) to work on /home/airflow/.local/lib/python3.12/site-packages/airflow/example_dags/example_xcomargs.py
[2026-06-07T08:28:53.834+0000] {processor.py:914} INFO - Processing file /home/airflow/.local/lib/python3.12/site-packages/airflow/example_dags/example_xcomargs.py for tasks to queue
[2026-06-07T08:28:53.841+0000] {logging_mixin.py:190} INFO - [2026-06-07T08:28:53.840+0000] {dagbag.py:588} INFO - Filling up the DagBag from /home/airflow/.local/lib/python3.12/site-packages/airflow/example_dags/example_xcomargs.py
[2026-06-07T08:28:53.859+0000] {processor.py:925} INFO - DAG(s) 'example_xcom_args_with_operators', 'example_xcom_args' retrieved from /home/airflow/.local/lib/python3.12/site-packages/airflow/example_dags/example_xcomargs.py
[2026-06-07T08:28:53.927+0000] {logging_mixin.py:190} INFO - [2026-06-07T08:28:53.926+0000] {dag.py:3239} INFO - Sync 2 DAGs
[2026-06-07T08:28:53.960+0000] {logging_mixin.py:190} INFO - [2026-06-07T08:28:53.960+0000] {dag.py:4180} INFO - Setting next_dagrun for example_xcom_args to None, run_after=None
[2026-06-07T08:28:53.968+0000] {logging_mixin.py:190} INFO - [2026-06-07T08:28:53.967+0000] {dag.py:4180} INFO - Setting next_dagrun for example_xcom_args_with_operators to None, run_after=None
[2026-06-07T08:28:54.003+0000] {processor.py:208} INFO - Processing /home/airflow/.local/lib/python3.12/site-packages/airflow/example_dags/example_xcomargs.py took 0.181 seconds
[2026-06-07T08:39:24.746+0000] {processor.py:186} INFO - Started process (PID=89) to work on /home/airflow/.local/lib/python3.12/site-packages/airflow/example_dags/example_xcomargs.py
[2026-06-07T08:39:24.749+0000] {processor.py:914} INFO - Processing file /home/airflow/.local/lib/python3.12/site-packages/airflow/example_dags/example_xcomargs.py for tasks to queue
[2026-06-07T08:39:24.756+0000] {logging_mixin.py:190} INFO - [2026-06-07T08:39:24.755+0000] {dagbag.py:588} INFO - Filling up the DagBag from /home/airflow/.local/lib/python3.12/site-packages/airflow/example_dags/example_xcomargs.py
[2026-06-07T08:39:24.787+0000] {processor.py:925} INFO - DAG(s) 'example_xcom_args', 'example_xcom_args_with_operators' retrieved from /home/airflow/.local/lib/python3.12/site-packages/airflow/example_dags/example_xcomargs.py
[2026-06-07T08:39:24.876+0000] {logging_mixin.py:190} INFO - [2026-06-07T08:39:24.875+0000] {dag.py:3239} INFO - Sync 2 DAGs
[2026-06-07T08:39:24.922+0000] {logging_mixin.py:190} INFO - [2026-06-07T08:39:24.922+0000] {dag.py:4180} INFO - Setting next_dagrun for example_xcom_args to None, run_after=None
[2026-06-07T08:39:24.935+0000] {logging_mixin.py:190} INFO - [2026-06-07T08:39:24.934+0000] {dag.py:4180} INFO - Setting next_dagrun for example_xcom_args_with_operators to None, run_after=None
[2026-06-07T08:39:24.997+0000] {processor.py:208} INFO - Processing /home/airflow/.local/lib/python3.12/site-packages/airflow/example_dags/example_xcomargs.py took 0.266 seconds
[2026-06-07T08:40:16.455+0000] {processor.py:186} INFO - Started process (PID=152) to work on /home/airflow/.local/lib/python3.12/site-packages/airflow/example_dags/example_xcomargs.py
[2026-06-07T08:40:16.459+0000] {processor.py:914} INFO - Processing file /home/airflow/.local/lib/python3.12/site-packages/airflow/example_dags/example_xcomargs.py for tasks to queue
[2026-06-07T08:40:16.471+0000] {logging_mixin.py:190} INFO - [2026-06-07T08:40:16.467+0000] {dagbag.py:588} INFO - Filling up the DagBag from /home/airflow/.local/lib/python3.12/site-packages/airflow/example_dags/example_xcomargs.py
[2026-06-07T08:40:16.501+0000] {processor.py:925} INFO - DAG(s) 'example_xcom_args', 'example_xcom_args_with_operators' retrieved from /home/airflow/.local/lib/python3.12/site-packages/airflow/example_dags/example_xcomargs.py
[2026-06-07T08:40:16.586+0000] {logging_mixin.py:190} INFO - [2026-06-07T08:40:16.586+0000] {dag.py:3239} INFO - Sync 2 DAGs
[2026-06-07T08:40:16.652+0000] {logging_mixin.py:190} INFO - [2026-06-07T08:40:16.651+0000] {dag.py:4180} INFO - Setting next_dagrun for example_xcom_args to None, run_after=None
[2026-06-07T08:40:16.670+0000] {logging_mixin.py:190} INFO - [2026-06-07T08:40:16.669+0000] {dag.py:4180} INFO - Setting next_dagrun for example_xcom_args_with_operators to None, run_after=None
[2026-06-07T08:40:16.729+0000] {processor.py:208} INFO - Processing /home/airflow/.local/lib/python3.12/site-packages/airflow/example_dags/example_xcomargs.py took 0.288 seconds
[2026-06-07T08:40:58.166+0000] {processor.py:186} INFO - Started process (PID=211) to work on /home/airflow/.local/lib/python3.12/site-packages/airflow/example_dags/example_xcomargs.py
[2026-06-07T08:40:58.170+0000] {processor.py:914} INFO - Processing file /home/airflow/.local/lib/python3.12/site-packages/airflow/example_dags/example_xcomargs.py for tasks to queue
[2026-06-07T08:40:58.176+0000] {logging_mixin.py:190} INFO - [2026-06-07T08:40:58.175+0000] {dagbag.py:588} INFO - Filling up the DagBag from /home/airflow/.local/lib/python3.12/site-packages/airflow/example_dags/example_xcomargs.py
[2026-06-07T08:40:58.203+0000] {processor.py:925} INFO - DAG(s) 'example_xcom_args', 'example_xcom_args_with_operators' retrieved from /home/airflow/.local/lib/python3.12/site-packages/airflow/example_dags/example_xcomargs.py
[2026-06-07T08:40:58.285+0000] {logging_mixin.py:190} INFO - [2026-06-07T08:40:58.284+0000] {dag.py:3239} INFO - Sync 2 DAGs
[2026-06-07T08:40:58.322+0000] {logging_mixin.py:190} INFO - [2026-06-07T08:40:58.322+0000] {dag.py:4180} INFO - Setting next_dagrun for example_xcom_args to None, run_after=None
[2026-06-07T08:40:58.332+0000] {logging_mixin.py:190} INFO - [2026-06-07T08:40:58.332+0000] {dag.py:4180} INFO - Setting next_dagrun for example_xcom_args_with_operators to None, run_after=None
[2026-06-07T08:40:58.372+0000] {processor.py:208} INFO - Processing /home/airflow/.local/lib/python3.12/site-packages/airflow/example_dags/example_xcomargs.py took 0.220 seconds
[2026-06-07T08:41:31.971+0000] {processor.py:186} INFO - Started process (PID=273) to work on /home/airflow/.local/lib/python3.12/site-packages/airflow/example_dags/example_xcomargs.py
[2026-06-07T08:41:31.973+0000] {processor.py:914} INFO - Processing file /home/airflow/.local/lib/python3.12/site-packages/airflow/example_dags/example_xcomargs.py for tasks to queue
[2026-06-07T08:41:31.981+0000] {logging_mixin.py:190} INFO - [2026-06-07T08:41:31.979+0000] {dagbag.py:588} INFO - Filling up the DagBag from /home/airflow/.local/lib/python3.12/site-packages/airflow/example_dags/example_xcomargs.py
[2026-06-07T08:41:32.012+0000] {processor.py:925} INFO - DAG(s) 'example_xcom_args_with_operators', 'example_xcom_args' retrieved from /home/airflow/.local/lib/python3.12/site-packages/airflow/example_dags/example_xcomargs.py
[2026-06-07T08:41:32.140+0000] {logging_mixin.py:190} INFO - [2026-06-07T08:41:32.138+0000] {dag.py:3239} INFO - Sync 2 DAGs
[2026-06-07T08:41:32.211+0000] {logging_mixin.py:190} INFO - [2026-06-07T08:41:32.211+0000] {dag.py:4180} INFO - Setting next_dagrun for example_xcom_args to None, run_after=None
[2026-06-07T08:41:32.232+0000] {logging_mixin.py:190} INFO - [2026-06-07T08:41:32.231+0000] {dag.py:4180} INFO - Setting next_dagrun for example_xcom_args_with_operators to None, run_after=None
[2026-06-07T08:41:32.299+0000] {processor.py:208} INFO - Processing /home/airflow/.local/lib/python3.12/site-packages/airflow/example_dags/example_xcomargs.py took 0.344 seconds
[2026-06-07T08:42:05.340+0000] {processor.py:186} INFO - Started process (PID=335) to work on /home/airflow/.local/lib/python3.12/site-packages/airflow/example_dags/example_xcomargs.py
[2026-06-07T08:42:05.342+0000] {processor.py:914} INFO - Processing file /home/airflow/.local/lib/python3.12/site-packages/airflow/example_dags/example_xcomargs.py for tasks to queue
[2026-06-07T08:42:05.349+0000] {logging_mixin.py:190} INFO - [2026-06-07T08:42:05.348+0000] {dagbag.py:588} INFO - Filling up the DagBag from /home/airflow/.local/lib/python3.12/site-packages/airflow/example_dags/example_xcomargs.py
[2026-06-07T08:42:05.386+0000] {processor.py:925} INFO - DAG(s) 'example_xcom_args_with_operators', 'example_xcom_args' retrieved from /home/airflow/.local/lib/python3.12/site-packages/airflow/example_dags/example_xcomargs.py
[2026-06-07T08:42:05.475+0000] {logging_mixin.py:190} INFO - [2026-06-07T08:42:05.474+0000] {dag.py:3239} INFO - Sync 2 DAGs
[2026-06-07T08:42:05.525+0000] {logging_mixin.py:190} INFO - [2026-06-07T08:42:05.524+0000] {dag.py:4180} INFO - Setting next_dagrun for example_xcom_args to None, run_after=None
[2026-06-07T08:42:05.538+0000] {logging_mixin.py:190} INFO - [2026-06-07T08:42:05.537+0000] {dag.py:4180} INFO - Setting next_dagrun for example_xcom_args_with_operators to None, run_after=None
[2026-06-07T08:42:05.603+0000] {processor.py:208} INFO - Processing /home/airflow/.local/lib/python3.12/site-packages/airflow/example_dags/example_xcomargs.py took 0.275 seconds
[2026-06-07T08:42:41.861+0000] {processor.py:186} INFO - Started process (PID=384) to work on /home/airflow/.local/lib/python3.12/site-packages/airflow/example_dags/example_xcomargs.py
[2026-06-07T08:42:41.864+0000] {processor.py:914} INFO - Processing file /home/airflow/.local/lib/python3.12/site-packages/airflow/example_dags/example_xcomargs.py for tasks to queue
[2026-06-07T08:42:41.873+0000] {logging_mixin.py:190} INFO - [2026-06-07T08:42:41.872+0000] {dagbag.py:588} INFO - Filling up the DagBag from /home/airflow/.local/lib/python3.12/site-packages/airflow/example_dags/example_xcomargs.py
[2026-06-07T08:42:41.900+0000] {processor.py:925} INFO - DAG(s) 'example_xcom_args_with_operators', 'example_xcom_args' retrieved from /home/airflow/.local/lib/python3.12/site-packages/airflow/example_dags/example_xcomargs.py
[2026-06-07T08:42:41.962+0000] {logging_mixin.py:190} INFO - [2026-06-07T08:42:41.962+0000] {dag.py:3239} INFO - Sync 2 DAGs
[2026-06-07T08:42:41.991+0000] {logging_mixin.py:190} INFO - [2026-06-07T08:42:41.990+0000] {dag.py:4180} INFO - Setting next_dagrun for example_xcom_args to None, run_after=None
[2026-06-07T08:42:41.999+0000] {logging_mixin.py:190} INFO - [2026-06-07T08:42:41.998+0000] {dag.py:4180} INFO - Setting next_dagrun for example_xcom_args_with_operators to None, run_after=None
[2026-06-07T08:42:42.030+0000] {processor.py:208} INFO - Processing /home/airflow/.local/lib/python3.12/site-packages/airflow/example_dags/example_xcomargs.py took 0.182 seconds
[2026-06-07T08:43:22.890+0000] {processor.py:186} INFO - Started process (PID=452) to work on /home/airflow/.local/lib/python3.12/site-packages/airflow/example_dags/example_xcomargs.py
[2026-06-07T08:43:22.892+0000] {processor.py:914} INFO - Processing file /home/airflow/.local/lib/python3.12/site-packages/airflow/example_dags/example_xcomargs.py for tasks to queue
[2026-06-07T08:43:22.897+0000] {logging_mixin.py:190} INFO - [2026-06-07T08:43:22.896+0000] {dagbag.py:588} INFO - Filling up the DagBag from /home/airflow/.local/lib/python3.12/site-packages/airflow/example_dags/example_xcomargs.py
[2026-06-07T08:43:22.923+0000] {processor.py:925} INFO - DAG(s) 'example_xcom_args', 'example_xcom_args_with_operators' retrieved from /home/airflow/.local/lib/python3.12/site-packages/airflow/example_dags/example_xcomargs.py
[2026-06-07T08:43:22.981+0000] {logging_mixin.py:190} INFO - [2026-06-07T08:43:22.980+0000] {dag.py:3239} INFO - Sync 2 DAGs
[2026-06-07T08:43:23.020+0000] {logging_mixin.py:190} INFO - [2026-06-07T08:43:23.019+0000] {dag.py:4180} INFO - Setting next_dagrun for example_xcom_args to None, run_after=None
[2026-06-07T08:43:23.032+0000] {logging_mixin.py:190} INFO - [2026-06-07T08:43:23.031+0000] {dag.py:4180} INFO - Setting next_dagrun for example_xcom_args_with_operators to None, run_after=None
[2026-06-07T08:43:23.070+0000] {processor.py:208} INFO - Processing /home/airflow/.local/lib/python3.12/site-packages/airflow/example_dags/example_xcomargs.py took 0.192 seconds
[2026-06-07T08:43:58.716+0000] {processor.py:186} INFO - Started process (PID=514) to work on /home/airflow/.local/lib/python3.12/site-packages/airflow/example_dags/example_xcomargs.py
[2026-06-07T08:43:58.719+0000] {processor.py:914} INFO - Processing file /home/airflow/.local/lib/python3.12/site-packages/airflow/example_dags/example_xcomargs.py for tasks to queue
[2026-06-07T08:43:58.724+0000] {logging_mixin.py:190} INFO - [2026-06-07T08:43:58.724+0000] {dagbag.py:588} INFO - Filling up the DagBag from /home/airflow/.local/lib/python3.12/site-packages/airflow/example_dags/example_xcomargs.py
[2026-06-07T08:43:58.746+0000] {processor.py:925} INFO - DAG(s) 'example_xcom_args', 'example_xcom_args_with_operators' retrieved from /home/airflow/.local/lib/python3.12/site-packages/airflow/example_dags/example_xcomargs.py
[2026-06-07T08:43:58.805+0000] {logging_mixin.py:190} INFO - [2026-06-07T08:43:58.804+0000] {dag.py:3239} INFO - Sync 2 DAGs
[2026-06-07T08:43:58.840+0000] {logging_mixin.py:190} INFO - [2026-06-07T08:43:58.840+0000] {dag.py:4180} INFO - Setting next_dagrun for example_xcom_args to None, run_after=None
[2026-06-07T08:43:58.848+0000] {logging_mixin.py:190} INFO - [2026-06-07T08:43:58.848+0000] {dag.py:4180} INFO - Setting next_dagrun for example_xcom_args_with_operators to None, run_after=None
[2026-06-07T08:43:58.885+0000] {processor.py:208} INFO - Processing /home/airflow/.local/lib/python3.12/site-packages/airflow/example_dags/example_xcomargs.py took 0.180 seconds
[2026-06-07T08:44:35.313+0000] {processor.py:186} INFO - Started process (PID=572) to work on /home/airflow/.local/lib/python3.12/site-packages/airflow/example_dags/example_xcomargs.py
[2026-06-07T08:44:35.316+0000] {processor.py:914} INFO - Processing file /home/airflow/.local/lib/python3.12/site-packages/airflow/example_dags/example_xcomargs.py for tasks to queue
[2026-06-07T08:44:35.324+0000] {logging_mixin.py:190} INFO - [2026-06-07T08:44:35.323+0000] {dagbag.py:588} INFO - Filling up the DagBag from /home/airflow/.local/lib/python3.12/site-packages/airflow/example_dags/example_xcomargs.py
[2026-06-07T08:44:35.352+0000] {processor.py:925} INFO - DAG(s) 'example_xcom_args_with_operators', 'example_xcom_args' retrieved from /home/airflow/.local/lib/python3.12/site-packages/airflow/example_dags/example_xcomargs.py
[2026-06-07T08:44:35.435+0000] {logging_mixin.py:190} INFO - [2026-06-07T08:44:35.435+0000] {dag.py:3239} INFO - Sync 2 DAGs
[2026-06-07T08:44:35.483+0000] {logging_mixin.py:190} INFO - [2026-06-07T08:44:35.483+0000] {dag.py:4180} INFO - Setting next_dagrun for example_xcom_args to None, run_after=None
[2026-06-07T08:44:35.493+0000] {logging_mixin.py:190} INFO - [2026-06-07T08:44:35.493+0000] {dag.py:4180} INFO - Setting next_dagrun for example_xcom_args_with_operators to None, run_after=None
[2026-06-07T08:44:35.540+0000] {processor.py:208} INFO - Processing /home/airflow/.local/lib/python3.12/site-packages/airflow/example_dags/example_xcomargs.py took 0.241 seconds
[2026-06-07T08:45:13.449+0000] {processor.py:186} INFO - Started process (PID=633) to work on /home/airflow/.local/lib/python3.12/site-packages/airflow/example_dags/example_xcomargs.py
[2026-06-07T08:45:13.452+0000] {processor.py:914} INFO - Processing file /home/airflow/.local/lib/python3.12/site-packages/airflow/example_dags/example_xcomargs.py for tasks to queue
[2026-06-07T08:45:13.456+0000] {logging_mixin.py:190} INFO - [2026-06-07T08:45:13.456+0000] {dagbag.py:588} INFO - Filling up the DagBag from /home/airflow/.local/lib/python3.12/site-packages/airflow/example_dags/example_xcomargs.py
[2026-06-07T08:45:13.474+0000] {processor.py:925} INFO - DAG(s) 'example_xcom_args', 'example_xcom_args_with_operators' retrieved from /home/airflow/.local/lib/python3.12/site-packages/airflow/example_dags/example_xcomargs.py
[2026-06-07T08:45:13.524+0000] {logging_mixin.py:190} INFO - [2026-06-07T08:45:13.523+0000] {dag.py:3239} INFO - Sync 2 DAGs
[2026-06-07T08:45:13.549+0000] {logging_mixin.py:190} INFO - [2026-06-07T08:45:13.549+0000] {dag.py:4180} INFO - Setting next_dagrun for example_xcom_args to None, run_after=None
[2026-06-07T08:45:13.555+0000] {logging_mixin.py:190} INFO - [2026-06-07T08:45:13.555+0000] {dag.py:4180} INFO - Setting next_dagrun for example_xcom_args_with_operators to None, run_after=None
[2026-06-07T08:45:13.588+0000] {processor.py:208} INFO - Processing /home/airflow/.local/lib/python3.12/site-packages/airflow/example_dags/example_xcomargs.py took 0.150 seconds
[2026-06-07T08:45:54.552+0000] {processor.py:186} INFO - Started process (PID=702) to work on /home/airflow/.local/lib/python3.12/site-packages/airflow/example_dags/example_xcomargs.py
[2026-06-07T08:45:54.554+0000] {processor.py:914} INFO - Processing file /home/airflow/.local/lib/python3.12/site-packages/airflow/example_dags/example_xcomargs.py for tasks to queue
[2026-06-07T08:45:54.559+0000] {logging_mixin.py:190} INFO - [2026-06-07T08:45:54.558+0000] {dagbag.py:588} INFO - Filling up the DagBag from /home/airflow/.local/lib/python3.12/site-packages/airflow/example_dags/example_xcomargs.py
[2026-06-07T08:45:54.576+0000] {processor.py:925} INFO - DAG(s) 'example_xcom_args', 'example_xcom_args_with_operators' retrieved from /home/airflow/.local/lib/python3.12/site-packages/airflow/example_dags/example_xcomargs.py
[2026-06-07T08:45:54.629+0000] {logging_mixin.py:190} INFO - [2026-06-07T08:45:54.629+0000] {dag.py:3239} INFO - Sync 2 DAGs
[2026-06-07T08:45:54.651+0000] {logging_mixin.py:190} INFO - [2026-06-07T08:45:54.651+0000] {dag.py:4180} INFO - Setting next_dagrun for example_xcom_args to None, run_after=None
[2026-06-07T08:45:54.658+0000] {logging_mixin.py:190} INFO - [2026-06-07T08:45:54.657+0000] {dag.py:4180} INFO - Setting next_dagrun for example_xcom_args_with_operators to None, run_after=None
[2026-06-07T08:45:54.690+0000] {processor.py:208} INFO - Processing /home/airflow/.local/lib/python3.12/site-packages/airflow/example_dags/example_xcomargs.py took 0.148 seconds
[2026-06-07T08:46:35.033+0000] {processor.py:186} INFO - Started process (PID=768) to work on /home/airflow/.local/lib/python3.12/site-packages/airflow/example_dags/example_xcomargs.py
[2026-06-07T08:46:35.035+0000] {processor.py:914} INFO - Processing file /home/airflow/.local/lib/python3.12/site-packages/airflow/example_dags/example_xcomargs.py for tasks to queue
[2026-06-07T08:46:35.041+0000] {logging_mixin.py:190} INFO - [2026-06-07T08:46:35.040+0000] {dagbag.py:588} INFO - Filling up the DagBag from /home/airflow/.local/lib/python3.12/site-packages/airflow/example_dags/example_xcomargs.py
[2026-06-07T08:46:35.057+0000] {processor.py:925} INFO - DAG(s) 'example_xcom_args_with_operators', 'example_xcom_args' retrieved from /home/airflow/.local/lib/python3.12/site-packages/airflow/example_dags/example_xcomargs.py
[2026-06-07T08:46:35.115+0000] {logging_mixin.py:190} INFO - [2026-06-07T08:46:35.114+0000] {dag.py:3239} INFO - Sync 2 DAGs
[2026-06-07T08:46:35.150+0000] {logging_mixin.py:190} INFO - [2026-06-07T08:46:35.150+0000] {dag.py:4180} INFO - Setting next_dagrun for example_xcom_args to None, run_after=None
[2026-06-07T08:46:35.159+0000] {logging_mixin.py:190} INFO - [2026-06-07T08:46:35.159+0000] {dag.py:4180} INFO - Setting next_dagrun for example_xcom_args_with_operators to None, run_after=None
[2026-06-07T08:46:35.197+0000] {processor.py:208} INFO - Processing /home/airflow/.local/lib/python3.12/site-packages/airflow/example_dags/example_xcomargs.py took 0.175 seconds
[2026-06-07T08:47:21.080+0000] {processor.py:186} INFO - Started process (PID=830) to work on /home/airflow/.local/lib/python3.12/site-packages/airflow/example_dags/example_xcomargs.py
[2026-06-07T08:47:21.083+0000] {processor.py:914} INFO - Processing file /home/airflow/.local/lib/python3.12/site-packages/airflow/example_dags/example_xcomargs.py for tasks to queue
[2026-06-07T08:47:21.091+0000] {logging_mixin.py:190} INFO - [2026-06-07T08:47:21.090+0000] {dagbag.py:588} INFO - Filling up the DagBag from /home/airflow/.local/lib/python3.12/site-packages/airflow/example_dags/example_xcomargs.py
[2026-06-07T08:47:21.116+0000] {processor.py:925} INFO - DAG(s) 'example_xcom_args_with_operators', 'example_xcom_args' retrieved from /home/airflow/.local/lib/python3.12/site-packages/airflow/example_dags/example_xcomargs.py
[2026-06-07T08:47:21.191+0000] {logging_mixin.py:190} INFO - [2026-06-07T08:47:21.191+0000] {dag.py:3239} INFO - Sync 2 DAGs
[2026-06-07T08:47:21.230+0000] {logging_mixin.py:190} INFO - [2026-06-07T08:47:21.230+0000] {dag.py:4180} INFO - Setting next_dagrun for example_xcom_args to None, run_after=None
[2026-06-07T08:47:21.239+0000] {logging_mixin.py:190} INFO - [2026-06-07T08:47:21.238+0000] {dag.py:4180} INFO - Setting next_dagrun for example_xcom_args_with_operators to None, run_after=None
[2026-06-07T08:47:21.273+0000] {processor.py:208} INFO - Processing /home/airflow/.local/lib/python3.12/site-packages/airflow/example_dags/example_xcomargs.py took 0.205 seconds
[2026-06-07T08:48:08.224+0000] {processor.py:186} INFO - Started process (PID=899) to work on /home/airflow/.local/lib/python3.12/site-packages/airflow/example_dags/example_xcomargs.py
[2026-06-07T08:48:08.227+0000] {processor.py:914} INFO - Processing file /home/airflow/.local/lib/python3.12/site-packages/airflow/example_dags/example_xcomargs.py for tasks to queue
[2026-06-07T08:48:08.238+0000] {logging_mixin.py:190} INFO - [2026-06-07T08:48:08.237+0000] {dagbag.py:588} INFO - Filling up the DagBag from /home/airflow/.local/lib/python3.12/site-packages/airflow/example_dags/example_xcomargs.py
[2026-06-07T08:48:08.275+0000] {processor.py:925} INFO - DAG(s) 'example_xcom_args', 'example_xcom_args_with_operators' retrieved from /home/airflow/.local/lib/python3.12/site-packages/airflow/example_dags/example_xcomargs.py
[2026-06-07T08:48:08.343+0000] {logging_mixin.py:190} INFO - [2026-06-07T08:48:08.342+0000] {dag.py:3239} INFO - Sync 2 DAGs
[2026-06-07T08:48:08.384+0000] {logging_mixin.py:190} INFO - [2026-06-07T08:48:08.383+0000] {dag.py:4180} INFO - Setting next_dagrun for example_xcom_args to None, run_after=None
[2026-06-07T08:48:08.395+0000] {logging_mixin.py:190} INFO - [2026-06-07T08:48:08.394+0000] {dag.py:4180} INFO - Setting next_dagrun for example_xcom_args_with_operators to None, run_after=None
[2026-06-07T08:48:08.432+0000] {processor.py:208} INFO - Processing /home/airflow/.local/lib/python3.12/site-packages/airflow/example_dags/example_xcomargs.py took 0.224 seconds
[2026-06-07T08:48:52.335+0000] {processor.py:186} INFO - Started process (PID=970) to work on /home/airflow/.local/lib/python3.12/site-packages/airflow/example_dags/example_xcomargs.py
[2026-06-07T08:48:52.338+0000] {processor.py:914} INFO - Processing file /home/airflow/.local/lib/python3.12/site-packages/airflow/example_dags/example_xcomargs.py for tasks to queue
[2026-06-07T08:48:52.352+0000] {logging_mixin.py:190} INFO - [2026-06-07T08:48:52.351+0000] {dagbag.py:588} INFO - Filling up the DagBag from /home/airflow/.local/lib/python3.12/site-packages/airflow/example_dags/example_xcomargs.py
[2026-06-07T08:48:52.385+0000] {processor.py:925} INFO - DAG(s) 'example_xcom_args_with_operators', 'example_xcom_args' retrieved from /home/airflow/.local/lib/python3.12/site-packages/airflow/example_dags/example_xcomargs.py
[2026-06-07T08:48:52.529+0000] {logging_mixin.py:190} INFO - [2026-06-07T08:48:52.527+0000] {dag.py:3239} INFO - Sync 2 DAGs
[2026-06-07T08:48:52.640+0000] {logging_mixin.py:190} INFO - [2026-06-07T08:48:52.639+0000] {dag.py:4180} INFO - Setting next_dagrun for example_xcom_args to None, run_after=None
[2026-06-07T08:48:52.654+0000] {logging_mixin.py:190} INFO - [2026-06-07T08:48:52.653+0000] {dag.py:4180} INFO - Setting next_dagrun for example_xcom_args_with_operators to None, run_after=None
[2026-06-07T08:48:52.716+0000] {processor.py:208} INFO - Processing /home/airflow/.local/lib/python3.12/site-packages/airflow/example_dags/example_xcomargs.py took 0.398 seconds
[2026-06-07T08:49:38.132+0000] {processor.py:186} INFO - Started process (PID=1038) to work on /home/airflow/.local/lib/python3.12/site-packages/airflow/example_dags/example_xcomargs.py
[2026-06-07T08:49:38.136+0000] {processor.py:914} INFO - Processing file /home/airflow/.local/lib/python3.12/site-packages/airflow/example_dags/example_xcomargs.py for tasks to queue
[2026-06-07T08:49:38.148+0000] {logging_mixin.py:190} INFO - [2026-06-07T08:49:38.147+0000] {dagbag.py:588} INFO - Filling up the DagBag from /home/airflow/.local/lib/python3.12/site-packages/airflow/example_dags/example_xcomargs.py
[2026-06-07T08:49:38.184+0000] {processor.py:925} INFO - DAG(s) 'example_xcom_args_with_operators', 'example_xcom_args' retrieved from /home/airflow/.local/lib/python3.12/site-packages/airflow/example_dags/example_xcomargs.py
[2026-06-07T08:49:38.311+0000] {logging_mixin.py:190} INFO - [2026-06-07T08:49:38.311+0000] {dag.py:3239} INFO - Sync 2 DAGs
[2026-06-07T08:49:38.378+0000] {logging_mixin.py:190} INFO - [2026-06-07T08:49:38.378+0000] {dag.py:4180} INFO - Setting next_dagrun for example_xcom_args to None, run_after=None
[2026-06-07T08:49:38.398+0000] {logging_mixin.py:190} INFO - [2026-06-07T08:49:38.397+0000] {dag.py:4180} INFO - Setting next_dagrun for example_xcom_args_with_operators to None, run_after=None
[2026-06-07T08:49:38.476+0000] {processor.py:208} INFO - Processing /home/airflow/.local/lib/python3.12/site-packages/airflow/example_dags/example_xcomargs.py took 0.357 seconds
[2026-06-07T08:50:18.743+0000] {processor.py:186} INFO - Started process (PID=1100) to work on /home/airflow/.local/lib/python3.12/site-packages/airflow/example_dags/example_xcomargs.py
[2026-06-07T08:50:18.745+0000] {processor.py:914} INFO - Processing file /home/airflow/.local/lib/python3.12/site-packages/airflow/example_dags/example_xcomargs.py for tasks to queue
[2026-06-07T08:50:18.752+0000] {logging_mixin.py:190} INFO - [2026-06-07T08:50:18.751+0000] {dagbag.py:588} INFO - Filling up the DagBag from /home/airflow/.local/lib/python3.12/site-packages/airflow/example_dags/example_xcomargs.py
[2026-06-07T08:50:18.779+0000] {processor.py:925} INFO - DAG(s) 'example_xcom_args_with_operators', 'example_xcom_args' retrieved from /home/airflow/.local/lib/python3.12/site-packages/airflow/example_dags/example_xcomargs.py
[2026-06-07T08:50:18.895+0000] {logging_mixin.py:190} INFO - [2026-06-07T08:50:18.894+0000] {dag.py:3239} INFO - Sync 2 DAGs
[2026-06-07T08:50:18.951+0000] {logging_mixin.py:190} INFO - [2026-06-07T08:50:18.948+0000] {dag.py:4180} INFO - Setting next_dagrun for example_xcom_args to None, run_after=None
[2026-06-07T08:50:18.962+0000] {logging_mixin.py:190} INFO - [2026-06-07T08:50:18.962+0000] {dag.py:4180} INFO - Setting next_dagrun for example_xcom_args_with_operators to None, run_after=None
[2026-06-07T08:50:19.013+0000] {processor.py:208} INFO - Processing /home/airflow/.local/lib/python3.12/site-packages/airflow/example_dags/example_xcomargs.py took 0.285 seconds
[2026-06-07T08:50:55.839+0000] {processor.py:186} INFO - Started process (PID=1169) to work on /home/airflow/.local/lib/python3.12/site-packages/airflow/example_dags/example_xcomargs.py
[2026-06-07T08:50:55.846+0000] {processor.py:914} INFO - Processing file /home/airflow/.local/lib/python3.12/site-packages/airflow/example_dags/example_xcomargs.py for tasks to queue
[2026-06-07T08:50:55.854+0000] {logging_mixin.py:190} INFO - [2026-06-07T08:50:55.851+0000] {dagbag.py:588} INFO - Filling up the DagBag from /home/airflow/.local/lib/python3.12/site-packages/airflow/example_dags/example_xcomargs.py
[2026-06-07T08:50:55.892+0000] {processor.py:925} INFO - DAG(s) 'example_xcom_args_with_operators', 'example_xcom_args' retrieved from /home/airflow/.local/lib/python3.12/site-packages/airflow/example_dags/example_xcomargs.py
[2026-06-07T08:50:56.021+0000] {logging_mixin.py:190} INFO - [2026-06-07T08:50:56.020+0000] {dag.py:3239} INFO - Sync 2 DAGs
[2026-06-07T08:50:56.066+0000] {logging_mixin.py:190} INFO - [2026-06-07T08:50:56.065+0000] {dag.py:4180} INFO - Setting next_dagrun for example_xcom_args to None, run_after=None
[2026-06-07T08:50:56.082+0000] {logging_mixin.py:190} INFO - [2026-06-07T08:50:56.082+0000] {dag.py:4180} INFO - Setting next_dagrun for example_xcom_args_with_operators to None, run_after=None
[2026-06-07T08:50:56.143+0000] {processor.py:208} INFO - Processing /home/airflow/.local/lib/python3.12/site-packages/airflow/example_dags/example_xcomargs.py took 0.319 seconds
[2026-06-07T08:51:31.660+0000] {processor.py:186} INFO - Started process (PID=1221) to work on /home/airflow/.local/lib/python3.12/site-packages/airflow/example_dags/example_xcomargs.py
[2026-06-07T08:51:31.664+0000] {processor.py:914} INFO - Processing file /home/airflow/.local/lib/python3.12/site-packages/airflow/example_dags/example_xcomargs.py for tasks to queue
[2026-06-07T08:51:31.675+0000] {logging_mixin.py:190} INFO - [2026-06-07T08:51:31.674+0000] {dagbag.py:588} INFO - Filling up the DagBag from /home/airflow/.local/lib/python3.12/site-packages/airflow/example_dags/example_xcomargs.py
[2026-06-07T08:51:31.719+0000] {processor.py:925} INFO - DAG(s) 'example_xcom_args_with_operators', 'example_xcom_args' retrieved from /home/airflow/.local/lib/python3.12/site-packages/airflow/example_dags/example_xcomargs.py
[2026-06-07T08:51:31.837+0000] {logging_mixin.py:190} INFO - [2026-06-07T08:51:31.836+0000] {dag.py:3239} INFO - Sync 2 DAGs
[2026-06-07T08:51:31.888+0000] {logging_mixin.py:190} INFO - [2026-06-07T08:51:31.888+0000] {dag.py:4180} INFO - Setting next_dagrun for example_xcom_args to None, run_after=None
[2026-06-07T08:51:31.905+0000] {logging_mixin.py:190} INFO - [2026-06-07T08:51:31.905+0000] {dag.py:4180} INFO - Setting next_dagrun for example_xcom_args_with_operators to None, run_after=None
[2026-06-07T08:51:31.966+0000] {processor.py:208} INFO - Processing /home/airflow/.local/lib/python3.12/site-packages/airflow/example_dags/example_xcomargs.py took 0.320 seconds
[2026-06-07T08:52:10.898+0000] {processor.py:186} INFO - Started process (PID=1283) to work on /home/airflow/.local/lib/python3.12/site-packages/airflow/example_dags/example_xcomargs.py
[2026-06-07T08:52:10.902+0000] {processor.py:914} INFO - Processing file /home/airflow/.local/lib/python3.12/site-packages/airflow/example_dags/example_xcomargs.py for tasks to queue
[2026-06-07T08:52:10.912+0000] {logging_mixin.py:190} INFO - [2026-06-07T08:52:10.911+0000] {dagbag.py:588} INFO - Filling up the DagBag from /home/airflow/.local/lib/python3.12/site-packages/airflow/example_dags/example_xcomargs.py
[2026-06-07T08:52:10.940+0000] {processor.py:925} INFO - DAG(s) 'example_xcom_args_with_operators', 'example_xcom_args' retrieved from /home/airflow/.local/lib/python3.12/site-packages/airflow/example_dags/example_xcomargs.py
[2026-06-07T08:52:11.017+0000] {logging_mixin.py:190} INFO - [2026-06-07T08:52:11.016+0000] {dag.py:3239} INFO - Sync 2 DAGs
[2026-06-07T08:52:11.070+0000] {logging_mixin.py:190} INFO - [2026-06-07T08:52:11.069+0000] {dag.py:4180} INFO - Setting next_dagrun for example_xcom_args to None, run_after=None
[2026-06-07T08:52:11.083+0000] {logging_mixin.py:190} INFO - [2026-06-07T08:52:11.082+0000] {dag.py:4180} INFO - Setting next_dagrun for example_xcom_args_with_operators to None, run_after=None
[2026-06-07T08:52:11.133+0000] {processor.py:208} INFO - Processing /home/airflow/.local/lib/python3.12/site-packages/airflow/example_dags/example_xcomargs.py took 0.248 seconds
[2026-06-07T08:52:53.525+0000] {processor.py:186} INFO - Started process (PID=1346) to work on /home/airflow/.local/lib/python3.12/site-packages/airflow/example_dags/example_xcomargs.py
[2026-06-07T08:52:53.529+0000] {processor.py:914} INFO - Processing file /home/airflow/.local/lib/python3.12/site-packages/airflow/example_dags/example_xcomargs.py for tasks to queue
[2026-06-07T08:52:53.538+0000] {logging_mixin.py:190} INFO - [2026-06-07T08:52:53.537+0000] {dagbag.py:588} INFO - Filling up the DagBag from /home/airflow/.local/lib/python3.12/site-packages/airflow/example_dags/example_xcomargs.py
[2026-06-07T08:52:53.568+0000] {processor.py:925} INFO - DAG(s) 'example_xcom_args', 'example_xcom_args_with_operators' retrieved from /home/airflow/.local/lib/python3.12/site-packages/airflow/example_dags/example_xcomargs.py
[2026-06-07T08:52:53.646+0000] {logging_mixin.py:190} INFO - [2026-06-07T08:52:53.645+0000] {dag.py:3239} INFO - Sync 2 DAGs
[2026-06-07T08:52:53.701+0000] {logging_mixin.py:190} INFO - [2026-06-07T08:52:53.696+0000] {dag.py:4180} INFO - Setting next_dagrun for example_xcom_args to None, run_after=None
[2026-06-07T08:52:53.726+0000] {logging_mixin.py:190} INFO - [2026-06-07T08:52:53.718+0000] {dag.py:4180} INFO - Setting next_dagrun for example_xcom_args_with_operators to None, run_after=None
[2026-06-07T08:52:53.783+0000] {processor.py:208} INFO - Processing /home/airflow/.local/lib/python3.12/site-packages/airflow/example_dags/example_xcomargs.py took 0.302 seconds
[2026-06-07T08:53:31.512+0000] {processor.py:186} INFO - Started process (PID=1413) to work on /home/airflow/.local/lib/python3.12/site-packages/airflow/example_dags/example_xcomargs.py
[2026-06-07T08:53:31.516+0000] {processor.py:914} INFO - Processing file /home/airflow/.local/lib/python3.12/site-packages/airflow/example_dags/example_xcomargs.py for tasks to queue
[2026-06-07T08:53:31.536+0000] {logging_mixin.py:190} INFO - [2026-06-07T08:53:31.535+0000] {dagbag.py:588} INFO - Filling up the DagBag from /home/airflow/.local/lib/python3.12/site-packages/airflow/example_dags/example_xcomargs.py
[2026-06-07T08:53:31.579+0000] {processor.py:925} INFO - DAG(s) 'example_xcom_args', 'example_xcom_args_with_operators' retrieved from /home/airflow/.local/lib/python3.12/site-packages/airflow/example_dags/example_xcomargs.py
[2026-06-07T08:53:31.737+0000] {logging_mixin.py:190} INFO - [2026-06-07T08:53:31.736+0000] {dag.py:3239} INFO - Sync 2 DAGs
[2026-06-07T08:53:31.813+0000] {logging_mixin.py:190} INFO - [2026-06-07T08:53:31.812+0000] {dag.py:4180} INFO - Setting next_dagrun for example_xcom_args to None, run_after=None
[2026-06-07T08:53:31.834+0000] {logging_mixin.py:190} INFO - [2026-06-07T08:53:31.833+0000] {dag.py:4180} INFO - Setting next_dagrun for example_xcom_args_with_operators to None, run_after=None
[2026-06-07T08:53:31.903+0000] {processor.py:208} INFO - Processing /home/airflow/.local/lib/python3.12/site-packages/airflow/example_dags/example_xcomargs.py took 0.412 seconds
[2026-06-07T08:54:05.378+0000] {processor.py:186} INFO - Started process (PID=1472) to work on /home/airflow/.local/lib/python3.12/site-packages/airflow/example_dags/example_xcomargs.py
[2026-06-07T08:54:05.381+0000] {processor.py:914} INFO - Processing file /home/airflow/.local/lib/python3.12/site-packages/airflow/example_dags/example_xcomargs.py for tasks to queue
[2026-06-07T08:54:05.399+0000] {logging_mixin.py:190} INFO - [2026-06-07T08:54:05.395+0000] {dagbag.py:588} INFO - Filling up the DagBag from /home/airflow/.local/lib/python3.12/site-packages/airflow/example_dags/example_xcomargs.py
[2026-06-07T08:54:05.444+0000] {processor.py:925} INFO - DAG(s) 'example_xcom_args', 'example_xcom_args_with_operators' retrieved from /home/airflow/.local/lib/python3.12/site-packages/airflow/example_dags/example_xcomargs.py
[2026-06-07T08:54:05.641+0000] {logging_mixin.py:190} INFO - [2026-06-07T08:54:05.640+0000] {dag.py:3239} INFO - Sync 2 DAGs
[2026-06-07T08:54:05.725+0000] {logging_mixin.py:190} INFO - [2026-06-07T08:54:05.724+0000] {dag.py:4180} INFO - Setting next_dagrun for example_xcom_args to None, run_after=None
[2026-06-07T08:54:05.743+0000] {logging_mixin.py:190} INFO - [2026-06-07T08:54:05.743+0000] {dag.py:4180} INFO - Setting next_dagrun for example_xcom_args_with_operators to None, run_after=None
[2026-06-07T08:54:05.852+0000] {processor.py:208} INFO - Processing /home/airflow/.local/lib/python3.12/site-packages/airflow/example_dags/example_xcomargs.py took 0.525 seconds
[2026-06-07T08:54:52.392+0000] {processor.py:186} INFO - Started process (PID=1534) to work on /home/airflow/.local/lib/python3.12/site-packages/airflow/example_dags/example_xcomargs.py
[2026-06-07T08:54:52.398+0000] {processor.py:914} INFO - Processing file /home/airflow/.local/lib/python3.12/site-packages/airflow/example_dags/example_xcomargs.py for tasks to queue
[2026-06-07T08:54:52.414+0000] {logging_mixin.py:190} INFO - [2026-06-07T08:54:52.413+0000] {dagbag.py:588} INFO - Filling up the DagBag from /home/airflow/.local/lib/python3.12/site-packages/airflow/example_dags/example_xcomargs.py
[2026-06-07T08:54:52.455+0000] {processor.py:925} INFO - DAG(s) 'example_xcom_args_with_operators', 'example_xcom_args' retrieved from /home/airflow/.local/lib/python3.12/site-packages/airflow/example_dags/example_xcomargs.py
[2026-06-07T08:54:52.556+0000] {logging_mixin.py:190} INFO - [2026-06-07T08:54:52.554+0000] {dag.py:3239} INFO - Sync 2 DAGs
[2026-06-07T08:54:52.724+0000] {logging_mixin.py:190} INFO - [2026-06-07T08:54:52.723+0000] {dag.py:4180} INFO - Setting next_dagrun for example_xcom_args to None, run_after=None
[2026-06-07T08:54:52.743+0000] {logging_mixin.py:190} INFO - [2026-06-07T08:54:52.743+0000] {dag.py:4180} INFO - Setting next_dagrun for example_xcom_args_with_operators to None, run_after=None
[2026-06-07T08:54:52.825+0000] {processor.py:208} INFO - Processing /home/airflow/.local/lib/python3.12/site-packages/airflow/example_dags/example_xcomargs.py took 0.469 seconds
[2026-06-07T08:55:37.969+0000] {processor.py:186} INFO - Started process (PID=1593) to work on /home/airflow/.local/lib/python3.12/site-packages/airflow/example_dags/example_xcomargs.py
[2026-06-07T08:55:37.971+0000] {processor.py:914} INFO - Processing file /home/airflow/.local/lib/python3.12/site-packages/airflow/example_dags/example_xcomargs.py for tasks to queue
[2026-06-07T08:55:37.974+0000] {logging_mixin.py:190} INFO - [2026-06-07T08:55:37.973+0000] {dagbag.py:588} INFO - Filling up the DagBag from /home/airflow/.local/lib/python3.12/site-packages/airflow/example_dags/example_xcomargs.py
[2026-06-07T08:55:37.999+0000] {processor.py:925} INFO - DAG(s) 'example_xcom_args_with_operators', 'example_xcom_args' retrieved from /home/airflow/.local/lib/python3.12/site-packages/airflow/example_dags/example_xcomargs.py
[2026-06-07T08:55:38.054+0000] {logging_mixin.py:190} INFO - [2026-06-07T08:55:38.054+0000] {dag.py:3239} INFO - Sync 2 DAGs
[2026-06-07T08:55:38.092+0000] {logging_mixin.py:190} INFO - [2026-06-07T08:55:38.092+0000] {dag.py:4180} INFO - Setting next_dagrun for example_xcom_args to None, run_after=None
[2026-06-07T08:55:38.100+0000] {logging_mixin.py:190} INFO - [2026-06-07T08:55:38.100+0000] {dag.py:4180} INFO - Setting next_dagrun for example_xcom_args_with_operators to None, run_after=None
[2026-06-07T08:55:38.143+0000] {processor.py:208} INFO - Processing /home/airflow/.local/lib/python3.12/site-packages/airflow/example_dags/example_xcomargs.py took 0.187 seconds
[2026-06-07T08:56:18.493+0000] {processor.py:186} INFO - Started process (PID=1638) to work on /home/airflow/.local/lib/python3.12/site-packages/airflow/example_dags/example_xcomargs.py
[2026-06-07T08:56:18.495+0000] {processor.py:914} INFO - Processing file /home/airflow/.local/lib/python3.12/site-packages/airflow/example_dags/example_xcomargs.py for tasks to queue
[2026-06-07T08:56:18.498+0000] {logging_mixin.py:190} INFO - [2026-06-07T08:56:18.497+0000] {dagbag.py:588} INFO - Filling up the DagBag from /home/airflow/.local/lib/python3.12/site-packages/airflow/example_dags/example_xcomargs.py
[2026-06-07T08:56:18.516+0000] {processor.py:925} INFO - DAG(s) 'example_xcom_args', 'example_xcom_args_with_operators' retrieved from /home/airflow/.local/lib/python3.12/site-packages/airflow/example_dags/example_xcomargs.py
[2026-06-07T08:56:18.567+0000] {logging_mixin.py:190} INFO - [2026-06-07T08:56:18.567+0000] {dag.py:3239} INFO - Sync 2 DAGs
[2026-06-07T08:56:18.595+0000] {logging_mixin.py:190} INFO - [2026-06-07T08:56:18.595+0000] {dag.py:4180} INFO - Setting next_dagrun for example_xcom_args to None, run_after=None
[2026-06-07T08:56:18.603+0000] {logging_mixin.py:190} INFO - [2026-06-07T08:56:18.603+0000] {dag.py:4180} INFO - Setting next_dagrun for example_xcom_args_with_operators to None, run_after=None
[2026-06-07T08:56:18.636+0000] {processor.py:208} INFO - Processing /home/airflow/.local/lib/python3.12/site-packages/airflow/example_dags/example_xcomargs.py took 0.154 seconds
[2026-06-07T08:56:49.875+0000] {processor.py:186} INFO - Started process (PID=1699) to work on /home/airflow/.local/lib/python3.12/site-packages/airflow/example_dags/example_xcomargs.py
[2026-06-07T08:56:49.878+0000] {processor.py:914} INFO - Processing file /home/airflow/.local/lib/python3.12/site-packages/airflow/example_dags/example_xcomargs.py for tasks to queue
[2026-06-07T08:56:49.882+0000] {logging_mixin.py:190} INFO - [2026-06-07T08:56:49.881+0000] {dagbag.py:588} INFO - Filling up the DagBag from /home/airflow/.local/lib/python3.12/site-packages/airflow/example_dags/example_xcomargs.py
[2026-06-07T08:56:49.910+0000] {processor.py:925} INFO - DAG(s) 'example_xcom_args', 'example_xcom_args_with_operators' retrieved from /home/airflow/.local/lib/python3.12/site-packages/airflow/example_dags/example_xcomargs.py
[2026-06-07T08:56:49.994+0000] {logging_mixin.py:190} INFO - [2026-06-07T08:56:49.994+0000] {dag.py:3239} INFO - Sync 2 DAGs
[2026-06-07T08:56:50.065+0000] {logging_mixin.py:190} INFO - [2026-06-07T08:56:50.060+0000] {dag.py:4180} INFO - Setting next_dagrun for example_xcom_args to None, run_after=None
[2026-06-07T08:56:50.084+0000] {logging_mixin.py:190} INFO - [2026-06-07T08:56:50.084+0000] {dag.py:4180} INFO - Setting next_dagrun for example_xcom_args_with_operators to None, run_after=None
[2026-06-07T08:56:50.202+0000] {processor.py:208} INFO - Processing /home/airflow/.local/lib/python3.12/site-packages/airflow/example_dags/example_xcomargs.py took 0.343 seconds
[2026-06-07T08:57:21.514+0000] {processor.py:186} INFO - Started process (PID=1758) to work on /home/airflow/.local/lib/python3.12/site-packages/airflow/example_dags/example_xcomargs.py
[2026-06-07T08:57:21.518+0000] {processor.py:914} INFO - Processing file /home/airflow/.local/lib/python3.12/site-packages/airflow/example_dags/example_xcomargs.py for tasks to queue
[2026-06-07T08:57:21.526+0000] {logging_mixin.py:190} INFO - [2026-06-07T08:57:21.522+0000] {dagbag.py:588} INFO - Filling up the DagBag from /home/airflow/.local/lib/python3.12/site-packages/airflow/example_dags/example_xcomargs.py
[2026-06-07T08:57:21.555+0000] {processor.py:925} INFO - DAG(s) 'example_xcom_args_with_operators', 'example_xcom_args' retrieved from /home/airflow/.local/lib/python3.12/site-packages/airflow/example_dags/example_xcomargs.py
[2026-06-07T08:57:21.635+0000] {logging_mixin.py:190} INFO - [2026-06-07T08:57:21.635+0000] {dag.py:3239} INFO - Sync 2 DAGs
[2026-06-07T08:57:21.680+0000] {logging_mixin.py:190} INFO - [2026-06-07T08:57:21.679+0000] {dag.py:4180} INFO - Setting next_dagrun for example_xcom_args to None, run_after=None
[2026-06-07T08:57:21.708+0000] {logging_mixin.py:190} INFO - [2026-06-07T08:57:21.702+0000] {dag.py:4180} INFO - Setting next_dagrun for example_xcom_args_with_operators to None, run_after=None
[2026-06-07T08:57:21.847+0000] {processor.py:208} INFO - Processing /home/airflow/.local/lib/python3.12/site-packages/airflow/example_dags/example_xcomargs.py took 0.353 seconds
[2026-06-07T10:17:01.548+0000] {processor.py:186} INFO - Started process (PID=90) to work on /home/airflow/.local/lib/python3.12/site-packages/airflow/example_dags/example_xcomargs.py
[2026-06-07T10:17:01.550+0000] {processor.py:914} INFO - Processing file /home/airflow/.local/lib/python3.12/site-packages/airflow/example_dags/example_xcomargs.py for tasks to queue
[2026-06-07T10:17:01.555+0000] {logging_mixin.py:190} INFO - [2026-06-07T10:17:01.554+0000] {dagbag.py:588} INFO - Filling up the DagBag from /home/airflow/.local/lib/python3.12/site-packages/airflow/example_dags/example_xcomargs.py
[2026-06-07T10:17:01.577+0000] {processor.py:925} INFO - DAG(s) 'example_xcom_args', 'example_xcom_args_with_operators' retrieved from /home/airflow/.local/lib/python3.12/site-packages/airflow/example_dags/example_xcomargs.py
[2026-06-07T10:17:01.819+0000] {logging_mixin.py:190} INFO - [2026-06-07T10:17:01.817+0000] {override.py:1932} INFO - Created Permission View: can delete on DAG:example_xcom_args
[2026-06-07T10:17:01.845+0000] {logging_mixin.py:190} INFO - [2026-06-07T10:17:01.844+0000] {override.py:1932} INFO - Created Permission View: can edit on DAG:example_xcom_args
[2026-06-07T10:17:01.861+0000] {logging_mixin.py:190} INFO - [2026-06-07T10:17:01.860+0000] {override.py:1932} INFO - Created Permission View: can read on DAG:example_xcom_args
[2026-06-07T10:17:01.893+0000] {logging_mixin.py:190} INFO - [2026-06-07T10:17:01.892+0000] {override.py:1932} INFO - Created Permission View: menu access on DAG Run:example_xcom_args
[2026-06-07T10:17:01.927+0000] {logging_mixin.py:190} INFO - [2026-06-07T10:17:01.927+0000] {override.py:1932} INFO - Created Permission View: can delete on DAG Run:example_xcom_args
[2026-06-07T10:17:01.949+0000] {logging_mixin.py:190} INFO - [2026-06-07T10:17:01.948+0000] {override.py:1932} INFO - Created Permission View: can create on DAG Run:example_xcom_args
[2026-06-07T10:17:01.969+0000] {logging_mixin.py:190} INFO - [2026-06-07T10:17:01.968+0000] {override.py:1932} INFO - Created Permission View: can read on DAG Run:example_xcom_args
[2026-06-07T10:17:02.005+0000] {logging_mixin.py:190} INFO - [2026-06-07T10:17:02.005+0000] {override.py:1932} INFO - Created Permission View: can delete on DAG:example_xcom_args_with_operators
[2026-06-07T10:17:02.027+0000] {logging_mixin.py:190} INFO - [2026-06-07T10:17:02.026+0000] {override.py:1932} INFO - Created Permission View: can edit on DAG:example_xcom_args_with_operators
[2026-06-07T10:17:02.049+0000] {logging_mixin.py:190} INFO - [2026-06-07T10:17:02.049+0000] {override.py:1932} INFO - Created Permission View: can read on DAG:example_xcom_args_with_operators
[2026-06-07T10:17:02.070+0000] {logging_mixin.py:190} INFO - [2026-06-07T10:17:02.070+0000] {override.py:1932} INFO - Created Permission View: menu access on DAG Run:example_xcom_args_with_operators
[2026-06-07T10:17:02.091+0000] {logging_mixin.py:190} INFO - [2026-06-07T10:17:02.091+0000] {override.py:1932} INFO - Created Permission View: can delete on DAG Run:example_xcom_args_with_operators
[2026-06-07T10:17:02.110+0000] {logging_mixin.py:190} INFO - [2026-06-07T10:17:02.110+0000] {override.py:1932} INFO - Created Permission View: can create on DAG Run:example_xcom_args_with_operators
[2026-06-07T10:17:02.137+0000] {logging_mixin.py:190} INFO - [2026-06-07T10:17:02.136+0000] {override.py:1932} INFO - Created Permission View: can read on DAG Run:example_xcom_args_with_operators
[2026-06-07T10:17:02.140+0000] {logging_mixin.py:190} INFO - [2026-06-07T10:17:02.138+0000] {dag.py:3239} INFO - Sync 2 DAGs
[2026-06-07T10:17:02.170+0000] {logging_mixin.py:190} INFO - [2026-06-07T10:17:02.170+0000] {dag.py:3262} INFO - Creating ORM DAG for example_xcom_args_with_operators
[2026-06-07T10:17:02.172+0000] {logging_mixin.py:190} INFO - [2026-06-07T10:17:02.172+0000] {dag.py:3262} INFO - Creating ORM DAG for example_xcom_args
[2026-06-07T10:17:02.174+0000] {logging_mixin.py:190} INFO - [2026-06-07T10:17:02.174+0000] {dag.py:4180} INFO - Setting next_dagrun for example_xcom_args to None, run_after=None
[2026-06-07T10:17:02.177+0000] {logging_mixin.py:190} INFO - [2026-06-07T10:17:02.176+0000] {dag.py:4180} INFO - Setting next_dagrun for example_xcom_args_with_operators to None, run_after=None
[2026-06-07T10:17:02.219+0000] {processor.py:208} INFO - Processing /home/airflow/.local/lib/python3.12/site-packages/airflow/example_dags/example_xcomargs.py took 0.683 seconds
[2026-06-07T10:18:10.419+0000] {processor.py:186} INFO - Started process (PID=159) to work on /home/airflow/.local/lib/python3.12/site-packages/airflow/example_dags/example_xcomargs.py
[2026-06-07T10:18:10.423+0000] {processor.py:914} INFO - Processing file /home/airflow/.local/lib/python3.12/site-packages/airflow/example_dags/example_xcomargs.py for tasks to queue
[2026-06-07T10:18:10.433+0000] {logging_mixin.py:190} INFO - [2026-06-07T10:18:10.432+0000] {dagbag.py:588} INFO - Filling up the DagBag from /home/airflow/.local/lib/python3.12/site-packages/airflow/example_dags/example_xcomargs.py
[2026-06-07T10:18:10.462+0000] {processor.py:925} INFO - DAG(s) 'example_xcom_args', 'example_xcom_args_with_operators' retrieved from /home/airflow/.local/lib/python3.12/site-packages/airflow/example_dags/example_xcomargs.py
[2026-06-07T10:18:10.549+0000] {logging_mixin.py:190} INFO - [2026-06-07T10:18:10.548+0000] {dag.py:3239} INFO - Sync 2 DAGs
[2026-06-07T10:18:10.596+0000] {logging_mixin.py:190} INFO - [2026-06-07T10:18:10.595+0000] {dag.py:4180} INFO - Setting next_dagrun for example_xcom_args to None, run_after=None
[2026-06-07T10:18:10.611+0000] {logging_mixin.py:190} INFO - [2026-06-07T10:18:10.610+0000] {dag.py:4180} INFO - Setting next_dagrun for example_xcom_args_with_operators to None, run_after=None
[2026-06-07T10:18:10.675+0000] {processor.py:208} INFO - Processing /home/airflow/.local/lib/python3.12/site-packages/airflow/example_dags/example_xcomargs.py took 0.270 seconds
[2026-06-07T10:18:58.357+0000] {processor.py:186} INFO - Started process (PID=228) to work on /home/airflow/.local/lib/python3.12/site-packages/airflow/example_dags/example_xcomargs.py
[2026-06-07T10:18:58.362+0000] {processor.py:914} INFO - Processing file /home/airflow/.local/lib/python3.12/site-packages/airflow/example_dags/example_xcomargs.py for tasks to queue
[2026-06-07T10:18:58.379+0000] {logging_mixin.py:190} INFO - [2026-06-07T10:18:58.378+0000] {dagbag.py:588} INFO - Filling up the DagBag from /home/airflow/.local/lib/python3.12/site-packages/airflow/example_dags/example_xcomargs.py
[2026-06-07T10:18:58.425+0000] {processor.py:925} INFO - DAG(s) 'example_xcom_args', 'example_xcom_args_with_operators' retrieved from /home/airflow/.local/lib/python3.12/site-packages/airflow/example_dags/example_xcomargs.py
[2026-06-07T10:18:58.515+0000] {logging_mixin.py:190} INFO - [2026-06-07T10:18:58.515+0000] {dag.py:3239} INFO - Sync 2 DAGs
[2026-06-07T10:18:58.552+0000] {logging_mixin.py:190} INFO - [2026-06-07T10:18:58.551+0000] {dag.py:4180} INFO - Setting next_dagrun for example_xcom_args to None, run_after=None
[2026-06-07T10:18:58.562+0000] {logging_mixin.py:190} INFO - [2026-06-07T10:18:58.562+0000] {dag.py:4180} INFO - Setting next_dagrun for example_xcom_args_with_operators to None, run_after=None
[2026-06-07T10:18:58.601+0000] {processor.py:208} INFO - Processing /home/airflow/.local/lib/python3.12/site-packages/airflow/example_dags/example_xcomargs.py took 0.272 seconds
[2026-06-07T10:19:36.618+0000] {processor.py:186} INFO - Started process (PID=277) to work on /home/airflow/.local/lib/python3.12/site-packages/airflow/example_dags/example_xcomargs.py
[2026-06-07T10:19:36.623+0000] {processor.py:914} INFO - Processing file /home/airflow/.local/lib/python3.12/site-packages/airflow/example_dags/example_xcomargs.py for tasks to queue
[2026-06-07T10:19:36.636+0000] {logging_mixin.py:190} INFO - [2026-06-07T10:19:36.634+0000] {dagbag.py:588} INFO - Filling up the DagBag from /home/airflow/.local/lib/python3.12/site-packages/airflow/example_dags/example_xcomargs.py
[2026-06-07T10:19:36.685+0000] {processor.py:925} INFO - DAG(s) 'example_xcom_args_with_operators', 'example_xcom_args' retrieved from /home/airflow/.local/lib/python3.12/site-packages/airflow/example_dags/example_xcomargs.py
[2026-06-07T10:19:36.782+0000] {logging_mixin.py:190} INFO - [2026-06-07T10:19:36.782+0000] {dag.py:3239} INFO - Sync 2 DAGs
[2026-06-07T10:19:36.837+0000] {logging_mixin.py:190} INFO - [2026-06-07T10:19:36.837+0000] {dag.py:4180} INFO - Setting next_dagrun for example_xcom_args to None, run_after=None
[2026-06-07T10:19:36.857+0000] {logging_mixin.py:190} INFO - [2026-06-07T10:19:36.857+0000] {dag.py:4180} INFO - Setting next_dagrun for example_xcom_args_with_operators to None, run_after=None
[2026-06-07T10:19:36.922+0000] {processor.py:208} INFO - Processing /home/airflow/.local/lib/python3.12/site-packages/airflow/example_dags/example_xcomargs.py took 0.321 seconds
[2026-06-07T10:20:15.747+0000] {processor.py:186} INFO - Started process (PID=344) to work on /home/airflow/.local/lib/python3.12/site-packages/airflow/example_dags/example_xcomargs.py
[2026-06-07T10:20:15.755+0000] {processor.py:914} INFO - Processing file /home/airflow/.local/lib/python3.12/site-packages/airflow/example_dags/example_xcomargs.py for tasks to queue
[2026-06-07T10:20:15.762+0000] {logging_mixin.py:190} INFO - [2026-06-07T10:20:15.761+0000] {dagbag.py:588} INFO - Filling up the DagBag from /home/airflow/.local/lib/python3.12/site-packages/airflow/example_dags/example_xcomargs.py
[2026-06-07T10:20:15.810+0000] {processor.py:925} INFO - DAG(s) 'example_xcom_args', 'example_xcom_args_with_operators' retrieved from /home/airflow/.local/lib/python3.12/site-packages/airflow/example_dags/example_xcomargs.py
[2026-06-07T10:20:15.915+0000] {logging_mixin.py:190} INFO - [2026-06-07T10:20:15.915+0000] {dag.py:3239} INFO - Sync 2 DAGs
[2026-06-07T10:20:15.977+0000] {logging_mixin.py:190} INFO - [2026-06-07T10:20:15.976+0000] {dag.py:4180} INFO - Setting next_dagrun for example_xcom_args to None, run_after=None
[2026-06-07T10:20:15.990+0000] {logging_mixin.py:190} INFO - [2026-06-07T10:20:15.990+0000] {dag.py:4180} INFO - Setting next_dagrun for example_xcom_args_with_operators to None, run_after=None
[2026-06-07T10:20:16.071+0000] {processor.py:208} INFO - Processing /home/airflow/.local/lib/python3.12/site-packages/airflow/example_dags/example_xcomargs.py took 0.346 seconds
[2026-06-07T10:21:13.513+0000] {processor.py:186} INFO - Started process (PID=407) to work on /home/airflow/.local/lib/python3.12/site-packages/airflow/example_dags/example_xcomargs.py
[2026-06-07T10:21:13.516+0000] {processor.py:914} INFO - Processing file /home/airflow/.local/lib/python3.12/site-packages/airflow/example_dags/example_xcomargs.py for tasks to queue
[2026-06-07T10:21:13.524+0000] {logging_mixin.py:190} INFO - [2026-06-07T10:21:13.523+0000] {dagbag.py:588} INFO - Filling up the DagBag from /home/airflow/.local/lib/python3.12/site-packages/airflow/example_dags/example_xcomargs.py
[2026-06-07T10:21:13.577+0000] {processor.py:925} INFO - DAG(s) 'example_xcom_args_with_operators', 'example_xcom_args' retrieved from /home/airflow/.local/lib/python3.12/site-packages/airflow/example_dags/example_xcomargs.py
[2026-06-07T10:21:13.694+0000] {logging_mixin.py:190} INFO - [2026-06-07T10:21:13.693+0000] {dag.py:3239} INFO - Sync 2 DAGs
[2026-06-07T10:21:13.772+0000] {logging_mixin.py:190} INFO - [2026-06-07T10:21:13.772+0000] {dag.py:4180} INFO - Setting next_dagrun for example_xcom_args to None, run_after=None
[2026-06-07T10:21:13.783+0000] {logging_mixin.py:190} INFO - [2026-06-07T10:21:13.783+0000] {dag.py:4180} INFO - Setting next_dagrun for example_xcom_args_with_operators to None, run_after=None
[2026-06-07T10:21:13.837+0000] {processor.py:208} INFO - Processing /home/airflow/.local/lib/python3.12/site-packages/airflow/example_dags/example_xcomargs.py took 0.343 seconds
[2026-06-07T10:22:19.467+0000] {processor.py:186} INFO - Started process (PID=485) to work on /home/airflow/.local/lib/python3.12/site-packages/airflow/example_dags/example_xcomargs.py
[2026-06-07T10:22:19.472+0000] {processor.py:914} INFO - Processing file /home/airflow/.local/lib/python3.12/site-packages/airflow/example_dags/example_xcomargs.py for tasks to queue
[2026-06-07T10:22:19.494+0000] {logging_mixin.py:190} INFO - [2026-06-07T10:22:19.494+0000] {dagbag.py:588} INFO - Filling up the DagBag from /home/airflow/.local/lib/python3.12/site-packages/airflow/example_dags/example_xcomargs.py
[2026-06-07T10:22:19.567+0000] {processor.py:925} INFO - DAG(s) 'example_xcom_args_with_operators', 'example_xcom_args' retrieved from /home/airflow/.local/lib/python3.12/site-packages/airflow/example_dags/example_xcomargs.py
[2026-06-07T10:22:19.700+0000] {logging_mixin.py:190} INFO - [2026-06-07T10:22:19.699+0000] {dag.py:3239} INFO - Sync 2 DAGs
[2026-06-07T10:22:19.761+0000] {logging_mixin.py:190} INFO - [2026-06-07T10:22:19.761+0000] {dag.py:4180} INFO - Setting next_dagrun for example_xcom_args to None, run_after=None
[2026-06-07T10:22:19.777+0000] {logging_mixin.py:190} INFO - [2026-06-07T10:22:19.777+0000] {dag.py:4180} INFO - Setting next_dagrun for example_xcom_args_with_operators to None, run_after=None
[2026-06-07T10:22:19.828+0000] {processor.py:208} INFO - Processing /home/airflow/.local/lib/python3.12/site-packages/airflow/example_dags/example_xcomargs.py took 0.406 seconds
[2026-06-07T10:23:01.253+0000] {processor.py:186} INFO - Started process (PID=545) to work on /home/airflow/.local/lib/python3.12/site-packages/airflow/example_dags/example_xcomargs.py
[2026-06-07T10:23:01.262+0000] {processor.py:914} INFO - Processing file /home/airflow/.local/lib/python3.12/site-packages/airflow/example_dags/example_xcomargs.py for tasks to queue
[2026-06-07T10:23:01.274+0000] {logging_mixin.py:190} INFO - [2026-06-07T10:23:01.273+0000] {dagbag.py:588} INFO - Filling up the DagBag from /home/airflow/.local/lib/python3.12/site-packages/airflow/example_dags/example_xcomargs.py
[2026-06-07T10:23:01.323+0000] {processor.py:925} INFO - DAG(s) 'example_xcom_args_with_operators', 'example_xcom_args' retrieved from /home/airflow/.local/lib/python3.12/site-packages/airflow/example_dags/example_xcomargs.py
[2026-06-07T10:23:01.458+0000] {logging_mixin.py:190} INFO - [2026-06-07T10:23:01.458+0000] {dag.py:3239} INFO - Sync 2 DAGs
[2026-06-07T10:23:01.510+0000] {logging_mixin.py:190} INFO - [2026-06-07T10:23:01.508+0000] {dag.py:4180} INFO - Setting next_dagrun for example_xcom_args to None, run_after=None
[2026-06-07T10:23:01.523+0000] {logging_mixin.py:190} INFO - [2026-06-07T10:23:01.522+0000] {dag.py:4180} INFO - Setting next_dagrun for example_xcom_args_with_operators to None, run_after=None
[2026-06-07T10:23:01.589+0000] {processor.py:208} INFO - Processing /home/airflow/.local/lib/python3.12/site-packages/airflow/example_dags/example_xcomargs.py took 0.353 seconds
[2026-06-07T10:23:58.656+0000] {processor.py:186} INFO - Started process (PID=613) to work on /home/airflow/.local/lib/python3.12/site-packages/airflow/example_dags/example_xcomargs.py
[2026-06-07T10:23:58.661+0000] {processor.py:914} INFO - Processing file /home/airflow/.local/lib/python3.12/site-packages/airflow/example_dags/example_xcomargs.py for tasks to queue
[2026-06-07T10:23:58.670+0000] {logging_mixin.py:190} INFO - [2026-06-07T10:23:58.669+0000] {dagbag.py:588} INFO - Filling up the DagBag from /home/airflow/.local/lib/python3.12/site-packages/airflow/example_dags/example_xcomargs.py
[2026-06-07T10:23:58.701+0000] {processor.py:925} INFO - DAG(s) 'example_xcom_args_with_operators', 'example_xcom_args' retrieved from /home/airflow/.local/lib/python3.12/site-packages/airflow/example_dags/example_xcomargs.py
[2026-06-07T10:23:58.788+0000] {logging_mixin.py:190} INFO - [2026-06-07T10:23:58.788+0000] {dag.py:3239} INFO - Sync 2 DAGs
[2026-06-07T10:23:58.828+0000] {logging_mixin.py:190} INFO - [2026-06-07T10:23:58.827+0000] {dag.py:4180} INFO - Setting next_dagrun for example_xcom_args to None, run_after=None
[2026-06-07T10:23:58.840+0000] {logging_mixin.py:190} INFO - [2026-06-07T10:23:58.839+0000] {dag.py:4180} INFO - Setting next_dagrun for example_xcom_args_with_operators to None, run_after=None
[2026-06-07T10:23:58.891+0000] {processor.py:208} INFO - Processing /home/airflow/.local/lib/python3.12/site-packages/airflow/example_dags/example_xcomargs.py took 0.250 seconds
[2026-06-07T10:24:45.331+0000] {processor.py:186} INFO - Started process (PID=667) to work on /home/airflow/.local/lib/python3.12/site-packages/airflow/example_dags/example_xcomargs.py
[2026-06-07T10:24:45.339+0000] {processor.py:914} INFO - Processing file /home/airflow/.local/lib/python3.12/site-packages/airflow/example_dags/example_xcomargs.py for tasks to queue
[2026-06-07T10:24:45.353+0000] {logging_mixin.py:190} INFO - [2026-06-07T10:24:45.352+0000] {dagbag.py:588} INFO - Filling up the DagBag from /home/airflow/.local/lib/python3.12/site-packages/airflow/example_dags/example_xcomargs.py
[2026-06-07T10:24:45.442+0000] {processor.py:925} INFO - DAG(s) 'example_xcom_args', 'example_xcom_args_with_operators' retrieved from /home/airflow/.local/lib/python3.12/site-packages/airflow/example_dags/example_xcomargs.py
[2026-06-07T10:24:45.588+0000] {logging_mixin.py:190} INFO - [2026-06-07T10:24:45.587+0000] {dag.py:3239} INFO - Sync 2 DAGs
[2026-06-07T10:24:45.670+0000] {logging_mixin.py:190} INFO - [2026-06-07T10:24:45.670+0000] {dag.py:4180} INFO - Setting next_dagrun for example_xcom_args to None, run_after=None
[2026-06-07T10:24:45.709+0000] {logging_mixin.py:190} INFO - [2026-06-07T10:24:45.708+0000] {dag.py:4180} INFO - Setting next_dagrun for example_xcom_args_with_operators to None, run_after=None
[2026-06-07T10:24:45.854+0000] {processor.py:208} INFO - Processing /home/airflow/.local/lib/python3.12/site-packages/airflow/example_dags/example_xcomargs.py took 0.539 seconds
[2026-06-07T10:25:26.680+0000] {processor.py:186} INFO - Started process (PID=724) to work on /home/airflow/.local/lib/python3.12/site-packages/airflow/example_dags/example_xcomargs.py
[2026-06-07T10:25:26.682+0000] {processor.py:914} INFO - Processing file /home/airflow/.local/lib/python3.12/site-packages/airflow/example_dags/example_xcomargs.py for tasks to queue
[2026-06-07T10:25:26.686+0000] {logging_mixin.py:190} INFO - [2026-06-07T10:25:26.685+0000] {dagbag.py:588} INFO - Filling up the DagBag from /home/airflow/.local/lib/python3.12/site-packages/airflow/example_dags/example_xcomargs.py
[2026-06-07T10:25:26.712+0000] {processor.py:925} INFO - DAG(s) 'example_xcom_args', 'example_xcom_args_with_operators' retrieved from /home/airflow/.local/lib/python3.12/site-packages/airflow/example_dags/example_xcomargs.py
[2026-06-07T10:25:26.791+0000] {logging_mixin.py:190} INFO - [2026-06-07T10:25:26.790+0000] {dag.py:3239} INFO - Sync 2 DAGs
[2026-06-07T10:25:26.834+0000] {logging_mixin.py:190} INFO - [2026-06-07T10:25:26.833+0000] {dag.py:4180} INFO - Setting next_dagrun for example_xcom_args to None, run_after=None
[2026-06-07T10:25:26.843+0000] {logging_mixin.py:190} INFO - [2026-06-07T10:25:26.843+0000] {dag.py:4180} INFO - Setting next_dagrun for example_xcom_args_with_operators to None, run_after=None
[2026-06-07T10:25:26.881+0000] {processor.py:208} INFO - Processing /home/airflow/.local/lib/python3.12/site-packages/airflow/example_dags/example_xcomargs.py took 0.217 seconds
[2026-06-07T10:26:25.582+0000] {processor.py:186} INFO - Started process (PID=792) to work on /home/airflow/.local/lib/python3.12/site-packages/airflow/example_dags/example_xcomargs.py
[2026-06-07T10:26:25.584+0000] {processor.py:914} INFO - Processing file /home/airflow/.local/lib/python3.12/site-packages/airflow/example_dags/example_xcomargs.py for tasks to queue
[2026-06-07T10:26:25.586+0000] {logging_mixin.py:190} INFO - [2026-06-07T10:26:25.586+0000] {dagbag.py:588} INFO - Filling up the DagBag from /home/airflow/.local/lib/python3.12/site-packages/airflow/example_dags/example_xcomargs.py
[2026-06-07T10:26:25.611+0000] {processor.py:925} INFO - DAG(s) 'example_xcom_args', 'example_xcom_args_with_operators' retrieved from /home/airflow/.local/lib/python3.12/site-packages/airflow/example_dags/example_xcomargs.py
[2026-06-07T10:26:25.668+0000] {logging_mixin.py:190} INFO - [2026-06-07T10:26:25.668+0000] {dag.py:3239} INFO - Sync 2 DAGs
[2026-06-07T10:26:25.705+0000] {logging_mixin.py:190} INFO - [2026-06-07T10:26:25.704+0000] {dag.py:4180} INFO - Setting next_dagrun for example_xcom_args to None, run_after=None
[2026-06-07T10:26:25.721+0000] {logging_mixin.py:190} INFO - [2026-06-07T10:26:25.721+0000] {dag.py:4180} INFO - Setting next_dagrun for example_xcom_args_with_operators to None, run_after=None
[2026-06-07T10:26:25.776+0000] {processor.py:208} INFO - Processing /home/airflow/.local/lib/python3.12/site-packages/airflow/example_dags/example_xcomargs.py took 0.206 seconds
