[2026-06-07T08:16:28.833+0000] {processor.py:186} INFO - Started process (PID=101) to work on /home/airflow/.local/lib/python3.12/site-packages/airflow/example_dags/example_sensor_decorator.py
[2026-06-07T08:16:28.835+0000] {processor.py:914} INFO - Processing file /home/airflow/.local/lib/python3.12/site-packages/airflow/example_dags/example_sensor_decorator.py for tasks to queue
[2026-06-07T08:16:28.841+0000] {logging_mixin.py:190} INFO - [2026-06-07T08:16:28.840+0000] {dagbag.py:588} INFO - Filling up the DagBag from /home/airflow/.local/lib/python3.12/site-packages/airflow/example_dags/example_sensor_decorator.py
[2026-06-07T08:16:28.860+0000] {processor.py:925} INFO - DAG(s) 'example_sensor_decorator' retrieved from /home/airflow/.local/lib/python3.12/site-packages/airflow/example_dags/example_sensor_decorator.py
[2026-06-07T08:16:28.907+0000] {logging_mixin.py:190} INFO - [2026-06-07T08:16:28.907+0000] {dag.py:3239} INFO - Sync 1 DAGs
[2026-06-07T08:16:28.939+0000] {logging_mixin.py:190} INFO - [2026-06-07T08:16:28.939+0000] {dag.py:4180} INFO - Setting next_dagrun for example_sensor_decorator to None, run_after=None
[2026-06-07T08:16:28.978+0000] {processor.py:208} INFO - Processing /home/airflow/.local/lib/python3.12/site-packages/airflow/example_dags/example_sensor_decorator.py took 0.156 seconds
[2026-06-07T08:17:17.017+0000] {processor.py:186} INFO - Started process (PID=169) to work on /home/airflow/.local/lib/python3.12/site-packages/airflow/example_dags/example_sensor_decorator.py
[2026-06-07T08:17:17.020+0000] {processor.py:914} INFO - Processing file /home/airflow/.local/lib/python3.12/site-packages/airflow/example_dags/example_sensor_decorator.py for tasks to queue
[2026-06-07T08:17:17.027+0000] {logging_mixin.py:190} INFO - [2026-06-07T08:17:17.026+0000] {dagbag.py:588} INFO - Filling up the DagBag from /home/airflow/.local/lib/python3.12/site-packages/airflow/example_dags/example_sensor_decorator.py
[2026-06-07T08:17:17.049+0000] {processor.py:925} INFO - DAG(s) 'example_sensor_decorator' retrieved from /home/airflow/.local/lib/python3.12/site-packages/airflow/example_dags/example_sensor_decorator.py
[2026-06-07T08:17:17.117+0000] {logging_mixin.py:190} INFO - [2026-06-07T08:17:17.116+0000] {dag.py:3239} INFO - Sync 1 DAGs
[2026-06-07T08:17:17.157+0000] {logging_mixin.py:190} INFO - [2026-06-07T08:17:17.156+0000] {dag.py:4180} INFO - Setting next_dagrun for example_sensor_decorator to None, run_after=None
[2026-06-07T08:17:17.220+0000] {processor.py:208} INFO - Processing /home/airflow/.local/lib/python3.12/site-packages/airflow/example_dags/example_sensor_decorator.py took 0.223 seconds
[2026-06-07T08:17:53.942+0000] {processor.py:186} INFO - Started process (PID=232) to work on /home/airflow/.local/lib/python3.12/site-packages/airflow/example_dags/example_sensor_decorator.py
[2026-06-07T08:17:53.944+0000] {processor.py:914} INFO - Processing file /home/airflow/.local/lib/python3.12/site-packages/airflow/example_dags/example_sensor_decorator.py for tasks to queue
[2026-06-07T08:17:53.951+0000] {logging_mixin.py:190} INFO - [2026-06-07T08:17:53.951+0000] {dagbag.py:588} INFO - Filling up the DagBag from /home/airflow/.local/lib/python3.12/site-packages/airflow/example_dags/example_sensor_decorator.py
[2026-06-07T08:17:53.968+0000] {processor.py:925} INFO - DAG(s) 'example_sensor_decorator' retrieved from /home/airflow/.local/lib/python3.12/site-packages/airflow/example_dags/example_sensor_decorator.py
[2026-06-07T08:17:54.052+0000] {logging_mixin.py:190} INFO - [2026-06-07T08:17:54.051+0000] {dag.py:3239} INFO - Sync 1 DAGs
[2026-06-07T08:17:54.095+0000] {logging_mixin.py:190} INFO - [2026-06-07T08:17:54.094+0000] {dag.py:4180} INFO - Setting next_dagrun for example_sensor_decorator to None, run_after=None
[2026-06-07T08:17:54.144+0000] {processor.py:208} INFO - Processing /home/airflow/.local/lib/python3.12/site-packages/airflow/example_dags/example_sensor_decorator.py took 0.218 seconds
[2026-06-07T08:18:24.881+0000] {processor.py:186} INFO - Started process (PID=294) to work on /home/airflow/.local/lib/python3.12/site-packages/airflow/example_dags/example_sensor_decorator.py
[2026-06-07T08:18:24.883+0000] {processor.py:914} INFO - Processing file /home/airflow/.local/lib/python3.12/site-packages/airflow/example_dags/example_sensor_decorator.py for tasks to queue
[2026-06-07T08:18:24.892+0000] {logging_mixin.py:190} INFO - [2026-06-07T08:18:24.891+0000] {dagbag.py:588} INFO - Filling up the DagBag from /home/airflow/.local/lib/python3.12/site-packages/airflow/example_dags/example_sensor_decorator.py
[2026-06-07T08:18:24.909+0000] {processor.py:925} INFO - DAG(s) 'example_sensor_decorator' retrieved from /home/airflow/.local/lib/python3.12/site-packages/airflow/example_dags/example_sensor_decorator.py
[2026-06-07T08:18:24.960+0000] {logging_mixin.py:190} INFO - [2026-06-07T08:18:24.960+0000] {dag.py:3239} INFO - Sync 1 DAGs
[2026-06-07T08:18:24.990+0000] {logging_mixin.py:190} INFO - [2026-06-07T08:18:24.990+0000] {dag.py:4180} INFO - Setting next_dagrun for example_sensor_decorator to None, run_after=None
[2026-06-07T08:18:25.030+0000] {processor.py:208} INFO - Processing /home/airflow/.local/lib/python3.12/site-packages/airflow/example_dags/example_sensor_decorator.py took 0.160 seconds
[2026-06-07T08:19:04.249+0000] {processor.py:186} INFO - Started process (PID=352) to work on /home/airflow/.local/lib/python3.12/site-packages/airflow/example_dags/example_sensor_decorator.py
[2026-06-07T08:19:04.253+0000] {processor.py:914} INFO - Processing file /home/airflow/.local/lib/python3.12/site-packages/airflow/example_dags/example_sensor_decorator.py for tasks to queue
[2026-06-07T08:19:04.262+0000] {logging_mixin.py:190} INFO - [2026-06-07T08:19:04.261+0000] {dagbag.py:588} INFO - Filling up the DagBag from /home/airflow/.local/lib/python3.12/site-packages/airflow/example_dags/example_sensor_decorator.py
[2026-06-07T08:19:04.282+0000] {processor.py:925} INFO - DAG(s) 'example_sensor_decorator' retrieved from /home/airflow/.local/lib/python3.12/site-packages/airflow/example_dags/example_sensor_decorator.py
[2026-06-07T08:19:04.344+0000] {logging_mixin.py:190} INFO - [2026-06-07T08:19:04.343+0000] {dag.py:3239} INFO - Sync 1 DAGs
[2026-06-07T08:19:04.381+0000] {logging_mixin.py:190} INFO - [2026-06-07T08:19:04.381+0000] {dag.py:4180} INFO - Setting next_dagrun for example_sensor_decorator to None, run_after=None
[2026-06-07T08:19:04.423+0000] {processor.py:208} INFO - Processing /home/airflow/.local/lib/python3.12/site-packages/airflow/example_dags/example_sensor_decorator.py took 0.186 seconds
[2026-06-07T08:19:36.654+0000] {processor.py:186} INFO - Started process (PID=414) to work on /home/airflow/.local/lib/python3.12/site-packages/airflow/example_dags/example_sensor_decorator.py
[2026-06-07T08:19:36.659+0000] {processor.py:914} INFO - Processing file /home/airflow/.local/lib/python3.12/site-packages/airflow/example_dags/example_sensor_decorator.py for tasks to queue
[2026-06-07T08:19:36.680+0000] {logging_mixin.py:190} INFO - [2026-06-07T08:19:36.677+0000] {dagbag.py:588} INFO - Filling up the DagBag from /home/airflow/.local/lib/python3.12/site-packages/airflow/example_dags/example_sensor_decorator.py
[2026-06-07T08:19:36.740+0000] {processor.py:925} INFO - DAG(s) 'example_sensor_decorator' retrieved from /home/airflow/.local/lib/python3.12/site-packages/airflow/example_dags/example_sensor_decorator.py
[2026-06-07T08:19:36.845+0000] {logging_mixin.py:190} INFO - [2026-06-07T08:19:36.841+0000] {dag.py:3239} INFO - Sync 1 DAGs
[2026-06-07T08:19:36.968+0000] {logging_mixin.py:190} INFO - [2026-06-07T08:19:36.965+0000] {dag.py:4180} INFO - Setting next_dagrun for example_sensor_decorator to None, run_after=None
[2026-06-07T08:19:37.056+0000] {processor.py:208} INFO - Processing /home/airflow/.local/lib/python3.12/site-packages/airflow/example_dags/example_sensor_decorator.py took 0.425 seconds
[2026-06-07T08:20:14.074+0000] {processor.py:186} INFO - Started process (PID=479) to work on /home/airflow/.local/lib/python3.12/site-packages/airflow/example_dags/example_sensor_decorator.py
[2026-06-07T08:20:14.077+0000] {processor.py:914} INFO - Processing file /home/airflow/.local/lib/python3.12/site-packages/airflow/example_dags/example_sensor_decorator.py for tasks to queue
[2026-06-07T08:20:14.088+0000] {logging_mixin.py:190} INFO - [2026-06-07T08:20:14.087+0000] {dagbag.py:588} INFO - Filling up the DagBag from /home/airflow/.local/lib/python3.12/site-packages/airflow/example_dags/example_sensor_decorator.py
[2026-06-07T08:20:14.147+0000] {processor.py:925} INFO - DAG(s) 'example_sensor_decorator' retrieved from /home/airflow/.local/lib/python3.12/site-packages/airflow/example_dags/example_sensor_decorator.py
[2026-06-07T08:20:14.258+0000] {logging_mixin.py:190} INFO - [2026-06-07T08:20:14.257+0000] {dag.py:3239} INFO - Sync 1 DAGs
[2026-06-07T08:20:14.352+0000] {logging_mixin.py:190} INFO - [2026-06-07T08:20:14.350+0000] {dag.py:4180} INFO - Setting next_dagrun for example_sensor_decorator to None, run_after=None
[2026-06-07T08:20:14.439+0000] {processor.py:208} INFO - Processing /home/airflow/.local/lib/python3.12/site-packages/airflow/example_dags/example_sensor_decorator.py took 0.386 seconds
[2026-06-07T08:20:46.999+0000] {processor.py:186} INFO - Started process (PID=542) to work on /home/airflow/.local/lib/python3.12/site-packages/airflow/example_dags/example_sensor_decorator.py
[2026-06-07T08:20:47.001+0000] {processor.py:914} INFO - Processing file /home/airflow/.local/lib/python3.12/site-packages/airflow/example_dags/example_sensor_decorator.py for tasks to queue
[2026-06-07T08:20:47.013+0000] {logging_mixin.py:190} INFO - [2026-06-07T08:20:47.012+0000] {dagbag.py:588} INFO - Filling up the DagBag from /home/airflow/.local/lib/python3.12/site-packages/airflow/example_dags/example_sensor_decorator.py
[2026-06-07T08:20:47.038+0000] {processor.py:925} INFO - DAG(s) 'example_sensor_decorator' retrieved from /home/airflow/.local/lib/python3.12/site-packages/airflow/example_dags/example_sensor_decorator.py
[2026-06-07T08:20:47.099+0000] {logging_mixin.py:190} INFO - [2026-06-07T08:20:47.099+0000] {dag.py:3239} INFO - Sync 1 DAGs
[2026-06-07T08:20:47.140+0000] {logging_mixin.py:190} INFO - [2026-06-07T08:20:47.140+0000] {dag.py:4180} INFO - Setting next_dagrun for example_sensor_decorator to None, run_after=None
[2026-06-07T08:20:47.181+0000] {processor.py:208} INFO - Processing /home/airflow/.local/lib/python3.12/site-packages/airflow/example_dags/example_sensor_decorator.py took 0.197 seconds
[2026-06-07T08:21:21.674+0000] {processor.py:186} INFO - Started process (PID=604) to work on /home/airflow/.local/lib/python3.12/site-packages/airflow/example_dags/example_sensor_decorator.py
[2026-06-07T08:21:21.676+0000] {processor.py:914} INFO - Processing file /home/airflow/.local/lib/python3.12/site-packages/airflow/example_dags/example_sensor_decorator.py for tasks to queue
[2026-06-07T08:21:21.682+0000] {logging_mixin.py:190} INFO - [2026-06-07T08:21:21.681+0000] {dagbag.py:588} INFO - Filling up the DagBag from /home/airflow/.local/lib/python3.12/site-packages/airflow/example_dags/example_sensor_decorator.py
[2026-06-07T08:21:21.697+0000] {processor.py:925} INFO - DAG(s) 'example_sensor_decorator' retrieved from /home/airflow/.local/lib/python3.12/site-packages/airflow/example_dags/example_sensor_decorator.py
[2026-06-07T08:21:21.748+0000] {logging_mixin.py:190} INFO - [2026-06-07T08:21:21.747+0000] {dag.py:3239} INFO - Sync 1 DAGs
[2026-06-07T08:21:21.779+0000] {logging_mixin.py:190} INFO - [2026-06-07T08:21:21.778+0000] {dag.py:4180} INFO - Setting next_dagrun for example_sensor_decorator to None, run_after=None
[2026-06-07T08:21:21.816+0000] {processor.py:208} INFO - Processing /home/airflow/.local/lib/python3.12/site-packages/airflow/example_dags/example_sensor_decorator.py took 0.155 seconds
[2026-06-07T08:21:55.691+0000] {processor.py:186} INFO - Started process (PID=664) to work on /home/airflow/.local/lib/python3.12/site-packages/airflow/example_dags/example_sensor_decorator.py
[2026-06-07T08:21:55.694+0000] {processor.py:914} INFO - Processing file /home/airflow/.local/lib/python3.12/site-packages/airflow/example_dags/example_sensor_decorator.py for tasks to queue
[2026-06-07T08:21:55.706+0000] {logging_mixin.py:190} INFO - [2026-06-07T08:21:55.705+0000] {dagbag.py:588} INFO - Filling up the DagBag from /home/airflow/.local/lib/python3.12/site-packages/airflow/example_dags/example_sensor_decorator.py
[2026-06-07T08:21:55.735+0000] {processor.py:925} INFO - DAG(s) 'example_sensor_decorator' retrieved from /home/airflow/.local/lib/python3.12/site-packages/airflow/example_dags/example_sensor_decorator.py
[2026-06-07T08:21:55.790+0000] {logging_mixin.py:190} INFO - [2026-06-07T08:21:55.790+0000] {dag.py:3239} INFO - Sync 1 DAGs
[2026-06-07T08:21:55.824+0000] {logging_mixin.py:190} INFO - [2026-06-07T08:21:55.824+0000] {dag.py:4180} INFO - Setting next_dagrun for example_sensor_decorator to None, run_after=None
[2026-06-07T08:21:55.879+0000] {processor.py:208} INFO - Processing /home/airflow/.local/lib/python3.12/site-packages/airflow/example_dags/example_sensor_decorator.py took 0.200 seconds
[2026-06-07T08:22:30.497+0000] {processor.py:186} INFO - Started process (PID=726) to work on /home/airflow/.local/lib/python3.12/site-packages/airflow/example_dags/example_sensor_decorator.py
[2026-06-07T08:22:30.499+0000] {processor.py:914} INFO - Processing file /home/airflow/.local/lib/python3.12/site-packages/airflow/example_dags/example_sensor_decorator.py for tasks to queue
[2026-06-07T08:22:30.507+0000] {logging_mixin.py:190} INFO - [2026-06-07T08:22:30.506+0000] {dagbag.py:588} INFO - Filling up the DagBag from /home/airflow/.local/lib/python3.12/site-packages/airflow/example_dags/example_sensor_decorator.py
[2026-06-07T08:22:30.523+0000] {processor.py:925} INFO - DAG(s) 'example_sensor_decorator' retrieved from /home/airflow/.local/lib/python3.12/site-packages/airflow/example_dags/example_sensor_decorator.py
[2026-06-07T08:22:30.587+0000] {logging_mixin.py:190} INFO - [2026-06-07T08:22:30.587+0000] {dag.py:3239} INFO - Sync 1 DAGs
[2026-06-07T08:22:30.620+0000] {logging_mixin.py:190} INFO - [2026-06-07T08:22:30.620+0000] {dag.py:4180} INFO - Setting next_dagrun for example_sensor_decorator to None, run_after=None
[2026-06-07T08:22:30.657+0000] {processor.py:208} INFO - Processing /home/airflow/.local/lib/python3.12/site-packages/airflow/example_dags/example_sensor_decorator.py took 0.173 seconds
[2026-06-07T08:23:05.494+0000] {processor.py:186} INFO - Started process (PID=787) to work on /home/airflow/.local/lib/python3.12/site-packages/airflow/example_dags/example_sensor_decorator.py
[2026-06-07T08:23:05.496+0000] {processor.py:914} INFO - Processing file /home/airflow/.local/lib/python3.12/site-packages/airflow/example_dags/example_sensor_decorator.py for tasks to queue
[2026-06-07T08:23:05.503+0000] {logging_mixin.py:190} INFO - [2026-06-07T08:23:05.502+0000] {dagbag.py:588} INFO - Filling up the DagBag from /home/airflow/.local/lib/python3.12/site-packages/airflow/example_dags/example_sensor_decorator.py
[2026-06-07T08:23:05.519+0000] {processor.py:925} INFO - DAG(s) 'example_sensor_decorator' retrieved from /home/airflow/.local/lib/python3.12/site-packages/airflow/example_dags/example_sensor_decorator.py
[2026-06-07T08:23:05.569+0000] {logging_mixin.py:190} INFO - [2026-06-07T08:23:05.569+0000] {dag.py:3239} INFO - Sync 1 DAGs
[2026-06-07T08:23:05.608+0000] {logging_mixin.py:190} INFO - [2026-06-07T08:23:05.608+0000] {dag.py:4180} INFO - Setting next_dagrun for example_sensor_decorator to None, run_after=None
[2026-06-07T08:23:05.660+0000] {processor.py:208} INFO - Processing /home/airflow/.local/lib/python3.12/site-packages/airflow/example_dags/example_sensor_decorator.py took 0.179 seconds
[2026-06-07T08:23:40.024+0000] {processor.py:186} INFO - Started process (PID=849) to work on /home/airflow/.local/lib/python3.12/site-packages/airflow/example_dags/example_sensor_decorator.py
[2026-06-07T08:23:40.026+0000] {processor.py:914} INFO - Processing file /home/airflow/.local/lib/python3.12/site-packages/airflow/example_dags/example_sensor_decorator.py for tasks to queue
[2026-06-07T08:23:40.031+0000] {logging_mixin.py:190} INFO - [2026-06-07T08:23:40.030+0000] {dagbag.py:588} INFO - Filling up the DagBag from /home/airflow/.local/lib/python3.12/site-packages/airflow/example_dags/example_sensor_decorator.py
[2026-06-07T08:23:40.043+0000] {processor.py:925} INFO - DAG(s) 'example_sensor_decorator' retrieved from /home/airflow/.local/lib/python3.12/site-packages/airflow/example_dags/example_sensor_decorator.py
[2026-06-07T08:23:40.082+0000] {logging_mixin.py:190} INFO - [2026-06-07T08:23:40.082+0000] {dag.py:3239} INFO - Sync 1 DAGs
[2026-06-07T08:23:40.106+0000] {logging_mixin.py:190} INFO - [2026-06-07T08:23:40.105+0000] {dag.py:4180} INFO - Setting next_dagrun for example_sensor_decorator to None, run_after=None
[2026-06-07T08:23:40.136+0000] {processor.py:208} INFO - Processing /home/airflow/.local/lib/python3.12/site-packages/airflow/example_dags/example_sensor_decorator.py took 0.121 seconds
[2026-06-07T08:24:17.424+0000] {processor.py:186} INFO - Started process (PID=915) to work on /home/airflow/.local/lib/python3.12/site-packages/airflow/example_dags/example_sensor_decorator.py
[2026-06-07T08:24:17.427+0000] {processor.py:914} INFO - Processing file /home/airflow/.local/lib/python3.12/site-packages/airflow/example_dags/example_sensor_decorator.py for tasks to queue
[2026-06-07T08:24:17.435+0000] {logging_mixin.py:190} INFO - [2026-06-07T08:24:17.435+0000] {dagbag.py:588} INFO - Filling up the DagBag from /home/airflow/.local/lib/python3.12/site-packages/airflow/example_dags/example_sensor_decorator.py
[2026-06-07T08:24:17.451+0000] {processor.py:925} INFO - DAG(s) 'example_sensor_decorator' retrieved from /home/airflow/.local/lib/python3.12/site-packages/airflow/example_dags/example_sensor_decorator.py
[2026-06-07T08:24:17.504+0000] {logging_mixin.py:190} INFO - [2026-06-07T08:24:17.504+0000] {dag.py:3239} INFO - Sync 1 DAGs
[2026-06-07T08:24:17.542+0000] {logging_mixin.py:190} INFO - [2026-06-07T08:24:17.541+0000] {dag.py:4180} INFO - Setting next_dagrun for example_sensor_decorator to None, run_after=None
[2026-06-07T08:24:17.585+0000] {processor.py:208} INFO - Processing /home/airflow/.local/lib/python3.12/site-packages/airflow/example_dags/example_sensor_decorator.py took 0.172 seconds
[2026-06-07T08:24:55.331+0000] {processor.py:186} INFO - Started process (PID=976) to work on /home/airflow/.local/lib/python3.12/site-packages/airflow/example_dags/example_sensor_decorator.py
[2026-06-07T08:24:55.334+0000] {processor.py:914} INFO - Processing file /home/airflow/.local/lib/python3.12/site-packages/airflow/example_dags/example_sensor_decorator.py for tasks to queue
[2026-06-07T08:24:55.360+0000] {logging_mixin.py:190} INFO - [2026-06-07T08:24:55.355+0000] {dagbag.py:588} INFO - Filling up the DagBag from /home/airflow/.local/lib/python3.12/site-packages/airflow/example_dags/example_sensor_decorator.py
[2026-06-07T08:24:55.391+0000] {processor.py:925} INFO - DAG(s) 'example_sensor_decorator' retrieved from /home/airflow/.local/lib/python3.12/site-packages/airflow/example_dags/example_sensor_decorator.py
[2026-06-07T08:24:55.452+0000] {logging_mixin.py:190} INFO - [2026-06-07T08:24:55.451+0000] {dag.py:3239} INFO - Sync 1 DAGs
[2026-06-07T08:24:55.502+0000] {logging_mixin.py:190} INFO - [2026-06-07T08:24:55.500+0000] {dag.py:4180} INFO - Setting next_dagrun for example_sensor_decorator to None, run_after=None
[2026-06-07T08:24:55.546+0000] {processor.py:208} INFO - Processing /home/airflow/.local/lib/python3.12/site-packages/airflow/example_dags/example_sensor_decorator.py took 0.228 seconds
[2026-06-07T08:25:28.548+0000] {processor.py:186} INFO - Started process (PID=1038) to work on /home/airflow/.local/lib/python3.12/site-packages/airflow/example_dags/example_sensor_decorator.py
[2026-06-07T08:25:28.551+0000] {processor.py:914} INFO - Processing file /home/airflow/.local/lib/python3.12/site-packages/airflow/example_dags/example_sensor_decorator.py for tasks to queue
[2026-06-07T08:25:28.562+0000] {logging_mixin.py:190} INFO - [2026-06-07T08:25:28.561+0000] {dagbag.py:588} INFO - Filling up the DagBag from /home/airflow/.local/lib/python3.12/site-packages/airflow/example_dags/example_sensor_decorator.py
[2026-06-07T08:25:28.594+0000] {processor.py:925} INFO - DAG(s) 'example_sensor_decorator' retrieved from /home/airflow/.local/lib/python3.12/site-packages/airflow/example_dags/example_sensor_decorator.py
[2026-06-07T08:25:28.701+0000] {logging_mixin.py:190} INFO - [2026-06-07T08:25:28.701+0000] {dag.py:3239} INFO - Sync 1 DAGs
[2026-06-07T08:25:28.764+0000] {logging_mixin.py:190} INFO - [2026-06-07T08:25:28.764+0000] {dag.py:4180} INFO - Setting next_dagrun for example_sensor_decorator to None, run_after=None
[2026-06-07T08:25:28.827+0000] {processor.py:208} INFO - Processing /home/airflow/.local/lib/python3.12/site-packages/airflow/example_dags/example_sensor_decorator.py took 0.293 seconds
[2026-06-07T08:26:05.276+0000] {processor.py:186} INFO - Started process (PID=1100) to work on /home/airflow/.local/lib/python3.12/site-packages/airflow/example_dags/example_sensor_decorator.py
[2026-06-07T08:26:05.278+0000] {processor.py:914} INFO - Processing file /home/airflow/.local/lib/python3.12/site-packages/airflow/example_dags/example_sensor_decorator.py for tasks to queue
[2026-06-07T08:26:05.286+0000] {logging_mixin.py:190} INFO - [2026-06-07T08:26:05.285+0000] {dagbag.py:588} INFO - Filling up the DagBag from /home/airflow/.local/lib/python3.12/site-packages/airflow/example_dags/example_sensor_decorator.py
[2026-06-07T08:26:05.303+0000] {processor.py:925} INFO - DAG(s) 'example_sensor_decorator' retrieved from /home/airflow/.local/lib/python3.12/site-packages/airflow/example_dags/example_sensor_decorator.py
[2026-06-07T08:26:05.352+0000] {logging_mixin.py:190} INFO - [2026-06-07T08:26:05.351+0000] {dag.py:3239} INFO - Sync 1 DAGs
[2026-06-07T08:26:05.386+0000] {logging_mixin.py:190} INFO - [2026-06-07T08:26:05.385+0000] {dag.py:4180} INFO - Setting next_dagrun for example_sensor_decorator to None, run_after=None
[2026-06-07T08:26:05.435+0000] {processor.py:208} INFO - Processing /home/airflow/.local/lib/python3.12/site-packages/airflow/example_dags/example_sensor_decorator.py took 0.172 seconds
[2026-06-07T08:26:39.521+0000] {processor.py:186} INFO - Started process (PID=1162) to work on /home/airflow/.local/lib/python3.12/site-packages/airflow/example_dags/example_sensor_decorator.py
[2026-06-07T08:26:39.523+0000] {processor.py:914} INFO - Processing file /home/airflow/.local/lib/python3.12/site-packages/airflow/example_dags/example_sensor_decorator.py for tasks to queue
[2026-06-07T08:26:39.528+0000] {logging_mixin.py:190} INFO - [2026-06-07T08:26:39.528+0000] {dagbag.py:588} INFO - Filling up the DagBag from /home/airflow/.local/lib/python3.12/site-packages/airflow/example_dags/example_sensor_decorator.py
[2026-06-07T08:26:39.541+0000] {processor.py:925} INFO - DAG(s) 'example_sensor_decorator' retrieved from /home/airflow/.local/lib/python3.12/site-packages/airflow/example_dags/example_sensor_decorator.py
[2026-06-07T08:26:39.586+0000] {logging_mixin.py:190} INFO - [2026-06-07T08:26:39.586+0000] {dag.py:3239} INFO - Sync 1 DAGs
[2026-06-07T08:26:39.618+0000] {logging_mixin.py:190} INFO - [2026-06-07T08:26:39.618+0000] {dag.py:4180} INFO - Setting next_dagrun for example_sensor_decorator to None, run_after=None
[2026-06-07T08:26:39.649+0000] {processor.py:208} INFO - Processing /home/airflow/.local/lib/python3.12/site-packages/airflow/example_dags/example_sensor_decorator.py took 0.138 seconds
[2026-06-07T08:27:16.593+0000] {processor.py:186} INFO - Started process (PID=1229) to work on /home/airflow/.local/lib/python3.12/site-packages/airflow/example_dags/example_sensor_decorator.py
[2026-06-07T08:27:16.595+0000] {processor.py:914} INFO - Processing file /home/airflow/.local/lib/python3.12/site-packages/airflow/example_dags/example_sensor_decorator.py for tasks to queue
[2026-06-07T08:27:16.600+0000] {logging_mixin.py:190} INFO - [2026-06-07T08:27:16.600+0000] {dagbag.py:588} INFO - Filling up the DagBag from /home/airflow/.local/lib/python3.12/site-packages/airflow/example_dags/example_sensor_decorator.py
[2026-06-07T08:27:16.615+0000] {processor.py:925} INFO - DAG(s) 'example_sensor_decorator' retrieved from /home/airflow/.local/lib/python3.12/site-packages/airflow/example_dags/example_sensor_decorator.py
[2026-06-07T08:27:16.667+0000] {logging_mixin.py:190} INFO - [2026-06-07T08:27:16.666+0000] {dag.py:3239} INFO - Sync 1 DAGs
[2026-06-07T08:27:16.694+0000] {logging_mixin.py:190} INFO - [2026-06-07T08:27:16.694+0000] {dag.py:4180} INFO - Setting next_dagrun for example_sensor_decorator to None, run_after=None
[2026-06-07T08:27:16.728+0000] {processor.py:208} INFO - Processing /home/airflow/.local/lib/python3.12/site-packages/airflow/example_dags/example_sensor_decorator.py took 0.148 seconds
[2026-06-07T08:27:52.544+0000] {processor.py:186} INFO - Started process (PID=1280) to work on /home/airflow/.local/lib/python3.12/site-packages/airflow/example_dags/example_sensor_decorator.py
[2026-06-07T08:27:52.546+0000] {processor.py:914} INFO - Processing file /home/airflow/.local/lib/python3.12/site-packages/airflow/example_dags/example_sensor_decorator.py for tasks to queue
[2026-06-07T08:27:52.551+0000] {logging_mixin.py:190} INFO - [2026-06-07T08:27:52.551+0000] {dagbag.py:588} INFO - Filling up the DagBag from /home/airflow/.local/lib/python3.12/site-packages/airflow/example_dags/example_sensor_decorator.py
[2026-06-07T08:27:52.567+0000] {processor.py:925} INFO - DAG(s) 'example_sensor_decorator' retrieved from /home/airflow/.local/lib/python3.12/site-packages/airflow/example_dags/example_sensor_decorator.py
[2026-06-07T08:27:52.614+0000] {logging_mixin.py:190} INFO - [2026-06-07T08:27:52.613+0000] {dag.py:3239} INFO - Sync 1 DAGs
[2026-06-07T08:27:52.636+0000] {logging_mixin.py:190} INFO - [2026-06-07T08:27:52.635+0000] {dag.py:4180} INFO - Setting next_dagrun for example_sensor_decorator to None, run_after=None
[2026-06-07T08:27:52.669+0000] {processor.py:208} INFO - Processing /home/airflow/.local/lib/python3.12/site-packages/airflow/example_dags/example_sensor_decorator.py took 0.135 seconds
[2026-06-07T08:28:33.405+0000] {processor.py:186} INFO - Started process (PID=1342) to work on /home/airflow/.local/lib/python3.12/site-packages/airflow/example_dags/example_sensor_decorator.py
[2026-06-07T08:28:33.407+0000] {processor.py:914} INFO - Processing file /home/airflow/.local/lib/python3.12/site-packages/airflow/example_dags/example_sensor_decorator.py for tasks to queue
[2026-06-07T08:28:33.412+0000] {logging_mixin.py:190} INFO - [2026-06-07T08:28:33.412+0000] {dagbag.py:588} INFO - Filling up the DagBag from /home/airflow/.local/lib/python3.12/site-packages/airflow/example_dags/example_sensor_decorator.py
[2026-06-07T08:28:33.428+0000] {processor.py:925} INFO - DAG(s) 'example_sensor_decorator' retrieved from /home/airflow/.local/lib/python3.12/site-packages/airflow/example_dags/example_sensor_decorator.py
[2026-06-07T08:28:33.471+0000] {logging_mixin.py:190} INFO - [2026-06-07T08:28:33.470+0000] {dag.py:3239} INFO - Sync 1 DAGs
[2026-06-07T08:28:33.498+0000] {logging_mixin.py:190} INFO - [2026-06-07T08:28:33.497+0000] {dag.py:4180} INFO - Setting next_dagrun for example_sensor_decorator to None, run_after=None
[2026-06-07T08:28:33.534+0000] {processor.py:208} INFO - Processing /home/airflow/.local/lib/python3.12/site-packages/airflow/example_dags/example_sensor_decorator.py took 0.140 seconds
[2026-06-07T08:29:14.930+0000] {processor.py:186} INFO - Started process (PID=1405) to work on /home/airflow/.local/lib/python3.12/site-packages/airflow/example_dags/example_sensor_decorator.py
[2026-06-07T08:29:14.932+0000] {processor.py:914} INFO - Processing file /home/airflow/.local/lib/python3.12/site-packages/airflow/example_dags/example_sensor_decorator.py for tasks to queue
[2026-06-07T08:29:14.939+0000] {logging_mixin.py:190} INFO - [2026-06-07T08:29:14.938+0000] {dagbag.py:588} INFO - Filling up the DagBag from /home/airflow/.local/lib/python3.12/site-packages/airflow/example_dags/example_sensor_decorator.py
[2026-06-07T08:29:14.966+0000] {processor.py:925} INFO - DAG(s) 'example_sensor_decorator' retrieved from /home/airflow/.local/lib/python3.12/site-packages/airflow/example_dags/example_sensor_decorator.py
[2026-06-07T08:29:15.033+0000] {logging_mixin.py:190} INFO - [2026-06-07T08:29:15.032+0000] {dag.py:3239} INFO - Sync 1 DAGs
[2026-06-07T08:29:15.073+0000] {logging_mixin.py:190} INFO - [2026-06-07T08:29:15.072+0000] {dag.py:4180} INFO - Setting next_dagrun for example_sensor_decorator to None, run_after=None
[2026-06-07T08:29:15.132+0000] {processor.py:208} INFO - Processing /home/airflow/.local/lib/python3.12/site-packages/airflow/example_dags/example_sensor_decorator.py took 0.211 seconds
[2026-06-07T08:39:47.824+0000] {processor.py:186} INFO - Started process (PID=100) to work on /home/airflow/.local/lib/python3.12/site-packages/airflow/example_dags/example_sensor_decorator.py
[2026-06-07T08:39:47.826+0000] {processor.py:914} INFO - Processing file /home/airflow/.local/lib/python3.12/site-packages/airflow/example_dags/example_sensor_decorator.py for tasks to queue
[2026-06-07T08:39:47.834+0000] {logging_mixin.py:190} INFO - [2026-06-07T08:39:47.833+0000] {dagbag.py:588} INFO - Filling up the DagBag from /home/airflow/.local/lib/python3.12/site-packages/airflow/example_dags/example_sensor_decorator.py
[2026-06-07T08:39:47.857+0000] {processor.py:925} INFO - DAG(s) 'example_sensor_decorator' retrieved from /home/airflow/.local/lib/python3.12/site-packages/airflow/example_dags/example_sensor_decorator.py
[2026-06-07T08:39:47.914+0000] {logging_mixin.py:190} INFO - [2026-06-07T08:39:47.913+0000] {dag.py:3239} INFO - Sync 1 DAGs
[2026-06-07T08:39:47.947+0000] {logging_mixin.py:190} INFO - [2026-06-07T08:39:47.946+0000] {dag.py:4180} INFO - Setting next_dagrun for example_sensor_decorator to None, run_after=None
[2026-06-07T08:39:47.999+0000] {processor.py:208} INFO - Processing /home/airflow/.local/lib/python3.12/site-packages/airflow/example_dags/example_sensor_decorator.py took 0.188 seconds
[2026-06-07T08:40:22.111+0000] {processor.py:186} INFO - Started process (PID=169) to work on /home/airflow/.local/lib/python3.12/site-packages/airflow/example_dags/example_sensor_decorator.py
[2026-06-07T08:40:22.113+0000] {processor.py:914} INFO - Processing file /home/airflow/.local/lib/python3.12/site-packages/airflow/example_dags/example_sensor_decorator.py for tasks to queue
[2026-06-07T08:40:22.118+0000] {logging_mixin.py:190} INFO - [2026-06-07T08:40:22.118+0000] {dagbag.py:588} INFO - Filling up the DagBag from /home/airflow/.local/lib/python3.12/site-packages/airflow/example_dags/example_sensor_decorator.py
[2026-06-07T08:40:22.134+0000] {processor.py:925} INFO - DAG(s) 'example_sensor_decorator' retrieved from /home/airflow/.local/lib/python3.12/site-packages/airflow/example_dags/example_sensor_decorator.py
[2026-06-07T08:40:22.179+0000] {logging_mixin.py:190} INFO - [2026-06-07T08:40:22.179+0000] {dag.py:3239} INFO - Sync 1 DAGs
[2026-06-07T08:40:22.212+0000] {logging_mixin.py:190} INFO - [2026-06-07T08:40:22.211+0000] {dag.py:4180} INFO - Setting next_dagrun for example_sensor_decorator to None, run_after=None
[2026-06-07T08:40:22.252+0000] {processor.py:208} INFO - Processing /home/airflow/.local/lib/python3.12/site-packages/airflow/example_dags/example_sensor_decorator.py took 0.155 seconds
[2026-06-07T08:40:59.812+0000] {processor.py:186} INFO - Started process (PID=221) to work on /home/airflow/.local/lib/python3.12/site-packages/airflow/example_dags/example_sensor_decorator.py
[2026-06-07T08:40:59.814+0000] {processor.py:914} INFO - Processing file /home/airflow/.local/lib/python3.12/site-packages/airflow/example_dags/example_sensor_decorator.py for tasks to queue
[2026-06-07T08:40:59.821+0000] {logging_mixin.py:190} INFO - [2026-06-07T08:40:59.820+0000] {dagbag.py:588} INFO - Filling up the DagBag from /home/airflow/.local/lib/python3.12/site-packages/airflow/example_dags/example_sensor_decorator.py
[2026-06-07T08:40:59.836+0000] {processor.py:925} INFO - DAG(s) 'example_sensor_decorator' retrieved from /home/airflow/.local/lib/python3.12/site-packages/airflow/example_dags/example_sensor_decorator.py
[2026-06-07T08:40:59.882+0000] {logging_mixin.py:190} INFO - [2026-06-07T08:40:59.882+0000] {dag.py:3239} INFO - Sync 1 DAGs
[2026-06-07T08:40:59.907+0000] {logging_mixin.py:190} INFO - [2026-06-07T08:40:59.907+0000] {dag.py:4180} INFO - Setting next_dagrun for example_sensor_decorator to None, run_after=None
[2026-06-07T08:40:59.943+0000] {processor.py:208} INFO - Processing /home/airflow/.local/lib/python3.12/site-packages/airflow/example_dags/example_sensor_decorator.py took 0.140 seconds
[2026-06-07T08:41:40.396+0000] {processor.py:186} INFO - Started process (PID=284) to work on /home/airflow/.local/lib/python3.12/site-packages/airflow/example_dags/example_sensor_decorator.py
[2026-06-07T08:41:40.398+0000] {processor.py:914} INFO - Processing file /home/airflow/.local/lib/python3.12/site-packages/airflow/example_dags/example_sensor_decorator.py for tasks to queue
[2026-06-07T08:41:40.404+0000] {logging_mixin.py:190} INFO - [2026-06-07T08:41:40.404+0000] {dagbag.py:588} INFO - Filling up the DagBag from /home/airflow/.local/lib/python3.12/site-packages/airflow/example_dags/example_sensor_decorator.py
[2026-06-07T08:41:40.422+0000] {processor.py:925} INFO - DAG(s) 'example_sensor_decorator' retrieved from /home/airflow/.local/lib/python3.12/site-packages/airflow/example_dags/example_sensor_decorator.py
[2026-06-07T08:41:40.470+0000] {logging_mixin.py:190} INFO - [2026-06-07T08:41:40.470+0000] {dag.py:3239} INFO - Sync 1 DAGs
[2026-06-07T08:41:40.531+0000] {logging_mixin.py:190} INFO - [2026-06-07T08:41:40.529+0000] {dag.py:4180} INFO - Setting next_dagrun for example_sensor_decorator to None, run_after=None
[2026-06-07T08:41:40.607+0000] {processor.py:208} INFO - Processing /home/airflow/.local/lib/python3.12/site-packages/airflow/example_dags/example_sensor_decorator.py took 0.223 seconds
[2026-06-07T08:42:19.801+0000] {processor.py:186} INFO - Started process (PID=346) to work on /home/airflow/.local/lib/python3.12/site-packages/airflow/example_dags/example_sensor_decorator.py
[2026-06-07T08:42:19.804+0000] {processor.py:914} INFO - Processing file /home/airflow/.local/lib/python3.12/site-packages/airflow/example_dags/example_sensor_decorator.py for tasks to queue
[2026-06-07T08:42:19.808+0000] {logging_mixin.py:190} INFO - [2026-06-07T08:42:19.808+0000] {dagbag.py:588} INFO - Filling up the DagBag from /home/airflow/.local/lib/python3.12/site-packages/airflow/example_dags/example_sensor_decorator.py
[2026-06-07T08:42:19.825+0000] {processor.py:925} INFO - DAG(s) 'example_sensor_decorator' retrieved from /home/airflow/.local/lib/python3.12/site-packages/airflow/example_dags/example_sensor_decorator.py
[2026-06-07T08:42:19.872+0000] {logging_mixin.py:190} INFO - [2026-06-07T08:42:19.871+0000] {dag.py:3239} INFO - Sync 1 DAGs
[2026-06-07T08:42:19.898+0000] {logging_mixin.py:190} INFO - [2026-06-07T08:42:19.897+0000] {dag.py:4180} INFO - Setting next_dagrun for example_sensor_decorator to None, run_after=None
[2026-06-07T08:42:19.939+0000] {processor.py:208} INFO - Processing /home/airflow/.local/lib/python3.12/site-packages/airflow/example_dags/example_sensor_decorator.py took 0.149 seconds
[2026-06-07T08:42:55.195+0000] {processor.py:186} INFO - Started process (PID=414) to work on /home/airflow/.local/lib/python3.12/site-packages/airflow/example_dags/example_sensor_decorator.py
[2026-06-07T08:42:55.198+0000] {processor.py:914} INFO - Processing file /home/airflow/.local/lib/python3.12/site-packages/airflow/example_dags/example_sensor_decorator.py for tasks to queue
[2026-06-07T08:42:55.215+0000] {logging_mixin.py:190} INFO - [2026-06-07T08:42:55.210+0000] {dagbag.py:588} INFO - Filling up the DagBag from /home/airflow/.local/lib/python3.12/site-packages/airflow/example_dags/example_sensor_decorator.py
[2026-06-07T08:42:55.238+0000] {processor.py:925} INFO - DAG(s) 'example_sensor_decorator' retrieved from /home/airflow/.local/lib/python3.12/site-packages/airflow/example_dags/example_sensor_decorator.py
[2026-06-07T08:42:55.300+0000] {logging_mixin.py:190} INFO - [2026-06-07T08:42:55.300+0000] {dag.py:3239} INFO - Sync 1 DAGs
[2026-06-07T08:42:55.345+0000] {logging_mixin.py:190} INFO - [2026-06-07T08:42:55.344+0000] {dag.py:4180} INFO - Setting next_dagrun for example_sensor_decorator to None, run_after=None
[2026-06-07T08:42:55.402+0000] {processor.py:208} INFO - Processing /home/airflow/.local/lib/python3.12/site-packages/airflow/example_dags/example_sensor_decorator.py took 0.220 seconds
[2026-06-07T08:43:26.998+0000] {processor.py:186} INFO - Started process (PID=476) to work on /home/airflow/.local/lib/python3.12/site-packages/airflow/example_dags/example_sensor_decorator.py
[2026-06-07T08:43:27.004+0000] {processor.py:914} INFO - Processing file /home/airflow/.local/lib/python3.12/site-packages/airflow/example_dags/example_sensor_decorator.py for tasks to queue
[2026-06-07T08:43:27.020+0000] {logging_mixin.py:190} INFO - [2026-06-07T08:43:27.019+0000] {dagbag.py:588} INFO - Filling up the DagBag from /home/airflow/.local/lib/python3.12/site-packages/airflow/example_dags/example_sensor_decorator.py
[2026-06-07T08:43:27.051+0000] {processor.py:925} INFO - DAG(s) 'example_sensor_decorator' retrieved from /home/airflow/.local/lib/python3.12/site-packages/airflow/example_dags/example_sensor_decorator.py
[2026-06-07T08:43:27.124+0000] {logging_mixin.py:190} INFO - [2026-06-07T08:43:27.124+0000] {dag.py:3239} INFO - Sync 1 DAGs
[2026-06-07T08:43:27.168+0000] {logging_mixin.py:190} INFO - [2026-06-07T08:43:27.168+0000] {dag.py:4180} INFO - Setting next_dagrun for example_sensor_decorator to None, run_after=None
[2026-06-07T08:43:27.213+0000] {processor.py:208} INFO - Processing /home/airflow/.local/lib/python3.12/site-packages/airflow/example_dags/example_sensor_decorator.py took 0.230 seconds
[2026-06-07T08:44:09.996+0000] {processor.py:186} INFO - Started process (PID=525) to work on /home/airflow/.local/lib/python3.12/site-packages/airflow/example_dags/example_sensor_decorator.py
[2026-06-07T08:44:10.001+0000] {processor.py:914} INFO - Processing file /home/airflow/.local/lib/python3.12/site-packages/airflow/example_dags/example_sensor_decorator.py for tasks to queue
[2026-06-07T08:44:10.017+0000] {logging_mixin.py:190} INFO - [2026-06-07T08:44:10.016+0000] {dagbag.py:588} INFO - Filling up the DagBag from /home/airflow/.local/lib/python3.12/site-packages/airflow/example_dags/example_sensor_decorator.py
[2026-06-07T08:44:10.039+0000] {processor.py:925} INFO - DAG(s) 'example_sensor_decorator' retrieved from /home/airflow/.local/lib/python3.12/site-packages/airflow/example_dags/example_sensor_decorator.py
[2026-06-07T08:44:10.109+0000] {logging_mixin.py:190} INFO - [2026-06-07T08:44:10.108+0000] {dag.py:3239} INFO - Sync 1 DAGs
[2026-06-07T08:44:10.144+0000] {logging_mixin.py:190} INFO - [2026-06-07T08:44:10.143+0000] {dag.py:4180} INFO - Setting next_dagrun for example_sensor_decorator to None, run_after=None
[2026-06-07T08:44:10.186+0000] {processor.py:208} INFO - Processing /home/airflow/.local/lib/python3.12/site-packages/airflow/example_dags/example_sensor_decorator.py took 0.208 seconds
[2026-06-07T08:44:53.602+0000] {processor.py:186} INFO - Started process (PID=596) to work on /home/airflow/.local/lib/python3.12/site-packages/airflow/example_dags/example_sensor_decorator.py
[2026-06-07T08:44:53.605+0000] {processor.py:914} INFO - Processing file /home/airflow/.local/lib/python3.12/site-packages/airflow/example_dags/example_sensor_decorator.py for tasks to queue
[2026-06-07T08:44:53.612+0000] {logging_mixin.py:190} INFO - [2026-06-07T08:44:53.610+0000] {dagbag.py:588} INFO - Filling up the DagBag from /home/airflow/.local/lib/python3.12/site-packages/airflow/example_dags/example_sensor_decorator.py
[2026-06-07T08:44:53.630+0000] {processor.py:925} INFO - DAG(s) 'example_sensor_decorator' retrieved from /home/airflow/.local/lib/python3.12/site-packages/airflow/example_dags/example_sensor_decorator.py
[2026-06-07T08:44:53.688+0000] {logging_mixin.py:190} INFO - [2026-06-07T08:44:53.688+0000] {dag.py:3239} INFO - Sync 1 DAGs
[2026-06-07T08:44:53.727+0000] {logging_mixin.py:190} INFO - [2026-06-07T08:44:53.726+0000] {dag.py:4180} INFO - Setting next_dagrun for example_sensor_decorator to None, run_after=None
[2026-06-07T08:44:53.770+0000] {processor.py:208} INFO - Processing /home/airflow/.local/lib/python3.12/site-packages/airflow/example_dags/example_sensor_decorator.py took 0.181 seconds
[2026-06-07T08:45:31.116+0000] {processor.py:186} INFO - Started process (PID=658) to work on /home/airflow/.local/lib/python3.12/site-packages/airflow/example_dags/example_sensor_decorator.py
[2026-06-07T08:45:31.118+0000] {processor.py:914} INFO - Processing file /home/airflow/.local/lib/python3.12/site-packages/airflow/example_dags/example_sensor_decorator.py for tasks to queue
[2026-06-07T08:45:31.125+0000] {logging_mixin.py:190} INFO - [2026-06-07T08:45:31.124+0000] {dagbag.py:588} INFO - Filling up the DagBag from /home/airflow/.local/lib/python3.12/site-packages/airflow/example_dags/example_sensor_decorator.py
[2026-06-07T08:45:31.141+0000] {processor.py:925} INFO - DAG(s) 'example_sensor_decorator' retrieved from /home/airflow/.local/lib/python3.12/site-packages/airflow/example_dags/example_sensor_decorator.py
[2026-06-07T08:45:31.191+0000] {logging_mixin.py:190} INFO - [2026-06-07T08:45:31.190+0000] {dag.py:3239} INFO - Sync 1 DAGs
[2026-06-07T08:45:31.225+0000] {logging_mixin.py:190} INFO - [2026-06-07T08:45:31.224+0000] {dag.py:4180} INFO - Setting next_dagrun for example_sensor_decorator to None, run_after=None
[2026-06-07T08:45:31.267+0000] {processor.py:208} INFO - Processing /home/airflow/.local/lib/python3.12/site-packages/airflow/example_dags/example_sensor_decorator.py took 0.163 seconds
[2026-06-07T08:46:02.685+0000] {processor.py:186} INFO - Started process (PID=720) to work on /home/airflow/.local/lib/python3.12/site-packages/airflow/example_dags/example_sensor_decorator.py
[2026-06-07T08:46:02.687+0000] {processor.py:914} INFO - Processing file /home/airflow/.local/lib/python3.12/site-packages/airflow/example_dags/example_sensor_decorator.py for tasks to queue
[2026-06-07T08:46:02.692+0000] {logging_mixin.py:190} INFO - [2026-06-07T08:46:02.691+0000] {dagbag.py:588} INFO - Filling up the DagBag from /home/airflow/.local/lib/python3.12/site-packages/airflow/example_dags/example_sensor_decorator.py
[2026-06-07T08:46:02.708+0000] {processor.py:925} INFO - DAG(s) 'example_sensor_decorator' retrieved from /home/airflow/.local/lib/python3.12/site-packages/airflow/example_dags/example_sensor_decorator.py
[2026-06-07T08:46:02.754+0000] {logging_mixin.py:190} INFO - [2026-06-07T08:46:02.754+0000] {dag.py:3239} INFO - Sync 1 DAGs
[2026-06-07T08:46:02.785+0000] {logging_mixin.py:190} INFO - [2026-06-07T08:46:02.785+0000] {dag.py:4180} INFO - Setting next_dagrun for example_sensor_decorator to None, run_after=None
[2026-06-07T08:46:02.824+0000] {processor.py:208} INFO - Processing /home/airflow/.local/lib/python3.12/site-packages/airflow/example_dags/example_sensor_decorator.py took 0.150 seconds
[2026-06-07T08:46:37.281+0000] {processor.py:186} INFO - Started process (PID=778) to work on /home/airflow/.local/lib/python3.12/site-packages/airflow/example_dags/example_sensor_decorator.py
[2026-06-07T08:46:37.284+0000] {processor.py:914} INFO - Processing file /home/airflow/.local/lib/python3.12/site-packages/airflow/example_dags/example_sensor_decorator.py for tasks to queue
[2026-06-07T08:46:37.293+0000] {logging_mixin.py:190} INFO - [2026-06-07T08:46:37.292+0000] {dagbag.py:588} INFO - Filling up the DagBag from /home/airflow/.local/lib/python3.12/site-packages/airflow/example_dags/example_sensor_decorator.py
[2026-06-07T08:46:37.314+0000] {processor.py:925} INFO - DAG(s) 'example_sensor_decorator' retrieved from /home/airflow/.local/lib/python3.12/site-packages/airflow/example_dags/example_sensor_decorator.py
[2026-06-07T08:46:37.365+0000] {logging_mixin.py:190} INFO - [2026-06-07T08:46:37.365+0000] {dag.py:3239} INFO - Sync 1 DAGs
[2026-06-07T08:46:37.424+0000] {logging_mixin.py:190} INFO - [2026-06-07T08:46:37.423+0000] {dag.py:4180} INFO - Setting next_dagrun for example_sensor_decorator to None, run_after=None
[2026-06-07T08:46:37.462+0000] {processor.py:208} INFO - Processing /home/airflow/.local/lib/python3.12/site-packages/airflow/example_dags/example_sensor_decorator.py took 0.195 seconds
[2026-06-07T08:47:22.706+0000] {processor.py:186} INFO - Started process (PID=841) to work on /home/airflow/.local/lib/python3.12/site-packages/airflow/example_dags/example_sensor_decorator.py
[2026-06-07T08:47:22.709+0000] {processor.py:914} INFO - Processing file /home/airflow/.local/lib/python3.12/site-packages/airflow/example_dags/example_sensor_decorator.py for tasks to queue
[2026-06-07T08:47:22.716+0000] {logging_mixin.py:190} INFO - [2026-06-07T08:47:22.716+0000] {dagbag.py:588} INFO - Filling up the DagBag from /home/airflow/.local/lib/python3.12/site-packages/airflow/example_dags/example_sensor_decorator.py
[2026-06-07T08:47:22.732+0000] {processor.py:925} INFO - DAG(s) 'example_sensor_decorator' retrieved from /home/airflow/.local/lib/python3.12/site-packages/airflow/example_dags/example_sensor_decorator.py
[2026-06-07T08:47:22.784+0000] {logging_mixin.py:190} INFO - [2026-06-07T08:47:22.784+0000] {dag.py:3239} INFO - Sync 1 DAGs
[2026-06-07T08:47:22.820+0000] {logging_mixin.py:190} INFO - [2026-06-07T08:47:22.820+0000] {dag.py:4180} INFO - Setting next_dagrun for example_sensor_decorator to None, run_after=None
[2026-06-07T08:47:22.863+0000] {processor.py:208} INFO - Processing /home/airflow/.local/lib/python3.12/site-packages/airflow/example_dags/example_sensor_decorator.py took 0.167 seconds
[2026-06-07T08:48:10.849+0000] {processor.py:186} INFO - Started process (PID=909) to work on /home/airflow/.local/lib/python3.12/site-packages/airflow/example_dags/example_sensor_decorator.py
[2026-06-07T08:48:10.852+0000] {processor.py:914} INFO - Processing file /home/airflow/.local/lib/python3.12/site-packages/airflow/example_dags/example_sensor_decorator.py for tasks to queue
[2026-06-07T08:48:10.861+0000] {logging_mixin.py:190} INFO - [2026-06-07T08:48:10.861+0000] {dagbag.py:588} INFO - Filling up the DagBag from /home/airflow/.local/lib/python3.12/site-packages/airflow/example_dags/example_sensor_decorator.py
[2026-06-07T08:48:10.888+0000] {processor.py:925} INFO - DAG(s) 'example_sensor_decorator' retrieved from /home/airflow/.local/lib/python3.12/site-packages/airflow/example_dags/example_sensor_decorator.py
[2026-06-07T08:48:10.969+0000] {logging_mixin.py:190} INFO - [2026-06-07T08:48:10.969+0000] {dag.py:3239} INFO - Sync 1 DAGs
[2026-06-07T08:48:11.014+0000] {logging_mixin.py:190} INFO - [2026-06-07T08:48:11.014+0000] {dag.py:4180} INFO - Setting next_dagrun for example_sensor_decorator to None, run_after=None
[2026-06-07T08:48:11.068+0000] {processor.py:208} INFO - Processing /home/airflow/.local/lib/python3.12/site-packages/airflow/example_dags/example_sensor_decorator.py took 0.234 seconds
[2026-06-07T08:48:55.888+0000] {processor.py:186} INFO - Started process (PID=986) to work on /home/airflow/.local/lib/python3.12/site-packages/airflow/example_dags/example_sensor_decorator.py
[2026-06-07T08:48:55.894+0000] {processor.py:914} INFO - Processing file /home/airflow/.local/lib/python3.12/site-packages/airflow/example_dags/example_sensor_decorator.py for tasks to queue
[2026-06-07T08:48:55.929+0000] {logging_mixin.py:190} INFO - [2026-06-07T08:48:55.928+0000] {dagbag.py:588} INFO - Filling up the DagBag from /home/airflow/.local/lib/python3.12/site-packages/airflow/example_dags/example_sensor_decorator.py
[2026-06-07T08:48:56.008+0000] {processor.py:925} INFO - DAG(s) 'example_sensor_decorator' retrieved from /home/airflow/.local/lib/python3.12/site-packages/airflow/example_dags/example_sensor_decorator.py
[2026-06-07T08:48:56.141+0000] {logging_mixin.py:190} INFO - [2026-06-07T08:48:56.141+0000] {dag.py:3239} INFO - Sync 1 DAGs
[2026-06-07T08:48:56.208+0000] {logging_mixin.py:190} INFO - [2026-06-07T08:48:56.208+0000] {dag.py:4180} INFO - Setting next_dagrun for example_sensor_decorator to None, run_after=None
[2026-06-07T08:48:56.255+0000] {processor.py:208} INFO - Processing /home/airflow/.local/lib/python3.12/site-packages/airflow/example_dags/example_sensor_decorator.py took 0.388 seconds
[2026-06-07T08:49:40.997+0000] {processor.py:186} INFO - Started process (PID=1048) to work on /home/airflow/.local/lib/python3.12/site-packages/airflow/example_dags/example_sensor_decorator.py
[2026-06-07T08:49:40.999+0000] {processor.py:914} INFO - Processing file /home/airflow/.local/lib/python3.12/site-packages/airflow/example_dags/example_sensor_decorator.py for tasks to queue
[2026-06-07T08:49:41.014+0000] {logging_mixin.py:190} INFO - [2026-06-07T08:49:41.012+0000] {dagbag.py:588} INFO - Filling up the DagBag from /home/airflow/.local/lib/python3.12/site-packages/airflow/example_dags/example_sensor_decorator.py
[2026-06-07T08:49:41.054+0000] {processor.py:925} INFO - DAG(s) 'example_sensor_decorator' retrieved from /home/airflow/.local/lib/python3.12/site-packages/airflow/example_dags/example_sensor_decorator.py
[2026-06-07T08:49:41.127+0000] {logging_mixin.py:190} INFO - [2026-06-07T08:49:41.126+0000] {dag.py:3239} INFO - Sync 1 DAGs
[2026-06-07T08:49:41.183+0000] {logging_mixin.py:190} INFO - [2026-06-07T08:49:41.183+0000] {dag.py:4180} INFO - Setting next_dagrun for example_sensor_decorator to None, run_after=None
[2026-06-07T08:49:41.236+0000] {processor.py:208} INFO - Processing /home/airflow/.local/lib/python3.12/site-packages/airflow/example_dags/example_sensor_decorator.py took 0.253 seconds
[2026-06-07T08:50:22.764+0000] {processor.py:186} INFO - Started process (PID=1112) to work on /home/airflow/.local/lib/python3.12/site-packages/airflow/example_dags/example_sensor_decorator.py
[2026-06-07T08:50:22.766+0000] {processor.py:914} INFO - Processing file /home/airflow/.local/lib/python3.12/site-packages/airflow/example_dags/example_sensor_decorator.py for tasks to queue
[2026-06-07T08:50:22.773+0000] {logging_mixin.py:190} INFO - [2026-06-07T08:50:22.772+0000] {dagbag.py:588} INFO - Filling up the DagBag from /home/airflow/.local/lib/python3.12/site-packages/airflow/example_dags/example_sensor_decorator.py
[2026-06-07T08:50:22.790+0000] {processor.py:925} INFO - DAG(s) 'example_sensor_decorator' retrieved from /home/airflow/.local/lib/python3.12/site-packages/airflow/example_dags/example_sensor_decorator.py
[2026-06-07T08:50:22.846+0000] {logging_mixin.py:190} INFO - [2026-06-07T08:50:22.845+0000] {dag.py:3239} INFO - Sync 1 DAGs
[2026-06-07T08:50:22.874+0000] {logging_mixin.py:190} INFO - [2026-06-07T08:50:22.873+0000] {dag.py:4180} INFO - Setting next_dagrun for example_sensor_decorator to None, run_after=None
[2026-06-07T08:50:22.915+0000] {processor.py:208} INFO - Processing /home/airflow/.local/lib/python3.12/site-packages/airflow/example_dags/example_sensor_decorator.py took 0.160 seconds
[2026-06-07T08:50:58.714+0000] {processor.py:186} INFO - Started process (PID=1179) to work on /home/airflow/.local/lib/python3.12/site-packages/airflow/example_dags/example_sensor_decorator.py
[2026-06-07T08:50:58.718+0000] {processor.py:914} INFO - Processing file /home/airflow/.local/lib/python3.12/site-packages/airflow/example_dags/example_sensor_decorator.py for tasks to queue
[2026-06-07T08:50:58.725+0000] {logging_mixin.py:190} INFO - [2026-06-07T08:50:58.724+0000] {dagbag.py:588} INFO - Filling up the DagBag from /home/airflow/.local/lib/python3.12/site-packages/airflow/example_dags/example_sensor_decorator.py
[2026-06-07T08:50:58.746+0000] {processor.py:925} INFO - DAG(s) 'example_sensor_decorator' retrieved from /home/airflow/.local/lib/python3.12/site-packages/airflow/example_dags/example_sensor_decorator.py
[2026-06-07T08:50:58.809+0000] {logging_mixin.py:190} INFO - [2026-06-07T08:50:58.807+0000] {dag.py:3239} INFO - Sync 1 DAGs
[2026-06-07T08:50:58.859+0000] {logging_mixin.py:190} INFO - [2026-06-07T08:50:58.857+0000] {dag.py:4180} INFO - Setting next_dagrun for example_sensor_decorator to None, run_after=None
[2026-06-07T08:50:58.916+0000] {processor.py:208} INFO - Processing /home/airflow/.local/lib/python3.12/site-packages/airflow/example_dags/example_sensor_decorator.py took 0.239 seconds
[2026-06-07T08:51:34.008+0000] {processor.py:186} INFO - Started process (PID=1231) to work on /home/airflow/.local/lib/python3.12/site-packages/airflow/example_dags/example_sensor_decorator.py
[2026-06-07T08:51:34.011+0000] {processor.py:914} INFO - Processing file /home/airflow/.local/lib/python3.12/site-packages/airflow/example_dags/example_sensor_decorator.py for tasks to queue
[2026-06-07T08:51:34.017+0000] {logging_mixin.py:190} INFO - [2026-06-07T08:51:34.017+0000] {dagbag.py:588} INFO - Filling up the DagBag from /home/airflow/.local/lib/python3.12/site-packages/airflow/example_dags/example_sensor_decorator.py
[2026-06-07T08:51:34.040+0000] {processor.py:925} INFO - DAG(s) 'example_sensor_decorator' retrieved from /home/airflow/.local/lib/python3.12/site-packages/airflow/example_dags/example_sensor_decorator.py
[2026-06-07T08:51:34.110+0000] {logging_mixin.py:190} INFO - [2026-06-07T08:51:34.110+0000] {dag.py:3239} INFO - Sync 1 DAGs
[2026-06-07T08:51:34.150+0000] {logging_mixin.py:190} INFO - [2026-06-07T08:51:34.150+0000] {dag.py:4180} INFO - Setting next_dagrun for example_sensor_decorator to None, run_after=None
[2026-06-07T08:51:34.230+0000] {processor.py:208} INFO - Processing /home/airflow/.local/lib/python3.12/site-packages/airflow/example_dags/example_sensor_decorator.py took 0.238 seconds
[2026-06-07T08:52:14.564+0000] {processor.py:186} INFO - Started process (PID=1293) to work on /home/airflow/.local/lib/python3.12/site-packages/airflow/example_dags/example_sensor_decorator.py
[2026-06-07T08:52:14.566+0000] {processor.py:914} INFO - Processing file /home/airflow/.local/lib/python3.12/site-packages/airflow/example_dags/example_sensor_decorator.py for tasks to queue
[2026-06-07T08:52:14.573+0000] {logging_mixin.py:190} INFO - [2026-06-07T08:52:14.572+0000] {dagbag.py:588} INFO - Filling up the DagBag from /home/airflow/.local/lib/python3.12/site-packages/airflow/example_dags/example_sensor_decorator.py
[2026-06-07T08:52:14.597+0000] {processor.py:925} INFO - DAG(s) 'example_sensor_decorator' retrieved from /home/airflow/.local/lib/python3.12/site-packages/airflow/example_dags/example_sensor_decorator.py
[2026-06-07T08:52:14.655+0000] {logging_mixin.py:190} INFO - [2026-06-07T08:52:14.654+0000] {dag.py:3239} INFO - Sync 1 DAGs
[2026-06-07T08:52:14.712+0000] {logging_mixin.py:190} INFO - [2026-06-07T08:52:14.710+0000] {dag.py:4180} INFO - Setting next_dagrun for example_sensor_decorator to None, run_after=None
[2026-06-07T08:52:14.765+0000] {processor.py:208} INFO - Processing /home/airflow/.local/lib/python3.12/site-packages/airflow/example_dags/example_sensor_decorator.py took 0.215 seconds
[2026-06-07T08:52:56.693+0000] {processor.py:186} INFO - Started process (PID=1363) to work on /home/airflow/.local/lib/python3.12/site-packages/airflow/example_dags/example_sensor_decorator.py
[2026-06-07T08:52:56.696+0000] {processor.py:914} INFO - Processing file /home/airflow/.local/lib/python3.12/site-packages/airflow/example_dags/example_sensor_decorator.py for tasks to queue
[2026-06-07T08:52:56.713+0000] {logging_mixin.py:190} INFO - [2026-06-07T08:52:56.713+0000] {dagbag.py:588} INFO - Filling up the DagBag from /home/airflow/.local/lib/python3.12/site-packages/airflow/example_dags/example_sensor_decorator.py
[2026-06-07T08:52:56.735+0000] {processor.py:925} INFO - DAG(s) 'example_sensor_decorator' retrieved from /home/airflow/.local/lib/python3.12/site-packages/airflow/example_dags/example_sensor_decorator.py
[2026-06-07T08:52:56.796+0000] {logging_mixin.py:190} INFO - [2026-06-07T08:52:56.795+0000] {dag.py:3239} INFO - Sync 1 DAGs
[2026-06-07T08:52:56.832+0000] {logging_mixin.py:190} INFO - [2026-06-07T08:52:56.832+0000] {dag.py:4180} INFO - Setting next_dagrun for example_sensor_decorator to None, run_after=None
[2026-06-07T08:52:56.938+0000] {processor.py:208} INFO - Processing /home/airflow/.local/lib/python3.12/site-packages/airflow/example_dags/example_sensor_decorator.py took 0.259 seconds
[2026-06-07T08:53:48.511+0000] {processor.py:186} INFO - Started process (PID=1427) to work on /home/airflow/.local/lib/python3.12/site-packages/airflow/example_dags/example_sensor_decorator.py
[2026-06-07T08:53:48.515+0000] {processor.py:914} INFO - Processing file /home/airflow/.local/lib/python3.12/site-packages/airflow/example_dags/example_sensor_decorator.py for tasks to queue
[2026-06-07T08:53:48.521+0000] {logging_mixin.py:190} INFO - [2026-06-07T08:53:48.521+0000] {dagbag.py:588} INFO - Filling up the DagBag from /home/airflow/.local/lib/python3.12/site-packages/airflow/example_dags/example_sensor_decorator.py
[2026-06-07T08:53:48.538+0000] {processor.py:925} INFO - DAG(s) 'example_sensor_decorator' retrieved from /home/airflow/.local/lib/python3.12/site-packages/airflow/example_dags/example_sensor_decorator.py
[2026-06-07T08:53:48.586+0000] {logging_mixin.py:190} INFO - [2026-06-07T08:53:48.586+0000] {dag.py:3239} INFO - Sync 1 DAGs
[2026-06-07T08:53:48.621+0000] {logging_mixin.py:190} INFO - [2026-06-07T08:53:48.620+0000] {dag.py:4180} INFO - Setting next_dagrun for example_sensor_decorator to None, run_after=None
[2026-06-07T08:53:48.660+0000] {processor.py:208} INFO - Processing /home/airflow/.local/lib/python3.12/site-packages/airflow/example_dags/example_sensor_decorator.py took 0.162 seconds
[2026-06-07T08:54:26.314+0000] {processor.py:186} INFO - Started process (PID=1497) to work on /home/airflow/.local/lib/python3.12/site-packages/airflow/example_dags/example_sensor_decorator.py
[2026-06-07T08:54:26.317+0000] {processor.py:914} INFO - Processing file /home/airflow/.local/lib/python3.12/site-packages/airflow/example_dags/example_sensor_decorator.py for tasks to queue
[2026-06-07T08:54:26.325+0000] {logging_mixin.py:190} INFO - [2026-06-07T08:54:26.325+0000] {dagbag.py:588} INFO - Filling up the DagBag from /home/airflow/.local/lib/python3.12/site-packages/airflow/example_dags/example_sensor_decorator.py
[2026-06-07T08:54:26.346+0000] {processor.py:925} INFO - DAG(s) 'example_sensor_decorator' retrieved from /home/airflow/.local/lib/python3.12/site-packages/airflow/example_dags/example_sensor_decorator.py
[2026-06-07T08:54:26.446+0000] {logging_mixin.py:190} INFO - [2026-06-07T08:54:26.445+0000] {dag.py:3239} INFO - Sync 1 DAGs
[2026-06-07T08:54:26.487+0000] {logging_mixin.py:190} INFO - [2026-06-07T08:54:26.487+0000] {dag.py:4180} INFO - Setting next_dagrun for example_sensor_decorator to None, run_after=None
[2026-06-07T08:54:26.559+0000] {processor.py:208} INFO - Processing /home/airflow/.local/lib/python3.12/site-packages/airflow/example_dags/example_sensor_decorator.py took 0.258 seconds
[2026-06-07T08:55:32.664+0000] {processor.py:186} INFO - Started process (PID=1570) to work on /home/airflow/.local/lib/python3.12/site-packages/airflow/example_dags/example_sensor_decorator.py
[2026-06-07T08:55:32.699+0000] {processor.py:914} INFO - Processing file /home/airflow/.local/lib/python3.12/site-packages/airflow/example_dags/example_sensor_decorator.py for tasks to queue
[2026-06-07T08:55:32.702+0000] {logging_mixin.py:190} INFO - [2026-06-07T08:55:32.701+0000] {dagbag.py:588} INFO - Filling up the DagBag from /home/airflow/.local/lib/python3.12/site-packages/airflow/example_dags/example_sensor_decorator.py
[2026-06-07T08:55:32.722+0000] {processor.py:925} INFO - DAG(s) 'example_sensor_decorator' retrieved from /home/airflow/.local/lib/python3.12/site-packages/airflow/example_dags/example_sensor_decorator.py
[2026-06-07T08:55:32.780+0000] {logging_mixin.py:190} INFO - [2026-06-07T08:55:32.780+0000] {dag.py:3239} INFO - Sync 1 DAGs
[2026-06-07T08:55:32.837+0000] {logging_mixin.py:190} INFO - [2026-06-07T08:55:32.837+0000] {dag.py:4180} INFO - Setting next_dagrun for example_sensor_decorator to None, run_after=None
[2026-06-07T08:55:32.880+0000] {processor.py:208} INFO - Processing /home/airflow/.local/lib/python3.12/site-packages/airflow/example_dags/example_sensor_decorator.py took 0.234 seconds
[2026-06-07T08:56:17.086+0000] {processor.py:186} INFO - Started process (PID=1633) to work on /home/airflow/.local/lib/python3.12/site-packages/airflow/example_dags/example_sensor_decorator.py
[2026-06-07T08:56:17.091+0000] {processor.py:914} INFO - Processing file /home/airflow/.local/lib/python3.12/site-packages/airflow/example_dags/example_sensor_decorator.py for tasks to queue
[2026-06-07T08:56:17.099+0000] {logging_mixin.py:190} INFO - [2026-06-07T08:56:17.098+0000] {dagbag.py:588} INFO - Filling up the DagBag from /home/airflow/.local/lib/python3.12/site-packages/airflow/example_dags/example_sensor_decorator.py
[2026-06-07T08:56:17.123+0000] {processor.py:925} INFO - DAG(s) 'example_sensor_decorator' retrieved from /home/airflow/.local/lib/python3.12/site-packages/airflow/example_dags/example_sensor_decorator.py
[2026-06-07T08:56:17.197+0000] {logging_mixin.py:190} INFO - [2026-06-07T08:56:17.196+0000] {dag.py:3239} INFO - Sync 1 DAGs
[2026-06-07T08:56:17.230+0000] {logging_mixin.py:190} INFO - [2026-06-07T08:56:17.230+0000] {dag.py:4180} INFO - Setting next_dagrun for example_sensor_decorator to None, run_after=None
[2026-06-07T08:56:17.288+0000] {processor.py:208} INFO - Processing /home/airflow/.local/lib/python3.12/site-packages/airflow/example_dags/example_sensor_decorator.py took 0.217 seconds
[2026-06-07T08:56:48.515+0000] {processor.py:186} INFO - Started process (PID=1695) to work on /home/airflow/.local/lib/python3.12/site-packages/airflow/example_dags/example_sensor_decorator.py
[2026-06-07T08:56:48.517+0000] {processor.py:914} INFO - Processing file /home/airflow/.local/lib/python3.12/site-packages/airflow/example_dags/example_sensor_decorator.py for tasks to queue
[2026-06-07T08:56:48.524+0000] {logging_mixin.py:190} INFO - [2026-06-07T08:56:48.520+0000] {dagbag.py:588} INFO - Filling up the DagBag from /home/airflow/.local/lib/python3.12/site-packages/airflow/example_dags/example_sensor_decorator.py
[2026-06-07T08:56:48.553+0000] {processor.py:925} INFO - DAG(s) 'example_sensor_decorator' retrieved from /home/airflow/.local/lib/python3.12/site-packages/airflow/example_dags/example_sensor_decorator.py
[2026-06-07T08:56:48.610+0000] {logging_mixin.py:190} INFO - [2026-06-07T08:56:48.609+0000] {dag.py:3239} INFO - Sync 1 DAGs
[2026-06-07T08:56:48.660+0000] {logging_mixin.py:190} INFO - [2026-06-07T08:56:48.660+0000] {dag.py:4180} INFO - Setting next_dagrun for example_sensor_decorator to None, run_after=None
[2026-06-07T08:56:48.726+0000] {processor.py:208} INFO - Processing /home/airflow/.local/lib/python3.12/site-packages/airflow/example_dags/example_sensor_decorator.py took 0.228 seconds
[2026-06-07T08:57:22.349+0000] {processor.py:186} INFO - Started process (PID=1760) to work on /home/airflow/.local/lib/python3.12/site-packages/airflow/example_dags/example_sensor_decorator.py
[2026-06-07T08:57:22.353+0000] {processor.py:914} INFO - Processing file /home/airflow/.local/lib/python3.12/site-packages/airflow/example_dags/example_sensor_decorator.py for tasks to queue
[2026-06-07T08:57:22.359+0000] {logging_mixin.py:190} INFO - [2026-06-07T08:57:22.357+0000] {dagbag.py:588} INFO - Filling up the DagBag from /home/airflow/.local/lib/python3.12/site-packages/airflow/example_dags/example_sensor_decorator.py
[2026-06-07T08:57:22.387+0000] {processor.py:925} INFO - DAG(s) 'example_sensor_decorator' retrieved from /home/airflow/.local/lib/python3.12/site-packages/airflow/example_dags/example_sensor_decorator.py
[2026-06-07T08:57:22.472+0000] {logging_mixin.py:190} INFO - [2026-06-07T08:57:22.472+0000] {dag.py:3239} INFO - Sync 1 DAGs
[2026-06-07T08:57:22.523+0000] {logging_mixin.py:190} INFO - [2026-06-07T08:57:22.522+0000] {dag.py:4180} INFO - Setting next_dagrun for example_sensor_decorator to None, run_after=None
[2026-06-07T08:57:22.602+0000] {processor.py:208} INFO - Processing /home/airflow/.local/lib/python3.12/site-packages/airflow/example_dags/example_sensor_decorator.py took 0.268 seconds
[2026-06-07T10:17:17.092+0000] {processor.py:186} INFO - Started process (PID=107) to work on /home/airflow/.local/lib/python3.12/site-packages/airflow/example_dags/example_sensor_decorator.py
[2026-06-07T10:17:17.095+0000] {processor.py:914} INFO - Processing file /home/airflow/.local/lib/python3.12/site-packages/airflow/example_dags/example_sensor_decorator.py for tasks to queue
[2026-06-07T10:17:17.105+0000] {logging_mixin.py:190} INFO - [2026-06-07T10:17:17.104+0000] {dagbag.py:588} INFO - Filling up the DagBag from /home/airflow/.local/lib/python3.12/site-packages/airflow/example_dags/example_sensor_decorator.py
[2026-06-07T10:17:17.128+0000] {processor.py:925} INFO - DAG(s) 'example_sensor_decorator' retrieved from /home/airflow/.local/lib/python3.12/site-packages/airflow/example_dags/example_sensor_decorator.py
[2026-06-07T10:17:17.379+0000] {logging_mixin.py:190} INFO - [2026-06-07T10:17:17.375+0000] {override.py:1932} INFO - Created Permission View: can delete on DAG:example_sensor_decorator
[2026-06-07T10:17:17.414+0000] {logging_mixin.py:190} INFO - [2026-06-07T10:17:17.414+0000] {override.py:1932} INFO - Created Permission View: can edit on DAG:example_sensor_decorator
[2026-06-07T10:17:17.439+0000] {logging_mixin.py:190} INFO - [2026-06-07T10:17:17.438+0000] {override.py:1932} INFO - Created Permission View: can read on DAG:example_sensor_decorator
[2026-06-07T10:17:17.458+0000] {logging_mixin.py:190} INFO - [2026-06-07T10:17:17.458+0000] {override.py:1932} INFO - Created Permission View: menu access on DAG Run:example_sensor_decorator
[2026-06-07T10:17:17.472+0000] {logging_mixin.py:190} INFO - [2026-06-07T10:17:17.472+0000] {override.py:1932} INFO - Created Permission View: can delete on DAG Run:example_sensor_decorator
[2026-06-07T10:17:17.486+0000] {logging_mixin.py:190} INFO - [2026-06-07T10:17:17.486+0000] {override.py:1932} INFO - Created Permission View: can create on DAG Run:example_sensor_decorator
[2026-06-07T10:17:17.504+0000] {logging_mixin.py:190} INFO - [2026-06-07T10:17:17.504+0000] {override.py:1932} INFO - Created Permission View: can read on DAG Run:example_sensor_decorator
[2026-06-07T10:17:17.506+0000] {logging_mixin.py:190} INFO - [2026-06-07T10:17:17.506+0000] {dag.py:3239} INFO - Sync 1 DAGs
[2026-06-07T10:17:17.552+0000] {logging_mixin.py:190} INFO - [2026-06-07T10:17:17.551+0000] {dag.py:3262} INFO - Creating ORM DAG for example_sensor_decorator
[2026-06-07T10:17:17.557+0000] {logging_mixin.py:190} INFO - [2026-06-07T10:17:17.557+0000] {dag.py:4180} INFO - Setting next_dagrun for example_sensor_decorator to None, run_after=None
[2026-06-07T10:17:17.608+0000] {processor.py:208} INFO - Processing /home/airflow/.local/lib/python3.12/site-packages/airflow/example_dags/example_sensor_decorator.py took 0.529 seconds
[2026-06-07T10:18:13.585+0000] {processor.py:186} INFO - Started process (PID=175) to work on /home/airflow/.local/lib/python3.12/site-packages/airflow/example_dags/example_sensor_decorator.py
[2026-06-07T10:18:13.587+0000] {processor.py:914} INFO - Processing file /home/airflow/.local/lib/python3.12/site-packages/airflow/example_dags/example_sensor_decorator.py for tasks to queue
[2026-06-07T10:18:13.593+0000] {logging_mixin.py:190} INFO - [2026-06-07T10:18:13.593+0000] {dagbag.py:588} INFO - Filling up the DagBag from /home/airflow/.local/lib/python3.12/site-packages/airflow/example_dags/example_sensor_decorator.py
[2026-06-07T10:18:13.613+0000] {processor.py:925} INFO - DAG(s) 'example_sensor_decorator' retrieved from /home/airflow/.local/lib/python3.12/site-packages/airflow/example_dags/example_sensor_decorator.py
[2026-06-07T10:18:13.667+0000] {logging_mixin.py:190} INFO - [2026-06-07T10:18:13.666+0000] {dag.py:3239} INFO - Sync 1 DAGs
[2026-06-07T10:18:13.700+0000] {logging_mixin.py:190} INFO - [2026-06-07T10:18:13.700+0000] {dag.py:4180} INFO - Setting next_dagrun for example_sensor_decorator to None, run_after=None
[2026-06-07T10:18:13.741+0000] {processor.py:208} INFO - Processing /home/airflow/.local/lib/python3.12/site-packages/airflow/example_dags/example_sensor_decorator.py took 0.169 seconds
[2026-06-07T10:19:01.895+0000] {processor.py:186} INFO - Started process (PID=238) to work on /home/airflow/.local/lib/python3.12/site-packages/airflow/example_dags/example_sensor_decorator.py
[2026-06-07T10:19:01.899+0000] {processor.py:914} INFO - Processing file /home/airflow/.local/lib/python3.12/site-packages/airflow/example_dags/example_sensor_decorator.py for tasks to queue
[2026-06-07T10:19:01.908+0000] {logging_mixin.py:190} INFO - [2026-06-07T10:19:01.907+0000] {dagbag.py:588} INFO - Filling up the DagBag from /home/airflow/.local/lib/python3.12/site-packages/airflow/example_dags/example_sensor_decorator.py
[2026-06-07T10:19:01.929+0000] {processor.py:925} INFO - DAG(s) 'example_sensor_decorator' retrieved from /home/airflow/.local/lib/python3.12/site-packages/airflow/example_dags/example_sensor_decorator.py
[2026-06-07T10:19:02.014+0000] {logging_mixin.py:190} INFO - [2026-06-07T10:19:02.014+0000] {dag.py:3239} INFO - Sync 1 DAGs
[2026-06-07T10:19:02.068+0000] {logging_mixin.py:190} INFO - [2026-06-07T10:19:02.067+0000] {dag.py:4180} INFO - Setting next_dagrun for example_sensor_decorator to None, run_after=None
[2026-06-07T10:19:02.127+0000] {processor.py:208} INFO - Processing /home/airflow/.local/lib/python3.12/site-packages/airflow/example_dags/example_sensor_decorator.py took 0.245 seconds
[2026-06-07T10:19:59.166+0000] {processor.py:186} INFO - Started process (PID=307) to work on /home/airflow/.local/lib/python3.12/site-packages/airflow/example_dags/example_sensor_decorator.py
[2026-06-07T10:19:59.169+0000] {processor.py:914} INFO - Processing file /home/airflow/.local/lib/python3.12/site-packages/airflow/example_dags/example_sensor_decorator.py for tasks to queue
[2026-06-07T10:19:59.175+0000] {logging_mixin.py:190} INFO - [2026-06-07T10:19:59.174+0000] {dagbag.py:588} INFO - Filling up the DagBag from /home/airflow/.local/lib/python3.12/site-packages/airflow/example_dags/example_sensor_decorator.py
[2026-06-07T10:19:59.280+0000] {processor.py:925} INFO - DAG(s) 'example_sensor_decorator' retrieved from /home/airflow/.local/lib/python3.12/site-packages/airflow/example_dags/example_sensor_decorator.py
[2026-06-07T10:19:59.344+0000] {logging_mixin.py:190} INFO - [2026-06-07T10:19:59.344+0000] {dag.py:3239} INFO - Sync 1 DAGs
[2026-06-07T10:19:59.490+0000] {logging_mixin.py:190} INFO - [2026-06-07T10:19:59.487+0000] {dag.py:4180} INFO - Setting next_dagrun for example_sensor_decorator to None, run_after=None
[2026-06-07T10:19:59.582+0000] {processor.py:208} INFO - Processing /home/airflow/.local/lib/python3.12/site-packages/airflow/example_dags/example_sensor_decorator.py took 0.433 seconds
[2026-06-07T10:20:42.910+0000] {processor.py:186} INFO - Started process (PID=361) to work on /home/airflow/.local/lib/python3.12/site-packages/airflow/example_dags/example_sensor_decorator.py
[2026-06-07T10:20:42.914+0000] {processor.py:914} INFO - Processing file /home/airflow/.local/lib/python3.12/site-packages/airflow/example_dags/example_sensor_decorator.py for tasks to queue
[2026-06-07T10:20:42.920+0000] {logging_mixin.py:190} INFO - [2026-06-07T10:20:42.919+0000] {dagbag.py:588} INFO - Filling up the DagBag from /home/airflow/.local/lib/python3.12/site-packages/airflow/example_dags/example_sensor_decorator.py
[2026-06-07T10:20:42.947+0000] {processor.py:925} INFO - DAG(s) 'example_sensor_decorator' retrieved from /home/airflow/.local/lib/python3.12/site-packages/airflow/example_dags/example_sensor_decorator.py
[2026-06-07T10:20:43.024+0000] {logging_mixin.py:190} INFO - [2026-06-07T10:20:43.024+0000] {dag.py:3239} INFO - Sync 1 DAGs
[2026-06-07T10:20:43.058+0000] {logging_mixin.py:190} INFO - [2026-06-07T10:20:43.057+0000] {dag.py:4180} INFO - Setting next_dagrun for example_sensor_decorator to None, run_after=None
[2026-06-07T10:20:43.100+0000] {processor.py:208} INFO - Processing /home/airflow/.local/lib/python3.12/site-packages/airflow/example_dags/example_sensor_decorator.py took 0.205 seconds
[2026-06-07T10:21:38.976+0000] {processor.py:186} INFO - Started process (PID=429) to work on /home/airflow/.local/lib/python3.12/site-packages/airflow/example_dags/example_sensor_decorator.py
[2026-06-07T10:21:38.985+0000] {processor.py:914} INFO - Processing file /home/airflow/.local/lib/python3.12/site-packages/airflow/example_dags/example_sensor_decorator.py for tasks to queue
[2026-06-07T10:21:39.011+0000] {logging_mixin.py:190} INFO - [2026-06-07T10:21:39.003+0000] {dagbag.py:588} INFO - Filling up the DagBag from /home/airflow/.local/lib/python3.12/site-packages/airflow/example_dags/example_sensor_decorator.py
[2026-06-07T10:21:39.061+0000] {processor.py:925} INFO - DAG(s) 'example_sensor_decorator' retrieved from /home/airflow/.local/lib/python3.12/site-packages/airflow/example_dags/example_sensor_decorator.py
[2026-06-07T10:21:39.359+0000] {logging_mixin.py:190} INFO - [2026-06-07T10:21:39.344+0000] {dag.py:3239} INFO - Sync 1 DAGs
[2026-06-07T10:21:39.484+0000] {logging_mixin.py:190} INFO - [2026-06-07T10:21:39.483+0000] {dag.py:4180} INFO - Setting next_dagrun for example_sensor_decorator to None, run_after=None
[2026-06-07T10:21:39.642+0000] {processor.py:208} INFO - Processing /home/airflow/.local/lib/python3.12/site-packages/airflow/example_dags/example_sensor_decorator.py took 0.736 seconds
[2026-06-07T10:22:27.048+0000] {processor.py:186} INFO - Started process (PID=505) to work on /home/airflow/.local/lib/python3.12/site-packages/airflow/example_dags/example_sensor_decorator.py
[2026-06-07T10:22:27.053+0000] {processor.py:914} INFO - Processing file /home/airflow/.local/lib/python3.12/site-packages/airflow/example_dags/example_sensor_decorator.py for tasks to queue
[2026-06-07T10:22:27.060+0000] {logging_mixin.py:190} INFO - [2026-06-07T10:22:27.058+0000] {dagbag.py:588} INFO - Filling up the DagBag from /home/airflow/.local/lib/python3.12/site-packages/airflow/example_dags/example_sensor_decorator.py
[2026-06-07T10:22:27.077+0000] {processor.py:925} INFO - DAG(s) 'example_sensor_decorator' retrieved from /home/airflow/.local/lib/python3.12/site-packages/airflow/example_dags/example_sensor_decorator.py
[2026-06-07T10:22:27.128+0000] {logging_mixin.py:190} INFO - [2026-06-07T10:22:27.127+0000] {dag.py:3239} INFO - Sync 1 DAGs
[2026-06-07T10:22:27.173+0000] {logging_mixin.py:190} INFO - [2026-06-07T10:22:27.172+0000] {dag.py:4180} INFO - Setting next_dagrun for example_sensor_decorator to None, run_after=None
[2026-06-07T10:22:27.220+0000] {processor.py:208} INFO - Processing /home/airflow/.local/lib/python3.12/site-packages/airflow/example_dags/example_sensor_decorator.py took 0.186 seconds
[2026-06-07T10:23:19.646+0000] {processor.py:186} INFO - Started process (PID=572) to work on /home/airflow/.local/lib/python3.12/site-packages/airflow/example_dags/example_sensor_decorator.py
[2026-06-07T10:23:19.651+0000] {processor.py:914} INFO - Processing file /home/airflow/.local/lib/python3.12/site-packages/airflow/example_dags/example_sensor_decorator.py for tasks to queue
[2026-06-07T10:23:19.675+0000] {logging_mixin.py:190} INFO - [2026-06-07T10:23:19.671+0000] {dagbag.py:588} INFO - Filling up the DagBag from /home/airflow/.local/lib/python3.12/site-packages/airflow/example_dags/example_sensor_decorator.py
[2026-06-07T10:23:19.731+0000] {processor.py:925} INFO - DAG(s) 'example_sensor_decorator' retrieved from /home/airflow/.local/lib/python3.12/site-packages/airflow/example_dags/example_sensor_decorator.py
[2026-06-07T10:23:19.851+0000] {logging_mixin.py:190} INFO - [2026-06-07T10:23:19.850+0000] {dag.py:3239} INFO - Sync 1 DAGs
[2026-06-07T10:23:19.994+0000] {logging_mixin.py:190} INFO - [2026-06-07T10:23:19.993+0000] {dag.py:4180} INFO - Setting next_dagrun for example_sensor_decorator to None, run_after=None
[2026-06-07T10:23:20.134+0000] {processor.py:208} INFO - Processing /home/airflow/.local/lib/python3.12/site-packages/airflow/example_dags/example_sensor_decorator.py took 0.526 seconds
[2026-06-07T10:24:00.888+0000] {processor.py:186} INFO - Started process (PID=623) to work on /home/airflow/.local/lib/python3.12/site-packages/airflow/example_dags/example_sensor_decorator.py
[2026-06-07T10:24:00.892+0000] {processor.py:914} INFO - Processing file /home/airflow/.local/lib/python3.12/site-packages/airflow/example_dags/example_sensor_decorator.py for tasks to queue
[2026-06-07T10:24:00.902+0000] {logging_mixin.py:190} INFO - [2026-06-07T10:24:00.901+0000] {dagbag.py:588} INFO - Filling up the DagBag from /home/airflow/.local/lib/python3.12/site-packages/airflow/example_dags/example_sensor_decorator.py
[2026-06-07T10:24:00.927+0000] {processor.py:925} INFO - DAG(s) 'example_sensor_decorator' retrieved from /home/airflow/.local/lib/python3.12/site-packages/airflow/example_dags/example_sensor_decorator.py
[2026-06-07T10:24:01.006+0000] {logging_mixin.py:190} INFO - [2026-06-07T10:24:01.005+0000] {dag.py:3239} INFO - Sync 1 DAGs
[2026-06-07T10:24:01.051+0000] {logging_mixin.py:190} INFO - [2026-06-07T10:24:01.050+0000] {dag.py:4180} INFO - Setting next_dagrun for example_sensor_decorator to None, run_after=None
[2026-06-07T10:24:01.103+0000] {processor.py:208} INFO - Processing /home/airflow/.local/lib/python3.12/site-packages/airflow/example_dags/example_sensor_decorator.py took 0.231 seconds
[2026-06-07T10:25:08.169+0000] {processor.py:186} INFO - Started process (PID=684) to work on /home/airflow/.local/lib/python3.12/site-packages/airflow/example_dags/example_sensor_decorator.py
[2026-06-07T10:25:08.171+0000] {processor.py:914} INFO - Processing file /home/airflow/.local/lib/python3.12/site-packages/airflow/example_dags/example_sensor_decorator.py for tasks to queue
[2026-06-07T10:25:08.176+0000] {logging_mixin.py:190} INFO - [2026-06-07T10:25:08.174+0000] {dagbag.py:588} INFO - Filling up the DagBag from /home/airflow/.local/lib/python3.12/site-packages/airflow/example_dags/example_sensor_decorator.py
[2026-06-07T10:25:08.200+0000] {processor.py:925} INFO - DAG(s) 'example_sensor_decorator' retrieved from /home/airflow/.local/lib/python3.12/site-packages/airflow/example_dags/example_sensor_decorator.py
[2026-06-07T10:25:08.289+0000] {logging_mixin.py:190} INFO - [2026-06-07T10:25:08.288+0000] {dag.py:3239} INFO - Sync 1 DAGs
[2026-06-07T10:25:08.345+0000] {logging_mixin.py:190} INFO - [2026-06-07T10:25:08.345+0000] {dag.py:4180} INFO - Setting next_dagrun for example_sensor_decorator to None, run_after=None
[2026-06-07T10:25:08.426+0000] {processor.py:208} INFO - Processing /home/airflow/.local/lib/python3.12/site-packages/airflow/example_dags/example_sensor_decorator.py took 0.281 seconds
[2026-06-07T10:26:17.930+0000] {processor.py:186} INFO - Started process (PID=763) to work on /home/airflow/.local/lib/python3.12/site-packages/airflow/example_dags/example_sensor_decorator.py
[2026-06-07T10:26:17.935+0000] {processor.py:914} INFO - Processing file /home/airflow/.local/lib/python3.12/site-packages/airflow/example_dags/example_sensor_decorator.py for tasks to queue
[2026-06-07T10:26:17.949+0000] {logging_mixin.py:190} INFO - [2026-06-07T10:26:17.945+0000] {dagbag.py:588} INFO - Filling up the DagBag from /home/airflow/.local/lib/python3.12/site-packages/airflow/example_dags/example_sensor_decorator.py
[2026-06-07T10:26:18.000+0000] {processor.py:925} INFO - DAG(s) 'example_sensor_decorator' retrieved from /home/airflow/.local/lib/python3.12/site-packages/airflow/example_dags/example_sensor_decorator.py
[2026-06-07T10:26:18.076+0000] {logging_mixin.py:190} INFO - [2026-06-07T10:26:18.075+0000] {dag.py:3239} INFO - Sync 1 DAGs
[2026-06-07T10:26:18.136+0000] {logging_mixin.py:190} INFO - [2026-06-07T10:26:18.136+0000] {dag.py:4180} INFO - Setting next_dagrun for example_sensor_decorator to None, run_after=None
[2026-06-07T10:26:18.202+0000] {processor.py:208} INFO - Processing /home/airflow/.local/lib/python3.12/site-packages/airflow/example_dags/example_sensor_decorator.py took 0.322 seconds
