[2026-06-07T08:16:04.013+0000] {processor.py:186} INFO - Started process (PID=79) to work on /home/airflow/.local/lib/python3.12/site-packages/airflow/example_dags/example_sla_dag.py
[2026-06-07T08:16:04.015+0000] {processor.py:914} INFO - Processing file /home/airflow/.local/lib/python3.12/site-packages/airflow/example_dags/example_sla_dag.py for tasks to queue
[2026-06-07T08:16:04.027+0000] {logging_mixin.py:190} INFO - [2026-06-07T08:16:04.022+0000] {dagbag.py:588} INFO - Filling up the DagBag from /home/airflow/.local/lib/python3.12/site-packages/airflow/example_dags/example_sla_dag.py
[2026-06-07T08:16:04.071+0000] {processor.py:925} INFO - DAG(s) 'example_sla_dag' retrieved from /home/airflow/.local/lib/python3.12/site-packages/airflow/example_dags/example_sla_dag.py
[2026-06-07T08:16:04.141+0000] {logging_mixin.py:190} INFO - [2026-06-07T08:16:04.140+0000] {dag.py:3239} INFO - Sync 1 DAGs
[2026-06-07T08:16:04.208+0000] {logging_mixin.py:190} INFO - [2026-06-07T08:16:04.207+0000] {dag.py:4180} INFO - Setting next_dagrun for example_sla_dag to 2026-06-07 08:14:00+00:00, run_after=2026-06-07 08:16:00+00:00
[2026-06-07T08:16:04.259+0000] {processor.py:208} INFO - Processing /home/airflow/.local/lib/python3.12/site-packages/airflow/example_dags/example_sla_dag.py took 0.262 seconds
[2026-06-07T08:16:55.991+0000] {processor.py:186} INFO - Started process (PID=147) to work on /home/airflow/.local/lib/python3.12/site-packages/airflow/example_dags/example_sla_dag.py
[2026-06-07T08:16:55.994+0000] {processor.py:914} INFO - Processing file /home/airflow/.local/lib/python3.12/site-packages/airflow/example_dags/example_sla_dag.py for tasks to queue
[2026-06-07T08:16:56.004+0000] {logging_mixin.py:190} INFO - [2026-06-07T08:16:56.003+0000] {dagbag.py:588} INFO - Filling up the DagBag from /home/airflow/.local/lib/python3.12/site-packages/airflow/example_dags/example_sla_dag.py
[2026-06-07T08:16:56.033+0000] {processor.py:925} INFO - DAG(s) 'example_sla_dag' retrieved from /home/airflow/.local/lib/python3.12/site-packages/airflow/example_dags/example_sla_dag.py
[2026-06-07T08:16:56.094+0000] {logging_mixin.py:190} INFO - [2026-06-07T08:16:56.094+0000] {dag.py:3239} INFO - Sync 1 DAGs
[2026-06-07T08:16:56.204+0000] {logging_mixin.py:190} INFO - [2026-06-07T08:16:56.203+0000] {dag.py:4180} INFO - Setting next_dagrun for example_sla_dag to 2026-06-07 08:14:00+00:00, run_after=2026-06-07 08:16:00+00:00
[2026-06-07T08:16:56.271+0000] {processor.py:208} INFO - Processing /home/airflow/.local/lib/python3.12/site-packages/airflow/example_dags/example_sla_dag.py took 0.292 seconds
[2026-06-07T08:17:38.800+0000] {processor.py:186} INFO - Started process (PID=205) to work on /home/airflow/.local/lib/python3.12/site-packages/airflow/example_dags/example_sla_dag.py
[2026-06-07T08:17:38.803+0000] {processor.py:914} INFO - Processing file /home/airflow/.local/lib/python3.12/site-packages/airflow/example_dags/example_sla_dag.py for tasks to queue
[2026-06-07T08:17:38.815+0000] {logging_mixin.py:190} INFO - [2026-06-07T08:17:38.814+0000] {dagbag.py:588} INFO - Filling up the DagBag from /home/airflow/.local/lib/python3.12/site-packages/airflow/example_dags/example_sla_dag.py
[2026-06-07T08:17:38.865+0000] {processor.py:925} INFO - DAG(s) 'example_sla_dag' retrieved from /home/airflow/.local/lib/python3.12/site-packages/airflow/example_dags/example_sla_dag.py
[2026-06-07T08:17:38.979+0000] {logging_mixin.py:190} INFO - [2026-06-07T08:17:38.979+0000] {dag.py:3239} INFO - Sync 1 DAGs
[2026-06-07T08:17:39.125+0000] {logging_mixin.py:190} INFO - [2026-06-07T08:17:39.122+0000] {dag.py:4180} INFO - Setting next_dagrun for example_sla_dag to 2026-06-07 08:14:00+00:00, run_after=2026-06-07 08:16:00+00:00
[2026-06-07T08:17:39.212+0000] {processor.py:208} INFO - Processing /home/airflow/.local/lib/python3.12/site-packages/airflow/example_dags/example_sla_dag.py took 0.432 seconds
[2026-06-07T08:18:20.495+0000] {processor.py:186} INFO - Started process (PID=276) to work on /home/airflow/.local/lib/python3.12/site-packages/airflow/example_dags/example_sla_dag.py
[2026-06-07T08:18:20.498+0000] {processor.py:914} INFO - Processing file /home/airflow/.local/lib/python3.12/site-packages/airflow/example_dags/example_sla_dag.py for tasks to queue
[2026-06-07T08:18:20.506+0000] {logging_mixin.py:190} INFO - [2026-06-07T08:18:20.505+0000] {dagbag.py:588} INFO - Filling up the DagBag from /home/airflow/.local/lib/python3.12/site-packages/airflow/example_dags/example_sla_dag.py
[2026-06-07T08:18:20.529+0000] {processor.py:925} INFO - DAG(s) 'example_sla_dag' retrieved from /home/airflow/.local/lib/python3.12/site-packages/airflow/example_dags/example_sla_dag.py
[2026-06-07T08:18:20.586+0000] {logging_mixin.py:190} INFO - [2026-06-07T08:18:20.585+0000] {dag.py:3239} INFO - Sync 1 DAGs
[2026-06-07T08:18:20.734+0000] {logging_mixin.py:190} INFO - [2026-06-07T08:18:20.733+0000] {dag.py:4180} INFO - Setting next_dagrun for example_sla_dag to 2026-06-07 08:16:00+00:00, run_after=2026-06-07 08:18:00+00:00
[2026-06-07T08:18:20.809+0000] {processor.py:208} INFO - Processing /home/airflow/.local/lib/python3.12/site-packages/airflow/example_dags/example_sla_dag.py took 0.329 seconds
[2026-06-07T08:18:57.756+0000] {processor.py:186} INFO - Started process (PID=334) to work on /home/airflow/.local/lib/python3.12/site-packages/airflow/example_dags/example_sla_dag.py
[2026-06-07T08:18:57.759+0000] {processor.py:914} INFO - Processing file /home/airflow/.local/lib/python3.12/site-packages/airflow/example_dags/example_sla_dag.py for tasks to queue
[2026-06-07T08:18:57.768+0000] {logging_mixin.py:190} INFO - [2026-06-07T08:18:57.765+0000] {dagbag.py:588} INFO - Filling up the DagBag from /home/airflow/.local/lib/python3.12/site-packages/airflow/example_dags/example_sla_dag.py
[2026-06-07T08:18:57.813+0000] {processor.py:925} INFO - DAG(s) 'example_sla_dag' retrieved from /home/airflow/.local/lib/python3.12/site-packages/airflow/example_dags/example_sla_dag.py
[2026-06-07T08:18:57.901+0000] {logging_mixin.py:190} INFO - [2026-06-07T08:18:57.900+0000] {dag.py:3239} INFO - Sync 1 DAGs
[2026-06-07T08:18:57.975+0000] {logging_mixin.py:190} INFO - [2026-06-07T08:18:57.974+0000] {dag.py:4180} INFO - Setting next_dagrun for example_sla_dag to 2026-06-07 08:16:00+00:00, run_after=2026-06-07 08:18:00+00:00
[2026-06-07T08:18:58.019+0000] {processor.py:208} INFO - Processing /home/airflow/.local/lib/python3.12/site-packages/airflow/example_dags/example_sla_dag.py took 0.274 seconds
[2026-06-07T08:19:32.004+0000] {processor.py:186} INFO - Started process (PID=396) to work on /home/airflow/.local/lib/python3.12/site-packages/airflow/example_dags/example_sla_dag.py
[2026-06-07T08:19:32.007+0000] {processor.py:914} INFO - Processing file /home/airflow/.local/lib/python3.12/site-packages/airflow/example_dags/example_sla_dag.py for tasks to queue
[2026-06-07T08:19:32.011+0000] {logging_mixin.py:190} INFO - [2026-06-07T08:19:32.011+0000] {dagbag.py:588} INFO - Filling up the DagBag from /home/airflow/.local/lib/python3.12/site-packages/airflow/example_dags/example_sla_dag.py
[2026-06-07T08:19:32.032+0000] {processor.py:925} INFO - DAG(s) 'example_sla_dag' retrieved from /home/airflow/.local/lib/python3.12/site-packages/airflow/example_dags/example_sla_dag.py
[2026-06-07T08:19:32.107+0000] {logging_mixin.py:190} INFO - [2026-06-07T08:19:32.106+0000] {dag.py:3239} INFO - Sync 1 DAGs
[2026-06-07T08:19:32.170+0000] {logging_mixin.py:190} INFO - [2026-06-07T08:19:32.169+0000] {dag.py:4180} INFO - Setting next_dagrun for example_sla_dag to 2026-06-07 08:16:00+00:00, run_after=2026-06-07 08:18:00+00:00
[2026-06-07T08:19:32.217+0000] {processor.py:208} INFO - Processing /home/airflow/.local/lib/python3.12/site-packages/airflow/example_dags/example_sla_dag.py took 0.225 seconds
[2026-06-07T08:20:05.535+0000] {processor.py:186} INFO - Started process (PID=457) to work on /home/airflow/.local/lib/python3.12/site-packages/airflow/example_dags/example_sla_dag.py
[2026-06-07T08:20:05.538+0000] {processor.py:914} INFO - Processing file /home/airflow/.local/lib/python3.12/site-packages/airflow/example_dags/example_sla_dag.py for tasks to queue
[2026-06-07T08:20:05.544+0000] {logging_mixin.py:190} INFO - [2026-06-07T08:20:05.543+0000] {dagbag.py:588} INFO - Filling up the DagBag from /home/airflow/.local/lib/python3.12/site-packages/airflow/example_dags/example_sla_dag.py
[2026-06-07T08:20:05.567+0000] {processor.py:925} INFO - DAG(s) 'example_sla_dag' retrieved from /home/airflow/.local/lib/python3.12/site-packages/airflow/example_dags/example_sla_dag.py
[2026-06-07T08:20:05.621+0000] {logging_mixin.py:190} INFO - [2026-06-07T08:20:05.620+0000] {dag.py:3239} INFO - Sync 1 DAGs
[2026-06-07T08:20:05.706+0000] {logging_mixin.py:190} INFO - [2026-06-07T08:20:05.706+0000] {dag.py:4180} INFO - Setting next_dagrun for example_sla_dag to 2026-06-07 08:18:00+00:00, run_after=2026-06-07 08:20:00+00:00
[2026-06-07T08:20:05.740+0000] {processor.py:208} INFO - Processing /home/airflow/.local/lib/python3.12/site-packages/airflow/example_dags/example_sla_dag.py took 0.218 seconds
[2026-06-07T08:20:39.936+0000] {processor.py:186} INFO - Started process (PID=518) to work on /home/airflow/.local/lib/python3.12/site-packages/airflow/example_dags/example_sla_dag.py
[2026-06-07T08:20:39.938+0000] {processor.py:914} INFO - Processing file /home/airflow/.local/lib/python3.12/site-packages/airflow/example_dags/example_sla_dag.py for tasks to queue
[2026-06-07T08:20:39.944+0000] {logging_mixin.py:190} INFO - [2026-06-07T08:20:39.943+0000] {dagbag.py:588} INFO - Filling up the DagBag from /home/airflow/.local/lib/python3.12/site-packages/airflow/example_dags/example_sla_dag.py
[2026-06-07T08:20:39.968+0000] {processor.py:925} INFO - DAG(s) 'example_sla_dag' retrieved from /home/airflow/.local/lib/python3.12/site-packages/airflow/example_dags/example_sla_dag.py
[2026-06-07T08:20:40.018+0000] {logging_mixin.py:190} INFO - [2026-06-07T08:20:40.017+0000] {dag.py:3239} INFO - Sync 1 DAGs
[2026-06-07T08:20:40.076+0000] {logging_mixin.py:190} INFO - [2026-06-07T08:20:40.076+0000] {dag.py:4180} INFO - Setting next_dagrun for example_sla_dag to 2026-06-07 08:18:00+00:00, run_after=2026-06-07 08:20:00+00:00
[2026-06-07T08:20:40.112+0000] {processor.py:208} INFO - Processing /home/airflow/.local/lib/python3.12/site-packages/airflow/example_dags/example_sla_dag.py took 0.186 seconds
[2026-06-07T08:21:13.141+0000] {processor.py:186} INFO - Started process (PID=581) to work on /home/airflow/.local/lib/python3.12/site-packages/airflow/example_dags/example_sla_dag.py
[2026-06-07T08:21:13.142+0000] {processor.py:914} INFO - Processing file /home/airflow/.local/lib/python3.12/site-packages/airflow/example_dags/example_sla_dag.py for tasks to queue
[2026-06-07T08:21:13.147+0000] {logging_mixin.py:190} INFO - [2026-06-07T08:21:13.146+0000] {dagbag.py:588} INFO - Filling up the DagBag from /home/airflow/.local/lib/python3.12/site-packages/airflow/example_dags/example_sla_dag.py
[2026-06-07T08:21:13.166+0000] {processor.py:925} INFO - DAG(s) 'example_sla_dag' retrieved from /home/airflow/.local/lib/python3.12/site-packages/airflow/example_dags/example_sla_dag.py
[2026-06-07T08:21:13.215+0000] {logging_mixin.py:190} INFO - [2026-06-07T08:21:13.214+0000] {dag.py:3239} INFO - Sync 1 DAGs
[2026-06-07T08:21:13.271+0000] {logging_mixin.py:190} INFO - [2026-06-07T08:21:13.271+0000] {dag.py:4180} INFO - Setting next_dagrun for example_sla_dag to 2026-06-07 08:18:00+00:00, run_after=2026-06-07 08:20:00+00:00
[2026-06-07T08:21:13.307+0000] {processor.py:208} INFO - Processing /home/airflow/.local/lib/python3.12/site-packages/airflow/example_dags/example_sla_dag.py took 0.178 seconds
[2026-06-07T08:21:45.024+0000] {processor.py:186} INFO - Started process (PID=646) to work on /home/airflow/.local/lib/python3.12/site-packages/airflow/example_dags/example_sla_dag.py
[2026-06-07T08:21:45.026+0000] {processor.py:914} INFO - Processing file /home/airflow/.local/lib/python3.12/site-packages/airflow/example_dags/example_sla_dag.py for tasks to queue
[2026-06-07T08:21:45.032+0000] {logging_mixin.py:190} INFO - [2026-06-07T08:21:45.031+0000] {dagbag.py:588} INFO - Filling up the DagBag from /home/airflow/.local/lib/python3.12/site-packages/airflow/example_dags/example_sla_dag.py
[2026-06-07T08:21:45.056+0000] {processor.py:925} INFO - DAG(s) 'example_sla_dag' retrieved from /home/airflow/.local/lib/python3.12/site-packages/airflow/example_dags/example_sla_dag.py
[2026-06-07T08:21:45.111+0000] {logging_mixin.py:190} INFO - [2026-06-07T08:21:45.111+0000] {dag.py:3239} INFO - Sync 1 DAGs
[2026-06-07T08:21:45.161+0000] {logging_mixin.py:190} INFO - [2026-06-07T08:21:45.161+0000] {dag.py:4180} INFO - Setting next_dagrun for example_sla_dag to 2026-06-07 08:18:00+00:00, run_after=2026-06-07 08:20:00+00:00
[2026-06-07T08:21:45.205+0000] {processor.py:208} INFO - Processing /home/airflow/.local/lib/python3.12/site-packages/airflow/example_dags/example_sla_dag.py took 0.192 seconds
[2026-06-07T08:22:17.158+0000] {processor.py:186} INFO - Started process (PID=708) to work on /home/airflow/.local/lib/python3.12/site-packages/airflow/example_dags/example_sla_dag.py
[2026-06-07T08:22:17.166+0000] {processor.py:914} INFO - Processing file /home/airflow/.local/lib/python3.12/site-packages/airflow/example_dags/example_sla_dag.py for tasks to queue
[2026-06-07T08:22:17.180+0000] {logging_mixin.py:190} INFO - [2026-06-07T08:22:17.179+0000] {dagbag.py:588} INFO - Filling up the DagBag from /home/airflow/.local/lib/python3.12/site-packages/airflow/example_dags/example_sla_dag.py
[2026-06-07T08:22:17.256+0000] {processor.py:925} INFO - DAG(s) 'example_sla_dag' retrieved from /home/airflow/.local/lib/python3.12/site-packages/airflow/example_dags/example_sla_dag.py
[2026-06-07T08:22:17.370+0000] {logging_mixin.py:190} INFO - [2026-06-07T08:22:17.369+0000] {dag.py:3239} INFO - Sync 1 DAGs
[2026-06-07T08:22:17.448+0000] {logging_mixin.py:190} INFO - [2026-06-07T08:22:17.447+0000] {dag.py:4180} INFO - Setting next_dagrun for example_sla_dag to 2026-06-07 08:20:00+00:00, run_after=2026-06-07 08:22:00+00:00
[2026-06-07T08:22:17.498+0000] {processor.py:208} INFO - Processing /home/airflow/.local/lib/python3.12/site-packages/airflow/example_dags/example_sla_dag.py took 0.382 seconds
[2026-06-07T08:22:51.117+0000] {processor.py:186} INFO - Started process (PID=770) to work on /home/airflow/.local/lib/python3.12/site-packages/airflow/example_dags/example_sla_dag.py
[2026-06-07T08:22:51.120+0000] {processor.py:914} INFO - Processing file /home/airflow/.local/lib/python3.12/site-packages/airflow/example_dags/example_sla_dag.py for tasks to queue
[2026-06-07T08:22:51.128+0000] {logging_mixin.py:190} INFO - [2026-06-07T08:22:51.126+0000] {dagbag.py:588} INFO - Filling up the DagBag from /home/airflow/.local/lib/python3.12/site-packages/airflow/example_dags/example_sla_dag.py
[2026-06-07T08:22:51.152+0000] {processor.py:925} INFO - DAG(s) 'example_sla_dag' retrieved from /home/airflow/.local/lib/python3.12/site-packages/airflow/example_dags/example_sla_dag.py
[2026-06-07T08:22:51.221+0000] {logging_mixin.py:190} INFO - [2026-06-07T08:22:51.220+0000] {dag.py:3239} INFO - Sync 1 DAGs
[2026-06-07T08:22:51.317+0000] {logging_mixin.py:190} INFO - [2026-06-07T08:22:51.316+0000] {dag.py:4180} INFO - Setting next_dagrun for example_sla_dag to 2026-06-07 08:20:00+00:00, run_after=2026-06-07 08:22:00+00:00
[2026-06-07T08:22:51.402+0000] {processor.py:208} INFO - Processing /home/airflow/.local/lib/python3.12/site-packages/airflow/example_dags/example_sla_dag.py took 0.297 seconds
[2026-06-07T08:23:26.419+0000] {processor.py:186} INFO - Started process (PID=832) to work on /home/airflow/.local/lib/python3.12/site-packages/airflow/example_dags/example_sla_dag.py
[2026-06-07T08:23:26.422+0000] {processor.py:914} INFO - Processing file /home/airflow/.local/lib/python3.12/site-packages/airflow/example_dags/example_sla_dag.py for tasks to queue
[2026-06-07T08:23:26.433+0000] {logging_mixin.py:190} INFO - [2026-06-07T08:23:26.431+0000] {dagbag.py:588} INFO - Filling up the DagBag from /home/airflow/.local/lib/python3.12/site-packages/airflow/example_dags/example_sla_dag.py
[2026-06-07T08:23:26.470+0000] {processor.py:925} INFO - DAG(s) 'example_sla_dag' retrieved from /home/airflow/.local/lib/python3.12/site-packages/airflow/example_dags/example_sla_dag.py
[2026-06-07T08:23:26.555+0000] {logging_mixin.py:190} INFO - [2026-06-07T08:23:26.553+0000] {dag.py:3239} INFO - Sync 1 DAGs
[2026-06-07T08:23:26.636+0000] {logging_mixin.py:190} INFO - [2026-06-07T08:23:26.635+0000] {dag.py:4180} INFO - Setting next_dagrun for example_sla_dag to 2026-06-07 08:20:00+00:00, run_after=2026-06-07 08:22:00+00:00
[2026-06-07T08:23:26.679+0000] {processor.py:208} INFO - Processing /home/airflow/.local/lib/python3.12/site-packages/airflow/example_dags/example_sla_dag.py took 0.274 seconds
[2026-06-07T08:24:04.431+0000] {processor.py:186} INFO - Started process (PID=892) to work on /home/airflow/.local/lib/python3.12/site-packages/airflow/example_dags/example_sla_dag.py
[2026-06-07T08:24:04.433+0000] {processor.py:914} INFO - Processing file /home/airflow/.local/lib/python3.12/site-packages/airflow/example_dags/example_sla_dag.py for tasks to queue
[2026-06-07T08:24:04.439+0000] {logging_mixin.py:190} INFO - [2026-06-07T08:24:04.438+0000] {dagbag.py:588} INFO - Filling up the DagBag from /home/airflow/.local/lib/python3.12/site-packages/airflow/example_dags/example_sla_dag.py
[2026-06-07T08:24:04.456+0000] {processor.py:925} INFO - DAG(s) 'example_sla_dag' retrieved from /home/airflow/.local/lib/python3.12/site-packages/airflow/example_dags/example_sla_dag.py
[2026-06-07T08:24:04.500+0000] {logging_mixin.py:190} INFO - [2026-06-07T08:24:04.499+0000] {dag.py:3239} INFO - Sync 1 DAGs
[2026-06-07T08:24:04.547+0000] {logging_mixin.py:190} INFO - [2026-06-07T08:24:04.547+0000] {dag.py:4180} INFO - Setting next_dagrun for example_sla_dag to 2026-06-07 08:22:00+00:00, run_after=2026-06-07 08:24:00+00:00
[2026-06-07T08:24:04.584+0000] {processor.py:208} INFO - Processing /home/airflow/.local/lib/python3.12/site-packages/airflow/example_dags/example_sla_dag.py took 0.163 seconds
[2026-06-07T08:24:36.983+0000] {processor.py:186} INFO - Started process (PID=952) to work on /home/airflow/.local/lib/python3.12/site-packages/airflow/example_dags/example_sla_dag.py
[2026-06-07T08:24:36.984+0000] {processor.py:914} INFO - Processing file /home/airflow/.local/lib/python3.12/site-packages/airflow/example_dags/example_sla_dag.py for tasks to queue
[2026-06-07T08:24:36.992+0000] {logging_mixin.py:190} INFO - [2026-06-07T08:24:36.991+0000] {dagbag.py:588} INFO - Filling up the DagBag from /home/airflow/.local/lib/python3.12/site-packages/airflow/example_dags/example_sla_dag.py
[2026-06-07T08:24:37.018+0000] {processor.py:925} INFO - DAG(s) 'example_sla_dag' retrieved from /home/airflow/.local/lib/python3.12/site-packages/airflow/example_dags/example_sla_dag.py
[2026-06-07T08:24:37.073+0000] {logging_mixin.py:190} INFO - [2026-06-07T08:24:37.072+0000] {dag.py:3239} INFO - Sync 1 DAGs
[2026-06-07T08:24:37.130+0000] {logging_mixin.py:190} INFO - [2026-06-07T08:24:37.129+0000] {dag.py:4180} INFO - Setting next_dagrun for example_sla_dag to 2026-06-07 08:22:00+00:00, run_after=2026-06-07 08:24:00+00:00
[2026-06-07T08:24:37.170+0000] {processor.py:208} INFO - Processing /home/airflow/.local/lib/python3.12/site-packages/airflow/example_dags/example_sla_dag.py took 0.202 seconds
[2026-06-07T08:25:09.382+0000] {processor.py:186} INFO - Started process (PID=1003) to work on /home/airflow/.local/lib/python3.12/site-packages/airflow/example_dags/example_sla_dag.py
[2026-06-07T08:25:09.385+0000] {processor.py:914} INFO - Processing file /home/airflow/.local/lib/python3.12/site-packages/airflow/example_dags/example_sla_dag.py for tasks to queue
[2026-06-07T08:25:09.391+0000] {logging_mixin.py:190} INFO - [2026-06-07T08:25:09.391+0000] {dagbag.py:588} INFO - Filling up the DagBag from /home/airflow/.local/lib/python3.12/site-packages/airflow/example_dags/example_sla_dag.py
[2026-06-07T08:25:09.416+0000] {processor.py:925} INFO - DAG(s) 'example_sla_dag' retrieved from /home/airflow/.local/lib/python3.12/site-packages/airflow/example_dags/example_sla_dag.py
[2026-06-07T08:25:09.476+0000] {logging_mixin.py:190} INFO - [2026-06-07T08:25:09.475+0000] {dag.py:3239} INFO - Sync 1 DAGs
[2026-06-07T08:25:09.538+0000] {logging_mixin.py:190} INFO - [2026-06-07T08:25:09.537+0000] {dag.py:4180} INFO - Setting next_dagrun for example_sla_dag to 2026-06-07 08:22:00+00:00, run_after=2026-06-07 08:24:00+00:00
[2026-06-07T08:25:09.606+0000] {processor.py:208} INFO - Processing /home/airflow/.local/lib/python3.12/site-packages/airflow/example_dags/example_sla_dag.py took 0.244 seconds
[2026-06-07T08:25:44.040+0000] {processor.py:186} INFO - Started process (PID=1065) to work on /home/airflow/.local/lib/python3.12/site-packages/airflow/example_dags/example_sla_dag.py
[2026-06-07T08:25:44.043+0000] {processor.py:914} INFO - Processing file /home/airflow/.local/lib/python3.12/site-packages/airflow/example_dags/example_sla_dag.py for tasks to queue
[2026-06-07T08:25:44.054+0000] {logging_mixin.py:190} INFO - [2026-06-07T08:25:44.053+0000] {dagbag.py:588} INFO - Filling up the DagBag from /home/airflow/.local/lib/python3.12/site-packages/airflow/example_dags/example_sla_dag.py
[2026-06-07T08:25:44.083+0000] {processor.py:925} INFO - DAG(s) 'example_sla_dag' retrieved from /home/airflow/.local/lib/python3.12/site-packages/airflow/example_dags/example_sla_dag.py
[2026-06-07T08:25:44.169+0000] {logging_mixin.py:190} INFO - [2026-06-07T08:25:44.168+0000] {dag.py:3239} INFO - Sync 1 DAGs
[2026-06-07T08:25:44.258+0000] {logging_mixin.py:190} INFO - [2026-06-07T08:25:44.258+0000] {dag.py:4180} INFO - Setting next_dagrun for example_sla_dag to 2026-06-07 08:22:00+00:00, run_after=2026-06-07 08:24:00+00:00
[2026-06-07T08:25:44.320+0000] {processor.py:208} INFO - Processing /home/airflow/.local/lib/python3.12/site-packages/airflow/example_dags/example_sla_dag.py took 0.292 seconds
[2026-06-07T08:26:23.579+0000] {processor.py:186} INFO - Started process (PID=1133) to work on /home/airflow/.local/lib/python3.12/site-packages/airflow/example_dags/example_sla_dag.py
[2026-06-07T08:26:23.582+0000] {processor.py:914} INFO - Processing file /home/airflow/.local/lib/python3.12/site-packages/airflow/example_dags/example_sla_dag.py for tasks to queue
[2026-06-07T08:26:23.590+0000] {logging_mixin.py:190} INFO - [2026-06-07T08:26:23.590+0000] {dagbag.py:588} INFO - Filling up the DagBag from /home/airflow/.local/lib/python3.12/site-packages/airflow/example_dags/example_sla_dag.py
[2026-06-07T08:26:23.619+0000] {processor.py:925} INFO - DAG(s) 'example_sla_dag' retrieved from /home/airflow/.local/lib/python3.12/site-packages/airflow/example_dags/example_sla_dag.py
[2026-06-07T08:26:23.673+0000] {logging_mixin.py:190} INFO - [2026-06-07T08:26:23.670+0000] {dag.py:3239} INFO - Sync 1 DAGs
[2026-06-07T08:26:23.723+0000] {logging_mixin.py:190} INFO - [2026-06-07T08:26:23.722+0000] {dag.py:4180} INFO - Setting next_dagrun for example_sla_dag to 2026-06-07 08:24:00+00:00, run_after=2026-06-07 08:26:00+00:00
[2026-06-07T08:26:23.761+0000] {processor.py:208} INFO - Processing /home/airflow/.local/lib/python3.12/site-packages/airflow/example_dags/example_sla_dag.py took 0.193 seconds
[2026-06-07T08:27:04.647+0000] {processor.py:186} INFO - Started process (PID=1195) to work on /home/airflow/.local/lib/python3.12/site-packages/airflow/example_dags/example_sla_dag.py
[2026-06-07T08:27:04.650+0000] {processor.py:914} INFO - Processing file /home/airflow/.local/lib/python3.12/site-packages/airflow/example_dags/example_sla_dag.py for tasks to queue
[2026-06-07T08:27:04.656+0000] {logging_mixin.py:190} INFO - [2026-06-07T08:27:04.655+0000] {dagbag.py:588} INFO - Filling up the DagBag from /home/airflow/.local/lib/python3.12/site-packages/airflow/example_dags/example_sla_dag.py
[2026-06-07T08:27:04.683+0000] {processor.py:925} INFO - DAG(s) 'example_sla_dag' retrieved from /home/airflow/.local/lib/python3.12/site-packages/airflow/example_dags/example_sla_dag.py
[2026-06-07T08:27:04.815+0000] {logging_mixin.py:190} INFO - [2026-06-07T08:27:04.815+0000] {dag.py:3239} INFO - Sync 1 DAGs
[2026-06-07T08:27:04.892+0000] {logging_mixin.py:190} INFO - [2026-06-07T08:27:04.892+0000] {dag.py:4180} INFO - Setting next_dagrun for example_sla_dag to 2026-06-07 08:24:00+00:00, run_after=2026-06-07 08:26:00+00:00
[2026-06-07T08:27:04.965+0000] {processor.py:208} INFO - Processing /home/airflow/.local/lib/python3.12/site-packages/airflow/example_dags/example_sla_dag.py took 0.330 seconds
[2026-06-07T08:27:49.179+0000] {processor.py:186} INFO - Started process (PID=1260) to work on /home/airflow/.local/lib/python3.12/site-packages/airflow/example_dags/example_sla_dag.py
[2026-06-07T08:27:49.181+0000] {processor.py:914} INFO - Processing file /home/airflow/.local/lib/python3.12/site-packages/airflow/example_dags/example_sla_dag.py for tasks to queue
[2026-06-07T08:27:49.186+0000] {logging_mixin.py:190} INFO - [2026-06-07T08:27:49.185+0000] {dagbag.py:588} INFO - Filling up the DagBag from /home/airflow/.local/lib/python3.12/site-packages/airflow/example_dags/example_sla_dag.py
[2026-06-07T08:27:49.205+0000] {processor.py:925} INFO - DAG(s) 'example_sla_dag' retrieved from /home/airflow/.local/lib/python3.12/site-packages/airflow/example_dags/example_sla_dag.py
[2026-06-07T08:27:49.250+0000] {logging_mixin.py:190} INFO - [2026-06-07T08:27:49.250+0000] {dag.py:3239} INFO - Sync 1 DAGs
[2026-06-07T08:27:49.293+0000] {logging_mixin.py:190} INFO - [2026-06-07T08:27:49.293+0000] {dag.py:4180} INFO - Setting next_dagrun for example_sla_dag to 2026-06-07 08:24:00+00:00, run_after=2026-06-07 08:26:00+00:00
[2026-06-07T08:27:49.328+0000] {processor.py:208} INFO - Processing /home/airflow/.local/lib/python3.12/site-packages/airflow/example_dags/example_sla_dag.py took 0.159 seconds
[2026-06-07T08:28:19.667+0000] {processor.py:186} INFO - Started process (PID=1322) to work on /home/airflow/.local/lib/python3.12/site-packages/airflow/example_dags/example_sla_dag.py
[2026-06-07T08:28:19.671+0000] {processor.py:914} INFO - Processing file /home/airflow/.local/lib/python3.12/site-packages/airflow/example_dags/example_sla_dag.py for tasks to queue
[2026-06-07T08:28:19.678+0000] {logging_mixin.py:190} INFO - [2026-06-07T08:28:19.676+0000] {dagbag.py:588} INFO - Filling up the DagBag from /home/airflow/.local/lib/python3.12/site-packages/airflow/example_dags/example_sla_dag.py
[2026-06-07T08:28:19.702+0000] {processor.py:925} INFO - DAG(s) 'example_sla_dag' retrieved from /home/airflow/.local/lib/python3.12/site-packages/airflow/example_dags/example_sla_dag.py
[2026-06-07T08:28:19.751+0000] {logging_mixin.py:190} INFO - [2026-06-07T08:28:19.751+0000] {dag.py:3239} INFO - Sync 1 DAGs
[2026-06-07T08:28:19.805+0000] {logging_mixin.py:190} INFO - [2026-06-07T08:28:19.805+0000] {dag.py:4180} INFO - Setting next_dagrun for example_sla_dag to 2026-06-07 08:26:00+00:00, run_after=2026-06-07 08:28:00+00:00
[2026-06-07T08:28:19.843+0000] {processor.py:208} INFO - Processing /home/airflow/.local/lib/python3.12/site-packages/airflow/example_dags/example_sla_dag.py took 0.187 seconds
[2026-06-07T08:28:53.069+0000] {processor.py:186} INFO - Started process (PID=1383) to work on /home/airflow/.local/lib/python3.12/site-packages/airflow/example_dags/example_sla_dag.py
[2026-06-07T08:28:53.071+0000] {processor.py:914} INFO - Processing file /home/airflow/.local/lib/python3.12/site-packages/airflow/example_dags/example_sla_dag.py for tasks to queue
[2026-06-07T08:28:53.075+0000] {logging_mixin.py:190} INFO - [2026-06-07T08:28:53.075+0000] {dagbag.py:588} INFO - Filling up the DagBag from /home/airflow/.local/lib/python3.12/site-packages/airflow/example_dags/example_sla_dag.py
[2026-06-07T08:28:53.090+0000] {processor.py:925} INFO - DAG(s) 'example_sla_dag' retrieved from /home/airflow/.local/lib/python3.12/site-packages/airflow/example_dags/example_sla_dag.py
[2026-06-07T08:28:53.127+0000] {logging_mixin.py:190} INFO - [2026-06-07T08:28:53.127+0000] {dag.py:3239} INFO - Sync 1 DAGs
[2026-06-07T08:28:53.166+0000] {logging_mixin.py:190} INFO - [2026-06-07T08:28:53.165+0000] {dag.py:4180} INFO - Setting next_dagrun for example_sla_dag to 2026-06-07 08:26:00+00:00, run_after=2026-06-07 08:28:00+00:00
[2026-06-07T08:28:53.198+0000] {processor.py:208} INFO - Processing /home/airflow/.local/lib/python3.12/site-packages/airflow/example_dags/example_sla_dag.py took 0.137 seconds
[2026-06-07T08:39:22.822+0000] {processor.py:186} INFO - Started process (PID=84) to work on /home/airflow/.local/lib/python3.12/site-packages/airflow/example_dags/example_sla_dag.py
[2026-06-07T08:39:22.826+0000] {processor.py:914} INFO - Processing file /home/airflow/.local/lib/python3.12/site-packages/airflow/example_dags/example_sla_dag.py for tasks to queue
[2026-06-07T08:39:22.835+0000] {logging_mixin.py:190} INFO - [2026-06-07T08:39:22.834+0000] {dagbag.py:588} INFO - Filling up the DagBag from /home/airflow/.local/lib/python3.12/site-packages/airflow/example_dags/example_sla_dag.py
[2026-06-07T08:39:22.867+0000] {processor.py:925} INFO - DAG(s) 'example_sla_dag' retrieved from /home/airflow/.local/lib/python3.12/site-packages/airflow/example_dags/example_sla_dag.py
[2026-06-07T08:39:22.949+0000] {logging_mixin.py:190} INFO - [2026-06-07T08:39:22.949+0000] {dag.py:3239} INFO - Sync 1 DAGs
[2026-06-07T08:39:23.033+0000] {logging_mixin.py:190} INFO - [2026-06-07T08:39:23.033+0000] {dag.py:4180} INFO - Setting next_dagrun for example_sla_dag to 2026-06-07 08:36:00+00:00, run_after=2026-06-07 08:38:00+00:00
[2026-06-07T08:39:23.083+0000] {processor.py:208} INFO - Processing /home/airflow/.local/lib/python3.12/site-packages/airflow/example_dags/example_sla_dag.py took 0.293 seconds
[2026-06-07T08:40:15.032+0000] {processor.py:186} INFO - Started process (PID=147) to work on /home/airflow/.local/lib/python3.12/site-packages/airflow/example_dags/example_sla_dag.py
[2026-06-07T08:40:15.034+0000] {processor.py:914} INFO - Processing file /home/airflow/.local/lib/python3.12/site-packages/airflow/example_dags/example_sla_dag.py for tasks to queue
[2026-06-07T08:40:15.042+0000] {logging_mixin.py:190} INFO - [2026-06-07T08:40:15.042+0000] {dagbag.py:588} INFO - Filling up the DagBag from /home/airflow/.local/lib/python3.12/site-packages/airflow/example_dags/example_sla_dag.py
[2026-06-07T08:40:15.062+0000] {processor.py:925} INFO - DAG(s) 'example_sla_dag' retrieved from /home/airflow/.local/lib/python3.12/site-packages/airflow/example_dags/example_sla_dag.py
[2026-06-07T08:40:15.112+0000] {logging_mixin.py:190} INFO - [2026-06-07T08:40:15.112+0000] {dag.py:3239} INFO - Sync 1 DAGs
[2026-06-07T08:40:15.173+0000] {logging_mixin.py:190} INFO - [2026-06-07T08:40:15.173+0000] {dag.py:4180} INFO - Setting next_dagrun for example_sla_dag to 2026-06-07 08:38:00+00:00, run_after=2026-06-07 08:40:00+00:00
[2026-06-07T08:40:15.213+0000] {processor.py:208} INFO - Processing /home/airflow/.local/lib/python3.12/site-packages/airflow/example_dags/example_sla_dag.py took 0.195 seconds
[2026-06-07T08:40:56.993+0000] {processor.py:186} INFO - Started process (PID=206) to work on /home/airflow/.local/lib/python3.12/site-packages/airflow/example_dags/example_sla_dag.py
[2026-06-07T08:40:56.996+0000] {processor.py:914} INFO - Processing file /home/airflow/.local/lib/python3.12/site-packages/airflow/example_dags/example_sla_dag.py for tasks to queue
[2026-06-07T08:40:57.005+0000] {logging_mixin.py:190} INFO - [2026-06-07T08:40:57.004+0000] {dagbag.py:588} INFO - Filling up the DagBag from /home/airflow/.local/lib/python3.12/site-packages/airflow/example_dags/example_sla_dag.py
[2026-06-07T08:40:57.031+0000] {processor.py:925} INFO - DAG(s) 'example_sla_dag' retrieved from /home/airflow/.local/lib/python3.12/site-packages/airflow/example_dags/example_sla_dag.py
[2026-06-07T08:40:57.104+0000] {logging_mixin.py:190} INFO - [2026-06-07T08:40:57.104+0000] {dag.py:3239} INFO - Sync 1 DAGs
[2026-06-07T08:40:57.173+0000] {logging_mixin.py:190} INFO - [2026-06-07T08:40:57.172+0000] {dag.py:4180} INFO - Setting next_dagrun for example_sla_dag to 2026-06-07 08:38:00+00:00, run_after=2026-06-07 08:40:00+00:00
[2026-06-07T08:40:57.248+0000] {processor.py:208} INFO - Processing /home/airflow/.local/lib/python3.12/site-packages/airflow/example_dags/example_sla_dag.py took 0.282 seconds
[2026-06-07T08:41:29.911+0000] {processor.py:186} INFO - Started process (PID=268) to work on /home/airflow/.local/lib/python3.12/site-packages/airflow/example_dags/example_sla_dag.py
[2026-06-07T08:41:29.915+0000] {processor.py:914} INFO - Processing file /home/airflow/.local/lib/python3.12/site-packages/airflow/example_dags/example_sla_dag.py for tasks to queue
[2026-06-07T08:41:29.927+0000] {logging_mixin.py:190} INFO - [2026-06-07T08:41:29.927+0000] {dagbag.py:588} INFO - Filling up the DagBag from /home/airflow/.local/lib/python3.12/site-packages/airflow/example_dags/example_sla_dag.py
[2026-06-07T08:41:29.979+0000] {processor.py:925} INFO - DAG(s) 'example_sla_dag' retrieved from /home/airflow/.local/lib/python3.12/site-packages/airflow/example_dags/example_sla_dag.py
[2026-06-07T08:41:30.088+0000] {logging_mixin.py:190} INFO - [2026-06-07T08:41:30.088+0000] {dag.py:3239} INFO - Sync 1 DAGs
[2026-06-07T08:41:30.201+0000] {logging_mixin.py:190} INFO - [2026-06-07T08:41:30.201+0000] {dag.py:4180} INFO - Setting next_dagrun for example_sla_dag to 2026-06-07 08:38:00+00:00, run_after=2026-06-07 08:40:00+00:00
[2026-06-07T08:41:30.302+0000] {processor.py:208} INFO - Processing /home/airflow/.local/lib/python3.12/site-packages/airflow/example_dags/example_sla_dag.py took 0.408 seconds
[2026-06-07T08:42:03.772+0000] {processor.py:186} INFO - Started process (PID=330) to work on /home/airflow/.local/lib/python3.12/site-packages/airflow/example_dags/example_sla_dag.py
[2026-06-07T08:42:03.777+0000] {processor.py:914} INFO - Processing file /home/airflow/.local/lib/python3.12/site-packages/airflow/example_dags/example_sla_dag.py for tasks to queue
[2026-06-07T08:42:03.789+0000] {logging_mixin.py:190} INFO - [2026-06-07T08:42:03.789+0000] {dagbag.py:588} INFO - Filling up the DagBag from /home/airflow/.local/lib/python3.12/site-packages/airflow/example_dags/example_sla_dag.py
[2026-06-07T08:42:03.852+0000] {processor.py:925} INFO - DAG(s) 'example_sla_dag' retrieved from /home/airflow/.local/lib/python3.12/site-packages/airflow/example_dags/example_sla_dag.py
[2026-06-07T08:42:03.952+0000] {logging_mixin.py:190} INFO - [2026-06-07T08:42:03.950+0000] {dag.py:3239} INFO - Sync 1 DAGs
[2026-06-07T08:42:04.023+0000] {logging_mixin.py:190} INFO - [2026-06-07T08:42:04.023+0000] {dag.py:4180} INFO - Setting next_dagrun for example_sla_dag to 2026-06-07 08:40:00+00:00, run_after=2026-06-07 08:42:00+00:00
[2026-06-07T08:42:04.077+0000] {processor.py:208} INFO - Processing /home/airflow/.local/lib/python3.12/site-packages/airflow/example_dags/example_sla_dag.py took 0.319 seconds
[2026-06-07T08:42:40.604+0000] {processor.py:186} INFO - Started process (PID=379) to work on /home/airflow/.local/lib/python3.12/site-packages/airflow/example_dags/example_sla_dag.py
[2026-06-07T08:42:40.607+0000] {processor.py:914} INFO - Processing file /home/airflow/.local/lib/python3.12/site-packages/airflow/example_dags/example_sla_dag.py for tasks to queue
[2026-06-07T08:42:40.614+0000] {logging_mixin.py:190} INFO - [2026-06-07T08:42:40.614+0000] {dagbag.py:588} INFO - Filling up the DagBag from /home/airflow/.local/lib/python3.12/site-packages/airflow/example_dags/example_sla_dag.py
[2026-06-07T08:42:40.636+0000] {processor.py:925} INFO - DAG(s) 'example_sla_dag' retrieved from /home/airflow/.local/lib/python3.12/site-packages/airflow/example_dags/example_sla_dag.py
[2026-06-07T08:42:40.695+0000] {logging_mixin.py:190} INFO - [2026-06-07T08:42:40.694+0000] {dag.py:3239} INFO - Sync 1 DAGs
[2026-06-07T08:42:40.768+0000] {logging_mixin.py:190} INFO - [2026-06-07T08:42:40.767+0000] {dag.py:4180} INFO - Setting next_dagrun for example_sla_dag to 2026-06-07 08:40:00+00:00, run_after=2026-06-07 08:42:00+00:00
[2026-06-07T08:42:40.808+0000] {processor.py:208} INFO - Processing /home/airflow/.local/lib/python3.12/site-packages/airflow/example_dags/example_sla_dag.py took 0.214 seconds
[2026-06-07T08:43:22.097+0000] {processor.py:186} INFO - Started process (PID=441) to work on /home/airflow/.local/lib/python3.12/site-packages/airflow/example_dags/example_sla_dag.py
[2026-06-07T08:43:22.099+0000] {processor.py:914} INFO - Processing file /home/airflow/.local/lib/python3.12/site-packages/airflow/example_dags/example_sla_dag.py for tasks to queue
[2026-06-07T08:43:22.105+0000] {logging_mixin.py:190} INFO - [2026-06-07T08:43:22.104+0000] {dagbag.py:588} INFO - Filling up the DagBag from /home/airflow/.local/lib/python3.12/site-packages/airflow/example_dags/example_sla_dag.py
[2026-06-07T08:43:22.127+0000] {processor.py:925} INFO - DAG(s) 'example_sla_dag' retrieved from /home/airflow/.local/lib/python3.12/site-packages/airflow/example_dags/example_sla_dag.py
[2026-06-07T08:43:22.177+0000] {logging_mixin.py:190} INFO - [2026-06-07T08:43:22.177+0000] {dag.py:3239} INFO - Sync 1 DAGs
[2026-06-07T08:43:22.255+0000] {logging_mixin.py:190} INFO - [2026-06-07T08:43:22.254+0000] {dag.py:4180} INFO - Setting next_dagrun for example_sla_dag to 2026-06-07 08:40:00+00:00, run_after=2026-06-07 08:42:00+00:00
[2026-06-07T08:43:22.331+0000] {processor.py:208} INFO - Processing /home/airflow/.local/lib/python3.12/site-packages/airflow/example_dags/example_sla_dag.py took 0.244 seconds
[2026-06-07T08:43:57.094+0000] {processor.py:186} INFO - Started process (PID=509) to work on /home/airflow/.local/lib/python3.12/site-packages/airflow/example_dags/example_sla_dag.py
[2026-06-07T08:43:57.100+0000] {processor.py:914} INFO - Processing file /home/airflow/.local/lib/python3.12/site-packages/airflow/example_dags/example_sla_dag.py for tasks to queue
[2026-06-07T08:43:57.106+0000] {logging_mixin.py:190} INFO - [2026-06-07T08:43:57.105+0000] {dagbag.py:588} INFO - Filling up the DagBag from /home/airflow/.local/lib/python3.12/site-packages/airflow/example_dags/example_sla_dag.py
[2026-06-07T08:43:57.132+0000] {processor.py:925} INFO - DAG(s) 'example_sla_dag' retrieved from /home/airflow/.local/lib/python3.12/site-packages/airflow/example_dags/example_sla_dag.py
[2026-06-07T08:43:57.189+0000] {logging_mixin.py:190} INFO - [2026-06-07T08:43:57.188+0000] {dag.py:3239} INFO - Sync 1 DAGs
[2026-06-07T08:43:57.271+0000] {logging_mixin.py:190} INFO - [2026-06-07T08:43:57.270+0000] {dag.py:4180} INFO - Setting next_dagrun for example_sla_dag to 2026-06-07 08:40:00+00:00, run_after=2026-06-07 08:42:00+00:00
[2026-06-07T08:43:57.349+0000] {processor.py:208} INFO - Processing /home/airflow/.local/lib/python3.12/site-packages/airflow/example_dags/example_sla_dag.py took 0.270 seconds
[2026-06-07T08:44:33.531+0000] {processor.py:186} INFO - Started process (PID=567) to work on /home/airflow/.local/lib/python3.12/site-packages/airflow/example_dags/example_sla_dag.py
[2026-06-07T08:44:33.540+0000] {processor.py:914} INFO - Processing file /home/airflow/.local/lib/python3.12/site-packages/airflow/example_dags/example_sla_dag.py for tasks to queue
[2026-06-07T08:44:33.551+0000] {logging_mixin.py:190} INFO - [2026-06-07T08:44:33.550+0000] {dagbag.py:588} INFO - Filling up the DagBag from /home/airflow/.local/lib/python3.12/site-packages/airflow/example_dags/example_sla_dag.py
[2026-06-07T08:44:33.583+0000] {processor.py:925} INFO - DAG(s) 'example_sla_dag' retrieved from /home/airflow/.local/lib/python3.12/site-packages/airflow/example_dags/example_sla_dag.py
[2026-06-07T08:44:33.663+0000] {logging_mixin.py:190} INFO - [2026-06-07T08:44:33.662+0000] {dag.py:3239} INFO - Sync 1 DAGs
[2026-06-07T08:44:33.773+0000] {logging_mixin.py:190} INFO - [2026-06-07T08:44:33.773+0000] {dag.py:4180} INFO - Setting next_dagrun for example_sla_dag to 2026-06-07 08:42:00+00:00, run_after=2026-06-07 08:44:00+00:00
[2026-06-07T08:44:33.837+0000] {processor.py:208} INFO - Processing /home/airflow/.local/lib/python3.12/site-packages/airflow/example_dags/example_sla_dag.py took 0.343 seconds
[2026-06-07T08:45:12.248+0000] {processor.py:186} INFO - Started process (PID=628) to work on /home/airflow/.local/lib/python3.12/site-packages/airflow/example_dags/example_sla_dag.py
[2026-06-07T08:45:12.250+0000] {processor.py:914} INFO - Processing file /home/airflow/.local/lib/python3.12/site-packages/airflow/example_dags/example_sla_dag.py for tasks to queue
[2026-06-07T08:45:12.258+0000] {logging_mixin.py:190} INFO - [2026-06-07T08:45:12.258+0000] {dagbag.py:588} INFO - Filling up the DagBag from /home/airflow/.local/lib/python3.12/site-packages/airflow/example_dags/example_sla_dag.py
[2026-06-07T08:45:12.277+0000] {processor.py:925} INFO - DAG(s) 'example_sla_dag' retrieved from /home/airflow/.local/lib/python3.12/site-packages/airflow/example_dags/example_sla_dag.py
[2026-06-07T08:45:12.321+0000] {logging_mixin.py:190} INFO - [2026-06-07T08:45:12.321+0000] {dag.py:3239} INFO - Sync 1 DAGs
[2026-06-07T08:45:12.377+0000] {logging_mixin.py:190} INFO - [2026-06-07T08:45:12.376+0000] {dag.py:4180} INFO - Setting next_dagrun for example_sla_dag to 2026-06-07 08:42:00+00:00, run_after=2026-06-07 08:44:00+00:00
[2026-06-07T08:45:12.415+0000] {processor.py:208} INFO - Processing /home/airflow/.local/lib/python3.12/site-packages/airflow/example_dags/example_sla_dag.py took 0.179 seconds
[2026-06-07T08:45:53.503+0000] {processor.py:186} INFO - Started process (PID=697) to work on /home/airflow/.local/lib/python3.12/site-packages/airflow/example_dags/example_sla_dag.py
[2026-06-07T08:45:53.505+0000] {processor.py:914} INFO - Processing file /home/airflow/.local/lib/python3.12/site-packages/airflow/example_dags/example_sla_dag.py for tasks to queue
[2026-06-07T08:45:53.511+0000] {logging_mixin.py:190} INFO - [2026-06-07T08:45:53.510+0000] {dagbag.py:588} INFO - Filling up the DagBag from /home/airflow/.local/lib/python3.12/site-packages/airflow/example_dags/example_sla_dag.py
[2026-06-07T08:45:53.529+0000] {processor.py:925} INFO - DAG(s) 'example_sla_dag' retrieved from /home/airflow/.local/lib/python3.12/site-packages/airflow/example_dags/example_sla_dag.py
[2026-06-07T08:45:53.572+0000] {logging_mixin.py:190} INFO - [2026-06-07T08:45:53.572+0000] {dag.py:3239} INFO - Sync 1 DAGs
[2026-06-07T08:45:53.618+0000] {logging_mixin.py:190} INFO - [2026-06-07T08:45:53.617+0000] {dag.py:4180} INFO - Setting next_dagrun for example_sla_dag to 2026-06-07 08:42:00+00:00, run_after=2026-06-07 08:44:00+00:00
[2026-06-07T08:45:53.651+0000] {processor.py:208} INFO - Processing /home/airflow/.local/lib/python3.12/site-packages/airflow/example_dags/example_sla_dag.py took 0.159 seconds
[2026-06-07T08:46:32.473+0000] {processor.py:186} INFO - Started process (PID=759) to work on /home/airflow/.local/lib/python3.12/site-packages/airflow/example_dags/example_sla_dag.py
[2026-06-07T08:46:32.475+0000] {processor.py:914} INFO - Processing file /home/airflow/.local/lib/python3.12/site-packages/airflow/example_dags/example_sla_dag.py for tasks to queue
[2026-06-07T08:46:32.479+0000] {logging_mixin.py:190} INFO - [2026-06-07T08:46:32.479+0000] {dagbag.py:588} INFO - Filling up the DagBag from /home/airflow/.local/lib/python3.12/site-packages/airflow/example_dags/example_sla_dag.py
[2026-06-07T08:46:32.495+0000] {processor.py:925} INFO - DAG(s) 'example_sla_dag' retrieved from /home/airflow/.local/lib/python3.12/site-packages/airflow/example_dags/example_sla_dag.py
[2026-06-07T08:46:32.535+0000] {logging_mixin.py:190} INFO - [2026-06-07T08:46:32.535+0000] {dag.py:3239} INFO - Sync 1 DAGs
[2026-06-07T08:46:32.577+0000] {logging_mixin.py:190} INFO - [2026-06-07T08:46:32.577+0000] {dag.py:4180} INFO - Setting next_dagrun for example_sla_dag to 2026-06-07 08:44:00+00:00, run_after=2026-06-07 08:46:00+00:00
[2026-06-07T08:46:32.608+0000] {processor.py:208} INFO - Processing /home/airflow/.local/lib/python3.12/site-packages/airflow/example_dags/example_sla_dag.py took 0.146 seconds
[2026-06-07T08:47:02.844+0000] {processor.py:186} INFO - Started process (PID=821) to work on /home/airflow/.local/lib/python3.12/site-packages/airflow/example_dags/example_sla_dag.py
[2026-06-07T08:47:02.847+0000] {processor.py:914} INFO - Processing file /home/airflow/.local/lib/python3.12/site-packages/airflow/example_dags/example_sla_dag.py for tasks to queue
[2026-06-07T08:47:02.852+0000] {logging_mixin.py:190} INFO - [2026-06-07T08:47:02.851+0000] {dagbag.py:588} INFO - Filling up the DagBag from /home/airflow/.local/lib/python3.12/site-packages/airflow/example_dags/example_sla_dag.py
[2026-06-07T08:47:02.881+0000] {processor.py:925} INFO - DAG(s) 'example_sla_dag' retrieved from /home/airflow/.local/lib/python3.12/site-packages/airflow/example_dags/example_sla_dag.py
[2026-06-07T08:47:02.934+0000] {logging_mixin.py:190} INFO - [2026-06-07T08:47:02.934+0000] {dag.py:3239} INFO - Sync 1 DAGs
[2026-06-07T08:47:02.987+0000] {logging_mixin.py:190} INFO - [2026-06-07T08:47:02.987+0000] {dag.py:4180} INFO - Setting next_dagrun for example_sla_dag to 2026-06-07 08:44:00+00:00, run_after=2026-06-07 08:46:00+00:00
[2026-06-07T08:47:03.024+0000] {processor.py:208} INFO - Processing /home/airflow/.local/lib/python3.12/site-packages/airflow/example_dags/example_sla_dag.py took 0.193 seconds
[2026-06-07T08:47:42.590+0000] {processor.py:186} INFO - Started process (PID=882) to work on /home/airflow/.local/lib/python3.12/site-packages/airflow/example_dags/example_sla_dag.py
[2026-06-07T08:47:42.592+0000] {processor.py:914} INFO - Processing file /home/airflow/.local/lib/python3.12/site-packages/airflow/example_dags/example_sla_dag.py for tasks to queue
[2026-06-07T08:47:42.601+0000] {logging_mixin.py:190} INFO - [2026-06-07T08:47:42.600+0000] {dagbag.py:588} INFO - Filling up the DagBag from /home/airflow/.local/lib/python3.12/site-packages/airflow/example_dags/example_sla_dag.py
[2026-06-07T08:47:42.631+0000] {processor.py:925} INFO - DAG(s) 'example_sla_dag' retrieved from /home/airflow/.local/lib/python3.12/site-packages/airflow/example_dags/example_sla_dag.py
[2026-06-07T08:47:42.708+0000] {logging_mixin.py:190} INFO - [2026-06-07T08:47:42.707+0000] {dag.py:3239} INFO - Sync 1 DAGs
[2026-06-07T08:47:42.821+0000] {logging_mixin.py:190} INFO - [2026-06-07T08:47:42.820+0000] {dag.py:4180} INFO - Setting next_dagrun for example_sla_dag to 2026-06-07 08:44:00+00:00, run_after=2026-06-07 08:46:00+00:00
[2026-06-07T08:47:42.957+0000] {processor.py:208} INFO - Processing /home/airflow/.local/lib/python3.12/site-packages/airflow/example_dags/example_sla_dag.py took 0.403 seconds
[2026-06-07T08:48:19.780+0000] {processor.py:186} INFO - Started process (PID=944) to work on /home/airflow/.local/lib/python3.12/site-packages/airflow/example_dags/example_sla_dag.py
[2026-06-07T08:48:19.785+0000] {processor.py:914} INFO - Processing file /home/airflow/.local/lib/python3.12/site-packages/airflow/example_dags/example_sla_dag.py for tasks to queue
[2026-06-07T08:48:19.805+0000] {logging_mixin.py:190} INFO - [2026-06-07T08:48:19.797+0000] {dagbag.py:588} INFO - Filling up the DagBag from /home/airflow/.local/lib/python3.12/site-packages/airflow/example_dags/example_sla_dag.py
[2026-06-07T08:48:19.840+0000] {processor.py:925} INFO - DAG(s) 'example_sla_dag' retrieved from /home/airflow/.local/lib/python3.12/site-packages/airflow/example_dags/example_sla_dag.py
[2026-06-07T08:48:19.902+0000] {logging_mixin.py:190} INFO - [2026-06-07T08:48:19.902+0000] {dag.py:3239} INFO - Sync 1 DAGs
[2026-06-07T08:48:19.989+0000] {logging_mixin.py:190} INFO - [2026-06-07T08:48:19.988+0000] {dag.py:4180} INFO - Setting next_dagrun for example_sla_dag to 2026-06-07 08:46:00+00:00, run_after=2026-06-07 08:48:00+00:00
[2026-06-07T08:48:20.086+0000] {processor.py:208} INFO - Processing /home/airflow/.local/lib/python3.12/site-packages/airflow/example_dags/example_sla_dag.py took 0.340 seconds
[2026-06-07T08:49:16.895+0000] {processor.py:186} INFO - Started process (PID=1008) to work on /home/airflow/.local/lib/python3.12/site-packages/airflow/example_dags/example_sla_dag.py
[2026-06-07T08:49:16.898+0000] {processor.py:914} INFO - Processing file /home/airflow/.local/lib/python3.12/site-packages/airflow/example_dags/example_sla_dag.py for tasks to queue
[2026-06-07T08:49:16.906+0000] {logging_mixin.py:190} INFO - [2026-06-07T08:49:16.905+0000] {dagbag.py:588} INFO - Filling up the DagBag from /home/airflow/.local/lib/python3.12/site-packages/airflow/example_dags/example_sla_dag.py
[2026-06-07T08:49:16.932+0000] {processor.py:925} INFO - DAG(s) 'example_sla_dag' retrieved from /home/airflow/.local/lib/python3.12/site-packages/airflow/example_dags/example_sla_dag.py
[2026-06-07T08:49:17.019+0000] {logging_mixin.py:190} INFO - [2026-06-07T08:49:17.019+0000] {dag.py:3239} INFO - Sync 1 DAGs
[2026-06-07T08:49:17.088+0000] {logging_mixin.py:190} INFO - [2026-06-07T08:49:17.087+0000] {dag.py:4180} INFO - Setting next_dagrun for example_sla_dag to 2026-06-07 08:46:00+00:00, run_after=2026-06-07 08:48:00+00:00
[2026-06-07T08:49:17.130+0000] {processor.py:208} INFO - Processing /home/airflow/.local/lib/python3.12/site-packages/airflow/example_dags/example_sla_dag.py took 0.249 seconds
[2026-06-07T08:49:47.257+0000] {processor.py:186} INFO - Started process (PID=1069) to work on /home/airflow/.local/lib/python3.12/site-packages/airflow/example_dags/example_sla_dag.py
[2026-06-07T08:49:47.260+0000] {processor.py:914} INFO - Processing file /home/airflow/.local/lib/python3.12/site-packages/airflow/example_dags/example_sla_dag.py for tasks to queue
[2026-06-07T08:49:47.267+0000] {logging_mixin.py:190} INFO - [2026-06-07T08:49:47.266+0000] {dagbag.py:588} INFO - Filling up the DagBag from /home/airflow/.local/lib/python3.12/site-packages/airflow/example_dags/example_sla_dag.py
[2026-06-07T08:49:47.288+0000] {processor.py:925} INFO - DAG(s) 'example_sla_dag' retrieved from /home/airflow/.local/lib/python3.12/site-packages/airflow/example_dags/example_sla_dag.py
[2026-06-07T08:49:47.347+0000] {logging_mixin.py:190} INFO - [2026-06-07T08:49:47.347+0000] {dag.py:3239} INFO - Sync 1 DAGs
[2026-06-07T08:49:47.417+0000] {logging_mixin.py:190} INFO - [2026-06-07T08:49:47.416+0000] {dag.py:4180} INFO - Setting next_dagrun for example_sla_dag to 2026-06-07 08:46:00+00:00, run_after=2026-06-07 08:48:00+00:00
[2026-06-07T08:49:47.510+0000] {processor.py:208} INFO - Processing /home/airflow/.local/lib/python3.12/site-packages/airflow/example_dags/example_sla_dag.py took 0.265 seconds
[2026-06-07T08:50:19.083+0000] {processor.py:186} INFO - Started process (PID=1101) to work on /home/airflow/.local/lib/python3.12/site-packages/airflow/example_dags/example_sla_dag.py
[2026-06-07T08:50:19.085+0000] {processor.py:914} INFO - Processing file /home/airflow/.local/lib/python3.12/site-packages/airflow/example_dags/example_sla_dag.py for tasks to queue
[2026-06-07T08:50:19.091+0000] {logging_mixin.py:190} INFO - [2026-06-07T08:50:19.090+0000] {dagbag.py:588} INFO - Filling up the DagBag from /home/airflow/.local/lib/python3.12/site-packages/airflow/example_dags/example_sla_dag.py
[2026-06-07T08:50:19.146+0000] {processor.py:925} INFO - DAG(s) 'example_sla_dag' retrieved from /home/airflow/.local/lib/python3.12/site-packages/airflow/example_dags/example_sla_dag.py
[2026-06-07T08:50:19.237+0000] {logging_mixin.py:190} INFO - [2026-06-07T08:50:19.236+0000] {dag.py:3239} INFO - Sync 1 DAGs
[2026-06-07T08:50:19.340+0000] {logging_mixin.py:190} INFO - [2026-06-07T08:50:19.339+0000] {dag.py:4180} INFO - Setting next_dagrun for example_sla_dag to 2026-06-07 08:48:00+00:00, run_after=2026-06-07 08:50:00+00:00
[2026-06-07T08:50:19.421+0000] {processor.py:208} INFO - Processing /home/airflow/.local/lib/python3.12/site-packages/airflow/example_dags/example_sla_dag.py took 0.352 seconds
[2026-06-07T08:50:55.341+0000] {processor.py:186} INFO - Started process (PID=1168) to work on /home/airflow/.local/lib/python3.12/site-packages/airflow/example_dags/example_sla_dag.py
[2026-06-07T08:50:55.344+0000] {processor.py:914} INFO - Processing file /home/airflow/.local/lib/python3.12/site-packages/airflow/example_dags/example_sla_dag.py for tasks to queue
[2026-06-07T08:50:55.359+0000] {logging_mixin.py:190} INFO - [2026-06-07T08:50:55.359+0000] {dagbag.py:588} INFO - Filling up the DagBag from /home/airflow/.local/lib/python3.12/site-packages/airflow/example_dags/example_sla_dag.py
[2026-06-07T08:50:55.400+0000] {processor.py:925} INFO - DAG(s) 'example_sla_dag' retrieved from /home/airflow/.local/lib/python3.12/site-packages/airflow/example_dags/example_sla_dag.py
[2026-06-07T08:50:55.481+0000] {logging_mixin.py:190} INFO - [2026-06-07T08:50:55.480+0000] {dag.py:3239} INFO - Sync 1 DAGs
[2026-06-07T08:50:55.628+0000] {logging_mixin.py:190} INFO - [2026-06-07T08:50:55.628+0000] {dag.py:4180} INFO - Setting next_dagrun for example_sla_dag to 2026-06-07 08:48:00+00:00, run_after=2026-06-07 08:50:00+00:00
[2026-06-07T08:50:55.738+0000] {processor.py:208} INFO - Processing /home/airflow/.local/lib/python3.12/site-packages/airflow/example_dags/example_sla_dag.py took 0.408 seconds
[2026-06-07T08:51:31.252+0000] {processor.py:186} INFO - Started process (PID=1220) to work on /home/airflow/.local/lib/python3.12/site-packages/airflow/example_dags/example_sla_dag.py
[2026-06-07T08:51:31.255+0000] {processor.py:914} INFO - Processing file /home/airflow/.local/lib/python3.12/site-packages/airflow/example_dags/example_sla_dag.py for tasks to queue
[2026-06-07T08:51:31.268+0000] {logging_mixin.py:190} INFO - [2026-06-07T08:51:31.268+0000] {dagbag.py:588} INFO - Filling up the DagBag from /home/airflow/.local/lib/python3.12/site-packages/airflow/example_dags/example_sla_dag.py
[2026-06-07T08:51:31.296+0000] {processor.py:925} INFO - DAG(s) 'example_sla_dag' retrieved from /home/airflow/.local/lib/python3.12/site-packages/airflow/example_dags/example_sla_dag.py
[2026-06-07T08:51:31.400+0000] {logging_mixin.py:190} INFO - [2026-06-07T08:51:31.399+0000] {dag.py:3239} INFO - Sync 1 DAGs
[2026-06-07T08:51:31.513+0000] {logging_mixin.py:190} INFO - [2026-06-07T08:51:31.512+0000] {dag.py:4180} INFO - Setting next_dagrun for example_sla_dag to 2026-06-07 08:48:00+00:00, run_after=2026-06-07 08:50:00+00:00
[2026-06-07T08:51:31.588+0000] {processor.py:208} INFO - Processing /home/airflow/.local/lib/python3.12/site-packages/airflow/example_dags/example_sla_dag.py took 0.355 seconds
[2026-06-07T08:52:10.598+0000] {processor.py:186} INFO - Started process (PID=1282) to work on /home/airflow/.local/lib/python3.12/site-packages/airflow/example_dags/example_sla_dag.py
[2026-06-07T08:52:10.601+0000] {processor.py:914} INFO - Processing file /home/airflow/.local/lib/python3.12/site-packages/airflow/example_dags/example_sla_dag.py for tasks to queue
[2026-06-07T08:52:10.612+0000] {logging_mixin.py:190} INFO - [2026-06-07T08:52:10.611+0000] {dagbag.py:588} INFO - Filling up the DagBag from /home/airflow/.local/lib/python3.12/site-packages/airflow/example_dags/example_sla_dag.py
[2026-06-07T08:52:10.639+0000] {processor.py:925} INFO - DAG(s) 'example_sla_dag' retrieved from /home/airflow/.local/lib/python3.12/site-packages/airflow/example_dags/example_sla_dag.py
[2026-06-07T08:52:10.694+0000] {logging_mixin.py:190} INFO - [2026-06-07T08:52:10.693+0000] {dag.py:3239} INFO - Sync 1 DAGs
[2026-06-07T08:52:10.772+0000] {logging_mixin.py:190} INFO - [2026-06-07T08:52:10.771+0000] {dag.py:4180} INFO - Setting next_dagrun for example_sla_dag to 2026-06-07 08:50:00+00:00, run_after=2026-06-07 08:52:00+00:00
[2026-06-07T08:52:10.829+0000] {processor.py:208} INFO - Processing /home/airflow/.local/lib/python3.12/site-packages/airflow/example_dags/example_sla_dag.py took 0.247 seconds
[2026-06-07T08:52:52.848+0000] {processor.py:186} INFO - Started process (PID=1344) to work on /home/airflow/.local/lib/python3.12/site-packages/airflow/example_dags/example_sla_dag.py
[2026-06-07T08:52:52.851+0000] {processor.py:914} INFO - Processing file /home/airflow/.local/lib/python3.12/site-packages/airflow/example_dags/example_sla_dag.py for tasks to queue
[2026-06-07T08:52:52.857+0000] {logging_mixin.py:190} INFO - [2026-06-07T08:52:52.857+0000] {dagbag.py:588} INFO - Filling up the DagBag from /home/airflow/.local/lib/python3.12/site-packages/airflow/example_dags/example_sla_dag.py
[2026-06-07T08:52:52.884+0000] {processor.py:925} INFO - DAG(s) 'example_sla_dag' retrieved from /home/airflow/.local/lib/python3.12/site-packages/airflow/example_dags/example_sla_dag.py
[2026-06-07T08:52:52.945+0000] {logging_mixin.py:190} INFO - [2026-06-07T08:52:52.944+0000] {dag.py:3239} INFO - Sync 1 DAGs
[2026-06-07T08:52:53.023+0000] {logging_mixin.py:190} INFO - [2026-06-07T08:52:53.023+0000] {dag.py:4180} INFO - Setting next_dagrun for example_sla_dag to 2026-06-07 08:50:00+00:00, run_after=2026-06-07 08:52:00+00:00
[2026-06-07T08:52:53.068+0000] {processor.py:208} INFO - Processing /home/airflow/.local/lib/python3.12/site-packages/airflow/example_dags/example_sla_dag.py took 0.235 seconds
[2026-06-07T08:53:30.867+0000] {processor.py:186} INFO - Started process (PID=1411) to work on /home/airflow/.local/lib/python3.12/site-packages/airflow/example_dags/example_sla_dag.py
[2026-06-07T08:53:30.873+0000] {processor.py:914} INFO - Processing file /home/airflow/.local/lib/python3.12/site-packages/airflow/example_dags/example_sla_dag.py for tasks to queue
[2026-06-07T08:53:30.890+0000] {logging_mixin.py:190} INFO - [2026-06-07T08:53:30.890+0000] {dagbag.py:588} INFO - Filling up the DagBag from /home/airflow/.local/lib/python3.12/site-packages/airflow/example_dags/example_sla_dag.py
[2026-06-07T08:53:30.922+0000] {processor.py:925} INFO - DAG(s) 'example_sla_dag' retrieved from /home/airflow/.local/lib/python3.12/site-packages/airflow/example_dags/example_sla_dag.py
[2026-06-07T08:53:30.990+0000] {logging_mixin.py:190} INFO - [2026-06-07T08:53:30.990+0000] {dag.py:3239} INFO - Sync 1 DAGs
[2026-06-07T08:53:31.061+0000] {logging_mixin.py:190} INFO - [2026-06-07T08:53:31.061+0000] {dag.py:4180} INFO - Setting next_dagrun for example_sla_dag to 2026-06-07 08:50:00+00:00, run_after=2026-06-07 08:52:00+00:00
[2026-06-07T08:53:31.113+0000] {processor.py:208} INFO - Processing /home/airflow/.local/lib/python3.12/site-packages/airflow/example_dags/example_sla_dag.py took 0.280 seconds
[2026-06-07T08:54:04.617+0000] {processor.py:186} INFO - Started process (PID=1470) to work on /home/airflow/.local/lib/python3.12/site-packages/airflow/example_dags/example_sla_dag.py
[2026-06-07T08:54:04.620+0000] {processor.py:914} INFO - Processing file /home/airflow/.local/lib/python3.12/site-packages/airflow/example_dags/example_sla_dag.py for tasks to queue
[2026-06-07T08:54:04.628+0000] {logging_mixin.py:190} INFO - [2026-06-07T08:54:04.627+0000] {dagbag.py:588} INFO - Filling up the DagBag from /home/airflow/.local/lib/python3.12/site-packages/airflow/example_dags/example_sla_dag.py
[2026-06-07T08:54:04.659+0000] {processor.py:925} INFO - DAG(s) 'example_sla_dag' retrieved from /home/airflow/.local/lib/python3.12/site-packages/airflow/example_dags/example_sla_dag.py
[2026-06-07T08:54:04.725+0000] {logging_mixin.py:190} INFO - [2026-06-07T08:54:04.725+0000] {dag.py:3239} INFO - Sync 1 DAGs
[2026-06-07T08:54:04.804+0000] {logging_mixin.py:190} INFO - [2026-06-07T08:54:04.803+0000] {dag.py:4180} INFO - Setting next_dagrun for example_sla_dag to 2026-06-07 08:52:00+00:00, run_after=2026-06-07 08:54:00+00:00
[2026-06-07T08:54:04.846+0000] {processor.py:208} INFO - Processing /home/airflow/.local/lib/python3.12/site-packages/airflow/example_dags/example_sla_dag.py took 0.243 seconds
[2026-06-07T08:54:50.548+0000] {processor.py:186} INFO - Started process (PID=1532) to work on /home/airflow/.local/lib/python3.12/site-packages/airflow/example_dags/example_sla_dag.py
[2026-06-07T08:54:50.573+0000] {processor.py:914} INFO - Processing file /home/airflow/.local/lib/python3.12/site-packages/airflow/example_dags/example_sla_dag.py for tasks to queue
[2026-06-07T08:54:50.656+0000] {logging_mixin.py:190} INFO - [2026-06-07T08:54:50.655+0000] {dagbag.py:588} INFO - Filling up the DagBag from /home/airflow/.local/lib/python3.12/site-packages/airflow/example_dags/example_sla_dag.py
[2026-06-07T08:54:50.861+0000] {processor.py:925} INFO - DAG(s) 'example_sla_dag' retrieved from /home/airflow/.local/lib/python3.12/site-packages/airflow/example_dags/example_sla_dag.py
[2026-06-07T08:54:51.266+0000] {logging_mixin.py:190} INFO - [2026-06-07T08:54:51.257+0000] {dag.py:3239} INFO - Sync 1 DAGs
[2026-06-07T08:54:51.458+0000] {logging_mixin.py:190} INFO - [2026-06-07T08:54:51.451+0000] {dag.py:4180} INFO - Setting next_dagrun for example_sla_dag to 2026-06-07 08:52:00+00:00, run_after=2026-06-07 08:54:00+00:00
[2026-06-07T08:54:51.577+0000] {processor.py:208} INFO - Processing /home/airflow/.local/lib/python3.12/site-packages/airflow/example_dags/example_sla_dag.py took 1.159 seconds
[2026-06-07T08:55:37.180+0000] {processor.py:186} INFO - Started process (PID=1591) to work on /home/airflow/.local/lib/python3.12/site-packages/airflow/example_dags/example_sla_dag.py
[2026-06-07T08:55:37.184+0000] {processor.py:914} INFO - Processing file /home/airflow/.local/lib/python3.12/site-packages/airflow/example_dags/example_sla_dag.py for tasks to queue
[2026-06-07T08:55:37.195+0000] {logging_mixin.py:190} INFO - [2026-06-07T08:55:37.193+0000] {dagbag.py:588} INFO - Filling up the DagBag from /home/airflow/.local/lib/python3.12/site-packages/airflow/example_dags/example_sla_dag.py
[2026-06-07T08:55:37.241+0000] {processor.py:925} INFO - DAG(s) 'example_sla_dag' retrieved from /home/airflow/.local/lib/python3.12/site-packages/airflow/example_dags/example_sla_dag.py
[2026-06-07T08:55:37.380+0000] {logging_mixin.py:190} INFO - [2026-06-07T08:55:37.379+0000] {dag.py:3239} INFO - Sync 1 DAGs
[2026-06-07T08:55:37.512+0000] {logging_mixin.py:190} INFO - [2026-06-07T08:55:37.512+0000] {dag.py:4180} INFO - Setting next_dagrun for example_sla_dag to 2026-06-07 08:52:00+00:00, run_after=2026-06-07 08:54:00+00:00
[2026-06-07T08:55:37.571+0000] {processor.py:208} INFO - Processing /home/airflow/.local/lib/python3.12/site-packages/airflow/example_dags/example_sla_dag.py took 0.422 seconds
[2026-06-07T08:56:18.079+0000] {processor.py:186} INFO - Started process (PID=1636) to work on /home/airflow/.local/lib/python3.12/site-packages/airflow/example_dags/example_sla_dag.py
[2026-06-07T08:56:18.081+0000] {processor.py:914} INFO - Processing file /home/airflow/.local/lib/python3.12/site-packages/airflow/example_dags/example_sla_dag.py for tasks to queue
[2026-06-07T08:56:18.084+0000] {logging_mixin.py:190} INFO - [2026-06-07T08:56:18.083+0000] {dagbag.py:588} INFO - Filling up the DagBag from /home/airflow/.local/lib/python3.12/site-packages/airflow/example_dags/example_sla_dag.py
[2026-06-07T08:56:18.108+0000] {processor.py:925} INFO - DAG(s) 'example_sla_dag' retrieved from /home/airflow/.local/lib/python3.12/site-packages/airflow/example_dags/example_sla_dag.py
[2026-06-07T08:56:18.152+0000] {logging_mixin.py:190} INFO - [2026-06-07T08:56:18.152+0000] {dag.py:3239} INFO - Sync 1 DAGs
[2026-06-07T08:56:18.205+0000] {logging_mixin.py:190} INFO - [2026-06-07T08:56:18.205+0000] {dag.py:4180} INFO - Setting next_dagrun for example_sla_dag to 2026-06-07 08:54:00+00:00, run_after=2026-06-07 08:56:00+00:00
[2026-06-07T08:56:18.243+0000] {processor.py:208} INFO - Processing /home/airflow/.local/lib/python3.12/site-packages/airflow/example_dags/example_sla_dag.py took 0.177 seconds
[2026-06-07T08:56:49.151+0000] {processor.py:186} INFO - Started process (PID=1697) to work on /home/airflow/.local/lib/python3.12/site-packages/airflow/example_dags/example_sla_dag.py
[2026-06-07T08:56:49.154+0000] {processor.py:914} INFO - Processing file /home/airflow/.local/lib/python3.12/site-packages/airflow/example_dags/example_sla_dag.py for tasks to queue
[2026-06-07T08:56:49.157+0000] {logging_mixin.py:190} INFO - [2026-06-07T08:56:49.156+0000] {dagbag.py:588} INFO - Filling up the DagBag from /home/airflow/.local/lib/python3.12/site-packages/airflow/example_dags/example_sla_dag.py
[2026-06-07T08:56:49.193+0000] {processor.py:925} INFO - DAG(s) 'example_sla_dag' retrieved from /home/airflow/.local/lib/python3.12/site-packages/airflow/example_dags/example_sla_dag.py
[2026-06-07T08:56:49.276+0000] {logging_mixin.py:190} INFO - [2026-06-07T08:56:49.276+0000] {dag.py:3239} INFO - Sync 1 DAGs
[2026-06-07T08:56:49.353+0000] {logging_mixin.py:190} INFO - [2026-06-07T08:56:49.353+0000] {dag.py:4180} INFO - Setting next_dagrun for example_sla_dag to 2026-06-07 08:54:00+00:00, run_after=2026-06-07 08:56:00+00:00
[2026-06-07T08:56:49.416+0000] {processor.py:208} INFO - Processing /home/airflow/.local/lib/python3.12/site-packages/airflow/example_dags/example_sla_dag.py took 0.285 seconds
[2026-06-07T08:57:20.834+0000] {processor.py:186} INFO - Started process (PID=1756) to work on /home/airflow/.local/lib/python3.12/site-packages/airflow/example_dags/example_sla_dag.py
[2026-06-07T08:57:20.837+0000] {processor.py:914} INFO - Processing file /home/airflow/.local/lib/python3.12/site-packages/airflow/example_dags/example_sla_dag.py for tasks to queue
[2026-06-07T08:57:20.847+0000] {logging_mixin.py:190} INFO - [2026-06-07T08:57:20.844+0000] {dagbag.py:588} INFO - Filling up the DagBag from /home/airflow/.local/lib/python3.12/site-packages/airflow/example_dags/example_sla_dag.py
[2026-06-07T08:57:20.877+0000] {processor.py:925} INFO - DAG(s) 'example_sla_dag' retrieved from /home/airflow/.local/lib/python3.12/site-packages/airflow/example_dags/example_sla_dag.py
[2026-06-07T08:57:20.966+0000] {logging_mixin.py:190} INFO - [2026-06-07T08:57:20.965+0000] {dag.py:3239} INFO - Sync 1 DAGs
[2026-06-07T08:57:21.086+0000] {logging_mixin.py:190} INFO - [2026-06-07T08:57:21.076+0000] {dag.py:4180} INFO - Setting next_dagrun for example_sla_dag to 2026-06-07 08:54:00+00:00, run_after=2026-06-07 08:56:00+00:00
[2026-06-07T08:57:21.181+0000] {processor.py:208} INFO - Processing /home/airflow/.local/lib/python3.12/site-packages/airflow/example_dags/example_sla_dag.py took 0.362 seconds
[2026-06-07T10:16:58.696+0000] {processor.py:186} INFO - Started process (PID=85) to work on /home/airflow/.local/lib/python3.12/site-packages/airflow/example_dags/example_sla_dag.py
[2026-06-07T10:16:58.699+0000] {processor.py:914} INFO - Processing file /home/airflow/.local/lib/python3.12/site-packages/airflow/example_dags/example_sla_dag.py for tasks to queue
[2026-06-07T10:16:58.708+0000] {logging_mixin.py:190} INFO - [2026-06-07T10:16:58.705+0000] {dagbag.py:588} INFO - Filling up the DagBag from /home/airflow/.local/lib/python3.12/site-packages/airflow/example_dags/example_sla_dag.py
[2026-06-07T10:16:58.734+0000] {processor.py:925} INFO - DAG(s) 'example_sla_dag' retrieved from /home/airflow/.local/lib/python3.12/site-packages/airflow/example_dags/example_sla_dag.py
[2026-06-07T10:16:59.041+0000] {logging_mixin.py:190} INFO - [2026-06-07T10:16:59.040+0000] {override.py:1932} INFO - Created Permission View: can delete on DAG:example_sla_dag
[2026-06-07T10:16:59.075+0000] {logging_mixin.py:190} INFO - [2026-06-07T10:16:59.075+0000] {override.py:1932} INFO - Created Permission View: can edit on DAG:example_sla_dag
[2026-06-07T10:16:59.102+0000] {logging_mixin.py:190} INFO - [2026-06-07T10:16:59.101+0000] {override.py:1932} INFO - Created Permission View: can read on DAG:example_sla_dag
[2026-06-07T10:16:59.129+0000] {logging_mixin.py:190} INFO - [2026-06-07T10:16:59.129+0000] {override.py:1932} INFO - Created Permission View: menu access on DAG Run:example_sla_dag
[2026-06-07T10:16:59.145+0000] {logging_mixin.py:190} INFO - [2026-06-07T10:16:59.145+0000] {override.py:1932} INFO - Created Permission View: can delete on DAG Run:example_sla_dag
[2026-06-07T10:16:59.164+0000] {logging_mixin.py:190} INFO - [2026-06-07T10:16:59.164+0000] {override.py:1932} INFO - Created Permission View: can create on DAG Run:example_sla_dag
[2026-06-07T10:16:59.191+0000] {logging_mixin.py:190} INFO - [2026-06-07T10:16:59.190+0000] {override.py:1932} INFO - Created Permission View: can read on DAG Run:example_sla_dag
[2026-06-07T10:16:59.194+0000] {logging_mixin.py:190} INFO - [2026-06-07T10:16:59.192+0000] {dag.py:3239} INFO - Sync 1 DAGs
[2026-06-07T10:16:59.226+0000] {logging_mixin.py:190} INFO - [2026-06-07T10:16:59.226+0000] {dag.py:3262} INFO - Creating ORM DAG for example_sla_dag
[2026-06-07T10:16:59.269+0000] {logging_mixin.py:190} INFO - [2026-06-07T10:16:59.268+0000] {dag.py:4180} INFO - Setting next_dagrun for example_sla_dag to 2026-06-07 10:14:00+00:00, run_after=2026-06-07 10:16:00+00:00
[2026-06-07T10:16:59.366+0000] {processor.py:208} INFO - Processing /home/airflow/.local/lib/python3.12/site-packages/airflow/example_dags/example_sla_dag.py took 0.684 seconds
[2026-06-07T10:18:07.549+0000] {processor.py:186} INFO - Started process (PID=154) to work on /home/airflow/.local/lib/python3.12/site-packages/airflow/example_dags/example_sla_dag.py
[2026-06-07T10:18:07.552+0000] {processor.py:914} INFO - Processing file /home/airflow/.local/lib/python3.12/site-packages/airflow/example_dags/example_sla_dag.py for tasks to queue
[2026-06-07T10:18:07.566+0000] {logging_mixin.py:190} INFO - [2026-06-07T10:18:07.565+0000] {dagbag.py:588} INFO - Filling up the DagBag from /home/airflow/.local/lib/python3.12/site-packages/airflow/example_dags/example_sla_dag.py
[2026-06-07T10:18:07.597+0000] {processor.py:925} INFO - DAG(s) 'example_sla_dag' retrieved from /home/airflow/.local/lib/python3.12/site-packages/airflow/example_dags/example_sla_dag.py
[2026-06-07T10:18:07.714+0000] {logging_mixin.py:190} INFO - [2026-06-07T10:18:07.713+0000] {dag.py:3239} INFO - Sync 1 DAGs
[2026-06-07T10:18:07.835+0000] {logging_mixin.py:190} INFO - [2026-06-07T10:18:07.835+0000] {dag.py:4180} INFO - Setting next_dagrun for example_sla_dag to 2026-06-07 10:16:00+00:00, run_after=2026-06-07 10:18:00+00:00
[2026-06-07T10:18:07.971+0000] {processor.py:208} INFO - Processing /home/airflow/.local/lib/python3.12/site-packages/airflow/example_dags/example_sla_dag.py took 0.437 seconds
[2026-06-07T10:18:56.697+0000] {processor.py:186} INFO - Started process (PID=223) to work on /home/airflow/.local/lib/python3.12/site-packages/airflow/example_dags/example_sla_dag.py
[2026-06-07T10:18:56.700+0000] {processor.py:914} INFO - Processing file /home/airflow/.local/lib/python3.12/site-packages/airflow/example_dags/example_sla_dag.py for tasks to queue
[2026-06-07T10:18:56.708+0000] {logging_mixin.py:190} INFO - [2026-06-07T10:18:56.707+0000] {dagbag.py:588} INFO - Filling up the DagBag from /home/airflow/.local/lib/python3.12/site-packages/airflow/example_dags/example_sla_dag.py
[2026-06-07T10:18:56.732+0000] {processor.py:925} INFO - DAG(s) 'example_sla_dag' retrieved from /home/airflow/.local/lib/python3.12/site-packages/airflow/example_dags/example_sla_dag.py
[2026-06-07T10:18:56.793+0000] {logging_mixin.py:190} INFO - [2026-06-07T10:18:56.792+0000] {dag.py:3239} INFO - Sync 1 DAGs
[2026-06-07T10:18:56.864+0000] {logging_mixin.py:190} INFO - [2026-06-07T10:18:56.864+0000] {dag.py:4180} INFO - Setting next_dagrun for example_sla_dag to 2026-06-07 10:16:00+00:00, run_after=2026-06-07 10:18:00+00:00
[2026-06-07T10:18:56.909+0000] {processor.py:208} INFO - Processing /home/airflow/.local/lib/python3.12/site-packages/airflow/example_dags/example_sla_dag.py took 0.227 seconds
[2026-06-07T10:19:35.089+0000] {processor.py:186} INFO - Started process (PID=272) to work on /home/airflow/.local/lib/python3.12/site-packages/airflow/example_dags/example_sla_dag.py
[2026-06-07T10:19:35.092+0000] {processor.py:914} INFO - Processing file /home/airflow/.local/lib/python3.12/site-packages/airflow/example_dags/example_sla_dag.py for tasks to queue
[2026-06-07T10:19:35.146+0000] {logging_mixin.py:190} INFO - [2026-06-07T10:19:35.121+0000] {dagbag.py:588} INFO - Filling up the DagBag from /home/airflow/.local/lib/python3.12/site-packages/airflow/example_dags/example_sla_dag.py
[2026-06-07T10:19:35.256+0000] {processor.py:925} INFO - DAG(s) 'example_sla_dag' retrieved from /home/airflow/.local/lib/python3.12/site-packages/airflow/example_dags/example_sla_dag.py
[2026-06-07T10:19:35.406+0000] {logging_mixin.py:190} INFO - [2026-06-07T10:19:35.406+0000] {dag.py:3239} INFO - Sync 1 DAGs
[2026-06-07T10:19:35.553+0000] {logging_mixin.py:190} INFO - [2026-06-07T10:19:35.552+0000] {dag.py:4180} INFO - Setting next_dagrun for example_sla_dag to 2026-06-07 10:16:00+00:00, run_after=2026-06-07 10:18:00+00:00
[2026-06-07T10:19:35.632+0000] {processor.py:208} INFO - Processing /home/airflow/.local/lib/python3.12/site-packages/airflow/example_dags/example_sla_dag.py took 0.578 seconds
[2026-06-07T10:20:13.201+0000] {processor.py:186} INFO - Started process (PID=333) to work on /home/airflow/.local/lib/python3.12/site-packages/airflow/example_dags/example_sla_dag.py
[2026-06-07T10:20:13.204+0000] {processor.py:914} INFO - Processing file /home/airflow/.local/lib/python3.12/site-packages/airflow/example_dags/example_sla_dag.py for tasks to queue
[2026-06-07T10:20:13.213+0000] {logging_mixin.py:190} INFO - [2026-06-07T10:20:13.212+0000] {dagbag.py:588} INFO - Filling up the DagBag from /home/airflow/.local/lib/python3.12/site-packages/airflow/example_dags/example_sla_dag.py
[2026-06-07T10:20:13.239+0000] {processor.py:925} INFO - DAG(s) 'example_sla_dag' retrieved from /home/airflow/.local/lib/python3.12/site-packages/airflow/example_dags/example_sla_dag.py
[2026-06-07T10:20:13.311+0000] {logging_mixin.py:190} INFO - [2026-06-07T10:20:13.310+0000] {dag.py:3239} INFO - Sync 1 DAGs
[2026-06-07T10:20:13.425+0000] {logging_mixin.py:190} INFO - [2026-06-07T10:20:13.424+0000] {dag.py:4180} INFO - Setting next_dagrun for example_sla_dag to 2026-06-07 10:18:00+00:00, run_after=2026-06-07 10:20:00+00:00
[2026-06-07T10:20:13.525+0000] {processor.py:208} INFO - Processing /home/airflow/.local/lib/python3.12/site-packages/airflow/example_dags/example_sla_dag.py took 0.341 seconds
[2026-06-07T10:21:11.154+0000] {processor.py:186} INFO - Started process (PID=402) to work on /home/airflow/.local/lib/python3.12/site-packages/airflow/example_dags/example_sla_dag.py
[2026-06-07T10:21:11.157+0000] {processor.py:914} INFO - Processing file /home/airflow/.local/lib/python3.12/site-packages/airflow/example_dags/example_sla_dag.py for tasks to queue
[2026-06-07T10:21:11.164+0000] {logging_mixin.py:190} INFO - [2026-06-07T10:21:11.163+0000] {dagbag.py:588} INFO - Filling up the DagBag from /home/airflow/.local/lib/python3.12/site-packages/airflow/example_dags/example_sla_dag.py
[2026-06-07T10:21:11.191+0000] {processor.py:925} INFO - DAG(s) 'example_sla_dag' retrieved from /home/airflow/.local/lib/python3.12/site-packages/airflow/example_dags/example_sla_dag.py
[2026-06-07T10:21:11.250+0000] {logging_mixin.py:190} INFO - [2026-06-07T10:21:11.250+0000] {dag.py:3239} INFO - Sync 1 DAGs
[2026-06-07T10:21:11.336+0000] {logging_mixin.py:190} INFO - [2026-06-07T10:21:11.335+0000] {dag.py:4180} INFO - Setting next_dagrun for example_sla_dag to 2026-06-07 10:18:00+00:00, run_after=2026-06-07 10:20:00+00:00
[2026-06-07T10:21:11.416+0000] {processor.py:208} INFO - Processing /home/airflow/.local/lib/python3.12/site-packages/airflow/example_dags/example_sla_dag.py took 0.278 seconds
[2026-06-07T10:21:43.917+0000] {processor.py:186} INFO - Started process (PID=444) to work on /home/airflow/.local/lib/python3.12/site-packages/airflow/example_dags/example_sla_dag.py
[2026-06-07T10:21:43.920+0000] {processor.py:914} INFO - Processing file /home/airflow/.local/lib/python3.12/site-packages/airflow/example_dags/example_sla_dag.py for tasks to queue
[2026-06-07T10:21:43.926+0000] {logging_mixin.py:190} INFO - [2026-06-07T10:21:43.926+0000] {dagbag.py:588} INFO - Filling up the DagBag from /home/airflow/.local/lib/python3.12/site-packages/airflow/example_dags/example_sla_dag.py
[2026-06-07T10:21:43.951+0000] {processor.py:925} INFO - DAG(s) 'example_sla_dag' retrieved from /home/airflow/.local/lib/python3.12/site-packages/airflow/example_dags/example_sla_dag.py
[2026-06-07T10:21:44.007+0000] {logging_mixin.py:190} INFO - [2026-06-07T10:21:44.006+0000] {dag.py:3239} INFO - Sync 1 DAGs
[2026-06-07T10:21:44.065+0000] {logging_mixin.py:190} INFO - [2026-06-07T10:21:44.064+0000] {dag.py:4180} INFO - Setting next_dagrun for example_sla_dag to 2026-06-07 10:18:00+00:00, run_after=2026-06-07 10:20:00+00:00
[2026-06-07T10:21:44.109+0000] {processor.py:208} INFO - Processing /home/airflow/.local/lib/python3.12/site-packages/airflow/example_dags/example_sla_dag.py took 0.204 seconds
[2026-06-07T10:22:23.204+0000] {processor.py:186} INFO - Started process (PID=495) to work on /home/airflow/.local/lib/python3.12/site-packages/airflow/example_dags/example_sla_dag.py
[2026-06-07T10:22:23.208+0000] {processor.py:914} INFO - Processing file /home/airflow/.local/lib/python3.12/site-packages/airflow/example_dags/example_sla_dag.py for tasks to queue
[2026-06-07T10:22:23.215+0000] {logging_mixin.py:190} INFO - [2026-06-07T10:22:23.214+0000] {dagbag.py:588} INFO - Filling up the DagBag from /home/airflow/.local/lib/python3.12/site-packages/airflow/example_dags/example_sla_dag.py
[2026-06-07T10:22:23.241+0000] {processor.py:925} INFO - DAG(s) 'example_sla_dag' retrieved from /home/airflow/.local/lib/python3.12/site-packages/airflow/example_dags/example_sla_dag.py
[2026-06-07T10:22:23.289+0000] {logging_mixin.py:190} INFO - [2026-06-07T10:22:23.289+0000] {dag.py:3239} INFO - Sync 1 DAGs
[2026-06-07T10:22:23.336+0000] {logging_mixin.py:190} INFO - [2026-06-07T10:22:23.336+0000] {dag.py:4180} INFO - Setting next_dagrun for example_sla_dag to 2026-06-07 10:20:00+00:00, run_after=2026-06-07 10:22:00+00:00
[2026-06-07T10:22:23.415+0000] {processor.py:208} INFO - Processing /home/airflow/.local/lib/python3.12/site-packages/airflow/example_dags/example_sla_dag.py took 0.225 seconds
[2026-06-07T10:22:59.184+0000] {processor.py:186} INFO - Started process (PID=540) to work on /home/airflow/.local/lib/python3.12/site-packages/airflow/example_dags/example_sla_dag.py
[2026-06-07T10:22:59.186+0000] {processor.py:914} INFO - Processing file /home/airflow/.local/lib/python3.12/site-packages/airflow/example_dags/example_sla_dag.py for tasks to queue
[2026-06-07T10:22:59.195+0000] {logging_mixin.py:190} INFO - [2026-06-07T10:22:59.194+0000] {dagbag.py:588} INFO - Filling up the DagBag from /home/airflow/.local/lib/python3.12/site-packages/airflow/example_dags/example_sla_dag.py
[2026-06-07T10:22:59.224+0000] {processor.py:925} INFO - DAG(s) 'example_sla_dag' retrieved from /home/airflow/.local/lib/python3.12/site-packages/airflow/example_dags/example_sla_dag.py
[2026-06-07T10:22:59.306+0000] {logging_mixin.py:190} INFO - [2026-06-07T10:22:59.305+0000] {dag.py:3239} INFO - Sync 1 DAGs
[2026-06-07T10:22:59.379+0000] {logging_mixin.py:190} INFO - [2026-06-07T10:22:59.379+0000] {dag.py:4180} INFO - Setting next_dagrun for example_sla_dag to 2026-06-07 10:20:00+00:00, run_after=2026-06-07 10:22:00+00:00
[2026-06-07T10:22:59.435+0000] {processor.py:208} INFO - Processing /home/airflow/.local/lib/python3.12/site-packages/airflow/example_dags/example_sla_dag.py took 0.265 seconds
[2026-06-07T10:23:57.571+0000] {processor.py:186} INFO - Started process (PID=608) to work on /home/airflow/.local/lib/python3.12/site-packages/airflow/example_dags/example_sla_dag.py
[2026-06-07T10:23:57.576+0000] {processor.py:914} INFO - Processing file /home/airflow/.local/lib/python3.12/site-packages/airflow/example_dags/example_sla_dag.py for tasks to queue
[2026-06-07T10:23:57.591+0000] {logging_mixin.py:190} INFO - [2026-06-07T10:23:57.588+0000] {dagbag.py:588} INFO - Filling up the DagBag from /home/airflow/.local/lib/python3.12/site-packages/airflow/example_dags/example_sla_dag.py
[2026-06-07T10:23:57.646+0000] {processor.py:925} INFO - DAG(s) 'example_sla_dag' retrieved from /home/airflow/.local/lib/python3.12/site-packages/airflow/example_dags/example_sla_dag.py
[2026-06-07T10:23:57.730+0000] {logging_mixin.py:190} INFO - [2026-06-07T10:23:57.729+0000] {dag.py:3239} INFO - Sync 1 DAGs
[2026-06-07T10:23:57.843+0000] {logging_mixin.py:190} INFO - [2026-06-07T10:23:57.842+0000] {dag.py:4180} INFO - Setting next_dagrun for example_sla_dag to 2026-06-07 10:20:00+00:00, run_after=2026-06-07 10:22:00+00:00
[2026-06-07T10:23:57.915+0000] {processor.py:208} INFO - Processing /home/airflow/.local/lib/python3.12/site-packages/airflow/example_dags/example_sla_dag.py took 0.366 seconds
[2026-06-07T10:24:42.751+0000] {processor.py:186} INFO - Started process (PID=662) to work on /home/airflow/.local/lib/python3.12/site-packages/airflow/example_dags/example_sla_dag.py
[2026-06-07T10:24:42.754+0000] {processor.py:914} INFO - Processing file /home/airflow/.local/lib/python3.12/site-packages/airflow/example_dags/example_sla_dag.py for tasks to queue
[2026-06-07T10:24:42.771+0000] {logging_mixin.py:190} INFO - [2026-06-07T10:24:42.770+0000] {dagbag.py:588} INFO - Filling up the DagBag from /home/airflow/.local/lib/python3.12/site-packages/airflow/example_dags/example_sla_dag.py
[2026-06-07T10:24:42.817+0000] {processor.py:925} INFO - DAG(s) 'example_sla_dag' retrieved from /home/airflow/.local/lib/python3.12/site-packages/airflow/example_dags/example_sla_dag.py
[2026-06-07T10:24:42.913+0000] {logging_mixin.py:190} INFO - [2026-06-07T10:24:42.912+0000] {dag.py:3239} INFO - Sync 1 DAGs
[2026-06-07T10:24:43.087+0000] {logging_mixin.py:190} INFO - [2026-06-07T10:24:43.087+0000] {dag.py:4180} INFO - Setting next_dagrun for example_sla_dag to 2026-06-07 10:22:00+00:00, run_after=2026-06-07 10:24:00+00:00
[2026-06-07T10:24:43.168+0000] {processor.py:208} INFO - Processing /home/airflow/.local/lib/python3.12/site-packages/airflow/example_dags/example_sla_dag.py took 0.446 seconds
[2026-06-07T10:25:25.102+0000] {processor.py:186} INFO - Started process (PID=719) to work on /home/airflow/.local/lib/python3.12/site-packages/airflow/example_dags/example_sla_dag.py
[2026-06-07T10:25:25.105+0000] {processor.py:914} INFO - Processing file /home/airflow/.local/lib/python3.12/site-packages/airflow/example_dags/example_sla_dag.py for tasks to queue
[2026-06-07T10:25:25.108+0000] {logging_mixin.py:190} INFO - [2026-06-07T10:25:25.107+0000] {dagbag.py:588} INFO - Filling up the DagBag from /home/airflow/.local/lib/python3.12/site-packages/airflow/example_dags/example_sla_dag.py
[2026-06-07T10:25:25.133+0000] {processor.py:925} INFO - DAG(s) 'example_sla_dag' retrieved from /home/airflow/.local/lib/python3.12/site-packages/airflow/example_dags/example_sla_dag.py
[2026-06-07T10:25:25.195+0000] {logging_mixin.py:190} INFO - [2026-06-07T10:25:25.194+0000] {dag.py:3239} INFO - Sync 1 DAGs
[2026-06-07T10:25:25.261+0000] {logging_mixin.py:190} INFO - [2026-06-07T10:25:25.260+0000] {dag.py:4180} INFO - Setting next_dagrun for example_sla_dag to 2026-06-07 10:22:00+00:00, run_after=2026-06-07 10:24:00+00:00
[2026-06-07T10:25:25.301+0000] {processor.py:208} INFO - Processing /home/airflow/.local/lib/python3.12/site-packages/airflow/example_dags/example_sla_dag.py took 0.213 seconds
[2026-06-07T10:26:24.871+0000] {processor.py:186} INFO - Started process (PID=787) to work on /home/airflow/.local/lib/python3.12/site-packages/airflow/example_dags/example_sla_dag.py
[2026-06-07T10:26:24.875+0000] {processor.py:914} INFO - Processing file /home/airflow/.local/lib/python3.12/site-packages/airflow/example_dags/example_sla_dag.py for tasks to queue
[2026-06-07T10:26:24.881+0000] {logging_mixin.py:190} INFO - [2026-06-07T10:26:24.880+0000] {dagbag.py:588} INFO - Filling up the DagBag from /home/airflow/.local/lib/python3.12/site-packages/airflow/example_dags/example_sla_dag.py
[2026-06-07T10:26:24.908+0000] {processor.py:925} INFO - DAG(s) 'example_sla_dag' retrieved from /home/airflow/.local/lib/python3.12/site-packages/airflow/example_dags/example_sla_dag.py
[2026-06-07T10:26:24.971+0000] {logging_mixin.py:190} INFO - [2026-06-07T10:26:24.971+0000] {dag.py:3239} INFO - Sync 1 DAGs
[2026-06-07T10:26:25.045+0000] {logging_mixin.py:190} INFO - [2026-06-07T10:26:25.044+0000] {dag.py:4180} INFO - Setting next_dagrun for example_sla_dag to 2026-06-07 10:24:00+00:00, run_after=2026-06-07 10:26:00+00:00
[2026-06-07T10:26:25.094+0000] {processor.py:208} INFO - Processing /home/airflow/.local/lib/python3.12/site-packages/airflow/example_dags/example_sla_dag.py took 0.237 seconds
