[2026-06-07T08:16:04.545+0000] {processor.py:186} INFO - Started process (PID=81) to work on /home/airflow/.local/lib/python3.12/site-packages/airflow/example_dags/example_branch_labels.py
[2026-06-07T08:16:04.548+0000] {processor.py:914} INFO - Processing file /home/airflow/.local/lib/python3.12/site-packages/airflow/example_dags/example_branch_labels.py for tasks to queue
[2026-06-07T08:16:04.553+0000] {logging_mixin.py:190} INFO - [2026-06-07T08:16:04.552+0000] {dagbag.py:588} INFO - Filling up the DagBag from /home/airflow/.local/lib/python3.12/site-packages/airflow/example_dags/example_branch_labels.py
[2026-06-07T08:16:04.576+0000] {processor.py:925} INFO - DAG(s) 'example_branch_labels' retrieved from /home/airflow/.local/lib/python3.12/site-packages/airflow/example_dags/example_branch_labels.py
[2026-06-07T08:16:04.631+0000] {logging_mixin.py:190} INFO - [2026-06-07T08:16:04.631+0000] {dag.py:3239} INFO - Sync 1 DAGs
[2026-06-07T08:16:04.684+0000] {logging_mixin.py:190} INFO - [2026-06-07T08:16:04.684+0000] {dag.py:4180} INFO - Setting next_dagrun for example_branch_labels to 2026-06-06 00:00:00+00:00, run_after=2026-06-07 00:00:00+00:00
[2026-06-07T08:16:04.726+0000] {processor.py:208} INFO - Processing /home/airflow/.local/lib/python3.12/site-packages/airflow/example_dags/example_branch_labels.py took 0.193 seconds
[2026-06-07T08:16:57.034+0000] {processor.py:186} INFO - Started process (PID=149) to work on /home/airflow/.local/lib/python3.12/site-packages/airflow/example_dags/example_branch_labels.py
[2026-06-07T08:16:57.040+0000] {processor.py:914} INFO - Processing file /home/airflow/.local/lib/python3.12/site-packages/airflow/example_dags/example_branch_labels.py for tasks to queue
[2026-06-07T08:16:57.072+0000] {logging_mixin.py:190} INFO - [2026-06-07T08:16:57.067+0000] {dagbag.py:588} INFO - Filling up the DagBag from /home/airflow/.local/lib/python3.12/site-packages/airflow/example_dags/example_branch_labels.py
[2026-06-07T08:16:57.229+0000] {processor.py:925} INFO - DAG(s) 'example_branch_labels' retrieved from /home/airflow/.local/lib/python3.12/site-packages/airflow/example_dags/example_branch_labels.py
[2026-06-07T08:16:57.455+0000] {logging_mixin.py:190} INFO - [2026-06-07T08:16:57.455+0000] {dag.py:3239} INFO - Sync 1 DAGs
[2026-06-07T08:16:57.567+0000] {logging_mixin.py:190} INFO - [2026-06-07T08:16:57.566+0000] {dag.py:4180} INFO - Setting next_dagrun for example_branch_labels to 2026-06-06 00:00:00+00:00, run_after=2026-06-07 00:00:00+00:00
[2026-06-07T08:16:57.624+0000] {processor.py:208} INFO - Processing /home/airflow/.local/lib/python3.12/site-packages/airflow/example_dags/example_branch_labels.py took 0.606 seconds
[2026-06-07T08:17:39.328+0000] {processor.py:186} INFO - Started process (PID=207) to work on /home/airflow/.local/lib/python3.12/site-packages/airflow/example_dags/example_branch_labels.py
[2026-06-07T08:17:39.335+0000] {processor.py:914} INFO - Processing file /home/airflow/.local/lib/python3.12/site-packages/airflow/example_dags/example_branch_labels.py for tasks to queue
[2026-06-07T08:17:39.359+0000] {logging_mixin.py:190} INFO - [2026-06-07T08:17:39.353+0000] {dagbag.py:588} INFO - Filling up the DagBag from /home/airflow/.local/lib/python3.12/site-packages/airflow/example_dags/example_branch_labels.py
[2026-06-07T08:17:39.427+0000] {processor.py:925} INFO - DAG(s) 'example_branch_labels' retrieved from /home/airflow/.local/lib/python3.12/site-packages/airflow/example_dags/example_branch_labels.py
[2026-06-07T08:17:39.558+0000] {logging_mixin.py:190} INFO - [2026-06-07T08:17:39.557+0000] {dag.py:3239} INFO - Sync 1 DAGs
[2026-06-07T08:17:39.640+0000] {logging_mixin.py:190} INFO - [2026-06-07T08:17:39.640+0000] {dag.py:4180} INFO - Setting next_dagrun for example_branch_labels to 2026-06-06 00:00:00+00:00, run_after=2026-06-07 00:00:00+00:00
[2026-06-07T08:17:39.722+0000] {processor.py:208} INFO - Processing /home/airflow/.local/lib/python3.12/site-packages/airflow/example_dags/example_branch_labels.py took 0.422 seconds
[2026-06-07T08:18:21.429+0000] {processor.py:186} INFO - Started process (PID=278) to work on /home/airflow/.local/lib/python3.12/site-packages/airflow/example_dags/example_branch_labels.py
[2026-06-07T08:18:21.431+0000] {processor.py:914} INFO - Processing file /home/airflow/.local/lib/python3.12/site-packages/airflow/example_dags/example_branch_labels.py for tasks to queue
[2026-06-07T08:18:21.440+0000] {logging_mixin.py:190} INFO - [2026-06-07T08:18:21.440+0000] {dagbag.py:588} INFO - Filling up the DagBag from /home/airflow/.local/lib/python3.12/site-packages/airflow/example_dags/example_branch_labels.py
[2026-06-07T08:18:21.482+0000] {processor.py:925} INFO - DAG(s) 'example_branch_labels' retrieved from /home/airflow/.local/lib/python3.12/site-packages/airflow/example_dags/example_branch_labels.py
[2026-06-07T08:18:21.570+0000] {logging_mixin.py:190} INFO - [2026-06-07T08:18:21.570+0000] {dag.py:3239} INFO - Sync 1 DAGs
[2026-06-07T08:18:21.648+0000] {logging_mixin.py:190} INFO - [2026-06-07T08:18:21.648+0000] {dag.py:4180} INFO - Setting next_dagrun for example_branch_labels to 2026-06-06 00:00:00+00:00, run_after=2026-06-07 00:00:00+00:00
[2026-06-07T08:18:21.712+0000] {processor.py:208} INFO - Processing /home/airflow/.local/lib/python3.12/site-packages/airflow/example_dags/example_branch_labels.py took 0.303 seconds
[2026-06-07T08:18:58.645+0000] {processor.py:186} INFO - Started process (PID=336) to work on /home/airflow/.local/lib/python3.12/site-packages/airflow/example_dags/example_branch_labels.py
[2026-06-07T08:18:58.648+0000] {processor.py:914} INFO - Processing file /home/airflow/.local/lib/python3.12/site-packages/airflow/example_dags/example_branch_labels.py for tasks to queue
[2026-06-07T08:18:58.656+0000] {logging_mixin.py:190} INFO - [2026-06-07T08:18:58.655+0000] {dagbag.py:588} INFO - Filling up the DagBag from /home/airflow/.local/lib/python3.12/site-packages/airflow/example_dags/example_branch_labels.py
[2026-06-07T08:18:58.687+0000] {processor.py:925} INFO - DAG(s) 'example_branch_labels' retrieved from /home/airflow/.local/lib/python3.12/site-packages/airflow/example_dags/example_branch_labels.py
[2026-06-07T08:18:58.941+0000] {logging_mixin.py:190} INFO - [2026-06-07T08:18:58.940+0000] {dag.py:3239} INFO - Sync 1 DAGs
[2026-06-07T08:18:59.134+0000] {logging_mixin.py:190} INFO - [2026-06-07T08:18:59.130+0000] {dag.py:4180} INFO - Setting next_dagrun for example_branch_labels to 2026-06-06 00:00:00+00:00, run_after=2026-06-07 00:00:00+00:00
[2026-06-07T08:18:59.857+0000] {processor.py:208} INFO - Processing /home/airflow/.local/lib/python3.12/site-packages/airflow/example_dags/example_branch_labels.py took 1.232 seconds
[2026-06-07T08:19:32.536+0000] {processor.py:186} INFO - Started process (PID=398) to work on /home/airflow/.local/lib/python3.12/site-packages/airflow/example_dags/example_branch_labels.py
[2026-06-07T08:19:32.539+0000] {processor.py:914} INFO - Processing file /home/airflow/.local/lib/python3.12/site-packages/airflow/example_dags/example_branch_labels.py for tasks to queue
[2026-06-07T08:19:32.552+0000] {logging_mixin.py:190} INFO - [2026-06-07T08:19:32.549+0000] {dagbag.py:588} INFO - Filling up the DagBag from /home/airflow/.local/lib/python3.12/site-packages/airflow/example_dags/example_branch_labels.py
[2026-06-07T08:19:32.583+0000] {processor.py:925} INFO - DAG(s) 'example_branch_labels' retrieved from /home/airflow/.local/lib/python3.12/site-packages/airflow/example_dags/example_branch_labels.py
[2026-06-07T08:19:32.685+0000] {logging_mixin.py:190} INFO - [2026-06-07T08:19:32.684+0000] {dag.py:3239} INFO - Sync 1 DAGs
[2026-06-07T08:19:32.744+0000] {logging_mixin.py:190} INFO - [2026-06-07T08:19:32.744+0000] {dag.py:4180} INFO - Setting next_dagrun for example_branch_labels to 2026-06-06 00:00:00+00:00, run_after=2026-06-07 00:00:00+00:00
[2026-06-07T08:19:32.796+0000] {processor.py:208} INFO - Processing /home/airflow/.local/lib/python3.12/site-packages/airflow/example_dags/example_branch_labels.py took 0.275 seconds
[2026-06-07T08:20:05.977+0000] {processor.py:186} INFO - Started process (PID=459) to work on /home/airflow/.local/lib/python3.12/site-packages/airflow/example_dags/example_branch_labels.py
[2026-06-07T08:20:05.981+0000] {processor.py:914} INFO - Processing file /home/airflow/.local/lib/python3.12/site-packages/airflow/example_dags/example_branch_labels.py for tasks to queue
[2026-06-07T08:20:05.987+0000] {logging_mixin.py:190} INFO - [2026-06-07T08:20:05.987+0000] {dagbag.py:588} INFO - Filling up the DagBag from /home/airflow/.local/lib/python3.12/site-packages/airflow/example_dags/example_branch_labels.py
[2026-06-07T08:20:06.010+0000] {processor.py:925} INFO - DAG(s) 'example_branch_labels' retrieved from /home/airflow/.local/lib/python3.12/site-packages/airflow/example_dags/example_branch_labels.py
[2026-06-07T08:20:06.067+0000] {logging_mixin.py:190} INFO - [2026-06-07T08:20:06.066+0000] {dag.py:3239} INFO - Sync 1 DAGs
[2026-06-07T08:20:06.111+0000] {logging_mixin.py:190} INFO - [2026-06-07T08:20:06.110+0000] {dag.py:4180} INFO - Setting next_dagrun for example_branch_labels to 2026-06-06 00:00:00+00:00, run_after=2026-06-07 00:00:00+00:00
[2026-06-07T08:20:06.141+0000] {processor.py:208} INFO - Processing /home/airflow/.local/lib/python3.12/site-packages/airflow/example_dags/example_branch_labels.py took 0.176 seconds
[2026-06-07T08:20:40.400+0000] {processor.py:186} INFO - Started process (PID=520) to work on /home/airflow/.local/lib/python3.12/site-packages/airflow/example_dags/example_branch_labels.py
[2026-06-07T08:20:40.402+0000] {processor.py:914} INFO - Processing file /home/airflow/.local/lib/python3.12/site-packages/airflow/example_dags/example_branch_labels.py for tasks to queue
[2026-06-07T08:20:40.408+0000] {logging_mixin.py:190} INFO - [2026-06-07T08:20:40.407+0000] {dagbag.py:588} INFO - Filling up the DagBag from /home/airflow/.local/lib/python3.12/site-packages/airflow/example_dags/example_branch_labels.py
[2026-06-07T08:20:40.448+0000] {processor.py:925} INFO - DAG(s) 'example_branch_labels' retrieved from /home/airflow/.local/lib/python3.12/site-packages/airflow/example_dags/example_branch_labels.py
[2026-06-07T08:20:40.517+0000] {logging_mixin.py:190} INFO - [2026-06-07T08:20:40.516+0000] {dag.py:3239} INFO - Sync 1 DAGs
[2026-06-07T08:20:40.579+0000] {logging_mixin.py:190} INFO - [2026-06-07T08:20:40.578+0000] {dag.py:4180} INFO - Setting next_dagrun for example_branch_labels to 2026-06-06 00:00:00+00:00, run_after=2026-06-07 00:00:00+00:00
[2026-06-07T08:20:40.640+0000] {processor.py:208} INFO - Processing /home/airflow/.local/lib/python3.12/site-packages/airflow/example_dags/example_branch_labels.py took 0.253 seconds
[2026-06-07T08:21:13.643+0000] {processor.py:186} INFO - Started process (PID=589) to work on /home/airflow/.local/lib/python3.12/site-packages/airflow/example_dags/example_branch_labels.py
[2026-06-07T08:21:13.645+0000] {processor.py:914} INFO - Processing file /home/airflow/.local/lib/python3.12/site-packages/airflow/example_dags/example_branch_labels.py for tasks to queue
[2026-06-07T08:21:13.653+0000] {logging_mixin.py:190} INFO - [2026-06-07T08:21:13.652+0000] {dagbag.py:588} INFO - Filling up the DagBag from /home/airflow/.local/lib/python3.12/site-packages/airflow/example_dags/example_branch_labels.py
[2026-06-07T08:21:13.675+0000] {processor.py:925} INFO - DAG(s) 'example_branch_labels' retrieved from /home/airflow/.local/lib/python3.12/site-packages/airflow/example_dags/example_branch_labels.py
[2026-06-07T08:21:13.734+0000] {logging_mixin.py:190} INFO - [2026-06-07T08:21:13.733+0000] {dag.py:3239} INFO - Sync 1 DAGs
[2026-06-07T08:21:13.809+0000] {logging_mixin.py:190} INFO - [2026-06-07T08:21:13.807+0000] {dag.py:4180} INFO - Setting next_dagrun for example_branch_labels to 2026-06-06 00:00:00+00:00, run_after=2026-06-07 00:00:00+00:00
[2026-06-07T08:21:13.848+0000] {processor.py:208} INFO - Processing /home/airflow/.local/lib/python3.12/site-packages/airflow/example_dags/example_branch_labels.py took 0.219 seconds
[2026-06-07T08:21:52.294+0000] {processor.py:186} INFO - Started process (PID=651) to work on /home/airflow/.local/lib/python3.12/site-packages/airflow/example_dags/example_branch_labels.py
[2026-06-07T08:21:52.296+0000] {processor.py:914} INFO - Processing file /home/airflow/.local/lib/python3.12/site-packages/airflow/example_dags/example_branch_labels.py for tasks to queue
[2026-06-07T08:21:52.301+0000] {logging_mixin.py:190} INFO - [2026-06-07T08:21:52.300+0000] {dagbag.py:588} INFO - Filling up the DagBag from /home/airflow/.local/lib/python3.12/site-packages/airflow/example_dags/example_branch_labels.py
[2026-06-07T08:21:52.320+0000] {processor.py:925} INFO - DAG(s) 'example_branch_labels' retrieved from /home/airflow/.local/lib/python3.12/site-packages/airflow/example_dags/example_branch_labels.py
[2026-06-07T08:21:52.369+0000] {logging_mixin.py:190} INFO - [2026-06-07T08:21:52.369+0000] {dag.py:3239} INFO - Sync 1 DAGs
[2026-06-07T08:21:52.416+0000] {logging_mixin.py:190} INFO - [2026-06-07T08:21:52.416+0000] {dag.py:4180} INFO - Setting next_dagrun for example_branch_labels to 2026-06-06 00:00:00+00:00, run_after=2026-06-07 00:00:00+00:00
[2026-06-07T08:21:52.451+0000] {processor.py:208} INFO - Processing /home/airflow/.local/lib/python3.12/site-packages/airflow/example_dags/example_branch_labels.py took 0.170 seconds
[2026-06-07T08:22:27.820+0000] {processor.py:186} INFO - Started process (PID=713) to work on /home/airflow/.local/lib/python3.12/site-packages/airflow/example_dags/example_branch_labels.py
[2026-06-07T08:22:27.822+0000] {processor.py:914} INFO - Processing file /home/airflow/.local/lib/python3.12/site-packages/airflow/example_dags/example_branch_labels.py for tasks to queue
[2026-06-07T08:22:27.828+0000] {logging_mixin.py:190} INFO - [2026-06-07T08:22:27.827+0000] {dagbag.py:588} INFO - Filling up the DagBag from /home/airflow/.local/lib/python3.12/site-packages/airflow/example_dags/example_branch_labels.py
[2026-06-07T08:22:27.849+0000] {processor.py:925} INFO - DAG(s) 'example_branch_labels' retrieved from /home/airflow/.local/lib/python3.12/site-packages/airflow/example_dags/example_branch_labels.py
[2026-06-07T08:22:27.905+0000] {logging_mixin.py:190} INFO - [2026-06-07T08:22:27.905+0000] {dag.py:3239} INFO - Sync 1 DAGs
[2026-06-07T08:22:27.961+0000] {logging_mixin.py:190} INFO - [2026-06-07T08:22:27.960+0000] {dag.py:4180} INFO - Setting next_dagrun for example_branch_labels to 2026-06-06 00:00:00+00:00, run_after=2026-06-07 00:00:00+00:00
[2026-06-07T08:22:27.993+0000] {processor.py:208} INFO - Processing /home/airflow/.local/lib/python3.12/site-packages/airflow/example_dags/example_branch_labels.py took 0.185 seconds
[2026-06-07T08:23:02.395+0000] {processor.py:186} INFO - Started process (PID=774) to work on /home/airflow/.local/lib/python3.12/site-packages/airflow/example_dags/example_branch_labels.py
[2026-06-07T08:23:02.397+0000] {processor.py:914} INFO - Processing file /home/airflow/.local/lib/python3.12/site-packages/airflow/example_dags/example_branch_labels.py for tasks to queue
[2026-06-07T08:23:02.403+0000] {logging_mixin.py:190} INFO - [2026-06-07T08:23:02.402+0000] {dagbag.py:588} INFO - Filling up the DagBag from /home/airflow/.local/lib/python3.12/site-packages/airflow/example_dags/example_branch_labels.py
[2026-06-07T08:23:02.421+0000] {processor.py:925} INFO - DAG(s) 'example_branch_labels' retrieved from /home/airflow/.local/lib/python3.12/site-packages/airflow/example_dags/example_branch_labels.py
[2026-06-07T08:23:02.468+0000] {logging_mixin.py:190} INFO - [2026-06-07T08:23:02.467+0000] {dag.py:3239} INFO - Sync 1 DAGs
[2026-06-07T08:23:02.513+0000] {logging_mixin.py:190} INFO - [2026-06-07T08:23:02.513+0000] {dag.py:4180} INFO - Setting next_dagrun for example_branch_labels to 2026-06-06 00:00:00+00:00, run_after=2026-06-07 00:00:00+00:00
[2026-06-07T08:23:02.546+0000] {processor.py:208} INFO - Processing /home/airflow/.local/lib/python3.12/site-packages/airflow/example_dags/example_branch_labels.py took 0.161 seconds
[2026-06-07T08:23:37.017+0000] {processor.py:186} INFO - Started process (PID=836) to work on /home/airflow/.local/lib/python3.12/site-packages/airflow/example_dags/example_branch_labels.py
[2026-06-07T08:23:37.020+0000] {processor.py:914} INFO - Processing file /home/airflow/.local/lib/python3.12/site-packages/airflow/example_dags/example_branch_labels.py for tasks to queue
[2026-06-07T08:23:37.039+0000] {logging_mixin.py:190} INFO - [2026-06-07T08:23:37.035+0000] {dagbag.py:588} INFO - Filling up the DagBag from /home/airflow/.local/lib/python3.12/site-packages/airflow/example_dags/example_branch_labels.py
[2026-06-07T08:23:37.082+0000] {processor.py:925} INFO - DAG(s) 'example_branch_labels' retrieved from /home/airflow/.local/lib/python3.12/site-packages/airflow/example_dags/example_branch_labels.py
[2026-06-07T08:23:37.166+0000] {logging_mixin.py:190} INFO - [2026-06-07T08:23:37.165+0000] {dag.py:3239} INFO - Sync 1 DAGs
[2026-06-07T08:23:37.235+0000] {logging_mixin.py:190} INFO - [2026-06-07T08:23:37.235+0000] {dag.py:4180} INFO - Setting next_dagrun for example_branch_labels to 2026-06-06 00:00:00+00:00, run_after=2026-06-07 00:00:00+00:00
[2026-06-07T08:23:37.289+0000] {processor.py:208} INFO - Processing /home/airflow/.local/lib/python3.12/site-packages/airflow/example_dags/example_branch_labels.py took 0.287 seconds
[2026-06-07T08:24:13.437+0000] {processor.py:186} INFO - Started process (PID=897) to work on /home/airflow/.local/lib/python3.12/site-packages/airflow/example_dags/example_branch_labels.py
[2026-06-07T08:24:13.442+0000] {processor.py:914} INFO - Processing file /home/airflow/.local/lib/python3.12/site-packages/airflow/example_dags/example_branch_labels.py for tasks to queue
[2026-06-07T08:24:13.453+0000] {logging_mixin.py:190} INFO - [2026-06-07T08:24:13.453+0000] {dagbag.py:588} INFO - Filling up the DagBag from /home/airflow/.local/lib/python3.12/site-packages/airflow/example_dags/example_branch_labels.py
[2026-06-07T08:24:13.493+0000] {processor.py:925} INFO - DAG(s) 'example_branch_labels' retrieved from /home/airflow/.local/lib/python3.12/site-packages/airflow/example_dags/example_branch_labels.py
[2026-06-07T08:24:13.684+0000] {logging_mixin.py:190} INFO - [2026-06-07T08:24:13.673+0000] {dag.py:3239} INFO - Sync 1 DAGs
[2026-06-07T08:24:13.800+0000] {logging_mixin.py:190} INFO - [2026-06-07T08:24:13.800+0000] {dag.py:4180} INFO - Setting next_dagrun for example_branch_labels to 2026-06-06 00:00:00+00:00, run_after=2026-06-07 00:00:00+00:00
[2026-06-07T08:24:13.874+0000] {processor.py:208} INFO - Processing /home/airflow/.local/lib/python3.12/site-packages/airflow/example_dags/example_branch_labels.py took 0.453 seconds
[2026-06-07T08:24:51.735+0000] {processor.py:186} INFO - Started process (PID=963) to work on /home/airflow/.local/lib/python3.12/site-packages/airflow/example_dags/example_branch_labels.py
[2026-06-07T08:24:51.737+0000] {processor.py:914} INFO - Processing file /home/airflow/.local/lib/python3.12/site-packages/airflow/example_dags/example_branch_labels.py for tasks to queue
[2026-06-07T08:24:51.750+0000] {logging_mixin.py:190} INFO - [2026-06-07T08:24:51.749+0000] {dagbag.py:588} INFO - Filling up the DagBag from /home/airflow/.local/lib/python3.12/site-packages/airflow/example_dags/example_branch_labels.py
[2026-06-07T08:24:51.783+0000] {processor.py:925} INFO - DAG(s) 'example_branch_labels' retrieved from /home/airflow/.local/lib/python3.12/site-packages/airflow/example_dags/example_branch_labels.py
[2026-06-07T08:24:51.865+0000] {logging_mixin.py:190} INFO - [2026-06-07T08:24:51.864+0000] {dag.py:3239} INFO - Sync 1 DAGs
[2026-06-07T08:24:51.931+0000] {logging_mixin.py:190} INFO - [2026-06-07T08:24:51.931+0000] {dag.py:4180} INFO - Setting next_dagrun for example_branch_labels to 2026-06-06 00:00:00+00:00, run_after=2026-06-07 00:00:00+00:00
[2026-06-07T08:24:51.977+0000] {processor.py:208} INFO - Processing /home/airflow/.local/lib/python3.12/site-packages/airflow/example_dags/example_branch_labels.py took 0.257 seconds
[2026-06-07T08:25:25.095+0000] {processor.py:186} INFO - Started process (PID=1025) to work on /home/airflow/.local/lib/python3.12/site-packages/airflow/example_dags/example_branch_labels.py
[2026-06-07T08:25:25.099+0000] {processor.py:914} INFO - Processing file /home/airflow/.local/lib/python3.12/site-packages/airflow/example_dags/example_branch_labels.py for tasks to queue
[2026-06-07T08:25:25.105+0000] {logging_mixin.py:190} INFO - [2026-06-07T08:25:25.105+0000] {dagbag.py:588} INFO - Filling up the DagBag from /home/airflow/.local/lib/python3.12/site-packages/airflow/example_dags/example_branch_labels.py
[2026-06-07T08:25:25.128+0000] {processor.py:925} INFO - DAG(s) 'example_branch_labels' retrieved from /home/airflow/.local/lib/python3.12/site-packages/airflow/example_dags/example_branch_labels.py
[2026-06-07T08:25:25.174+0000] {logging_mixin.py:190} INFO - [2026-06-07T08:25:25.174+0000] {dag.py:3239} INFO - Sync 1 DAGs
[2026-06-07T08:25:25.217+0000] {logging_mixin.py:190} INFO - [2026-06-07T08:25:25.216+0000] {dag.py:4180} INFO - Setting next_dagrun for example_branch_labels to 2026-06-06 00:00:00+00:00, run_after=2026-06-07 00:00:00+00:00
[2026-06-07T08:25:25.252+0000] {processor.py:208} INFO - Processing /home/airflow/.local/lib/python3.12/site-packages/airflow/example_dags/example_branch_labels.py took 0.167 seconds
[2026-06-07T08:26:00.833+0000] {processor.py:186} INFO - Started process (PID=1086) to work on /home/airflow/.local/lib/python3.12/site-packages/airflow/example_dags/example_branch_labels.py
[2026-06-07T08:26:00.836+0000] {processor.py:914} INFO - Processing file /home/airflow/.local/lib/python3.12/site-packages/airflow/example_dags/example_branch_labels.py for tasks to queue
[2026-06-07T08:26:00.860+0000] {logging_mixin.py:190} INFO - [2026-06-07T08:26:00.853+0000] {dagbag.py:588} INFO - Filling up the DagBag from /home/airflow/.local/lib/python3.12/site-packages/airflow/example_dags/example_branch_labels.py
[2026-06-07T08:26:00.889+0000] {processor.py:925} INFO - DAG(s) 'example_branch_labels' retrieved from /home/airflow/.local/lib/python3.12/site-packages/airflow/example_dags/example_branch_labels.py
[2026-06-07T08:26:00.966+0000] {logging_mixin.py:190} INFO - [2026-06-07T08:26:00.965+0000] {dag.py:3239} INFO - Sync 1 DAGs
[2026-06-07T08:26:01.054+0000] {logging_mixin.py:190} INFO - [2026-06-07T08:26:01.054+0000] {dag.py:4180} INFO - Setting next_dagrun for example_branch_labels to 2026-06-06 00:00:00+00:00, run_after=2026-06-07 00:00:00+00:00
[2026-06-07T08:26:01.114+0000] {processor.py:208} INFO - Processing /home/airflow/.local/lib/python3.12/site-packages/airflow/example_dags/example_branch_labels.py took 0.297 seconds
[2026-06-07T08:26:31.299+0000] {processor.py:186} INFO - Started process (PID=1147) to work on /home/airflow/.local/lib/python3.12/site-packages/airflow/example_dags/example_branch_labels.py
[2026-06-07T08:26:31.302+0000] {processor.py:914} INFO - Processing file /home/airflow/.local/lib/python3.12/site-packages/airflow/example_dags/example_branch_labels.py for tasks to queue
[2026-06-07T08:26:31.313+0000] {logging_mixin.py:190} INFO - [2026-06-07T08:26:31.313+0000] {dagbag.py:588} INFO - Filling up the DagBag from /home/airflow/.local/lib/python3.12/site-packages/airflow/example_dags/example_branch_labels.py
[2026-06-07T08:26:31.344+0000] {processor.py:925} INFO - DAG(s) 'example_branch_labels' retrieved from /home/airflow/.local/lib/python3.12/site-packages/airflow/example_dags/example_branch_labels.py
[2026-06-07T08:26:31.411+0000] {logging_mixin.py:190} INFO - [2026-06-07T08:26:31.411+0000] {dag.py:3239} INFO - Sync 1 DAGs
[2026-06-07T08:26:31.467+0000] {logging_mixin.py:190} INFO - [2026-06-07T08:26:31.467+0000] {dag.py:4180} INFO - Setting next_dagrun for example_branch_labels to 2026-06-06 00:00:00+00:00, run_after=2026-06-07 00:00:00+00:00
[2026-06-07T08:26:31.505+0000] {processor.py:208} INFO - Processing /home/airflow/.local/lib/python3.12/site-packages/airflow/example_dags/example_branch_labels.py took 0.218 seconds
[2026-06-07T08:27:05.358+0000] {processor.py:186} INFO - Started process (PID=1197) to work on /home/airflow/.local/lib/python3.12/site-packages/airflow/example_dags/example_branch_labels.py
[2026-06-07T08:27:05.360+0000] {processor.py:914} INFO - Processing file /home/airflow/.local/lib/python3.12/site-packages/airflow/example_dags/example_branch_labels.py for tasks to queue
[2026-06-07T08:27:05.375+0000] {logging_mixin.py:190} INFO - [2026-06-07T08:27:05.373+0000] {dagbag.py:588} INFO - Filling up the DagBag from /home/airflow/.local/lib/python3.12/site-packages/airflow/example_dags/example_branch_labels.py
[2026-06-07T08:27:05.409+0000] {processor.py:925} INFO - DAG(s) 'example_branch_labels' retrieved from /home/airflow/.local/lib/python3.12/site-packages/airflow/example_dags/example_branch_labels.py
[2026-06-07T08:27:05.633+0000] {logging_mixin.py:190} INFO - [2026-06-07T08:27:05.632+0000] {dag.py:3239} INFO - Sync 1 DAGs
[2026-06-07T08:27:06.098+0000] {logging_mixin.py:190} INFO - [2026-06-07T08:27:06.094+0000] {dag.py:4180} INFO - Setting next_dagrun for example_branch_labels to 2026-06-06 00:00:00+00:00, run_after=2026-06-07 00:00:00+00:00
[2026-06-07T08:27:06.209+0000] {processor.py:208} INFO - Processing /home/airflow/.local/lib/python3.12/site-packages/airflow/example_dags/example_branch_labels.py took 0.865 seconds
[2026-06-07T08:27:49.577+0000] {processor.py:186} INFO - Started process (PID=1262) to work on /home/airflow/.local/lib/python3.12/site-packages/airflow/example_dags/example_branch_labels.py
[2026-06-07T08:27:49.579+0000] {processor.py:914} INFO - Processing file /home/airflow/.local/lib/python3.12/site-packages/airflow/example_dags/example_branch_labels.py for tasks to queue
[2026-06-07T08:27:49.584+0000] {logging_mixin.py:190} INFO - [2026-06-07T08:27:49.583+0000] {dagbag.py:588} INFO - Filling up the DagBag from /home/airflow/.local/lib/python3.12/site-packages/airflow/example_dags/example_branch_labels.py
[2026-06-07T08:27:49.603+0000] {processor.py:925} INFO - DAG(s) 'example_branch_labels' retrieved from /home/airflow/.local/lib/python3.12/site-packages/airflow/example_dags/example_branch_labels.py
[2026-06-07T08:27:49.644+0000] {logging_mixin.py:190} INFO - [2026-06-07T08:27:49.644+0000] {dag.py:3239} INFO - Sync 1 DAGs
[2026-06-07T08:27:49.690+0000] {logging_mixin.py:190} INFO - [2026-06-07T08:27:49.689+0000] {dag.py:4180} INFO - Setting next_dagrun for example_branch_labels to 2026-06-06 00:00:00+00:00, run_after=2026-06-07 00:00:00+00:00
[2026-06-07T08:27:49.723+0000] {processor.py:208} INFO - Processing /home/airflow/.local/lib/python3.12/site-packages/airflow/example_dags/example_branch_labels.py took 0.156 seconds
[2026-06-07T08:28:20.095+0000] {processor.py:186} INFO - Started process (PID=1324) to work on /home/airflow/.local/lib/python3.12/site-packages/airflow/example_dags/example_branch_labels.py
[2026-06-07T08:28:20.097+0000] {processor.py:914} INFO - Processing file /home/airflow/.local/lib/python3.12/site-packages/airflow/example_dags/example_branch_labels.py for tasks to queue
[2026-06-07T08:28:20.103+0000] {logging_mixin.py:190} INFO - [2026-06-07T08:28:20.102+0000] {dagbag.py:588} INFO - Filling up the DagBag from /home/airflow/.local/lib/python3.12/site-packages/airflow/example_dags/example_branch_labels.py
[2026-06-07T08:28:20.122+0000] {processor.py:925} INFO - DAG(s) 'example_branch_labels' retrieved from /home/airflow/.local/lib/python3.12/site-packages/airflow/example_dags/example_branch_labels.py
[2026-06-07T08:28:20.173+0000] {logging_mixin.py:190} INFO - [2026-06-07T08:28:20.172+0000] {dag.py:3239} INFO - Sync 1 DAGs
[2026-06-07T08:28:20.224+0000] {logging_mixin.py:190} INFO - [2026-06-07T08:28:20.224+0000] {dag.py:4180} INFO - Setting next_dagrun for example_branch_labels to 2026-06-06 00:00:00+00:00, run_after=2026-06-07 00:00:00+00:00
[2026-06-07T08:28:20.268+0000] {processor.py:208} INFO - Processing /home/airflow/.local/lib/python3.12/site-packages/airflow/example_dags/example_branch_labels.py took 0.184 seconds
[2026-06-07T08:28:53.408+0000] {processor.py:186} INFO - Started process (PID=1385) to work on /home/airflow/.local/lib/python3.12/site-packages/airflow/example_dags/example_branch_labels.py
[2026-06-07T08:28:53.412+0000] {processor.py:914} INFO - Processing file /home/airflow/.local/lib/python3.12/site-packages/airflow/example_dags/example_branch_labels.py for tasks to queue
[2026-06-07T08:28:53.417+0000] {logging_mixin.py:190} INFO - [2026-06-07T08:28:53.416+0000] {dagbag.py:588} INFO - Filling up the DagBag from /home/airflow/.local/lib/python3.12/site-packages/airflow/example_dags/example_branch_labels.py
[2026-06-07T08:28:53.433+0000] {processor.py:925} INFO - DAG(s) 'example_branch_labels' retrieved from /home/airflow/.local/lib/python3.12/site-packages/airflow/example_dags/example_branch_labels.py
[2026-06-07T08:28:53.481+0000] {logging_mixin.py:190} INFO - [2026-06-07T08:28:53.480+0000] {dag.py:3239} INFO - Sync 1 DAGs
[2026-06-07T08:28:53.528+0000] {logging_mixin.py:190} INFO - [2026-06-07T08:28:53.528+0000] {dag.py:4180} INFO - Setting next_dagrun for example_branch_labels to 2026-06-06 00:00:00+00:00, run_after=2026-06-07 00:00:00+00:00
[2026-06-07T08:28:53.561+0000] {processor.py:208} INFO - Processing /home/airflow/.local/lib/python3.12/site-packages/airflow/example_dags/example_branch_labels.py took 0.164 seconds
[2026-06-07T08:39:23.449+0000] {processor.py:186} INFO - Started process (PID=86) to work on /home/airflow/.local/lib/python3.12/site-packages/airflow/example_dags/example_branch_labels.py
[2026-06-07T08:39:23.451+0000] {processor.py:914} INFO - Processing file /home/airflow/.local/lib/python3.12/site-packages/airflow/example_dags/example_branch_labels.py for tasks to queue
[2026-06-07T08:39:23.458+0000] {logging_mixin.py:190} INFO - [2026-06-07T08:39:23.458+0000] {dagbag.py:588} INFO - Filling up the DagBag from /home/airflow/.local/lib/python3.12/site-packages/airflow/example_dags/example_branch_labels.py
[2026-06-07T08:39:23.487+0000] {processor.py:925} INFO - DAG(s) 'example_branch_labels' retrieved from /home/airflow/.local/lib/python3.12/site-packages/airflow/example_dags/example_branch_labels.py
[2026-06-07T08:39:23.566+0000] {logging_mixin.py:190} INFO - [2026-06-07T08:39:23.565+0000] {dag.py:3239} INFO - Sync 1 DAGs
[2026-06-07T08:39:23.640+0000] {logging_mixin.py:190} INFO - [2026-06-07T08:39:23.639+0000] {dag.py:4180} INFO - Setting next_dagrun for example_branch_labels to 2026-06-06 00:00:00+00:00, run_after=2026-06-07 00:00:00+00:00
[2026-06-07T08:39:23.709+0000] {processor.py:208} INFO - Processing /home/airflow/.local/lib/python3.12/site-packages/airflow/example_dags/example_branch_labels.py took 0.273 seconds
[2026-06-07T08:40:15.476+0000] {processor.py:186} INFO - Started process (PID=149) to work on /home/airflow/.local/lib/python3.12/site-packages/airflow/example_dags/example_branch_labels.py
[2026-06-07T08:40:15.479+0000] {processor.py:914} INFO - Processing file /home/airflow/.local/lib/python3.12/site-packages/airflow/example_dags/example_branch_labels.py for tasks to queue
[2026-06-07T08:40:15.486+0000] {logging_mixin.py:190} INFO - [2026-06-07T08:40:15.485+0000] {dagbag.py:588} INFO - Filling up the DagBag from /home/airflow/.local/lib/python3.12/site-packages/airflow/example_dags/example_branch_labels.py
[2026-06-07T08:40:15.507+0000] {processor.py:925} INFO - DAG(s) 'example_branch_labels' retrieved from /home/airflow/.local/lib/python3.12/site-packages/airflow/example_dags/example_branch_labels.py
[2026-06-07T08:40:15.572+0000] {logging_mixin.py:190} INFO - [2026-06-07T08:40:15.571+0000] {dag.py:3239} INFO - Sync 1 DAGs
[2026-06-07T08:40:15.670+0000] {logging_mixin.py:190} INFO - [2026-06-07T08:40:15.670+0000] {dag.py:4180} INFO - Setting next_dagrun for example_branch_labels to 2026-06-06 00:00:00+00:00, run_after=2026-06-07 00:00:00+00:00
[2026-06-07T08:40:15.775+0000] {processor.py:208} INFO - Processing /home/airflow/.local/lib/python3.12/site-packages/airflow/example_dags/example_branch_labels.py took 0.311 seconds
[2026-06-07T08:40:57.638+0000] {processor.py:186} INFO - Started process (PID=208) to work on /home/airflow/.local/lib/python3.12/site-packages/airflow/example_dags/example_branch_labels.py
[2026-06-07T08:40:57.641+0000] {processor.py:914} INFO - Processing file /home/airflow/.local/lib/python3.12/site-packages/airflow/example_dags/example_branch_labels.py for tasks to queue
[2026-06-07T08:40:57.652+0000] {logging_mixin.py:190} INFO - [2026-06-07T08:40:57.652+0000] {dagbag.py:588} INFO - Filling up the DagBag from /home/airflow/.local/lib/python3.12/site-packages/airflow/example_dags/example_branch_labels.py
[2026-06-07T08:40:57.689+0000] {processor.py:925} INFO - DAG(s) 'example_branch_labels' retrieved from /home/airflow/.local/lib/python3.12/site-packages/airflow/example_dags/example_branch_labels.py
[2026-06-07T08:40:57.772+0000] {logging_mixin.py:190} INFO - [2026-06-07T08:40:57.771+0000] {dag.py:3239} INFO - Sync 1 DAGs
[2026-06-07T08:40:57.837+0000] {logging_mixin.py:190} INFO - [2026-06-07T08:40:57.836+0000] {dag.py:4180} INFO - Setting next_dagrun for example_branch_labels to 2026-06-06 00:00:00+00:00, run_after=2026-06-07 00:00:00+00:00
[2026-06-07T08:40:57.894+0000] {processor.py:208} INFO - Processing /home/airflow/.local/lib/python3.12/site-packages/airflow/example_dags/example_branch_labels.py took 0.277 seconds
[2026-06-07T08:41:30.731+0000] {processor.py:186} INFO - Started process (PID=270) to work on /home/airflow/.local/lib/python3.12/site-packages/airflow/example_dags/example_branch_labels.py
[2026-06-07T08:41:30.735+0000] {processor.py:914} INFO - Processing file /home/airflow/.local/lib/python3.12/site-packages/airflow/example_dags/example_branch_labels.py for tasks to queue
[2026-06-07T08:41:30.754+0000] {logging_mixin.py:190} INFO - [2026-06-07T08:41:30.753+0000] {dagbag.py:588} INFO - Filling up the DagBag from /home/airflow/.local/lib/python3.12/site-packages/airflow/example_dags/example_branch_labels.py
[2026-06-07T08:41:30.806+0000] {processor.py:925} INFO - DAG(s) 'example_branch_labels' retrieved from /home/airflow/.local/lib/python3.12/site-packages/airflow/example_dags/example_branch_labels.py
[2026-06-07T08:41:30.892+0000] {logging_mixin.py:190} INFO - [2026-06-07T08:41:30.891+0000] {dag.py:3239} INFO - Sync 1 DAGs
[2026-06-07T08:41:30.984+0000] {logging_mixin.py:190} INFO - [2026-06-07T08:41:30.984+0000] {dag.py:4180} INFO - Setting next_dagrun for example_branch_labels to 2026-06-06 00:00:00+00:00, run_after=2026-06-07 00:00:00+00:00
[2026-06-07T08:41:31.054+0000] {processor.py:208} INFO - Processing /home/airflow/.local/lib/python3.12/site-packages/airflow/example_dags/example_branch_labels.py took 0.352 seconds
[2026-06-07T08:42:04.370+0000] {processor.py:186} INFO - Started process (PID=332) to work on /home/airflow/.local/lib/python3.12/site-packages/airflow/example_dags/example_branch_labels.py
[2026-06-07T08:42:04.373+0000] {processor.py:914} INFO - Processing file /home/airflow/.local/lib/python3.12/site-packages/airflow/example_dags/example_branch_labels.py for tasks to queue
[2026-06-07T08:42:04.380+0000] {logging_mixin.py:190} INFO - [2026-06-07T08:42:04.379+0000] {dagbag.py:588} INFO - Filling up the DagBag from /home/airflow/.local/lib/python3.12/site-packages/airflow/example_dags/example_branch_labels.py
[2026-06-07T08:42:04.405+0000] {processor.py:925} INFO - DAG(s) 'example_branch_labels' retrieved from /home/airflow/.local/lib/python3.12/site-packages/airflow/example_dags/example_branch_labels.py
[2026-06-07T08:42:04.491+0000] {logging_mixin.py:190} INFO - [2026-06-07T08:42:04.488+0000] {dag.py:3239} INFO - Sync 1 DAGs
[2026-06-07T08:42:04.566+0000] {logging_mixin.py:190} INFO - [2026-06-07T08:42:04.565+0000] {dag.py:4180} INFO - Setting next_dagrun for example_branch_labels to 2026-06-06 00:00:00+00:00, run_after=2026-06-07 00:00:00+00:00
[2026-06-07T08:42:04.608+0000] {processor.py:208} INFO - Processing /home/airflow/.local/lib/python3.12/site-packages/airflow/example_dags/example_branch_labels.py took 0.252 seconds
[2026-06-07T08:42:41.138+0000] {processor.py:186} INFO - Started process (PID=381) to work on /home/airflow/.local/lib/python3.12/site-packages/airflow/example_dags/example_branch_labels.py
[2026-06-07T08:42:41.141+0000] {processor.py:914} INFO - Processing file /home/airflow/.local/lib/python3.12/site-packages/airflow/example_dags/example_branch_labels.py for tasks to queue
[2026-06-07T08:42:41.149+0000] {logging_mixin.py:190} INFO - [2026-06-07T08:42:41.149+0000] {dagbag.py:588} INFO - Filling up the DagBag from /home/airflow/.local/lib/python3.12/site-packages/airflow/example_dags/example_branch_labels.py
[2026-06-07T08:42:41.176+0000] {processor.py:925} INFO - DAG(s) 'example_branch_labels' retrieved from /home/airflow/.local/lib/python3.12/site-packages/airflow/example_dags/example_branch_labels.py
[2026-06-07T08:42:41.233+0000] {logging_mixin.py:190} INFO - [2026-06-07T08:42:41.233+0000] {dag.py:3239} INFO - Sync 1 DAGs
[2026-06-07T08:42:41.293+0000] {logging_mixin.py:190} INFO - [2026-06-07T08:42:41.292+0000] {dag.py:4180} INFO - Setting next_dagrun for example_branch_labels to 2026-06-06 00:00:00+00:00, run_after=2026-06-07 00:00:00+00:00
[2026-06-07T08:42:41.332+0000] {processor.py:208} INFO - Processing /home/airflow/.local/lib/python3.12/site-packages/airflow/example_dags/example_branch_labels.py took 0.209 seconds
[2026-06-07T08:43:22.460+0000] {processor.py:186} INFO - Started process (PID=449) to work on /home/airflow/.local/lib/python3.12/site-packages/airflow/example_dags/example_branch_labels.py
[2026-06-07T08:43:22.463+0000] {processor.py:914} INFO - Processing file /home/airflow/.local/lib/python3.12/site-packages/airflow/example_dags/example_branch_labels.py for tasks to queue
[2026-06-07T08:43:22.470+0000] {logging_mixin.py:190} INFO - [2026-06-07T08:43:22.469+0000] {dagbag.py:588} INFO - Filling up the DagBag from /home/airflow/.local/lib/python3.12/site-packages/airflow/example_dags/example_branch_labels.py
[2026-06-07T08:43:22.489+0000] {processor.py:925} INFO - DAG(s) 'example_branch_labels' retrieved from /home/airflow/.local/lib/python3.12/site-packages/airflow/example_dags/example_branch_labels.py
[2026-06-07T08:43:22.553+0000] {logging_mixin.py:190} INFO - [2026-06-07T08:43:22.552+0000] {dag.py:3239} INFO - Sync 1 DAGs
[2026-06-07T08:43:22.614+0000] {logging_mixin.py:190} INFO - [2026-06-07T08:43:22.614+0000] {dag.py:4180} INFO - Setting next_dagrun for example_branch_labels to 2026-06-06 00:00:00+00:00, run_after=2026-06-07 00:00:00+00:00
[2026-06-07T08:43:22.657+0000] {processor.py:208} INFO - Processing /home/airflow/.local/lib/python3.12/site-packages/airflow/example_dags/example_branch_labels.py took 0.207 seconds
[2026-06-07T08:43:57.793+0000] {processor.py:186} INFO - Started process (PID=511) to work on /home/airflow/.local/lib/python3.12/site-packages/airflow/example_dags/example_branch_labels.py
[2026-06-07T08:43:57.796+0000] {processor.py:914} INFO - Processing file /home/airflow/.local/lib/python3.12/site-packages/airflow/example_dags/example_branch_labels.py for tasks to queue
[2026-06-07T08:43:57.805+0000] {logging_mixin.py:190} INFO - [2026-06-07T08:43:57.802+0000] {dagbag.py:588} INFO - Filling up the DagBag from /home/airflow/.local/lib/python3.12/site-packages/airflow/example_dags/example_branch_labels.py
[2026-06-07T08:43:57.829+0000] {processor.py:925} INFO - DAG(s) 'example_branch_labels' retrieved from /home/airflow/.local/lib/python3.12/site-packages/airflow/example_dags/example_branch_labels.py
[2026-06-07T08:43:57.912+0000] {logging_mixin.py:190} INFO - [2026-06-07T08:43:57.910+0000] {dag.py:3239} INFO - Sync 1 DAGs
[2026-06-07T08:43:57.973+0000] {logging_mixin.py:190} INFO - [2026-06-07T08:43:57.973+0000] {dag.py:4180} INFO - Setting next_dagrun for example_branch_labels to 2026-06-06 00:00:00+00:00, run_after=2026-06-07 00:00:00+00:00
[2026-06-07T08:43:58.048+0000] {processor.py:208} INFO - Processing /home/airflow/.local/lib/python3.12/site-packages/airflow/example_dags/example_branch_labels.py took 0.269 seconds
[2026-06-07T08:44:34.275+0000] {processor.py:186} INFO - Started process (PID=569) to work on /home/airflow/.local/lib/python3.12/site-packages/airflow/example_dags/example_branch_labels.py
[2026-06-07T08:44:34.277+0000] {processor.py:914} INFO - Processing file /home/airflow/.local/lib/python3.12/site-packages/airflow/example_dags/example_branch_labels.py for tasks to queue
[2026-06-07T08:44:34.290+0000] {logging_mixin.py:190} INFO - [2026-06-07T08:44:34.288+0000] {dagbag.py:588} INFO - Filling up the DagBag from /home/airflow/.local/lib/python3.12/site-packages/airflow/example_dags/example_branch_labels.py
[2026-06-07T08:44:34.323+0000] {processor.py:925} INFO - DAG(s) 'example_branch_labels' retrieved from /home/airflow/.local/lib/python3.12/site-packages/airflow/example_dags/example_branch_labels.py
[2026-06-07T08:44:34.397+0000] {logging_mixin.py:190} INFO - [2026-06-07T08:44:34.396+0000] {dag.py:3239} INFO - Sync 1 DAGs
[2026-06-07T08:44:34.481+0000] {logging_mixin.py:190} INFO - [2026-06-07T08:44:34.480+0000] {dag.py:4180} INFO - Setting next_dagrun for example_branch_labels to 2026-06-06 00:00:00+00:00, run_after=2026-06-07 00:00:00+00:00
[2026-06-07T08:44:34.569+0000] {processor.py:208} INFO - Processing /home/airflow/.local/lib/python3.12/site-packages/airflow/example_dags/example_branch_labels.py took 0.311 seconds
[2026-06-07T08:45:12.664+0000] {processor.py:186} INFO - Started process (PID=630) to work on /home/airflow/.local/lib/python3.12/site-packages/airflow/example_dags/example_branch_labels.py
[2026-06-07T08:45:12.666+0000] {processor.py:914} INFO - Processing file /home/airflow/.local/lib/python3.12/site-packages/airflow/example_dags/example_branch_labels.py for tasks to queue
[2026-06-07T08:45:12.671+0000] {logging_mixin.py:190} INFO - [2026-06-07T08:45:12.670+0000] {dagbag.py:588} INFO - Filling up the DagBag from /home/airflow/.local/lib/python3.12/site-packages/airflow/example_dags/example_branch_labels.py
[2026-06-07T08:45:12.692+0000] {processor.py:925} INFO - DAG(s) 'example_branch_labels' retrieved from /home/airflow/.local/lib/python3.12/site-packages/airflow/example_dags/example_branch_labels.py
[2026-06-07T08:45:12.750+0000] {logging_mixin.py:190} INFO - [2026-06-07T08:45:12.749+0000] {dag.py:3239} INFO - Sync 1 DAGs
[2026-06-07T08:45:12.809+0000] {logging_mixin.py:190} INFO - [2026-06-07T08:45:12.809+0000] {dag.py:4180} INFO - Setting next_dagrun for example_branch_labels to 2026-06-06 00:00:00+00:00, run_after=2026-06-07 00:00:00+00:00
[2026-06-07T08:45:12.845+0000] {processor.py:208} INFO - Processing /home/airflow/.local/lib/python3.12/site-packages/airflow/example_dags/example_branch_labels.py took 0.192 seconds
[2026-06-07T08:45:53.890+0000] {processor.py:186} INFO - Started process (PID=699) to work on /home/airflow/.local/lib/python3.12/site-packages/airflow/example_dags/example_branch_labels.py
[2026-06-07T08:45:53.892+0000] {processor.py:914} INFO - Processing file /home/airflow/.local/lib/python3.12/site-packages/airflow/example_dags/example_branch_labels.py for tasks to queue
[2026-06-07T08:45:53.900+0000] {logging_mixin.py:190} INFO - [2026-06-07T08:45:53.899+0000] {dagbag.py:588} INFO - Filling up the DagBag from /home/airflow/.local/lib/python3.12/site-packages/airflow/example_dags/example_branch_labels.py
[2026-06-07T08:45:53.922+0000] {processor.py:925} INFO - DAG(s) 'example_branch_labels' retrieved from /home/airflow/.local/lib/python3.12/site-packages/airflow/example_dags/example_branch_labels.py
[2026-06-07T08:45:53.973+0000] {logging_mixin.py:190} INFO - [2026-06-07T08:45:53.973+0000] {dag.py:3239} INFO - Sync 1 DAGs
[2026-06-07T08:45:54.032+0000] {logging_mixin.py:190} INFO - [2026-06-07T08:45:54.031+0000] {dag.py:4180} INFO - Setting next_dagrun for example_branch_labels to 2026-06-06 00:00:00+00:00, run_after=2026-06-07 00:00:00+00:00
[2026-06-07T08:45:54.079+0000] {processor.py:208} INFO - Processing /home/airflow/.local/lib/python3.12/site-packages/airflow/example_dags/example_branch_labels.py took 0.200 seconds
[2026-06-07T08:46:32.808+0000] {processor.py:186} INFO - Started process (PID=761) to work on /home/airflow/.local/lib/python3.12/site-packages/airflow/example_dags/example_branch_labels.py
[2026-06-07T08:46:32.810+0000] {processor.py:914} INFO - Processing file /home/airflow/.local/lib/python3.12/site-packages/airflow/example_dags/example_branch_labels.py for tasks to queue
[2026-06-07T08:46:32.815+0000] {logging_mixin.py:190} INFO - [2026-06-07T08:46:32.814+0000] {dagbag.py:588} INFO - Filling up the DagBag from /home/airflow/.local/lib/python3.12/site-packages/airflow/example_dags/example_branch_labels.py
[2026-06-07T08:46:32.832+0000] {processor.py:925} INFO - DAG(s) 'example_branch_labels' retrieved from /home/airflow/.local/lib/python3.12/site-packages/airflow/example_dags/example_branch_labels.py
[2026-06-07T08:46:32.873+0000] {logging_mixin.py:190} INFO - [2026-06-07T08:46:32.872+0000] {dag.py:3239} INFO - Sync 1 DAGs
[2026-06-07T08:46:32.911+0000] {logging_mixin.py:190} INFO - [2026-06-07T08:46:32.910+0000] {dag.py:4180} INFO - Setting next_dagrun for example_branch_labels to 2026-06-06 00:00:00+00:00, run_after=2026-06-07 00:00:00+00:00
[2026-06-07T08:46:32.963+0000] {processor.py:208} INFO - Processing /home/airflow/.local/lib/python3.12/site-packages/airflow/example_dags/example_branch_labels.py took 0.165 seconds
[2026-06-07T08:47:03.676+0000] {processor.py:186} INFO - Started process (PID=824) to work on /home/airflow/.local/lib/python3.12/site-packages/airflow/example_dags/example_branch_labels.py
[2026-06-07T08:47:03.678+0000] {processor.py:914} INFO - Processing file /home/airflow/.local/lib/python3.12/site-packages/airflow/example_dags/example_branch_labels.py for tasks to queue
[2026-06-07T08:47:03.685+0000] {logging_mixin.py:190} INFO - [2026-06-07T08:47:03.684+0000] {dagbag.py:588} INFO - Filling up the DagBag from /home/airflow/.local/lib/python3.12/site-packages/airflow/example_dags/example_branch_labels.py
[2026-06-07T08:47:03.719+0000] {processor.py:925} INFO - DAG(s) 'example_branch_labels' retrieved from /home/airflow/.local/lib/python3.12/site-packages/airflow/example_dags/example_branch_labels.py
[2026-06-07T08:47:03.848+0000] {logging_mixin.py:190} INFO - [2026-06-07T08:47:03.847+0000] {dag.py:3239} INFO - Sync 1 DAGs
[2026-06-07T08:47:03.916+0000] {logging_mixin.py:190} INFO - [2026-06-07T08:47:03.915+0000] {dag.py:4180} INFO - Setting next_dagrun for example_branch_labels to 2026-06-06 00:00:00+00:00, run_after=2026-06-07 00:00:00+00:00
[2026-06-07T08:47:04.302+0000] {processor.py:208} INFO - Processing /home/airflow/.local/lib/python3.12/site-packages/airflow/example_dags/example_branch_labels.py took 0.618 seconds
[2026-06-07T08:47:43.389+0000] {processor.py:186} INFO - Started process (PID=884) to work on /home/airflow/.local/lib/python3.12/site-packages/airflow/example_dags/example_branch_labels.py
[2026-06-07T08:47:43.392+0000] {processor.py:914} INFO - Processing file /home/airflow/.local/lib/python3.12/site-packages/airflow/example_dags/example_branch_labels.py for tasks to queue
[2026-06-07T08:47:43.400+0000] {logging_mixin.py:190} INFO - [2026-06-07T08:47:43.399+0000] {dagbag.py:588} INFO - Filling up the DagBag from /home/airflow/.local/lib/python3.12/site-packages/airflow/example_dags/example_branch_labels.py
[2026-06-07T08:47:43.423+0000] {processor.py:925} INFO - DAG(s) 'example_branch_labels' retrieved from /home/airflow/.local/lib/python3.12/site-packages/airflow/example_dags/example_branch_labels.py
[2026-06-07T08:47:43.494+0000] {logging_mixin.py:190} INFO - [2026-06-07T08:47:43.493+0000] {dag.py:3239} INFO - Sync 1 DAGs
[2026-06-07T08:47:43.554+0000] {logging_mixin.py:190} INFO - [2026-06-07T08:47:43.553+0000] {dag.py:4180} INFO - Setting next_dagrun for example_branch_labels to 2026-06-06 00:00:00+00:00, run_after=2026-06-07 00:00:00+00:00
[2026-06-07T08:47:43.594+0000] {processor.py:208} INFO - Processing /home/airflow/.local/lib/python3.12/site-packages/airflow/example_dags/example_branch_labels.py took 0.231 seconds
[2026-06-07T08:48:20.569+0000] {processor.py:186} INFO - Started process (PID=946) to work on /home/airflow/.local/lib/python3.12/site-packages/airflow/example_dags/example_branch_labels.py
[2026-06-07T08:48:20.571+0000] {processor.py:914} INFO - Processing file /home/airflow/.local/lib/python3.12/site-packages/airflow/example_dags/example_branch_labels.py for tasks to queue
[2026-06-07T08:48:20.579+0000] {logging_mixin.py:190} INFO - [2026-06-07T08:48:20.578+0000] {dagbag.py:588} INFO - Filling up the DagBag from /home/airflow/.local/lib/python3.12/site-packages/airflow/example_dags/example_branch_labels.py
[2026-06-07T08:48:20.604+0000] {processor.py:925} INFO - DAG(s) 'example_branch_labels' retrieved from /home/airflow/.local/lib/python3.12/site-packages/airflow/example_dags/example_branch_labels.py
[2026-06-07T08:48:20.663+0000] {logging_mixin.py:190} INFO - [2026-06-07T08:48:20.662+0000] {dag.py:3239} INFO - Sync 1 DAGs
[2026-06-07T08:48:20.724+0000] {logging_mixin.py:190} INFO - [2026-06-07T08:48:20.724+0000] {dag.py:4180} INFO - Setting next_dagrun for example_branch_labels to 2026-06-06 00:00:00+00:00, run_after=2026-06-07 00:00:00+00:00
[2026-06-07T08:48:20.764+0000] {processor.py:208} INFO - Processing /home/airflow/.local/lib/python3.12/site-packages/airflow/example_dags/example_branch_labels.py took 0.208 seconds
[2026-06-07T08:49:17.666+0000] {processor.py:186} INFO - Started process (PID=1010) to work on /home/airflow/.local/lib/python3.12/site-packages/airflow/example_dags/example_branch_labels.py
[2026-06-07T08:49:17.670+0000] {processor.py:914} INFO - Processing file /home/airflow/.local/lib/python3.12/site-packages/airflow/example_dags/example_branch_labels.py for tasks to queue
[2026-06-07T08:49:17.685+0000] {logging_mixin.py:190} INFO - [2026-06-07T08:49:17.683+0000] {dagbag.py:588} INFO - Filling up the DagBag from /home/airflow/.local/lib/python3.12/site-packages/airflow/example_dags/example_branch_labels.py
[2026-06-07T08:49:17.724+0000] {processor.py:925} INFO - DAG(s) 'example_branch_labels' retrieved from /home/airflow/.local/lib/python3.12/site-packages/airflow/example_dags/example_branch_labels.py
[2026-06-07T08:49:17.849+0000] {logging_mixin.py:190} INFO - [2026-06-07T08:49:17.848+0000] {dag.py:3239} INFO - Sync 1 DAGs
[2026-06-07T08:49:17.997+0000] {logging_mixin.py:190} INFO - [2026-06-07T08:49:17.996+0000] {dag.py:4180} INFO - Setting next_dagrun for example_branch_labels to 2026-06-06 00:00:00+00:00, run_after=2026-06-07 00:00:00+00:00
[2026-06-07T08:49:18.054+0000] {processor.py:208} INFO - Processing /home/airflow/.local/lib/python3.12/site-packages/airflow/example_dags/example_branch_labels.py took 0.418 seconds
[2026-06-07T08:49:58.421+0000] {processor.py:186} INFO - Started process (PID=1078) to work on /home/airflow/.local/lib/python3.12/site-packages/airflow/example_dags/example_branch_labels.py
[2026-06-07T08:49:58.423+0000] {processor.py:914} INFO - Processing file /home/airflow/.local/lib/python3.12/site-packages/airflow/example_dags/example_branch_labels.py for tasks to queue
[2026-06-07T08:49:58.429+0000] {logging_mixin.py:190} INFO - [2026-06-07T08:49:58.429+0000] {dagbag.py:588} INFO - Filling up the DagBag from /home/airflow/.local/lib/python3.12/site-packages/airflow/example_dags/example_branch_labels.py
[2026-06-07T08:49:58.458+0000] {processor.py:925} INFO - DAG(s) 'example_branch_labels' retrieved from /home/airflow/.local/lib/python3.12/site-packages/airflow/example_dags/example_branch_labels.py
[2026-06-07T08:49:58.549+0000] {logging_mixin.py:190} INFO - [2026-06-07T08:49:58.548+0000] {dag.py:3239} INFO - Sync 1 DAGs
[2026-06-07T08:49:58.611+0000] {logging_mixin.py:190} INFO - [2026-06-07T08:49:58.611+0000] {dag.py:4180} INFO - Setting next_dagrun for example_branch_labels to 2026-06-06 00:00:00+00:00, run_after=2026-06-07 00:00:00+00:00
[2026-06-07T08:49:58.666+0000] {processor.py:208} INFO - Processing /home/airflow/.local/lib/python3.12/site-packages/airflow/example_dags/example_branch_labels.py took 0.256 seconds
[2026-06-07T08:50:36.925+0000] {processor.py:186} INFO - Started process (PID=1141) to work on /home/airflow/.local/lib/python3.12/site-packages/airflow/example_dags/example_branch_labels.py
[2026-06-07T08:50:36.928+0000] {processor.py:914} INFO - Processing file /home/airflow/.local/lib/python3.12/site-packages/airflow/example_dags/example_branch_labels.py for tasks to queue
[2026-06-07T08:50:36.936+0000] {logging_mixin.py:190} INFO - [2026-06-07T08:50:36.935+0000] {dagbag.py:588} INFO - Filling up the DagBag from /home/airflow/.local/lib/python3.12/site-packages/airflow/example_dags/example_branch_labels.py
[2026-06-07T08:50:36.960+0000] {processor.py:925} INFO - DAG(s) 'example_branch_labels' retrieved from /home/airflow/.local/lib/python3.12/site-packages/airflow/example_dags/example_branch_labels.py
[2026-06-07T08:50:37.012+0000] {logging_mixin.py:190} INFO - [2026-06-07T08:50:37.012+0000] {dag.py:3239} INFO - Sync 1 DAGs
[2026-06-07T08:50:37.064+0000] {logging_mixin.py:190} INFO - [2026-06-07T08:50:37.064+0000] {dag.py:4180} INFO - Setting next_dagrun for example_branch_labels to 2026-06-06 00:00:00+00:00, run_after=2026-06-07 00:00:00+00:00
[2026-06-07T08:50:37.106+0000] {processor.py:208} INFO - Processing /home/airflow/.local/lib/python3.12/site-packages/airflow/example_dags/example_branch_labels.py took 0.198 seconds
[2026-06-07T08:51:11.958+0000] {processor.py:186} INFO - Started process (PID=1207) to work on /home/airflow/.local/lib/python3.12/site-packages/airflow/example_dags/example_branch_labels.py
[2026-06-07T08:51:11.961+0000] {processor.py:914} INFO - Processing file /home/airflow/.local/lib/python3.12/site-packages/airflow/example_dags/example_branch_labels.py for tasks to queue
[2026-06-07T08:51:11.975+0000] {logging_mixin.py:190} INFO - [2026-06-07T08:51:11.973+0000] {dagbag.py:588} INFO - Filling up the DagBag from /home/airflow/.local/lib/python3.12/site-packages/airflow/example_dags/example_branch_labels.py
[2026-06-07T08:51:12.008+0000] {processor.py:925} INFO - DAG(s) 'example_branch_labels' retrieved from /home/airflow/.local/lib/python3.12/site-packages/airflow/example_dags/example_branch_labels.py
[2026-06-07T08:51:12.088+0000] {logging_mixin.py:190} INFO - [2026-06-07T08:51:12.088+0000] {dag.py:3239} INFO - Sync 1 DAGs
[2026-06-07T08:51:12.153+0000] {logging_mixin.py:190} INFO - [2026-06-07T08:51:12.152+0000] {dag.py:4180} INFO - Setting next_dagrun for example_branch_labels to 2026-06-06 00:00:00+00:00, run_after=2026-06-07 00:00:00+00:00
[2026-06-07T08:51:12.220+0000] {processor.py:208} INFO - Processing /home/airflow/.local/lib/python3.12/site-packages/airflow/example_dags/example_branch_labels.py took 0.275 seconds
[2026-06-07T08:51:53.675+0000] {processor.py:186} INFO - Started process (PID=1258) to work on /home/airflow/.local/lib/python3.12/site-packages/airflow/example_dags/example_branch_labels.py
[2026-06-07T08:51:53.678+0000] {processor.py:914} INFO - Processing file /home/airflow/.local/lib/python3.12/site-packages/airflow/example_dags/example_branch_labels.py for tasks to queue
[2026-06-07T08:51:53.684+0000] {logging_mixin.py:190} INFO - [2026-06-07T08:51:53.683+0000] {dagbag.py:588} INFO - Filling up the DagBag from /home/airflow/.local/lib/python3.12/site-packages/airflow/example_dags/example_branch_labels.py
[2026-06-07T08:51:53.703+0000] {processor.py:925} INFO - DAG(s) 'example_branch_labels' retrieved from /home/airflow/.local/lib/python3.12/site-packages/airflow/example_dags/example_branch_labels.py
[2026-06-07T08:51:53.773+0000] {logging_mixin.py:190} INFO - [2026-06-07T08:51:53.772+0000] {dag.py:3239} INFO - Sync 1 DAGs
[2026-06-07T08:51:53.834+0000] {logging_mixin.py:190} INFO - [2026-06-07T08:51:53.834+0000] {dag.py:4180} INFO - Setting next_dagrun for example_branch_labels to 2026-06-06 00:00:00+00:00, run_after=2026-06-07 00:00:00+00:00
[2026-06-07T08:51:53.872+0000] {processor.py:208} INFO - Processing /home/airflow/.local/lib/python3.12/site-packages/airflow/example_dags/example_branch_labels.py took 0.207 seconds
[2026-06-07T08:52:34.829+0000] {processor.py:186} INFO - Started process (PID=1327) to work on /home/airflow/.local/lib/python3.12/site-packages/airflow/example_dags/example_branch_labels.py
[2026-06-07T08:52:34.833+0000] {processor.py:914} INFO - Processing file /home/airflow/.local/lib/python3.12/site-packages/airflow/example_dags/example_branch_labels.py for tasks to queue
[2026-06-07T08:52:34.841+0000] {logging_mixin.py:190} INFO - [2026-06-07T08:52:34.840+0000] {dagbag.py:588} INFO - Filling up the DagBag from /home/airflow/.local/lib/python3.12/site-packages/airflow/example_dags/example_branch_labels.py
[2026-06-07T08:52:34.870+0000] {processor.py:925} INFO - DAG(s) 'example_branch_labels' retrieved from /home/airflow/.local/lib/python3.12/site-packages/airflow/example_dags/example_branch_labels.py
[2026-06-07T08:52:34.933+0000] {logging_mixin.py:190} INFO - [2026-06-07T08:52:34.932+0000] {dag.py:3239} INFO - Sync 1 DAGs
[2026-06-07T08:52:34.986+0000] {logging_mixin.py:190} INFO - [2026-06-07T08:52:34.986+0000] {dag.py:4180} INFO - Setting next_dagrun for example_branch_labels to 2026-06-06 00:00:00+00:00, run_after=2026-06-07 00:00:00+00:00
[2026-06-07T08:52:35.046+0000] {processor.py:208} INFO - Processing /home/airflow/.local/lib/python3.12/site-packages/airflow/example_dags/example_branch_labels.py took 0.229 seconds
[2026-06-07T08:53:22.036+0000] {processor.py:186} INFO - Started process (PID=1389) to work on /home/airflow/.local/lib/python3.12/site-packages/airflow/example_dags/example_branch_labels.py
[2026-06-07T08:53:22.039+0000] {processor.py:914} INFO - Processing file /home/airflow/.local/lib/python3.12/site-packages/airflow/example_dags/example_branch_labels.py for tasks to queue
[2026-06-07T08:53:22.060+0000] {logging_mixin.py:190} INFO - [2026-06-07T08:53:22.060+0000] {dagbag.py:588} INFO - Filling up the DagBag from /home/airflow/.local/lib/python3.12/site-packages/airflow/example_dags/example_branch_labels.py
[2026-06-07T08:53:22.091+0000] {processor.py:925} INFO - DAG(s) 'example_branch_labels' retrieved from /home/airflow/.local/lib/python3.12/site-packages/airflow/example_dags/example_branch_labels.py
[2026-06-07T08:53:22.164+0000] {logging_mixin.py:190} INFO - [2026-06-07T08:53:22.163+0000] {dag.py:3239} INFO - Sync 1 DAGs
[2026-06-07T08:53:22.264+0000] {logging_mixin.py:190} INFO - [2026-06-07T08:53:22.264+0000] {dag.py:4180} INFO - Setting next_dagrun for example_branch_labels to 2026-06-06 00:00:00+00:00, run_after=2026-06-07 00:00:00+00:00
[2026-06-07T08:53:22.345+0000] {processor.py:208} INFO - Processing /home/airflow/.local/lib/python3.12/site-packages/airflow/example_dags/example_branch_labels.py took 0.356 seconds
[2026-06-07T08:53:54.477+0000] {processor.py:186} INFO - Started process (PID=1450) to work on /home/airflow/.local/lib/python3.12/site-packages/airflow/example_dags/example_branch_labels.py
[2026-06-07T08:53:54.479+0000] {processor.py:914} INFO - Processing file /home/airflow/.local/lib/python3.12/site-packages/airflow/example_dags/example_branch_labels.py for tasks to queue
[2026-06-07T08:53:54.484+0000] {logging_mixin.py:190} INFO - [2026-06-07T08:53:54.484+0000] {dagbag.py:588} INFO - Filling up the DagBag from /home/airflow/.local/lib/python3.12/site-packages/airflow/example_dags/example_branch_labels.py
[2026-06-07T08:53:54.505+0000] {processor.py:925} INFO - DAG(s) 'example_branch_labels' retrieved from /home/airflow/.local/lib/python3.12/site-packages/airflow/example_dags/example_branch_labels.py
[2026-06-07T08:53:54.554+0000] {logging_mixin.py:190} INFO - [2026-06-07T08:53:54.554+0000] {dag.py:3239} INFO - Sync 1 DAGs
[2026-06-07T08:53:54.605+0000] {logging_mixin.py:190} INFO - [2026-06-07T08:53:54.604+0000] {dag.py:4180} INFO - Setting next_dagrun for example_branch_labels to 2026-06-06 00:00:00+00:00, run_after=2026-06-07 00:00:00+00:00
[2026-06-07T08:53:54.640+0000] {processor.py:208} INFO - Processing /home/airflow/.local/lib/python3.12/site-packages/airflow/example_dags/example_branch_labels.py took 0.172 seconds
[2026-06-07T08:54:35.124+0000] {processor.py:186} INFO - Started process (PID=1519) to work on /home/airflow/.local/lib/python3.12/site-packages/airflow/example_dags/example_branch_labels.py
[2026-06-07T08:54:35.127+0000] {processor.py:914} INFO - Processing file /home/airflow/.local/lib/python3.12/site-packages/airflow/example_dags/example_branch_labels.py for tasks to queue
[2026-06-07T08:54:35.132+0000] {logging_mixin.py:190} INFO - [2026-06-07T08:54:35.132+0000] {dagbag.py:588} INFO - Filling up the DagBag from /home/airflow/.local/lib/python3.12/site-packages/airflow/example_dags/example_branch_labels.py
[2026-06-07T08:54:35.153+0000] {processor.py:925} INFO - DAG(s) 'example_branch_labels' retrieved from /home/airflow/.local/lib/python3.12/site-packages/airflow/example_dags/example_branch_labels.py
[2026-06-07T08:54:35.203+0000] {logging_mixin.py:190} INFO - [2026-06-07T08:54:35.203+0000] {dag.py:3239} INFO - Sync 1 DAGs
[2026-06-07T08:54:35.257+0000] {logging_mixin.py:190} INFO - [2026-06-07T08:54:35.257+0000] {dag.py:4180} INFO - Setting next_dagrun for example_branch_labels to 2026-06-06 00:00:00+00:00, run_after=2026-06-07 00:00:00+00:00
[2026-06-07T08:54:35.298+0000] {processor.py:208} INFO - Processing /home/airflow/.local/lib/python3.12/site-packages/airflow/example_dags/example_branch_labels.py took 0.184 seconds
[2026-06-07T08:55:31.182+0000] {processor.py:186} INFO - Started process (PID=1565) to work on /home/airflow/.local/lib/python3.12/site-packages/airflow/example_dags/example_branch_labels.py
[2026-06-07T08:55:31.186+0000] {processor.py:914} INFO - Processing file /home/airflow/.local/lib/python3.12/site-packages/airflow/example_dags/example_branch_labels.py for tasks to queue
[2026-06-07T08:55:31.195+0000] {logging_mixin.py:190} INFO - [2026-06-07T08:55:31.194+0000] {dagbag.py:588} INFO - Filling up the DagBag from /home/airflow/.local/lib/python3.12/site-packages/airflow/example_dags/example_branch_labels.py
[2026-06-07T08:55:31.217+0000] {processor.py:925} INFO - DAG(s) 'example_branch_labels' retrieved from /home/airflow/.local/lib/python3.12/site-packages/airflow/example_dags/example_branch_labels.py
[2026-06-07T08:55:31.273+0000] {logging_mixin.py:190} INFO - [2026-06-07T08:55:31.272+0000] {dag.py:3239} INFO - Sync 1 DAGs
[2026-06-07T08:55:31.331+0000] {logging_mixin.py:190} INFO - [2026-06-07T08:55:31.330+0000] {dag.py:4180} INFO - Setting next_dagrun for example_branch_labels to 2026-06-06 00:00:00+00:00, run_after=2026-06-07 00:00:00+00:00
[2026-06-07T08:55:31.368+0000] {processor.py:208} INFO - Processing /home/airflow/.local/lib/python3.12/site-packages/airflow/example_dags/example_branch_labels.py took 0.212 seconds
[2026-06-07T08:56:01.477+0000] {processor.py:186} INFO - Started process (PID=1627) to work on /home/airflow/.local/lib/python3.12/site-packages/airflow/example_dags/example_branch_labels.py
[2026-06-07T08:56:01.479+0000] {processor.py:914} INFO - Processing file /home/airflow/.local/lib/python3.12/site-packages/airflow/example_dags/example_branch_labels.py for tasks to queue
[2026-06-07T08:56:01.482+0000] {logging_mixin.py:190} INFO - [2026-06-07T08:56:01.481+0000] {dagbag.py:588} INFO - Filling up the DagBag from /home/airflow/.local/lib/python3.12/site-packages/airflow/example_dags/example_branch_labels.py
[2026-06-07T08:56:01.507+0000] {processor.py:925} INFO - DAG(s) 'example_branch_labels' retrieved from /home/airflow/.local/lib/python3.12/site-packages/airflow/example_dags/example_branch_labels.py
[2026-06-07T08:56:01.569+0000] {logging_mixin.py:190} INFO - [2026-06-07T08:56:01.568+0000] {dag.py:3239} INFO - Sync 1 DAGs
[2026-06-07T08:56:01.629+0000] {logging_mixin.py:190} INFO - [2026-06-07T08:56:01.628+0000] {dag.py:4180} INFO - Setting next_dagrun for example_branch_labels to 2026-06-06 00:00:00+00:00, run_after=2026-06-07 00:00:00+00:00
[2026-06-07T08:56:01.669+0000] {processor.py:208} INFO - Processing /home/airflow/.local/lib/python3.12/site-packages/airflow/example_dags/example_branch_labels.py took 0.205 seconds
[2026-06-07T08:56:34.759+0000] {processor.py:186} INFO - Started process (PID=1687) to work on /home/airflow/.local/lib/python3.12/site-packages/airflow/example_dags/example_branch_labels.py
[2026-06-07T08:56:34.762+0000] {processor.py:914} INFO - Processing file /home/airflow/.local/lib/python3.12/site-packages/airflow/example_dags/example_branch_labels.py for tasks to queue
[2026-06-07T08:56:34.766+0000] {logging_mixin.py:190} INFO - [2026-06-07T08:56:34.765+0000] {dagbag.py:588} INFO - Filling up the DagBag from /home/airflow/.local/lib/python3.12/site-packages/airflow/example_dags/example_branch_labels.py
[2026-06-07T08:56:34.805+0000] {processor.py:925} INFO - DAG(s) 'example_branch_labels' retrieved from /home/airflow/.local/lib/python3.12/site-packages/airflow/example_dags/example_branch_labels.py
[2026-06-07T08:56:34.876+0000] {logging_mixin.py:190} INFO - [2026-06-07T08:56:34.876+0000] {dag.py:3239} INFO - Sync 1 DAGs
[2026-06-07T08:56:34.939+0000] {logging_mixin.py:190} INFO - [2026-06-07T08:56:34.939+0000] {dag.py:4180} INFO - Setting next_dagrun for example_branch_labels to 2026-06-06 00:00:00+00:00, run_after=2026-06-07 00:00:00+00:00
[2026-06-07T08:56:34.989+0000] {processor.py:208} INFO - Processing /home/airflow/.local/lib/python3.12/site-packages/airflow/example_dags/example_branch_labels.py took 0.243 seconds
[2026-06-07T08:57:06.177+0000] {processor.py:186} INFO - Started process (PID=1724) to work on /home/airflow/.local/lib/python3.12/site-packages/airflow/example_dags/example_branch_labels.py
[2026-06-07T08:57:06.179+0000] {processor.py:914} INFO - Processing file /home/airflow/.local/lib/python3.12/site-packages/airflow/example_dags/example_branch_labels.py for tasks to queue
[2026-06-07T08:57:06.181+0000] {logging_mixin.py:190} INFO - [2026-06-07T08:57:06.181+0000] {dagbag.py:588} INFO - Filling up the DagBag from /home/airflow/.local/lib/python3.12/site-packages/airflow/example_dags/example_branch_labels.py
[2026-06-07T08:57:06.198+0000] {processor.py:925} INFO - DAG(s) 'example_branch_labels' retrieved from /home/airflow/.local/lib/python3.12/site-packages/airflow/example_dags/example_branch_labels.py
[2026-06-07T08:57:06.242+0000] {logging_mixin.py:190} INFO - [2026-06-07T08:57:06.241+0000] {dag.py:3239} INFO - Sync 1 DAGs
[2026-06-07T08:57:06.295+0000] {logging_mixin.py:190} INFO - [2026-06-07T08:57:06.295+0000] {dag.py:4180} INFO - Setting next_dagrun for example_branch_labels to 2026-06-06 00:00:00+00:00, run_after=2026-06-07 00:00:00+00:00
[2026-06-07T08:57:06.337+0000] {processor.py:208} INFO - Processing /home/airflow/.local/lib/python3.12/site-packages/airflow/example_dags/example_branch_labels.py took 0.170 seconds
[2026-06-07T10:17:00.002+0000] {processor.py:186} INFO - Started process (PID=87) to work on /home/airflow/.local/lib/python3.12/site-packages/airflow/example_dags/example_branch_labels.py
[2026-06-07T10:17:00.004+0000] {processor.py:914} INFO - Processing file /home/airflow/.local/lib/python3.12/site-packages/airflow/example_dags/example_branch_labels.py for tasks to queue
[2026-06-07T10:17:00.012+0000] {logging_mixin.py:190} INFO - [2026-06-07T10:17:00.012+0000] {dagbag.py:588} INFO - Filling up the DagBag from /home/airflow/.local/lib/python3.12/site-packages/airflow/example_dags/example_branch_labels.py
[2026-06-07T10:17:00.046+0000] {processor.py:925} INFO - DAG(s) 'example_branch_labels' retrieved from /home/airflow/.local/lib/python3.12/site-packages/airflow/example_dags/example_branch_labels.py
[2026-06-07T10:17:00.283+0000] {logging_mixin.py:190} INFO - [2026-06-07T10:17:00.281+0000] {override.py:1932} INFO - Created Permission View: can delete on DAG:example_branch_labels
[2026-06-07T10:17:00.302+0000] {logging_mixin.py:190} INFO - [2026-06-07T10:17:00.301+0000] {override.py:1932} INFO - Created Permission View: can edit on DAG:example_branch_labels
[2026-06-07T10:17:00.316+0000] {logging_mixin.py:190} INFO - [2026-06-07T10:17:00.315+0000] {override.py:1932} INFO - Created Permission View: can read on DAG:example_branch_labels
[2026-06-07T10:17:00.332+0000] {logging_mixin.py:190} INFO - [2026-06-07T10:17:00.331+0000] {override.py:1932} INFO - Created Permission View: menu access on DAG Run:example_branch_labels
[2026-06-07T10:17:00.345+0000] {logging_mixin.py:190} INFO - [2026-06-07T10:17:00.345+0000] {override.py:1932} INFO - Created Permission View: can delete on DAG Run:example_branch_labels
[2026-06-07T10:17:00.358+0000] {logging_mixin.py:190} INFO - [2026-06-07T10:17:00.358+0000] {override.py:1932} INFO - Created Permission View: can create on DAG Run:example_branch_labels
[2026-06-07T10:17:00.370+0000] {logging_mixin.py:190} INFO - [2026-06-07T10:17:00.369+0000] {override.py:1932} INFO - Created Permission View: can read on DAG Run:example_branch_labels
[2026-06-07T10:17:00.371+0000] {logging_mixin.py:190} INFO - [2026-06-07T10:17:00.371+0000] {dag.py:3239} INFO - Sync 1 DAGs
[2026-06-07T10:17:00.394+0000] {logging_mixin.py:190} INFO - [2026-06-07T10:17:00.393+0000] {dag.py:3262} INFO - Creating ORM DAG for example_branch_labels
[2026-06-07T10:17:00.413+0000] {logging_mixin.py:190} INFO - [2026-06-07T10:17:00.412+0000] {dag.py:4180} INFO - Setting next_dagrun for example_branch_labels to 2026-06-06 00:00:00+00:00, run_after=2026-06-07 00:00:00+00:00
[2026-06-07T10:17:00.439+0000] {processor.py:208} INFO - Processing /home/airflow/.local/lib/python3.12/site-packages/airflow/example_dags/example_branch_labels.py took 0.449 seconds
[2026-06-07T10:18:08.536+0000] {processor.py:186} INFO - Started process (PID=156) to work on /home/airflow/.local/lib/python3.12/site-packages/airflow/example_dags/example_branch_labels.py
[2026-06-07T10:18:08.541+0000] {processor.py:914} INFO - Processing file /home/airflow/.local/lib/python3.12/site-packages/airflow/example_dags/example_branch_labels.py for tasks to queue
[2026-06-07T10:18:08.549+0000] {logging_mixin.py:190} INFO - [2026-06-07T10:18:08.548+0000] {dagbag.py:588} INFO - Filling up the DagBag from /home/airflow/.local/lib/python3.12/site-packages/airflow/example_dags/example_branch_labels.py
[2026-06-07T10:18:08.580+0000] {processor.py:925} INFO - DAG(s) 'example_branch_labels' retrieved from /home/airflow/.local/lib/python3.12/site-packages/airflow/example_dags/example_branch_labels.py
[2026-06-07T10:18:08.656+0000] {logging_mixin.py:190} INFO - [2026-06-07T10:18:08.656+0000] {dag.py:3239} INFO - Sync 1 DAGs
[2026-06-07T10:18:08.731+0000] {logging_mixin.py:190} INFO - [2026-06-07T10:18:08.730+0000] {dag.py:4180} INFO - Setting next_dagrun for example_branch_labels to 2026-06-06 00:00:00+00:00, run_after=2026-06-07 00:00:00+00:00
[2026-06-07T10:18:08.792+0000] {processor.py:208} INFO - Processing /home/airflow/.local/lib/python3.12/site-packages/airflow/example_dags/example_branch_labels.py took 0.271 seconds
[2026-06-07T10:18:57.207+0000] {processor.py:186} INFO - Started process (PID=225) to work on /home/airflow/.local/lib/python3.12/site-packages/airflow/example_dags/example_branch_labels.py
[2026-06-07T10:18:57.209+0000] {processor.py:914} INFO - Processing file /home/airflow/.local/lib/python3.12/site-packages/airflow/example_dags/example_branch_labels.py for tasks to queue
[2026-06-07T10:18:57.216+0000] {logging_mixin.py:190} INFO - [2026-06-07T10:18:57.215+0000] {dagbag.py:588} INFO - Filling up the DagBag from /home/airflow/.local/lib/python3.12/site-packages/airflow/example_dags/example_branch_labels.py
[2026-06-07T10:18:57.236+0000] {processor.py:925} INFO - DAG(s) 'example_branch_labels' retrieved from /home/airflow/.local/lib/python3.12/site-packages/airflow/example_dags/example_branch_labels.py
[2026-06-07T10:18:57.293+0000] {logging_mixin.py:190} INFO - [2026-06-07T10:18:57.292+0000] {dag.py:3239} INFO - Sync 1 DAGs
[2026-06-07T10:18:57.362+0000] {logging_mixin.py:190} INFO - [2026-06-07T10:18:57.362+0000] {dag.py:4180} INFO - Setting next_dagrun for example_branch_labels to 2026-06-06 00:00:00+00:00, run_after=2026-06-07 00:00:00+00:00
[2026-06-07T10:18:57.412+0000] {processor.py:208} INFO - Processing /home/airflow/.local/lib/python3.12/site-packages/airflow/example_dags/example_branch_labels.py took 0.219 seconds
[2026-06-07T10:19:35.893+0000] {processor.py:186} INFO - Started process (PID=274) to work on /home/airflow/.local/lib/python3.12/site-packages/airflow/example_dags/example_branch_labels.py
[2026-06-07T10:19:35.897+0000] {processor.py:914} INFO - Processing file /home/airflow/.local/lib/python3.12/site-packages/airflow/example_dags/example_branch_labels.py for tasks to queue
[2026-06-07T10:19:35.909+0000] {logging_mixin.py:190} INFO - [2026-06-07T10:19:35.907+0000] {dagbag.py:588} INFO - Filling up the DagBag from /home/airflow/.local/lib/python3.12/site-packages/airflow/example_dags/example_branch_labels.py
[2026-06-07T10:19:35.961+0000] {processor.py:925} INFO - DAG(s) 'example_branch_labels' retrieved from /home/airflow/.local/lib/python3.12/site-packages/airflow/example_dags/example_branch_labels.py
[2026-06-07T10:19:36.053+0000] {logging_mixin.py:190} INFO - [2026-06-07T10:19:36.052+0000] {dag.py:3239} INFO - Sync 1 DAGs
[2026-06-07T10:19:36.127+0000] {logging_mixin.py:190} INFO - [2026-06-07T10:19:36.126+0000] {dag.py:4180} INFO - Setting next_dagrun for example_branch_labels to 2026-06-06 00:00:00+00:00, run_after=2026-06-07 00:00:00+00:00
[2026-06-07T10:19:36.193+0000] {processor.py:208} INFO - Processing /home/airflow/.local/lib/python3.12/site-packages/airflow/example_dags/example_branch_labels.py took 0.319 seconds
[2026-06-07T10:20:14.157+0000] {processor.py:186} INFO - Started process (PID=341) to work on /home/airflow/.local/lib/python3.12/site-packages/airflow/example_dags/example_branch_labels.py
[2026-06-07T10:20:14.160+0000] {processor.py:914} INFO - Processing file /home/airflow/.local/lib/python3.12/site-packages/airflow/example_dags/example_branch_labels.py for tasks to queue
[2026-06-07T10:20:14.170+0000] {logging_mixin.py:190} INFO - [2026-06-07T10:20:14.169+0000] {dagbag.py:588} INFO - Filling up the DagBag from /home/airflow/.local/lib/python3.12/site-packages/airflow/example_dags/example_branch_labels.py
[2026-06-07T10:20:14.206+0000] {processor.py:925} INFO - DAG(s) 'example_branch_labels' retrieved from /home/airflow/.local/lib/python3.12/site-packages/airflow/example_dags/example_branch_labels.py
[2026-06-07T10:20:14.370+0000] {logging_mixin.py:190} INFO - [2026-06-07T10:20:14.369+0000] {dag.py:3239} INFO - Sync 1 DAGs
[2026-06-07T10:20:14.560+0000] {logging_mixin.py:190} INFO - [2026-06-07T10:20:14.555+0000] {dag.py:4180} INFO - Setting next_dagrun for example_branch_labels to 2026-06-06 00:00:00+00:00, run_after=2026-06-07 00:00:00+00:00
[2026-06-07T10:20:14.660+0000] {processor.py:208} INFO - Processing /home/airflow/.local/lib/python3.12/site-packages/airflow/example_dags/example_branch_labels.py took 0.519 seconds
[2026-06-07T10:21:11.835+0000] {processor.py:186} INFO - Started process (PID=404) to work on /home/airflow/.local/lib/python3.12/site-packages/airflow/example_dags/example_branch_labels.py
[2026-06-07T10:21:11.840+0000] {processor.py:914} INFO - Processing file /home/airflow/.local/lib/python3.12/site-packages/airflow/example_dags/example_branch_labels.py for tasks to queue
[2026-06-07T10:21:11.849+0000] {logging_mixin.py:190} INFO - [2026-06-07T10:21:11.849+0000] {dagbag.py:588} INFO - Filling up the DagBag from /home/airflow/.local/lib/python3.12/site-packages/airflow/example_dags/example_branch_labels.py
[2026-06-07T10:21:11.888+0000] {processor.py:925} INFO - DAG(s) 'example_branch_labels' retrieved from /home/airflow/.local/lib/python3.12/site-packages/airflow/example_dags/example_branch_labels.py
[2026-06-07T10:21:11.960+0000] {logging_mixin.py:190} INFO - [2026-06-07T10:21:11.960+0000] {dag.py:3239} INFO - Sync 1 DAGs
[2026-06-07T10:21:12.032+0000] {logging_mixin.py:190} INFO - [2026-06-07T10:21:12.031+0000] {dag.py:4180} INFO - Setting next_dagrun for example_branch_labels to 2026-06-06 00:00:00+00:00, run_after=2026-06-07 00:00:00+00:00
[2026-06-07T10:21:12.087+0000] {processor.py:208} INFO - Processing /home/airflow/.local/lib/python3.12/site-packages/airflow/example_dags/example_branch_labels.py took 0.268 seconds
[2026-06-07T10:21:44.377+0000] {processor.py:186} INFO - Started process (PID=446) to work on /home/airflow/.local/lib/python3.12/site-packages/airflow/example_dags/example_branch_labels.py
[2026-06-07T10:21:44.380+0000] {processor.py:914} INFO - Processing file /home/airflow/.local/lib/python3.12/site-packages/airflow/example_dags/example_branch_labels.py for tasks to queue
[2026-06-07T10:21:44.385+0000] {logging_mixin.py:190} INFO - [2026-06-07T10:21:44.385+0000] {dagbag.py:588} INFO - Filling up the DagBag from /home/airflow/.local/lib/python3.12/site-packages/airflow/example_dags/example_branch_labels.py
[2026-06-07T10:21:44.410+0000] {processor.py:925} INFO - DAG(s) 'example_branch_labels' retrieved from /home/airflow/.local/lib/python3.12/site-packages/airflow/example_dags/example_branch_labels.py
[2026-06-07T10:21:44.491+0000] {logging_mixin.py:190} INFO - [2026-06-07T10:21:44.490+0000] {dag.py:3239} INFO - Sync 1 DAGs
[2026-06-07T10:21:44.597+0000] {logging_mixin.py:190} INFO - [2026-06-07T10:21:44.597+0000] {dag.py:4180} INFO - Setting next_dagrun for example_branch_labels to 2026-06-06 00:00:00+00:00, run_after=2026-06-07 00:00:00+00:00
[2026-06-07T10:21:44.661+0000] {processor.py:208} INFO - Processing /home/airflow/.local/lib/python3.12/site-packages/airflow/example_dags/example_branch_labels.py took 0.297 seconds
[2026-06-07T10:22:23.800+0000] {processor.py:186} INFO - Started process (PID=497) to work on /home/airflow/.local/lib/python3.12/site-packages/airflow/example_dags/example_branch_labels.py
[2026-06-07T10:22:23.803+0000] {processor.py:914} INFO - Processing file /home/airflow/.local/lib/python3.12/site-packages/airflow/example_dags/example_branch_labels.py for tasks to queue
[2026-06-07T10:22:23.814+0000] {logging_mixin.py:190} INFO - [2026-06-07T10:22:23.813+0000] {dagbag.py:588} INFO - Filling up the DagBag from /home/airflow/.local/lib/python3.12/site-packages/airflow/example_dags/example_branch_labels.py
[2026-06-07T10:22:23.849+0000] {processor.py:925} INFO - DAG(s) 'example_branch_labels' retrieved from /home/airflow/.local/lib/python3.12/site-packages/airflow/example_dags/example_branch_labels.py
[2026-06-07T10:22:23.927+0000] {logging_mixin.py:190} INFO - [2026-06-07T10:22:23.926+0000] {dag.py:3239} INFO - Sync 1 DAGs
[2026-06-07T10:22:23.995+0000] {logging_mixin.py:190} INFO - [2026-06-07T10:22:23.994+0000] {dag.py:4180} INFO - Setting next_dagrun for example_branch_labels to 2026-06-06 00:00:00+00:00, run_after=2026-06-07 00:00:00+00:00
[2026-06-07T10:22:24.066+0000] {processor.py:208} INFO - Processing /home/airflow/.local/lib/python3.12/site-packages/airflow/example_dags/example_branch_labels.py took 0.293 seconds
[2026-06-07T10:22:59.805+0000] {processor.py:186} INFO - Started process (PID=542) to work on /home/airflow/.local/lib/python3.12/site-packages/airflow/example_dags/example_branch_labels.py
[2026-06-07T10:22:59.808+0000] {processor.py:914} INFO - Processing file /home/airflow/.local/lib/python3.12/site-packages/airflow/example_dags/example_branch_labels.py for tasks to queue
[2026-06-07T10:22:59.818+0000] {logging_mixin.py:190} INFO - [2026-06-07T10:22:59.818+0000] {dagbag.py:588} INFO - Filling up the DagBag from /home/airflow/.local/lib/python3.12/site-packages/airflow/example_dags/example_branch_labels.py
[2026-06-07T10:22:59.846+0000] {processor.py:925} INFO - DAG(s) 'example_branch_labels' retrieved from /home/airflow/.local/lib/python3.12/site-packages/airflow/example_dags/example_branch_labels.py
[2026-06-07T10:22:59.913+0000] {logging_mixin.py:190} INFO - [2026-06-07T10:22:59.912+0000] {dag.py:3239} INFO - Sync 1 DAGs
[2026-06-07T10:22:59.984+0000] {logging_mixin.py:190} INFO - [2026-06-07T10:22:59.983+0000] {dag.py:4180} INFO - Setting next_dagrun for example_branch_labels to 2026-06-06 00:00:00+00:00, run_after=2026-06-07 00:00:00+00:00
[2026-06-07T10:23:00.033+0000] {processor.py:208} INFO - Processing /home/airflow/.local/lib/python3.12/site-packages/airflow/example_dags/example_branch_labels.py took 0.244 seconds
[2026-06-07T10:23:57.990+0000] {processor.py:186} INFO - Started process (PID=610) to work on /home/airflow/.local/lib/python3.12/site-packages/airflow/example_dags/example_branch_labels.py
[2026-06-07T10:23:57.993+0000] {processor.py:914} INFO - Processing file /home/airflow/.local/lib/python3.12/site-packages/airflow/example_dags/example_branch_labels.py for tasks to queue
[2026-06-07T10:23:58.004+0000] {logging_mixin.py:190} INFO - [2026-06-07T10:23:58.003+0000] {dagbag.py:588} INFO - Filling up the DagBag from /home/airflow/.local/lib/python3.12/site-packages/airflow/example_dags/example_branch_labels.py
[2026-06-07T10:23:58.053+0000] {processor.py:925} INFO - DAG(s) 'example_branch_labels' retrieved from /home/airflow/.local/lib/python3.12/site-packages/airflow/example_dags/example_branch_labels.py
[2026-06-07T10:23:58.127+0000] {logging_mixin.py:190} INFO - [2026-06-07T10:23:58.126+0000] {dag.py:3239} INFO - Sync 1 DAGs
[2026-06-07T10:23:58.231+0000] {logging_mixin.py:190} INFO - [2026-06-07T10:23:58.231+0000] {dag.py:4180} INFO - Setting next_dagrun for example_branch_labels to 2026-06-06 00:00:00+00:00, run_after=2026-06-07 00:00:00+00:00
[2026-06-07T10:23:58.317+0000] {processor.py:208} INFO - Processing /home/airflow/.local/lib/python3.12/site-packages/airflow/example_dags/example_branch_labels.py took 0.344 seconds
[2026-06-07T10:24:43.810+0000] {processor.py:186} INFO - Started process (PID=664) to work on /home/airflow/.local/lib/python3.12/site-packages/airflow/example_dags/example_branch_labels.py
[2026-06-07T10:24:43.816+0000] {processor.py:914} INFO - Processing file /home/airflow/.local/lib/python3.12/site-packages/airflow/example_dags/example_branch_labels.py for tasks to queue
[2026-06-07T10:24:43.825+0000] {logging_mixin.py:190} INFO - [2026-06-07T10:24:43.825+0000] {dagbag.py:588} INFO - Filling up the DagBag from /home/airflow/.local/lib/python3.12/site-packages/airflow/example_dags/example_branch_labels.py
[2026-06-07T10:24:43.855+0000] {processor.py:925} INFO - DAG(s) 'example_branch_labels' retrieved from /home/airflow/.local/lib/python3.12/site-packages/airflow/example_dags/example_branch_labels.py
[2026-06-07T10:24:43.949+0000] {logging_mixin.py:190} INFO - [2026-06-07T10:24:43.948+0000] {dag.py:3239} INFO - Sync 1 DAGs
[2026-06-07T10:24:44.104+0000] {logging_mixin.py:190} INFO - [2026-06-07T10:24:44.103+0000] {dag.py:4180} INFO - Setting next_dagrun for example_branch_labels to 2026-06-06 00:00:00+00:00, run_after=2026-06-07 00:00:00+00:00
[2026-06-07T10:24:44.229+0000] {processor.py:208} INFO - Processing /home/airflow/.local/lib/python3.12/site-packages/airflow/example_dags/example_branch_labels.py took 0.450 seconds
[2026-06-07T10:25:25.595+0000] {processor.py:186} INFO - Started process (PID=721) to work on /home/airflow/.local/lib/python3.12/site-packages/airflow/example_dags/example_branch_labels.py
[2026-06-07T10:25:25.597+0000] {processor.py:914} INFO - Processing file /home/airflow/.local/lib/python3.12/site-packages/airflow/example_dags/example_branch_labels.py for tasks to queue
[2026-06-07T10:25:25.599+0000] {logging_mixin.py:190} INFO - [2026-06-07T10:25:25.598+0000] {dagbag.py:588} INFO - Filling up the DagBag from /home/airflow/.local/lib/python3.12/site-packages/airflow/example_dags/example_branch_labels.py
[2026-06-07T10:25:25.622+0000] {processor.py:925} INFO - DAG(s) 'example_branch_labels' retrieved from /home/airflow/.local/lib/python3.12/site-packages/airflow/example_dags/example_branch_labels.py
[2026-06-07T10:25:25.696+0000] {logging_mixin.py:190} INFO - [2026-06-07T10:25:25.696+0000] {dag.py:3239} INFO - Sync 1 DAGs
[2026-06-07T10:25:25.765+0000] {logging_mixin.py:190} INFO - [2026-06-07T10:25:25.764+0000] {dag.py:4180} INFO - Setting next_dagrun for example_branch_labels to 2026-06-06 00:00:00+00:00, run_after=2026-06-07 00:00:00+00:00
[2026-06-07T10:25:25.826+0000] {processor.py:208} INFO - Processing /home/airflow/.local/lib/python3.12/site-packages/airflow/example_dags/example_branch_labels.py took 0.241 seconds
[2026-06-07T10:26:25.162+0000] {processor.py:186} INFO - Started process (PID=789) to work on /home/airflow/.local/lib/python3.12/site-packages/airflow/example_dags/example_branch_labels.py
[2026-06-07T10:26:25.166+0000] {processor.py:914} INFO - Processing file /home/airflow/.local/lib/python3.12/site-packages/airflow/example_dags/example_branch_labels.py for tasks to queue
[2026-06-07T10:26:25.171+0000] {logging_mixin.py:190} INFO - [2026-06-07T10:26:25.170+0000] {dagbag.py:588} INFO - Filling up the DagBag from /home/airflow/.local/lib/python3.12/site-packages/airflow/example_dags/example_branch_labels.py
[2026-06-07T10:26:25.197+0000] {processor.py:925} INFO - DAG(s) 'example_branch_labels' retrieved from /home/airflow/.local/lib/python3.12/site-packages/airflow/example_dags/example_branch_labels.py
[2026-06-07T10:26:25.263+0000] {logging_mixin.py:190} INFO - [2026-06-07T10:26:25.262+0000] {dag.py:3239} INFO - Sync 1 DAGs
[2026-06-07T10:26:25.333+0000] {logging_mixin.py:190} INFO - [2026-06-07T10:26:25.333+0000] {dag.py:4180} INFO - Setting next_dagrun for example_branch_labels to 2026-06-06 00:00:00+00:00, run_after=2026-06-07 00:00:00+00:00
[2026-06-07T10:26:25.380+0000] {processor.py:208} INFO - Processing /home/airflow/.local/lib/python3.12/site-packages/airflow/example_dags/example_branch_labels.py took 0.236 seconds
