[2026-06-07T08:16:06.236+0000] {processor.py:186} INFO - Started process (PID=87) to work on /home/airflow/.local/lib/python3.12/site-packages/airflow/example_dags/example_setup_teardown.py
[2026-06-07T08:16:06.239+0000] {processor.py:914} INFO - Processing file /home/airflow/.local/lib/python3.12/site-packages/airflow/example_dags/example_setup_teardown.py for tasks to queue
[2026-06-07T08:16:06.245+0000] {logging_mixin.py:190} INFO - [2026-06-07T08:16:06.245+0000] {dagbag.py:588} INFO - Filling up the DagBag from /home/airflow/.local/lib/python3.12/site-packages/airflow/example_dags/example_setup_teardown.py
[2026-06-07T08:16:06.265+0000] {processor.py:925} INFO - DAG(s) 'example_setup_teardown' retrieved from /home/airflow/.local/lib/python3.12/site-packages/airflow/example_dags/example_setup_teardown.py
[2026-06-07T08:16:06.327+0000] {logging_mixin.py:190} INFO - [2026-06-07T08:16:06.327+0000] {dag.py:3239} INFO - Sync 1 DAGs
[2026-06-07T08:16:06.356+0000] {logging_mixin.py:190} INFO - [2026-06-07T08:16:06.356+0000] {dag.py:4180} INFO - Setting next_dagrun for example_setup_teardown to None, run_after=None
[2026-06-07T08:16:06.408+0000] {processor.py:208} INFO - Processing /home/airflow/.local/lib/python3.12/site-packages/airflow/example_dags/example_setup_teardown.py took 0.184 seconds
[2026-06-07T08:17:00.389+0000] {processor.py:186} INFO - Started process (PID=155) to work on /home/airflow/.local/lib/python3.12/site-packages/airflow/example_dags/example_setup_teardown.py
[2026-06-07T08:17:00.395+0000] {processor.py:914} INFO - Processing file /home/airflow/.local/lib/python3.12/site-packages/airflow/example_dags/example_setup_teardown.py for tasks to queue
[2026-06-07T08:17:00.403+0000] {logging_mixin.py:190} INFO - [2026-06-07T08:17:00.402+0000] {dagbag.py:588} INFO - Filling up the DagBag from /home/airflow/.local/lib/python3.12/site-packages/airflow/example_dags/example_setup_teardown.py
[2026-06-07T08:17:00.436+0000] {processor.py:925} INFO - DAG(s) 'example_setup_teardown' retrieved from /home/airflow/.local/lib/python3.12/site-packages/airflow/example_dags/example_setup_teardown.py
[2026-06-07T08:17:00.540+0000] {logging_mixin.py:190} INFO - [2026-06-07T08:17:00.540+0000] {dag.py:3239} INFO - Sync 1 DAGs
[2026-06-07T08:17:00.578+0000] {logging_mixin.py:190} INFO - [2026-06-07T08:17:00.577+0000] {dag.py:4180} INFO - Setting next_dagrun for example_setup_teardown to None, run_after=None
[2026-06-07T08:17:00.621+0000] {processor.py:208} INFO - Processing /home/airflow/.local/lib/python3.12/site-packages/airflow/example_dags/example_setup_teardown.py took 0.255 seconds
[2026-06-07T08:17:40.861+0000] {processor.py:186} INFO - Started process (PID=213) to work on /home/airflow/.local/lib/python3.12/site-packages/airflow/example_dags/example_setup_teardown.py
[2026-06-07T08:17:40.871+0000] {processor.py:914} INFO - Processing file /home/airflow/.local/lib/python3.12/site-packages/airflow/example_dags/example_setup_teardown.py for tasks to queue
[2026-06-07T08:17:40.882+0000] {logging_mixin.py:190} INFO - [2026-06-07T08:17:40.881+0000] {dagbag.py:588} INFO - Filling up the DagBag from /home/airflow/.local/lib/python3.12/site-packages/airflow/example_dags/example_setup_teardown.py
[2026-06-07T08:17:40.932+0000] {processor.py:925} INFO - DAG(s) 'example_setup_teardown' retrieved from /home/airflow/.local/lib/python3.12/site-packages/airflow/example_dags/example_setup_teardown.py
[2026-06-07T08:17:41.002+0000] {logging_mixin.py:190} INFO - [2026-06-07T08:17:41.002+0000] {dag.py:3239} INFO - Sync 1 DAGs
[2026-06-07T08:17:41.061+0000] {logging_mixin.py:190} INFO - [2026-06-07T08:17:41.061+0000] {dag.py:4180} INFO - Setting next_dagrun for example_setup_teardown to None, run_after=None
[2026-06-07T08:17:41.126+0000] {processor.py:208} INFO - Processing /home/airflow/.local/lib/python3.12/site-packages/airflow/example_dags/example_setup_teardown.py took 0.294 seconds
[2026-06-07T08:18:23.767+0000] {processor.py:186} INFO - Started process (PID=284) to work on /home/airflow/.local/lib/python3.12/site-packages/airflow/example_dags/example_setup_teardown.py
[2026-06-07T08:18:23.771+0000] {processor.py:914} INFO - Processing file /home/airflow/.local/lib/python3.12/site-packages/airflow/example_dags/example_setup_teardown.py for tasks to queue
[2026-06-07T08:18:23.777+0000] {logging_mixin.py:190} INFO - [2026-06-07T08:18:23.776+0000] {dagbag.py:588} INFO - Filling up the DagBag from /home/airflow/.local/lib/python3.12/site-packages/airflow/example_dags/example_setup_teardown.py
[2026-06-07T08:18:23.795+0000] {processor.py:925} INFO - DAG(s) 'example_setup_teardown' retrieved from /home/airflow/.local/lib/python3.12/site-packages/airflow/example_dags/example_setup_teardown.py
[2026-06-07T08:18:23.862+0000] {logging_mixin.py:190} INFO - [2026-06-07T08:18:23.861+0000] {dag.py:3239} INFO - Sync 1 DAGs
[2026-06-07T08:18:23.897+0000] {logging_mixin.py:190} INFO - [2026-06-07T08:18:23.897+0000] {dag.py:4180} INFO - Setting next_dagrun for example_setup_teardown to None, run_after=None
[2026-06-07T08:18:23.937+0000] {processor.py:208} INFO - Processing /home/airflow/.local/lib/python3.12/site-packages/airflow/example_dags/example_setup_teardown.py took 0.183 seconds
[2026-06-07T08:19:02.907+0000] {processor.py:186} INFO - Started process (PID=345) to work on /home/airflow/.local/lib/python3.12/site-packages/airflow/example_dags/example_setup_teardown.py
[2026-06-07T08:19:02.909+0000] {processor.py:914} INFO - Processing file /home/airflow/.local/lib/python3.12/site-packages/airflow/example_dags/example_setup_teardown.py for tasks to queue
[2026-06-07T08:19:02.922+0000] {logging_mixin.py:190} INFO - [2026-06-07T08:19:02.921+0000] {dagbag.py:588} INFO - Filling up the DagBag from /home/airflow/.local/lib/python3.12/site-packages/airflow/example_dags/example_setup_teardown.py
[2026-06-07T08:19:02.957+0000] {processor.py:925} INFO - DAG(s) 'example_setup_teardown' retrieved from /home/airflow/.local/lib/python3.12/site-packages/airflow/example_dags/example_setup_teardown.py
[2026-06-07T08:19:03.106+0000] {logging_mixin.py:190} INFO - [2026-06-07T08:19:03.106+0000] {dag.py:3239} INFO - Sync 1 DAGs
[2026-06-07T08:19:03.246+0000] {logging_mixin.py:190} INFO - [2026-06-07T08:19:03.246+0000] {dag.py:4180} INFO - Setting next_dagrun for example_setup_teardown to None, run_after=None
[2026-06-07T08:19:03.370+0000] {processor.py:208} INFO - Processing /home/airflow/.local/lib/python3.12/site-packages/airflow/example_dags/example_setup_teardown.py took 0.474 seconds
[2026-06-07T08:19:35.008+0000] {processor.py:186} INFO - Started process (PID=407) to work on /home/airflow/.local/lib/python3.12/site-packages/airflow/example_dags/example_setup_teardown.py
[2026-06-07T08:19:35.011+0000] {processor.py:914} INFO - Processing file /home/airflow/.local/lib/python3.12/site-packages/airflow/example_dags/example_setup_teardown.py for tasks to queue
[2026-06-07T08:19:35.018+0000] {logging_mixin.py:190} INFO - [2026-06-07T08:19:35.017+0000] {dagbag.py:588} INFO - Filling up the DagBag from /home/airflow/.local/lib/python3.12/site-packages/airflow/example_dags/example_setup_teardown.py
[2026-06-07T08:19:35.038+0000] {processor.py:925} INFO - DAG(s) 'example_setup_teardown' retrieved from /home/airflow/.local/lib/python3.12/site-packages/airflow/example_dags/example_setup_teardown.py
[2026-06-07T08:19:35.088+0000] {logging_mixin.py:190} INFO - [2026-06-07T08:19:35.088+0000] {dag.py:3239} INFO - Sync 1 DAGs
[2026-06-07T08:19:35.126+0000] {logging_mixin.py:190} INFO - [2026-06-07T08:19:35.125+0000] {dag.py:4180} INFO - Setting next_dagrun for example_setup_teardown to None, run_after=None
[2026-06-07T08:19:35.165+0000] {processor.py:208} INFO - Processing /home/airflow/.local/lib/python3.12/site-packages/airflow/example_dags/example_setup_teardown.py took 0.170 seconds
[2026-06-07T08:20:08.082+0000] {processor.py:186} INFO - Started process (PID=466) to work on /home/airflow/.local/lib/python3.12/site-packages/airflow/example_dags/example_setup_teardown.py
[2026-06-07T08:20:08.085+0000] {processor.py:914} INFO - Processing file /home/airflow/.local/lib/python3.12/site-packages/airflow/example_dags/example_setup_teardown.py for tasks to queue
[2026-06-07T08:20:08.090+0000] {logging_mixin.py:190} INFO - [2026-06-07T08:20:08.089+0000] {dagbag.py:588} INFO - Filling up the DagBag from /home/airflow/.local/lib/python3.12/site-packages/airflow/example_dags/example_setup_teardown.py
[2026-06-07T08:20:08.108+0000] {processor.py:925} INFO - DAG(s) 'example_setup_teardown' retrieved from /home/airflow/.local/lib/python3.12/site-packages/airflow/example_dags/example_setup_teardown.py
[2026-06-07T08:20:08.168+0000] {logging_mixin.py:190} INFO - [2026-06-07T08:20:08.168+0000] {dag.py:3239} INFO - Sync 1 DAGs
[2026-06-07T08:20:08.209+0000] {logging_mixin.py:190} INFO - [2026-06-07T08:20:08.208+0000] {dag.py:4180} INFO - Setting next_dagrun for example_setup_teardown to None, run_after=None
[2026-06-07T08:20:08.261+0000] {processor.py:208} INFO - Processing /home/airflow/.local/lib/python3.12/site-packages/airflow/example_dags/example_setup_teardown.py took 0.191 seconds
[2026-06-07T08:20:41.953+0000] {processor.py:186} INFO - Started process (PID=526) to work on /home/airflow/.local/lib/python3.12/site-packages/airflow/example_dags/example_setup_teardown.py
[2026-06-07T08:20:41.955+0000] {processor.py:914} INFO - Processing file /home/airflow/.local/lib/python3.12/site-packages/airflow/example_dags/example_setup_teardown.py for tasks to queue
[2026-06-07T08:20:41.961+0000] {logging_mixin.py:190} INFO - [2026-06-07T08:20:41.960+0000] {dagbag.py:588} INFO - Filling up the DagBag from /home/airflow/.local/lib/python3.12/site-packages/airflow/example_dags/example_setup_teardown.py
[2026-06-07T08:20:41.977+0000] {processor.py:925} INFO - DAG(s) 'example_setup_teardown' retrieved from /home/airflow/.local/lib/python3.12/site-packages/airflow/example_dags/example_setup_teardown.py
[2026-06-07T08:20:42.026+0000] {logging_mixin.py:190} INFO - [2026-06-07T08:20:42.025+0000] {dag.py:3239} INFO - Sync 1 DAGs
[2026-06-07T08:20:42.054+0000] {logging_mixin.py:190} INFO - [2026-06-07T08:20:42.053+0000] {dag.py:4180} INFO - Setting next_dagrun for example_setup_teardown to None, run_after=None
[2026-06-07T08:20:42.088+0000] {processor.py:208} INFO - Processing /home/airflow/.local/lib/python3.12/site-packages/airflow/example_dags/example_setup_teardown.py took 0.146 seconds
[2026-06-07T08:21:15.137+0000] {processor.py:186} INFO - Started process (PID=595) to work on /home/airflow/.local/lib/python3.12/site-packages/airflow/example_dags/example_setup_teardown.py
[2026-06-07T08:21:15.138+0000] {processor.py:914} INFO - Processing file /home/airflow/.local/lib/python3.12/site-packages/airflow/example_dags/example_setup_teardown.py for tasks to queue
[2026-06-07T08:21:15.144+0000] {logging_mixin.py:190} INFO - [2026-06-07T08:21:15.143+0000] {dagbag.py:588} INFO - Filling up the DagBag from /home/airflow/.local/lib/python3.12/site-packages/airflow/example_dags/example_setup_teardown.py
[2026-06-07T08:21:15.162+0000] {processor.py:925} INFO - DAG(s) 'example_setup_teardown' retrieved from /home/airflow/.local/lib/python3.12/site-packages/airflow/example_dags/example_setup_teardown.py
[2026-06-07T08:21:15.215+0000] {logging_mixin.py:190} INFO - [2026-06-07T08:21:15.215+0000] {dag.py:3239} INFO - Sync 1 DAGs
[2026-06-07T08:21:15.267+0000] {logging_mixin.py:190} INFO - [2026-06-07T08:21:15.267+0000] {dag.py:4180} INFO - Setting next_dagrun for example_setup_teardown to None, run_after=None
[2026-06-07T08:21:15.364+0000] {processor.py:208} INFO - Processing /home/airflow/.local/lib/python3.12/site-packages/airflow/example_dags/example_setup_teardown.py took 0.242 seconds
[2026-06-07T08:21:53.604+0000] {processor.py:186} INFO - Started process (PID=657) to work on /home/airflow/.local/lib/python3.12/site-packages/airflow/example_dags/example_setup_teardown.py
[2026-06-07T08:21:53.606+0000] {processor.py:914} INFO - Processing file /home/airflow/.local/lib/python3.12/site-packages/airflow/example_dags/example_setup_teardown.py for tasks to queue
[2026-06-07T08:21:53.612+0000] {logging_mixin.py:190} INFO - [2026-06-07T08:21:53.612+0000] {dagbag.py:588} INFO - Filling up the DagBag from /home/airflow/.local/lib/python3.12/site-packages/airflow/example_dags/example_setup_teardown.py
[2026-06-07T08:21:53.631+0000] {processor.py:925} INFO - DAG(s) 'example_setup_teardown' retrieved from /home/airflow/.local/lib/python3.12/site-packages/airflow/example_dags/example_setup_teardown.py
[2026-06-07T08:21:53.701+0000] {logging_mixin.py:190} INFO - [2026-06-07T08:21:53.701+0000] {dag.py:3239} INFO - Sync 1 DAGs
[2026-06-07T08:21:53.741+0000] {logging_mixin.py:190} INFO - [2026-06-07T08:21:53.740+0000] {dag.py:4180} INFO - Setting next_dagrun for example_setup_teardown to None, run_after=None
[2026-06-07T08:21:53.802+0000] {processor.py:208} INFO - Processing /home/airflow/.local/lib/python3.12/site-packages/airflow/example_dags/example_setup_teardown.py took 0.214 seconds
[2026-06-07T08:22:28.953+0000] {processor.py:186} INFO - Started process (PID=719) to work on /home/airflow/.local/lib/python3.12/site-packages/airflow/example_dags/example_setup_teardown.py
[2026-06-07T08:22:28.955+0000] {processor.py:914} INFO - Processing file /home/airflow/.local/lib/python3.12/site-packages/airflow/example_dags/example_setup_teardown.py for tasks to queue
[2026-06-07T08:22:28.959+0000] {logging_mixin.py:190} INFO - [2026-06-07T08:22:28.959+0000] {dagbag.py:588} INFO - Filling up the DagBag from /home/airflow/.local/lib/python3.12/site-packages/airflow/example_dags/example_setup_teardown.py
[2026-06-07T08:22:28.972+0000] {processor.py:925} INFO - DAG(s) 'example_setup_teardown' retrieved from /home/airflow/.local/lib/python3.12/site-packages/airflow/example_dags/example_setup_teardown.py
[2026-06-07T08:22:29.014+0000] {logging_mixin.py:190} INFO - [2026-06-07T08:22:29.013+0000] {dag.py:3239} INFO - Sync 1 DAGs
[2026-06-07T08:22:29.040+0000] {logging_mixin.py:190} INFO - [2026-06-07T08:22:29.039+0000] {dag.py:4180} INFO - Setting next_dagrun for example_setup_teardown to None, run_after=None
[2026-06-07T08:22:29.083+0000] {processor.py:208} INFO - Processing /home/airflow/.local/lib/python3.12/site-packages/airflow/example_dags/example_setup_teardown.py took 0.138 seconds
[2026-06-07T08:23:03.969+0000] {processor.py:186} INFO - Started process (PID=780) to work on /home/airflow/.local/lib/python3.12/site-packages/airflow/example_dags/example_setup_teardown.py
[2026-06-07T08:23:03.972+0000] {processor.py:914} INFO - Processing file /home/airflow/.local/lib/python3.12/site-packages/airflow/example_dags/example_setup_teardown.py for tasks to queue
[2026-06-07T08:23:03.977+0000] {logging_mixin.py:190} INFO - [2026-06-07T08:23:03.977+0000] {dagbag.py:588} INFO - Filling up the DagBag from /home/airflow/.local/lib/python3.12/site-packages/airflow/example_dags/example_setup_teardown.py
[2026-06-07T08:23:03.995+0000] {processor.py:925} INFO - DAG(s) 'example_setup_teardown' retrieved from /home/airflow/.local/lib/python3.12/site-packages/airflow/example_dags/example_setup_teardown.py
[2026-06-07T08:23:04.054+0000] {logging_mixin.py:190} INFO - [2026-06-07T08:23:04.054+0000] {dag.py:3239} INFO - Sync 1 DAGs
[2026-06-07T08:23:04.095+0000] {logging_mixin.py:190} INFO - [2026-06-07T08:23:04.095+0000] {dag.py:4180} INFO - Setting next_dagrun for example_setup_teardown to None, run_after=None
[2026-06-07T08:23:04.138+0000] {processor.py:208} INFO - Processing /home/airflow/.local/lib/python3.12/site-packages/airflow/example_dags/example_setup_teardown.py took 0.181 seconds
[2026-06-07T08:23:38.514+0000] {processor.py:186} INFO - Started process (PID=842) to work on /home/airflow/.local/lib/python3.12/site-packages/airflow/example_dags/example_setup_teardown.py
[2026-06-07T08:23:38.520+0000] {processor.py:914} INFO - Processing file /home/airflow/.local/lib/python3.12/site-packages/airflow/example_dags/example_setup_teardown.py for tasks to queue
[2026-06-07T08:23:38.532+0000] {logging_mixin.py:190} INFO - [2026-06-07T08:23:38.531+0000] {dagbag.py:588} INFO - Filling up the DagBag from /home/airflow/.local/lib/python3.12/site-packages/airflow/example_dags/example_setup_teardown.py
[2026-06-07T08:23:38.563+0000] {processor.py:925} INFO - DAG(s) 'example_setup_teardown' retrieved from /home/airflow/.local/lib/python3.12/site-packages/airflow/example_dags/example_setup_teardown.py
[2026-06-07T08:23:38.624+0000] {logging_mixin.py:190} INFO - [2026-06-07T08:23:38.624+0000] {dag.py:3239} INFO - Sync 1 DAGs
[2026-06-07T08:23:38.660+0000] {logging_mixin.py:190} INFO - [2026-06-07T08:23:38.659+0000] {dag.py:4180} INFO - Setting next_dagrun for example_setup_teardown to None, run_after=None
[2026-06-07T08:23:38.700+0000] {processor.py:208} INFO - Processing /home/airflow/.local/lib/python3.12/site-packages/airflow/example_dags/example_setup_teardown.py took 0.203 seconds
[2026-06-07T08:24:15.538+0000] {processor.py:186} INFO - Started process (PID=908) to work on /home/airflow/.local/lib/python3.12/site-packages/airflow/example_dags/example_setup_teardown.py
[2026-06-07T08:24:15.542+0000] {processor.py:914} INFO - Processing file /home/airflow/.local/lib/python3.12/site-packages/airflow/example_dags/example_setup_teardown.py for tasks to queue
[2026-06-07T08:24:15.550+0000] {logging_mixin.py:190} INFO - [2026-06-07T08:24:15.550+0000] {dagbag.py:588} INFO - Filling up the DagBag from /home/airflow/.local/lib/python3.12/site-packages/airflow/example_dags/example_setup_teardown.py
[2026-06-07T08:24:15.575+0000] {processor.py:925} INFO - DAG(s) 'example_setup_teardown' retrieved from /home/airflow/.local/lib/python3.12/site-packages/airflow/example_dags/example_setup_teardown.py
[2026-06-07T08:24:15.646+0000] {logging_mixin.py:190} INFO - [2026-06-07T08:24:15.645+0000] {dag.py:3239} INFO - Sync 1 DAGs
[2026-06-07T08:24:15.685+0000] {logging_mixin.py:190} INFO - [2026-06-07T08:24:15.684+0000] {dag.py:4180} INFO - Setting next_dagrun for example_setup_teardown to None, run_after=None
[2026-06-07T08:24:15.742+0000] {processor.py:208} INFO - Processing /home/airflow/.local/lib/python3.12/site-packages/airflow/example_dags/example_setup_teardown.py took 0.218 seconds
[2026-06-07T08:24:53.437+0000] {processor.py:186} INFO - Started process (PID=969) to work on /home/airflow/.local/lib/python3.12/site-packages/airflow/example_dags/example_setup_teardown.py
[2026-06-07T08:24:53.440+0000] {processor.py:914} INFO - Processing file /home/airflow/.local/lib/python3.12/site-packages/airflow/example_dags/example_setup_teardown.py for tasks to queue
[2026-06-07T08:24:53.451+0000] {logging_mixin.py:190} INFO - [2026-06-07T08:24:53.450+0000] {dagbag.py:588} INFO - Filling up the DagBag from /home/airflow/.local/lib/python3.12/site-packages/airflow/example_dags/example_setup_teardown.py
[2026-06-07T08:24:53.477+0000] {processor.py:925} INFO - DAG(s) 'example_setup_teardown' retrieved from /home/airflow/.local/lib/python3.12/site-packages/airflow/example_dags/example_setup_teardown.py
[2026-06-07T08:24:53.535+0000] {logging_mixin.py:190} INFO - [2026-06-07T08:24:53.534+0000] {dag.py:3239} INFO - Sync 1 DAGs
[2026-06-07T08:24:53.573+0000] {logging_mixin.py:190} INFO - [2026-06-07T08:24:53.573+0000] {dag.py:4180} INFO - Setting next_dagrun for example_setup_teardown to None, run_after=None
[2026-06-07T08:24:53.616+0000] {processor.py:208} INFO - Processing /home/airflow/.local/lib/python3.12/site-packages/airflow/example_dags/example_setup_teardown.py took 0.191 seconds
[2026-06-07T08:25:26.406+0000] {processor.py:186} INFO - Started process (PID=1031) to work on /home/airflow/.local/lib/python3.12/site-packages/airflow/example_dags/example_setup_teardown.py
[2026-06-07T08:25:26.408+0000] {processor.py:914} INFO - Processing file /home/airflow/.local/lib/python3.12/site-packages/airflow/example_dags/example_setup_teardown.py for tasks to queue
[2026-06-07T08:25:26.417+0000] {logging_mixin.py:190} INFO - [2026-06-07T08:25:26.416+0000] {dagbag.py:588} INFO - Filling up the DagBag from /home/airflow/.local/lib/python3.12/site-packages/airflow/example_dags/example_setup_teardown.py
[2026-06-07T08:25:26.437+0000] {processor.py:925} INFO - DAG(s) 'example_setup_teardown' retrieved from /home/airflow/.local/lib/python3.12/site-packages/airflow/example_dags/example_setup_teardown.py
[2026-06-07T08:25:26.507+0000] {logging_mixin.py:190} INFO - [2026-06-07T08:25:26.507+0000] {dag.py:3239} INFO - Sync 1 DAGs
[2026-06-07T08:25:26.546+0000] {logging_mixin.py:190} INFO - [2026-06-07T08:25:26.546+0000] {dag.py:4180} INFO - Setting next_dagrun for example_setup_teardown to None, run_after=None
[2026-06-07T08:25:26.584+0000] {processor.py:208} INFO - Processing /home/airflow/.local/lib/python3.12/site-packages/airflow/example_dags/example_setup_teardown.py took 0.190 seconds
[2026-06-07T08:26:03.534+0000] {processor.py:186} INFO - Started process (PID=1093) to work on /home/airflow/.local/lib/python3.12/site-packages/airflow/example_dags/example_setup_teardown.py
[2026-06-07T08:26:03.536+0000] {processor.py:914} INFO - Processing file /home/airflow/.local/lib/python3.12/site-packages/airflow/example_dags/example_setup_teardown.py for tasks to queue
[2026-06-07T08:26:03.541+0000] {logging_mixin.py:190} INFO - [2026-06-07T08:26:03.540+0000] {dagbag.py:588} INFO - Filling up the DagBag from /home/airflow/.local/lib/python3.12/site-packages/airflow/example_dags/example_setup_teardown.py
[2026-06-07T08:26:03.560+0000] {processor.py:925} INFO - DAG(s) 'example_setup_teardown' retrieved from /home/airflow/.local/lib/python3.12/site-packages/airflow/example_dags/example_setup_teardown.py
[2026-06-07T08:26:03.611+0000] {logging_mixin.py:190} INFO - [2026-06-07T08:26:03.611+0000] {dag.py:3239} INFO - Sync 1 DAGs
[2026-06-07T08:26:03.643+0000] {logging_mixin.py:190} INFO - [2026-06-07T08:26:03.643+0000] {dag.py:4180} INFO - Setting next_dagrun for example_setup_teardown to None, run_after=None
[2026-06-07T08:26:03.683+0000] {processor.py:208} INFO - Processing /home/airflow/.local/lib/python3.12/site-packages/airflow/example_dags/example_setup_teardown.py took 0.161 seconds
[2026-06-07T08:26:38.252+0000] {processor.py:186} INFO - Started process (PID=1155) to work on /home/airflow/.local/lib/python3.12/site-packages/airflow/example_dags/example_setup_teardown.py
[2026-06-07T08:26:38.254+0000] {processor.py:914} INFO - Processing file /home/airflow/.local/lib/python3.12/site-packages/airflow/example_dags/example_setup_teardown.py for tasks to queue
[2026-06-07T08:26:38.259+0000] {logging_mixin.py:190} INFO - [2026-06-07T08:26:38.258+0000] {dagbag.py:588} INFO - Filling up the DagBag from /home/airflow/.local/lib/python3.12/site-packages/airflow/example_dags/example_setup_teardown.py
[2026-06-07T08:26:38.273+0000] {processor.py:925} INFO - DAG(s) 'example_setup_teardown' retrieved from /home/airflow/.local/lib/python3.12/site-packages/airflow/example_dags/example_setup_teardown.py
[2026-06-07T08:26:38.311+0000] {logging_mixin.py:190} INFO - [2026-06-07T08:26:38.310+0000] {dag.py:3239} INFO - Sync 1 DAGs
[2026-06-07T08:26:38.340+0000] {logging_mixin.py:190} INFO - [2026-06-07T08:26:38.339+0000] {dag.py:4180} INFO - Setting next_dagrun for example_setup_teardown to None, run_after=None
[2026-06-07T08:26:38.386+0000] {processor.py:208} INFO - Processing /home/airflow/.local/lib/python3.12/site-packages/airflow/example_dags/example_setup_teardown.py took 0.142 seconds
[2026-06-07T08:27:14.987+0000] {processor.py:186} INFO - Started process (PID=1222) to work on /home/airflow/.local/lib/python3.12/site-packages/airflow/example_dags/example_setup_teardown.py
[2026-06-07T08:27:14.990+0000] {processor.py:914} INFO - Processing file /home/airflow/.local/lib/python3.12/site-packages/airflow/example_dags/example_setup_teardown.py for tasks to queue
[2026-06-07T08:27:14.995+0000] {logging_mixin.py:190} INFO - [2026-06-07T08:27:14.994+0000] {dagbag.py:588} INFO - Filling up the DagBag from /home/airflow/.local/lib/python3.12/site-packages/airflow/example_dags/example_setup_teardown.py
[2026-06-07T08:27:15.017+0000] {processor.py:925} INFO - DAG(s) 'example_setup_teardown' retrieved from /home/airflow/.local/lib/python3.12/site-packages/airflow/example_dags/example_setup_teardown.py
[2026-06-07T08:27:15.074+0000] {logging_mixin.py:190} INFO - [2026-06-07T08:27:15.074+0000] {dag.py:3239} INFO - Sync 1 DAGs
[2026-06-07T08:27:15.106+0000] {logging_mixin.py:190} INFO - [2026-06-07T08:27:15.106+0000] {dag.py:4180} INFO - Setting next_dagrun for example_setup_teardown to None, run_after=None
[2026-06-07T08:27:15.143+0000] {processor.py:208} INFO - Processing /home/airflow/.local/lib/python3.12/site-packages/airflow/example_dags/example_setup_teardown.py took 0.168 seconds
[2026-06-07T08:27:51.416+0000] {processor.py:186} INFO - Started process (PID=1272) to work on /home/airflow/.local/lib/python3.12/site-packages/airflow/example_dags/example_setup_teardown.py
[2026-06-07T08:27:51.418+0000] {processor.py:914} INFO - Processing file /home/airflow/.local/lib/python3.12/site-packages/airflow/example_dags/example_setup_teardown.py for tasks to queue
[2026-06-07T08:27:51.422+0000] {logging_mixin.py:190} INFO - [2026-06-07T08:27:51.422+0000] {dagbag.py:588} INFO - Filling up the DagBag from /home/airflow/.local/lib/python3.12/site-packages/airflow/example_dags/example_setup_teardown.py
[2026-06-07T08:27:51.435+0000] {processor.py:925} INFO - DAG(s) 'example_setup_teardown' retrieved from /home/airflow/.local/lib/python3.12/site-packages/airflow/example_dags/example_setup_teardown.py
[2026-06-07T08:27:51.475+0000] {logging_mixin.py:190} INFO - [2026-06-07T08:27:51.474+0000] {dag.py:3239} INFO - Sync 1 DAGs
[2026-06-07T08:27:51.496+0000] {logging_mixin.py:190} INFO - [2026-06-07T08:27:51.495+0000] {dag.py:4180} INFO - Setting next_dagrun for example_setup_teardown to None, run_after=None
[2026-06-07T08:27:51.526+0000] {processor.py:208} INFO - Processing /home/airflow/.local/lib/python3.12/site-packages/airflow/example_dags/example_setup_teardown.py took 0.118 seconds
[2026-06-07T08:28:31.747+0000] {processor.py:186} INFO - Started process (PID=1335) to work on /home/airflow/.local/lib/python3.12/site-packages/airflow/example_dags/example_setup_teardown.py
[2026-06-07T08:28:31.749+0000] {processor.py:914} INFO - Processing file /home/airflow/.local/lib/python3.12/site-packages/airflow/example_dags/example_setup_teardown.py for tasks to queue
[2026-06-07T08:28:31.754+0000] {logging_mixin.py:190} INFO - [2026-06-07T08:28:31.754+0000] {dagbag.py:588} INFO - Filling up the DagBag from /home/airflow/.local/lib/python3.12/site-packages/airflow/example_dags/example_setup_teardown.py
[2026-06-07T08:28:31.770+0000] {processor.py:925} INFO - DAG(s) 'example_setup_teardown' retrieved from /home/airflow/.local/lib/python3.12/site-packages/airflow/example_dags/example_setup_teardown.py
[2026-06-07T08:28:31.812+0000] {logging_mixin.py:190} INFO - [2026-06-07T08:28:31.812+0000] {dag.py:3239} INFO - Sync 1 DAGs
[2026-06-07T08:28:31.849+0000] {logging_mixin.py:190} INFO - [2026-06-07T08:28:31.848+0000] {dag.py:4180} INFO - Setting next_dagrun for example_setup_teardown to None, run_after=None
[2026-06-07T08:28:31.886+0000] {processor.py:208} INFO - Processing /home/airflow/.local/lib/python3.12/site-packages/airflow/example_dags/example_setup_teardown.py took 0.148 seconds
[2026-06-07T08:29:04.822+0000] {processor.py:186} INFO - Started process (PID=1397) to work on /home/airflow/.local/lib/python3.12/site-packages/airflow/example_dags/example_setup_teardown.py
[2026-06-07T08:29:04.824+0000] {processor.py:914} INFO - Processing file /home/airflow/.local/lib/python3.12/site-packages/airflow/example_dags/example_setup_teardown.py for tasks to queue
[2026-06-07T08:29:04.834+0000] {logging_mixin.py:190} INFO - [2026-06-07T08:29:04.833+0000] {dagbag.py:588} INFO - Filling up the DagBag from /home/airflow/.local/lib/python3.12/site-packages/airflow/example_dags/example_setup_teardown.py
[2026-06-07T08:29:04.853+0000] {processor.py:925} INFO - DAG(s) 'example_setup_teardown' retrieved from /home/airflow/.local/lib/python3.12/site-packages/airflow/example_dags/example_setup_teardown.py
[2026-06-07T08:29:04.900+0000] {logging_mixin.py:190} INFO - [2026-06-07T08:29:04.899+0000] {dag.py:3239} INFO - Sync 1 DAGs
[2026-06-07T08:29:04.925+0000] {logging_mixin.py:190} INFO - [2026-06-07T08:29:04.925+0000] {dag.py:4180} INFO - Setting next_dagrun for example_setup_teardown to None, run_after=None
[2026-06-07T08:29:04.962+0000] {processor.py:208} INFO - Processing /home/airflow/.local/lib/python3.12/site-packages/airflow/example_dags/example_setup_teardown.py took 0.155 seconds
[2026-06-07T08:39:25.978+0000] {processor.py:186} INFO - Started process (PID=92) to work on /home/airflow/.local/lib/python3.12/site-packages/airflow/example_dags/example_setup_teardown.py
[2026-06-07T08:39:25.984+0000] {processor.py:914} INFO - Processing file /home/airflow/.local/lib/python3.12/site-packages/airflow/example_dags/example_setup_teardown.py for tasks to queue
[2026-06-07T08:39:25.992+0000] {logging_mixin.py:190} INFO - [2026-06-07T08:39:25.992+0000] {dagbag.py:588} INFO - Filling up the DagBag from /home/airflow/.local/lib/python3.12/site-packages/airflow/example_dags/example_setup_teardown.py
[2026-06-07T08:39:26.017+0000] {processor.py:925} INFO - DAG(s) 'example_setup_teardown' retrieved from /home/airflow/.local/lib/python3.12/site-packages/airflow/example_dags/example_setup_teardown.py
[2026-06-07T08:39:26.121+0000] {logging_mixin.py:190} INFO - [2026-06-07T08:39:26.118+0000] {dag.py:3239} INFO - Sync 1 DAGs
[2026-06-07T08:39:26.213+0000] {logging_mixin.py:190} INFO - [2026-06-07T08:39:26.213+0000] {dag.py:4180} INFO - Setting next_dagrun for example_setup_teardown to None, run_after=None
[2026-06-07T08:39:26.333+0000] {processor.py:208} INFO - Processing /home/airflow/.local/lib/python3.12/site-packages/airflow/example_dags/example_setup_teardown.py took 0.386 seconds
[2026-06-07T08:40:17.617+0000] {processor.py:186} INFO - Started process (PID=155) to work on /home/airflow/.local/lib/python3.12/site-packages/airflow/example_dags/example_setup_teardown.py
[2026-06-07T08:40:17.623+0000] {processor.py:914} INFO - Processing file /home/airflow/.local/lib/python3.12/site-packages/airflow/example_dags/example_setup_teardown.py for tasks to queue
[2026-06-07T08:40:17.642+0000] {logging_mixin.py:190} INFO - [2026-06-07T08:40:17.638+0000] {dagbag.py:588} INFO - Filling up the DagBag from /home/airflow/.local/lib/python3.12/site-packages/airflow/example_dags/example_setup_teardown.py
[2026-06-07T08:40:17.707+0000] {processor.py:925} INFO - DAG(s) 'example_setup_teardown' retrieved from /home/airflow/.local/lib/python3.12/site-packages/airflow/example_dags/example_setup_teardown.py
[2026-06-07T08:40:17.833+0000] {logging_mixin.py:190} INFO - [2026-06-07T08:40:17.830+0000] {dag.py:3239} INFO - Sync 1 DAGs
[2026-06-07T08:40:17.963+0000] {logging_mixin.py:190} INFO - [2026-06-07T08:40:17.962+0000] {dag.py:4180} INFO - Setting next_dagrun for example_setup_teardown to None, run_after=None
[2026-06-07T08:40:18.066+0000] {processor.py:208} INFO - Processing /home/airflow/.local/lib/python3.12/site-packages/airflow/example_dags/example_setup_teardown.py took 0.463 seconds
[2026-06-07T08:40:58.530+0000] {processor.py:186} INFO - Started process (PID=214) to work on /home/airflow/.local/lib/python3.12/site-packages/airflow/example_dags/example_setup_teardown.py
[2026-06-07T08:40:58.532+0000] {processor.py:914} INFO - Processing file /home/airflow/.local/lib/python3.12/site-packages/airflow/example_dags/example_setup_teardown.py for tasks to queue
[2026-06-07T08:40:58.539+0000] {logging_mixin.py:190} INFO - [2026-06-07T08:40:58.538+0000] {dagbag.py:588} INFO - Filling up the DagBag from /home/airflow/.local/lib/python3.12/site-packages/airflow/example_dags/example_setup_teardown.py
[2026-06-07T08:40:58.560+0000] {processor.py:925} INFO - DAG(s) 'example_setup_teardown' retrieved from /home/airflow/.local/lib/python3.12/site-packages/airflow/example_dags/example_setup_teardown.py
[2026-06-07T08:40:58.631+0000] {logging_mixin.py:190} INFO - [2026-06-07T08:40:58.631+0000] {dag.py:3239} INFO - Sync 1 DAGs
[2026-06-07T08:40:58.669+0000] {logging_mixin.py:190} INFO - [2026-06-07T08:40:58.668+0000] {dag.py:4180} INFO - Setting next_dagrun for example_setup_teardown to None, run_after=None
[2026-06-07T08:40:58.721+0000] {processor.py:208} INFO - Processing /home/airflow/.local/lib/python3.12/site-packages/airflow/example_dags/example_setup_teardown.py took 0.204 seconds
[2026-06-07T08:41:33.121+0000] {processor.py:186} INFO - Started process (PID=276) to work on /home/airflow/.local/lib/python3.12/site-packages/airflow/example_dags/example_setup_teardown.py
[2026-06-07T08:41:33.124+0000] {processor.py:914} INFO - Processing file /home/airflow/.local/lib/python3.12/site-packages/airflow/example_dags/example_setup_teardown.py for tasks to queue
[2026-06-07T08:41:33.136+0000] {logging_mixin.py:190} INFO - [2026-06-07T08:41:33.135+0000] {dagbag.py:588} INFO - Filling up the DagBag from /home/airflow/.local/lib/python3.12/site-packages/airflow/example_dags/example_setup_teardown.py
[2026-06-07T08:41:33.162+0000] {processor.py:925} INFO - DAG(s) 'example_setup_teardown' retrieved from /home/airflow/.local/lib/python3.12/site-packages/airflow/example_dags/example_setup_teardown.py
[2026-06-07T08:41:33.260+0000] {logging_mixin.py:190} INFO - [2026-06-07T08:41:33.259+0000] {dag.py:3239} INFO - Sync 1 DAGs
[2026-06-07T08:41:33.300+0000] {logging_mixin.py:190} INFO - [2026-06-07T08:41:33.300+0000] {dag.py:4180} INFO - Setting next_dagrun for example_setup_teardown to None, run_after=None
[2026-06-07T08:41:33.381+0000] {processor.py:208} INFO - Processing /home/airflow/.local/lib/python3.12/site-packages/airflow/example_dags/example_setup_teardown.py took 0.274 seconds
[2026-06-07T08:42:06.318+0000] {processor.py:186} INFO - Started process (PID=338) to work on /home/airflow/.local/lib/python3.12/site-packages/airflow/example_dags/example_setup_teardown.py
[2026-06-07T08:42:06.320+0000] {processor.py:914} INFO - Processing file /home/airflow/.local/lib/python3.12/site-packages/airflow/example_dags/example_setup_teardown.py for tasks to queue
[2026-06-07T08:42:06.325+0000] {logging_mixin.py:190} INFO - [2026-06-07T08:42:06.325+0000] {dagbag.py:588} INFO - Filling up the DagBag from /home/airflow/.local/lib/python3.12/site-packages/airflow/example_dags/example_setup_teardown.py
[2026-06-07T08:42:06.345+0000] {processor.py:925} INFO - DAG(s) 'example_setup_teardown' retrieved from /home/airflow/.local/lib/python3.12/site-packages/airflow/example_dags/example_setup_teardown.py
[2026-06-07T08:42:06.400+0000] {logging_mixin.py:190} INFO - [2026-06-07T08:42:06.399+0000] {dag.py:3239} INFO - Sync 1 DAGs
[2026-06-07T08:42:06.431+0000] {logging_mixin.py:190} INFO - [2026-06-07T08:42:06.431+0000] {dag.py:4180} INFO - Setting next_dagrun for example_setup_teardown to None, run_after=None
[2026-06-07T08:42:06.472+0000] {processor.py:208} INFO - Processing /home/airflow/.local/lib/python3.12/site-packages/airflow/example_dags/example_setup_teardown.py took 0.166 seconds
[2026-06-07T08:42:42.567+0000] {processor.py:186} INFO - Started process (PID=387) to work on /home/airflow/.local/lib/python3.12/site-packages/airflow/example_dags/example_setup_teardown.py
[2026-06-07T08:42:42.572+0000] {processor.py:914} INFO - Processing file /home/airflow/.local/lib/python3.12/site-packages/airflow/example_dags/example_setup_teardown.py for tasks to queue
[2026-06-07T08:42:42.583+0000] {logging_mixin.py:190} INFO - [2026-06-07T08:42:42.582+0000] {dagbag.py:588} INFO - Filling up the DagBag from /home/airflow/.local/lib/python3.12/site-packages/airflow/example_dags/example_setup_teardown.py
[2026-06-07T08:42:42.605+0000] {processor.py:925} INFO - DAG(s) 'example_setup_teardown' retrieved from /home/airflow/.local/lib/python3.12/site-packages/airflow/example_dags/example_setup_teardown.py
[2026-06-07T08:42:42.672+0000] {logging_mixin.py:190} INFO - [2026-06-07T08:42:42.672+0000] {dag.py:3239} INFO - Sync 1 DAGs
[2026-06-07T08:42:42.706+0000] {logging_mixin.py:190} INFO - [2026-06-07T08:42:42.706+0000] {dag.py:4180} INFO - Setting next_dagrun for example_setup_teardown to None, run_after=None
[2026-06-07T08:42:42.760+0000] {processor.py:208} INFO - Processing /home/airflow/.local/lib/python3.12/site-packages/airflow/example_dags/example_setup_teardown.py took 0.214 seconds
[2026-06-07T08:43:23.193+0000] {processor.py:186} INFO - Started process (PID=455) to work on /home/airflow/.local/lib/python3.12/site-packages/airflow/example_dags/example_setup_teardown.py
[2026-06-07T08:43:23.196+0000] {processor.py:914} INFO - Processing file /home/airflow/.local/lib/python3.12/site-packages/airflow/example_dags/example_setup_teardown.py for tasks to queue
[2026-06-07T08:43:23.200+0000] {logging_mixin.py:190} INFO - [2026-06-07T08:43:23.200+0000] {dagbag.py:588} INFO - Filling up the DagBag from /home/airflow/.local/lib/python3.12/site-packages/airflow/example_dags/example_setup_teardown.py
[2026-06-07T08:43:23.221+0000] {processor.py:925} INFO - DAG(s) 'example_setup_teardown' retrieved from /home/airflow/.local/lib/python3.12/site-packages/airflow/example_dags/example_setup_teardown.py
[2026-06-07T08:43:23.292+0000] {logging_mixin.py:190} INFO - [2026-06-07T08:43:23.291+0000] {dag.py:3239} INFO - Sync 1 DAGs
[2026-06-07T08:43:23.320+0000] {logging_mixin.py:190} INFO - [2026-06-07T08:43:23.320+0000] {dag.py:4180} INFO - Setting next_dagrun for example_setup_teardown to None, run_after=None
[2026-06-07T08:43:23.362+0000] {processor.py:208} INFO - Processing /home/airflow/.local/lib/python3.12/site-packages/airflow/example_dags/example_setup_teardown.py took 0.181 seconds
[2026-06-07T08:43:59.493+0000] {processor.py:186} INFO - Started process (PID=517) to work on /home/airflow/.local/lib/python3.12/site-packages/airflow/example_dags/example_setup_teardown.py
[2026-06-07T08:43:59.495+0000] {processor.py:914} INFO - Processing file /home/airflow/.local/lib/python3.12/site-packages/airflow/example_dags/example_setup_teardown.py for tasks to queue
[2026-06-07T08:43:59.504+0000] {logging_mixin.py:190} INFO - [2026-06-07T08:43:59.503+0000] {dagbag.py:588} INFO - Filling up the DagBag from /home/airflow/.local/lib/python3.12/site-packages/airflow/example_dags/example_setup_teardown.py
[2026-06-07T08:43:59.527+0000] {processor.py:925} INFO - DAG(s) 'example_setup_teardown' retrieved from /home/airflow/.local/lib/python3.12/site-packages/airflow/example_dags/example_setup_teardown.py
[2026-06-07T08:43:59.597+0000] {logging_mixin.py:190} INFO - [2026-06-07T08:43:59.596+0000] {dag.py:3239} INFO - Sync 1 DAGs
[2026-06-07T08:43:59.634+0000] {logging_mixin.py:190} INFO - [2026-06-07T08:43:59.634+0000] {dag.py:4180} INFO - Setting next_dagrun for example_setup_teardown to None, run_after=None
[2026-06-07T08:43:59.702+0000] {processor.py:208} INFO - Processing /home/airflow/.local/lib/python3.12/site-packages/airflow/example_dags/example_setup_teardown.py took 0.241 seconds
[2026-06-07T08:44:36.246+0000] {processor.py:186} INFO - Started process (PID=575) to work on /home/airflow/.local/lib/python3.12/site-packages/airflow/example_dags/example_setup_teardown.py
[2026-06-07T08:44:36.248+0000] {processor.py:914} INFO - Processing file /home/airflow/.local/lib/python3.12/site-packages/airflow/example_dags/example_setup_teardown.py for tasks to queue
[2026-06-07T08:44:36.260+0000] {logging_mixin.py:190} INFO - [2026-06-07T08:44:36.259+0000] {dagbag.py:588} INFO - Filling up the DagBag from /home/airflow/.local/lib/python3.12/site-packages/airflow/example_dags/example_setup_teardown.py
[2026-06-07T08:44:36.289+0000] {processor.py:925} INFO - DAG(s) 'example_setup_teardown' retrieved from /home/airflow/.local/lib/python3.12/site-packages/airflow/example_dags/example_setup_teardown.py
[2026-06-07T08:44:36.342+0000] {logging_mixin.py:190} INFO - [2026-06-07T08:44:36.342+0000] {dag.py:3239} INFO - Sync 1 DAGs
[2026-06-07T08:44:36.376+0000] {logging_mixin.py:190} INFO - [2026-06-07T08:44:36.376+0000] {dag.py:4180} INFO - Setting next_dagrun for example_setup_teardown to None, run_after=None
[2026-06-07T08:44:36.417+0000] {processor.py:208} INFO - Processing /home/airflow/.local/lib/python3.12/site-packages/airflow/example_dags/example_setup_teardown.py took 0.190 seconds
[2026-06-07T08:45:14.041+0000] {processor.py:186} INFO - Started process (PID=636) to work on /home/airflow/.local/lib/python3.12/site-packages/airflow/example_dags/example_setup_teardown.py
[2026-06-07T08:45:14.043+0000] {processor.py:914} INFO - Processing file /home/airflow/.local/lib/python3.12/site-packages/airflow/example_dags/example_setup_teardown.py for tasks to queue
[2026-06-07T08:45:14.050+0000] {logging_mixin.py:190} INFO - [2026-06-07T08:45:14.049+0000] {dagbag.py:588} INFO - Filling up the DagBag from /home/airflow/.local/lib/python3.12/site-packages/airflow/example_dags/example_setup_teardown.py
[2026-06-07T08:45:14.068+0000] {processor.py:925} INFO - DAG(s) 'example_setup_teardown' retrieved from /home/airflow/.local/lib/python3.12/site-packages/airflow/example_dags/example_setup_teardown.py
[2026-06-07T08:45:14.116+0000] {logging_mixin.py:190} INFO - [2026-06-07T08:45:14.116+0000] {dag.py:3239} INFO - Sync 1 DAGs
[2026-06-07T08:45:14.154+0000] {logging_mixin.py:190} INFO - [2026-06-07T08:45:14.154+0000] {dag.py:4180} INFO - Setting next_dagrun for example_setup_teardown to None, run_after=None
[2026-06-07T08:45:14.198+0000] {processor.py:208} INFO - Processing /home/airflow/.local/lib/python3.12/site-packages/airflow/example_dags/example_setup_teardown.py took 0.168 seconds
[2026-06-07T08:45:55.125+0000] {processor.py:186} INFO - Started process (PID=705) to work on /home/airflow/.local/lib/python3.12/site-packages/airflow/example_dags/example_setup_teardown.py
[2026-06-07T08:45:55.127+0000] {processor.py:914} INFO - Processing file /home/airflow/.local/lib/python3.12/site-packages/airflow/example_dags/example_setup_teardown.py for tasks to queue
[2026-06-07T08:45:55.132+0000] {logging_mixin.py:190} INFO - [2026-06-07T08:45:55.132+0000] {dagbag.py:588} INFO - Filling up the DagBag from /home/airflow/.local/lib/python3.12/site-packages/airflow/example_dags/example_setup_teardown.py
[2026-06-07T08:45:55.148+0000] {processor.py:925} INFO - DAG(s) 'example_setup_teardown' retrieved from /home/airflow/.local/lib/python3.12/site-packages/airflow/example_dags/example_setup_teardown.py
[2026-06-07T08:45:55.196+0000] {logging_mixin.py:190} INFO - [2026-06-07T08:45:55.196+0000] {dag.py:3239} INFO - Sync 1 DAGs
[2026-06-07T08:45:55.223+0000] {logging_mixin.py:190} INFO - [2026-06-07T08:45:55.223+0000] {dag.py:4180} INFO - Setting next_dagrun for example_setup_teardown to None, run_after=None
[2026-06-07T08:45:55.256+0000] {processor.py:208} INFO - Processing /home/airflow/.local/lib/python3.12/site-packages/airflow/example_dags/example_setup_teardown.py took 0.141 seconds
[2026-06-07T08:46:35.694+0000] {processor.py:186} INFO - Started process (PID=771) to work on /home/airflow/.local/lib/python3.12/site-packages/airflow/example_dags/example_setup_teardown.py
[2026-06-07T08:46:35.696+0000] {processor.py:914} INFO - Processing file /home/airflow/.local/lib/python3.12/site-packages/airflow/example_dags/example_setup_teardown.py for tasks to queue
[2026-06-07T08:46:35.701+0000] {logging_mixin.py:190} INFO - [2026-06-07T08:46:35.700+0000] {dagbag.py:588} INFO - Filling up the DagBag from /home/airflow/.local/lib/python3.12/site-packages/airflow/example_dags/example_setup_teardown.py
[2026-06-07T08:46:35.717+0000] {processor.py:925} INFO - DAG(s) 'example_setup_teardown' retrieved from /home/airflow/.local/lib/python3.12/site-packages/airflow/example_dags/example_setup_teardown.py
[2026-06-07T08:46:35.767+0000] {logging_mixin.py:190} INFO - [2026-06-07T08:46:35.767+0000] {dag.py:3239} INFO - Sync 1 DAGs
[2026-06-07T08:46:35.796+0000] {logging_mixin.py:190} INFO - [2026-06-07T08:46:35.796+0000] {dag.py:4180} INFO - Setting next_dagrun for example_setup_teardown to None, run_after=None
[2026-06-07T08:46:35.832+0000] {processor.py:208} INFO - Processing /home/airflow/.local/lib/python3.12/site-packages/airflow/example_dags/example_setup_teardown.py took 0.148 seconds
[2026-06-07T08:47:21.516+0000] {processor.py:186} INFO - Started process (PID=833) to work on /home/airflow/.local/lib/python3.12/site-packages/airflow/example_dags/example_setup_teardown.py
[2026-06-07T08:47:21.519+0000] {processor.py:914} INFO - Processing file /home/airflow/.local/lib/python3.12/site-packages/airflow/example_dags/example_setup_teardown.py for tasks to queue
[2026-06-07T08:47:21.524+0000] {logging_mixin.py:190} INFO - [2026-06-07T08:47:21.524+0000] {dagbag.py:588} INFO - Filling up the DagBag from /home/airflow/.local/lib/python3.12/site-packages/airflow/example_dags/example_setup_teardown.py
[2026-06-07T08:47:21.549+0000] {processor.py:925} INFO - DAG(s) 'example_setup_teardown' retrieved from /home/airflow/.local/lib/python3.12/site-packages/airflow/example_dags/example_setup_teardown.py
[2026-06-07T08:47:21.622+0000] {logging_mixin.py:190} INFO - [2026-06-07T08:47:21.622+0000] {dag.py:3239} INFO - Sync 1 DAGs
[2026-06-07T08:47:21.657+0000] {logging_mixin.py:190} INFO - [2026-06-07T08:47:21.656+0000] {dag.py:4180} INFO - Setting next_dagrun for example_setup_teardown to None, run_after=None
[2026-06-07T08:47:21.704+0000] {processor.py:208} INFO - Processing /home/airflow/.local/lib/python3.12/site-packages/airflow/example_dags/example_setup_teardown.py took 0.203 seconds
[2026-06-07T08:48:09.126+0000] {processor.py:186} INFO - Started process (PID=902) to work on /home/airflow/.local/lib/python3.12/site-packages/airflow/example_dags/example_setup_teardown.py
[2026-06-07T08:48:09.129+0000] {processor.py:914} INFO - Processing file /home/airflow/.local/lib/python3.12/site-packages/airflow/example_dags/example_setup_teardown.py for tasks to queue
[2026-06-07T08:48:09.148+0000] {logging_mixin.py:190} INFO - [2026-06-07T08:48:09.140+0000] {dagbag.py:588} INFO - Filling up the DagBag from /home/airflow/.local/lib/python3.12/site-packages/airflow/example_dags/example_setup_teardown.py
[2026-06-07T08:48:09.178+0000] {processor.py:925} INFO - DAG(s) 'example_setup_teardown' retrieved from /home/airflow/.local/lib/python3.12/site-packages/airflow/example_dags/example_setup_teardown.py
[2026-06-07T08:48:09.247+0000] {logging_mixin.py:190} INFO - [2026-06-07T08:48:09.246+0000] {dag.py:3239} INFO - Sync 1 DAGs
[2026-06-07T08:48:09.283+0000] {logging_mixin.py:190} INFO - [2026-06-07T08:48:09.283+0000] {dag.py:4180} INFO - Setting next_dagrun for example_setup_teardown to None, run_after=None
[2026-06-07T08:48:09.326+0000] {processor.py:208} INFO - Processing /home/airflow/.local/lib/python3.12/site-packages/airflow/example_dags/example_setup_teardown.py took 0.214 seconds
[2026-06-07T08:48:53.366+0000] {processor.py:186} INFO - Started process (PID=973) to work on /home/airflow/.local/lib/python3.12/site-packages/airflow/example_dags/example_setup_teardown.py
[2026-06-07T08:48:53.368+0000] {processor.py:914} INFO - Processing file /home/airflow/.local/lib/python3.12/site-packages/airflow/example_dags/example_setup_teardown.py for tasks to queue
[2026-06-07T08:48:53.381+0000] {logging_mixin.py:190} INFO - [2026-06-07T08:48:53.380+0000] {dagbag.py:588} INFO - Filling up the DagBag from /home/airflow/.local/lib/python3.12/site-packages/airflow/example_dags/example_setup_teardown.py
[2026-06-07T08:48:53.406+0000] {processor.py:925} INFO - DAG(s) 'example_setup_teardown' retrieved from /home/airflow/.local/lib/python3.12/site-packages/airflow/example_dags/example_setup_teardown.py
[2026-06-07T08:48:53.459+0000] {logging_mixin.py:190} INFO - [2026-06-07T08:48:53.458+0000] {dag.py:3239} INFO - Sync 1 DAGs
[2026-06-07T08:48:53.504+0000] {logging_mixin.py:190} INFO - [2026-06-07T08:48:53.504+0000] {dag.py:4180} INFO - Setting next_dagrun for example_setup_teardown to None, run_after=None
[2026-06-07T08:48:53.550+0000] {processor.py:208} INFO - Processing /home/airflow/.local/lib/python3.12/site-packages/airflow/example_dags/example_setup_teardown.py took 0.198 seconds
[2026-06-07T08:49:39.534+0000] {processor.py:186} INFO - Started process (PID=1041) to work on /home/airflow/.local/lib/python3.12/site-packages/airflow/example_dags/example_setup_teardown.py
[2026-06-07T08:49:39.537+0000] {processor.py:914} INFO - Processing file /home/airflow/.local/lib/python3.12/site-packages/airflow/example_dags/example_setup_teardown.py for tasks to queue
[2026-06-07T08:49:39.552+0000] {logging_mixin.py:190} INFO - [2026-06-07T08:49:39.549+0000] {dagbag.py:588} INFO - Filling up the DagBag from /home/airflow/.local/lib/python3.12/site-packages/airflow/example_dags/example_setup_teardown.py
[2026-06-07T08:49:39.575+0000] {processor.py:925} INFO - DAG(s) 'example_setup_teardown' retrieved from /home/airflow/.local/lib/python3.12/site-packages/airflow/example_dags/example_setup_teardown.py
[2026-06-07T08:49:39.692+0000] {logging_mixin.py:190} INFO - [2026-06-07T08:49:39.691+0000] {dag.py:3239} INFO - Sync 1 DAGs
[2026-06-07T08:49:39.736+0000] {logging_mixin.py:190} INFO - [2026-06-07T08:49:39.736+0000] {dag.py:4180} INFO - Setting next_dagrun for example_setup_teardown to None, run_after=None
[2026-06-07T08:49:39.808+0000] {processor.py:208} INFO - Processing /home/airflow/.local/lib/python3.12/site-packages/airflow/example_dags/example_setup_teardown.py took 0.287 seconds
[2026-06-07T08:50:20.187+0000] {processor.py:186} INFO - Started process (PID=1104) to work on /home/airflow/.local/lib/python3.12/site-packages/airflow/example_dags/example_setup_teardown.py
[2026-06-07T08:50:20.190+0000] {processor.py:914} INFO - Processing file /home/airflow/.local/lib/python3.12/site-packages/airflow/example_dags/example_setup_teardown.py for tasks to queue
[2026-06-07T08:50:20.197+0000] {logging_mixin.py:190} INFO - [2026-06-07T08:50:20.196+0000] {dagbag.py:588} INFO - Filling up the DagBag from /home/airflow/.local/lib/python3.12/site-packages/airflow/example_dags/example_setup_teardown.py
[2026-06-07T08:50:20.218+0000] {processor.py:925} INFO - DAG(s) 'example_setup_teardown' retrieved from /home/airflow/.local/lib/python3.12/site-packages/airflow/example_dags/example_setup_teardown.py
[2026-06-07T08:50:20.275+0000] {logging_mixin.py:190} INFO - [2026-06-07T08:50:20.275+0000] {dag.py:3239} INFO - Sync 1 DAGs
[2026-06-07T08:50:20.308+0000] {logging_mixin.py:190} INFO - [2026-06-07T08:50:20.308+0000] {dag.py:4180} INFO - Setting next_dagrun for example_setup_teardown to None, run_after=None
[2026-06-07T08:50:20.352+0000] {processor.py:208} INFO - Processing /home/airflow/.local/lib/python3.12/site-packages/airflow/example_dags/example_setup_teardown.py took 0.177 seconds
[2026-06-07T08:50:56.810+0000] {processor.py:186} INFO - Started process (PID=1172) to work on /home/airflow/.local/lib/python3.12/site-packages/airflow/example_dags/example_setup_teardown.py
[2026-06-07T08:50:56.812+0000] {processor.py:914} INFO - Processing file /home/airflow/.local/lib/python3.12/site-packages/airflow/example_dags/example_setup_teardown.py for tasks to queue
[2026-06-07T08:50:56.818+0000] {logging_mixin.py:190} INFO - [2026-06-07T08:50:56.817+0000] {dagbag.py:588} INFO - Filling up the DagBag from /home/airflow/.local/lib/python3.12/site-packages/airflow/example_dags/example_setup_teardown.py
[2026-06-07T08:50:56.838+0000] {processor.py:925} INFO - DAG(s) 'example_setup_teardown' retrieved from /home/airflow/.local/lib/python3.12/site-packages/airflow/example_dags/example_setup_teardown.py
[2026-06-07T08:50:56.897+0000] {logging_mixin.py:190} INFO - [2026-06-07T08:50:56.896+0000] {dag.py:3239} INFO - Sync 1 DAGs
[2026-06-07T08:50:56.925+0000] {logging_mixin.py:190} INFO - [2026-06-07T08:50:56.925+0000] {dag.py:4180} INFO - Setting next_dagrun for example_setup_teardown to None, run_after=None
[2026-06-07T08:50:56.968+0000] {processor.py:208} INFO - Processing /home/airflow/.local/lib/python3.12/site-packages/airflow/example_dags/example_setup_teardown.py took 0.169 seconds
[2026-06-07T08:51:32.645+0000] {processor.py:186} INFO - Started process (PID=1224) to work on /home/airflow/.local/lib/python3.12/site-packages/airflow/example_dags/example_setup_teardown.py
[2026-06-07T08:51:32.647+0000] {processor.py:914} INFO - Processing file /home/airflow/.local/lib/python3.12/site-packages/airflow/example_dags/example_setup_teardown.py for tasks to queue
[2026-06-07T08:51:32.655+0000] {logging_mixin.py:190} INFO - [2026-06-07T08:51:32.654+0000] {dagbag.py:588} INFO - Filling up the DagBag from /home/airflow/.local/lib/python3.12/site-packages/airflow/example_dags/example_setup_teardown.py
[2026-06-07T08:51:32.675+0000] {processor.py:925} INFO - DAG(s) 'example_setup_teardown' retrieved from /home/airflow/.local/lib/python3.12/site-packages/airflow/example_dags/example_setup_teardown.py
[2026-06-07T08:51:32.739+0000] {logging_mixin.py:190} INFO - [2026-06-07T08:51:32.738+0000] {dag.py:3239} INFO - Sync 1 DAGs
[2026-06-07T08:51:32.775+0000] {logging_mixin.py:190} INFO - [2026-06-07T08:51:32.775+0000] {dag.py:4180} INFO - Setting next_dagrun for example_setup_teardown to None, run_after=None
[2026-06-07T08:51:32.819+0000] {processor.py:208} INFO - Processing /home/airflow/.local/lib/python3.12/site-packages/airflow/example_dags/example_setup_teardown.py took 0.188 seconds
[2026-06-07T08:52:11.699+0000] {processor.py:186} INFO - Started process (PID=1286) to work on /home/airflow/.local/lib/python3.12/site-packages/airflow/example_dags/example_setup_teardown.py
[2026-06-07T08:52:11.701+0000] {processor.py:914} INFO - Processing file /home/airflow/.local/lib/python3.12/site-packages/airflow/example_dags/example_setup_teardown.py for tasks to queue
[2026-06-07T08:52:11.709+0000] {logging_mixin.py:190} INFO - [2026-06-07T08:52:11.708+0000] {dagbag.py:588} INFO - Filling up the DagBag from /home/airflow/.local/lib/python3.12/site-packages/airflow/example_dags/example_setup_teardown.py
[2026-06-07T08:52:11.729+0000] {processor.py:925} INFO - DAG(s) 'example_setup_teardown' retrieved from /home/airflow/.local/lib/python3.12/site-packages/airflow/example_dags/example_setup_teardown.py
[2026-06-07T08:52:11.792+0000] {logging_mixin.py:190} INFO - [2026-06-07T08:52:11.792+0000] {dag.py:3239} INFO - Sync 1 DAGs
[2026-06-07T08:52:11.831+0000] {logging_mixin.py:190} INFO - [2026-06-07T08:52:11.830+0000] {dag.py:4180} INFO - Setting next_dagrun for example_setup_teardown to None, run_after=None
[2026-06-07T08:52:11.875+0000] {processor.py:208} INFO - Processing /home/airflow/.local/lib/python3.12/site-packages/airflow/example_dags/example_setup_teardown.py took 0.192 seconds
[2026-06-07T08:52:54.664+0000] {processor.py:186} INFO - Started process (PID=1349) to work on /home/airflow/.local/lib/python3.12/site-packages/airflow/example_dags/example_setup_teardown.py
[2026-06-07T08:52:54.667+0000] {processor.py:914} INFO - Processing file /home/airflow/.local/lib/python3.12/site-packages/airflow/example_dags/example_setup_teardown.py for tasks to queue
[2026-06-07T08:52:54.678+0000] {logging_mixin.py:190} INFO - [2026-06-07T08:52:54.677+0000] {dagbag.py:588} INFO - Filling up the DagBag from /home/airflow/.local/lib/python3.12/site-packages/airflow/example_dags/example_setup_teardown.py
[2026-06-07T08:52:54.713+0000] {processor.py:925} INFO - DAG(s) 'example_setup_teardown' retrieved from /home/airflow/.local/lib/python3.12/site-packages/airflow/example_dags/example_setup_teardown.py
[2026-06-07T08:52:54.800+0000] {logging_mixin.py:190} INFO - [2026-06-07T08:52:54.800+0000] {dag.py:3239} INFO - Sync 1 DAGs
[2026-06-07T08:52:54.842+0000] {logging_mixin.py:190} INFO - [2026-06-07T08:52:54.841+0000] {dag.py:4180} INFO - Setting next_dagrun for example_setup_teardown to None, run_after=None
[2026-06-07T08:52:54.896+0000] {processor.py:208} INFO - Processing /home/airflow/.local/lib/python3.12/site-packages/airflow/example_dags/example_setup_teardown.py took 0.249 seconds
[2026-06-07T08:53:32.555+0000] {processor.py:186} INFO - Started process (PID=1416) to work on /home/airflow/.local/lib/python3.12/site-packages/airflow/example_dags/example_setup_teardown.py
[2026-06-07T08:53:32.558+0000] {processor.py:914} INFO - Processing file /home/airflow/.local/lib/python3.12/site-packages/airflow/example_dags/example_setup_teardown.py for tasks to queue
[2026-06-07T08:53:32.568+0000] {logging_mixin.py:190} INFO - [2026-06-07T08:53:32.567+0000] {dagbag.py:588} INFO - Filling up the DagBag from /home/airflow/.local/lib/python3.12/site-packages/airflow/example_dags/example_setup_teardown.py
[2026-06-07T08:53:32.595+0000] {processor.py:925} INFO - DAG(s) 'example_setup_teardown' retrieved from /home/airflow/.local/lib/python3.12/site-packages/airflow/example_dags/example_setup_teardown.py
[2026-06-07T08:53:32.669+0000] {logging_mixin.py:190} INFO - [2026-06-07T08:53:32.669+0000] {dag.py:3239} INFO - Sync 1 DAGs
[2026-06-07T08:53:32.745+0000] {logging_mixin.py:190} INFO - [2026-06-07T08:53:32.744+0000] {dag.py:4180} INFO - Setting next_dagrun for example_setup_teardown to None, run_after=None
[2026-06-07T08:53:32.800+0000] {processor.py:208} INFO - Processing /home/airflow/.local/lib/python3.12/site-packages/airflow/example_dags/example_setup_teardown.py took 0.264 seconds
[2026-06-07T08:54:06.766+0000] {processor.py:186} INFO - Started process (PID=1475) to work on /home/airflow/.local/lib/python3.12/site-packages/airflow/example_dags/example_setup_teardown.py
[2026-06-07T08:54:06.771+0000] {processor.py:914} INFO - Processing file /home/airflow/.local/lib/python3.12/site-packages/airflow/example_dags/example_setup_teardown.py for tasks to queue
[2026-06-07T08:54:06.787+0000] {logging_mixin.py:190} INFO - [2026-06-07T08:54:06.781+0000] {dagbag.py:588} INFO - Filling up the DagBag from /home/airflow/.local/lib/python3.12/site-packages/airflow/example_dags/example_setup_teardown.py
[2026-06-07T08:54:06.836+0000] {processor.py:925} INFO - DAG(s) 'example_setup_teardown' retrieved from /home/airflow/.local/lib/python3.12/site-packages/airflow/example_dags/example_setup_teardown.py
[2026-06-07T08:54:06.985+0000] {logging_mixin.py:190} INFO - [2026-06-07T08:54:06.985+0000] {dag.py:3239} INFO - Sync 1 DAGs
[2026-06-07T08:54:07.048+0000] {logging_mixin.py:190} INFO - [2026-06-07T08:54:07.047+0000] {dag.py:4180} INFO - Setting next_dagrun for example_setup_teardown to None, run_after=None
[2026-06-07T08:54:07.118+0000] {processor.py:208} INFO - Processing /home/airflow/.local/lib/python3.12/site-packages/airflow/example_dags/example_setup_teardown.py took 0.379 seconds
[2026-06-07T08:54:54.561+0000] {processor.py:186} INFO - Started process (PID=1537) to work on /home/airflow/.local/lib/python3.12/site-packages/airflow/example_dags/example_setup_teardown.py
[2026-06-07T08:54:54.578+0000] {processor.py:914} INFO - Processing file /home/airflow/.local/lib/python3.12/site-packages/airflow/example_dags/example_setup_teardown.py for tasks to queue
[2026-06-07T08:54:54.595+0000] {logging_mixin.py:190} INFO - [2026-06-07T08:54:54.590+0000] {dagbag.py:588} INFO - Filling up the DagBag from /home/airflow/.local/lib/python3.12/site-packages/airflow/example_dags/example_setup_teardown.py
[2026-06-07T08:54:54.684+0000] {processor.py:925} INFO - DAG(s) 'example_setup_teardown' retrieved from /home/airflow/.local/lib/python3.12/site-packages/airflow/example_dags/example_setup_teardown.py
[2026-06-07T08:54:54.970+0000] {logging_mixin.py:190} INFO - [2026-06-07T08:54:54.914+0000] {dag.py:3239} INFO - Sync 1 DAGs
[2026-06-07T08:54:55.767+0000] {logging_mixin.py:190} INFO - [2026-06-07T08:54:55.766+0000] {dag.py:4180} INFO - Setting next_dagrun for example_setup_teardown to None, run_after=None
[2026-06-07T08:54:56.098+0000] {processor.py:208} INFO - Processing /home/airflow/.local/lib/python3.12/site-packages/airflow/example_dags/example_setup_teardown.py took 1.550 seconds
[2026-06-07T08:55:38.640+0000] {processor.py:186} INFO - Started process (PID=1596) to work on /home/airflow/.local/lib/python3.12/site-packages/airflow/example_dags/example_setup_teardown.py
[2026-06-07T08:55:38.643+0000] {processor.py:914} INFO - Processing file /home/airflow/.local/lib/python3.12/site-packages/airflow/example_dags/example_setup_teardown.py for tasks to queue
[2026-06-07T08:55:38.645+0000] {logging_mixin.py:190} INFO - [2026-06-07T08:55:38.644+0000] {dagbag.py:588} INFO - Filling up the DagBag from /home/airflow/.local/lib/python3.12/site-packages/airflow/example_dags/example_setup_teardown.py
[2026-06-07T08:55:38.658+0000] {processor.py:925} INFO - DAG(s) 'example_setup_teardown' retrieved from /home/airflow/.local/lib/python3.12/site-packages/airflow/example_dags/example_setup_teardown.py
[2026-06-07T08:55:38.702+0000] {logging_mixin.py:190} INFO - [2026-06-07T08:55:38.701+0000] {dag.py:3239} INFO - Sync 1 DAGs
[2026-06-07T08:55:38.725+0000] {logging_mixin.py:190} INFO - [2026-06-07T08:55:38.724+0000] {dag.py:4180} INFO - Setting next_dagrun for example_setup_teardown to None, run_after=None
[2026-06-07T08:55:38.762+0000] {processor.py:208} INFO - Processing /home/airflow/.local/lib/python3.12/site-packages/airflow/example_dags/example_setup_teardown.py took 0.135 seconds
[2026-06-07T08:56:19.299+0000] {processor.py:186} INFO - Started process (PID=1641) to work on /home/airflow/.local/lib/python3.12/site-packages/airflow/example_dags/example_setup_teardown.py
[2026-06-07T08:56:19.301+0000] {processor.py:914} INFO - Processing file /home/airflow/.local/lib/python3.12/site-packages/airflow/example_dags/example_setup_teardown.py for tasks to queue
[2026-06-07T08:56:19.306+0000] {logging_mixin.py:190} INFO - [2026-06-07T08:56:19.305+0000] {dagbag.py:588} INFO - Filling up the DagBag from /home/airflow/.local/lib/python3.12/site-packages/airflow/example_dags/example_setup_teardown.py
[2026-06-07T08:56:19.327+0000] {processor.py:925} INFO - DAG(s) 'example_setup_teardown' retrieved from /home/airflow/.local/lib/python3.12/site-packages/airflow/example_dags/example_setup_teardown.py
[2026-06-07T08:56:19.379+0000] {logging_mixin.py:190} INFO - [2026-06-07T08:56:19.379+0000] {dag.py:3239} INFO - Sync 1 DAGs
[2026-06-07T08:56:19.445+0000] {logging_mixin.py:190} INFO - [2026-06-07T08:56:19.444+0000] {dag.py:4180} INFO - Setting next_dagrun for example_setup_teardown to None, run_after=None
[2026-06-07T08:56:19.508+0000] {processor.py:208} INFO - Processing /home/airflow/.local/lib/python3.12/site-packages/airflow/example_dags/example_setup_teardown.py took 0.223 seconds
[2026-06-07T08:57:03.878+0000] {processor.py:186} INFO - Started process (PID=1710) to work on /home/airflow/.local/lib/python3.12/site-packages/airflow/example_dags/example_setup_teardown.py
[2026-06-07T08:57:03.881+0000] {processor.py:914} INFO - Processing file /home/airflow/.local/lib/python3.12/site-packages/airflow/example_dags/example_setup_teardown.py for tasks to queue
[2026-06-07T08:57:03.891+0000] {logging_mixin.py:190} INFO - [2026-06-07T08:57:03.886+0000] {dagbag.py:588} INFO - Filling up the DagBag from /home/airflow/.local/lib/python3.12/site-packages/airflow/example_dags/example_setup_teardown.py
[2026-06-07T08:57:03.933+0000] {processor.py:925} INFO - DAG(s) 'example_setup_teardown' retrieved from /home/airflow/.local/lib/python3.12/site-packages/airflow/example_dags/example_setup_teardown.py
[2026-06-07T08:57:04.024+0000] {logging_mixin.py:190} INFO - [2026-06-07T08:57:04.021+0000] {dag.py:3239} INFO - Sync 1 DAGs
[2026-06-07T08:57:04.096+0000] {logging_mixin.py:190} INFO - [2026-06-07T08:57:04.095+0000] {dag.py:4180} INFO - Setting next_dagrun for example_setup_teardown to None, run_after=None
[2026-06-07T08:57:04.162+0000] {processor.py:208} INFO - Processing /home/airflow/.local/lib/python3.12/site-packages/airflow/example_dags/example_setup_teardown.py took 0.315 seconds
[2026-06-07T10:17:03.842+0000] {processor.py:186} INFO - Started process (PID=93) to work on /home/airflow/.local/lib/python3.12/site-packages/airflow/example_dags/example_setup_teardown.py
[2026-06-07T10:17:03.844+0000] {processor.py:914} INFO - Processing file /home/airflow/.local/lib/python3.12/site-packages/airflow/example_dags/example_setup_teardown.py for tasks to queue
[2026-06-07T10:17:03.851+0000] {logging_mixin.py:190} INFO - [2026-06-07T10:17:03.850+0000] {dagbag.py:588} INFO - Filling up the DagBag from /home/airflow/.local/lib/python3.12/site-packages/airflow/example_dags/example_setup_teardown.py
[2026-06-07T10:17:03.871+0000] {processor.py:925} INFO - DAG(s) 'example_setup_teardown' retrieved from /home/airflow/.local/lib/python3.12/site-packages/airflow/example_dags/example_setup_teardown.py
[2026-06-07T10:17:04.097+0000] {logging_mixin.py:190} INFO - [2026-06-07T10:17:04.096+0000] {override.py:1932} INFO - Created Permission View: can delete on DAG:example_setup_teardown
[2026-06-07T10:17:04.117+0000] {logging_mixin.py:190} INFO - [2026-06-07T10:17:04.116+0000] {override.py:1932} INFO - Created Permission View: can edit on DAG:example_setup_teardown
[2026-06-07T10:17:04.135+0000] {logging_mixin.py:190} INFO - [2026-06-07T10:17:04.134+0000] {override.py:1932} INFO - Created Permission View: can read on DAG:example_setup_teardown
[2026-06-07T10:17:04.150+0000] {logging_mixin.py:190} INFO - [2026-06-07T10:17:04.150+0000] {override.py:1932} INFO - Created Permission View: menu access on DAG Run:example_setup_teardown
[2026-06-07T10:17:04.165+0000] {logging_mixin.py:190} INFO - [2026-06-07T10:17:04.165+0000] {override.py:1932} INFO - Created Permission View: can delete on DAG Run:example_setup_teardown
[2026-06-07T10:17:04.182+0000] {logging_mixin.py:190} INFO - [2026-06-07T10:17:04.182+0000] {override.py:1932} INFO - Created Permission View: can create on DAG Run:example_setup_teardown
[2026-06-07T10:17:04.196+0000] {logging_mixin.py:190} INFO - [2026-06-07T10:17:04.196+0000] {override.py:1932} INFO - Created Permission View: can read on DAG Run:example_setup_teardown
[2026-06-07T10:17:04.197+0000] {logging_mixin.py:190} INFO - [2026-06-07T10:17:04.197+0000] {dag.py:3239} INFO - Sync 1 DAGs
[2026-06-07T10:17:04.220+0000] {logging_mixin.py:190} INFO - [2026-06-07T10:17:04.219+0000] {dag.py:3262} INFO - Creating ORM DAG for example_setup_teardown
[2026-06-07T10:17:04.221+0000] {logging_mixin.py:190} INFO - [2026-06-07T10:17:04.221+0000] {dag.py:4180} INFO - Setting next_dagrun for example_setup_teardown to None, run_after=None
[2026-06-07T10:17:04.254+0000] {processor.py:208} INFO - Processing /home/airflow/.local/lib/python3.12/site-packages/airflow/example_dags/example_setup_teardown.py took 0.426 seconds
[2026-06-07T10:18:11.396+0000] {processor.py:186} INFO - Started process (PID=162) to work on /home/airflow/.local/lib/python3.12/site-packages/airflow/example_dags/example_setup_teardown.py
[2026-06-07T10:18:11.399+0000] {processor.py:914} INFO - Processing file /home/airflow/.local/lib/python3.12/site-packages/airflow/example_dags/example_setup_teardown.py for tasks to queue
[2026-06-07T10:18:11.406+0000] {logging_mixin.py:190} INFO - [2026-06-07T10:18:11.404+0000] {dagbag.py:588} INFO - Filling up the DagBag from /home/airflow/.local/lib/python3.12/site-packages/airflow/example_dags/example_setup_teardown.py
[2026-06-07T10:18:11.432+0000] {processor.py:925} INFO - DAG(s) 'example_setup_teardown' retrieved from /home/airflow/.local/lib/python3.12/site-packages/airflow/example_dags/example_setup_teardown.py
[2026-06-07T10:18:11.503+0000] {logging_mixin.py:190} INFO - [2026-06-07T10:18:11.503+0000] {dag.py:3239} INFO - Sync 1 DAGs
[2026-06-07T10:18:11.538+0000] {logging_mixin.py:190} INFO - [2026-06-07T10:18:11.538+0000] {dag.py:4180} INFO - Setting next_dagrun for example_setup_teardown to None, run_after=None
[2026-06-07T10:18:11.592+0000] {processor.py:208} INFO - Processing /home/airflow/.local/lib/python3.12/site-packages/airflow/example_dags/example_setup_teardown.py took 0.209 seconds
[2026-06-07T10:18:59.702+0000] {processor.py:186} INFO - Started process (PID=231) to work on /home/airflow/.local/lib/python3.12/site-packages/airflow/example_dags/example_setup_teardown.py
[2026-06-07T10:18:59.705+0000] {processor.py:914} INFO - Processing file /home/airflow/.local/lib/python3.12/site-packages/airflow/example_dags/example_setup_teardown.py for tasks to queue
[2026-06-07T10:18:59.719+0000] {logging_mixin.py:190} INFO - [2026-06-07T10:18:59.718+0000] {dagbag.py:588} INFO - Filling up the DagBag from /home/airflow/.local/lib/python3.12/site-packages/airflow/example_dags/example_setup_teardown.py
[2026-06-07T10:18:59.776+0000] {processor.py:925} INFO - DAG(s) 'example_setup_teardown' retrieved from /home/airflow/.local/lib/python3.12/site-packages/airflow/example_dags/example_setup_teardown.py
[2026-06-07T10:18:59.871+0000] {logging_mixin.py:190} INFO - [2026-06-07T10:18:59.871+0000] {dag.py:3239} INFO - Sync 1 DAGs
[2026-06-07T10:18:59.923+0000] {logging_mixin.py:190} INFO - [2026-06-07T10:18:59.922+0000] {dag.py:4180} INFO - Setting next_dagrun for example_setup_teardown to None, run_after=None
[2026-06-07T10:18:59.994+0000] {processor.py:208} INFO - Processing /home/airflow/.local/lib/python3.12/site-packages/airflow/example_dags/example_setup_teardown.py took 0.308 seconds
[2026-06-07T10:19:37.177+0000] {processor.py:186} INFO - Started process (PID=280) to work on /home/airflow/.local/lib/python3.12/site-packages/airflow/example_dags/example_setup_teardown.py
[2026-06-07T10:19:37.180+0000] {processor.py:914} INFO - Processing file /home/airflow/.local/lib/python3.12/site-packages/airflow/example_dags/example_setup_teardown.py for tasks to queue
[2026-06-07T10:19:37.189+0000] {logging_mixin.py:190} INFO - [2026-06-07T10:19:37.188+0000] {dagbag.py:588} INFO - Filling up the DagBag from /home/airflow/.local/lib/python3.12/site-packages/airflow/example_dags/example_setup_teardown.py
[2026-06-07T10:19:37.220+0000] {processor.py:925} INFO - DAG(s) 'example_setup_teardown' retrieved from /home/airflow/.local/lib/python3.12/site-packages/airflow/example_dags/example_setup_teardown.py
[2026-06-07T10:19:37.325+0000] {logging_mixin.py:190} INFO - [2026-06-07T10:19:37.324+0000] {dag.py:3239} INFO - Sync 1 DAGs
[2026-06-07T10:19:37.374+0000] {logging_mixin.py:190} INFO - [2026-06-07T10:19:37.374+0000] {dag.py:4180} INFO - Setting next_dagrun for example_setup_teardown to None, run_after=None
[2026-06-07T10:19:37.448+0000] {processor.py:208} INFO - Processing /home/airflow/.local/lib/python3.12/site-packages/airflow/example_dags/example_setup_teardown.py took 0.289 seconds
[2026-06-07T10:20:16.991+0000] {processor.py:186} INFO - Started process (PID=347) to work on /home/airflow/.local/lib/python3.12/site-packages/airflow/example_dags/example_setup_teardown.py
[2026-06-07T10:20:17.001+0000] {processor.py:914} INFO - Processing file /home/airflow/.local/lib/python3.12/site-packages/airflow/example_dags/example_setup_teardown.py for tasks to queue
[2026-06-07T10:20:17.017+0000] {logging_mixin.py:190} INFO - [2026-06-07T10:20:17.015+0000] {dagbag.py:588} INFO - Filling up the DagBag from /home/airflow/.local/lib/python3.12/site-packages/airflow/example_dags/example_setup_teardown.py
[2026-06-07T10:20:17.066+0000] {processor.py:925} INFO - DAG(s) 'example_setup_teardown' retrieved from /home/airflow/.local/lib/python3.12/site-packages/airflow/example_dags/example_setup_teardown.py
[2026-06-07T10:20:17.176+0000] {logging_mixin.py:190} INFO - [2026-06-07T10:20:17.175+0000] {dag.py:3239} INFO - Sync 1 DAGs
[2026-06-07T10:20:17.310+0000] {logging_mixin.py:190} INFO - [2026-06-07T10:20:17.309+0000] {dag.py:4180} INFO - Setting next_dagrun for example_setup_teardown to None, run_after=None
[2026-06-07T10:20:17.421+0000] {processor.py:208} INFO - Processing /home/airflow/.local/lib/python3.12/site-packages/airflow/example_dags/example_setup_teardown.py took 0.461 seconds
[2026-06-07T10:21:14.521+0000] {processor.py:186} INFO - Started process (PID=416) to work on /home/airflow/.local/lib/python3.12/site-packages/airflow/example_dags/example_setup_teardown.py
[2026-06-07T10:21:14.523+0000] {processor.py:914} INFO - Processing file /home/airflow/.local/lib/python3.12/site-packages/airflow/example_dags/example_setup_teardown.py for tasks to queue
[2026-06-07T10:21:14.530+0000] {logging_mixin.py:190} INFO - [2026-06-07T10:21:14.529+0000] {dagbag.py:588} INFO - Filling up the DagBag from /home/airflow/.local/lib/python3.12/site-packages/airflow/example_dags/example_setup_teardown.py
[2026-06-07T10:21:14.558+0000] {processor.py:925} INFO - DAG(s) 'example_setup_teardown' retrieved from /home/airflow/.local/lib/python3.12/site-packages/airflow/example_dags/example_setup_teardown.py
[2026-06-07T10:21:14.626+0000] {logging_mixin.py:190} INFO - [2026-06-07T10:21:14.625+0000] {dag.py:3239} INFO - Sync 1 DAGs
[2026-06-07T10:21:14.670+0000] {logging_mixin.py:190} INFO - [2026-06-07T10:21:14.670+0000] {dag.py:4180} INFO - Setting next_dagrun for example_setup_teardown to None, run_after=None
[2026-06-07T10:21:14.724+0000] {processor.py:208} INFO - Processing /home/airflow/.local/lib/python3.12/site-packages/airflow/example_dags/example_setup_teardown.py took 0.218 seconds
[2026-06-07T10:22:20.398+0000] {processor.py:186} INFO - Started process (PID=488) to work on /home/airflow/.local/lib/python3.12/site-packages/airflow/example_dags/example_setup_teardown.py
[2026-06-07T10:22:20.402+0000] {processor.py:914} INFO - Processing file /home/airflow/.local/lib/python3.12/site-packages/airflow/example_dags/example_setup_teardown.py for tasks to queue
[2026-06-07T10:22:20.409+0000] {logging_mixin.py:190} INFO - [2026-06-07T10:22:20.408+0000] {dagbag.py:588} INFO - Filling up the DagBag from /home/airflow/.local/lib/python3.12/site-packages/airflow/example_dags/example_setup_teardown.py
[2026-06-07T10:22:20.428+0000] {processor.py:925} INFO - DAG(s) 'example_setup_teardown' retrieved from /home/airflow/.local/lib/python3.12/site-packages/airflow/example_dags/example_setup_teardown.py
[2026-06-07T10:22:20.509+0000] {logging_mixin.py:190} INFO - [2026-06-07T10:22:20.508+0000] {dag.py:3239} INFO - Sync 1 DAGs
[2026-06-07T10:22:20.556+0000] {logging_mixin.py:190} INFO - [2026-06-07T10:22:20.556+0000] {dag.py:4180} INFO - Setting next_dagrun for example_setup_teardown to None, run_after=None
[2026-06-07T10:22:20.617+0000] {processor.py:208} INFO - Processing /home/airflow/.local/lib/python3.12/site-packages/airflow/example_dags/example_setup_teardown.py took 0.231 seconds
[2026-06-07T10:23:02.183+0000] {processor.py:186} INFO - Started process (PID=548) to work on /home/airflow/.local/lib/python3.12/site-packages/airflow/example_dags/example_setup_teardown.py
[2026-06-07T10:23:02.185+0000] {processor.py:914} INFO - Processing file /home/airflow/.local/lib/python3.12/site-packages/airflow/example_dags/example_setup_teardown.py for tasks to queue
[2026-06-07T10:23:02.191+0000] {logging_mixin.py:190} INFO - [2026-06-07T10:23:02.190+0000] {dagbag.py:588} INFO - Filling up the DagBag from /home/airflow/.local/lib/python3.12/site-packages/airflow/example_dags/example_setup_teardown.py
[2026-06-07T10:23:02.212+0000] {processor.py:925} INFO - DAG(s) 'example_setup_teardown' retrieved from /home/airflow/.local/lib/python3.12/site-packages/airflow/example_dags/example_setup_teardown.py
[2026-06-07T10:23:02.265+0000] {logging_mixin.py:190} INFO - [2026-06-07T10:23:02.265+0000] {dag.py:3239} INFO - Sync 1 DAGs
[2026-06-07T10:23:02.305+0000] {logging_mixin.py:190} INFO - [2026-06-07T10:23:02.304+0000] {dag.py:4180} INFO - Setting next_dagrun for example_setup_teardown to None, run_after=None
[2026-06-07T10:23:02.346+0000] {processor.py:208} INFO - Processing /home/airflow/.local/lib/python3.12/site-packages/airflow/example_dags/example_setup_teardown.py took 0.181 seconds
[2026-06-07T10:23:59.148+0000] {processor.py:186} INFO - Started process (PID=616) to work on /home/airflow/.local/lib/python3.12/site-packages/airflow/example_dags/example_setup_teardown.py
[2026-06-07T10:23:59.151+0000] {processor.py:914} INFO - Processing file /home/airflow/.local/lib/python3.12/site-packages/airflow/example_dags/example_setup_teardown.py for tasks to queue
[2026-06-07T10:23:59.164+0000] {logging_mixin.py:190} INFO - [2026-06-07T10:23:59.163+0000] {dagbag.py:588} INFO - Filling up the DagBag from /home/airflow/.local/lib/python3.12/site-packages/airflow/example_dags/example_setup_teardown.py
[2026-06-07T10:23:59.203+0000] {processor.py:925} INFO - DAG(s) 'example_setup_teardown' retrieved from /home/airflow/.local/lib/python3.12/site-packages/airflow/example_dags/example_setup_teardown.py
[2026-06-07T10:23:59.347+0000] {logging_mixin.py:190} INFO - [2026-06-07T10:23:59.346+0000] {dag.py:3239} INFO - Sync 1 DAGs
[2026-06-07T10:23:59.410+0000] {logging_mixin.py:190} INFO - [2026-06-07T10:23:59.409+0000] {dag.py:4180} INFO - Setting next_dagrun for example_setup_teardown to None, run_after=None
[2026-06-07T10:23:59.549+0000] {processor.py:208} INFO - Processing /home/airflow/.local/lib/python3.12/site-packages/airflow/example_dags/example_setup_teardown.py took 0.419 seconds
[2026-06-07T10:24:47.862+0000] {processor.py:186} INFO - Started process (PID=676) to work on /home/airflow/.local/lib/python3.12/site-packages/airflow/example_dags/example_setup_teardown.py
[2026-06-07T10:24:47.866+0000] {processor.py:914} INFO - Processing file /home/airflow/.local/lib/python3.12/site-packages/airflow/example_dags/example_setup_teardown.py for tasks to queue
[2026-06-07T10:24:47.888+0000] {logging_mixin.py:190} INFO - [2026-06-07T10:24:47.883+0000] {dagbag.py:588} INFO - Filling up the DagBag from /home/airflow/.local/lib/python3.12/site-packages/airflow/example_dags/example_setup_teardown.py
[2026-06-07T10:24:48.028+0000] {processor.py:925} INFO - DAG(s) 'example_setup_teardown' retrieved from /home/airflow/.local/lib/python3.12/site-packages/airflow/example_dags/example_setup_teardown.py
[2026-06-07T10:24:48.253+0000] {logging_mixin.py:190} INFO - [2026-06-07T10:24:48.246+0000] {dag.py:3239} INFO - Sync 1 DAGs
[2026-06-07T10:24:48.340+0000] {logging_mixin.py:190} INFO - [2026-06-07T10:24:48.339+0000] {dag.py:4180} INFO - Setting next_dagrun for example_setup_teardown to None, run_after=None
[2026-06-07T10:24:48.481+0000] {processor.py:208} INFO - Processing /home/airflow/.local/lib/python3.12/site-packages/airflow/example_dags/example_setup_teardown.py took 0.660 seconds
[2026-06-07T10:25:27.814+0000] {processor.py:186} INFO - Started process (PID=727) to work on /home/airflow/.local/lib/python3.12/site-packages/airflow/example_dags/example_setup_teardown.py
[2026-06-07T10:25:27.817+0000] {processor.py:914} INFO - Processing file /home/airflow/.local/lib/python3.12/site-packages/airflow/example_dags/example_setup_teardown.py for tasks to queue
[2026-06-07T10:25:27.826+0000] {logging_mixin.py:190} INFO - [2026-06-07T10:25:27.824+0000] {dagbag.py:588} INFO - Filling up the DagBag from /home/airflow/.local/lib/python3.12/site-packages/airflow/example_dags/example_setup_teardown.py
[2026-06-07T10:25:27.859+0000] {processor.py:925} INFO - DAG(s) 'example_setup_teardown' retrieved from /home/airflow/.local/lib/python3.12/site-packages/airflow/example_dags/example_setup_teardown.py
[2026-06-07T10:25:27.975+0000] {logging_mixin.py:190} INFO - [2026-06-07T10:25:27.975+0000] {dag.py:3239} INFO - Sync 1 DAGs
[2026-06-07T10:25:28.021+0000] {logging_mixin.py:190} INFO - [2026-06-07T10:25:28.021+0000] {dag.py:4180} INFO - Setting next_dagrun for example_setup_teardown to None, run_after=None
[2026-06-07T10:25:28.107+0000] {processor.py:208} INFO - Processing /home/airflow/.local/lib/python3.12/site-packages/airflow/example_dags/example_setup_teardown.py took 0.309 seconds
[2026-06-07T10:26:26.071+0000] {processor.py:186} INFO - Started process (PID=795) to work on /home/airflow/.local/lib/python3.12/site-packages/airflow/example_dags/example_setup_teardown.py
[2026-06-07T10:26:26.079+0000] {processor.py:914} INFO - Processing file /home/airflow/.local/lib/python3.12/site-packages/airflow/example_dags/example_setup_teardown.py for tasks to queue
[2026-06-07T10:26:26.086+0000] {logging_mixin.py:190} INFO - [2026-06-07T10:26:26.085+0000] {dagbag.py:588} INFO - Filling up the DagBag from /home/airflow/.local/lib/python3.12/site-packages/airflow/example_dags/example_setup_teardown.py
[2026-06-07T10:26:26.124+0000] {processor.py:925} INFO - DAG(s) 'example_setup_teardown' retrieved from /home/airflow/.local/lib/python3.12/site-packages/airflow/example_dags/example_setup_teardown.py
[2026-06-07T10:26:26.220+0000] {logging_mixin.py:190} INFO - [2026-06-07T10:26:26.219+0000] {dag.py:3239} INFO - Sync 1 DAGs
[2026-06-07T10:26:26.282+0000] {logging_mixin.py:190} INFO - [2026-06-07T10:26:26.281+0000] {dag.py:4180} INFO - Setting next_dagrun for example_setup_teardown to None, run_after=None
[2026-06-07T10:26:26.345+0000] {processor.py:208} INFO - Processing /home/airflow/.local/lib/python3.12/site-packages/airflow/example_dags/example_setup_teardown.py took 0.289 seconds
