[2026-06-07T08:16:31.940+0000] {processor.py:186} INFO - Started process (PID=117) to work on /home/airflow/.local/lib/python3.12/site-packages/airflow/example_dags/example_branch_python_dop_operator_3.py
[2026-06-07T08:16:31.942+0000] {processor.py:914} INFO - Processing file /home/airflow/.local/lib/python3.12/site-packages/airflow/example_dags/example_branch_python_dop_operator_3.py for tasks to queue
[2026-06-07T08:16:31.948+0000] {logging_mixin.py:190} INFO - [2026-06-07T08:16:31.947+0000] {dagbag.py:588} INFO - Filling up the DagBag from /home/airflow/.local/lib/python3.12/site-packages/airflow/example_dags/example_branch_python_dop_operator_3.py
[2026-06-07T08:16:31.973+0000] {processor.py:925} INFO - DAG(s) 'example_branch_dop_operator_v3' retrieved from /home/airflow/.local/lib/python3.12/site-packages/airflow/example_dags/example_branch_python_dop_operator_3.py
[2026-06-07T08:16:32.027+0000] {logging_mixin.py:190} INFO - [2026-06-07T08:16:32.027+0000] {dag.py:3239} INFO - Sync 1 DAGs
[2026-06-07T08:16:32.086+0000] {logging_mixin.py:190} INFO - [2026-06-07T08:16:32.085+0000] {dag.py:4180} INFO - Setting next_dagrun for example_branch_dop_operator_v3 to 2026-06-07 08:15:00+00:00, run_after=2026-06-07 08:16:00+00:00
[2026-06-07T08:16:32.143+0000] {processor.py:208} INFO - Processing /home/airflow/.local/lib/python3.12/site-packages/airflow/example_dags/example_branch_python_dop_operator_3.py took 0.215 seconds
[2026-06-07T08:17:21.315+0000] {processor.py:186} INFO - Started process (PID=184) to work on /home/airflow/.local/lib/python3.12/site-packages/airflow/example_dags/example_branch_python_dop_operator_3.py
[2026-06-07T08:17:21.318+0000] {processor.py:914} INFO - Processing file /home/airflow/.local/lib/python3.12/site-packages/airflow/example_dags/example_branch_python_dop_operator_3.py for tasks to queue
[2026-06-07T08:17:21.324+0000] {logging_mixin.py:190} INFO - [2026-06-07T08:17:21.323+0000] {dagbag.py:588} INFO - Filling up the DagBag from /home/airflow/.local/lib/python3.12/site-packages/airflow/example_dags/example_branch_python_dop_operator_3.py
[2026-06-07T08:17:21.343+0000] {processor.py:925} INFO - DAG(s) 'example_branch_dop_operator_v3' retrieved from /home/airflow/.local/lib/python3.12/site-packages/airflow/example_dags/example_branch_python_dop_operator_3.py
[2026-06-07T08:17:21.391+0000] {logging_mixin.py:190} INFO - [2026-06-07T08:17:21.390+0000] {dag.py:3239} INFO - Sync 1 DAGs
[2026-06-07T08:17:21.441+0000] {logging_mixin.py:190} INFO - [2026-06-07T08:17:21.440+0000] {dag.py:4180} INFO - Setting next_dagrun for example_branch_dop_operator_v3 to 2026-06-07 08:16:00+00:00, run_after=2026-06-07 08:17:00+00:00
[2026-06-07T08:17:21.480+0000] {processor.py:208} INFO - Processing /home/airflow/.local/lib/python3.12/site-packages/airflow/example_dags/example_branch_python_dop_operator_3.py took 0.175 seconds
[2026-06-07T08:18:03.450+0000] {processor.py:186} INFO - Started process (PID=248) to work on /home/airflow/.local/lib/python3.12/site-packages/airflow/example_dags/example_branch_python_dop_operator_3.py
[2026-06-07T08:18:03.451+0000] {processor.py:914} INFO - Processing file /home/airflow/.local/lib/python3.12/site-packages/airflow/example_dags/example_branch_python_dop_operator_3.py for tasks to queue
[2026-06-07T08:18:03.456+0000] {logging_mixin.py:190} INFO - [2026-06-07T08:18:03.455+0000] {dagbag.py:588} INFO - Filling up the DagBag from /home/airflow/.local/lib/python3.12/site-packages/airflow/example_dags/example_branch_python_dop_operator_3.py
[2026-06-07T08:18:03.473+0000] {processor.py:925} INFO - DAG(s) 'example_branch_dop_operator_v3' retrieved from /home/airflow/.local/lib/python3.12/site-packages/airflow/example_dags/example_branch_python_dop_operator_3.py
[2026-06-07T08:18:03.514+0000] {logging_mixin.py:190} INFO - [2026-06-07T08:18:03.514+0000] {dag.py:3239} INFO - Sync 1 DAGs
[2026-06-07T08:18:03.559+0000] {logging_mixin.py:190} INFO - [2026-06-07T08:18:03.558+0000] {dag.py:4180} INFO - Setting next_dagrun for example_branch_dop_operator_v3 to 2026-06-07 08:17:00+00:00, run_after=2026-06-07 08:18:00+00:00
[2026-06-07T08:18:03.587+0000] {processor.py:208} INFO - Processing /home/airflow/.local/lib/python3.12/site-packages/airflow/example_dags/example_branch_python_dop_operator_3.py took 0.147 seconds
[2026-06-07T08:18:37.776+0000] {processor.py:186} INFO - Started process (PID=311) to work on /home/airflow/.local/lib/python3.12/site-packages/airflow/example_dags/example_branch_python_dop_operator_3.py
[2026-06-07T08:18:37.781+0000] {processor.py:914} INFO - Processing file /home/airflow/.local/lib/python3.12/site-packages/airflow/example_dags/example_branch_python_dop_operator_3.py for tasks to queue
[2026-06-07T08:18:37.797+0000] {logging_mixin.py:190} INFO - [2026-06-07T08:18:37.796+0000] {dagbag.py:588} INFO - Filling up the DagBag from /home/airflow/.local/lib/python3.12/site-packages/airflow/example_dags/example_branch_python_dop_operator_3.py
[2026-06-07T08:18:37.832+0000] {processor.py:925} INFO - DAG(s) 'example_branch_dop_operator_v3' retrieved from /home/airflow/.local/lib/python3.12/site-packages/airflow/example_dags/example_branch_python_dop_operator_3.py
[2026-06-07T08:18:37.885+0000] {logging_mixin.py:190} INFO - [2026-06-07T08:18:37.884+0000] {dag.py:3239} INFO - Sync 1 DAGs
[2026-06-07T08:18:37.934+0000] {logging_mixin.py:190} INFO - [2026-06-07T08:18:37.934+0000] {dag.py:4180} INFO - Setting next_dagrun for example_branch_dop_operator_v3 to 2026-06-07 08:17:00+00:00, run_after=2026-06-07 08:18:00+00:00
[2026-06-07T08:18:37.970+0000] {processor.py:208} INFO - Processing /home/airflow/.local/lib/python3.12/site-packages/airflow/example_dags/example_branch_python_dop_operator_3.py took 0.210 seconds
[2026-06-07T08:19:18.761+0000] {processor.py:186} INFO - Started process (PID=379) to work on /home/airflow/.local/lib/python3.12/site-packages/airflow/example_dags/example_branch_python_dop_operator_3.py
[2026-06-07T08:19:18.763+0000] {processor.py:914} INFO - Processing file /home/airflow/.local/lib/python3.12/site-packages/airflow/example_dags/example_branch_python_dop_operator_3.py for tasks to queue
[2026-06-07T08:19:18.768+0000] {logging_mixin.py:190} INFO - [2026-06-07T08:19:18.768+0000] {dagbag.py:588} INFO - Filling up the DagBag from /home/airflow/.local/lib/python3.12/site-packages/airflow/example_dags/example_branch_python_dop_operator_3.py
[2026-06-07T08:19:18.789+0000] {processor.py:925} INFO - DAG(s) 'example_branch_dop_operator_v3' retrieved from /home/airflow/.local/lib/python3.12/site-packages/airflow/example_dags/example_branch_python_dop_operator_3.py
[2026-06-07T08:19:18.848+0000] {logging_mixin.py:190} INFO - [2026-06-07T08:19:18.848+0000] {dag.py:3239} INFO - Sync 1 DAGs
[2026-06-07T08:19:18.936+0000] {logging_mixin.py:190} INFO - [2026-06-07T08:19:18.935+0000] {dag.py:4180} INFO - Setting next_dagrun for example_branch_dop_operator_v3 to 2026-06-07 08:18:00+00:00, run_after=2026-06-07 08:19:00+00:00
[2026-06-07T08:19:19.000+0000] {processor.py:208} INFO - Processing /home/airflow/.local/lib/python3.12/site-packages/airflow/example_dags/example_branch_python_dop_operator_3.py took 0.249 seconds
[2026-06-07T08:19:56.373+0000] {processor.py:186} INFO - Started process (PID=441) to work on /home/airflow/.local/lib/python3.12/site-packages/airflow/example_dags/example_branch_python_dop_operator_3.py
[2026-06-07T08:19:56.375+0000] {processor.py:914} INFO - Processing file /home/airflow/.local/lib/python3.12/site-packages/airflow/example_dags/example_branch_python_dop_operator_3.py for tasks to queue
[2026-06-07T08:19:56.381+0000] {logging_mixin.py:190} INFO - [2026-06-07T08:19:56.379+0000] {dagbag.py:588} INFO - Filling up the DagBag from /home/airflow/.local/lib/python3.12/site-packages/airflow/example_dags/example_branch_python_dop_operator_3.py
[2026-06-07T08:19:56.408+0000] {processor.py:925} INFO - DAG(s) 'example_branch_dop_operator_v3' retrieved from /home/airflow/.local/lib/python3.12/site-packages/airflow/example_dags/example_branch_python_dop_operator_3.py
[2026-06-07T08:19:56.472+0000] {logging_mixin.py:190} INFO - [2026-06-07T08:19:56.471+0000] {dag.py:3239} INFO - Sync 1 DAGs
[2026-06-07T08:19:56.557+0000] {logging_mixin.py:190} INFO - [2026-06-07T08:19:56.557+0000] {dag.py:4180} INFO - Setting next_dagrun for example_branch_dop_operator_v3 to 2026-06-07 08:18:00+00:00, run_after=2026-06-07 08:19:00+00:00
[2026-06-07T08:19:56.604+0000] {processor.py:208} INFO - Processing /home/airflow/.local/lib/python3.12/site-packages/airflow/example_dags/example_branch_python_dop_operator_3.py took 0.242 seconds
[2026-06-07T08:20:28.117+0000] {processor.py:186} INFO - Started process (PID=501) to work on /home/airflow/.local/lib/python3.12/site-packages/airflow/example_dags/example_branch_python_dop_operator_3.py
[2026-06-07T08:20:28.119+0000] {processor.py:914} INFO - Processing file /home/airflow/.local/lib/python3.12/site-packages/airflow/example_dags/example_branch_python_dop_operator_3.py for tasks to queue
[2026-06-07T08:20:28.124+0000] {logging_mixin.py:190} INFO - [2026-06-07T08:20:28.123+0000] {dagbag.py:588} INFO - Filling up the DagBag from /home/airflow/.local/lib/python3.12/site-packages/airflow/example_dags/example_branch_python_dop_operator_3.py
[2026-06-07T08:20:28.140+0000] {processor.py:925} INFO - DAG(s) 'example_branch_dop_operator_v3' retrieved from /home/airflow/.local/lib/python3.12/site-packages/airflow/example_dags/example_branch_python_dop_operator_3.py
[2026-06-07T08:20:28.182+0000] {logging_mixin.py:190} INFO - [2026-06-07T08:20:28.182+0000] {dag.py:3239} INFO - Sync 1 DAGs
[2026-06-07T08:20:28.235+0000] {logging_mixin.py:190} INFO - [2026-06-07T08:20:28.235+0000] {dag.py:4180} INFO - Setting next_dagrun for example_branch_dop_operator_v3 to 2026-06-07 08:19:00+00:00, run_after=2026-06-07 08:20:00+00:00
[2026-06-07T08:20:28.289+0000] {processor.py:208} INFO - Processing /home/airflow/.local/lib/python3.12/site-packages/airflow/example_dags/example_branch_python_dop_operator_3.py took 0.182 seconds
[2026-06-07T08:21:01.876+0000] {processor.py:186} INFO - Started process (PID=564) to work on /home/airflow/.local/lib/python3.12/site-packages/airflow/example_dags/example_branch_python_dop_operator_3.py
[2026-06-07T08:21:01.878+0000] {processor.py:914} INFO - Processing file /home/airflow/.local/lib/python3.12/site-packages/airflow/example_dags/example_branch_python_dop_operator_3.py for tasks to queue
[2026-06-07T08:21:01.882+0000] {logging_mixin.py:190} INFO - [2026-06-07T08:21:01.882+0000] {dagbag.py:588} INFO - Filling up the DagBag from /home/airflow/.local/lib/python3.12/site-packages/airflow/example_dags/example_branch_python_dop_operator_3.py
[2026-06-07T08:21:01.909+0000] {processor.py:925} INFO - DAG(s) 'example_branch_dop_operator_v3' retrieved from /home/airflow/.local/lib/python3.12/site-packages/airflow/example_dags/example_branch_python_dop_operator_3.py
[2026-06-07T08:21:01.958+0000] {logging_mixin.py:190} INFO - [2026-06-07T08:21:01.957+0000] {dag.py:3239} INFO - Sync 1 DAGs
[2026-06-07T08:21:02.004+0000] {logging_mixin.py:190} INFO - [2026-06-07T08:21:02.003+0000] {dag.py:4180} INFO - Setting next_dagrun for example_branch_dop_operator_v3 to 2026-06-07 08:20:00+00:00, run_after=2026-06-07 08:21:00+00:00
[2026-06-07T08:21:02.036+0000] {processor.py:208} INFO - Processing /home/airflow/.local/lib/python3.12/site-packages/airflow/example_dags/example_branch_python_dop_operator_3.py took 0.170 seconds
[2026-06-07T08:21:33.082+0000] {processor.py:186} INFO - Started process (PID=626) to work on /home/airflow/.local/lib/python3.12/site-packages/airflow/example_dags/example_branch_python_dop_operator_3.py
[2026-06-07T08:21:33.084+0000] {processor.py:914} INFO - Processing file /home/airflow/.local/lib/python3.12/site-packages/airflow/example_dags/example_branch_python_dop_operator_3.py for tasks to queue
[2026-06-07T08:21:33.090+0000] {logging_mixin.py:190} INFO - [2026-06-07T08:21:33.089+0000] {dagbag.py:588} INFO - Filling up the DagBag from /home/airflow/.local/lib/python3.12/site-packages/airflow/example_dags/example_branch_python_dop_operator_3.py
[2026-06-07T08:21:33.114+0000] {processor.py:925} INFO - DAG(s) 'example_branch_dop_operator_v3' retrieved from /home/airflow/.local/lib/python3.12/site-packages/airflow/example_dags/example_branch_python_dop_operator_3.py
[2026-06-07T08:21:33.189+0000] {logging_mixin.py:190} INFO - [2026-06-07T08:21:33.188+0000] {dag.py:3239} INFO - Sync 1 DAGs
[2026-06-07T08:21:33.253+0000] {logging_mixin.py:190} INFO - [2026-06-07T08:21:33.252+0000] {dag.py:4180} INFO - Setting next_dagrun for example_branch_dop_operator_v3 to 2026-06-07 08:20:00+00:00, run_after=2026-06-07 08:21:00+00:00
[2026-06-07T08:21:33.292+0000] {processor.py:208} INFO - Processing /home/airflow/.local/lib/python3.12/site-packages/airflow/example_dags/example_branch_python_dop_operator_3.py took 0.223 seconds
[2026-06-07T08:22:09.693+0000] {processor.py:186} INFO - Started process (PID=688) to work on /home/airflow/.local/lib/python3.12/site-packages/airflow/example_dags/example_branch_python_dop_operator_3.py
[2026-06-07T08:22:09.696+0000] {processor.py:914} INFO - Processing file /home/airflow/.local/lib/python3.12/site-packages/airflow/example_dags/example_branch_python_dop_operator_3.py for tasks to queue
[2026-06-07T08:22:09.705+0000] {logging_mixin.py:190} INFO - [2026-06-07T08:22:09.703+0000] {dagbag.py:588} INFO - Filling up the DagBag from /home/airflow/.local/lib/python3.12/site-packages/airflow/example_dags/example_branch_python_dop_operator_3.py
[2026-06-07T08:22:09.741+0000] {processor.py:925} INFO - DAG(s) 'example_branch_dop_operator_v3' retrieved from /home/airflow/.local/lib/python3.12/site-packages/airflow/example_dags/example_branch_python_dop_operator_3.py
[2026-06-07T08:22:09.813+0000] {logging_mixin.py:190} INFO - [2026-06-07T08:22:09.812+0000] {dag.py:3239} INFO - Sync 1 DAGs
[2026-06-07T08:22:09.884+0000] {logging_mixin.py:190} INFO - [2026-06-07T08:22:09.884+0000] {dag.py:4180} INFO - Setting next_dagrun for example_branch_dop_operator_v3 to 2026-06-07 08:21:00+00:00, run_after=2026-06-07 08:22:00+00:00
[2026-06-07T08:22:09.964+0000] {processor.py:208} INFO - Processing /home/airflow/.local/lib/python3.12/site-packages/airflow/example_dags/example_branch_python_dop_operator_3.py took 0.287 seconds
[2026-06-07T08:22:45.067+0000] {processor.py:186} INFO - Started process (PID=756) to work on /home/airflow/.local/lib/python3.12/site-packages/airflow/example_dags/example_branch_python_dop_operator_3.py
[2026-06-07T08:22:45.069+0000] {processor.py:914} INFO - Processing file /home/airflow/.local/lib/python3.12/site-packages/airflow/example_dags/example_branch_python_dop_operator_3.py for tasks to queue
[2026-06-07T08:22:45.074+0000] {logging_mixin.py:190} INFO - [2026-06-07T08:22:45.074+0000] {dagbag.py:588} INFO - Filling up the DagBag from /home/airflow/.local/lib/python3.12/site-packages/airflow/example_dags/example_branch_python_dop_operator_3.py
[2026-06-07T08:22:45.093+0000] {processor.py:925} INFO - DAG(s) 'example_branch_dop_operator_v3' retrieved from /home/airflow/.local/lib/python3.12/site-packages/airflow/example_dags/example_branch_python_dop_operator_3.py
[2026-06-07T08:22:45.139+0000] {logging_mixin.py:190} INFO - [2026-06-07T08:22:45.139+0000] {dag.py:3239} INFO - Sync 1 DAGs
[2026-06-07T08:22:45.189+0000] {logging_mixin.py:190} INFO - [2026-06-07T08:22:45.188+0000] {dag.py:4180} INFO - Setting next_dagrun for example_branch_dop_operator_v3 to 2026-06-07 08:21:00+00:00, run_after=2026-06-07 08:22:00+00:00
[2026-06-07T08:22:45.231+0000] {processor.py:208} INFO - Processing /home/airflow/.local/lib/python3.12/site-packages/airflow/example_dags/example_branch_python_dop_operator_3.py took 0.175 seconds
[2026-06-07T08:23:23.297+0000] {processor.py:186} INFO - Started process (PID=825) to work on /home/airflow/.local/lib/python3.12/site-packages/airflow/example_dags/example_branch_python_dop_operator_3.py
[2026-06-07T08:23:23.299+0000] {processor.py:914} INFO - Processing file /home/airflow/.local/lib/python3.12/site-packages/airflow/example_dags/example_branch_python_dop_operator_3.py for tasks to queue
[2026-06-07T08:23:23.304+0000] {logging_mixin.py:190} INFO - [2026-06-07T08:23:23.304+0000] {dagbag.py:588} INFO - Filling up the DagBag from /home/airflow/.local/lib/python3.12/site-packages/airflow/example_dags/example_branch_python_dop_operator_3.py
[2026-06-07T08:23:23.321+0000] {processor.py:925} INFO - DAG(s) 'example_branch_dop_operator_v3' retrieved from /home/airflow/.local/lib/python3.12/site-packages/airflow/example_dags/example_branch_python_dop_operator_3.py
[2026-06-07T08:23:23.364+0000] {logging_mixin.py:190} INFO - [2026-06-07T08:23:23.363+0000] {dag.py:3239} INFO - Sync 1 DAGs
[2026-06-07T08:23:23.407+0000] {logging_mixin.py:190} INFO - [2026-06-07T08:23:23.407+0000] {dag.py:4180} INFO - Setting next_dagrun for example_branch_dop_operator_v3 to 2026-06-07 08:22:00+00:00, run_after=2026-06-07 08:23:00+00:00
[2026-06-07T08:23:23.438+0000] {processor.py:208} INFO - Processing /home/airflow/.local/lib/python3.12/site-packages/airflow/example_dags/example_branch_python_dop_operator_3.py took 0.151 seconds
[2026-06-07T08:23:59.778+0000] {processor.py:186} INFO - Started process (PID=886) to work on /home/airflow/.local/lib/python3.12/site-packages/airflow/example_dags/example_branch_python_dop_operator_3.py
[2026-06-07T08:23:59.781+0000] {processor.py:914} INFO - Processing file /home/airflow/.local/lib/python3.12/site-packages/airflow/example_dags/example_branch_python_dop_operator_3.py for tasks to queue
[2026-06-07T08:23:59.792+0000] {logging_mixin.py:190} INFO - [2026-06-07T08:23:59.791+0000] {dagbag.py:588} INFO - Filling up the DagBag from /home/airflow/.local/lib/python3.12/site-packages/airflow/example_dags/example_branch_python_dop_operator_3.py
[2026-06-07T08:23:59.815+0000] {processor.py:925} INFO - DAG(s) 'example_branch_dop_operator_v3' retrieved from /home/airflow/.local/lib/python3.12/site-packages/airflow/example_dags/example_branch_python_dop_operator_3.py
[2026-06-07T08:23:59.868+0000] {logging_mixin.py:190} INFO - [2026-06-07T08:23:59.868+0000] {dag.py:3239} INFO - Sync 1 DAGs
[2026-06-07T08:23:59.941+0000] {logging_mixin.py:190} INFO - [2026-06-07T08:23:59.940+0000] {dag.py:4180} INFO - Setting next_dagrun for example_branch_dop_operator_v3 to 2026-06-07 08:22:00+00:00, run_after=2026-06-07 08:23:00+00:00
[2026-06-07T08:23:59.997+0000] {processor.py:208} INFO - Processing /home/airflow/.local/lib/python3.12/site-packages/airflow/example_dags/example_branch_python_dop_operator_3.py took 0.232 seconds
[2026-06-07T08:24:35.939+0000] {processor.py:186} INFO - Started process (PID=947) to work on /home/airflow/.local/lib/python3.12/site-packages/airflow/example_dags/example_branch_python_dop_operator_3.py
[2026-06-07T08:24:35.940+0000] {processor.py:914} INFO - Processing file /home/airflow/.local/lib/python3.12/site-packages/airflow/example_dags/example_branch_python_dop_operator_3.py for tasks to queue
[2026-06-07T08:24:35.946+0000] {logging_mixin.py:190} INFO - [2026-06-07T08:24:35.945+0000] {dagbag.py:588} INFO - Filling up the DagBag from /home/airflow/.local/lib/python3.12/site-packages/airflow/example_dags/example_branch_python_dop_operator_3.py
[2026-06-07T08:24:35.970+0000] {processor.py:925} INFO - DAG(s) 'example_branch_dop_operator_v3' retrieved from /home/airflow/.local/lib/python3.12/site-packages/airflow/example_dags/example_branch_python_dop_operator_3.py
[2026-06-07T08:24:36.029+0000] {logging_mixin.py:190} INFO - [2026-06-07T08:24:36.028+0000] {dag.py:3239} INFO - Sync 1 DAGs
[2026-06-07T08:24:36.085+0000] {logging_mixin.py:190} INFO - [2026-06-07T08:24:36.085+0000] {dag.py:4180} INFO - Setting next_dagrun for example_branch_dop_operator_v3 to 2026-06-07 08:23:00+00:00, run_after=2026-06-07 08:24:00+00:00
[2026-06-07T08:24:36.120+0000] {processor.py:208} INFO - Processing /home/airflow/.local/lib/python3.12/site-packages/airflow/example_dags/example_branch_python_dop_operator_3.py took 0.191 seconds
[2026-06-07T08:25:11.554+0000] {processor.py:186} INFO - Started process (PID=1011) to work on /home/airflow/.local/lib/python3.12/site-packages/airflow/example_dags/example_branch_python_dop_operator_3.py
[2026-06-07T08:25:11.556+0000] {processor.py:914} INFO - Processing file /home/airflow/.local/lib/python3.12/site-packages/airflow/example_dags/example_branch_python_dop_operator_3.py for tasks to queue
[2026-06-07T08:25:11.563+0000] {logging_mixin.py:190} INFO - [2026-06-07T08:25:11.562+0000] {dagbag.py:588} INFO - Filling up the DagBag from /home/airflow/.local/lib/python3.12/site-packages/airflow/example_dags/example_branch_python_dop_operator_3.py
[2026-06-07T08:25:11.590+0000] {processor.py:925} INFO - DAG(s) 'example_branch_dop_operator_v3' retrieved from /home/airflow/.local/lib/python3.12/site-packages/airflow/example_dags/example_branch_python_dop_operator_3.py
[2026-06-07T08:25:11.644+0000] {logging_mixin.py:190} INFO - [2026-06-07T08:25:11.644+0000] {dag.py:3239} INFO - Sync 1 DAGs
[2026-06-07T08:25:11.703+0000] {logging_mixin.py:190} INFO - [2026-06-07T08:25:11.703+0000] {dag.py:4180} INFO - Setting next_dagrun for example_branch_dop_operator_v3 to 2026-06-07 08:24:00+00:00, run_after=2026-06-07 08:25:00+00:00
[2026-06-07T08:25:11.770+0000] {processor.py:208} INFO - Processing /home/airflow/.local/lib/python3.12/site-packages/airflow/example_dags/example_branch_python_dop_operator_3.py took 0.229 seconds
[2026-06-07T08:25:47.468+0000] {processor.py:186} INFO - Started process (PID=1079) to work on /home/airflow/.local/lib/python3.12/site-packages/airflow/example_dags/example_branch_python_dop_operator_3.py
[2026-06-07T08:25:47.474+0000] {processor.py:914} INFO - Processing file /home/airflow/.local/lib/python3.12/site-packages/airflow/example_dags/example_branch_python_dop_operator_3.py for tasks to queue
[2026-06-07T08:25:47.482+0000] {logging_mixin.py:190} INFO - [2026-06-07T08:25:47.479+0000] {dagbag.py:588} INFO - Filling up the DagBag from /home/airflow/.local/lib/python3.12/site-packages/airflow/example_dags/example_branch_python_dop_operator_3.py
[2026-06-07T08:25:47.517+0000] {processor.py:925} INFO - DAG(s) 'example_branch_dop_operator_v3' retrieved from /home/airflow/.local/lib/python3.12/site-packages/airflow/example_dags/example_branch_python_dop_operator_3.py
[2026-06-07T08:25:47.570+0000] {logging_mixin.py:190} INFO - [2026-06-07T08:25:47.569+0000] {dag.py:3239} INFO - Sync 1 DAGs
[2026-06-07T08:25:47.647+0000] {logging_mixin.py:190} INFO - [2026-06-07T08:25:47.646+0000] {dag.py:4180} INFO - Setting next_dagrun for example_branch_dop_operator_v3 to 2026-06-07 08:24:00+00:00, run_after=2026-06-07 08:25:00+00:00
[2026-06-07T08:25:47.690+0000] {processor.py:208} INFO - Processing /home/airflow/.local/lib/python3.12/site-packages/airflow/example_dags/example_branch_python_dop_operator_3.py took 0.234 seconds
[2026-06-07T08:26:25.733+0000] {processor.py:186} INFO - Started process (PID=1141) to work on /home/airflow/.local/lib/python3.12/site-packages/airflow/example_dags/example_branch_python_dop_operator_3.py
[2026-06-07T08:26:25.735+0000] {processor.py:914} INFO - Processing file /home/airflow/.local/lib/python3.12/site-packages/airflow/example_dags/example_branch_python_dop_operator_3.py for tasks to queue
[2026-06-07T08:26:25.739+0000] {logging_mixin.py:190} INFO - [2026-06-07T08:26:25.739+0000] {dagbag.py:588} INFO - Filling up the DagBag from /home/airflow/.local/lib/python3.12/site-packages/airflow/example_dags/example_branch_python_dop_operator_3.py
[2026-06-07T08:26:25.764+0000] {processor.py:925} INFO - DAG(s) 'example_branch_dop_operator_v3' retrieved from /home/airflow/.local/lib/python3.12/site-packages/airflow/example_dags/example_branch_python_dop_operator_3.py
[2026-06-07T08:26:25.817+0000] {logging_mixin.py:190} INFO - [2026-06-07T08:26:25.816+0000] {dag.py:3239} INFO - Sync 1 DAGs
[2026-06-07T08:26:25.867+0000] {logging_mixin.py:190} INFO - [2026-06-07T08:26:25.867+0000] {dag.py:4180} INFO - Setting next_dagrun for example_branch_dop_operator_v3 to 2026-06-07 08:25:00+00:00, run_after=2026-06-07 08:26:00+00:00
[2026-06-07T08:26:25.906+0000] {processor.py:208} INFO - Processing /home/airflow/.local/lib/python3.12/site-packages/airflow/example_dags/example_branch_python_dop_operator_3.py took 0.183 seconds
[2026-06-07T08:27:09.946+0000] {processor.py:186} INFO - Started process (PID=1204) to work on /home/airflow/.local/lib/python3.12/site-packages/airflow/example_dags/example_branch_python_dop_operator_3.py
[2026-06-07T08:27:09.949+0000] {processor.py:914} INFO - Processing file /home/airflow/.local/lib/python3.12/site-packages/airflow/example_dags/example_branch_python_dop_operator_3.py for tasks to queue
[2026-06-07T08:27:09.961+0000] {logging_mixin.py:190} INFO - [2026-06-07T08:27:09.961+0000] {dagbag.py:588} INFO - Filling up the DagBag from /home/airflow/.local/lib/python3.12/site-packages/airflow/example_dags/example_branch_python_dop_operator_3.py
[2026-06-07T08:27:09.986+0000] {processor.py:925} INFO - DAG(s) 'example_branch_dop_operator_v3' retrieved from /home/airflow/.local/lib/python3.12/site-packages/airflow/example_dags/example_branch_python_dop_operator_3.py
[2026-06-07T08:27:10.041+0000] {logging_mixin.py:190} INFO - [2026-06-07T08:27:10.040+0000] {dag.py:3239} INFO - Sync 1 DAGs
[2026-06-07T08:27:10.100+0000] {logging_mixin.py:190} INFO - [2026-06-07T08:27:10.100+0000] {dag.py:4180} INFO - Setting next_dagrun for example_branch_dop_operator_v3 to 2026-06-07 08:26:00+00:00, run_after=2026-06-07 08:27:00+00:00
[2026-06-07T08:27:10.142+0000] {processor.py:208} INFO - Processing /home/airflow/.local/lib/python3.12/site-packages/airflow/example_dags/example_branch_python_dop_operator_3.py took 0.209 seconds
[2026-06-07T08:27:55.593+0000] {processor.py:186} INFO - Started process (PID=1291) to work on /home/airflow/.local/lib/python3.12/site-packages/airflow/example_dags/example_branch_python_dop_operator_3.py
[2026-06-07T08:27:55.595+0000] {processor.py:914} INFO - Processing file /home/airflow/.local/lib/python3.12/site-packages/airflow/example_dags/example_branch_python_dop_operator_3.py for tasks to queue
[2026-06-07T08:27:55.605+0000] {logging_mixin.py:190} INFO - [2026-06-07T08:27:55.604+0000] {dagbag.py:588} INFO - Filling up the DagBag from /home/airflow/.local/lib/python3.12/site-packages/airflow/example_dags/example_branch_python_dop_operator_3.py
[2026-06-07T08:27:55.636+0000] {processor.py:925} INFO - DAG(s) 'example_branch_dop_operator_v3' retrieved from /home/airflow/.local/lib/python3.12/site-packages/airflow/example_dags/example_branch_python_dop_operator_3.py
[2026-06-07T08:27:55.698+0000] {logging_mixin.py:190} INFO - [2026-06-07T08:27:55.698+0000] {dag.py:3239} INFO - Sync 1 DAGs
[2026-06-07T08:27:55.764+0000] {logging_mixin.py:190} INFO - [2026-06-07T08:27:55.764+0000] {dag.py:4180} INFO - Setting next_dagrun for example_branch_dop_operator_v3 to 2026-06-07 08:26:00+00:00, run_after=2026-06-07 08:27:00+00:00
[2026-06-07T08:27:55.840+0000] {processor.py:208} INFO - Processing /home/airflow/.local/lib/python3.12/site-packages/airflow/example_dags/example_branch_python_dop_operator_3.py took 0.256 seconds
[2026-06-07T08:28:35.531+0000] {processor.py:186} INFO - Started process (PID=1353) to work on /home/airflow/.local/lib/python3.12/site-packages/airflow/example_dags/example_branch_python_dop_operator_3.py
[2026-06-07T08:28:35.536+0000] {processor.py:914} INFO - Processing file /home/airflow/.local/lib/python3.12/site-packages/airflow/example_dags/example_branch_python_dop_operator_3.py for tasks to queue
[2026-06-07T08:28:35.548+0000] {logging_mixin.py:190} INFO - [2026-06-07T08:28:35.547+0000] {dagbag.py:588} INFO - Filling up the DagBag from /home/airflow/.local/lib/python3.12/site-packages/airflow/example_dags/example_branch_python_dop_operator_3.py
[2026-06-07T08:28:35.605+0000] {processor.py:925} INFO - DAG(s) 'example_branch_dop_operator_v3' retrieved from /home/airflow/.local/lib/python3.12/site-packages/airflow/example_dags/example_branch_python_dop_operator_3.py
[2026-06-07T08:28:35.692+0000] {logging_mixin.py:190} INFO - [2026-06-07T08:28:35.692+0000] {dag.py:3239} INFO - Sync 1 DAGs
[2026-06-07T08:28:35.757+0000] {logging_mixin.py:190} INFO - [2026-06-07T08:28:35.757+0000] {dag.py:4180} INFO - Setting next_dagrun for example_branch_dop_operator_v3 to 2026-06-07 08:27:00+00:00, run_after=2026-06-07 08:28:00+00:00
[2026-06-07T08:28:35.800+0000] {processor.py:208} INFO - Processing /home/airflow/.local/lib/python3.12/site-packages/airflow/example_dags/example_branch_python_dop_operator_3.py took 0.291 seconds
[2026-06-07T08:39:52.875+0000] {processor.py:186} INFO - Started process (PID=123) to work on /home/airflow/.local/lib/python3.12/site-packages/airflow/example_dags/example_branch_python_dop_operator_3.py
[2026-06-07T08:39:52.878+0000] {processor.py:914} INFO - Processing file /home/airflow/.local/lib/python3.12/site-packages/airflow/example_dags/example_branch_python_dop_operator_3.py for tasks to queue
[2026-06-07T08:39:52.884+0000] {logging_mixin.py:190} INFO - [2026-06-07T08:39:52.883+0000] {dagbag.py:588} INFO - Filling up the DagBag from /home/airflow/.local/lib/python3.12/site-packages/airflow/example_dags/example_branch_python_dop_operator_3.py
[2026-06-07T08:39:52.910+0000] {processor.py:925} INFO - DAG(s) 'example_branch_dop_operator_v3' retrieved from /home/airflow/.local/lib/python3.12/site-packages/airflow/example_dags/example_branch_python_dop_operator_3.py
[2026-06-07T08:39:52.970+0000] {logging_mixin.py:190} INFO - [2026-06-07T08:39:52.969+0000] {dag.py:3239} INFO - Sync 1 DAGs
[2026-06-07T08:39:53.030+0000] {logging_mixin.py:190} INFO - [2026-06-07T08:39:53.030+0000] {dag.py:4180} INFO - Setting next_dagrun for example_branch_dop_operator_v3 to 2026-06-07 08:38:00+00:00, run_after=2026-06-07 08:39:00+00:00
[2026-06-07T08:39:53.073+0000] {processor.py:208} INFO - Processing /home/airflow/.local/lib/python3.12/site-packages/airflow/example_dags/example_branch_python_dop_operator_3.py took 0.211 seconds
[2026-06-07T08:40:35.827+0000] {processor.py:186} INFO - Started process (PID=185) to work on /home/airflow/.local/lib/python3.12/site-packages/airflow/example_dags/example_branch_python_dop_operator_3.py
[2026-06-07T08:40:35.830+0000] {processor.py:914} INFO - Processing file /home/airflow/.local/lib/python3.12/site-packages/airflow/example_dags/example_branch_python_dop_operator_3.py for tasks to queue
[2026-06-07T08:40:35.836+0000] {logging_mixin.py:190} INFO - [2026-06-07T08:40:35.835+0000] {dagbag.py:588} INFO - Filling up the DagBag from /home/airflow/.local/lib/python3.12/site-packages/airflow/example_dags/example_branch_python_dop_operator_3.py
[2026-06-07T08:40:35.856+0000] {processor.py:925} INFO - DAG(s) 'example_branch_dop_operator_v3' retrieved from /home/airflow/.local/lib/python3.12/site-packages/airflow/example_dags/example_branch_python_dop_operator_3.py
[2026-06-07T08:40:35.910+0000] {logging_mixin.py:190} INFO - [2026-06-07T08:40:35.909+0000] {dag.py:3239} INFO - Sync 1 DAGs
[2026-06-07T08:40:35.958+0000] {logging_mixin.py:190} INFO - [2026-06-07T08:40:35.957+0000] {dag.py:4180} INFO - Setting next_dagrun for example_branch_dop_operator_v3 to 2026-06-07 08:39:00+00:00, run_after=2026-06-07 08:40:00+00:00
[2026-06-07T08:40:35.995+0000] {processor.py:208} INFO - Processing /home/airflow/.local/lib/python3.12/site-packages/airflow/example_dags/example_branch_python_dop_operator_3.py took 0.178 seconds
[2026-06-07T08:41:20.533+0000] {processor.py:186} INFO - Started process (PID=248) to work on /home/airflow/.local/lib/python3.12/site-packages/airflow/example_dags/example_branch_python_dop_operator_3.py
[2026-06-07T08:41:20.535+0000] {processor.py:914} INFO - Processing file /home/airflow/.local/lib/python3.12/site-packages/airflow/example_dags/example_branch_python_dop_operator_3.py for tasks to queue
[2026-06-07T08:41:20.543+0000] {logging_mixin.py:190} INFO - [2026-06-07T08:41:20.542+0000] {dagbag.py:588} INFO - Filling up the DagBag from /home/airflow/.local/lib/python3.12/site-packages/airflow/example_dags/example_branch_python_dop_operator_3.py
[2026-06-07T08:41:20.570+0000] {processor.py:925} INFO - DAG(s) 'example_branch_dop_operator_v3' retrieved from /home/airflow/.local/lib/python3.12/site-packages/airflow/example_dags/example_branch_python_dop_operator_3.py
[2026-06-07T08:41:20.679+0000] {logging_mixin.py:190} INFO - [2026-06-07T08:41:20.678+0000] {dag.py:3239} INFO - Sync 1 DAGs
[2026-06-07T08:41:20.763+0000] {logging_mixin.py:190} INFO - [2026-06-07T08:41:20.763+0000] {dag.py:4180} INFO - Setting next_dagrun for example_branch_dop_operator_v3 to 2026-06-07 08:40:00+00:00, run_after=2026-06-07 08:41:00+00:00
[2026-06-07T08:41:20.822+0000] {processor.py:208} INFO - Processing /home/airflow/.local/lib/python3.12/site-packages/airflow/example_dags/example_branch_python_dop_operator_3.py took 0.304 seconds
[2026-06-07T08:41:59.194+0000] {processor.py:186} INFO - Started process (PID=317) to work on /home/airflow/.local/lib/python3.12/site-packages/airflow/example_dags/example_branch_python_dop_operator_3.py
[2026-06-07T08:41:59.197+0000] {processor.py:914} INFO - Processing file /home/airflow/.local/lib/python3.12/site-packages/airflow/example_dags/example_branch_python_dop_operator_3.py for tasks to queue
[2026-06-07T08:41:59.204+0000] {logging_mixin.py:190} INFO - [2026-06-07T08:41:59.202+0000] {dagbag.py:588} INFO - Filling up the DagBag from /home/airflow/.local/lib/python3.12/site-packages/airflow/example_dags/example_branch_python_dop_operator_3.py
[2026-06-07T08:41:59.228+0000] {processor.py:925} INFO - DAG(s) 'example_branch_dop_operator_v3' retrieved from /home/airflow/.local/lib/python3.12/site-packages/airflow/example_dags/example_branch_python_dop_operator_3.py
[2026-06-07T08:41:59.281+0000] {logging_mixin.py:190} INFO - [2026-06-07T08:41:59.280+0000] {dag.py:3239} INFO - Sync 1 DAGs
[2026-06-07T08:41:59.342+0000] {logging_mixin.py:190} INFO - [2026-06-07T08:41:59.342+0000] {dag.py:4180} INFO - Setting next_dagrun for example_branch_dop_operator_v3 to 2026-06-07 08:40:00+00:00, run_after=2026-06-07 08:41:00+00:00
[2026-06-07T08:41:59.395+0000] {processor.py:208} INFO - Processing /home/airflow/.local/lib/python3.12/site-packages/airflow/example_dags/example_branch_python_dop_operator_3.py took 0.215 seconds
[2026-06-07T08:42:46.091+0000] {processor.py:186} INFO - Started process (PID=396) to work on /home/airflow/.local/lib/python3.12/site-packages/airflow/example_dags/example_branch_python_dop_operator_3.py
[2026-06-07T08:42:46.094+0000] {processor.py:914} INFO - Processing file /home/airflow/.local/lib/python3.12/site-packages/airflow/example_dags/example_branch_python_dop_operator_3.py for tasks to queue
[2026-06-07T08:42:46.116+0000] {logging_mixin.py:190} INFO - [2026-06-07T08:42:46.108+0000] {dagbag.py:588} INFO - Filling up the DagBag from /home/airflow/.local/lib/python3.12/site-packages/airflow/example_dags/example_branch_python_dop_operator_3.py
[2026-06-07T08:42:46.201+0000] {processor.py:925} INFO - DAG(s) 'example_branch_dop_operator_v3' retrieved from /home/airflow/.local/lib/python3.12/site-packages/airflow/example_dags/example_branch_python_dop_operator_3.py
[2026-06-07T08:42:46.360+0000] {logging_mixin.py:190} INFO - [2026-06-07T08:42:46.360+0000] {dag.py:3239} INFO - Sync 1 DAGs
[2026-06-07T08:42:46.437+0000] {logging_mixin.py:190} INFO - [2026-06-07T08:42:46.436+0000] {dag.py:4180} INFO - Setting next_dagrun for example_branch_dop_operator_v3 to 2026-06-07 08:41:00+00:00, run_after=2026-06-07 08:42:00+00:00
[2026-06-07T08:42:46.480+0000] {processor.py:208} INFO - Processing /home/airflow/.local/lib/python3.12/site-packages/airflow/example_dags/example_branch_python_dop_operator_3.py took 0.407 seconds
[2026-06-07T08:43:25.120+0000] {processor.py:186} INFO - Started process (PID=467) to work on /home/airflow/.local/lib/python3.12/site-packages/airflow/example_dags/example_branch_python_dop_operator_3.py
[2026-06-07T08:43:25.123+0000] {processor.py:914} INFO - Processing file /home/airflow/.local/lib/python3.12/site-packages/airflow/example_dags/example_branch_python_dop_operator_3.py for tasks to queue
[2026-06-07T08:43:25.130+0000] {logging_mixin.py:190} INFO - [2026-06-07T08:43:25.129+0000] {dagbag.py:588} INFO - Filling up the DagBag from /home/airflow/.local/lib/python3.12/site-packages/airflow/example_dags/example_branch_python_dop_operator_3.py
[2026-06-07T08:43:25.155+0000] {processor.py:925} INFO - DAG(s) 'example_branch_dop_operator_v3' retrieved from /home/airflow/.local/lib/python3.12/site-packages/airflow/example_dags/example_branch_python_dop_operator_3.py
[2026-06-07T08:43:25.221+0000] {logging_mixin.py:190} INFO - [2026-06-07T08:43:25.221+0000] {dag.py:3239} INFO - Sync 1 DAGs
[2026-06-07T08:43:25.299+0000] {logging_mixin.py:190} INFO - [2026-06-07T08:43:25.299+0000] {dag.py:4180} INFO - Setting next_dagrun for example_branch_dop_operator_v3 to 2026-06-07 08:42:00+00:00, run_after=2026-06-07 08:43:00+00:00
[2026-06-07T08:43:25.341+0000] {processor.py:208} INFO - Processing /home/airflow/.local/lib/python3.12/site-packages/airflow/example_dags/example_branch_python_dop_operator_3.py took 0.236 seconds
[2026-06-07T08:44:14.416+0000] {processor.py:186} INFO - Started process (PID=538) to work on /home/airflow/.local/lib/python3.12/site-packages/airflow/example_dags/example_branch_python_dop_operator_3.py
[2026-06-07T08:44:14.419+0000] {processor.py:914} INFO - Processing file /home/airflow/.local/lib/python3.12/site-packages/airflow/example_dags/example_branch_python_dop_operator_3.py for tasks to queue
[2026-06-07T08:44:14.424+0000] {logging_mixin.py:190} INFO - [2026-06-07T08:44:14.423+0000] {dagbag.py:588} INFO - Filling up the DagBag from /home/airflow/.local/lib/python3.12/site-packages/airflow/example_dags/example_branch_python_dop_operator_3.py
[2026-06-07T08:44:14.449+0000] {processor.py:925} INFO - DAG(s) 'example_branch_dop_operator_v3' retrieved from /home/airflow/.local/lib/python3.12/site-packages/airflow/example_dags/example_branch_python_dop_operator_3.py
[2026-06-07T08:44:14.512+0000] {logging_mixin.py:190} INFO - [2026-06-07T08:44:14.511+0000] {dag.py:3239} INFO - Sync 1 DAGs
[2026-06-07T08:44:14.587+0000] {logging_mixin.py:190} INFO - [2026-06-07T08:44:14.586+0000] {dag.py:4180} INFO - Setting next_dagrun for example_branch_dop_operator_v3 to 2026-06-07 08:43:00+00:00, run_after=2026-06-07 08:44:00+00:00
[2026-06-07T08:44:14.632+0000] {processor.py:208} INFO - Processing /home/airflow/.local/lib/python3.12/site-packages/airflow/example_dags/example_branch_python_dop_operator_3.py took 0.230 seconds
[2026-06-07T08:44:57.420+0000] {processor.py:186} INFO - Started process (PID=611) to work on /home/airflow/.local/lib/python3.12/site-packages/airflow/example_dags/example_branch_python_dop_operator_3.py
[2026-06-07T08:44:57.423+0000] {processor.py:914} INFO - Processing file /home/airflow/.local/lib/python3.12/site-packages/airflow/example_dags/example_branch_python_dop_operator_3.py for tasks to queue
[2026-06-07T08:44:57.445+0000] {logging_mixin.py:190} INFO - [2026-06-07T08:44:57.442+0000] {dagbag.py:588} INFO - Filling up the DagBag from /home/airflow/.local/lib/python3.12/site-packages/airflow/example_dags/example_branch_python_dop_operator_3.py
[2026-06-07T08:44:57.499+0000] {processor.py:925} INFO - DAG(s) 'example_branch_dop_operator_v3' retrieved from /home/airflow/.local/lib/python3.12/site-packages/airflow/example_dags/example_branch_python_dop_operator_3.py
[2026-06-07T08:44:57.628+0000] {logging_mixin.py:190} INFO - [2026-06-07T08:44:57.625+0000] {dag.py:3239} INFO - Sync 1 DAGs
[2026-06-07T08:44:57.775+0000] {logging_mixin.py:190} INFO - [2026-06-07T08:44:57.774+0000] {dag.py:4180} INFO - Setting next_dagrun for example_branch_dop_operator_v3 to 2026-06-07 08:43:00+00:00, run_after=2026-06-07 08:44:00+00:00
[2026-06-07T08:44:57.831+0000] {processor.py:208} INFO - Processing /home/airflow/.local/lib/python3.12/site-packages/airflow/example_dags/example_branch_python_dop_operator_3.py took 0.431 seconds
[2026-06-07T08:45:35.426+0000] {processor.py:186} INFO - Started process (PID=674) to work on /home/airflow/.local/lib/python3.12/site-packages/airflow/example_dags/example_branch_python_dop_operator_3.py
[2026-06-07T08:45:35.429+0000] {processor.py:914} INFO - Processing file /home/airflow/.local/lib/python3.12/site-packages/airflow/example_dags/example_branch_python_dop_operator_3.py for tasks to queue
[2026-06-07T08:45:35.437+0000] {logging_mixin.py:190} INFO - [2026-06-07T08:45:35.436+0000] {dagbag.py:588} INFO - Filling up the DagBag from /home/airflow/.local/lib/python3.12/site-packages/airflow/example_dags/example_branch_python_dop_operator_3.py
[2026-06-07T08:45:35.464+0000] {processor.py:925} INFO - DAG(s) 'example_branch_dop_operator_v3' retrieved from /home/airflow/.local/lib/python3.12/site-packages/airflow/example_dags/example_branch_python_dop_operator_3.py
[2026-06-07T08:45:35.512+0000] {logging_mixin.py:190} INFO - [2026-06-07T08:45:35.511+0000] {dag.py:3239} INFO - Sync 1 DAGs
[2026-06-07T08:45:35.571+0000] {logging_mixin.py:190} INFO - [2026-06-07T08:45:35.570+0000] {dag.py:4180} INFO - Setting next_dagrun for example_branch_dop_operator_v3 to 2026-06-07 08:44:00+00:00, run_after=2026-06-07 08:45:00+00:00
[2026-06-07T08:45:35.609+0000] {processor.py:208} INFO - Processing /home/airflow/.local/lib/python3.12/site-packages/airflow/example_dags/example_branch_python_dop_operator_3.py took 0.197 seconds
[2026-06-07T08:46:15.656+0000] {processor.py:186} INFO - Started process (PID=736) to work on /home/airflow/.local/lib/python3.12/site-packages/airflow/example_dags/example_branch_python_dop_operator_3.py
[2026-06-07T08:46:15.658+0000] {processor.py:914} INFO - Processing file /home/airflow/.local/lib/python3.12/site-packages/airflow/example_dags/example_branch_python_dop_operator_3.py for tasks to queue
[2026-06-07T08:46:15.664+0000] {logging_mixin.py:190} INFO - [2026-06-07T08:46:15.664+0000] {dagbag.py:588} INFO - Filling up the DagBag from /home/airflow/.local/lib/python3.12/site-packages/airflow/example_dags/example_branch_python_dop_operator_3.py
[2026-06-07T08:46:15.686+0000] {processor.py:925} INFO - DAG(s) 'example_branch_dop_operator_v3' retrieved from /home/airflow/.local/lib/python3.12/site-packages/airflow/example_dags/example_branch_python_dop_operator_3.py
[2026-06-07T08:46:15.735+0000] {logging_mixin.py:190} INFO - [2026-06-07T08:46:15.734+0000] {dag.py:3239} INFO - Sync 1 DAGs
[2026-06-07T08:46:15.792+0000] {logging_mixin.py:190} INFO - [2026-06-07T08:46:15.792+0000] {dag.py:4180} INFO - Setting next_dagrun for example_branch_dop_operator_v3 to 2026-06-07 08:45:00+00:00, run_after=2026-06-07 08:46:00+00:00
[2026-06-07T08:46:15.826+0000] {processor.py:208} INFO - Processing /home/airflow/.local/lib/python3.12/site-packages/airflow/example_dags/example_branch_python_dop_operator_3.py took 0.182 seconds
[2026-06-07T08:46:49.007+0000] {processor.py:186} INFO - Started process (PID=798) to work on /home/airflow/.local/lib/python3.12/site-packages/airflow/example_dags/example_branch_python_dop_operator_3.py
[2026-06-07T08:46:49.009+0000] {processor.py:914} INFO - Processing file /home/airflow/.local/lib/python3.12/site-packages/airflow/example_dags/example_branch_python_dop_operator_3.py for tasks to queue
[2026-06-07T08:46:49.017+0000] {logging_mixin.py:190} INFO - [2026-06-07T08:46:49.016+0000] {dagbag.py:588} INFO - Filling up the DagBag from /home/airflow/.local/lib/python3.12/site-packages/airflow/example_dags/example_branch_python_dop_operator_3.py
[2026-06-07T08:46:49.039+0000] {processor.py:925} INFO - DAG(s) 'example_branch_dop_operator_v3' retrieved from /home/airflow/.local/lib/python3.12/site-packages/airflow/example_dags/example_branch_python_dop_operator_3.py
[2026-06-07T08:46:49.088+0000] {logging_mixin.py:190} INFO - [2026-06-07T08:46:49.088+0000] {dag.py:3239} INFO - Sync 1 DAGs
[2026-06-07T08:46:49.150+0000] {logging_mixin.py:190} INFO - [2026-06-07T08:46:49.150+0000] {dag.py:4180} INFO - Setting next_dagrun for example_branch_dop_operator_v3 to 2026-06-07 08:45:00+00:00, run_after=2026-06-07 08:46:00+00:00
[2026-06-07T08:46:49.188+0000] {processor.py:208} INFO - Processing /home/airflow/.local/lib/python3.12/site-packages/airflow/example_dags/example_branch_python_dop_operator_3.py took 0.195 seconds
[2026-06-07T08:47:28.085+0000] {processor.py:186} INFO - Started process (PID=862) to work on /home/airflow/.local/lib/python3.12/site-packages/airflow/example_dags/example_branch_python_dop_operator_3.py
[2026-06-07T08:47:28.091+0000] {processor.py:914} INFO - Processing file /home/airflow/.local/lib/python3.12/site-packages/airflow/example_dags/example_branch_python_dop_operator_3.py for tasks to queue
[2026-06-07T08:47:28.104+0000] {logging_mixin.py:190} INFO - [2026-06-07T08:47:28.102+0000] {dagbag.py:588} INFO - Filling up the DagBag from /home/airflow/.local/lib/python3.12/site-packages/airflow/example_dags/example_branch_python_dop_operator_3.py
[2026-06-07T08:47:28.135+0000] {processor.py:925} INFO - DAG(s) 'example_branch_dop_operator_v3' retrieved from /home/airflow/.local/lib/python3.12/site-packages/airflow/example_dags/example_branch_python_dop_operator_3.py
[2026-06-07T08:47:28.214+0000] {logging_mixin.py:190} INFO - [2026-06-07T08:47:28.214+0000] {dag.py:3239} INFO - Sync 1 DAGs
[2026-06-07T08:47:28.299+0000] {logging_mixin.py:190} INFO - [2026-06-07T08:47:28.297+0000] {dag.py:4180} INFO - Setting next_dagrun for example_branch_dop_operator_v3 to 2026-06-07 08:46:00+00:00, run_after=2026-06-07 08:47:00+00:00
[2026-06-07T08:47:28.366+0000] {processor.py:208} INFO - Processing /home/airflow/.local/lib/python3.12/site-packages/airflow/example_dags/example_branch_python_dop_operator_3.py took 0.308 seconds
[2026-06-07T08:48:16.698+0000] {processor.py:186} INFO - Started process (PID=933) to work on /home/airflow/.local/lib/python3.12/site-packages/airflow/example_dags/example_branch_python_dop_operator_3.py
[2026-06-07T08:48:16.701+0000] {processor.py:914} INFO - Processing file /home/airflow/.local/lib/python3.12/site-packages/airflow/example_dags/example_branch_python_dop_operator_3.py for tasks to queue
[2026-06-07T08:48:16.707+0000] {logging_mixin.py:190} INFO - [2026-06-07T08:48:16.706+0000] {dagbag.py:588} INFO - Filling up the DagBag from /home/airflow/.local/lib/python3.12/site-packages/airflow/example_dags/example_branch_python_dop_operator_3.py
[2026-06-07T08:48:16.753+0000] {processor.py:925} INFO - DAG(s) 'example_branch_dop_operator_v3' retrieved from /home/airflow/.local/lib/python3.12/site-packages/airflow/example_dags/example_branch_python_dop_operator_3.py
[2026-06-07T08:48:16.833+0000] {logging_mixin.py:190} INFO - [2026-06-07T08:48:16.832+0000] {dag.py:3239} INFO - Sync 1 DAGs
[2026-06-07T08:48:16.911+0000] {logging_mixin.py:190} INFO - [2026-06-07T08:48:16.910+0000] {dag.py:4180} INFO - Setting next_dagrun for example_branch_dop_operator_v3 to 2026-06-07 08:47:00+00:00, run_after=2026-06-07 08:48:00+00:00
[2026-06-07T08:48:16.952+0000] {processor.py:208} INFO - Processing /home/airflow/.local/lib/python3.12/site-packages/airflow/example_dags/example_branch_python_dop_operator_3.py took 0.267 seconds
[2026-06-07T08:49:01.594+0000] {processor.py:186} INFO - Started process (PID=1001) to work on /home/airflow/.local/lib/python3.12/site-packages/airflow/example_dags/example_branch_python_dop_operator_3.py
[2026-06-07T08:49:01.602+0000] {processor.py:914} INFO - Processing file /home/airflow/.local/lib/python3.12/site-packages/airflow/example_dags/example_branch_python_dop_operator_3.py for tasks to queue
[2026-06-07T08:49:01.611+0000] {logging_mixin.py:190} INFO - [2026-06-07T08:49:01.608+0000] {dagbag.py:588} INFO - Filling up the DagBag from /home/airflow/.local/lib/python3.12/site-packages/airflow/example_dags/example_branch_python_dop_operator_3.py
[2026-06-07T08:49:01.640+0000] {processor.py:925} INFO - DAG(s) 'example_branch_dop_operator_v3' retrieved from /home/airflow/.local/lib/python3.12/site-packages/airflow/example_dags/example_branch_python_dop_operator_3.py
[2026-06-07T08:49:01.709+0000] {logging_mixin.py:190} INFO - [2026-06-07T08:49:01.708+0000] {dag.py:3239} INFO - Sync 1 DAGs
[2026-06-07T08:49:01.778+0000] {logging_mixin.py:190} INFO - [2026-06-07T08:49:01.778+0000] {dag.py:4180} INFO - Setting next_dagrun for example_branch_dop_operator_v3 to 2026-06-07 08:48:00+00:00, run_after=2026-06-07 08:49:00+00:00
[2026-06-07T08:49:01.829+0000] {processor.py:208} INFO - Processing /home/airflow/.local/lib/python3.12/site-packages/airflow/example_dags/example_branch_python_dop_operator_3.py took 0.257 seconds
[2026-06-07T08:49:43.664+0000] {processor.py:186} INFO - Started process (PID=1064) to work on /home/airflow/.local/lib/python3.12/site-packages/airflow/example_dags/example_branch_python_dop_operator_3.py
[2026-06-07T08:49:43.667+0000] {processor.py:914} INFO - Processing file /home/airflow/.local/lib/python3.12/site-packages/airflow/example_dags/example_branch_python_dop_operator_3.py for tasks to queue
[2026-06-07T08:49:43.673+0000] {logging_mixin.py:190} INFO - [2026-06-07T08:49:43.672+0000] {dagbag.py:588} INFO - Filling up the DagBag from /home/airflow/.local/lib/python3.12/site-packages/airflow/example_dags/example_branch_python_dop_operator_3.py
[2026-06-07T08:49:43.693+0000] {processor.py:925} INFO - DAG(s) 'example_branch_dop_operator_v3' retrieved from /home/airflow/.local/lib/python3.12/site-packages/airflow/example_dags/example_branch_python_dop_operator_3.py
[2026-06-07T08:49:43.751+0000] {logging_mixin.py:190} INFO - [2026-06-07T08:49:43.750+0000] {dag.py:3239} INFO - Sync 1 DAGs
[2026-06-07T08:49:43.813+0000] {logging_mixin.py:190} INFO - [2026-06-07T08:49:43.812+0000] {dag.py:4180} INFO - Setting next_dagrun for example_branch_dop_operator_v3 to 2026-06-07 08:48:00+00:00, run_after=2026-06-07 08:49:00+00:00
[2026-06-07T08:49:43.855+0000] {processor.py:208} INFO - Processing /home/airflow/.local/lib/python3.12/site-packages/airflow/example_dags/example_branch_python_dop_operator_3.py took 0.203 seconds
[2026-06-07T08:50:27.087+0000] {processor.py:186} INFO - Started process (PID=1133) to work on /home/airflow/.local/lib/python3.12/site-packages/airflow/example_dags/example_branch_python_dop_operator_3.py
[2026-06-07T08:50:27.089+0000] {processor.py:914} INFO - Processing file /home/airflow/.local/lib/python3.12/site-packages/airflow/example_dags/example_branch_python_dop_operator_3.py for tasks to queue
[2026-06-07T08:50:27.094+0000] {logging_mixin.py:190} INFO - [2026-06-07T08:50:27.093+0000] {dagbag.py:588} INFO - Filling up the DagBag from /home/airflow/.local/lib/python3.12/site-packages/airflow/example_dags/example_branch_python_dop_operator_3.py
[2026-06-07T08:50:27.116+0000] {processor.py:925} INFO - DAG(s) 'example_branch_dop_operator_v3' retrieved from /home/airflow/.local/lib/python3.12/site-packages/airflow/example_dags/example_branch_python_dop_operator_3.py
[2026-06-07T08:50:27.173+0000] {logging_mixin.py:190} INFO - [2026-06-07T08:50:27.173+0000] {dag.py:3239} INFO - Sync 1 DAGs
[2026-06-07T08:50:27.243+0000] {logging_mixin.py:190} INFO - [2026-06-07T08:50:27.242+0000] {dag.py:4180} INFO - Setting next_dagrun for example_branch_dop_operator_v3 to 2026-06-07 08:49:00+00:00, run_after=2026-06-07 08:50:00+00:00
[2026-06-07T08:50:27.280+0000] {processor.py:208} INFO - Processing /home/airflow/.local/lib/python3.12/site-packages/airflow/example_dags/example_branch_python_dop_operator_3.py took 0.206 seconds
[2026-06-07T08:51:08.761+0000] {processor.py:186} INFO - Started process (PID=1196) to work on /home/airflow/.local/lib/python3.12/site-packages/airflow/example_dags/example_branch_python_dop_operator_3.py
[2026-06-07T08:51:08.770+0000] {processor.py:914} INFO - Processing file /home/airflow/.local/lib/python3.12/site-packages/airflow/example_dags/example_branch_python_dop_operator_3.py for tasks to queue
[2026-06-07T08:51:08.781+0000] {logging_mixin.py:190} INFO - [2026-06-07T08:51:08.780+0000] {dagbag.py:588} INFO - Filling up the DagBag from /home/airflow/.local/lib/python3.12/site-packages/airflow/example_dags/example_branch_python_dop_operator_3.py
[2026-06-07T08:51:08.850+0000] {processor.py:925} INFO - DAG(s) 'example_branch_dop_operator_v3' retrieved from /home/airflow/.local/lib/python3.12/site-packages/airflow/example_dags/example_branch_python_dop_operator_3.py
[2026-06-07T08:51:08.943+0000] {logging_mixin.py:190} INFO - [2026-06-07T08:51:08.942+0000] {dag.py:3239} INFO - Sync 1 DAGs
[2026-06-07T08:51:09.013+0000] {logging_mixin.py:190} INFO - [2026-06-07T08:51:09.012+0000] {dag.py:4180} INFO - Setting next_dagrun for example_branch_dop_operator_v3 to 2026-06-07 08:50:00+00:00, run_after=2026-06-07 08:51:00+00:00
[2026-06-07T08:51:09.096+0000] {processor.py:208} INFO - Processing /home/airflow/.local/lib/python3.12/site-packages/airflow/example_dags/example_branch_python_dop_operator_3.py took 0.375 seconds
[2026-06-07T08:51:54.723+0000] {processor.py:186} INFO - Started process (PID=1266) to work on /home/airflow/.local/lib/python3.12/site-packages/airflow/example_dags/example_branch_python_dop_operator_3.py
[2026-06-07T08:51:54.726+0000] {processor.py:914} INFO - Processing file /home/airflow/.local/lib/python3.12/site-packages/airflow/example_dags/example_branch_python_dop_operator_3.py for tasks to queue
[2026-06-07T08:51:54.735+0000] {logging_mixin.py:190} INFO - [2026-06-07T08:51:54.734+0000] {dagbag.py:588} INFO - Filling up the DagBag from /home/airflow/.local/lib/python3.12/site-packages/airflow/example_dags/example_branch_python_dop_operator_3.py
[2026-06-07T08:51:54.758+0000] {processor.py:925} INFO - DAG(s) 'example_branch_dop_operator_v3' retrieved from /home/airflow/.local/lib/python3.12/site-packages/airflow/example_dags/example_branch_python_dop_operator_3.py
[2026-06-07T08:51:54.818+0000] {logging_mixin.py:190} INFO - [2026-06-07T08:51:54.818+0000] {dag.py:3239} INFO - Sync 1 DAGs
[2026-06-07T08:51:54.885+0000] {logging_mixin.py:190} INFO - [2026-06-07T08:51:54.885+0000] {dag.py:4180} INFO - Setting next_dagrun for example_branch_dop_operator_v3 to 2026-06-07 08:50:00+00:00, run_after=2026-06-07 08:51:00+00:00
[2026-06-07T08:51:54.929+0000] {processor.py:208} INFO - Processing /home/airflow/.local/lib/python3.12/site-packages/airflow/example_dags/example_branch_python_dop_operator_3.py took 0.220 seconds
[2026-06-07T08:52:37.190+0000] {processor.py:186} INFO - Started process (PID=1335) to work on /home/airflow/.local/lib/python3.12/site-packages/airflow/example_dags/example_branch_python_dop_operator_3.py
[2026-06-07T08:52:37.192+0000] {processor.py:914} INFO - Processing file /home/airflow/.local/lib/python3.12/site-packages/airflow/example_dags/example_branch_python_dop_operator_3.py for tasks to queue
[2026-06-07T08:52:37.208+0000] {logging_mixin.py:190} INFO - [2026-06-07T08:52:37.205+0000] {dagbag.py:588} INFO - Filling up the DagBag from /home/airflow/.local/lib/python3.12/site-packages/airflow/example_dags/example_branch_python_dop_operator_3.py
[2026-06-07T08:52:37.235+0000] {processor.py:925} INFO - DAG(s) 'example_branch_dop_operator_v3' retrieved from /home/airflow/.local/lib/python3.12/site-packages/airflow/example_dags/example_branch_python_dop_operator_3.py
[2026-06-07T08:52:37.290+0000] {logging_mixin.py:190} INFO - [2026-06-07T08:52:37.289+0000] {dag.py:3239} INFO - Sync 1 DAGs
[2026-06-07T08:52:37.349+0000] {logging_mixin.py:190} INFO - [2026-06-07T08:52:37.348+0000] {dag.py:4180} INFO - Setting next_dagrun for example_branch_dop_operator_v3 to 2026-06-07 08:51:00+00:00, run_after=2026-06-07 08:52:00+00:00
[2026-06-07T08:52:37.391+0000] {processor.py:208} INFO - Processing /home/airflow/.local/lib/python3.12/site-packages/airflow/example_dags/example_branch_python_dop_operator_3.py took 0.216 seconds
[2026-06-07T08:53:24.792+0000] {processor.py:186} INFO - Started process (PID=1397) to work on /home/airflow/.local/lib/python3.12/site-packages/airflow/example_dags/example_branch_python_dop_operator_3.py
[2026-06-07T08:53:24.796+0000] {processor.py:914} INFO - Processing file /home/airflow/.local/lib/python3.12/site-packages/airflow/example_dags/example_branch_python_dop_operator_3.py for tasks to queue
[2026-06-07T08:53:24.803+0000] {logging_mixin.py:190} INFO - [2026-06-07T08:53:24.803+0000] {dagbag.py:588} INFO - Filling up the DagBag from /home/airflow/.local/lib/python3.12/site-packages/airflow/example_dags/example_branch_python_dop_operator_3.py
[2026-06-07T08:53:24.827+0000] {processor.py:925} INFO - DAG(s) 'example_branch_dop_operator_v3' retrieved from /home/airflow/.local/lib/python3.12/site-packages/airflow/example_dags/example_branch_python_dop_operator_3.py
[2026-06-07T08:53:24.884+0000] {logging_mixin.py:190} INFO - [2026-06-07T08:53:24.884+0000] {dag.py:3239} INFO - Sync 1 DAGs
[2026-06-07T08:53:24.948+0000] {logging_mixin.py:190} INFO - [2026-06-07T08:53:24.948+0000] {dag.py:4180} INFO - Setting next_dagrun for example_branch_dop_operator_v3 to 2026-06-07 08:52:00+00:00, run_after=2026-06-07 08:53:00+00:00
[2026-06-07T08:53:24.996+0000] {processor.py:208} INFO - Processing /home/airflow/.local/lib/python3.12/site-packages/airflow/example_dags/example_branch_python_dop_operator_3.py took 0.217 seconds
[2026-06-07T08:54:02.964+0000] {processor.py:186} INFO - Started process (PID=1465) to work on /home/airflow/.local/lib/python3.12/site-packages/airflow/example_dags/example_branch_python_dop_operator_3.py
[2026-06-07T08:54:02.967+0000] {processor.py:914} INFO - Processing file /home/airflow/.local/lib/python3.12/site-packages/airflow/example_dags/example_branch_python_dop_operator_3.py for tasks to queue
[2026-06-07T08:54:02.979+0000] {logging_mixin.py:190} INFO - [2026-06-07T08:54:02.976+0000] {dagbag.py:588} INFO - Filling up the DagBag from /home/airflow/.local/lib/python3.12/site-packages/airflow/example_dags/example_branch_python_dop_operator_3.py
[2026-06-07T08:54:03.011+0000] {processor.py:925} INFO - DAG(s) 'example_branch_dop_operator_v3' retrieved from /home/airflow/.local/lib/python3.12/site-packages/airflow/example_dags/example_branch_python_dop_operator_3.py
[2026-06-07T08:54:03.070+0000] {logging_mixin.py:190} INFO - [2026-06-07T08:54:03.069+0000] {dag.py:3239} INFO - Sync 1 DAGs
[2026-06-07T08:54:03.135+0000] {logging_mixin.py:190} INFO - [2026-06-07T08:54:03.135+0000] {dag.py:4180} INFO - Setting next_dagrun for example_branch_dop_operator_v3 to 2026-06-07 08:53:00+00:00, run_after=2026-06-07 08:54:00+00:00
[2026-06-07T08:54:03.182+0000] {processor.py:208} INFO - Processing /home/airflow/.local/lib/python3.12/site-packages/airflow/example_dags/example_branch_python_dop_operator_3.py took 0.231 seconds
[2026-06-07T08:54:47.095+0000] {processor.py:186} INFO - Started process (PID=1528) to work on /home/airflow/.local/lib/python3.12/site-packages/airflow/example_dags/example_branch_python_dop_operator_3.py
[2026-06-07T08:54:47.102+0000] {processor.py:914} INFO - Processing file /home/airflow/.local/lib/python3.12/site-packages/airflow/example_dags/example_branch_python_dop_operator_3.py for tasks to queue
[2026-06-07T08:54:47.121+0000] {logging_mixin.py:190} INFO - [2026-06-07T08:54:47.119+0000] {dagbag.py:588} INFO - Filling up the DagBag from /home/airflow/.local/lib/python3.12/site-packages/airflow/example_dags/example_branch_python_dop_operator_3.py
[2026-06-07T08:54:47.193+0000] {processor.py:925} INFO - DAG(s) 'example_branch_dop_operator_v3' retrieved from /home/airflow/.local/lib/python3.12/site-packages/airflow/example_dags/example_branch_python_dop_operator_3.py
[2026-06-07T08:54:47.302+0000] {logging_mixin.py:190} INFO - [2026-06-07T08:54:47.302+0000] {dag.py:3239} INFO - Sync 1 DAGs
[2026-06-07T08:54:47.640+0000] {logging_mixin.py:190} INFO - [2026-06-07T08:54:47.636+0000] {dag.py:4180} INFO - Setting next_dagrun for example_branch_dop_operator_v3 to 2026-06-07 08:53:00+00:00, run_after=2026-06-07 08:54:00+00:00
[2026-06-07T08:54:47.854+0000] {processor.py:208} INFO - Processing /home/airflow/.local/lib/python3.12/site-packages/airflow/example_dags/example_branch_python_dop_operator_3.py took 0.858 seconds
[2026-06-07T08:55:48.500+0000] {processor.py:186} INFO - Started process (PID=1607) to work on /home/airflow/.local/lib/python3.12/site-packages/airflow/example_dags/example_branch_python_dop_operator_3.py
[2026-06-07T08:55:48.502+0000] {processor.py:914} INFO - Processing file /home/airflow/.local/lib/python3.12/site-packages/airflow/example_dags/example_branch_python_dop_operator_3.py for tasks to queue
[2026-06-07T08:55:48.505+0000] {logging_mixin.py:190} INFO - [2026-06-07T08:55:48.504+0000] {dagbag.py:588} INFO - Filling up the DagBag from /home/airflow/.local/lib/python3.12/site-packages/airflow/example_dags/example_branch_python_dop_operator_3.py
[2026-06-07T08:55:48.526+0000] {processor.py:925} INFO - DAG(s) 'example_branch_dop_operator_v3' retrieved from /home/airflow/.local/lib/python3.12/site-packages/airflow/example_dags/example_branch_python_dop_operator_3.py
[2026-06-07T08:55:48.575+0000] {logging_mixin.py:190} INFO - [2026-06-07T08:55:48.574+0000] {dag.py:3239} INFO - Sync 1 DAGs
[2026-06-07T08:55:48.634+0000] {logging_mixin.py:190} INFO - [2026-06-07T08:55:48.634+0000] {dag.py:4180} INFO - Setting next_dagrun for example_branch_dop_operator_v3 to 2026-06-07 08:54:00+00:00, run_after=2026-06-07 08:55:00+00:00
[2026-06-07T08:55:48.666+0000] {processor.py:208} INFO - Processing /home/airflow/.local/lib/python3.12/site-packages/airflow/example_dags/example_branch_python_dop_operator_3.py took 0.178 seconds
[2026-06-07T08:56:24.193+0000] {processor.py:186} INFO - Started process (PID=1669) to work on /home/airflow/.local/lib/python3.12/site-packages/airflow/example_dags/example_branch_python_dop_operator_3.py
[2026-06-07T08:56:24.195+0000] {processor.py:914} INFO - Processing file /home/airflow/.local/lib/python3.12/site-packages/airflow/example_dags/example_branch_python_dop_operator_3.py for tasks to queue
[2026-06-07T08:56:24.197+0000] {logging_mixin.py:190} INFO - [2026-06-07T08:56:24.197+0000] {dagbag.py:588} INFO - Filling up the DagBag from /home/airflow/.local/lib/python3.12/site-packages/airflow/example_dags/example_branch_python_dop_operator_3.py
[2026-06-07T08:56:24.221+0000] {processor.py:925} INFO - DAG(s) 'example_branch_dop_operator_v3' retrieved from /home/airflow/.local/lib/python3.12/site-packages/airflow/example_dags/example_branch_python_dop_operator_3.py
[2026-06-07T08:56:24.263+0000] {logging_mixin.py:190} INFO - [2026-06-07T08:56:24.263+0000] {dag.py:3239} INFO - Sync 1 DAGs
[2026-06-07T08:56:24.307+0000] {logging_mixin.py:190} INFO - [2026-06-07T08:56:24.306+0000] {dag.py:4180} INFO - Setting next_dagrun for example_branch_dop_operator_v3 to 2026-06-07 08:55:00+00:00, run_after=2026-06-07 08:56:00+00:00
[2026-06-07T08:56:24.351+0000] {processor.py:208} INFO - Processing /home/airflow/.local/lib/python3.12/site-packages/airflow/example_dags/example_branch_python_dop_operator_3.py took 0.167 seconds
[2026-06-07T08:57:08.107+0000] {processor.py:186} INFO - Started process (PID=1737) to work on /home/airflow/.local/lib/python3.12/site-packages/airflow/example_dags/example_branch_python_dop_operator_3.py
[2026-06-07T08:57:08.110+0000] {processor.py:914} INFO - Processing file /home/airflow/.local/lib/python3.12/site-packages/airflow/example_dags/example_branch_python_dop_operator_3.py for tasks to queue
[2026-06-07T08:57:08.114+0000] {logging_mixin.py:190} INFO - [2026-06-07T08:57:08.114+0000] {dagbag.py:588} INFO - Filling up the DagBag from /home/airflow/.local/lib/python3.12/site-packages/airflow/example_dags/example_branch_python_dop_operator_3.py
[2026-06-07T08:57:08.132+0000] {processor.py:925} INFO - DAG(s) 'example_branch_dop_operator_v3' retrieved from /home/airflow/.local/lib/python3.12/site-packages/airflow/example_dags/example_branch_python_dop_operator_3.py
[2026-06-07T08:57:08.181+0000] {logging_mixin.py:190} INFO - [2026-06-07T08:57:08.181+0000] {dag.py:3239} INFO - Sync 1 DAGs
[2026-06-07T08:57:08.235+0000] {logging_mixin.py:190} INFO - [2026-06-07T08:57:08.235+0000] {dag.py:4180} INFO - Setting next_dagrun for example_branch_dop_operator_v3 to 2026-06-07 08:56:00+00:00, run_after=2026-06-07 08:57:00+00:00
[2026-06-07T08:57:08.274+0000] {processor.py:208} INFO - Processing /home/airflow/.local/lib/python3.12/site-packages/airflow/example_dags/example_branch_python_dop_operator_3.py took 0.180 seconds
[2026-06-07T10:17:26.662+0000] {processor.py:186} INFO - Started process (PID=123) to work on /home/airflow/.local/lib/python3.12/site-packages/airflow/example_dags/example_branch_python_dop_operator_3.py
[2026-06-07T10:17:26.665+0000] {processor.py:914} INFO - Processing file /home/airflow/.local/lib/python3.12/site-packages/airflow/example_dags/example_branch_python_dop_operator_3.py for tasks to queue
[2026-06-07T10:17:26.677+0000] {logging_mixin.py:190} INFO - [2026-06-07T10:17:26.676+0000] {dagbag.py:588} INFO - Filling up the DagBag from /home/airflow/.local/lib/python3.12/site-packages/airflow/example_dags/example_branch_python_dop_operator_3.py
[2026-06-07T10:17:26.703+0000] {processor.py:925} INFO - DAG(s) 'example_branch_dop_operator_v3' retrieved from /home/airflow/.local/lib/python3.12/site-packages/airflow/example_dags/example_branch_python_dop_operator_3.py
[2026-06-07T10:17:26.970+0000] {logging_mixin.py:190} INFO - [2026-06-07T10:17:26.968+0000] {override.py:1932} INFO - Created Permission View: can delete on DAG:example_branch_dop_operator_v3
[2026-06-07T10:17:27.007+0000] {logging_mixin.py:190} INFO - [2026-06-07T10:17:27.006+0000] {override.py:1932} INFO - Created Permission View: can edit on DAG:example_branch_dop_operator_v3
[2026-06-07T10:17:27.031+0000] {logging_mixin.py:190} INFO - [2026-06-07T10:17:27.030+0000] {override.py:1932} INFO - Created Permission View: can read on DAG:example_branch_dop_operator_v3
[2026-06-07T10:17:27.060+0000] {logging_mixin.py:190} INFO - [2026-06-07T10:17:27.058+0000] {override.py:1932} INFO - Created Permission View: menu access on DAG Run:example_branch_dop_operator_v3
[2026-06-07T10:17:27.082+0000] {logging_mixin.py:190} INFO - [2026-06-07T10:17:27.082+0000] {override.py:1932} INFO - Created Permission View: can delete on DAG Run:example_branch_dop_operator_v3
[2026-06-07T10:17:27.108+0000] {logging_mixin.py:190} INFO - [2026-06-07T10:17:27.108+0000] {override.py:1932} INFO - Created Permission View: can create on DAG Run:example_branch_dop_operator_v3
[2026-06-07T10:17:27.137+0000] {logging_mixin.py:190} INFO - [2026-06-07T10:17:27.137+0000] {override.py:1932} INFO - Created Permission View: can read on DAG Run:example_branch_dop_operator_v3
[2026-06-07T10:17:27.140+0000] {logging_mixin.py:190} INFO - [2026-06-07T10:17:27.139+0000] {dag.py:3239} INFO - Sync 1 DAGs
[2026-06-07T10:17:27.179+0000] {logging_mixin.py:190} INFO - [2026-06-07T10:17:27.179+0000] {dag.py:3262} INFO - Creating ORM DAG for example_branch_dop_operator_v3
[2026-06-07T10:17:27.211+0000] {logging_mixin.py:190} INFO - [2026-06-07T10:17:27.210+0000] {dag.py:4180} INFO - Setting next_dagrun for example_branch_dop_operator_v3 to 2026-06-07 10:16:00+00:00, run_after=2026-06-07 10:17:00+00:00
[2026-06-07T10:17:27.262+0000] {processor.py:208} INFO - Processing /home/airflow/.local/lib/python3.12/site-packages/airflow/example_dags/example_branch_python_dop_operator_3.py took 0.615 seconds
[2026-06-07T10:18:17.858+0000] {processor.py:186} INFO - Started process (PID=191) to work on /home/airflow/.local/lib/python3.12/site-packages/airflow/example_dags/example_branch_python_dop_operator_3.py
[2026-06-07T10:18:17.860+0000] {processor.py:914} INFO - Processing file /home/airflow/.local/lib/python3.12/site-packages/airflow/example_dags/example_branch_python_dop_operator_3.py for tasks to queue
[2026-06-07T10:18:17.866+0000] {logging_mixin.py:190} INFO - [2026-06-07T10:18:17.865+0000] {dagbag.py:588} INFO - Filling up the DagBag from /home/airflow/.local/lib/python3.12/site-packages/airflow/example_dags/example_branch_python_dop_operator_3.py
[2026-06-07T10:18:17.888+0000] {processor.py:925} INFO - DAG(s) 'example_branch_dop_operator_v3' retrieved from /home/airflow/.local/lib/python3.12/site-packages/airflow/example_dags/example_branch_python_dop_operator_3.py
[2026-06-07T10:18:17.941+0000] {logging_mixin.py:190} INFO - [2026-06-07T10:18:17.940+0000] {dag.py:3239} INFO - Sync 1 DAGs
[2026-06-07T10:18:17.997+0000] {logging_mixin.py:190} INFO - [2026-06-07T10:18:17.997+0000] {dag.py:4180} INFO - Setting next_dagrun for example_branch_dop_operator_v3 to 2026-06-07 10:17:00+00:00, run_after=2026-06-07 10:18:00+00:00
[2026-06-07T10:18:18.049+0000] {processor.py:208} INFO - Processing /home/airflow/.local/lib/python3.12/site-packages/airflow/example_dags/example_branch_python_dop_operator_3.py took 0.205 seconds
[2026-06-07T10:19:06.614+0000] {processor.py:186} INFO - Started process (PID=253) to work on /home/airflow/.local/lib/python3.12/site-packages/airflow/example_dags/example_branch_python_dop_operator_3.py
[2026-06-07T10:19:06.618+0000] {processor.py:914} INFO - Processing file /home/airflow/.local/lib/python3.12/site-packages/airflow/example_dags/example_branch_python_dop_operator_3.py for tasks to queue
[2026-06-07T10:19:06.628+0000] {logging_mixin.py:190} INFO - [2026-06-07T10:19:06.624+0000] {dagbag.py:588} INFO - Filling up the DagBag from /home/airflow/.local/lib/python3.12/site-packages/airflow/example_dags/example_branch_python_dop_operator_3.py
[2026-06-07T10:19:06.658+0000] {processor.py:925} INFO - DAG(s) 'example_branch_dop_operator_v3' retrieved from /home/airflow/.local/lib/python3.12/site-packages/airflow/example_dags/example_branch_python_dop_operator_3.py
[2026-06-07T10:19:06.729+0000] {logging_mixin.py:190} INFO - [2026-06-07T10:19:06.727+0000] {dag.py:3239} INFO - Sync 1 DAGs
[2026-06-07T10:19:06.811+0000] {logging_mixin.py:190} INFO - [2026-06-07T10:19:06.810+0000] {dag.py:4180} INFO - Setting next_dagrun for example_branch_dop_operator_v3 to 2026-06-07 10:18:00+00:00, run_after=2026-06-07 10:19:00+00:00
[2026-06-07T10:19:06.868+0000] {processor.py:208} INFO - Processing /home/airflow/.local/lib/python3.12/site-packages/airflow/example_dags/example_branch_python_dop_operator_3.py took 0.267 seconds
[2026-06-07T10:20:06.047+0000] {processor.py:186} INFO - Started process (PID=322) to work on /home/airflow/.local/lib/python3.12/site-packages/airflow/example_dags/example_branch_python_dop_operator_3.py
[2026-06-07T10:20:06.050+0000] {processor.py:914} INFO - Processing file /home/airflow/.local/lib/python3.12/site-packages/airflow/example_dags/example_branch_python_dop_operator_3.py for tasks to queue
[2026-06-07T10:20:06.057+0000] {logging_mixin.py:190} INFO - [2026-06-07T10:20:06.056+0000] {dagbag.py:588} INFO - Filling up the DagBag from /home/airflow/.local/lib/python3.12/site-packages/airflow/example_dags/example_branch_python_dop_operator_3.py
[2026-06-07T10:20:06.090+0000] {processor.py:925} INFO - DAG(s) 'example_branch_dop_operator_v3' retrieved from /home/airflow/.local/lib/python3.12/site-packages/airflow/example_dags/example_branch_python_dop_operator_3.py
[2026-06-07T10:20:06.164+0000] {logging_mixin.py:190} INFO - [2026-06-07T10:20:06.164+0000] {dag.py:3239} INFO - Sync 1 DAGs
[2026-06-07T10:20:06.253+0000] {logging_mixin.py:190} INFO - [2026-06-07T10:20:06.253+0000] {dag.py:4180} INFO - Setting next_dagrun for example_branch_dop_operator_v3 to 2026-06-07 10:19:00+00:00, run_after=2026-06-07 10:20:00+00:00
[2026-06-07T10:20:06.360+0000] {processor.py:208} INFO - Processing /home/airflow/.local/lib/python3.12/site-packages/airflow/example_dags/example_branch_python_dop_operator_3.py took 0.329 seconds
[2026-06-07T10:20:46.768+0000] {processor.py:186} INFO - Started process (PID=382) to work on /home/airflow/.local/lib/python3.12/site-packages/airflow/example_dags/example_branch_python_dop_operator_3.py
[2026-06-07T10:20:46.773+0000] {processor.py:914} INFO - Processing file /home/airflow/.local/lib/python3.12/site-packages/airflow/example_dags/example_branch_python_dop_operator_3.py for tasks to queue
[2026-06-07T10:20:46.781+0000] {logging_mixin.py:190} INFO - [2026-06-07T10:20:46.781+0000] {dagbag.py:588} INFO - Filling up the DagBag from /home/airflow/.local/lib/python3.12/site-packages/airflow/example_dags/example_branch_python_dop_operator_3.py
[2026-06-07T10:20:46.814+0000] {processor.py:925} INFO - DAG(s) 'example_branch_dop_operator_v3' retrieved from /home/airflow/.local/lib/python3.12/site-packages/airflow/example_dags/example_branch_python_dop_operator_3.py
[2026-06-07T10:20:46.908+0000] {logging_mixin.py:190} INFO - [2026-06-07T10:20:46.907+0000] {dag.py:3239} INFO - Sync 1 DAGs
[2026-06-07T10:20:46.999+0000] {logging_mixin.py:190} INFO - [2026-06-07T10:20:46.999+0000] {dag.py:4180} INFO - Setting next_dagrun for example_branch_dop_operator_v3 to 2026-06-07 10:19:00+00:00, run_after=2026-06-07 10:20:00+00:00
[2026-06-07T10:20:47.071+0000] {processor.py:208} INFO - Processing /home/airflow/.local/lib/python3.12/site-packages/airflow/example_dags/example_branch_python_dop_operator_3.py took 0.327 seconds
[2026-06-07T10:21:46.893+0000] {processor.py:186} INFO - Started process (PID=458) to work on /home/airflow/.local/lib/python3.12/site-packages/airflow/example_dags/example_branch_python_dop_operator_3.py
[2026-06-07T10:21:46.902+0000] {processor.py:914} INFO - Processing file /home/airflow/.local/lib/python3.12/site-packages/airflow/example_dags/example_branch_python_dop_operator_3.py for tasks to queue
[2026-06-07T10:21:46.909+0000] {logging_mixin.py:190} INFO - [2026-06-07T10:21:46.908+0000] {dagbag.py:588} INFO - Filling up the DagBag from /home/airflow/.local/lib/python3.12/site-packages/airflow/example_dags/example_branch_python_dop_operator_3.py
[2026-06-07T10:21:46.943+0000] {processor.py:925} INFO - DAG(s) 'example_branch_dop_operator_v3' retrieved from /home/airflow/.local/lib/python3.12/site-packages/airflow/example_dags/example_branch_python_dop_operator_3.py
[2026-06-07T10:21:47.026+0000] {logging_mixin.py:190} INFO - [2026-06-07T10:21:47.025+0000] {dag.py:3239} INFO - Sync 1 DAGs
[2026-06-07T10:21:47.106+0000] {logging_mixin.py:190} INFO - [2026-06-07T10:21:47.105+0000] {dag.py:4180} INFO - Setting next_dagrun for example_branch_dop_operator_v3 to 2026-06-07 10:20:00+00:00, run_after=2026-06-07 10:21:00+00:00
[2026-06-07T10:21:47.177+0000] {processor.py:208} INFO - Processing /home/airflow/.local/lib/python3.12/site-packages/airflow/example_dags/example_branch_python_dop_operator_3.py took 0.301 seconds
[2026-06-07T10:22:33.050+0000] {processor.py:186} INFO - Started process (PID=520) to work on /home/airflow/.local/lib/python3.12/site-packages/airflow/example_dags/example_branch_python_dop_operator_3.py
[2026-06-07T10:22:33.053+0000] {processor.py:914} INFO - Processing file /home/airflow/.local/lib/python3.12/site-packages/airflow/example_dags/example_branch_python_dop_operator_3.py for tasks to queue
[2026-06-07T10:22:33.061+0000] {logging_mixin.py:190} INFO - [2026-06-07T10:22:33.060+0000] {dagbag.py:588} INFO - Filling up the DagBag from /home/airflow/.local/lib/python3.12/site-packages/airflow/example_dags/example_branch_python_dop_operator_3.py
[2026-06-07T10:22:33.093+0000] {processor.py:925} INFO - DAG(s) 'example_branch_dop_operator_v3' retrieved from /home/airflow/.local/lib/python3.12/site-packages/airflow/example_dags/example_branch_python_dop_operator_3.py
[2026-06-07T10:22:33.155+0000] {logging_mixin.py:190} INFO - [2026-06-07T10:22:33.155+0000] {dag.py:3239} INFO - Sync 1 DAGs
[2026-06-07T10:22:33.228+0000] {logging_mixin.py:190} INFO - [2026-06-07T10:22:33.228+0000] {dag.py:4180} INFO - Setting next_dagrun for example_branch_dop_operator_v3 to 2026-06-07 10:21:00+00:00, run_after=2026-06-07 10:22:00+00:00
[2026-06-07T10:22:33.288+0000] {processor.py:208} INFO - Processing /home/airflow/.local/lib/python3.12/site-packages/airflow/example_dags/example_branch_python_dop_operator_3.py took 0.255 seconds
[2026-06-07T10:23:26.552+0000] {processor.py:186} INFO - Started process (PID=587) to work on /home/airflow/.local/lib/python3.12/site-packages/airflow/example_dags/example_branch_python_dop_operator_3.py
[2026-06-07T10:23:26.555+0000] {processor.py:914} INFO - Processing file /home/airflow/.local/lib/python3.12/site-packages/airflow/example_dags/example_branch_python_dop_operator_3.py for tasks to queue
[2026-06-07T10:23:26.565+0000] {logging_mixin.py:190} INFO - [2026-06-07T10:23:26.563+0000] {dagbag.py:588} INFO - Filling up the DagBag from /home/airflow/.local/lib/python3.12/site-packages/airflow/example_dags/example_branch_python_dop_operator_3.py
[2026-06-07T10:23:26.601+0000] {processor.py:925} INFO - DAG(s) 'example_branch_dop_operator_v3' retrieved from /home/airflow/.local/lib/python3.12/site-packages/airflow/example_dags/example_branch_python_dop_operator_3.py
[2026-06-07T10:23:26.699+0000] {logging_mixin.py:190} INFO - [2026-06-07T10:23:26.698+0000] {dag.py:3239} INFO - Sync 1 DAGs
[2026-06-07T10:23:26.800+0000] {logging_mixin.py:190} INFO - [2026-06-07T10:23:26.799+0000] {dag.py:4180} INFO - Setting next_dagrun for example_branch_dop_operator_v3 to 2026-06-07 10:22:00+00:00, run_after=2026-06-07 10:23:00+00:00
[2026-06-07T10:23:26.862+0000] {processor.py:208} INFO - Processing /home/airflow/.local/lib/python3.12/site-packages/airflow/example_dags/example_branch_python_dop_operator_3.py took 0.327 seconds
[2026-06-07T10:25:21.249+0000] {processor.py:186} INFO - Started process (PID=706) to work on /home/airflow/.local/lib/python3.12/site-packages/airflow/example_dags/example_branch_python_dop_operator_3.py
[2026-06-07T10:25:21.252+0000] {processor.py:914} INFO - Processing file /home/airflow/.local/lib/python3.12/site-packages/airflow/example_dags/example_branch_python_dop_operator_3.py for tasks to queue
[2026-06-07T10:25:21.256+0000] {logging_mixin.py:190} INFO - [2026-06-07T10:25:21.255+0000] {dagbag.py:588} INFO - Filling up the DagBag from /home/airflow/.local/lib/python3.12/site-packages/airflow/example_dags/example_branch_python_dop_operator_3.py
[2026-06-07T10:25:21.300+0000] {processor.py:925} INFO - DAG(s) 'example_branch_dop_operator_v3' retrieved from /home/airflow/.local/lib/python3.12/site-packages/airflow/example_dags/example_branch_python_dop_operator_3.py
[2026-06-07T10:25:21.390+0000] {logging_mixin.py:190} INFO - [2026-06-07T10:25:21.390+0000] {dag.py:3239} INFO - Sync 1 DAGs
[2026-06-07T10:25:21.470+0000] {logging_mixin.py:190} INFO - [2026-06-07T10:25:21.470+0000] {dag.py:4180} INFO - Setting next_dagrun for example_branch_dop_operator_v3 to 2026-06-07 10:24:00+00:00, run_after=2026-06-07 10:25:00+00:00
[2026-06-07T10:25:21.524+0000] {processor.py:208} INFO - Processing /home/airflow/.local/lib/python3.12/site-packages/airflow/example_dags/example_branch_python_dop_operator_3.py took 0.289 seconds
[2026-06-07T10:26:23.378+0000] {processor.py:186} INFO - Started process (PID=778) to work on /home/airflow/.local/lib/python3.12/site-packages/airflow/example_dags/example_branch_python_dop_operator_3.py
[2026-06-07T10:26:23.387+0000] {processor.py:914} INFO - Processing file /home/airflow/.local/lib/python3.12/site-packages/airflow/example_dags/example_branch_python_dop_operator_3.py for tasks to queue
[2026-06-07T10:26:23.393+0000] {logging_mixin.py:190} INFO - [2026-06-07T10:26:23.392+0000] {dagbag.py:588} INFO - Filling up the DagBag from /home/airflow/.local/lib/python3.12/site-packages/airflow/example_dags/example_branch_python_dop_operator_3.py
[2026-06-07T10:26:23.431+0000] {processor.py:925} INFO - DAG(s) 'example_branch_dop_operator_v3' retrieved from /home/airflow/.local/lib/python3.12/site-packages/airflow/example_dags/example_branch_python_dop_operator_3.py
[2026-06-07T10:26:23.504+0000] {logging_mixin.py:190} INFO - [2026-06-07T10:26:23.503+0000] {dag.py:3239} INFO - Sync 1 DAGs
[2026-06-07T10:26:23.562+0000] {logging_mixin.py:190} INFO - [2026-06-07T10:26:23.562+0000] {dag.py:4180} INFO - Setting next_dagrun for example_branch_dop_operator_v3 to 2026-06-07 10:25:00+00:00, run_after=2026-06-07 10:26:00+00:00
[2026-06-07T10:26:23.606+0000] {processor.py:208} INFO - Processing /home/airflow/.local/lib/python3.12/site-packages/airflow/example_dags/example_branch_python_dop_operator_3.py took 0.247 seconds
