[2026-06-07T08:16:06.686+0000] {processor.py:186} INFO - Started process (PID=89) to work on /home/airflow/.local/lib/python3.12/site-packages/airflow/example_dags/example_latest_only_with_trigger.py
[2026-06-07T08:16:06.688+0000] {processor.py:914} INFO - Processing file /home/airflow/.local/lib/python3.12/site-packages/airflow/example_dags/example_latest_only_with_trigger.py for tasks to queue
[2026-06-07T08:16:06.698+0000] {logging_mixin.py:190} INFO - [2026-06-07T08:16:06.698+0000] {dagbag.py:588} INFO - Filling up the DagBag from /home/airflow/.local/lib/python3.12/site-packages/airflow/example_dags/example_latest_only_with_trigger.py
[2026-06-07T08:16:06.719+0000] {processor.py:925} INFO - DAG(s) 'latest_only_with_trigger' retrieved from /home/airflow/.local/lib/python3.12/site-packages/airflow/example_dags/example_latest_only_with_trigger.py
[2026-06-07T08:16:06.784+0000] {logging_mixin.py:190} INFO - [2026-06-07T08:16:06.784+0000] {dag.py:3239} INFO - Sync 1 DAGs
[2026-06-07T08:16:06.840+0000] {logging_mixin.py:190} INFO - [2026-06-07T08:16:06.840+0000] {dag.py:4180} INFO - Setting next_dagrun for latest_only_with_trigger to 2026-06-07 04:00:00+00:00, run_after=2026-06-07 08:00:00+00:00
[2026-06-07T08:16:06.906+0000] {processor.py:208} INFO - Processing /home/airflow/.local/lib/python3.12/site-packages/airflow/example_dags/example_latest_only_with_trigger.py took 0.231 seconds
[2026-06-07T08:17:01.104+0000] {processor.py:186} INFO - Started process (PID=157) to work on /home/airflow/.local/lib/python3.12/site-packages/airflow/example_dags/example_latest_only_with_trigger.py
[2026-06-07T08:17:01.112+0000] {processor.py:914} INFO - Processing file /home/airflow/.local/lib/python3.12/site-packages/airflow/example_dags/example_latest_only_with_trigger.py for tasks to queue
[2026-06-07T08:17:01.128+0000] {logging_mixin.py:190} INFO - [2026-06-07T08:17:01.126+0000] {dagbag.py:588} INFO - Filling up the DagBag from /home/airflow/.local/lib/python3.12/site-packages/airflow/example_dags/example_latest_only_with_trigger.py
[2026-06-07T08:17:01.163+0000] {processor.py:925} INFO - DAG(s) 'latest_only_with_trigger' retrieved from /home/airflow/.local/lib/python3.12/site-packages/airflow/example_dags/example_latest_only_with_trigger.py
[2026-06-07T08:17:01.309+0000] {logging_mixin.py:190} INFO - [2026-06-07T08:17:01.309+0000] {dag.py:3239} INFO - Sync 1 DAGs
[2026-06-07T08:17:01.365+0000] {logging_mixin.py:190} INFO - [2026-06-07T08:17:01.365+0000] {dag.py:4180} INFO - Setting next_dagrun for latest_only_with_trigger to 2026-06-07 04:00:00+00:00, run_after=2026-06-07 08:00:00+00:00
[2026-06-07T08:17:01.419+0000] {processor.py:208} INFO - Processing /home/airflow/.local/lib/python3.12/site-packages/airflow/example_dags/example_latest_only_with_trigger.py took 0.370 seconds
[2026-06-07T08:17:41.211+0000] {processor.py:186} INFO - Started process (PID=215) to work on /home/airflow/.local/lib/python3.12/site-packages/airflow/example_dags/example_latest_only_with_trigger.py
[2026-06-07T08:17:41.214+0000] {processor.py:914} INFO - Processing file /home/airflow/.local/lib/python3.12/site-packages/airflow/example_dags/example_latest_only_with_trigger.py for tasks to queue
[2026-06-07T08:17:41.229+0000] {logging_mixin.py:190} INFO - [2026-06-07T08:17:41.226+0000] {dagbag.py:588} INFO - Filling up the DagBag from /home/airflow/.local/lib/python3.12/site-packages/airflow/example_dags/example_latest_only_with_trigger.py
[2026-06-07T08:17:41.269+0000] {processor.py:925} INFO - DAG(s) 'latest_only_with_trigger' retrieved from /home/airflow/.local/lib/python3.12/site-packages/airflow/example_dags/example_latest_only_with_trigger.py
[2026-06-07T08:17:41.379+0000] {logging_mixin.py:190} INFO - [2026-06-07T08:17:41.378+0000] {dag.py:3239} INFO - Sync 1 DAGs
[2026-06-07T08:17:41.468+0000] {logging_mixin.py:190} INFO - [2026-06-07T08:17:41.467+0000] {dag.py:4180} INFO - Setting next_dagrun for latest_only_with_trigger to 2026-06-07 04:00:00+00:00, run_after=2026-06-07 08:00:00+00:00
[2026-06-07T08:17:41.528+0000] {processor.py:208} INFO - Processing /home/airflow/.local/lib/python3.12/site-packages/airflow/example_dags/example_latest_only_with_trigger.py took 0.331 seconds
[2026-06-07T08:18:24.133+0000] {processor.py:186} INFO - Started process (PID=286) to work on /home/airflow/.local/lib/python3.12/site-packages/airflow/example_dags/example_latest_only_with_trigger.py
[2026-06-07T08:18:24.136+0000] {processor.py:914} INFO - Processing file /home/airflow/.local/lib/python3.12/site-packages/airflow/example_dags/example_latest_only_with_trigger.py for tasks to queue
[2026-06-07T08:18:24.146+0000] {logging_mixin.py:190} INFO - [2026-06-07T08:18:24.145+0000] {dagbag.py:588} INFO - Filling up the DagBag from /home/airflow/.local/lib/python3.12/site-packages/airflow/example_dags/example_latest_only_with_trigger.py
[2026-06-07T08:18:24.164+0000] {processor.py:925} INFO - DAG(s) 'latest_only_with_trigger' retrieved from /home/airflow/.local/lib/python3.12/site-packages/airflow/example_dags/example_latest_only_with_trigger.py
[2026-06-07T08:18:24.234+0000] {logging_mixin.py:190} INFO - [2026-06-07T08:18:24.234+0000] {dag.py:3239} INFO - Sync 1 DAGs
[2026-06-07T08:18:24.309+0000] {logging_mixin.py:190} INFO - [2026-06-07T08:18:24.309+0000] {dag.py:4180} INFO - Setting next_dagrun for latest_only_with_trigger to 2026-06-07 04:00:00+00:00, run_after=2026-06-07 08:00:00+00:00
[2026-06-07T08:18:24.347+0000] {processor.py:208} INFO - Processing /home/airflow/.local/lib/python3.12/site-packages/airflow/example_dags/example_latest_only_with_trigger.py took 0.225 seconds
[2026-06-07T08:19:03.460+0000] {processor.py:186} INFO - Started process (PID=347) to work on /home/airflow/.local/lib/python3.12/site-packages/airflow/example_dags/example_latest_only_with_trigger.py
[2026-06-07T08:19:03.465+0000] {processor.py:914} INFO - Processing file /home/airflow/.local/lib/python3.12/site-packages/airflow/example_dags/example_latest_only_with_trigger.py for tasks to queue
[2026-06-07T08:19:03.483+0000] {logging_mixin.py:190} INFO - [2026-06-07T08:19:03.477+0000] {dagbag.py:588} INFO - Filling up the DagBag from /home/airflow/.local/lib/python3.12/site-packages/airflow/example_dags/example_latest_only_with_trigger.py
[2026-06-07T08:19:03.531+0000] {processor.py:925} INFO - DAG(s) 'latest_only_with_trigger' retrieved from /home/airflow/.local/lib/python3.12/site-packages/airflow/example_dags/example_latest_only_with_trigger.py
[2026-06-07T08:19:03.670+0000] {logging_mixin.py:190} INFO - [2026-06-07T08:19:03.669+0000] {dag.py:3239} INFO - Sync 1 DAGs
[2026-06-07T08:19:03.733+0000] {logging_mixin.py:190} INFO - [2026-06-07T08:19:03.732+0000] {dag.py:4180} INFO - Setting next_dagrun for latest_only_with_trigger to 2026-06-07 04:00:00+00:00, run_after=2026-06-07 08:00:00+00:00
[2026-06-07T08:19:03.799+0000] {processor.py:208} INFO - Processing /home/airflow/.local/lib/python3.12/site-packages/airflow/example_dags/example_latest_only_with_trigger.py took 0.355 seconds
[2026-06-07T08:19:35.569+0000] {processor.py:186} INFO - Started process (PID=409) to work on /home/airflow/.local/lib/python3.12/site-packages/airflow/example_dags/example_latest_only_with_trigger.py
[2026-06-07T08:19:35.572+0000] {processor.py:914} INFO - Processing file /home/airflow/.local/lib/python3.12/site-packages/airflow/example_dags/example_latest_only_with_trigger.py for tasks to queue
[2026-06-07T08:19:35.580+0000] {logging_mixin.py:190} INFO - [2026-06-07T08:19:35.579+0000] {dagbag.py:588} INFO - Filling up the DagBag from /home/airflow/.local/lib/python3.12/site-packages/airflow/example_dags/example_latest_only_with_trigger.py
[2026-06-07T08:19:35.601+0000] {processor.py:925} INFO - DAG(s) 'latest_only_with_trigger' retrieved from /home/airflow/.local/lib/python3.12/site-packages/airflow/example_dags/example_latest_only_with_trigger.py
[2026-06-07T08:19:35.662+0000] {logging_mixin.py:190} INFO - [2026-06-07T08:19:35.662+0000] {dag.py:3239} INFO - Sync 1 DAGs
[2026-06-07T08:19:35.720+0000] {logging_mixin.py:190} INFO - [2026-06-07T08:19:35.720+0000] {dag.py:4180} INFO - Setting next_dagrun for latest_only_with_trigger to 2026-06-07 04:00:00+00:00, run_after=2026-06-07 08:00:00+00:00
[2026-06-07T08:19:35.773+0000] {processor.py:208} INFO - Processing /home/airflow/.local/lib/python3.12/site-packages/airflow/example_dags/example_latest_only_with_trigger.py took 0.217 seconds
[2026-06-07T08:20:08.715+0000] {processor.py:186} INFO - Started process (PID=468) to work on /home/airflow/.local/lib/python3.12/site-packages/airflow/example_dags/example_latest_only_with_trigger.py
[2026-06-07T08:20:08.720+0000] {processor.py:914} INFO - Processing file /home/airflow/.local/lib/python3.12/site-packages/airflow/example_dags/example_latest_only_with_trigger.py for tasks to queue
[2026-06-07T08:20:08.728+0000] {logging_mixin.py:190} INFO - [2026-06-07T08:20:08.728+0000] {dagbag.py:588} INFO - Filling up the DagBag from /home/airflow/.local/lib/python3.12/site-packages/airflow/example_dags/example_latest_only_with_trigger.py
[2026-06-07T08:20:08.746+0000] {processor.py:925} INFO - DAG(s) 'latest_only_with_trigger' retrieved from /home/airflow/.local/lib/python3.12/site-packages/airflow/example_dags/example_latest_only_with_trigger.py
[2026-06-07T08:20:08.803+0000] {logging_mixin.py:190} INFO - [2026-06-07T08:20:08.802+0000] {dag.py:3239} INFO - Sync 1 DAGs
[2026-06-07T08:20:08.859+0000] {logging_mixin.py:190} INFO - [2026-06-07T08:20:08.858+0000] {dag.py:4180} INFO - Setting next_dagrun for latest_only_with_trigger to 2026-06-07 04:00:00+00:00, run_after=2026-06-07 08:00:00+00:00
[2026-06-07T08:20:08.905+0000] {processor.py:208} INFO - Processing /home/airflow/.local/lib/python3.12/site-packages/airflow/example_dags/example_latest_only_with_trigger.py took 0.206 seconds
[2026-06-07T08:20:42.340+0000] {processor.py:186} INFO - Started process (PID=528) to work on /home/airflow/.local/lib/python3.12/site-packages/airflow/example_dags/example_latest_only_with_trigger.py
[2026-06-07T08:20:42.342+0000] {processor.py:914} INFO - Processing file /home/airflow/.local/lib/python3.12/site-packages/airflow/example_dags/example_latest_only_with_trigger.py for tasks to queue
[2026-06-07T08:20:42.347+0000] {logging_mixin.py:190} INFO - [2026-06-07T08:20:42.346+0000] {dagbag.py:588} INFO - Filling up the DagBag from /home/airflow/.local/lib/python3.12/site-packages/airflow/example_dags/example_latest_only_with_trigger.py
[2026-06-07T08:20:42.360+0000] {processor.py:925} INFO - DAG(s) 'latest_only_with_trigger' retrieved from /home/airflow/.local/lib/python3.12/site-packages/airflow/example_dags/example_latest_only_with_trigger.py
[2026-06-07T08:20:42.409+0000] {logging_mixin.py:190} INFO - [2026-06-07T08:20:42.408+0000] {dag.py:3239} INFO - Sync 1 DAGs
[2026-06-07T08:20:42.488+0000] {logging_mixin.py:190} INFO - [2026-06-07T08:20:42.487+0000] {dag.py:4180} INFO - Setting next_dagrun for latest_only_with_trigger to 2026-06-07 04:00:00+00:00, run_after=2026-06-07 08:00:00+00:00
[2026-06-07T08:20:42.553+0000] {processor.py:208} INFO - Processing /home/airflow/.local/lib/python3.12/site-packages/airflow/example_dags/example_latest_only_with_trigger.py took 0.222 seconds
[2026-06-07T08:21:15.914+0000] {processor.py:186} INFO - Started process (PID=597) to work on /home/airflow/.local/lib/python3.12/site-packages/airflow/example_dags/example_latest_only_with_trigger.py
[2026-06-07T08:21:15.916+0000] {processor.py:914} INFO - Processing file /home/airflow/.local/lib/python3.12/site-packages/airflow/example_dags/example_latest_only_with_trigger.py for tasks to queue
[2026-06-07T08:21:15.923+0000] {logging_mixin.py:190} INFO - [2026-06-07T08:21:15.922+0000] {dagbag.py:588} INFO - Filling up the DagBag from /home/airflow/.local/lib/python3.12/site-packages/airflow/example_dags/example_latest_only_with_trigger.py
[2026-06-07T08:21:15.939+0000] {processor.py:925} INFO - DAG(s) 'latest_only_with_trigger' retrieved from /home/airflow/.local/lib/python3.12/site-packages/airflow/example_dags/example_latest_only_with_trigger.py
[2026-06-07T08:21:15.993+0000] {logging_mixin.py:190} INFO - [2026-06-07T08:21:15.992+0000] {dag.py:3239} INFO - Sync 1 DAGs
[2026-06-07T08:21:16.040+0000] {logging_mixin.py:190} INFO - [2026-06-07T08:21:16.040+0000] {dag.py:4180} INFO - Setting next_dagrun for latest_only_with_trigger to 2026-06-07 04:00:00+00:00, run_after=2026-06-07 08:00:00+00:00
[2026-06-07T08:21:16.079+0000] {processor.py:208} INFO - Processing /home/airflow/.local/lib/python3.12/site-packages/airflow/example_dags/example_latest_only_with_trigger.py took 0.185 seconds
[2026-06-07T08:21:54.111+0000] {processor.py:186} INFO - Started process (PID=659) to work on /home/airflow/.local/lib/python3.12/site-packages/airflow/example_dags/example_latest_only_with_trigger.py
[2026-06-07T08:21:54.114+0000] {processor.py:914} INFO - Processing file /home/airflow/.local/lib/python3.12/site-packages/airflow/example_dags/example_latest_only_with_trigger.py for tasks to queue
[2026-06-07T08:21:54.122+0000] {logging_mixin.py:190} INFO - [2026-06-07T08:21:54.121+0000] {dagbag.py:588} INFO - Filling up the DagBag from /home/airflow/.local/lib/python3.12/site-packages/airflow/example_dags/example_latest_only_with_trigger.py
[2026-06-07T08:21:54.146+0000] {processor.py:925} INFO - DAG(s) 'latest_only_with_trigger' retrieved from /home/airflow/.local/lib/python3.12/site-packages/airflow/example_dags/example_latest_only_with_trigger.py
[2026-06-07T08:21:54.208+0000] {logging_mixin.py:190} INFO - [2026-06-07T08:21:54.208+0000] {dag.py:3239} INFO - Sync 1 DAGs
[2026-06-07T08:21:54.266+0000] {logging_mixin.py:190} INFO - [2026-06-07T08:21:54.266+0000] {dag.py:4180} INFO - Setting next_dagrun for latest_only_with_trigger to 2026-06-07 04:00:00+00:00, run_after=2026-06-07 08:00:00+00:00
[2026-06-07T08:21:54.319+0000] {processor.py:208} INFO - Processing /home/airflow/.local/lib/python3.12/site-packages/airflow/example_dags/example_latest_only_with_trigger.py took 0.221 seconds
[2026-06-07T08:22:29.414+0000] {processor.py:186} INFO - Started process (PID=721) to work on /home/airflow/.local/lib/python3.12/site-packages/airflow/example_dags/example_latest_only_with_trigger.py
[2026-06-07T08:22:29.416+0000] {processor.py:914} INFO - Processing file /home/airflow/.local/lib/python3.12/site-packages/airflow/example_dags/example_latest_only_with_trigger.py for tasks to queue
[2026-06-07T08:22:29.420+0000] {logging_mixin.py:190} INFO - [2026-06-07T08:22:29.420+0000] {dagbag.py:588} INFO - Filling up the DagBag from /home/airflow/.local/lib/python3.12/site-packages/airflow/example_dags/example_latest_only_with_trigger.py
[2026-06-07T08:22:29.437+0000] {processor.py:925} INFO - DAG(s) 'latest_only_with_trigger' retrieved from /home/airflow/.local/lib/python3.12/site-packages/airflow/example_dags/example_latest_only_with_trigger.py
[2026-06-07T08:22:29.493+0000] {logging_mixin.py:190} INFO - [2026-06-07T08:22:29.493+0000] {dag.py:3239} INFO - Sync 1 DAGs
[2026-06-07T08:22:29.545+0000] {logging_mixin.py:190} INFO - [2026-06-07T08:22:29.544+0000] {dag.py:4180} INFO - Setting next_dagrun for latest_only_with_trigger to 2026-06-07 04:00:00+00:00, run_after=2026-06-07 08:00:00+00:00
[2026-06-07T08:22:29.592+0000] {processor.py:208} INFO - Processing /home/airflow/.local/lib/python3.12/site-packages/airflow/example_dags/example_latest_only_with_trigger.py took 0.188 seconds
[2026-06-07T08:23:04.475+0000] {processor.py:186} INFO - Started process (PID=782) to work on /home/airflow/.local/lib/python3.12/site-packages/airflow/example_dags/example_latest_only_with_trigger.py
[2026-06-07T08:23:04.478+0000] {processor.py:914} INFO - Processing file /home/airflow/.local/lib/python3.12/site-packages/airflow/example_dags/example_latest_only_with_trigger.py for tasks to queue
[2026-06-07T08:23:04.482+0000] {logging_mixin.py:190} INFO - [2026-06-07T08:23:04.482+0000] {dagbag.py:588} INFO - Filling up the DagBag from /home/airflow/.local/lib/python3.12/site-packages/airflow/example_dags/example_latest_only_with_trigger.py
[2026-06-07T08:23:04.496+0000] {processor.py:925} INFO - DAG(s) 'latest_only_with_trigger' retrieved from /home/airflow/.local/lib/python3.12/site-packages/airflow/example_dags/example_latest_only_with_trigger.py
[2026-06-07T08:23:04.544+0000] {logging_mixin.py:190} INFO - [2026-06-07T08:23:04.544+0000] {dag.py:3239} INFO - Sync 1 DAGs
[2026-06-07T08:23:04.588+0000] {logging_mixin.py:190} INFO - [2026-06-07T08:23:04.588+0000] {dag.py:4180} INFO - Setting next_dagrun for latest_only_with_trigger to 2026-06-07 04:00:00+00:00, run_after=2026-06-07 08:00:00+00:00
[2026-06-07T08:23:04.631+0000] {processor.py:208} INFO - Processing /home/airflow/.local/lib/python3.12/site-packages/airflow/example_dags/example_latest_only_with_trigger.py took 0.165 seconds
[2026-06-07T08:23:39.112+0000] {processor.py:186} INFO - Started process (PID=844) to work on /home/airflow/.local/lib/python3.12/site-packages/airflow/example_dags/example_latest_only_with_trigger.py
[2026-06-07T08:23:39.116+0000] {processor.py:914} INFO - Processing file /home/airflow/.local/lib/python3.12/site-packages/airflow/example_dags/example_latest_only_with_trigger.py for tasks to queue
[2026-06-07T08:23:39.121+0000] {logging_mixin.py:190} INFO - [2026-06-07T08:23:39.121+0000] {dagbag.py:588} INFO - Filling up the DagBag from /home/airflow/.local/lib/python3.12/site-packages/airflow/example_dags/example_latest_only_with_trigger.py
[2026-06-07T08:23:39.139+0000] {processor.py:925} INFO - DAG(s) 'latest_only_with_trigger' retrieved from /home/airflow/.local/lib/python3.12/site-packages/airflow/example_dags/example_latest_only_with_trigger.py
[2026-06-07T08:23:39.183+0000] {logging_mixin.py:190} INFO - [2026-06-07T08:23:39.183+0000] {dag.py:3239} INFO - Sync 1 DAGs
[2026-06-07T08:23:39.223+0000] {logging_mixin.py:190} INFO - [2026-06-07T08:23:39.223+0000] {dag.py:4180} INFO - Setting next_dagrun for latest_only_with_trigger to 2026-06-07 04:00:00+00:00, run_after=2026-06-07 08:00:00+00:00
[2026-06-07T08:23:39.257+0000] {processor.py:208} INFO - Processing /home/airflow/.local/lib/python3.12/site-packages/airflow/example_dags/example_latest_only_with_trigger.py took 0.160 seconds
[2026-06-07T08:24:16.170+0000] {processor.py:186} INFO - Started process (PID=910) to work on /home/airflow/.local/lib/python3.12/site-packages/airflow/example_dags/example_latest_only_with_trigger.py
[2026-06-07T08:24:16.172+0000] {processor.py:914} INFO - Processing file /home/airflow/.local/lib/python3.12/site-packages/airflow/example_dags/example_latest_only_with_trigger.py for tasks to queue
[2026-06-07T08:24:16.178+0000] {logging_mixin.py:190} INFO - [2026-06-07T08:24:16.178+0000] {dagbag.py:588} INFO - Filling up the DagBag from /home/airflow/.local/lib/python3.12/site-packages/airflow/example_dags/example_latest_only_with_trigger.py
[2026-06-07T08:24:16.200+0000] {processor.py:925} INFO - DAG(s) 'latest_only_with_trigger' retrieved from /home/airflow/.local/lib/python3.12/site-packages/airflow/example_dags/example_latest_only_with_trigger.py
[2026-06-07T08:24:16.291+0000] {logging_mixin.py:190} INFO - [2026-06-07T08:24:16.291+0000] {dag.py:3239} INFO - Sync 1 DAGs
[2026-06-07T08:24:16.357+0000] {logging_mixin.py:190} INFO - [2026-06-07T08:24:16.356+0000] {dag.py:4180} INFO - Setting next_dagrun for latest_only_with_trigger to 2026-06-07 04:00:00+00:00, run_after=2026-06-07 08:00:00+00:00
[2026-06-07T08:24:16.408+0000] {processor.py:208} INFO - Processing /home/airflow/.local/lib/python3.12/site-packages/airflow/example_dags/example_latest_only_with_trigger.py took 0.249 seconds
[2026-06-07T08:24:53.967+0000] {processor.py:186} INFO - Started process (PID=971) to work on /home/airflow/.local/lib/python3.12/site-packages/airflow/example_dags/example_latest_only_with_trigger.py
[2026-06-07T08:24:53.971+0000] {processor.py:914} INFO - Processing file /home/airflow/.local/lib/python3.12/site-packages/airflow/example_dags/example_latest_only_with_trigger.py for tasks to queue
[2026-06-07T08:24:53.977+0000] {logging_mixin.py:190} INFO - [2026-06-07T08:24:53.977+0000] {dagbag.py:588} INFO - Filling up the DagBag from /home/airflow/.local/lib/python3.12/site-packages/airflow/example_dags/example_latest_only_with_trigger.py
[2026-06-07T08:24:54.004+0000] {processor.py:925} INFO - DAG(s) 'latest_only_with_trigger' retrieved from /home/airflow/.local/lib/python3.12/site-packages/airflow/example_dags/example_latest_only_with_trigger.py
[2026-06-07T08:24:54.053+0000] {logging_mixin.py:190} INFO - [2026-06-07T08:24:54.052+0000] {dag.py:3239} INFO - Sync 1 DAGs
[2026-06-07T08:24:54.098+0000] {logging_mixin.py:190} INFO - [2026-06-07T08:24:54.097+0000] {dag.py:4180} INFO - Setting next_dagrun for latest_only_with_trigger to 2026-06-07 04:00:00+00:00, run_after=2026-06-07 08:00:00+00:00
[2026-06-07T08:24:54.135+0000] {processor.py:208} INFO - Processing /home/airflow/.local/lib/python3.12/site-packages/airflow/example_dags/example_latest_only_with_trigger.py took 0.181 seconds
[2026-06-07T08:25:26.863+0000] {processor.py:186} INFO - Started process (PID=1033) to work on /home/airflow/.local/lib/python3.12/site-packages/airflow/example_dags/example_latest_only_with_trigger.py
[2026-06-07T08:25:26.865+0000] {processor.py:914} INFO - Processing file /home/airflow/.local/lib/python3.12/site-packages/airflow/example_dags/example_latest_only_with_trigger.py for tasks to queue
[2026-06-07T08:25:26.871+0000] {logging_mixin.py:190} INFO - [2026-06-07T08:25:26.870+0000] {dagbag.py:588} INFO - Filling up the DagBag from /home/airflow/.local/lib/python3.12/site-packages/airflow/example_dags/example_latest_only_with_trigger.py
[2026-06-07T08:25:26.889+0000] {processor.py:925} INFO - DAG(s) 'latest_only_with_trigger' retrieved from /home/airflow/.local/lib/python3.12/site-packages/airflow/example_dags/example_latest_only_with_trigger.py
[2026-06-07T08:25:26.944+0000] {logging_mixin.py:190} INFO - [2026-06-07T08:25:26.944+0000] {dag.py:3239} INFO - Sync 1 DAGs
[2026-06-07T08:25:27.015+0000] {logging_mixin.py:190} INFO - [2026-06-07T08:25:27.015+0000] {dag.py:4180} INFO - Setting next_dagrun for latest_only_with_trigger to 2026-06-07 04:00:00+00:00, run_after=2026-06-07 08:00:00+00:00
[2026-06-07T08:25:27.062+0000] {processor.py:208} INFO - Processing /home/airflow/.local/lib/python3.12/site-packages/airflow/example_dags/example_latest_only_with_trigger.py took 0.210 seconds
[2026-06-07T08:26:03.971+0000] {processor.py:186} INFO - Started process (PID=1095) to work on /home/airflow/.local/lib/python3.12/site-packages/airflow/example_dags/example_latest_only_with_trigger.py
[2026-06-07T08:26:03.974+0000] {processor.py:914} INFO - Processing file /home/airflow/.local/lib/python3.12/site-packages/airflow/example_dags/example_latest_only_with_trigger.py for tasks to queue
[2026-06-07T08:26:03.979+0000] {logging_mixin.py:190} INFO - [2026-06-07T08:26:03.978+0000] {dagbag.py:588} INFO - Filling up the DagBag from /home/airflow/.local/lib/python3.12/site-packages/airflow/example_dags/example_latest_only_with_trigger.py
[2026-06-07T08:26:03.996+0000] {processor.py:925} INFO - DAG(s) 'latest_only_with_trigger' retrieved from /home/airflow/.local/lib/python3.12/site-packages/airflow/example_dags/example_latest_only_with_trigger.py
[2026-06-07T08:26:04.049+0000] {logging_mixin.py:190} INFO - [2026-06-07T08:26:04.049+0000] {dag.py:3239} INFO - Sync 1 DAGs
[2026-06-07T08:26:04.113+0000] {logging_mixin.py:190} INFO - [2026-06-07T08:26:04.113+0000] {dag.py:4180} INFO - Setting next_dagrun for latest_only_with_trigger to 2026-06-07 04:00:00+00:00, run_after=2026-06-07 08:00:00+00:00
[2026-06-07T08:26:04.177+0000] {processor.py:208} INFO - Processing /home/airflow/.local/lib/python3.12/site-packages/airflow/example_dags/example_latest_only_with_trigger.py took 0.219 seconds
[2026-06-07T08:26:38.606+0000] {processor.py:186} INFO - Started process (PID=1157) to work on /home/airflow/.local/lib/python3.12/site-packages/airflow/example_dags/example_latest_only_with_trigger.py
[2026-06-07T08:26:38.608+0000] {processor.py:914} INFO - Processing file /home/airflow/.local/lib/python3.12/site-packages/airflow/example_dags/example_latest_only_with_trigger.py for tasks to queue
[2026-06-07T08:26:38.612+0000] {logging_mixin.py:190} INFO - [2026-06-07T08:26:38.612+0000] {dagbag.py:588} INFO - Filling up the DagBag from /home/airflow/.local/lib/python3.12/site-packages/airflow/example_dags/example_latest_only_with_trigger.py
[2026-06-07T08:26:38.626+0000] {processor.py:925} INFO - DAG(s) 'latest_only_with_trigger' retrieved from /home/airflow/.local/lib/python3.12/site-packages/airflow/example_dags/example_latest_only_with_trigger.py
[2026-06-07T08:26:38.669+0000] {logging_mixin.py:190} INFO - [2026-06-07T08:26:38.669+0000] {dag.py:3239} INFO - Sync 1 DAGs
[2026-06-07T08:26:38.710+0000] {logging_mixin.py:190} INFO - [2026-06-07T08:26:38.710+0000] {dag.py:4180} INFO - Setting next_dagrun for latest_only_with_trigger to 2026-06-07 04:00:00+00:00, run_after=2026-06-07 08:00:00+00:00
[2026-06-07T08:26:38.748+0000] {processor.py:208} INFO - Processing /home/airflow/.local/lib/python3.12/site-packages/airflow/example_dags/example_latest_only_with_trigger.py took 0.154 seconds
[2026-06-07T08:27:15.441+0000] {processor.py:186} INFO - Started process (PID=1224) to work on /home/airflow/.local/lib/python3.12/site-packages/airflow/example_dags/example_latest_only_with_trigger.py
[2026-06-07T08:27:15.443+0000] {processor.py:914} INFO - Processing file /home/airflow/.local/lib/python3.12/site-packages/airflow/example_dags/example_latest_only_with_trigger.py for tasks to queue
[2026-06-07T08:27:15.449+0000] {logging_mixin.py:190} INFO - [2026-06-07T08:27:15.449+0000] {dagbag.py:588} INFO - Filling up the DagBag from /home/airflow/.local/lib/python3.12/site-packages/airflow/example_dags/example_latest_only_with_trigger.py
[2026-06-07T08:27:15.467+0000] {processor.py:925} INFO - DAG(s) 'latest_only_with_trigger' retrieved from /home/airflow/.local/lib/python3.12/site-packages/airflow/example_dags/example_latest_only_with_trigger.py
[2026-06-07T08:27:15.517+0000] {logging_mixin.py:190} INFO - [2026-06-07T08:27:15.517+0000] {dag.py:3239} INFO - Sync 1 DAGs
[2026-06-07T08:27:15.566+0000] {logging_mixin.py:190} INFO - [2026-06-07T08:27:15.565+0000] {dag.py:4180} INFO - Setting next_dagrun for latest_only_with_trigger to 2026-06-07 04:00:00+00:00, run_after=2026-06-07 08:00:00+00:00
[2026-06-07T08:27:15.605+0000] {processor.py:208} INFO - Processing /home/airflow/.local/lib/python3.12/site-packages/airflow/example_dags/example_latest_only_with_trigger.py took 0.176 seconds
[2026-06-07T08:27:51.737+0000] {processor.py:186} INFO - Started process (PID=1274) to work on /home/airflow/.local/lib/python3.12/site-packages/airflow/example_dags/example_latest_only_with_trigger.py
[2026-06-07T08:27:51.740+0000] {processor.py:914} INFO - Processing file /home/airflow/.local/lib/python3.12/site-packages/airflow/example_dags/example_latest_only_with_trigger.py for tasks to queue
[2026-06-07T08:27:51.744+0000] {logging_mixin.py:190} INFO - [2026-06-07T08:27:51.743+0000] {dagbag.py:588} INFO - Filling up the DagBag from /home/airflow/.local/lib/python3.12/site-packages/airflow/example_dags/example_latest_only_with_trigger.py
[2026-06-07T08:27:51.757+0000] {processor.py:925} INFO - DAG(s) 'latest_only_with_trigger' retrieved from /home/airflow/.local/lib/python3.12/site-packages/airflow/example_dags/example_latest_only_with_trigger.py
[2026-06-07T08:27:51.798+0000] {logging_mixin.py:190} INFO - [2026-06-07T08:27:51.798+0000] {dag.py:3239} INFO - Sync 1 DAGs
[2026-06-07T08:27:51.834+0000] {logging_mixin.py:190} INFO - [2026-06-07T08:27:51.834+0000] {dag.py:4180} INFO - Setting next_dagrun for latest_only_with_trigger to 2026-06-07 04:00:00+00:00, run_after=2026-06-07 08:00:00+00:00
[2026-06-07T08:27:51.870+0000] {processor.py:208} INFO - Processing /home/airflow/.local/lib/python3.12/site-packages/airflow/example_dags/example_latest_only_with_trigger.py took 0.143 seconds
[2026-06-07T08:28:32.247+0000] {processor.py:186} INFO - Started process (PID=1337) to work on /home/airflow/.local/lib/python3.12/site-packages/airflow/example_dags/example_latest_only_with_trigger.py
[2026-06-07T08:28:32.250+0000] {processor.py:914} INFO - Processing file /home/airflow/.local/lib/python3.12/site-packages/airflow/example_dags/example_latest_only_with_trigger.py for tasks to queue
[2026-06-07T08:28:32.257+0000] {logging_mixin.py:190} INFO - [2026-06-07T08:28:32.256+0000] {dagbag.py:588} INFO - Filling up the DagBag from /home/airflow/.local/lib/python3.12/site-packages/airflow/example_dags/example_latest_only_with_trigger.py
[2026-06-07T08:28:32.272+0000] {processor.py:925} INFO - DAG(s) 'latest_only_with_trigger' retrieved from /home/airflow/.local/lib/python3.12/site-packages/airflow/example_dags/example_latest_only_with_trigger.py
[2026-06-07T08:28:32.323+0000] {logging_mixin.py:190} INFO - [2026-06-07T08:28:32.322+0000] {dag.py:3239} INFO - Sync 1 DAGs
[2026-06-07T08:28:32.378+0000] {logging_mixin.py:190} INFO - [2026-06-07T08:28:32.378+0000] {dag.py:4180} INFO - Setting next_dagrun for latest_only_with_trigger to 2026-06-07 04:00:00+00:00, run_after=2026-06-07 08:00:00+00:00
[2026-06-07T08:28:32.426+0000] {processor.py:208} INFO - Processing /home/airflow/.local/lib/python3.12/site-packages/airflow/example_dags/example_latest_only_with_trigger.py took 0.194 seconds
[2026-06-07T08:29:05.224+0000] {processor.py:186} INFO - Started process (PID=1399) to work on /home/airflow/.local/lib/python3.12/site-packages/airflow/example_dags/example_latest_only_with_trigger.py
[2026-06-07T08:29:05.235+0000] {processor.py:914} INFO - Processing file /home/airflow/.local/lib/python3.12/site-packages/airflow/example_dags/example_latest_only_with_trigger.py for tasks to queue
[2026-06-07T08:29:05.258+0000] {logging_mixin.py:190} INFO - [2026-06-07T08:29:05.257+0000] {dagbag.py:588} INFO - Filling up the DagBag from /home/airflow/.local/lib/python3.12/site-packages/airflow/example_dags/example_latest_only_with_trigger.py
[2026-06-07T08:29:05.289+0000] {processor.py:925} INFO - DAG(s) 'latest_only_with_trigger' retrieved from /home/airflow/.local/lib/python3.12/site-packages/airflow/example_dags/example_latest_only_with_trigger.py
[2026-06-07T08:29:05.336+0000] {logging_mixin.py:190} INFO - [2026-06-07T08:29:05.336+0000] {dag.py:3239} INFO - Sync 1 DAGs
[2026-06-07T08:29:05.387+0000] {logging_mixin.py:190} INFO - [2026-06-07T08:29:05.386+0000] {dag.py:4180} INFO - Setting next_dagrun for latest_only_with_trigger to 2026-06-07 04:00:00+00:00, run_after=2026-06-07 08:00:00+00:00
[2026-06-07T08:29:05.423+0000] {processor.py:208} INFO - Processing /home/airflow/.local/lib/python3.12/site-packages/airflow/example_dags/example_latest_only_with_trigger.py took 0.207 seconds
[2026-06-07T08:39:26.947+0000] {processor.py:186} INFO - Started process (PID=94) to work on /home/airflow/.local/lib/python3.12/site-packages/airflow/example_dags/example_latest_only_with_trigger.py
[2026-06-07T08:39:26.953+0000] {processor.py:914} INFO - Processing file /home/airflow/.local/lib/python3.12/site-packages/airflow/example_dags/example_latest_only_with_trigger.py for tasks to queue
[2026-06-07T08:39:26.972+0000] {logging_mixin.py:190} INFO - [2026-06-07T08:39:26.971+0000] {dagbag.py:588} INFO - Filling up the DagBag from /home/airflow/.local/lib/python3.12/site-packages/airflow/example_dags/example_latest_only_with_trigger.py
[2026-06-07T08:39:27.029+0000] {processor.py:925} INFO - DAG(s) 'latest_only_with_trigger' retrieved from /home/airflow/.local/lib/python3.12/site-packages/airflow/example_dags/example_latest_only_with_trigger.py
[2026-06-07T08:39:27.189+0000] {logging_mixin.py:190} INFO - [2026-06-07T08:39:27.189+0000] {dag.py:3239} INFO - Sync 1 DAGs
[2026-06-07T08:39:27.332+0000] {logging_mixin.py:190} INFO - [2026-06-07T08:39:27.324+0000] {dag.py:4180} INFO - Setting next_dagrun for latest_only_with_trigger to 2026-06-07 04:00:00+00:00, run_after=2026-06-07 08:00:00+00:00
[2026-06-07T08:39:27.436+0000] {processor.py:208} INFO - Processing /home/airflow/.local/lib/python3.12/site-packages/airflow/example_dags/example_latest_only_with_trigger.py took 0.501 seconds
[2026-06-07T08:40:18.494+0000] {processor.py:186} INFO - Started process (PID=157) to work on /home/airflow/.local/lib/python3.12/site-packages/airflow/example_dags/example_latest_only_with_trigger.py
[2026-06-07T08:40:18.496+0000] {processor.py:914} INFO - Processing file /home/airflow/.local/lib/python3.12/site-packages/airflow/example_dags/example_latest_only_with_trigger.py for tasks to queue
[2026-06-07T08:40:18.507+0000] {logging_mixin.py:190} INFO - [2026-06-07T08:40:18.506+0000] {dagbag.py:588} INFO - Filling up the DagBag from /home/airflow/.local/lib/python3.12/site-packages/airflow/example_dags/example_latest_only_with_trigger.py
[2026-06-07T08:40:18.531+0000] {processor.py:925} INFO - DAG(s) 'latest_only_with_trigger' retrieved from /home/airflow/.local/lib/python3.12/site-packages/airflow/example_dags/example_latest_only_with_trigger.py
[2026-06-07T08:40:18.608+0000] {logging_mixin.py:190} INFO - [2026-06-07T08:40:18.608+0000] {dag.py:3239} INFO - Sync 1 DAGs
[2026-06-07T08:40:18.678+0000] {logging_mixin.py:190} INFO - [2026-06-07T08:40:18.678+0000] {dag.py:4180} INFO - Setting next_dagrun for latest_only_with_trigger to 2026-06-07 04:00:00+00:00, run_after=2026-06-07 08:00:00+00:00
[2026-06-07T08:40:18.731+0000] {processor.py:208} INFO - Processing /home/airflow/.local/lib/python3.12/site-packages/airflow/example_dags/example_latest_only_with_trigger.py took 0.249 seconds
[2026-06-07T08:40:59.091+0000] {processor.py:186} INFO - Started process (PID=216) to work on /home/airflow/.local/lib/python3.12/site-packages/airflow/example_dags/example_latest_only_with_trigger.py
[2026-06-07T08:40:59.093+0000] {processor.py:914} INFO - Processing file /home/airflow/.local/lib/python3.12/site-packages/airflow/example_dags/example_latest_only_with_trigger.py for tasks to queue
[2026-06-07T08:40:59.102+0000] {logging_mixin.py:190} INFO - [2026-06-07T08:40:59.101+0000] {dagbag.py:588} INFO - Filling up the DagBag from /home/airflow/.local/lib/python3.12/site-packages/airflow/example_dags/example_latest_only_with_trigger.py
[2026-06-07T08:40:59.123+0000] {processor.py:925} INFO - DAG(s) 'latest_only_with_trigger' retrieved from /home/airflow/.local/lib/python3.12/site-packages/airflow/example_dags/example_latest_only_with_trigger.py
[2026-06-07T08:40:59.195+0000] {logging_mixin.py:190} INFO - [2026-06-07T08:40:59.194+0000] {dag.py:3239} INFO - Sync 1 DAGs
[2026-06-07T08:40:59.258+0000] {logging_mixin.py:190} INFO - [2026-06-07T08:40:59.258+0000] {dag.py:4180} INFO - Setting next_dagrun for latest_only_with_trigger to 2026-06-07 04:00:00+00:00, run_after=2026-06-07 08:00:00+00:00
[2026-06-07T08:40:59.315+0000] {processor.py:208} INFO - Processing /home/airflow/.local/lib/python3.12/site-packages/airflow/example_dags/example_latest_only_with_trigger.py took 0.238 seconds
[2026-06-07T08:41:33.863+0000] {processor.py:186} INFO - Started process (PID=278) to work on /home/airflow/.local/lib/python3.12/site-packages/airflow/example_dags/example_latest_only_with_trigger.py
[2026-06-07T08:41:33.867+0000] {processor.py:914} INFO - Processing file /home/airflow/.local/lib/python3.12/site-packages/airflow/example_dags/example_latest_only_with_trigger.py for tasks to queue
[2026-06-07T08:41:33.878+0000] {logging_mixin.py:190} INFO - [2026-06-07T08:41:33.878+0000] {dagbag.py:588} INFO - Filling up the DagBag from /home/airflow/.local/lib/python3.12/site-packages/airflow/example_dags/example_latest_only_with_trigger.py
[2026-06-07T08:41:33.904+0000] {processor.py:925} INFO - DAG(s) 'latest_only_with_trigger' retrieved from /home/airflow/.local/lib/python3.12/site-packages/airflow/example_dags/example_latest_only_with_trigger.py
[2026-06-07T08:41:33.972+0000] {logging_mixin.py:190} INFO - [2026-06-07T08:41:33.972+0000] {dag.py:3239} INFO - Sync 1 DAGs
[2026-06-07T08:41:34.040+0000] {logging_mixin.py:190} INFO - [2026-06-07T08:41:34.039+0000] {dag.py:4180} INFO - Setting next_dagrun for latest_only_with_trigger to 2026-06-07 04:00:00+00:00, run_after=2026-06-07 08:00:00+00:00
[2026-06-07T08:41:34.083+0000] {processor.py:208} INFO - Processing /home/airflow/.local/lib/python3.12/site-packages/airflow/example_dags/example_latest_only_with_trigger.py took 0.236 seconds
[2026-06-07T08:42:07.168+0000] {processor.py:186} INFO - Started process (PID=340) to work on /home/airflow/.local/lib/python3.12/site-packages/airflow/example_dags/example_latest_only_with_trigger.py
[2026-06-07T08:42:07.171+0000] {processor.py:914} INFO - Processing file /home/airflow/.local/lib/python3.12/site-packages/airflow/example_dags/example_latest_only_with_trigger.py for tasks to queue
[2026-06-07T08:42:07.190+0000] {logging_mixin.py:190} INFO - [2026-06-07T08:42:07.189+0000] {dagbag.py:588} INFO - Filling up the DagBag from /home/airflow/.local/lib/python3.12/site-packages/airflow/example_dags/example_latest_only_with_trigger.py
[2026-06-07T08:42:07.221+0000] {processor.py:925} INFO - DAG(s) 'latest_only_with_trigger' retrieved from /home/airflow/.local/lib/python3.12/site-packages/airflow/example_dags/example_latest_only_with_trigger.py
[2026-06-07T08:42:07.308+0000] {logging_mixin.py:190} INFO - [2026-06-07T08:42:07.307+0000] {dag.py:3239} INFO - Sync 1 DAGs
[2026-06-07T08:42:07.451+0000] {logging_mixin.py:190} INFO - [2026-06-07T08:42:07.451+0000] {dag.py:4180} INFO - Setting next_dagrun for latest_only_with_trigger to 2026-06-07 04:00:00+00:00, run_after=2026-06-07 08:00:00+00:00
[2026-06-07T08:42:07.504+0000] {processor.py:208} INFO - Processing /home/airflow/.local/lib/python3.12/site-packages/airflow/example_dags/example_latest_only_with_trigger.py took 0.349 seconds
[2026-06-07T08:42:48.005+0000] {processor.py:186} INFO - Started process (PID=402) to work on /home/airflow/.local/lib/python3.12/site-packages/airflow/example_dags/example_latest_only_with_trigger.py
[2026-06-07T08:42:48.008+0000] {processor.py:914} INFO - Processing file /home/airflow/.local/lib/python3.12/site-packages/airflow/example_dags/example_latest_only_with_trigger.py for tasks to queue
[2026-06-07T08:42:48.014+0000] {logging_mixin.py:190} INFO - [2026-06-07T08:42:48.013+0000] {dagbag.py:588} INFO - Filling up the DagBag from /home/airflow/.local/lib/python3.12/site-packages/airflow/example_dags/example_latest_only_with_trigger.py
[2026-06-07T08:42:48.032+0000] {processor.py:925} INFO - DAG(s) 'latest_only_with_trigger' retrieved from /home/airflow/.local/lib/python3.12/site-packages/airflow/example_dags/example_latest_only_with_trigger.py
[2026-06-07T08:42:48.091+0000] {logging_mixin.py:190} INFO - [2026-06-07T08:42:48.090+0000] {dag.py:3239} INFO - Sync 1 DAGs
[2026-06-07T08:42:48.147+0000] {logging_mixin.py:190} INFO - [2026-06-07T08:42:48.147+0000] {dag.py:4180} INFO - Setting next_dagrun for latest_only_with_trigger to 2026-06-07 04:00:00+00:00, run_after=2026-06-07 08:00:00+00:00
[2026-06-07T08:42:48.195+0000] {processor.py:208} INFO - Processing /home/airflow/.local/lib/python3.12/site-packages/airflow/example_dags/example_latest_only_with_trigger.py took 0.203 seconds
[2026-06-07T08:43:23.426+0000] {processor.py:186} INFO - Started process (PID=457) to work on /home/airflow/.local/lib/python3.12/site-packages/airflow/example_dags/example_latest_only_with_trigger.py
[2026-06-07T08:43:23.428+0000] {processor.py:914} INFO - Processing file /home/airflow/.local/lib/python3.12/site-packages/airflow/example_dags/example_latest_only_with_trigger.py for tasks to queue
[2026-06-07T08:43:23.435+0000] {logging_mixin.py:190} INFO - [2026-06-07T08:43:23.434+0000] {dagbag.py:588} INFO - Filling up the DagBag from /home/airflow/.local/lib/python3.12/site-packages/airflow/example_dags/example_latest_only_with_trigger.py
[2026-06-07T08:43:23.453+0000] {processor.py:925} INFO - DAG(s) 'latest_only_with_trigger' retrieved from /home/airflow/.local/lib/python3.12/site-packages/airflow/example_dags/example_latest_only_with_trigger.py
[2026-06-07T08:43:23.506+0000] {logging_mixin.py:190} INFO - [2026-06-07T08:43:23.506+0000] {dag.py:3239} INFO - Sync 1 DAGs
[2026-06-07T08:43:23.556+0000] {logging_mixin.py:190} INFO - [2026-06-07T08:43:23.555+0000] {dag.py:4180} INFO - Setting next_dagrun for latest_only_with_trigger to 2026-06-07 04:00:00+00:00, run_after=2026-06-07 08:00:00+00:00
[2026-06-07T08:43:23.597+0000] {processor.py:208} INFO - Processing /home/airflow/.local/lib/python3.12/site-packages/airflow/example_dags/example_latest_only_with_trigger.py took 0.183 seconds
[2026-06-07T08:44:00.161+0000] {processor.py:186} INFO - Started process (PID=519) to work on /home/airflow/.local/lib/python3.12/site-packages/airflow/example_dags/example_latest_only_with_trigger.py
[2026-06-07T08:44:00.164+0000] {processor.py:914} INFO - Processing file /home/airflow/.local/lib/python3.12/site-packages/airflow/example_dags/example_latest_only_with_trigger.py for tasks to queue
[2026-06-07T08:44:00.170+0000] {logging_mixin.py:190} INFO - [2026-06-07T08:44:00.170+0000] {dagbag.py:588} INFO - Filling up the DagBag from /home/airflow/.local/lib/python3.12/site-packages/airflow/example_dags/example_latest_only_with_trigger.py
[2026-06-07T08:44:00.189+0000] {processor.py:925} INFO - DAG(s) 'latest_only_with_trigger' retrieved from /home/airflow/.local/lib/python3.12/site-packages/airflow/example_dags/example_latest_only_with_trigger.py
[2026-06-07T08:44:00.240+0000] {logging_mixin.py:190} INFO - [2026-06-07T08:44:00.240+0000] {dag.py:3239} INFO - Sync 1 DAGs
[2026-06-07T08:44:00.288+0000] {logging_mixin.py:190} INFO - [2026-06-07T08:44:00.288+0000] {dag.py:4180} INFO - Setting next_dagrun for latest_only_with_trigger to 2026-06-07 04:00:00+00:00, run_after=2026-06-07 08:00:00+00:00
[2026-06-07T08:44:00.332+0000] {processor.py:208} INFO - Processing /home/airflow/.local/lib/python3.12/site-packages/airflow/example_dags/example_latest_only_with_trigger.py took 0.183 seconds
[2026-06-07T08:44:36.469+0000] {processor.py:186} INFO - Started process (PID=577) to work on /home/airflow/.local/lib/python3.12/site-packages/airflow/example_dags/example_latest_only_with_trigger.py
[2026-06-07T08:44:36.473+0000] {processor.py:914} INFO - Processing file /home/airflow/.local/lib/python3.12/site-packages/airflow/example_dags/example_latest_only_with_trigger.py for tasks to queue
[2026-06-07T08:44:36.479+0000] {logging_mixin.py:190} INFO - [2026-06-07T08:44:36.479+0000] {dagbag.py:588} INFO - Filling up the DagBag from /home/airflow/.local/lib/python3.12/site-packages/airflow/example_dags/example_latest_only_with_trigger.py
[2026-06-07T08:44:36.493+0000] {processor.py:925} INFO - DAG(s) 'latest_only_with_trigger' retrieved from /home/airflow/.local/lib/python3.12/site-packages/airflow/example_dags/example_latest_only_with_trigger.py
[2026-06-07T08:44:36.548+0000] {logging_mixin.py:190} INFO - [2026-06-07T08:44:36.548+0000] {dag.py:3239} INFO - Sync 1 DAGs
[2026-06-07T08:44:36.605+0000] {logging_mixin.py:190} INFO - [2026-06-07T08:44:36.605+0000] {dag.py:4180} INFO - Setting next_dagrun for latest_only_with_trigger to 2026-06-07 04:00:00+00:00, run_after=2026-06-07 08:00:00+00:00
[2026-06-07T08:44:36.654+0000] {processor.py:208} INFO - Processing /home/airflow/.local/lib/python3.12/site-packages/airflow/example_dags/example_latest_only_with_trigger.py took 0.196 seconds
[2026-06-07T08:45:14.500+0000] {processor.py:186} INFO - Started process (PID=638) to work on /home/airflow/.local/lib/python3.12/site-packages/airflow/example_dags/example_latest_only_with_trigger.py
[2026-06-07T08:45:14.502+0000] {processor.py:914} INFO - Processing file /home/airflow/.local/lib/python3.12/site-packages/airflow/example_dags/example_latest_only_with_trigger.py for tasks to queue
[2026-06-07T08:45:14.507+0000] {logging_mixin.py:190} INFO - [2026-06-07T08:45:14.507+0000] {dagbag.py:588} INFO - Filling up the DagBag from /home/airflow/.local/lib/python3.12/site-packages/airflow/example_dags/example_latest_only_with_trigger.py
[2026-06-07T08:45:14.521+0000] {processor.py:925} INFO - DAG(s) 'latest_only_with_trigger' retrieved from /home/airflow/.local/lib/python3.12/site-packages/airflow/example_dags/example_latest_only_with_trigger.py
[2026-06-07T08:45:14.566+0000] {logging_mixin.py:190} INFO - [2026-06-07T08:45:14.566+0000] {dag.py:3239} INFO - Sync 1 DAGs
[2026-06-07T08:45:14.607+0000] {logging_mixin.py:190} INFO - [2026-06-07T08:45:14.606+0000] {dag.py:4180} INFO - Setting next_dagrun for latest_only_with_trigger to 2026-06-07 04:00:00+00:00, run_after=2026-06-07 08:00:00+00:00
[2026-06-07T08:45:14.645+0000] {processor.py:208} INFO - Processing /home/airflow/.local/lib/python3.12/site-packages/airflow/example_dags/example_latest_only_with_trigger.py took 0.157 seconds
[2026-06-07T08:45:55.507+0000] {processor.py:186} INFO - Started process (PID=707) to work on /home/airflow/.local/lib/python3.12/site-packages/airflow/example_dags/example_latest_only_with_trigger.py
[2026-06-07T08:45:55.509+0000] {processor.py:914} INFO - Processing file /home/airflow/.local/lib/python3.12/site-packages/airflow/example_dags/example_latest_only_with_trigger.py for tasks to queue
[2026-06-07T08:45:55.514+0000] {logging_mixin.py:190} INFO - [2026-06-07T08:45:55.513+0000] {dagbag.py:588} INFO - Filling up the DagBag from /home/airflow/.local/lib/python3.12/site-packages/airflow/example_dags/example_latest_only_with_trigger.py
[2026-06-07T08:45:55.528+0000] {processor.py:925} INFO - DAG(s) 'latest_only_with_trigger' retrieved from /home/airflow/.local/lib/python3.12/site-packages/airflow/example_dags/example_latest_only_with_trigger.py
[2026-06-07T08:45:55.575+0000] {logging_mixin.py:190} INFO - [2026-06-07T08:45:55.575+0000] {dag.py:3239} INFO - Sync 1 DAGs
[2026-06-07T08:45:55.618+0000] {logging_mixin.py:190} INFO - [2026-06-07T08:45:55.618+0000] {dag.py:4180} INFO - Setting next_dagrun for latest_only_with_trigger to 2026-06-07 04:00:00+00:00, run_after=2026-06-07 08:00:00+00:00
[2026-06-07T08:45:55.653+0000] {processor.py:208} INFO - Processing /home/airflow/.local/lib/python3.12/site-packages/airflow/example_dags/example_latest_only_with_trigger.py took 0.155 seconds
[2026-06-07T08:46:36.130+0000] {processor.py:186} INFO - Started process (PID=773) to work on /home/airflow/.local/lib/python3.12/site-packages/airflow/example_dags/example_latest_only_with_trigger.py
[2026-06-07T08:46:36.134+0000] {processor.py:914} INFO - Processing file /home/airflow/.local/lib/python3.12/site-packages/airflow/example_dags/example_latest_only_with_trigger.py for tasks to queue
[2026-06-07T08:46:36.140+0000] {logging_mixin.py:190} INFO - [2026-06-07T08:46:36.139+0000] {dagbag.py:588} INFO - Filling up the DagBag from /home/airflow/.local/lib/python3.12/site-packages/airflow/example_dags/example_latest_only_with_trigger.py
[2026-06-07T08:46:36.155+0000] {processor.py:925} INFO - DAG(s) 'latest_only_with_trigger' retrieved from /home/airflow/.local/lib/python3.12/site-packages/airflow/example_dags/example_latest_only_with_trigger.py
[2026-06-07T08:46:36.217+0000] {logging_mixin.py:190} INFO - [2026-06-07T08:46:36.217+0000] {dag.py:3239} INFO - Sync 1 DAGs
[2026-06-07T08:46:36.269+0000] {logging_mixin.py:190} INFO - [2026-06-07T08:46:36.269+0000] {dag.py:4180} INFO - Setting next_dagrun for latest_only_with_trigger to 2026-06-07 04:00:00+00:00, run_after=2026-06-07 08:00:00+00:00
[2026-06-07T08:46:36.318+0000] {processor.py:208} INFO - Processing /home/airflow/.local/lib/python3.12/site-packages/airflow/example_dags/example_latest_only_with_trigger.py took 0.202 seconds
[2026-06-07T08:47:21.987+0000] {processor.py:186} INFO - Started process (PID=835) to work on /home/airflow/.local/lib/python3.12/site-packages/airflow/example_dags/example_latest_only_with_trigger.py
[2026-06-07T08:47:21.989+0000] {processor.py:914} INFO - Processing file /home/airflow/.local/lib/python3.12/site-packages/airflow/example_dags/example_latest_only_with_trigger.py for tasks to queue
[2026-06-07T08:47:21.994+0000] {logging_mixin.py:190} INFO - [2026-06-07T08:47:21.993+0000] {dagbag.py:588} INFO - Filling up the DagBag from /home/airflow/.local/lib/python3.12/site-packages/airflow/example_dags/example_latest_only_with_trigger.py
[2026-06-07T08:47:22.011+0000] {processor.py:925} INFO - DAG(s) 'latest_only_with_trigger' retrieved from /home/airflow/.local/lib/python3.12/site-packages/airflow/example_dags/example_latest_only_with_trigger.py
[2026-06-07T08:47:22.065+0000] {logging_mixin.py:190} INFO - [2026-06-07T08:47:22.065+0000] {dag.py:3239} INFO - Sync 1 DAGs
[2026-06-07T08:47:22.116+0000] {logging_mixin.py:190} INFO - [2026-06-07T08:47:22.116+0000] {dag.py:4180} INFO - Setting next_dagrun for latest_only_with_trigger to 2026-06-07 04:00:00+00:00, run_after=2026-06-07 08:00:00+00:00
[2026-06-07T08:47:22.160+0000] {processor.py:208} INFO - Processing /home/airflow/.local/lib/python3.12/site-packages/airflow/example_dags/example_latest_only_with_trigger.py took 0.185 seconds
[2026-06-07T08:48:09.736+0000] {processor.py:186} INFO - Started process (PID=904) to work on /home/airflow/.local/lib/python3.12/site-packages/airflow/example_dags/example_latest_only_with_trigger.py
[2026-06-07T08:48:09.738+0000] {processor.py:914} INFO - Processing file /home/airflow/.local/lib/python3.12/site-packages/airflow/example_dags/example_latest_only_with_trigger.py for tasks to queue
[2026-06-07T08:48:09.752+0000] {logging_mixin.py:190} INFO - [2026-06-07T08:48:09.750+0000] {dagbag.py:588} INFO - Filling up the DagBag from /home/airflow/.local/lib/python3.12/site-packages/airflow/example_dags/example_latest_only_with_trigger.py
[2026-06-07T08:48:09.783+0000] {processor.py:925} INFO - DAG(s) 'latest_only_with_trigger' retrieved from /home/airflow/.local/lib/python3.12/site-packages/airflow/example_dags/example_latest_only_with_trigger.py
[2026-06-07T08:48:09.898+0000] {logging_mixin.py:190} INFO - [2026-06-07T08:48:09.897+0000] {dag.py:3239} INFO - Sync 1 DAGs
[2026-06-07T08:48:09.962+0000] {logging_mixin.py:190} INFO - [2026-06-07T08:48:09.961+0000] {dag.py:4180} INFO - Setting next_dagrun for latest_only_with_trigger to 2026-06-07 04:00:00+00:00, run_after=2026-06-07 08:00:00+00:00
[2026-06-07T08:48:10.025+0000] {processor.py:208} INFO - Processing /home/airflow/.local/lib/python3.12/site-packages/airflow/example_dags/example_latest_only_with_trigger.py took 0.306 seconds
[2026-06-07T08:48:53.892+0000] {processor.py:186} INFO - Started process (PID=981) to work on /home/airflow/.local/lib/python3.12/site-packages/airflow/example_dags/example_latest_only_with_trigger.py
[2026-06-07T08:48:53.895+0000] {processor.py:914} INFO - Processing file /home/airflow/.local/lib/python3.12/site-packages/airflow/example_dags/example_latest_only_with_trigger.py for tasks to queue
[2026-06-07T08:48:53.903+0000] {logging_mixin.py:190} INFO - [2026-06-07T08:48:53.902+0000] {dagbag.py:588} INFO - Filling up the DagBag from /home/airflow/.local/lib/python3.12/site-packages/airflow/example_dags/example_latest_only_with_trigger.py
[2026-06-07T08:48:53.921+0000] {processor.py:925} INFO - DAG(s) 'latest_only_with_trigger' retrieved from /home/airflow/.local/lib/python3.12/site-packages/airflow/example_dags/example_latest_only_with_trigger.py
[2026-06-07T08:48:53.979+0000] {logging_mixin.py:190} INFO - [2026-06-07T08:48:53.979+0000] {dag.py:3239} INFO - Sync 1 DAGs
[2026-06-07T08:48:54.047+0000] {logging_mixin.py:190} INFO - [2026-06-07T08:48:54.046+0000] {dag.py:4180} INFO - Setting next_dagrun for latest_only_with_trigger to 2026-06-07 04:00:00+00:00, run_after=2026-06-07 08:00:00+00:00
[2026-06-07T08:48:54.088+0000] {processor.py:208} INFO - Processing /home/airflow/.local/lib/python3.12/site-packages/airflow/example_dags/example_latest_only_with_trigger.py took 0.211 seconds
[2026-06-07T08:49:40.218+0000] {processor.py:186} INFO - Started process (PID=1043) to work on /home/airflow/.local/lib/python3.12/site-packages/airflow/example_dags/example_latest_only_with_trigger.py
[2026-06-07T08:49:40.220+0000] {processor.py:914} INFO - Processing file /home/airflow/.local/lib/python3.12/site-packages/airflow/example_dags/example_latest_only_with_trigger.py for tasks to queue
[2026-06-07T08:49:40.235+0000] {logging_mixin.py:190} INFO - [2026-06-07T08:49:40.234+0000] {dagbag.py:588} INFO - Filling up the DagBag from /home/airflow/.local/lib/python3.12/site-packages/airflow/example_dags/example_latest_only_with_trigger.py
[2026-06-07T08:49:40.260+0000] {processor.py:925} INFO - DAG(s) 'latest_only_with_trigger' retrieved from /home/airflow/.local/lib/python3.12/site-packages/airflow/example_dags/example_latest_only_with_trigger.py
[2026-06-07T08:49:40.353+0000] {logging_mixin.py:190} INFO - [2026-06-07T08:49:40.350+0000] {dag.py:3239} INFO - Sync 1 DAGs
[2026-06-07T08:49:40.416+0000] {logging_mixin.py:190} INFO - [2026-06-07T08:49:40.416+0000] {dag.py:4180} INFO - Setting next_dagrun for latest_only_with_trigger to 2026-06-07 04:00:00+00:00, run_after=2026-06-07 08:00:00+00:00
[2026-06-07T08:49:40.458+0000] {processor.py:208} INFO - Processing /home/airflow/.local/lib/python3.12/site-packages/airflow/example_dags/example_latest_only_with_trigger.py took 0.254 seconds
[2026-06-07T08:50:20.666+0000] {processor.py:186} INFO - Started process (PID=1106) to work on /home/airflow/.local/lib/python3.12/site-packages/airflow/example_dags/example_latest_only_with_trigger.py
[2026-06-07T08:50:20.669+0000] {processor.py:914} INFO - Processing file /home/airflow/.local/lib/python3.12/site-packages/airflow/example_dags/example_latest_only_with_trigger.py for tasks to queue
[2026-06-07T08:50:20.677+0000] {logging_mixin.py:190} INFO - [2026-06-07T08:50:20.676+0000] {dagbag.py:588} INFO - Filling up the DagBag from /home/airflow/.local/lib/python3.12/site-packages/airflow/example_dags/example_latest_only_with_trigger.py
[2026-06-07T08:50:20.700+0000] {processor.py:925} INFO - DAG(s) 'latest_only_with_trigger' retrieved from /home/airflow/.local/lib/python3.12/site-packages/airflow/example_dags/example_latest_only_with_trigger.py
[2026-06-07T08:50:20.758+0000] {logging_mixin.py:190} INFO - [2026-06-07T08:50:20.758+0000] {dag.py:3239} INFO - Sync 1 DAGs
[2026-06-07T08:50:20.818+0000] {logging_mixin.py:190} INFO - [2026-06-07T08:50:20.817+0000] {dag.py:4180} INFO - Setting next_dagrun for latest_only_with_trigger to 2026-06-07 04:00:00+00:00, run_after=2026-06-07 08:00:00+00:00
[2026-06-07T08:50:20.866+0000] {processor.py:208} INFO - Processing /home/airflow/.local/lib/python3.12/site-packages/airflow/example_dags/example_latest_only_with_trigger.py took 0.213 seconds
[2026-06-07T08:50:57.294+0000] {processor.py:186} INFO - Started process (PID=1174) to work on /home/airflow/.local/lib/python3.12/site-packages/airflow/example_dags/example_latest_only_with_trigger.py
[2026-06-07T08:50:57.296+0000] {processor.py:914} INFO - Processing file /home/airflow/.local/lib/python3.12/site-packages/airflow/example_dags/example_latest_only_with_trigger.py for tasks to queue
[2026-06-07T08:50:57.301+0000] {logging_mixin.py:190} INFO - [2026-06-07T08:50:57.301+0000] {dagbag.py:588} INFO - Filling up the DagBag from /home/airflow/.local/lib/python3.12/site-packages/airflow/example_dags/example_latest_only_with_trigger.py
[2026-06-07T08:50:57.318+0000] {processor.py:925} INFO - DAG(s) 'latest_only_with_trigger' retrieved from /home/airflow/.local/lib/python3.12/site-packages/airflow/example_dags/example_latest_only_with_trigger.py
[2026-06-07T08:50:57.377+0000] {logging_mixin.py:190} INFO - [2026-06-07T08:50:57.376+0000] {dag.py:3239} INFO - Sync 1 DAGs
[2026-06-07T08:50:57.436+0000] {logging_mixin.py:190} INFO - [2026-06-07T08:50:57.435+0000] {dag.py:4180} INFO - Setting next_dagrun for latest_only_with_trigger to 2026-06-07 04:00:00+00:00, run_after=2026-06-07 08:00:00+00:00
[2026-06-07T08:50:57.485+0000] {processor.py:208} INFO - Processing /home/airflow/.local/lib/python3.12/site-packages/airflow/example_dags/example_latest_only_with_trigger.py took 0.203 seconds
[2026-06-07T08:51:33.181+0000] {processor.py:186} INFO - Started process (PID=1226) to work on /home/airflow/.local/lib/python3.12/site-packages/airflow/example_dags/example_latest_only_with_trigger.py
[2026-06-07T08:51:33.184+0000] {processor.py:914} INFO - Processing file /home/airflow/.local/lib/python3.12/site-packages/airflow/example_dags/example_latest_only_with_trigger.py for tasks to queue
[2026-06-07T08:51:33.195+0000] {logging_mixin.py:190} INFO - [2026-06-07T08:51:33.194+0000] {dagbag.py:588} INFO - Filling up the DagBag from /home/airflow/.local/lib/python3.12/site-packages/airflow/example_dags/example_latest_only_with_trigger.py
[2026-06-07T08:51:33.220+0000] {processor.py:925} INFO - DAG(s) 'latest_only_with_trigger' retrieved from /home/airflow/.local/lib/python3.12/site-packages/airflow/example_dags/example_latest_only_with_trigger.py
[2026-06-07T08:51:33.301+0000] {logging_mixin.py:190} INFO - [2026-06-07T08:51:33.300+0000] {dag.py:3239} INFO - Sync 1 DAGs
[2026-06-07T08:51:33.372+0000] {logging_mixin.py:190} INFO - [2026-06-07T08:51:33.371+0000] {dag.py:4180} INFO - Setting next_dagrun for latest_only_with_trigger to 2026-06-07 04:00:00+00:00, run_after=2026-06-07 08:00:00+00:00
[2026-06-07T08:51:33.412+0000] {processor.py:208} INFO - Processing /home/airflow/.local/lib/python3.12/site-packages/airflow/example_dags/example_latest_only_with_trigger.py took 0.246 seconds
[2026-06-07T08:52:12.474+0000] {processor.py:186} INFO - Started process (PID=1288) to work on /home/airflow/.local/lib/python3.12/site-packages/airflow/example_dags/example_latest_only_with_trigger.py
[2026-06-07T08:52:12.482+0000] {processor.py:914} INFO - Processing file /home/airflow/.local/lib/python3.12/site-packages/airflow/example_dags/example_latest_only_with_trigger.py for tasks to queue
[2026-06-07T08:52:12.535+0000] {logging_mixin.py:190} INFO - [2026-06-07T08:52:12.532+0000] {dagbag.py:588} INFO - Filling up the DagBag from /home/airflow/.local/lib/python3.12/site-packages/airflow/example_dags/example_latest_only_with_trigger.py
[2026-06-07T08:52:12.576+0000] {processor.py:925} INFO - DAG(s) 'latest_only_with_trigger' retrieved from /home/airflow/.local/lib/python3.12/site-packages/airflow/example_dags/example_latest_only_with_trigger.py
[2026-06-07T08:52:12.733+0000] {logging_mixin.py:190} INFO - [2026-06-07T08:52:12.730+0000] {dag.py:3239} INFO - Sync 1 DAGs
[2026-06-07T08:52:12.885+0000] {logging_mixin.py:190} INFO - [2026-06-07T08:52:12.885+0000] {dag.py:4180} INFO - Setting next_dagrun for latest_only_with_trigger to 2026-06-07 04:00:00+00:00, run_after=2026-06-07 08:00:00+00:00
[2026-06-07T08:52:12.977+0000] {processor.py:208} INFO - Processing /home/airflow/.local/lib/python3.12/site-packages/airflow/example_dags/example_latest_only_with_trigger.py took 0.550 seconds
[2026-06-07T08:52:54.990+0000] {processor.py:186} INFO - Started process (PID=1351) to work on /home/airflow/.local/lib/python3.12/site-packages/airflow/example_dags/example_latest_only_with_trigger.py
[2026-06-07T08:52:54.992+0000] {processor.py:914} INFO - Processing file /home/airflow/.local/lib/python3.12/site-packages/airflow/example_dags/example_latest_only_with_trigger.py for tasks to queue
[2026-06-07T08:52:55.000+0000] {logging_mixin.py:190} INFO - [2026-06-07T08:52:54.999+0000] {dagbag.py:588} INFO - Filling up the DagBag from /home/airflow/.local/lib/python3.12/site-packages/airflow/example_dags/example_latest_only_with_trigger.py
[2026-06-07T08:52:55.039+0000] {processor.py:925} INFO - DAG(s) 'latest_only_with_trigger' retrieved from /home/airflow/.local/lib/python3.12/site-packages/airflow/example_dags/example_latest_only_with_trigger.py
[2026-06-07T08:52:55.187+0000] {logging_mixin.py:190} INFO - [2026-06-07T08:52:55.186+0000] {dag.py:3239} INFO - Sync 1 DAGs
[2026-06-07T08:52:55.310+0000] {logging_mixin.py:190} INFO - [2026-06-07T08:52:55.308+0000] {dag.py:4180} INFO - Setting next_dagrun for latest_only_with_trigger to 2026-06-07 04:00:00+00:00, run_after=2026-06-07 08:00:00+00:00
[2026-06-07T08:52:55.404+0000] {processor.py:208} INFO - Processing /home/airflow/.local/lib/python3.12/site-packages/airflow/example_dags/example_latest_only_with_trigger.py took 0.430 seconds
[2026-06-07T08:53:33.283+0000] {processor.py:186} INFO - Started process (PID=1418) to work on /home/airflow/.local/lib/python3.12/site-packages/airflow/example_dags/example_latest_only_with_trigger.py
[2026-06-07T08:53:33.287+0000] {processor.py:914} INFO - Processing file /home/airflow/.local/lib/python3.12/site-packages/airflow/example_dags/example_latest_only_with_trigger.py for tasks to queue
[2026-06-07T08:53:33.305+0000] {logging_mixin.py:190} INFO - [2026-06-07T08:53:33.304+0000] {dagbag.py:588} INFO - Filling up the DagBag from /home/airflow/.local/lib/python3.12/site-packages/airflow/example_dags/example_latest_only_with_trigger.py
[2026-06-07T08:53:33.325+0000] {processor.py:925} INFO - DAG(s) 'latest_only_with_trigger' retrieved from /home/airflow/.local/lib/python3.12/site-packages/airflow/example_dags/example_latest_only_with_trigger.py
[2026-06-07T08:53:33.401+0000] {logging_mixin.py:190} INFO - [2026-06-07T08:53:33.400+0000] {dag.py:3239} INFO - Sync 1 DAGs
[2026-06-07T08:53:33.468+0000] {logging_mixin.py:190} INFO - [2026-06-07T08:53:33.468+0000] {dag.py:4180} INFO - Setting next_dagrun for latest_only_with_trigger to 2026-06-07 04:00:00+00:00, run_after=2026-06-07 08:00:00+00:00
[2026-06-07T08:53:33.518+0000] {processor.py:208} INFO - Processing /home/airflow/.local/lib/python3.12/site-packages/airflow/example_dags/example_latest_only_with_trigger.py took 0.252 seconds
[2026-06-07T08:54:07.515+0000] {processor.py:186} INFO - Started process (PID=1477) to work on /home/airflow/.local/lib/python3.12/site-packages/airflow/example_dags/example_latest_only_with_trigger.py
[2026-06-07T08:54:07.518+0000] {processor.py:914} INFO - Processing file /home/airflow/.local/lib/python3.12/site-packages/airflow/example_dags/example_latest_only_with_trigger.py for tasks to queue
[2026-06-07T08:54:07.527+0000] {logging_mixin.py:190} INFO - [2026-06-07T08:54:07.526+0000] {dagbag.py:588} INFO - Filling up the DagBag from /home/airflow/.local/lib/python3.12/site-packages/airflow/example_dags/example_latest_only_with_trigger.py
[2026-06-07T08:54:07.555+0000] {processor.py:925} INFO - DAG(s) 'latest_only_with_trigger' retrieved from /home/airflow/.local/lib/python3.12/site-packages/airflow/example_dags/example_latest_only_with_trigger.py
[2026-06-07T08:54:07.627+0000] {logging_mixin.py:190} INFO - [2026-06-07T08:54:07.627+0000] {dag.py:3239} INFO - Sync 1 DAGs
[2026-06-07T08:54:07.706+0000] {logging_mixin.py:190} INFO - [2026-06-07T08:54:07.705+0000] {dag.py:4180} INFO - Setting next_dagrun for latest_only_with_trigger to 2026-06-07 04:00:00+00:00, run_after=2026-06-07 08:00:00+00:00
[2026-06-07T08:54:07.754+0000] {processor.py:208} INFO - Processing /home/airflow/.local/lib/python3.12/site-packages/airflow/example_dags/example_latest_only_with_trigger.py took 0.256 seconds
[2026-06-07T08:54:58.268+0000] {processor.py:186} INFO - Started process (PID=1545) to work on /home/airflow/.local/lib/python3.12/site-packages/airflow/example_dags/example_latest_only_with_trigger.py
[2026-06-07T08:54:58.272+0000] {processor.py:914} INFO - Processing file /home/airflow/.local/lib/python3.12/site-packages/airflow/example_dags/example_latest_only_with_trigger.py for tasks to queue
[2026-06-07T08:54:58.306+0000] {logging_mixin.py:190} INFO - [2026-06-07T08:54:58.305+0000] {dagbag.py:588} INFO - Filling up the DagBag from /home/airflow/.local/lib/python3.12/site-packages/airflow/example_dags/example_latest_only_with_trigger.py
[2026-06-07T08:54:58.396+0000] {processor.py:925} INFO - DAG(s) 'latest_only_with_trigger' retrieved from /home/airflow/.local/lib/python3.12/site-packages/airflow/example_dags/example_latest_only_with_trigger.py
[2026-06-07T08:54:58.698+0000] {logging_mixin.py:190} INFO - [2026-06-07T08:54:58.697+0000] {dag.py:3239} INFO - Sync 1 DAGs
[2026-06-07T08:54:58.993+0000] {logging_mixin.py:190} INFO - [2026-06-07T08:54:58.993+0000] {dag.py:4180} INFO - Setting next_dagrun for latest_only_with_trigger to 2026-06-07 04:00:00+00:00, run_after=2026-06-07 08:00:00+00:00
[2026-06-07T08:54:59.196+0000] {processor.py:208} INFO - Processing /home/airflow/.local/lib/python3.12/site-packages/airflow/example_dags/example_latest_only_with_trigger.py took 0.984 seconds
[2026-06-07T08:55:39.019+0000] {processor.py:186} INFO - Started process (PID=1598) to work on /home/airflow/.local/lib/python3.12/site-packages/airflow/example_dags/example_latest_only_with_trigger.py
[2026-06-07T08:55:39.020+0000] {processor.py:914} INFO - Processing file /home/airflow/.local/lib/python3.12/site-packages/airflow/example_dags/example_latest_only_with_trigger.py for tasks to queue
[2026-06-07T08:55:39.022+0000] {logging_mixin.py:190} INFO - [2026-06-07T08:55:39.022+0000] {dagbag.py:588} INFO - Filling up the DagBag from /home/airflow/.local/lib/python3.12/site-packages/airflow/example_dags/example_latest_only_with_trigger.py
[2026-06-07T08:55:39.045+0000] {processor.py:925} INFO - DAG(s) 'latest_only_with_trigger' retrieved from /home/airflow/.local/lib/python3.12/site-packages/airflow/example_dags/example_latest_only_with_trigger.py
[2026-06-07T08:55:39.092+0000] {logging_mixin.py:190} INFO - [2026-06-07T08:55:39.092+0000] {dag.py:3239} INFO - Sync 1 DAGs
[2026-06-07T08:55:39.137+0000] {logging_mixin.py:190} INFO - [2026-06-07T08:55:39.137+0000] {dag.py:4180} INFO - Setting next_dagrun for latest_only_with_trigger to 2026-06-07 04:00:00+00:00, run_after=2026-06-07 08:00:00+00:00
[2026-06-07T08:55:39.166+0000] {processor.py:208} INFO - Processing /home/airflow/.local/lib/python3.12/site-packages/airflow/example_dags/example_latest_only_with_trigger.py took 0.157 seconds
[2026-06-07T08:56:19.577+0000] {processor.py:186} INFO - Started process (PID=1643) to work on /home/airflow/.local/lib/python3.12/site-packages/airflow/example_dags/example_latest_only_with_trigger.py
[2026-06-07T08:56:19.580+0000] {processor.py:914} INFO - Processing file /home/airflow/.local/lib/python3.12/site-packages/airflow/example_dags/example_latest_only_with_trigger.py for tasks to queue
[2026-06-07T08:56:19.587+0000] {logging_mixin.py:190} INFO - [2026-06-07T08:56:19.586+0000] {dagbag.py:588} INFO - Filling up the DagBag from /home/airflow/.local/lib/python3.12/site-packages/airflow/example_dags/example_latest_only_with_trigger.py
[2026-06-07T08:56:19.621+0000] {processor.py:925} INFO - DAG(s) 'latest_only_with_trigger' retrieved from /home/airflow/.local/lib/python3.12/site-packages/airflow/example_dags/example_latest_only_with_trigger.py
[2026-06-07T08:56:19.713+0000] {logging_mixin.py:190} INFO - [2026-06-07T08:56:19.712+0000] {dag.py:3239} INFO - Sync 1 DAGs
[2026-06-07T08:56:19.789+0000] {logging_mixin.py:190} INFO - [2026-06-07T08:56:19.789+0000] {dag.py:4180} INFO - Setting next_dagrun for latest_only_with_trigger to 2026-06-07 04:00:00+00:00, run_after=2026-06-07 08:00:00+00:00
[2026-06-07T08:56:19.845+0000] {processor.py:208} INFO - Processing /home/airflow/.local/lib/python3.12/site-packages/airflow/example_dags/example_latest_only_with_trigger.py took 0.283 seconds
[2026-06-07T08:57:04.453+0000] {processor.py:186} INFO - Started process (PID=1712) to work on /home/airflow/.local/lib/python3.12/site-packages/airflow/example_dags/example_latest_only_with_trigger.py
[2026-06-07T08:57:04.455+0000] {processor.py:914} INFO - Processing file /home/airflow/.local/lib/python3.12/site-packages/airflow/example_dags/example_latest_only_with_trigger.py for tasks to queue
[2026-06-07T08:57:04.457+0000] {logging_mixin.py:190} INFO - [2026-06-07T08:57:04.456+0000] {dagbag.py:588} INFO - Filling up the DagBag from /home/airflow/.local/lib/python3.12/site-packages/airflow/example_dags/example_latest_only_with_trigger.py
[2026-06-07T08:57:04.472+0000] {processor.py:925} INFO - DAG(s) 'latest_only_with_trigger' retrieved from /home/airflow/.local/lib/python3.12/site-packages/airflow/example_dags/example_latest_only_with_trigger.py
[2026-06-07T08:57:04.517+0000] {logging_mixin.py:190} INFO - [2026-06-07T08:57:04.516+0000] {dag.py:3239} INFO - Sync 1 DAGs
[2026-06-07T08:57:04.561+0000] {logging_mixin.py:190} INFO - [2026-06-07T08:57:04.560+0000] {dag.py:4180} INFO - Setting next_dagrun for latest_only_with_trigger to 2026-06-07 04:00:00+00:00, run_after=2026-06-07 08:00:00+00:00
[2026-06-07T08:57:04.596+0000] {processor.py:208} INFO - Processing /home/airflow/.local/lib/python3.12/site-packages/airflow/example_dags/example_latest_only_with_trigger.py took 0.152 seconds
[2026-06-07T10:17:04.801+0000] {processor.py:186} INFO - Started process (PID=95) to work on /home/airflow/.local/lib/python3.12/site-packages/airflow/example_dags/example_latest_only_with_trigger.py
[2026-06-07T10:17:04.803+0000] {processor.py:914} INFO - Processing file /home/airflow/.local/lib/python3.12/site-packages/airflow/example_dags/example_latest_only_with_trigger.py for tasks to queue
[2026-06-07T10:17:04.810+0000] {logging_mixin.py:190} INFO - [2026-06-07T10:17:04.809+0000] {dagbag.py:588} INFO - Filling up the DagBag from /home/airflow/.local/lib/python3.12/site-packages/airflow/example_dags/example_latest_only_with_trigger.py
[2026-06-07T10:17:04.829+0000] {processor.py:925} INFO - DAG(s) 'latest_only_with_trigger' retrieved from /home/airflow/.local/lib/python3.12/site-packages/airflow/example_dags/example_latest_only_with_trigger.py
[2026-06-07T10:17:05.074+0000] {logging_mixin.py:190} INFO - [2026-06-07T10:17:05.073+0000] {override.py:1932} INFO - Created Permission View: can delete on DAG:latest_only_with_trigger
[2026-06-07T10:17:05.108+0000] {logging_mixin.py:190} INFO - [2026-06-07T10:17:05.108+0000] {override.py:1932} INFO - Created Permission View: can edit on DAG:latest_only_with_trigger
[2026-06-07T10:17:05.133+0000] {logging_mixin.py:190} INFO - [2026-06-07T10:17:05.132+0000] {override.py:1932} INFO - Created Permission View: can read on DAG:latest_only_with_trigger
[2026-06-07T10:17:05.153+0000] {logging_mixin.py:190} INFO - [2026-06-07T10:17:05.152+0000] {override.py:1932} INFO - Created Permission View: menu access on DAG Run:latest_only_with_trigger
[2026-06-07T10:17:05.169+0000] {logging_mixin.py:190} INFO - [2026-06-07T10:17:05.168+0000] {override.py:1932} INFO - Created Permission View: can delete on DAG Run:latest_only_with_trigger
[2026-06-07T10:17:05.189+0000] {logging_mixin.py:190} INFO - [2026-06-07T10:17:05.189+0000] {override.py:1932} INFO - Created Permission View: can create on DAG Run:latest_only_with_trigger
[2026-06-07T10:17:05.205+0000] {logging_mixin.py:190} INFO - [2026-06-07T10:17:05.204+0000] {override.py:1932} INFO - Created Permission View: can read on DAG Run:latest_only_with_trigger
[2026-06-07T10:17:05.206+0000] {logging_mixin.py:190} INFO - [2026-06-07T10:17:05.206+0000] {dag.py:3239} INFO - Sync 1 DAGs
[2026-06-07T10:17:05.238+0000] {logging_mixin.py:190} INFO - [2026-06-07T10:17:05.238+0000] {dag.py:3262} INFO - Creating ORM DAG for latest_only_with_trigger
[2026-06-07T10:17:05.264+0000] {logging_mixin.py:190} INFO - [2026-06-07T10:17:05.263+0000] {dag.py:4180} INFO - Setting next_dagrun for latest_only_with_trigger to 2026-06-07 04:00:00+00:00, run_after=2026-06-07 08:00:00+00:00
[2026-06-07T10:17:05.313+0000] {processor.py:208} INFO - Processing /home/airflow/.local/lib/python3.12/site-packages/airflow/example_dags/example_latest_only_with_trigger.py took 0.523 seconds
[2026-06-07T10:18:12.067+0000] {processor.py:186} INFO - Started process (PID=164) to work on /home/airflow/.local/lib/python3.12/site-packages/airflow/example_dags/example_latest_only_with_trigger.py
[2026-06-07T10:18:12.070+0000] {processor.py:914} INFO - Processing file /home/airflow/.local/lib/python3.12/site-packages/airflow/example_dags/example_latest_only_with_trigger.py for tasks to queue
[2026-06-07T10:18:12.076+0000] {logging_mixin.py:190} INFO - [2026-06-07T10:18:12.075+0000] {dagbag.py:588} INFO - Filling up the DagBag from /home/airflow/.local/lib/python3.12/site-packages/airflow/example_dags/example_latest_only_with_trigger.py
[2026-06-07T10:18:12.096+0000] {processor.py:925} INFO - DAG(s) 'latest_only_with_trigger' retrieved from /home/airflow/.local/lib/python3.12/site-packages/airflow/example_dags/example_latest_only_with_trigger.py
[2026-06-07T10:18:12.180+0000] {logging_mixin.py:190} INFO - [2026-06-07T10:18:12.180+0000] {dag.py:3239} INFO - Sync 1 DAGs
[2026-06-07T10:18:12.265+0000] {logging_mixin.py:190} INFO - [2026-06-07T10:18:12.263+0000] {dag.py:4180} INFO - Setting next_dagrun for latest_only_with_trigger to 2026-06-07 04:00:00+00:00, run_after=2026-06-07 08:00:00+00:00
[2026-06-07T10:18:12.318+0000] {processor.py:208} INFO - Processing /home/airflow/.local/lib/python3.12/site-packages/airflow/example_dags/example_latest_only_with_trigger.py took 0.262 seconds
[2026-06-07T10:19:00.389+0000] {processor.py:186} INFO - Started process (PID=233) to work on /home/airflow/.local/lib/python3.12/site-packages/airflow/example_dags/example_latest_only_with_trigger.py
[2026-06-07T10:19:00.394+0000] {processor.py:914} INFO - Processing file /home/airflow/.local/lib/python3.12/site-packages/airflow/example_dags/example_latest_only_with_trigger.py for tasks to queue
[2026-06-07T10:19:00.437+0000] {logging_mixin.py:190} INFO - [2026-06-07T10:19:00.432+0000] {dagbag.py:588} INFO - Filling up the DagBag from /home/airflow/.local/lib/python3.12/site-packages/airflow/example_dags/example_latest_only_with_trigger.py
[2026-06-07T10:19:00.461+0000] {processor.py:925} INFO - DAG(s) 'latest_only_with_trigger' retrieved from /home/airflow/.local/lib/python3.12/site-packages/airflow/example_dags/example_latest_only_with_trigger.py
[2026-06-07T10:19:00.527+0000] {logging_mixin.py:190} INFO - [2026-06-07T10:19:00.526+0000] {dag.py:3239} INFO - Sync 1 DAGs
[2026-06-07T10:19:00.606+0000] {logging_mixin.py:190} INFO - [2026-06-07T10:19:00.603+0000] {dag.py:4180} INFO - Setting next_dagrun for latest_only_with_trigger to 2026-06-07 04:00:00+00:00, run_after=2026-06-07 08:00:00+00:00
[2026-06-07T10:19:00.657+0000] {processor.py:208} INFO - Processing /home/airflow/.local/lib/python3.12/site-packages/airflow/example_dags/example_latest_only_with_trigger.py took 0.292 seconds
[2026-06-07T10:19:37.578+0000] {processor.py:186} INFO - Started process (PID=282) to work on /home/airflow/.local/lib/python3.12/site-packages/airflow/example_dags/example_latest_only_with_trigger.py
[2026-06-07T10:19:37.616+0000] {processor.py:914} INFO - Processing file /home/airflow/.local/lib/python3.12/site-packages/airflow/example_dags/example_latest_only_with_trigger.py for tasks to queue
[2026-06-07T10:19:37.636+0000] {logging_mixin.py:190} INFO - [2026-06-07T10:19:37.635+0000] {dagbag.py:588} INFO - Filling up the DagBag from /home/airflow/.local/lib/python3.12/site-packages/airflow/example_dags/example_latest_only_with_trigger.py
[2026-06-07T10:19:37.676+0000] {processor.py:925} INFO - DAG(s) 'latest_only_with_trigger' retrieved from /home/airflow/.local/lib/python3.12/site-packages/airflow/example_dags/example_latest_only_with_trigger.py
[2026-06-07T10:19:37.784+0000] {logging_mixin.py:190} INFO - [2026-06-07T10:19:37.783+0000] {dag.py:3239} INFO - Sync 1 DAGs
[2026-06-07T10:19:37.956+0000] {logging_mixin.py:190} INFO - [2026-06-07T10:19:37.955+0000] {dag.py:4180} INFO - Setting next_dagrun for latest_only_with_trigger to 2026-06-07 04:00:00+00:00, run_after=2026-06-07 08:00:00+00:00
[2026-06-07T10:19:38.148+0000] {processor.py:208} INFO - Processing /home/airflow/.local/lib/python3.12/site-packages/airflow/example_dags/example_latest_only_with_trigger.py took 0.591 seconds
[2026-06-07T10:20:38.871+0000] {processor.py:186} INFO - Started process (PID=351) to work on /home/airflow/.local/lib/python3.12/site-packages/airflow/example_dags/example_latest_only_with_trigger.py
[2026-06-07T10:20:38.873+0000] {processor.py:914} INFO - Processing file /home/airflow/.local/lib/python3.12/site-packages/airflow/example_dags/example_latest_only_with_trigger.py for tasks to queue
[2026-06-07T10:20:38.879+0000] {logging_mixin.py:190} INFO - [2026-06-07T10:20:38.878+0000] {dagbag.py:588} INFO - Filling up the DagBag from /home/airflow/.local/lib/python3.12/site-packages/airflow/example_dags/example_latest_only_with_trigger.py
[2026-06-07T10:20:38.895+0000] {processor.py:925} INFO - DAG(s) 'latest_only_with_trigger' retrieved from /home/airflow/.local/lib/python3.12/site-packages/airflow/example_dags/example_latest_only_with_trigger.py
[2026-06-07T10:20:39.007+0000] {logging_mixin.py:190} INFO - [2026-06-07T10:20:39.007+0000] {dag.py:3239} INFO - Sync 1 DAGs
[2026-06-07T10:20:39.171+0000] {logging_mixin.py:190} INFO - [2026-06-07T10:20:39.170+0000] {dag.py:4180} INFO - Setting next_dagrun for latest_only_with_trigger to 2026-06-07 04:00:00+00:00, run_after=2026-06-07 08:00:00+00:00
[2026-06-07T10:20:39.253+0000] {processor.py:208} INFO - Processing /home/airflow/.local/lib/python3.12/site-packages/airflow/example_dags/example_latest_only_with_trigger.py took 0.394 seconds
[2026-06-07T10:21:36.701+0000] {processor.py:186} INFO - Started process (PID=424) to work on /home/airflow/.local/lib/python3.12/site-packages/airflow/example_dags/example_latest_only_with_trigger.py
[2026-06-07T10:21:36.704+0000] {processor.py:914} INFO - Processing file /home/airflow/.local/lib/python3.12/site-packages/airflow/example_dags/example_latest_only_with_trigger.py for tasks to queue
[2026-06-07T10:21:36.713+0000] {logging_mixin.py:190} INFO - [2026-06-07T10:21:36.712+0000] {dagbag.py:588} INFO - Filling up the DagBag from /home/airflow/.local/lib/python3.12/site-packages/airflow/example_dags/example_latest_only_with_trigger.py
[2026-06-07T10:21:36.736+0000] {processor.py:925} INFO - DAG(s) 'latest_only_with_trigger' retrieved from /home/airflow/.local/lib/python3.12/site-packages/airflow/example_dags/example_latest_only_with_trigger.py
[2026-06-07T10:21:36.810+0000] {logging_mixin.py:190} INFO - [2026-06-07T10:21:36.810+0000] {dag.py:3239} INFO - Sync 1 DAGs
[2026-06-07T10:21:36.916+0000] {logging_mixin.py:190} INFO - [2026-06-07T10:21:36.915+0000] {dag.py:4180} INFO - Setting next_dagrun for latest_only_with_trigger to 2026-06-07 04:00:00+00:00, run_after=2026-06-07 08:00:00+00:00
[2026-06-07T10:21:37.011+0000] {processor.py:208} INFO - Processing /home/airflow/.local/lib/python3.12/site-packages/airflow/example_dags/example_latest_only_with_trigger.py took 0.327 seconds
[2026-06-07T10:22:24.364+0000] {processor.py:186} INFO - Started process (PID=499) to work on /home/airflow/.local/lib/python3.12/site-packages/airflow/example_dags/example_latest_only_with_trigger.py
[2026-06-07T10:22:24.366+0000] {processor.py:914} INFO - Processing file /home/airflow/.local/lib/python3.12/site-packages/airflow/example_dags/example_latest_only_with_trigger.py for tasks to queue
[2026-06-07T10:22:24.372+0000] {logging_mixin.py:190} INFO - [2026-06-07T10:22:24.371+0000] {dagbag.py:588} INFO - Filling up the DagBag from /home/airflow/.local/lib/python3.12/site-packages/airflow/example_dags/example_latest_only_with_trigger.py
[2026-06-07T10:22:24.385+0000] {processor.py:925} INFO - DAG(s) 'latest_only_with_trigger' retrieved from /home/airflow/.local/lib/python3.12/site-packages/airflow/example_dags/example_latest_only_with_trigger.py
[2026-06-07T10:22:24.434+0000] {logging_mixin.py:190} INFO - [2026-06-07T10:22:24.433+0000] {dag.py:3239} INFO - Sync 1 DAGs
[2026-06-07T10:22:24.479+0000] {logging_mixin.py:190} INFO - [2026-06-07T10:22:24.479+0000] {dag.py:4180} INFO - Setting next_dagrun for latest_only_with_trigger to 2026-06-07 04:00:00+00:00, run_after=2026-06-07 08:00:00+00:00
[2026-06-07T10:22:24.521+0000] {processor.py:208} INFO - Processing /home/airflow/.local/lib/python3.12/site-packages/airflow/example_dags/example_latest_only_with_trigger.py took 0.168 seconds
[2026-06-07T10:23:02.659+0000] {processor.py:186} INFO - Started process (PID=550) to work on /home/airflow/.local/lib/python3.12/site-packages/airflow/example_dags/example_latest_only_with_trigger.py
[2026-06-07T10:23:02.662+0000] {processor.py:914} INFO - Processing file /home/airflow/.local/lib/python3.12/site-packages/airflow/example_dags/example_latest_only_with_trigger.py for tasks to queue
[2026-06-07T10:23:02.669+0000] {logging_mixin.py:190} INFO - [2026-06-07T10:23:02.668+0000] {dagbag.py:588} INFO - Filling up the DagBag from /home/airflow/.local/lib/python3.12/site-packages/airflow/example_dags/example_latest_only_with_trigger.py
[2026-06-07T10:23:02.692+0000] {processor.py:925} INFO - DAG(s) 'latest_only_with_trigger' retrieved from /home/airflow/.local/lib/python3.12/site-packages/airflow/example_dags/example_latest_only_with_trigger.py
[2026-06-07T10:23:02.792+0000] {logging_mixin.py:190} INFO - [2026-06-07T10:23:02.791+0000] {dag.py:3239} INFO - Sync 1 DAGs
[2026-06-07T10:23:02.883+0000] {logging_mixin.py:190} INFO - [2026-06-07T10:23:02.882+0000] {dag.py:4180} INFO - Setting next_dagrun for latest_only_with_trigger to 2026-06-07 04:00:00+00:00, run_after=2026-06-07 08:00:00+00:00
[2026-06-07T10:23:02.957+0000] {processor.py:208} INFO - Processing /home/airflow/.local/lib/python3.12/site-packages/airflow/example_dags/example_latest_only_with_trigger.py took 0.313 seconds
[2026-06-07T10:23:59.743+0000] {processor.py:186} INFO - Started process (PID=618) to work on /home/airflow/.local/lib/python3.12/site-packages/airflow/example_dags/example_latest_only_with_trigger.py
[2026-06-07T10:23:59.751+0000] {processor.py:914} INFO - Processing file /home/airflow/.local/lib/python3.12/site-packages/airflow/example_dags/example_latest_only_with_trigger.py for tasks to queue
[2026-06-07T10:23:59.774+0000] {logging_mixin.py:190} INFO - [2026-06-07T10:23:59.770+0000] {dagbag.py:588} INFO - Filling up the DagBag from /home/airflow/.local/lib/python3.12/site-packages/airflow/example_dags/example_latest_only_with_trigger.py
[2026-06-07T10:23:59.832+0000] {processor.py:925} INFO - DAG(s) 'latest_only_with_trigger' retrieved from /home/airflow/.local/lib/python3.12/site-packages/airflow/example_dags/example_latest_only_with_trigger.py
[2026-06-07T10:23:59.936+0000] {logging_mixin.py:190} INFO - [2026-06-07T10:23:59.935+0000] {dag.py:3239} INFO - Sync 1 DAGs
[2026-06-07T10:24:00.026+0000] {logging_mixin.py:190} INFO - [2026-06-07T10:24:00.025+0000] {dag.py:4180} INFO - Setting next_dagrun for latest_only_with_trigger to 2026-06-07 04:00:00+00:00, run_after=2026-06-07 08:00:00+00:00
[2026-06-07T10:24:00.085+0000] {processor.py:208} INFO - Processing /home/airflow/.local/lib/python3.12/site-packages/airflow/example_dags/example_latest_only_with_trigger.py took 0.410 seconds
[2026-06-07T10:24:49.798+0000] {processor.py:186} INFO - Started process (PID=678) to work on /home/airflow/.local/lib/python3.12/site-packages/airflow/example_dags/example_latest_only_with_trigger.py
[2026-06-07T10:24:49.808+0000] {processor.py:914} INFO - Processing file /home/airflow/.local/lib/python3.12/site-packages/airflow/example_dags/example_latest_only_with_trigger.py for tasks to queue
[2026-06-07T10:24:49.864+0000] {logging_mixin.py:190} INFO - [2026-06-07T10:24:49.863+0000] {dagbag.py:588} INFO - Filling up the DagBag from /home/airflow/.local/lib/python3.12/site-packages/airflow/example_dags/example_latest_only_with_trigger.py
[2026-06-07T10:24:49.990+0000] {processor.py:925} INFO - DAG(s) 'latest_only_with_trigger' retrieved from /home/airflow/.local/lib/python3.12/site-packages/airflow/example_dags/example_latest_only_with_trigger.py
[2026-06-07T10:24:50.364+0000] {logging_mixin.py:190} INFO - [2026-06-07T10:24:50.363+0000] {dag.py:3239} INFO - Sync 1 DAGs
[2026-06-07T10:24:50.569+0000] {logging_mixin.py:190} INFO - [2026-06-07T10:24:50.568+0000] {dag.py:4180} INFO - Setting next_dagrun for latest_only_with_trigger to 2026-06-07 04:00:00+00:00, run_after=2026-06-07 08:00:00+00:00
[2026-06-07T10:24:50.660+0000] {processor.py:208} INFO - Processing /home/airflow/.local/lib/python3.12/site-packages/airflow/example_dags/example_latest_only_with_trigger.py took 0.882 seconds
[2026-06-07T10:25:28.976+0000] {processor.py:186} INFO - Started process (PID=729) to work on /home/airflow/.local/lib/python3.12/site-packages/airflow/example_dags/example_latest_only_with_trigger.py
[2026-06-07T10:25:28.980+0000] {processor.py:914} INFO - Processing file /home/airflow/.local/lib/python3.12/site-packages/airflow/example_dags/example_latest_only_with_trigger.py for tasks to queue
[2026-06-07T10:25:28.986+0000] {logging_mixin.py:190} INFO - [2026-06-07T10:25:28.985+0000] {dagbag.py:588} INFO - Filling up the DagBag from /home/airflow/.local/lib/python3.12/site-packages/airflow/example_dags/example_latest_only_with_trigger.py
[2026-06-07T10:25:29.019+0000] {processor.py:925} INFO - DAG(s) 'latest_only_with_trigger' retrieved from /home/airflow/.local/lib/python3.12/site-packages/airflow/example_dags/example_latest_only_with_trigger.py
[2026-06-07T10:25:29.164+0000] {logging_mixin.py:190} INFO - [2026-06-07T10:25:29.164+0000] {dag.py:3239} INFO - Sync 1 DAGs
[2026-06-07T10:25:29.478+0000] {logging_mixin.py:190} INFO - [2026-06-07T10:25:29.469+0000] {dag.py:4180} INFO - Setting next_dagrun for latest_only_with_trigger to 2026-06-07 04:00:00+00:00, run_after=2026-06-07 08:00:00+00:00
[2026-06-07T10:25:29.677+0000] {processor.py:208} INFO - Processing /home/airflow/.local/lib/python3.12/site-packages/airflow/example_dags/example_latest_only_with_trigger.py took 0.743 seconds
[2026-06-07T10:26:26.423+0000] {processor.py:186} INFO - Started process (PID=797) to work on /home/airflow/.local/lib/python3.12/site-packages/airflow/example_dags/example_latest_only_with_trigger.py
[2026-06-07T10:26:26.426+0000] {processor.py:914} INFO - Processing file /home/airflow/.local/lib/python3.12/site-packages/airflow/example_dags/example_latest_only_with_trigger.py for tasks to queue
[2026-06-07T10:26:26.431+0000] {logging_mixin.py:190} INFO - [2026-06-07T10:26:26.430+0000] {dagbag.py:588} INFO - Filling up the DagBag from /home/airflow/.local/lib/python3.12/site-packages/airflow/example_dags/example_latest_only_with_trigger.py
[2026-06-07T10:26:26.457+0000] {processor.py:925} INFO - DAG(s) 'latest_only_with_trigger' retrieved from /home/airflow/.local/lib/python3.12/site-packages/airflow/example_dags/example_latest_only_with_trigger.py
[2026-06-07T10:26:26.530+0000] {logging_mixin.py:190} INFO - [2026-06-07T10:26:26.529+0000] {dag.py:3239} INFO - Sync 1 DAGs
[2026-06-07T10:26:26.602+0000] {logging_mixin.py:190} INFO - [2026-06-07T10:26:26.601+0000] {dag.py:4180} INFO - Setting next_dagrun for latest_only_with_trigger to 2026-06-07 04:00:00+00:00, run_after=2026-06-07 08:00:00+00:00
[2026-06-07T10:26:26.650+0000] {processor.py:208} INFO - Processing /home/airflow/.local/lib/python3.12/site-packages/airflow/example_dags/example_latest_only_with_trigger.py took 0.239 seconds
