[2026-06-07T08:16:07.610+0000] {processor.py:186} INFO - Started process (PID=92) to work on /home/airflow/.local/lib/python3.12/site-packages/airflow/example_dags/example_setup_teardown_taskflow.py
[2026-06-07T08:16:07.613+0000] {processor.py:914} INFO - Processing file /home/airflow/.local/lib/python3.12/site-packages/airflow/example_dags/example_setup_teardown_taskflow.py for tasks to queue
[2026-06-07T08:16:07.621+0000] {logging_mixin.py:190} INFO - [2026-06-07T08:16:07.620+0000] {dagbag.py:588} INFO - Filling up the DagBag from /home/airflow/.local/lib/python3.12/site-packages/airflow/example_dags/example_setup_teardown_taskflow.py
[2026-06-07T08:16:07.655+0000] {processor.py:925} INFO - DAG(s) 'example_setup_teardown_taskflow' retrieved from /home/airflow/.local/lib/python3.12/site-packages/airflow/example_dags/example_setup_teardown_taskflow.py
[2026-06-07T08:16:07.723+0000] {logging_mixin.py:190} INFO - [2026-06-07T08:16:07.723+0000] {dag.py:3239} INFO - Sync 1 DAGs
[2026-06-07T08:16:07.755+0000] {logging_mixin.py:190} INFO - [2026-06-07T08:16:07.755+0000] {dag.py:4180} INFO - Setting next_dagrun for example_setup_teardown_taskflow to None, run_after=None
[2026-06-07T08:16:07.797+0000] {processor.py:208} INFO - Processing /home/airflow/.local/lib/python3.12/site-packages/airflow/example_dags/example_setup_teardown_taskflow.py took 0.201 seconds
[2026-06-07T08:17:02.217+0000] {processor.py:186} INFO - Started process (PID=160) to work on /home/airflow/.local/lib/python3.12/site-packages/airflow/example_dags/example_setup_teardown_taskflow.py
[2026-06-07T08:17:02.219+0000] {processor.py:914} INFO - Processing file /home/airflow/.local/lib/python3.12/site-packages/airflow/example_dags/example_setup_teardown_taskflow.py for tasks to queue
[2026-06-07T08:17:02.236+0000] {logging_mixin.py:190} INFO - [2026-06-07T08:17:02.234+0000] {dagbag.py:588} INFO - Filling up the DagBag from /home/airflow/.local/lib/python3.12/site-packages/airflow/example_dags/example_setup_teardown_taskflow.py
[2026-06-07T08:17:02.283+0000] {processor.py:925} INFO - DAG(s) 'example_setup_teardown_taskflow' retrieved from /home/airflow/.local/lib/python3.12/site-packages/airflow/example_dags/example_setup_teardown_taskflow.py
[2026-06-07T08:17:02.370+0000] {logging_mixin.py:190} INFO - [2026-06-07T08:17:02.370+0000] {dag.py:3239} INFO - Sync 1 DAGs
[2026-06-07T08:17:02.420+0000] {logging_mixin.py:190} INFO - [2026-06-07T08:17:02.420+0000] {dag.py:4180} INFO - Setting next_dagrun for example_setup_teardown_taskflow to None, run_after=None
[2026-06-07T08:17:02.470+0000] {processor.py:208} INFO - Processing /home/airflow/.local/lib/python3.12/site-packages/airflow/example_dags/example_setup_teardown_taskflow.py took 0.277 seconds
[2026-06-07T08:17:41.813+0000] {processor.py:186} INFO - Started process (PID=218) to work on /home/airflow/.local/lib/python3.12/site-packages/airflow/example_dags/example_setup_teardown_taskflow.py
[2026-06-07T08:17:41.817+0000] {processor.py:914} INFO - Processing file /home/airflow/.local/lib/python3.12/site-packages/airflow/example_dags/example_setup_teardown_taskflow.py for tasks to queue
[2026-06-07T08:17:41.831+0000] {logging_mixin.py:190} INFO - [2026-06-07T08:17:41.825+0000] {dagbag.py:588} INFO - Filling up the DagBag from /home/airflow/.local/lib/python3.12/site-packages/airflow/example_dags/example_setup_teardown_taskflow.py
[2026-06-07T08:17:41.857+0000] {processor.py:925} INFO - DAG(s) 'example_setup_teardown_taskflow' retrieved from /home/airflow/.local/lib/python3.12/site-packages/airflow/example_dags/example_setup_teardown_taskflow.py
[2026-06-07T08:17:41.931+0000] {logging_mixin.py:190} INFO - [2026-06-07T08:17:41.930+0000] {dag.py:3239} INFO - Sync 1 DAGs
[2026-06-07T08:17:41.972+0000] {logging_mixin.py:190} INFO - [2026-06-07T08:17:41.971+0000] {dag.py:4180} INFO - Setting next_dagrun for example_setup_teardown_taskflow to None, run_after=None
[2026-06-07T08:17:42.080+0000] {processor.py:208} INFO - Processing /home/airflow/.local/lib/python3.12/site-packages/airflow/example_dags/example_setup_teardown_taskflow.py took 0.280 seconds
[2026-06-07T08:18:24.559+0000] {processor.py:186} INFO - Started process (PID=289) to work on /home/airflow/.local/lib/python3.12/site-packages/airflow/example_dags/example_setup_teardown_taskflow.py
[2026-06-07T08:18:24.563+0000] {processor.py:914} INFO - Processing file /home/airflow/.local/lib/python3.12/site-packages/airflow/example_dags/example_setup_teardown_taskflow.py for tasks to queue
[2026-06-07T08:18:24.570+0000] {logging_mixin.py:190} INFO - [2026-06-07T08:18:24.569+0000] {dagbag.py:588} INFO - Filling up the DagBag from /home/airflow/.local/lib/python3.12/site-packages/airflow/example_dags/example_setup_teardown_taskflow.py
[2026-06-07T08:18:24.603+0000] {processor.py:925} INFO - DAG(s) 'example_setup_teardown_taskflow' retrieved from /home/airflow/.local/lib/python3.12/site-packages/airflow/example_dags/example_setup_teardown_taskflow.py
[2026-06-07T08:18:24.657+0000] {logging_mixin.py:190} INFO - [2026-06-07T08:18:24.656+0000] {dag.py:3239} INFO - Sync 1 DAGs
[2026-06-07T08:18:24.687+0000] {logging_mixin.py:190} INFO - [2026-06-07T08:18:24.687+0000] {dag.py:4180} INFO - Setting next_dagrun for example_setup_teardown_taskflow to None, run_after=None
[2026-06-07T08:18:24.724+0000] {processor.py:208} INFO - Processing /home/airflow/.local/lib/python3.12/site-packages/airflow/example_dags/example_setup_teardown_taskflow.py took 0.178 seconds
[2026-06-07T08:19:04.001+0000] {processor.py:186} INFO - Started process (PID=350) to work on /home/airflow/.local/lib/python3.12/site-packages/airflow/example_dags/example_setup_teardown_taskflow.py
[2026-06-07T08:19:04.003+0000] {processor.py:914} INFO - Processing file /home/airflow/.local/lib/python3.12/site-packages/airflow/example_dags/example_setup_teardown_taskflow.py for tasks to queue
[2026-06-07T08:19:04.013+0000] {logging_mixin.py:190} INFO - [2026-06-07T08:19:04.013+0000] {dagbag.py:588} INFO - Filling up the DagBag from /home/airflow/.local/lib/python3.12/site-packages/airflow/example_dags/example_setup_teardown_taskflow.py
[2026-06-07T08:19:04.038+0000] {processor.py:925} INFO - DAG(s) 'example_setup_teardown_taskflow' retrieved from /home/airflow/.local/lib/python3.12/site-packages/airflow/example_dags/example_setup_teardown_taskflow.py
[2026-06-07T08:19:04.096+0000] {logging_mixin.py:190} INFO - [2026-06-07T08:19:04.095+0000] {dag.py:3239} INFO - Sync 1 DAGs
[2026-06-07T08:19:04.135+0000] {logging_mixin.py:190} INFO - [2026-06-07T08:19:04.135+0000] {dag.py:4180} INFO - Setting next_dagrun for example_setup_teardown_taskflow to None, run_after=None
[2026-06-07T08:19:04.194+0000] {processor.py:208} INFO - Processing /home/airflow/.local/lib/python3.12/site-packages/airflow/example_dags/example_setup_teardown_taskflow.py took 0.205 seconds
[2026-06-07T08:19:36.369+0000] {processor.py:186} INFO - Started process (PID=412) to work on /home/airflow/.local/lib/python3.12/site-packages/airflow/example_dags/example_setup_teardown_taskflow.py
[2026-06-07T08:19:36.372+0000] {processor.py:914} INFO - Processing file /home/airflow/.local/lib/python3.12/site-packages/airflow/example_dags/example_setup_teardown_taskflow.py for tasks to queue
[2026-06-07T08:19:36.378+0000] {logging_mixin.py:190} INFO - [2026-06-07T08:19:36.377+0000] {dagbag.py:588} INFO - Filling up the DagBag from /home/airflow/.local/lib/python3.12/site-packages/airflow/example_dags/example_setup_teardown_taskflow.py
[2026-06-07T08:19:36.402+0000] {processor.py:925} INFO - DAG(s) 'example_setup_teardown_taskflow' retrieved from /home/airflow/.local/lib/python3.12/site-packages/airflow/example_dags/example_setup_teardown_taskflow.py
[2026-06-07T08:19:36.463+0000] {logging_mixin.py:190} INFO - [2026-06-07T08:19:36.463+0000] {dag.py:3239} INFO - Sync 1 DAGs
[2026-06-07T08:19:36.497+0000] {logging_mixin.py:190} INFO - [2026-06-07T08:19:36.496+0000] {dag.py:4180} INFO - Setting next_dagrun for example_setup_teardown_taskflow to None, run_after=None
[2026-06-07T08:19:36.543+0000] {processor.py:208} INFO - Processing /home/airflow/.local/lib/python3.12/site-packages/airflow/example_dags/example_setup_teardown_taskflow.py took 0.186 seconds
[2026-06-07T08:20:09.626+0000] {processor.py:186} INFO - Started process (PID=471) to work on /home/airflow/.local/lib/python3.12/site-packages/airflow/example_dags/example_setup_teardown_taskflow.py
[2026-06-07T08:20:09.629+0000] {processor.py:914} INFO - Processing file /home/airflow/.local/lib/python3.12/site-packages/airflow/example_dags/example_setup_teardown_taskflow.py for tasks to queue
[2026-06-07T08:20:09.641+0000] {logging_mixin.py:190} INFO - [2026-06-07T08:20:09.640+0000] {dagbag.py:588} INFO - Filling up the DagBag from /home/airflow/.local/lib/python3.12/site-packages/airflow/example_dags/example_setup_teardown_taskflow.py
[2026-06-07T08:20:09.667+0000] {processor.py:925} INFO - DAG(s) 'example_setup_teardown_taskflow' retrieved from /home/airflow/.local/lib/python3.12/site-packages/airflow/example_dags/example_setup_teardown_taskflow.py
[2026-06-07T08:20:09.750+0000] {logging_mixin.py:190} INFO - [2026-06-07T08:20:09.749+0000] {dag.py:3239} INFO - Sync 1 DAGs
[2026-06-07T08:20:09.791+0000] {logging_mixin.py:190} INFO - [2026-06-07T08:20:09.790+0000] {dag.py:4180} INFO - Setting next_dagrun for example_setup_teardown_taskflow to None, run_after=None
[2026-06-07T08:20:09.851+0000] {processor.py:208} INFO - Processing /home/airflow/.local/lib/python3.12/site-packages/airflow/example_dags/example_setup_teardown_taskflow.py took 0.238 seconds
[2026-06-07T08:20:43.414+0000] {processor.py:186} INFO - Started process (PID=539) to work on /home/airflow/.local/lib/python3.12/site-packages/airflow/example_dags/example_setup_teardown_taskflow.py
[2026-06-07T08:20:43.415+0000] {processor.py:914} INFO - Processing file /home/airflow/.local/lib/python3.12/site-packages/airflow/example_dags/example_setup_teardown_taskflow.py for tasks to queue
[2026-06-07T08:20:43.422+0000] {logging_mixin.py:190} INFO - [2026-06-07T08:20:43.422+0000] {dagbag.py:588} INFO - Filling up the DagBag from /home/airflow/.local/lib/python3.12/site-packages/airflow/example_dags/example_setup_teardown_taskflow.py
[2026-06-07T08:20:43.444+0000] {processor.py:925} INFO - DAG(s) 'example_setup_teardown_taskflow' retrieved from /home/airflow/.local/lib/python3.12/site-packages/airflow/example_dags/example_setup_teardown_taskflow.py
[2026-06-07T08:20:43.486+0000] {logging_mixin.py:190} INFO - [2026-06-07T08:20:43.486+0000] {dag.py:3239} INFO - Sync 1 DAGs
[2026-06-07T08:20:43.508+0000] {logging_mixin.py:190} INFO - [2026-06-07T08:20:43.508+0000] {dag.py:4180} INFO - Setting next_dagrun for example_setup_teardown_taskflow to None, run_after=None
[2026-06-07T08:20:43.542+0000] {processor.py:208} INFO - Processing /home/airflow/.local/lib/python3.12/site-packages/airflow/example_dags/example_setup_teardown_taskflow.py took 0.138 seconds
[2026-06-07T08:21:16.499+0000] {processor.py:186} INFO - Started process (PID=600) to work on /home/airflow/.local/lib/python3.12/site-packages/airflow/example_dags/example_setup_teardown_taskflow.py
[2026-06-07T08:21:16.502+0000] {processor.py:914} INFO - Processing file /home/airflow/.local/lib/python3.12/site-packages/airflow/example_dags/example_setup_teardown_taskflow.py for tasks to queue
[2026-06-07T08:21:16.508+0000] {logging_mixin.py:190} INFO - [2026-06-07T08:21:16.507+0000] {dagbag.py:588} INFO - Filling up the DagBag from /home/airflow/.local/lib/python3.12/site-packages/airflow/example_dags/example_setup_teardown_taskflow.py
[2026-06-07T08:21:16.525+0000] {processor.py:925} INFO - DAG(s) 'example_setup_teardown_taskflow' retrieved from /home/airflow/.local/lib/python3.12/site-packages/airflow/example_dags/example_setup_teardown_taskflow.py
[2026-06-07T08:21:16.568+0000] {logging_mixin.py:190} INFO - [2026-06-07T08:21:16.568+0000] {dag.py:3239} INFO - Sync 1 DAGs
[2026-06-07T08:21:16.590+0000] {logging_mixin.py:190} INFO - [2026-06-07T08:21:16.590+0000] {dag.py:4180} INFO - Setting next_dagrun for example_setup_teardown_taskflow to None, run_after=None
[2026-06-07T08:21:16.626+0000] {processor.py:208} INFO - Processing /home/airflow/.local/lib/python3.12/site-packages/airflow/example_dags/example_setup_teardown_taskflow.py took 0.136 seconds
[2026-06-07T08:21:55.160+0000] {processor.py:186} INFO - Started process (PID=662) to work on /home/airflow/.local/lib/python3.12/site-packages/airflow/example_dags/example_setup_teardown_taskflow.py
[2026-06-07T08:21:55.165+0000] {processor.py:914} INFO - Processing file /home/airflow/.local/lib/python3.12/site-packages/airflow/example_dags/example_setup_teardown_taskflow.py for tasks to queue
[2026-06-07T08:21:55.179+0000] {logging_mixin.py:190} INFO - [2026-06-07T08:21:55.178+0000] {dagbag.py:588} INFO - Filling up the DagBag from /home/airflow/.local/lib/python3.12/site-packages/airflow/example_dags/example_setup_teardown_taskflow.py
[2026-06-07T08:21:55.211+0000] {processor.py:925} INFO - DAG(s) 'example_setup_teardown_taskflow' retrieved from /home/airflow/.local/lib/python3.12/site-packages/airflow/example_dags/example_setup_teardown_taskflow.py
[2026-06-07T08:21:55.300+0000] {logging_mixin.py:190} INFO - [2026-06-07T08:21:55.298+0000] {dag.py:3239} INFO - Sync 1 DAGs
[2026-06-07T08:21:55.340+0000] {logging_mixin.py:190} INFO - [2026-06-07T08:21:55.339+0000] {dag.py:4180} INFO - Setting next_dagrun for example_setup_teardown_taskflow to None, run_after=None
[2026-06-07T08:21:55.413+0000] {processor.py:208} INFO - Processing /home/airflow/.local/lib/python3.12/site-packages/airflow/example_dags/example_setup_teardown_taskflow.py took 0.267 seconds
[2026-06-07T08:22:30.109+0000] {processor.py:186} INFO - Started process (PID=724) to work on /home/airflow/.local/lib/python3.12/site-packages/airflow/example_dags/example_setup_teardown_taskflow.py
[2026-06-07T08:22:30.111+0000] {processor.py:914} INFO - Processing file /home/airflow/.local/lib/python3.12/site-packages/airflow/example_dags/example_setup_teardown_taskflow.py for tasks to queue
[2026-06-07T08:22:30.116+0000] {logging_mixin.py:190} INFO - [2026-06-07T08:22:30.116+0000] {dagbag.py:588} INFO - Filling up the DagBag from /home/airflow/.local/lib/python3.12/site-packages/airflow/example_dags/example_setup_teardown_taskflow.py
[2026-06-07T08:22:30.135+0000] {processor.py:925} INFO - DAG(s) 'example_setup_teardown_taskflow' retrieved from /home/airflow/.local/lib/python3.12/site-packages/airflow/example_dags/example_setup_teardown_taskflow.py
[2026-06-07T08:22:30.184+0000] {logging_mixin.py:190} INFO - [2026-06-07T08:22:30.184+0000] {dag.py:3239} INFO - Sync 1 DAGs
[2026-06-07T08:22:30.215+0000] {logging_mixin.py:190} INFO - [2026-06-07T08:22:30.215+0000] {dag.py:4180} INFO - Setting next_dagrun for example_setup_teardown_taskflow to None, run_after=None
[2026-06-07T08:22:30.254+0000] {processor.py:208} INFO - Processing /home/airflow/.local/lib/python3.12/site-packages/airflow/example_dags/example_setup_teardown_taskflow.py took 0.154 seconds
[2026-06-07T08:23:05.081+0000] {processor.py:186} INFO - Started process (PID=785) to work on /home/airflow/.local/lib/python3.12/site-packages/airflow/example_dags/example_setup_teardown_taskflow.py
[2026-06-07T08:23:05.084+0000] {processor.py:914} INFO - Processing file /home/airflow/.local/lib/python3.12/site-packages/airflow/example_dags/example_setup_teardown_taskflow.py for tasks to queue
[2026-06-07T08:23:05.090+0000] {logging_mixin.py:190} INFO - [2026-06-07T08:23:05.089+0000] {dagbag.py:588} INFO - Filling up the DagBag from /home/airflow/.local/lib/python3.12/site-packages/airflow/example_dags/example_setup_teardown_taskflow.py
[2026-06-07T08:23:05.113+0000] {processor.py:925} INFO - DAG(s) 'example_setup_teardown_taskflow' retrieved from /home/airflow/.local/lib/python3.12/site-packages/airflow/example_dags/example_setup_teardown_taskflow.py
[2026-06-07T08:23:05.160+0000] {logging_mixin.py:190} INFO - [2026-06-07T08:23:05.160+0000] {dag.py:3239} INFO - Sync 1 DAGs
[2026-06-07T08:23:05.190+0000] {logging_mixin.py:190} INFO - [2026-06-07T08:23:05.189+0000] {dag.py:4180} INFO - Setting next_dagrun for example_setup_teardown_taskflow to None, run_after=None
[2026-06-07T08:23:05.228+0000] {processor.py:208} INFO - Processing /home/airflow/.local/lib/python3.12/site-packages/airflow/example_dags/example_setup_teardown_taskflow.py took 0.160 seconds
[2026-06-07T08:23:39.678+0000] {processor.py:186} INFO - Started process (PID=847) to work on /home/airflow/.local/lib/python3.12/site-packages/airflow/example_dags/example_setup_teardown_taskflow.py
[2026-06-07T08:23:39.680+0000] {processor.py:914} INFO - Processing file /home/airflow/.local/lib/python3.12/site-packages/airflow/example_dags/example_setup_teardown_taskflow.py for tasks to queue
[2026-06-07T08:23:39.685+0000] {logging_mixin.py:190} INFO - [2026-06-07T08:23:39.684+0000] {dagbag.py:588} INFO - Filling up the DagBag from /home/airflow/.local/lib/python3.12/site-packages/airflow/example_dags/example_setup_teardown_taskflow.py
[2026-06-07T08:23:39.703+0000] {processor.py:925} INFO - DAG(s) 'example_setup_teardown_taskflow' retrieved from /home/airflow/.local/lib/python3.12/site-packages/airflow/example_dags/example_setup_teardown_taskflow.py
[2026-06-07T08:23:39.762+0000] {logging_mixin.py:190} INFO - [2026-06-07T08:23:39.762+0000] {dag.py:3239} INFO - Sync 1 DAGs
[2026-06-07T08:23:39.787+0000] {logging_mixin.py:190} INFO - [2026-06-07T08:23:39.787+0000] {dag.py:4180} INFO - Setting next_dagrun for example_setup_teardown_taskflow to None, run_after=None
[2026-06-07T08:23:39.823+0000] {processor.py:208} INFO - Processing /home/airflow/.local/lib/python3.12/site-packages/airflow/example_dags/example_setup_teardown_taskflow.py took 0.154 seconds
[2026-06-07T08:24:16.943+0000] {processor.py:186} INFO - Started process (PID=913) to work on /home/airflow/.local/lib/python3.12/site-packages/airflow/example_dags/example_setup_teardown_taskflow.py
[2026-06-07T08:24:16.946+0000] {processor.py:914} INFO - Processing file /home/airflow/.local/lib/python3.12/site-packages/airflow/example_dags/example_setup_teardown_taskflow.py for tasks to queue
[2026-06-07T08:24:16.953+0000] {logging_mixin.py:190} INFO - [2026-06-07T08:24:16.952+0000] {dagbag.py:588} INFO - Filling up the DagBag from /home/airflow/.local/lib/python3.12/site-packages/airflow/example_dags/example_setup_teardown_taskflow.py
[2026-06-07T08:24:16.980+0000] {processor.py:925} INFO - DAG(s) 'example_setup_teardown_taskflow' retrieved from /home/airflow/.local/lib/python3.12/site-packages/airflow/example_dags/example_setup_teardown_taskflow.py
[2026-06-07T08:24:17.044+0000] {logging_mixin.py:190} INFO - [2026-06-07T08:24:17.044+0000] {dag.py:3239} INFO - Sync 1 DAGs
[2026-06-07T08:24:17.080+0000] {logging_mixin.py:190} INFO - [2026-06-07T08:24:17.079+0000] {dag.py:4180} INFO - Setting next_dagrun for example_setup_teardown_taskflow to None, run_after=None
[2026-06-07T08:24:17.120+0000] {processor.py:208} INFO - Processing /home/airflow/.local/lib/python3.12/site-packages/airflow/example_dags/example_setup_teardown_taskflow.py took 0.190 seconds
[2026-06-07T08:24:54.604+0000] {processor.py:186} INFO - Started process (PID=974) to work on /home/airflow/.local/lib/python3.12/site-packages/airflow/example_dags/example_setup_teardown_taskflow.py
[2026-06-07T08:24:54.606+0000] {processor.py:914} INFO - Processing file /home/airflow/.local/lib/python3.12/site-packages/airflow/example_dags/example_setup_teardown_taskflow.py for tasks to queue
[2026-06-07T08:24:54.614+0000] {logging_mixin.py:190} INFO - [2026-06-07T08:24:54.613+0000] {dagbag.py:588} INFO - Filling up the DagBag from /home/airflow/.local/lib/python3.12/site-packages/airflow/example_dags/example_setup_teardown_taskflow.py
[2026-06-07T08:24:54.654+0000] {processor.py:925} INFO - DAG(s) 'example_setup_teardown_taskflow' retrieved from /home/airflow/.local/lib/python3.12/site-packages/airflow/example_dags/example_setup_teardown_taskflow.py
[2026-06-07T08:24:54.727+0000] {logging_mixin.py:190} INFO - [2026-06-07T08:24:54.727+0000] {dag.py:3239} INFO - Sync 1 DAGs
[2026-06-07T08:24:54.764+0000] {logging_mixin.py:190} INFO - [2026-06-07T08:24:54.764+0000] {dag.py:4180} INFO - Setting next_dagrun for example_setup_teardown_taskflow to None, run_after=None
[2026-06-07T08:24:54.807+0000] {processor.py:208} INFO - Processing /home/airflow/.local/lib/python3.12/site-packages/airflow/example_dags/example_setup_teardown_taskflow.py took 0.215 seconds
[2026-06-07T08:25:27.861+0000] {processor.py:186} INFO - Started process (PID=1036) to work on /home/airflow/.local/lib/python3.12/site-packages/airflow/example_dags/example_setup_teardown_taskflow.py
[2026-06-07T08:25:27.869+0000] {processor.py:914} INFO - Processing file /home/airflow/.local/lib/python3.12/site-packages/airflow/example_dags/example_setup_teardown_taskflow.py for tasks to queue
[2026-06-07T08:25:27.884+0000] {logging_mixin.py:190} INFO - [2026-06-07T08:25:27.883+0000] {dagbag.py:588} INFO - Filling up the DagBag from /home/airflow/.local/lib/python3.12/site-packages/airflow/example_dags/example_setup_teardown_taskflow.py
[2026-06-07T08:25:27.933+0000] {processor.py:925} INFO - DAG(s) 'example_setup_teardown_taskflow' retrieved from /home/airflow/.local/lib/python3.12/site-packages/airflow/example_dags/example_setup_teardown_taskflow.py
[2026-06-07T08:25:28.031+0000] {logging_mixin.py:190} INFO - [2026-06-07T08:25:28.030+0000] {dag.py:3239} INFO - Sync 1 DAGs
[2026-06-07T08:25:28.065+0000] {logging_mixin.py:190} INFO - [2026-06-07T08:25:28.065+0000] {dag.py:4180} INFO - Setting next_dagrun for example_setup_teardown_taskflow to None, run_after=None
[2026-06-07T08:25:28.104+0000] {processor.py:208} INFO - Processing /home/airflow/.local/lib/python3.12/site-packages/airflow/example_dags/example_setup_teardown_taskflow.py took 0.266 seconds
[2026-06-07T08:26:04.861+0000] {processor.py:186} INFO - Started process (PID=1098) to work on /home/airflow/.local/lib/python3.12/site-packages/airflow/example_dags/example_setup_teardown_taskflow.py
[2026-06-07T08:26:04.864+0000] {processor.py:914} INFO - Processing file /home/airflow/.local/lib/python3.12/site-packages/airflow/example_dags/example_setup_teardown_taskflow.py for tasks to queue
[2026-06-07T08:26:04.871+0000] {logging_mixin.py:190} INFO - [2026-06-07T08:26:04.870+0000] {dagbag.py:588} INFO - Filling up the DagBag from /home/airflow/.local/lib/python3.12/site-packages/airflow/example_dags/example_setup_teardown_taskflow.py
[2026-06-07T08:26:04.894+0000] {processor.py:925} INFO - DAG(s) 'example_setup_teardown_taskflow' retrieved from /home/airflow/.local/lib/python3.12/site-packages/airflow/example_dags/example_setup_teardown_taskflow.py
[2026-06-07T08:26:04.951+0000] {logging_mixin.py:190} INFO - [2026-06-07T08:26:04.951+0000] {dag.py:3239} INFO - Sync 1 DAGs
[2026-06-07T08:26:04.982+0000] {logging_mixin.py:190} INFO - [2026-06-07T08:26:04.981+0000] {dag.py:4180} INFO - Setting next_dagrun for example_setup_teardown_taskflow to None, run_after=None
[2026-06-07T08:26:05.024+0000] {processor.py:208} INFO - Processing /home/airflow/.local/lib/python3.12/site-packages/airflow/example_dags/example_setup_teardown_taskflow.py took 0.175 seconds
[2026-06-07T08:26:39.151+0000] {processor.py:186} INFO - Started process (PID=1160) to work on /home/airflow/.local/lib/python3.12/site-packages/airflow/example_dags/example_setup_teardown_taskflow.py
[2026-06-07T08:26:39.153+0000] {processor.py:914} INFO - Processing file /home/airflow/.local/lib/python3.12/site-packages/airflow/example_dags/example_setup_teardown_taskflow.py for tasks to queue
[2026-06-07T08:26:39.158+0000] {logging_mixin.py:190} INFO - [2026-06-07T08:26:39.157+0000] {dagbag.py:588} INFO - Filling up the DagBag from /home/airflow/.local/lib/python3.12/site-packages/airflow/example_dags/example_setup_teardown_taskflow.py
[2026-06-07T08:26:39.173+0000] {processor.py:925} INFO - DAG(s) 'example_setup_teardown_taskflow' retrieved from /home/airflow/.local/lib/python3.12/site-packages/airflow/example_dags/example_setup_teardown_taskflow.py
[2026-06-07T08:26:39.216+0000] {logging_mixin.py:190} INFO - [2026-06-07T08:26:39.216+0000] {dag.py:3239} INFO - Sync 1 DAGs
[2026-06-07T08:26:39.238+0000] {logging_mixin.py:190} INFO - [2026-06-07T08:26:39.238+0000] {dag.py:4180} INFO - Setting next_dagrun for example_setup_teardown_taskflow to None, run_after=None
[2026-06-07T08:26:39.270+0000] {processor.py:208} INFO - Processing /home/airflow/.local/lib/python3.12/site-packages/airflow/example_dags/example_setup_teardown_taskflow.py took 0.130 seconds
[2026-06-07T08:27:16.145+0000] {processor.py:186} INFO - Started process (PID=1227) to work on /home/airflow/.local/lib/python3.12/site-packages/airflow/example_dags/example_setup_teardown_taskflow.py
[2026-06-07T08:27:16.148+0000] {processor.py:914} INFO - Processing file /home/airflow/.local/lib/python3.12/site-packages/airflow/example_dags/example_setup_teardown_taskflow.py for tasks to queue
[2026-06-07T08:27:16.156+0000] {logging_mixin.py:190} INFO - [2026-06-07T08:27:16.155+0000] {dagbag.py:588} INFO - Filling up the DagBag from /home/airflow/.local/lib/python3.12/site-packages/airflow/example_dags/example_setup_teardown_taskflow.py
[2026-06-07T08:27:16.180+0000] {processor.py:925} INFO - DAG(s) 'example_setup_teardown_taskflow' retrieved from /home/airflow/.local/lib/python3.12/site-packages/airflow/example_dags/example_setup_teardown_taskflow.py
[2026-06-07T08:27:16.238+0000] {logging_mixin.py:190} INFO - [2026-06-07T08:27:16.238+0000] {dag.py:3239} INFO - Sync 1 DAGs
[2026-06-07T08:27:16.275+0000] {logging_mixin.py:190} INFO - [2026-06-07T08:27:16.274+0000] {dag.py:4180} INFO - Setting next_dagrun for example_setup_teardown_taskflow to None, run_after=None
[2026-06-07T08:27:16.317+0000] {processor.py:208} INFO - Processing /home/airflow/.local/lib/python3.12/site-packages/airflow/example_dags/example_setup_teardown_taskflow.py took 0.186 seconds
[2026-06-07T08:27:52.192+0000] {processor.py:186} INFO - Started process (PID=1277) to work on /home/airflow/.local/lib/python3.12/site-packages/airflow/example_dags/example_setup_teardown_taskflow.py
[2026-06-07T08:27:52.197+0000] {processor.py:914} INFO - Processing file /home/airflow/.local/lib/python3.12/site-packages/airflow/example_dags/example_setup_teardown_taskflow.py for tasks to queue
[2026-06-07T08:27:52.202+0000] {logging_mixin.py:190} INFO - [2026-06-07T08:27:52.202+0000] {dagbag.py:588} INFO - Filling up the DagBag from /home/airflow/.local/lib/python3.12/site-packages/airflow/example_dags/example_setup_teardown_taskflow.py
[2026-06-07T08:27:52.219+0000] {processor.py:925} INFO - DAG(s) 'example_setup_teardown_taskflow' retrieved from /home/airflow/.local/lib/python3.12/site-packages/airflow/example_dags/example_setup_teardown_taskflow.py
[2026-06-07T08:27:52.266+0000] {logging_mixin.py:190} INFO - [2026-06-07T08:27:52.265+0000] {dag.py:3239} INFO - Sync 1 DAGs
[2026-06-07T08:27:52.293+0000] {logging_mixin.py:190} INFO - [2026-06-07T08:27:52.292+0000] {dag.py:4180} INFO - Setting next_dagrun for example_setup_teardown_taskflow to None, run_after=None
[2026-06-07T08:27:52.332+0000] {processor.py:208} INFO - Processing /home/airflow/.local/lib/python3.12/site-packages/airflow/example_dags/example_setup_teardown_taskflow.py took 0.148 seconds
[2026-06-07T08:28:33.017+0000] {processor.py:186} INFO - Started process (PID=1340) to work on /home/airflow/.local/lib/python3.12/site-packages/airflow/example_dags/example_setup_teardown_taskflow.py
[2026-06-07T08:28:33.020+0000] {processor.py:914} INFO - Processing file /home/airflow/.local/lib/python3.12/site-packages/airflow/example_dags/example_setup_teardown_taskflow.py for tasks to queue
[2026-06-07T08:28:33.024+0000] {logging_mixin.py:190} INFO - [2026-06-07T08:28:33.024+0000] {dagbag.py:588} INFO - Filling up the DagBag from /home/airflow/.local/lib/python3.12/site-packages/airflow/example_dags/example_setup_teardown_taskflow.py
[2026-06-07T08:28:33.042+0000] {processor.py:925} INFO - DAG(s) 'example_setup_teardown_taskflow' retrieved from /home/airflow/.local/lib/python3.12/site-packages/airflow/example_dags/example_setup_teardown_taskflow.py
[2026-06-07T08:28:33.093+0000] {logging_mixin.py:190} INFO - [2026-06-07T08:28:33.093+0000] {dag.py:3239} INFO - Sync 1 DAGs
[2026-06-07T08:28:33.128+0000] {logging_mixin.py:190} INFO - [2026-06-07T08:28:33.127+0000] {dag.py:4180} INFO - Setting next_dagrun for example_setup_teardown_taskflow to None, run_after=None
[2026-06-07T08:28:33.170+0000] {processor.py:208} INFO - Processing /home/airflow/.local/lib/python3.12/site-packages/airflow/example_dags/example_setup_teardown_taskflow.py took 0.165 seconds
[2026-06-07T08:29:14.458+0000] {processor.py:186} INFO - Started process (PID=1403) to work on /home/airflow/.local/lib/python3.12/site-packages/airflow/example_dags/example_setup_teardown_taskflow.py
[2026-06-07T08:29:14.461+0000] {processor.py:914} INFO - Processing file /home/airflow/.local/lib/python3.12/site-packages/airflow/example_dags/example_setup_teardown_taskflow.py for tasks to queue
[2026-06-07T08:29:14.471+0000] {logging_mixin.py:190} INFO - [2026-06-07T08:29:14.470+0000] {dagbag.py:588} INFO - Filling up the DagBag from /home/airflow/.local/lib/python3.12/site-packages/airflow/example_dags/example_setup_teardown_taskflow.py
[2026-06-07T08:29:14.499+0000] {processor.py:925} INFO - DAG(s) 'example_setup_teardown_taskflow' retrieved from /home/airflow/.local/lib/python3.12/site-packages/airflow/example_dags/example_setup_teardown_taskflow.py
[2026-06-07T08:29:14.564+0000] {logging_mixin.py:190} INFO - [2026-06-07T08:29:14.564+0000] {dag.py:3239} INFO - Sync 1 DAGs
[2026-06-07T08:29:14.597+0000] {logging_mixin.py:190} INFO - [2026-06-07T08:29:14.596+0000] {dag.py:4180} INFO - Setting next_dagrun for example_setup_teardown_taskflow to None, run_after=None
[2026-06-07T08:29:14.636+0000] {processor.py:208} INFO - Processing /home/airflow/.local/lib/python3.12/site-packages/airflow/example_dags/example_setup_teardown_taskflow.py took 0.193 seconds
[2026-06-07T08:39:28.999+0000] {processor.py:186} INFO - Started process (PID=97) to work on /home/airflow/.local/lib/python3.12/site-packages/airflow/example_dags/example_setup_teardown_taskflow.py
[2026-06-07T08:39:29.007+0000] {processor.py:914} INFO - Processing file /home/airflow/.local/lib/python3.12/site-packages/airflow/example_dags/example_setup_teardown_taskflow.py for tasks to queue
[2026-06-07T08:39:29.018+0000] {logging_mixin.py:190} INFO - [2026-06-07T08:39:29.017+0000] {dagbag.py:588} INFO - Filling up the DagBag from /home/airflow/.local/lib/python3.12/site-packages/airflow/example_dags/example_setup_teardown_taskflow.py
[2026-06-07T08:39:29.085+0000] {processor.py:925} INFO - DAG(s) 'example_setup_teardown_taskflow' retrieved from /home/airflow/.local/lib/python3.12/site-packages/airflow/example_dags/example_setup_teardown_taskflow.py
[2026-06-07T08:39:29.224+0000] {logging_mixin.py:190} INFO - [2026-06-07T08:39:29.224+0000] {dag.py:3239} INFO - Sync 1 DAGs
[2026-06-07T08:39:29.327+0000] {logging_mixin.py:190} INFO - [2026-06-07T08:39:29.326+0000] {dag.py:4180} INFO - Setting next_dagrun for example_setup_teardown_taskflow to None, run_after=None
[2026-06-07T08:39:29.382+0000] {processor.py:208} INFO - Processing /home/airflow/.local/lib/python3.12/site-packages/airflow/example_dags/example_setup_teardown_taskflow.py took 0.418 seconds
[2026-06-07T08:40:19.303+0000] {processor.py:186} INFO - Started process (PID=160) to work on /home/airflow/.local/lib/python3.12/site-packages/airflow/example_dags/example_setup_teardown_taskflow.py
[2026-06-07T08:40:19.305+0000] {processor.py:914} INFO - Processing file /home/airflow/.local/lib/python3.12/site-packages/airflow/example_dags/example_setup_teardown_taskflow.py for tasks to queue
[2026-06-07T08:40:19.312+0000] {logging_mixin.py:190} INFO - [2026-06-07T08:40:19.311+0000] {dagbag.py:588} INFO - Filling up the DagBag from /home/airflow/.local/lib/python3.12/site-packages/airflow/example_dags/example_setup_teardown_taskflow.py
[2026-06-07T08:40:19.331+0000] {processor.py:925} INFO - DAG(s) 'example_setup_teardown_taskflow' retrieved from /home/airflow/.local/lib/python3.12/site-packages/airflow/example_dags/example_setup_teardown_taskflow.py
[2026-06-07T08:40:19.379+0000] {logging_mixin.py:190} INFO - [2026-06-07T08:40:19.379+0000] {dag.py:3239} INFO - Sync 1 DAGs
[2026-06-07T08:40:19.403+0000] {logging_mixin.py:190} INFO - [2026-06-07T08:40:19.403+0000] {dag.py:4180} INFO - Setting next_dagrun for example_setup_teardown_taskflow to None, run_after=None
[2026-06-07T08:40:19.437+0000] {processor.py:208} INFO - Processing /home/airflow/.local/lib/python3.12/site-packages/airflow/example_dags/example_setup_teardown_taskflow.py took 0.143 seconds
[2026-06-07T08:40:59.538+0000] {processor.py:186} INFO - Started process (PID=219) to work on /home/airflow/.local/lib/python3.12/site-packages/airflow/example_dags/example_setup_teardown_taskflow.py
[2026-06-07T08:40:59.541+0000] {processor.py:914} INFO - Processing file /home/airflow/.local/lib/python3.12/site-packages/airflow/example_dags/example_setup_teardown_taskflow.py for tasks to queue
[2026-06-07T08:40:59.548+0000] {logging_mixin.py:190} INFO - [2026-06-07T08:40:59.548+0000] {dagbag.py:588} INFO - Filling up the DagBag from /home/airflow/.local/lib/python3.12/site-packages/airflow/example_dags/example_setup_teardown_taskflow.py
[2026-06-07T08:40:59.577+0000] {processor.py:925} INFO - DAG(s) 'example_setup_teardown_taskflow' retrieved from /home/airflow/.local/lib/python3.12/site-packages/airflow/example_dags/example_setup_teardown_taskflow.py
[2026-06-07T08:40:59.665+0000] {logging_mixin.py:190} INFO - [2026-06-07T08:40:59.664+0000] {dag.py:3239} INFO - Sync 1 DAGs
[2026-06-07T08:40:59.709+0000] {logging_mixin.py:190} INFO - [2026-06-07T08:40:59.708+0000] {dag.py:4180} INFO - Setting next_dagrun for example_setup_teardown_taskflow to None, run_after=None
[2026-06-07T08:40:59.756+0000] {processor.py:208} INFO - Processing /home/airflow/.local/lib/python3.12/site-packages/airflow/example_dags/example_setup_teardown_taskflow.py took 0.228 seconds
[2026-06-07T08:41:39.940+0000] {processor.py:186} INFO - Started process (PID=282) to work on /home/airflow/.local/lib/python3.12/site-packages/airflow/example_dags/example_setup_teardown_taskflow.py
[2026-06-07T08:41:39.942+0000] {processor.py:914} INFO - Processing file /home/airflow/.local/lib/python3.12/site-packages/airflow/example_dags/example_setup_teardown_taskflow.py for tasks to queue
[2026-06-07T08:41:39.949+0000] {logging_mixin.py:190} INFO - [2026-06-07T08:41:39.948+0000] {dagbag.py:588} INFO - Filling up the DagBag from /home/airflow/.local/lib/python3.12/site-packages/airflow/example_dags/example_setup_teardown_taskflow.py
[2026-06-07T08:41:39.973+0000] {processor.py:925} INFO - DAG(s) 'example_setup_teardown_taskflow' retrieved from /home/airflow/.local/lib/python3.12/site-packages/airflow/example_dags/example_setup_teardown_taskflow.py
[2026-06-07T08:41:40.044+0000] {logging_mixin.py:190} INFO - [2026-06-07T08:41:40.043+0000] {dag.py:3239} INFO - Sync 1 DAGs
[2026-06-07T08:41:40.079+0000] {logging_mixin.py:190} INFO - [2026-06-07T08:41:40.077+0000] {dag.py:4180} INFO - Setting next_dagrun for example_setup_teardown_taskflow to None, run_after=None
[2026-06-07T08:41:40.130+0000] {processor.py:208} INFO - Processing /home/airflow/.local/lib/python3.12/site-packages/airflow/example_dags/example_setup_teardown_taskflow.py took 0.202 seconds
[2026-06-07T08:42:19.373+0000] {processor.py:186} INFO - Started process (PID=344) to work on /home/airflow/.local/lib/python3.12/site-packages/airflow/example_dags/example_setup_teardown_taskflow.py
[2026-06-07T08:42:19.375+0000] {processor.py:914} INFO - Processing file /home/airflow/.local/lib/python3.12/site-packages/airflow/example_dags/example_setup_teardown_taskflow.py for tasks to queue
[2026-06-07T08:42:19.380+0000] {logging_mixin.py:190} INFO - [2026-06-07T08:42:19.380+0000] {dagbag.py:588} INFO - Filling up the DagBag from /home/airflow/.local/lib/python3.12/site-packages/airflow/example_dags/example_setup_teardown_taskflow.py
[2026-06-07T08:42:19.402+0000] {processor.py:925} INFO - DAG(s) 'example_setup_teardown_taskflow' retrieved from /home/airflow/.local/lib/python3.12/site-packages/airflow/example_dags/example_setup_teardown_taskflow.py
[2026-06-07T08:42:19.457+0000] {logging_mixin.py:190} INFO - [2026-06-07T08:42:19.456+0000] {dag.py:3239} INFO - Sync 1 DAGs
[2026-06-07T08:42:19.482+0000] {logging_mixin.py:190} INFO - [2026-06-07T08:42:19.482+0000] {dag.py:4180} INFO - Setting next_dagrun for example_setup_teardown_taskflow to None, run_after=None
[2026-06-07T08:42:19.521+0000] {processor.py:208} INFO - Processing /home/airflow/.local/lib/python3.12/site-packages/airflow/example_dags/example_setup_teardown_taskflow.py took 0.158 seconds
[2026-06-07T08:42:54.744+0000] {processor.py:186} INFO - Started process (PID=412) to work on /home/airflow/.local/lib/python3.12/site-packages/airflow/example_dags/example_setup_teardown_taskflow.py
[2026-06-07T08:42:54.746+0000] {processor.py:914} INFO - Processing file /home/airflow/.local/lib/python3.12/site-packages/airflow/example_dags/example_setup_teardown_taskflow.py for tasks to queue
[2026-06-07T08:42:54.751+0000] {logging_mixin.py:190} INFO - [2026-06-07T08:42:54.751+0000] {dagbag.py:588} INFO - Filling up the DagBag from /home/airflow/.local/lib/python3.12/site-packages/airflow/example_dags/example_setup_teardown_taskflow.py
[2026-06-07T08:42:54.778+0000] {processor.py:925} INFO - DAG(s) 'example_setup_teardown_taskflow' retrieved from /home/airflow/.local/lib/python3.12/site-packages/airflow/example_dags/example_setup_teardown_taskflow.py
[2026-06-07T08:42:54.839+0000] {logging_mixin.py:190} INFO - [2026-06-07T08:42:54.838+0000] {dag.py:3239} INFO - Sync 1 DAGs
[2026-06-07T08:42:54.876+0000] {logging_mixin.py:190} INFO - [2026-06-07T08:42:54.876+0000] {dag.py:4180} INFO - Setting next_dagrun for example_setup_teardown_taskflow to None, run_after=None
[2026-06-07T08:42:54.917+0000] {processor.py:208} INFO - Processing /home/airflow/.local/lib/python3.12/site-packages/airflow/example_dags/example_setup_teardown_taskflow.py took 0.186 seconds
[2026-06-07T08:43:26.337+0000] {processor.py:186} INFO - Started process (PID=474) to work on /home/airflow/.local/lib/python3.12/site-packages/airflow/example_dags/example_setup_teardown_taskflow.py
[2026-06-07T08:43:26.340+0000] {processor.py:914} INFO - Processing file /home/airflow/.local/lib/python3.12/site-packages/airflow/example_dags/example_setup_teardown_taskflow.py for tasks to queue
[2026-06-07T08:43:26.354+0000] {logging_mixin.py:190} INFO - [2026-06-07T08:43:26.351+0000] {dagbag.py:588} INFO - Filling up the DagBag from /home/airflow/.local/lib/python3.12/site-packages/airflow/example_dags/example_setup_teardown_taskflow.py
[2026-06-07T08:43:26.389+0000] {processor.py:925} INFO - DAG(s) 'example_setup_teardown_taskflow' retrieved from /home/airflow/.local/lib/python3.12/site-packages/airflow/example_dags/example_setup_teardown_taskflow.py
[2026-06-07T08:43:26.482+0000] {logging_mixin.py:190} INFO - [2026-06-07T08:43:26.481+0000] {dag.py:3239} INFO - Sync 1 DAGs
[2026-06-07T08:43:26.521+0000] {logging_mixin.py:190} INFO - [2026-06-07T08:43:26.521+0000] {dag.py:4180} INFO - Setting next_dagrun for example_setup_teardown_taskflow to None, run_after=None
[2026-06-07T08:43:26.596+0000] {processor.py:208} INFO - Processing /home/airflow/.local/lib/python3.12/site-packages/airflow/example_dags/example_setup_teardown_taskflow.py took 0.274 seconds
[2026-06-07T08:44:09.232+0000] {processor.py:186} INFO - Started process (PID=523) to work on /home/airflow/.local/lib/python3.12/site-packages/airflow/example_dags/example_setup_teardown_taskflow.py
[2026-06-07T08:44:09.237+0000] {processor.py:914} INFO - Processing file /home/airflow/.local/lib/python3.12/site-packages/airflow/example_dags/example_setup_teardown_taskflow.py for tasks to queue
[2026-06-07T08:44:09.249+0000] {logging_mixin.py:190} INFO - [2026-06-07T08:44:09.246+0000] {dagbag.py:588} INFO - Filling up the DagBag from /home/airflow/.local/lib/python3.12/site-packages/airflow/example_dags/example_setup_teardown_taskflow.py
[2026-06-07T08:44:09.299+0000] {processor.py:925} INFO - DAG(s) 'example_setup_teardown_taskflow' retrieved from /home/airflow/.local/lib/python3.12/site-packages/airflow/example_dags/example_setup_teardown_taskflow.py
[2026-06-07T08:44:09.395+0000] {logging_mixin.py:190} INFO - [2026-06-07T08:44:09.394+0000] {dag.py:3239} INFO - Sync 1 DAGs
[2026-06-07T08:44:09.454+0000] {logging_mixin.py:190} INFO - [2026-06-07T08:44:09.453+0000] {dag.py:4180} INFO - Setting next_dagrun for example_setup_teardown_taskflow to None, run_after=None
[2026-06-07T08:44:09.632+0000] {processor.py:208} INFO - Processing /home/airflow/.local/lib/python3.12/site-packages/airflow/example_dags/example_setup_teardown_taskflow.py took 0.412 seconds
[2026-06-07T08:44:51.668+0000] {processor.py:186} INFO - Started process (PID=585) to work on /home/airflow/.local/lib/python3.12/site-packages/airflow/example_dags/example_setup_teardown_taskflow.py
[2026-06-07T08:44:51.672+0000] {processor.py:914} INFO - Processing file /home/airflow/.local/lib/python3.12/site-packages/airflow/example_dags/example_setup_teardown_taskflow.py for tasks to queue
[2026-06-07T08:44:51.690+0000] {logging_mixin.py:190} INFO - [2026-06-07T08:44:51.687+0000] {dagbag.py:588} INFO - Filling up the DagBag from /home/airflow/.local/lib/python3.12/site-packages/airflow/example_dags/example_setup_teardown_taskflow.py
[2026-06-07T08:44:51.760+0000] {processor.py:925} INFO - DAG(s) 'example_setup_teardown_taskflow' retrieved from /home/airflow/.local/lib/python3.12/site-packages/airflow/example_dags/example_setup_teardown_taskflow.py
[2026-06-07T08:44:51.893+0000] {logging_mixin.py:190} INFO - [2026-06-07T08:44:51.892+0000] {dag.py:3239} INFO - Sync 1 DAGs
[2026-06-07T08:44:51.943+0000] {logging_mixin.py:190} INFO - [2026-06-07T08:44:51.943+0000] {dag.py:4180} INFO - Setting next_dagrun for example_setup_teardown_taskflow to None, run_after=None
[2026-06-07T08:44:52.050+0000] {processor.py:208} INFO - Processing /home/airflow/.local/lib/python3.12/site-packages/airflow/example_dags/example_setup_teardown_taskflow.py took 0.418 seconds
[2026-06-07T08:45:29.518+0000] {processor.py:186} INFO - Started process (PID=653) to work on /home/airflow/.local/lib/python3.12/site-packages/airflow/example_dags/example_setup_teardown_taskflow.py
[2026-06-07T08:45:29.520+0000] {processor.py:914} INFO - Processing file /home/airflow/.local/lib/python3.12/site-packages/airflow/example_dags/example_setup_teardown_taskflow.py for tasks to queue
[2026-06-07T08:45:29.533+0000] {logging_mixin.py:190} INFO - [2026-06-07T08:45:29.532+0000] {dagbag.py:588} INFO - Filling up the DagBag from /home/airflow/.local/lib/python3.12/site-packages/airflow/example_dags/example_setup_teardown_taskflow.py
[2026-06-07T08:45:29.562+0000] {processor.py:925} INFO - DAG(s) 'example_setup_teardown_taskflow' retrieved from /home/airflow/.local/lib/python3.12/site-packages/airflow/example_dags/example_setup_teardown_taskflow.py
[2026-06-07T08:45:29.623+0000] {logging_mixin.py:190} INFO - [2026-06-07T08:45:29.622+0000] {dag.py:3239} INFO - Sync 1 DAGs
[2026-06-07T08:45:29.661+0000] {logging_mixin.py:190} INFO - [2026-06-07T08:45:29.660+0000] {dag.py:4180} INFO - Setting next_dagrun for example_setup_teardown_taskflow to None, run_after=None
[2026-06-07T08:45:29.784+0000] {processor.py:208} INFO - Processing /home/airflow/.local/lib/python3.12/site-packages/airflow/example_dags/example_setup_teardown_taskflow.py took 0.285 seconds
[2026-06-07T08:46:01.640+0000] {processor.py:186} INFO - Started process (PID=716) to work on /home/airflow/.local/lib/python3.12/site-packages/airflow/example_dags/example_setup_teardown_taskflow.py
[2026-06-07T08:46:01.643+0000] {processor.py:914} INFO - Processing file /home/airflow/.local/lib/python3.12/site-packages/airflow/example_dags/example_setup_teardown_taskflow.py for tasks to queue
[2026-06-07T08:46:01.652+0000] {logging_mixin.py:190} INFO - [2026-06-07T08:46:01.651+0000] {dagbag.py:588} INFO - Filling up the DagBag from /home/airflow/.local/lib/python3.12/site-packages/airflow/example_dags/example_setup_teardown_taskflow.py
[2026-06-07T08:46:01.679+0000] {processor.py:925} INFO - DAG(s) 'example_setup_teardown_taskflow' retrieved from /home/airflow/.local/lib/python3.12/site-packages/airflow/example_dags/example_setup_teardown_taskflow.py
[2026-06-07T08:46:01.748+0000] {logging_mixin.py:190} INFO - [2026-06-07T08:46:01.748+0000] {dag.py:3239} INFO - Sync 1 DAGs
[2026-06-07T08:46:01.787+0000] {logging_mixin.py:190} INFO - [2026-06-07T08:46:01.787+0000] {dag.py:4180} INFO - Setting next_dagrun for example_setup_teardown_taskflow to None, run_after=None
[2026-06-07T08:46:01.828+0000] {processor.py:208} INFO - Processing /home/airflow/.local/lib/python3.12/site-packages/airflow/example_dags/example_setup_teardown_taskflow.py took 0.202 seconds
[2026-06-07T08:46:36.874+0000] {processor.py:186} INFO - Started process (PID=776) to work on /home/airflow/.local/lib/python3.12/site-packages/airflow/example_dags/example_setup_teardown_taskflow.py
[2026-06-07T08:46:36.875+0000] {processor.py:914} INFO - Processing file /home/airflow/.local/lib/python3.12/site-packages/airflow/example_dags/example_setup_teardown_taskflow.py for tasks to queue
[2026-06-07T08:46:36.881+0000] {logging_mixin.py:190} INFO - [2026-06-07T08:46:36.881+0000] {dagbag.py:588} INFO - Filling up the DagBag from /home/airflow/.local/lib/python3.12/site-packages/airflow/example_dags/example_setup_teardown_taskflow.py
[2026-06-07T08:46:36.904+0000] {processor.py:925} INFO - DAG(s) 'example_setup_teardown_taskflow' retrieved from /home/airflow/.local/lib/python3.12/site-packages/airflow/example_dags/example_setup_teardown_taskflow.py
[2026-06-07T08:46:36.950+0000] {logging_mixin.py:190} INFO - [2026-06-07T08:46:36.949+0000] {dag.py:3239} INFO - Sync 1 DAGs
[2026-06-07T08:46:36.981+0000] {logging_mixin.py:190} INFO - [2026-06-07T08:46:36.981+0000] {dag.py:4180} INFO - Setting next_dagrun for example_setup_teardown_taskflow to None, run_after=None
[2026-06-07T08:46:37.021+0000] {processor.py:208} INFO - Processing /home/airflow/.local/lib/python3.12/site-packages/airflow/example_dags/example_setup_teardown_taskflow.py took 0.161 seconds
[2026-06-07T08:47:22.262+0000] {processor.py:186} INFO - Started process (PID=838) to work on /home/airflow/.local/lib/python3.12/site-packages/airflow/example_dags/example_setup_teardown_taskflow.py
[2026-06-07T08:47:22.264+0000] {processor.py:914} INFO - Processing file /home/airflow/.local/lib/python3.12/site-packages/airflow/example_dags/example_setup_teardown_taskflow.py for tasks to queue
[2026-06-07T08:47:22.271+0000] {logging_mixin.py:190} INFO - [2026-06-07T08:47:22.270+0000] {dagbag.py:588} INFO - Filling up the DagBag from /home/airflow/.local/lib/python3.12/site-packages/airflow/example_dags/example_setup_teardown_taskflow.py
[2026-06-07T08:47:22.296+0000] {processor.py:925} INFO - DAG(s) 'example_setup_teardown_taskflow' retrieved from /home/airflow/.local/lib/python3.12/site-packages/airflow/example_dags/example_setup_teardown_taskflow.py
[2026-06-07T08:47:22.354+0000] {logging_mixin.py:190} INFO - [2026-06-07T08:47:22.354+0000] {dag.py:3239} INFO - Sync 1 DAGs
[2026-06-07T08:47:22.386+0000] {logging_mixin.py:190} INFO - [2026-06-07T08:47:22.385+0000] {dag.py:4180} INFO - Setting next_dagrun for example_setup_teardown_taskflow to None, run_after=None
[2026-06-07T08:47:22.425+0000] {processor.py:208} INFO - Processing /home/airflow/.local/lib/python3.12/site-packages/airflow/example_dags/example_setup_teardown_taskflow.py took 0.180 seconds
[2026-06-07T08:48:10.575+0000] {processor.py:186} INFO - Started process (PID=907) to work on /home/airflow/.local/lib/python3.12/site-packages/airflow/example_dags/example_setup_teardown_taskflow.py
[2026-06-07T08:48:10.578+0000] {processor.py:914} INFO - Processing file /home/airflow/.local/lib/python3.12/site-packages/airflow/example_dags/example_setup_teardown_taskflow.py for tasks to queue
[2026-06-07T08:48:10.587+0000] {logging_mixin.py:190} INFO - [2026-06-07T08:48:10.586+0000] {dagbag.py:588} INFO - Filling up the DagBag from /home/airflow/.local/lib/python3.12/site-packages/airflow/example_dags/example_setup_teardown_taskflow.py
[2026-06-07T08:48:10.617+0000] {processor.py:925} INFO - DAG(s) 'example_setup_teardown_taskflow' retrieved from /home/airflow/.local/lib/python3.12/site-packages/airflow/example_dags/example_setup_teardown_taskflow.py
[2026-06-07T08:48:10.680+0000] {logging_mixin.py:190} INFO - [2026-06-07T08:48:10.679+0000] {dag.py:3239} INFO - Sync 1 DAGs
[2026-06-07T08:48:10.721+0000] {logging_mixin.py:190} INFO - [2026-06-07T08:48:10.720+0000] {dag.py:4180} INFO - Setting next_dagrun for example_setup_teardown_taskflow to None, run_after=None
[2026-06-07T08:48:10.776+0000] {processor.py:208} INFO - Processing /home/airflow/.local/lib/python3.12/site-packages/airflow/example_dags/example_setup_teardown_taskflow.py took 0.215 seconds
[2026-06-07T08:48:54.970+0000] {processor.py:186} INFO - Started process (PID=984) to work on /home/airflow/.local/lib/python3.12/site-packages/airflow/example_dags/example_setup_teardown_taskflow.py
[2026-06-07T08:48:54.973+0000] {processor.py:914} INFO - Processing file /home/airflow/.local/lib/python3.12/site-packages/airflow/example_dags/example_setup_teardown_taskflow.py for tasks to queue
[2026-06-07T08:48:54.990+0000] {logging_mixin.py:190} INFO - [2026-06-07T08:48:54.989+0000] {dagbag.py:588} INFO - Filling up the DagBag from /home/airflow/.local/lib/python3.12/site-packages/airflow/example_dags/example_setup_teardown_taskflow.py
[2026-06-07T08:48:55.032+0000] {processor.py:925} INFO - DAG(s) 'example_setup_teardown_taskflow' retrieved from /home/airflow/.local/lib/python3.12/site-packages/airflow/example_dags/example_setup_teardown_taskflow.py
[2026-06-07T08:48:55.147+0000] {logging_mixin.py:190} INFO - [2026-06-07T08:48:55.146+0000] {dag.py:3239} INFO - Sync 1 DAGs
[2026-06-07T08:48:55.224+0000] {logging_mixin.py:190} INFO - [2026-06-07T08:48:55.223+0000] {dag.py:4180} INFO - Setting next_dagrun for example_setup_teardown_taskflow to None, run_after=None
[2026-06-07T08:48:55.298+0000] {processor.py:208} INFO - Processing /home/airflow/.local/lib/python3.12/site-packages/airflow/example_dags/example_setup_teardown_taskflow.py took 0.343 seconds
[2026-06-07T08:49:40.636+0000] {processor.py:186} INFO - Started process (PID=1046) to work on /home/airflow/.local/lib/python3.12/site-packages/airflow/example_dags/example_setup_teardown_taskflow.py
[2026-06-07T08:49:40.640+0000] {processor.py:914} INFO - Processing file /home/airflow/.local/lib/python3.12/site-packages/airflow/example_dags/example_setup_teardown_taskflow.py for tasks to queue
[2026-06-07T08:49:40.666+0000] {logging_mixin.py:190} INFO - [2026-06-07T08:49:40.666+0000] {dagbag.py:588} INFO - Filling up the DagBag from /home/airflow/.local/lib/python3.12/site-packages/airflow/example_dags/example_setup_teardown_taskflow.py
[2026-06-07T08:49:40.721+0000] {processor.py:925} INFO - DAG(s) 'example_setup_teardown_taskflow' retrieved from /home/airflow/.local/lib/python3.12/site-packages/airflow/example_dags/example_setup_teardown_taskflow.py
[2026-06-07T08:49:40.811+0000] {logging_mixin.py:190} INFO - [2026-06-07T08:49:40.811+0000] {dag.py:3239} INFO - Sync 1 DAGs
[2026-06-07T08:49:40.866+0000] {logging_mixin.py:190} INFO - [2026-06-07T08:49:40.866+0000] {dag.py:4180} INFO - Setting next_dagrun for example_setup_teardown_taskflow to None, run_after=None
[2026-06-07T08:49:40.917+0000] {processor.py:208} INFO - Processing /home/airflow/.local/lib/python3.12/site-packages/airflow/example_dags/example_setup_teardown_taskflow.py took 0.312 seconds
[2026-06-07T08:50:21.698+0000] {processor.py:186} INFO - Started process (PID=1109) to work on /home/airflow/.local/lib/python3.12/site-packages/airflow/example_dags/example_setup_teardown_taskflow.py
[2026-06-07T08:50:21.701+0000] {processor.py:914} INFO - Processing file /home/airflow/.local/lib/python3.12/site-packages/airflow/example_dags/example_setup_teardown_taskflow.py for tasks to queue
[2026-06-07T08:50:21.712+0000] {logging_mixin.py:190} INFO - [2026-06-07T08:50:21.709+0000] {dagbag.py:588} INFO - Filling up the DagBag from /home/airflow/.local/lib/python3.12/site-packages/airflow/example_dags/example_setup_teardown_taskflow.py
[2026-06-07T08:50:21.747+0000] {processor.py:925} INFO - DAG(s) 'example_setup_teardown_taskflow' retrieved from /home/airflow/.local/lib/python3.12/site-packages/airflow/example_dags/example_setup_teardown_taskflow.py
[2026-06-07T08:50:21.830+0000] {logging_mixin.py:190} INFO - [2026-06-07T08:50:21.830+0000] {dag.py:3239} INFO - Sync 1 DAGs
[2026-06-07T08:50:21.881+0000] {logging_mixin.py:190} INFO - [2026-06-07T08:50:21.881+0000] {dag.py:4180} INFO - Setting next_dagrun for example_setup_teardown_taskflow to None, run_after=None
[2026-06-07T08:50:21.965+0000] {processor.py:208} INFO - Processing /home/airflow/.local/lib/python3.12/site-packages/airflow/example_dags/example_setup_teardown_taskflow.py took 0.287 seconds
[2026-06-07T08:50:58.166+0000] {processor.py:186} INFO - Started process (PID=1177) to work on /home/airflow/.local/lib/python3.12/site-packages/airflow/example_dags/example_setup_teardown_taskflow.py
[2026-06-07T08:50:58.168+0000] {processor.py:914} INFO - Processing file /home/airflow/.local/lib/python3.12/site-packages/airflow/example_dags/example_setup_teardown_taskflow.py for tasks to queue
[2026-06-07T08:50:58.176+0000] {logging_mixin.py:190} INFO - [2026-06-07T08:50:58.175+0000] {dagbag.py:588} INFO - Filling up the DagBag from /home/airflow/.local/lib/python3.12/site-packages/airflow/example_dags/example_setup_teardown_taskflow.py
[2026-06-07T08:50:58.206+0000] {processor.py:925} INFO - DAG(s) 'example_setup_teardown_taskflow' retrieved from /home/airflow/.local/lib/python3.12/site-packages/airflow/example_dags/example_setup_teardown_taskflow.py
[2026-06-07T08:50:58.269+0000] {logging_mixin.py:190} INFO - [2026-06-07T08:50:58.268+0000] {dag.py:3239} INFO - Sync 1 DAGs
[2026-06-07T08:50:58.301+0000] {logging_mixin.py:190} INFO - [2026-06-07T08:50:58.301+0000] {dag.py:4180} INFO - Setting next_dagrun for example_setup_teardown_taskflow to None, run_after=None
[2026-06-07T08:50:58.339+0000] {processor.py:208} INFO - Processing /home/airflow/.local/lib/python3.12/site-packages/airflow/example_dags/example_setup_teardown_taskflow.py took 0.188 seconds
[2026-06-07T08:51:33.761+0000] {processor.py:186} INFO - Started process (PID=1229) to work on /home/airflow/.local/lib/python3.12/site-packages/airflow/example_dags/example_setup_teardown_taskflow.py
[2026-06-07T08:51:33.763+0000] {processor.py:914} INFO - Processing file /home/airflow/.local/lib/python3.12/site-packages/airflow/example_dags/example_setup_teardown_taskflow.py for tasks to queue
[2026-06-07T08:51:33.770+0000] {logging_mixin.py:190} INFO - [2026-06-07T08:51:33.769+0000] {dagbag.py:588} INFO - Filling up the DagBag from /home/airflow/.local/lib/python3.12/site-packages/airflow/example_dags/example_setup_teardown_taskflow.py
[2026-06-07T08:51:33.797+0000] {processor.py:925} INFO - DAG(s) 'example_setup_teardown_taskflow' retrieved from /home/airflow/.local/lib/python3.12/site-packages/airflow/example_dags/example_setup_teardown_taskflow.py
[2026-06-07T08:51:33.858+0000] {logging_mixin.py:190} INFO - [2026-06-07T08:51:33.858+0000] {dag.py:3239} INFO - Sync 1 DAGs
[2026-06-07T08:51:33.897+0000] {logging_mixin.py:190} INFO - [2026-06-07T08:51:33.897+0000] {dag.py:4180} INFO - Setting next_dagrun for example_setup_teardown_taskflow to None, run_after=None
[2026-06-07T08:51:33.934+0000] {processor.py:208} INFO - Processing /home/airflow/.local/lib/python3.12/site-packages/airflow/example_dags/example_setup_teardown_taskflow.py took 0.186 seconds
[2026-06-07T08:52:13.893+0000] {processor.py:186} INFO - Started process (PID=1291) to work on /home/airflow/.local/lib/python3.12/site-packages/airflow/example_dags/example_setup_teardown_taskflow.py
[2026-06-07T08:52:13.898+0000] {processor.py:914} INFO - Processing file /home/airflow/.local/lib/python3.12/site-packages/airflow/example_dags/example_setup_teardown_taskflow.py for tasks to queue
[2026-06-07T08:52:13.912+0000] {logging_mixin.py:190} INFO - [2026-06-07T08:52:13.909+0000] {dagbag.py:588} INFO - Filling up the DagBag from /home/airflow/.local/lib/python3.12/site-packages/airflow/example_dags/example_setup_teardown_taskflow.py
[2026-06-07T08:52:13.956+0000] {processor.py:925} INFO - DAG(s) 'example_setup_teardown_taskflow' retrieved from /home/airflow/.local/lib/python3.12/site-packages/airflow/example_dags/example_setup_teardown_taskflow.py
[2026-06-07T08:52:14.072+0000] {logging_mixin.py:190} INFO - [2026-06-07T08:52:14.070+0000] {dag.py:3239} INFO - Sync 1 DAGs
[2026-06-07T08:52:14.121+0000] {logging_mixin.py:190} INFO - [2026-06-07T08:52:14.120+0000] {dag.py:4180} INFO - Setting next_dagrun for example_setup_teardown_taskflow to None, run_after=None
[2026-06-07T08:52:14.179+0000] {processor.py:208} INFO - Processing /home/airflow/.local/lib/python3.12/site-packages/airflow/example_dags/example_setup_teardown_taskflow.py took 0.301 seconds
[2026-06-07T08:52:55.882+0000] {processor.py:186} INFO - Started process (PID=1360) to work on /home/airflow/.local/lib/python3.12/site-packages/airflow/example_dags/example_setup_teardown_taskflow.py
[2026-06-07T08:52:55.885+0000] {processor.py:914} INFO - Processing file /home/airflow/.local/lib/python3.12/site-packages/airflow/example_dags/example_setup_teardown_taskflow.py for tasks to queue
[2026-06-07T08:52:55.904+0000] {logging_mixin.py:190} INFO - [2026-06-07T08:52:55.903+0000] {dagbag.py:588} INFO - Filling up the DagBag from /home/airflow/.local/lib/python3.12/site-packages/airflow/example_dags/example_setup_teardown_taskflow.py
[2026-06-07T08:52:55.937+0000] {processor.py:925} INFO - DAG(s) 'example_setup_teardown_taskflow' retrieved from /home/airflow/.local/lib/python3.12/site-packages/airflow/example_dags/example_setup_teardown_taskflow.py
[2026-06-07T08:52:56.057+0000] {logging_mixin.py:190} INFO - [2026-06-07T08:52:56.057+0000] {dag.py:3239} INFO - Sync 1 DAGs
[2026-06-07T08:52:56.105+0000] {logging_mixin.py:190} INFO - [2026-06-07T08:52:56.104+0000] {dag.py:4180} INFO - Setting next_dagrun for example_setup_teardown_taskflow to None, run_after=None
[2026-06-07T08:52:56.221+0000] {processor.py:208} INFO - Processing /home/airflow/.local/lib/python3.12/site-packages/airflow/example_dags/example_setup_teardown_taskflow.py took 0.353 seconds
[2026-06-07T08:53:45.113+0000] {processor.py:186} INFO - Started process (PID=1424) to work on /home/airflow/.local/lib/python3.12/site-packages/airflow/example_dags/example_setup_teardown_taskflow.py
[2026-06-07T08:53:45.118+0000] {processor.py:914} INFO - Processing file /home/airflow/.local/lib/python3.12/site-packages/airflow/example_dags/example_setup_teardown_taskflow.py for tasks to queue
[2026-06-07T08:53:45.127+0000] {logging_mixin.py:190} INFO - [2026-06-07T08:53:45.126+0000] {dagbag.py:588} INFO - Filling up the DagBag from /home/airflow/.local/lib/python3.12/site-packages/airflow/example_dags/example_setup_teardown_taskflow.py
[2026-06-07T08:53:45.165+0000] {processor.py:925} INFO - DAG(s) 'example_setup_teardown_taskflow' retrieved from /home/airflow/.local/lib/python3.12/site-packages/airflow/example_dags/example_setup_teardown_taskflow.py
[2026-06-07T08:53:45.239+0000] {logging_mixin.py:190} INFO - [2026-06-07T08:53:45.239+0000] {dag.py:3239} INFO - Sync 1 DAGs
[2026-06-07T08:53:45.267+0000] {logging_mixin.py:190} INFO - [2026-06-07T08:53:45.266+0000] {dag.py:4180} INFO - Setting next_dagrun for example_setup_teardown_taskflow to None, run_after=None
[2026-06-07T08:53:45.320+0000] {processor.py:208} INFO - Processing /home/airflow/.local/lib/python3.12/site-packages/airflow/example_dags/example_setup_teardown_taskflow.py took 0.222 seconds
[2026-06-07T08:54:25.609+0000] {processor.py:186} INFO - Started process (PID=1489) to work on /home/airflow/.local/lib/python3.12/site-packages/airflow/example_dags/example_setup_teardown_taskflow.py
[2026-06-07T08:54:25.612+0000] {processor.py:914} INFO - Processing file /home/airflow/.local/lib/python3.12/site-packages/airflow/example_dags/example_setup_teardown_taskflow.py for tasks to queue
[2026-06-07T08:54:25.618+0000] {logging_mixin.py:190} INFO - [2026-06-07T08:54:25.617+0000] {dagbag.py:588} INFO - Filling up the DagBag from /home/airflow/.local/lib/python3.12/site-packages/airflow/example_dags/example_setup_teardown_taskflow.py
[2026-06-07T08:54:25.646+0000] {processor.py:925} INFO - DAG(s) 'example_setup_teardown_taskflow' retrieved from /home/airflow/.local/lib/python3.12/site-packages/airflow/example_dags/example_setup_teardown_taskflow.py
[2026-06-07T08:54:25.748+0000] {logging_mixin.py:190} INFO - [2026-06-07T08:54:25.746+0000] {dag.py:3239} INFO - Sync 1 DAGs
[2026-06-07T08:54:25.791+0000] {logging_mixin.py:190} INFO - [2026-06-07T08:54:25.790+0000] {dag.py:4180} INFO - Setting next_dagrun for example_setup_teardown_taskflow to None, run_after=None
[2026-06-07T08:54:25.866+0000] {processor.py:208} INFO - Processing /home/airflow/.local/lib/python3.12/site-packages/airflow/example_dags/example_setup_teardown_taskflow.py took 0.271 seconds
[2026-06-07T08:55:31.983+0000] {processor.py:186} INFO - Started process (PID=1568) to work on /home/airflow/.local/lib/python3.12/site-packages/airflow/example_dags/example_setup_teardown_taskflow.py
[2026-06-07T08:55:31.987+0000] {processor.py:914} INFO - Processing file /home/airflow/.local/lib/python3.12/site-packages/airflow/example_dags/example_setup_teardown_taskflow.py for tasks to queue
[2026-06-07T08:55:31.990+0000] {logging_mixin.py:190} INFO - [2026-06-07T08:55:31.989+0000] {dagbag.py:588} INFO - Filling up the DagBag from /home/airflow/.local/lib/python3.12/site-packages/airflow/example_dags/example_setup_teardown_taskflow.py
[2026-06-07T08:55:32.034+0000] {processor.py:925} INFO - DAG(s) 'example_setup_teardown_taskflow' retrieved from /home/airflow/.local/lib/python3.12/site-packages/airflow/example_dags/example_setup_teardown_taskflow.py
[2026-06-07T08:55:32.139+0000] {logging_mixin.py:190} INFO - [2026-06-07T08:55:32.139+0000] {dag.py:3239} INFO - Sync 1 DAGs
[2026-06-07T08:55:32.277+0000] {logging_mixin.py:190} INFO - [2026-06-07T08:55:32.276+0000] {dag.py:4180} INFO - Setting next_dagrun for example_setup_teardown_taskflow to None, run_after=None
[2026-06-07T08:55:32.339+0000] {processor.py:208} INFO - Processing /home/airflow/.local/lib/python3.12/site-packages/airflow/example_dags/example_setup_teardown_taskflow.py took 0.370 seconds
[2026-06-07T08:56:02.949+0000] {processor.py:186} INFO - Started process (PID=1630) to work on /home/airflow/.local/lib/python3.12/site-packages/airflow/example_dags/example_setup_teardown_taskflow.py
[2026-06-07T08:56:02.951+0000] {processor.py:914} INFO - Processing file /home/airflow/.local/lib/python3.12/site-packages/airflow/example_dags/example_setup_teardown_taskflow.py for tasks to queue
[2026-06-07T08:56:02.954+0000] {logging_mixin.py:190} INFO - [2026-06-07T08:56:02.953+0000] {dagbag.py:588} INFO - Filling up the DagBag from /home/airflow/.local/lib/python3.12/site-packages/airflow/example_dags/example_setup_teardown_taskflow.py
[2026-06-07T08:56:02.979+0000] {processor.py:925} INFO - DAG(s) 'example_setup_teardown_taskflow' retrieved from /home/airflow/.local/lib/python3.12/site-packages/airflow/example_dags/example_setup_teardown_taskflow.py
[2026-06-07T08:56:03.039+0000] {logging_mixin.py:190} INFO - [2026-06-07T08:56:03.038+0000] {dag.py:3239} INFO - Sync 1 DAGs
[2026-06-07T08:56:03.087+0000] {logging_mixin.py:190} INFO - [2026-06-07T08:56:03.086+0000] {dag.py:4180} INFO - Setting next_dagrun for example_setup_teardown_taskflow to None, run_after=None
[2026-06-07T08:56:03.149+0000] {processor.py:208} INFO - Processing /home/airflow/.local/lib/python3.12/site-packages/airflow/example_dags/example_setup_teardown_taskflow.py took 0.214 seconds
[2026-06-07T08:56:35.548+0000] {processor.py:186} INFO - Started process (PID=1690) to work on /home/airflow/.local/lib/python3.12/site-packages/airflow/example_dags/example_setup_teardown_taskflow.py
[2026-06-07T08:56:35.551+0000] {processor.py:914} INFO - Processing file /home/airflow/.local/lib/python3.12/site-packages/airflow/example_dags/example_setup_teardown_taskflow.py for tasks to queue
[2026-06-07T08:56:35.555+0000] {logging_mixin.py:190} INFO - [2026-06-07T08:56:35.554+0000] {dagbag.py:588} INFO - Filling up the DagBag from /home/airflow/.local/lib/python3.12/site-packages/airflow/example_dags/example_setup_teardown_taskflow.py
[2026-06-07T08:56:35.587+0000] {processor.py:925} INFO - DAG(s) 'example_setup_teardown_taskflow' retrieved from /home/airflow/.local/lib/python3.12/site-packages/airflow/example_dags/example_setup_teardown_taskflow.py
[2026-06-07T08:56:35.636+0000] {logging_mixin.py:190} INFO - [2026-06-07T08:56:35.635+0000] {dag.py:3239} INFO - Sync 1 DAGs
[2026-06-07T08:56:35.664+0000] {logging_mixin.py:190} INFO - [2026-06-07T08:56:35.664+0000] {dag.py:4180} INFO - Setting next_dagrun for example_setup_teardown_taskflow to None, run_after=None
[2026-06-07T08:56:35.707+0000] {processor.py:208} INFO - Processing /home/airflow/.local/lib/python3.12/site-packages/airflow/example_dags/example_setup_teardown_taskflow.py took 0.173 seconds
[2026-06-07T08:57:10.263+0000] {processor.py:186} INFO - Started process (PID=1752) to work on /home/airflow/.local/lib/python3.12/site-packages/airflow/example_dags/example_setup_teardown_taskflow.py
[2026-06-07T08:57:10.265+0000] {processor.py:914} INFO - Processing file /home/airflow/.local/lib/python3.12/site-packages/airflow/example_dags/example_setup_teardown_taskflow.py for tasks to queue
[2026-06-07T08:57:10.267+0000] {logging_mixin.py:190} INFO - [2026-06-07T08:57:10.266+0000] {dagbag.py:588} INFO - Filling up the DagBag from /home/airflow/.local/lib/python3.12/site-packages/airflow/example_dags/example_setup_teardown_taskflow.py
[2026-06-07T08:57:10.285+0000] {processor.py:925} INFO - DAG(s) 'example_setup_teardown_taskflow' retrieved from /home/airflow/.local/lib/python3.12/site-packages/airflow/example_dags/example_setup_teardown_taskflow.py
[2026-06-07T08:57:10.325+0000] {logging_mixin.py:190} INFO - [2026-06-07T08:57:10.325+0000] {dag.py:3239} INFO - Sync 1 DAGs
[2026-06-07T08:57:10.347+0000] {logging_mixin.py:190} INFO - [2026-06-07T08:57:10.346+0000] {dag.py:4180} INFO - Setting next_dagrun for example_setup_teardown_taskflow to None, run_after=None
[2026-06-07T08:57:10.376+0000] {processor.py:208} INFO - Processing /home/airflow/.local/lib/python3.12/site-packages/airflow/example_dags/example_setup_teardown_taskflow.py took 0.122 seconds
[2026-06-07T10:17:06.770+0000] {processor.py:186} INFO - Started process (PID=98) to work on /home/airflow/.local/lib/python3.12/site-packages/airflow/example_dags/example_setup_teardown_taskflow.py
[2026-06-07T10:17:06.774+0000] {processor.py:914} INFO - Processing file /home/airflow/.local/lib/python3.12/site-packages/airflow/example_dags/example_setup_teardown_taskflow.py for tasks to queue
[2026-06-07T10:17:06.787+0000] {logging_mixin.py:190} INFO - [2026-06-07T10:17:06.785+0000] {dagbag.py:588} INFO - Filling up the DagBag from /home/airflow/.local/lib/python3.12/site-packages/airflow/example_dags/example_setup_teardown_taskflow.py
[2026-06-07T10:17:06.830+0000] {processor.py:925} INFO - DAG(s) 'example_setup_teardown_taskflow' retrieved from /home/airflow/.local/lib/python3.12/site-packages/airflow/example_dags/example_setup_teardown_taskflow.py
[2026-06-07T10:17:07.228+0000] {logging_mixin.py:190} INFO - [2026-06-07T10:17:07.226+0000] {override.py:1932} INFO - Created Permission View: can delete on DAG:example_setup_teardown_taskflow
[2026-06-07T10:17:07.254+0000] {logging_mixin.py:190} INFO - [2026-06-07T10:17:07.253+0000] {override.py:1932} INFO - Created Permission View: can edit on DAG:example_setup_teardown_taskflow
[2026-06-07T10:17:07.271+0000] {logging_mixin.py:190} INFO - [2026-06-07T10:17:07.270+0000] {override.py:1932} INFO - Created Permission View: can read on DAG:example_setup_teardown_taskflow
[2026-06-07T10:17:07.288+0000] {logging_mixin.py:190} INFO - [2026-06-07T10:17:07.287+0000] {override.py:1932} INFO - Created Permission View: menu access on DAG Run:example_setup_teardown_taskflow
[2026-06-07T10:17:07.307+0000] {logging_mixin.py:190} INFO - [2026-06-07T10:17:07.306+0000] {override.py:1932} INFO - Created Permission View: can delete on DAG Run:example_setup_teardown_taskflow
[2026-06-07T10:17:07.321+0000] {logging_mixin.py:190} INFO - [2026-06-07T10:17:07.321+0000] {override.py:1932} INFO - Created Permission View: can create on DAG Run:example_setup_teardown_taskflow
[2026-06-07T10:17:07.344+0000] {logging_mixin.py:190} INFO - [2026-06-07T10:17:07.342+0000] {override.py:1932} INFO - Created Permission View: can read on DAG Run:example_setup_teardown_taskflow
[2026-06-07T10:17:07.345+0000] {logging_mixin.py:190} INFO - [2026-06-07T10:17:07.345+0000] {dag.py:3239} INFO - Sync 1 DAGs
[2026-06-07T10:17:07.377+0000] {logging_mixin.py:190} INFO - [2026-06-07T10:17:07.376+0000] {dag.py:3262} INFO - Creating ORM DAG for example_setup_teardown_taskflow
[2026-06-07T10:17:07.379+0000] {logging_mixin.py:190} INFO - [2026-06-07T10:17:07.378+0000] {dag.py:4180} INFO - Setting next_dagrun for example_setup_teardown_taskflow to None, run_after=None
[2026-06-07T10:17:07.414+0000] {processor.py:208} INFO - Processing /home/airflow/.local/lib/python3.12/site-packages/airflow/example_dags/example_setup_teardown_taskflow.py took 0.662 seconds
[2026-06-07T10:18:13.010+0000] {processor.py:186} INFO - Started process (PID=167) to work on /home/airflow/.local/lib/python3.12/site-packages/airflow/example_dags/example_setup_teardown_taskflow.py
[2026-06-07T10:18:13.013+0000] {processor.py:914} INFO - Processing file /home/airflow/.local/lib/python3.12/site-packages/airflow/example_dags/example_setup_teardown_taskflow.py for tasks to queue
[2026-06-07T10:18:13.023+0000] {logging_mixin.py:190} INFO - [2026-06-07T10:18:13.022+0000] {dagbag.py:588} INFO - Filling up the DagBag from /home/airflow/.local/lib/python3.12/site-packages/airflow/example_dags/example_setup_teardown_taskflow.py
[2026-06-07T10:18:13.048+0000] {processor.py:925} INFO - DAG(s) 'example_setup_teardown_taskflow' retrieved from /home/airflow/.local/lib/python3.12/site-packages/airflow/example_dags/example_setup_teardown_taskflow.py
[2026-06-07T10:18:13.109+0000] {logging_mixin.py:190} INFO - [2026-06-07T10:18:13.109+0000] {dag.py:3239} INFO - Sync 1 DAGs
[2026-06-07T10:18:13.142+0000] {logging_mixin.py:190} INFO - [2026-06-07T10:18:13.142+0000] {dag.py:4180} INFO - Setting next_dagrun for example_setup_teardown_taskflow to None, run_after=None
[2026-06-07T10:18:13.212+0000] {processor.py:208} INFO - Processing /home/airflow/.local/lib/python3.12/site-packages/airflow/example_dags/example_setup_teardown_taskflow.py took 0.217 seconds
[2026-06-07T10:19:01.224+0000] {processor.py:186} INFO - Started process (PID=236) to work on /home/airflow/.local/lib/python3.12/site-packages/airflow/example_dags/example_setup_teardown_taskflow.py
[2026-06-07T10:19:01.226+0000] {processor.py:914} INFO - Processing file /home/airflow/.local/lib/python3.12/site-packages/airflow/example_dags/example_setup_teardown_taskflow.py for tasks to queue
[2026-06-07T10:19:01.235+0000] {logging_mixin.py:190} INFO - [2026-06-07T10:19:01.235+0000] {dagbag.py:588} INFO - Filling up the DagBag from /home/airflow/.local/lib/python3.12/site-packages/airflow/example_dags/example_setup_teardown_taskflow.py
[2026-06-07T10:19:01.257+0000] {processor.py:925} INFO - DAG(s) 'example_setup_teardown_taskflow' retrieved from /home/airflow/.local/lib/python3.12/site-packages/airflow/example_dags/example_setup_teardown_taskflow.py
[2026-06-07T10:19:01.308+0000] {logging_mixin.py:190} INFO - [2026-06-07T10:19:01.308+0000] {dag.py:3239} INFO - Sync 1 DAGs
[2026-06-07T10:19:01.341+0000] {logging_mixin.py:190} INFO - [2026-06-07T10:19:01.341+0000] {dag.py:4180} INFO - Setting next_dagrun for example_setup_teardown_taskflow to None, run_after=None
[2026-06-07T10:19:01.381+0000] {processor.py:208} INFO - Processing /home/airflow/.local/lib/python3.12/site-packages/airflow/example_dags/example_setup_teardown_taskflow.py took 0.168 seconds
[2026-06-07T10:19:39.252+0000] {processor.py:186} INFO - Started process (PID=285) to work on /home/airflow/.local/lib/python3.12/site-packages/airflow/example_dags/example_setup_teardown_taskflow.py
[2026-06-07T10:19:39.258+0000] {processor.py:914} INFO - Processing file /home/airflow/.local/lib/python3.12/site-packages/airflow/example_dags/example_setup_teardown_taskflow.py for tasks to queue
[2026-06-07T10:19:39.278+0000] {logging_mixin.py:190} INFO - [2026-06-07T10:19:39.277+0000] {dagbag.py:588} INFO - Filling up the DagBag from /home/airflow/.local/lib/python3.12/site-packages/airflow/example_dags/example_setup_teardown_taskflow.py
[2026-06-07T10:19:39.380+0000] {processor.py:925} INFO - DAG(s) 'example_setup_teardown_taskflow' retrieved from /home/airflow/.local/lib/python3.12/site-packages/airflow/example_dags/example_setup_teardown_taskflow.py
[2026-06-07T10:19:39.668+0000] {logging_mixin.py:190} INFO - [2026-06-07T10:19:39.666+0000] {dag.py:3239} INFO - Sync 1 DAGs
[2026-06-07T10:19:39.754+0000] {logging_mixin.py:190} INFO - [2026-06-07T10:19:39.753+0000] {dag.py:4180} INFO - Setting next_dagrun for example_setup_teardown_taskflow to None, run_after=None
[2026-06-07T10:19:39.902+0000] {processor.py:208} INFO - Processing /home/airflow/.local/lib/python3.12/site-packages/airflow/example_dags/example_setup_teardown_taskflow.py took 0.703 seconds
[2026-06-07T10:20:40.674+0000] {processor.py:186} INFO - Started process (PID=354) to work on /home/airflow/.local/lib/python3.12/site-packages/airflow/example_dags/example_setup_teardown_taskflow.py
[2026-06-07T10:20:40.677+0000] {processor.py:914} INFO - Processing file /home/airflow/.local/lib/python3.12/site-packages/airflow/example_dags/example_setup_teardown_taskflow.py for tasks to queue
[2026-06-07T10:20:40.684+0000] {logging_mixin.py:190} INFO - [2026-06-07T10:20:40.683+0000] {dagbag.py:588} INFO - Filling up the DagBag from /home/airflow/.local/lib/python3.12/site-packages/airflow/example_dags/example_setup_teardown_taskflow.py
[2026-06-07T10:20:40.718+0000] {processor.py:925} INFO - DAG(s) 'example_setup_teardown_taskflow' retrieved from /home/airflow/.local/lib/python3.12/site-packages/airflow/example_dags/example_setup_teardown_taskflow.py
[2026-06-07T10:20:40.791+0000] {logging_mixin.py:190} INFO - [2026-06-07T10:20:40.791+0000] {dag.py:3239} INFO - Sync 1 DAGs
[2026-06-07T10:20:40.842+0000] {logging_mixin.py:190} INFO - [2026-06-07T10:20:40.841+0000] {dag.py:4180} INFO - Setting next_dagrun for example_setup_teardown_taskflow to None, run_after=None
[2026-06-07T10:20:40.890+0000] {processor.py:208} INFO - Processing /home/airflow/.local/lib/python3.12/site-packages/airflow/example_dags/example_setup_teardown_taskflow.py took 0.229 seconds
[2026-06-07T10:21:37.920+0000] {processor.py:186} INFO - Started process (PID=427) to work on /home/airflow/.local/lib/python3.12/site-packages/airflow/example_dags/example_setup_teardown_taskflow.py
[2026-06-07T10:21:37.923+0000] {processor.py:914} INFO - Processing file /home/airflow/.local/lib/python3.12/site-packages/airflow/example_dags/example_setup_teardown_taskflow.py for tasks to queue
[2026-06-07T10:21:37.939+0000] {logging_mixin.py:190} INFO - [2026-06-07T10:21:37.932+0000] {dagbag.py:588} INFO - Filling up the DagBag from /home/airflow/.local/lib/python3.12/site-packages/airflow/example_dags/example_setup_teardown_taskflow.py
[2026-06-07T10:21:37.989+0000] {processor.py:925} INFO - DAG(s) 'example_setup_teardown_taskflow' retrieved from /home/airflow/.local/lib/python3.12/site-packages/airflow/example_dags/example_setup_teardown_taskflow.py
[2026-06-07T10:21:38.121+0000] {logging_mixin.py:190} INFO - [2026-06-07T10:21:38.120+0000] {dag.py:3239} INFO - Sync 1 DAGs
[2026-06-07T10:21:38.168+0000] {logging_mixin.py:190} INFO - [2026-06-07T10:21:38.168+0000] {dag.py:4180} INFO - Setting next_dagrun for example_setup_teardown_taskflow to None, run_after=None
[2026-06-07T10:21:38.217+0000] {processor.py:208} INFO - Processing /home/airflow/.local/lib/python3.12/site-packages/airflow/example_dags/example_setup_teardown_taskflow.py took 0.323 seconds
[2026-06-07T10:22:25.047+0000] {processor.py:186} INFO - Started process (PID=502) to work on /home/airflow/.local/lib/python3.12/site-packages/airflow/example_dags/example_setup_teardown_taskflow.py
[2026-06-07T10:22:25.050+0000] {processor.py:914} INFO - Processing file /home/airflow/.local/lib/python3.12/site-packages/airflow/example_dags/example_setup_teardown_taskflow.py for tasks to queue
[2026-06-07T10:22:25.056+0000] {logging_mixin.py:190} INFO - [2026-06-07T10:22:25.056+0000] {dagbag.py:588} INFO - Filling up the DagBag from /home/airflow/.local/lib/python3.12/site-packages/airflow/example_dags/example_setup_teardown_taskflow.py
[2026-06-07T10:22:25.082+0000] {processor.py:925} INFO - DAG(s) 'example_setup_teardown_taskflow' retrieved from /home/airflow/.local/lib/python3.12/site-packages/airflow/example_dags/example_setup_teardown_taskflow.py
[2026-06-07T10:22:25.159+0000] {logging_mixin.py:190} INFO - [2026-06-07T10:22:25.158+0000] {dag.py:3239} INFO - Sync 1 DAGs
[2026-06-07T10:22:25.200+0000] {logging_mixin.py:190} INFO - [2026-06-07T10:22:25.200+0000] {dag.py:4180} INFO - Setting next_dagrun for example_setup_teardown_taskflow to None, run_after=None
[2026-06-07T10:22:25.366+0000] {processor.py:208} INFO - Processing /home/airflow/.local/lib/python3.12/site-packages/airflow/example_dags/example_setup_teardown_taskflow.py took 0.332 seconds
[2026-06-07T10:23:03.615+0000] {processor.py:186} INFO - Started process (PID=553) to work on /home/airflow/.local/lib/python3.12/site-packages/airflow/example_dags/example_setup_teardown_taskflow.py
[2026-06-07T10:23:03.618+0000] {processor.py:914} INFO - Processing file /home/airflow/.local/lib/python3.12/site-packages/airflow/example_dags/example_setup_teardown_taskflow.py for tasks to queue
[2026-06-07T10:23:03.625+0000] {logging_mixin.py:190} INFO - [2026-06-07T10:23:03.624+0000] {dagbag.py:588} INFO - Filling up the DagBag from /home/airflow/.local/lib/python3.12/site-packages/airflow/example_dags/example_setup_teardown_taskflow.py
[2026-06-07T10:23:03.666+0000] {processor.py:925} INFO - DAG(s) 'example_setup_teardown_taskflow' retrieved from /home/airflow/.local/lib/python3.12/site-packages/airflow/example_dags/example_setup_teardown_taskflow.py
[2026-06-07T10:23:03.734+0000] {logging_mixin.py:190} INFO - [2026-06-07T10:23:03.734+0000] {dag.py:3239} INFO - Sync 1 DAGs
[2026-06-07T10:23:03.792+0000] {logging_mixin.py:190} INFO - [2026-06-07T10:23:03.792+0000] {dag.py:4180} INFO - Setting next_dagrun for example_setup_teardown_taskflow to None, run_after=None
[2026-06-07T10:23:03.848+0000] {processor.py:208} INFO - Processing /home/airflow/.local/lib/python3.12/site-packages/airflow/example_dags/example_setup_teardown_taskflow.py took 0.247 seconds
[2026-06-07T10:24:00.480+0000] {processor.py:186} INFO - Started process (PID=621) to work on /home/airflow/.local/lib/python3.12/site-packages/airflow/example_dags/example_setup_teardown_taskflow.py
[2026-06-07T10:24:00.484+0000] {processor.py:914} INFO - Processing file /home/airflow/.local/lib/python3.12/site-packages/airflow/example_dags/example_setup_teardown_taskflow.py for tasks to queue
[2026-06-07T10:24:00.494+0000] {logging_mixin.py:190} INFO - [2026-06-07T10:24:00.493+0000] {dagbag.py:588} INFO - Filling up the DagBag from /home/airflow/.local/lib/python3.12/site-packages/airflow/example_dags/example_setup_teardown_taskflow.py
[2026-06-07T10:24:00.559+0000] {processor.py:925} INFO - DAG(s) 'example_setup_teardown_taskflow' retrieved from /home/airflow/.local/lib/python3.12/site-packages/airflow/example_dags/example_setup_teardown_taskflow.py
[2026-06-07T10:24:00.660+0000] {logging_mixin.py:190} INFO - [2026-06-07T10:24:00.658+0000] {dag.py:3239} INFO - Sync 1 DAGs
[2026-06-07T10:24:00.719+0000] {logging_mixin.py:190} INFO - [2026-06-07T10:24:00.718+0000] {dag.py:4180} INFO - Setting next_dagrun for example_setup_teardown_taskflow to None, run_after=None
[2026-06-07T10:24:00.810+0000] {processor.py:208} INFO - Processing /home/airflow/.local/lib/python3.12/site-packages/airflow/example_dags/example_setup_teardown_taskflow.py took 0.346 seconds
[2026-06-07T10:24:52.563+0000] {processor.py:186} INFO - Started process (PID=681) to work on /home/airflow/.local/lib/python3.12/site-packages/airflow/example_dags/example_setup_teardown_taskflow.py
[2026-06-07T10:24:52.574+0000] {processor.py:914} INFO - Processing file /home/airflow/.local/lib/python3.12/site-packages/airflow/example_dags/example_setup_teardown_taskflow.py for tasks to queue
[2026-06-07T10:24:52.607+0000] {logging_mixin.py:190} INFO - [2026-06-07T10:24:52.605+0000] {dagbag.py:588} INFO - Filling up the DagBag from /home/airflow/.local/lib/python3.12/site-packages/airflow/example_dags/example_setup_teardown_taskflow.py
[2026-06-07T10:24:52.734+0000] {processor.py:925} INFO - DAG(s) 'example_setup_teardown_taskflow' retrieved from /home/airflow/.local/lib/python3.12/site-packages/airflow/example_dags/example_setup_teardown_taskflow.py
[2026-06-07T10:24:52.876+0000] {logging_mixin.py:190} INFO - [2026-06-07T10:24:52.875+0000] {dag.py:3239} INFO - Sync 1 DAGs
[2026-06-07T10:24:52.956+0000] {logging_mixin.py:190} INFO - [2026-06-07T10:24:52.953+0000] {dag.py:4180} INFO - Setting next_dagrun for example_setup_teardown_taskflow to None, run_after=None
[2026-06-07T10:24:53.080+0000] {processor.py:208} INFO - Processing /home/airflow/.local/lib/python3.12/site-packages/airflow/example_dags/example_setup_teardown_taskflow.py took 0.551 seconds
[2026-06-07T10:25:59.660+0000] {processor.py:186} INFO - Started process (PID=754) to work on /home/airflow/.local/lib/python3.12/site-packages/airflow/example_dags/example_setup_teardown_taskflow.py
[2026-06-07T10:25:59.663+0000] {processor.py:914} INFO - Processing file /home/airflow/.local/lib/python3.12/site-packages/airflow/example_dags/example_setup_teardown_taskflow.py for tasks to queue
[2026-06-07T10:25:59.666+0000] {logging_mixin.py:190} INFO - [2026-06-07T10:25:59.665+0000] {dagbag.py:588} INFO - Filling up the DagBag from /home/airflow/.local/lib/python3.12/site-packages/airflow/example_dags/example_setup_teardown_taskflow.py
[2026-06-07T10:25:59.723+0000] {processor.py:925} INFO - DAG(s) 'example_setup_teardown_taskflow' retrieved from /home/airflow/.local/lib/python3.12/site-packages/airflow/example_dags/example_setup_teardown_taskflow.py
[2026-06-07T10:25:59.816+0000] {logging_mixin.py:190} INFO - [2026-06-07T10:25:59.815+0000] {dag.py:3239} INFO - Sync 1 DAGs
[2026-06-07T10:25:59.859+0000] {logging_mixin.py:190} INFO - [2026-06-07T10:25:59.858+0000] {dag.py:4180} INFO - Setting next_dagrun for example_setup_teardown_taskflow to None, run_after=None
[2026-06-07T10:25:59.920+0000] {processor.py:208} INFO - Processing /home/airflow/.local/lib/python3.12/site-packages/airflow/example_dags/example_setup_teardown_taskflow.py took 0.278 seconds
