[2026-06-07T08:16:06.458+0000] {processor.py:186} INFO - Started process (PID=88) to work on /home/airflow/.local/lib/python3.12/site-packages/airflow/example_dags/example_task_group_decorator.py
[2026-06-07T08:16:06.460+0000] {processor.py:914} INFO - Processing file /home/airflow/.local/lib/python3.12/site-packages/airflow/example_dags/example_task_group_decorator.py for tasks to queue
[2026-06-07T08:16:06.469+0000] {logging_mixin.py:190} INFO - [2026-06-07T08:16:06.468+0000] {dagbag.py:588} INFO - Filling up the DagBag from /home/airflow/.local/lib/python3.12/site-packages/airflow/example_dags/example_task_group_decorator.py
[2026-06-07T08:16:06.507+0000] {processor.py:925} INFO - DAG(s) 'example_task_group_decorator' retrieved from /home/airflow/.local/lib/python3.12/site-packages/airflow/example_dags/example_task_group_decorator.py
[2026-06-07T08:16:06.563+0000] {logging_mixin.py:190} INFO - [2026-06-07T08:16:06.563+0000] {dag.py:3239} INFO - Sync 1 DAGs
[2026-06-07T08:16:06.599+0000] {logging_mixin.py:190} INFO - [2026-06-07T08:16:06.599+0000] {dag.py:4180} INFO - Setting next_dagrun for example_task_group_decorator to None, run_after=None
[2026-06-07T08:16:06.636+0000] {processor.py:208} INFO - Processing /home/airflow/.local/lib/python3.12/site-packages/airflow/example_dags/example_task_group_decorator.py took 0.189 seconds
[2026-06-07T08:17:00.712+0000] {processor.py:186} INFO - Started process (PID=156) to work on /home/airflow/.local/lib/python3.12/site-packages/airflow/example_dags/example_task_group_decorator.py
[2026-06-07T08:17:00.715+0000] {processor.py:914} INFO - Processing file /home/airflow/.local/lib/python3.12/site-packages/airflow/example_dags/example_task_group_decorator.py for tasks to queue
[2026-06-07T08:17:00.726+0000] {logging_mixin.py:190} INFO - [2026-06-07T08:17:00.726+0000] {dagbag.py:588} INFO - Filling up the DagBag from /home/airflow/.local/lib/python3.12/site-packages/airflow/example_dags/example_task_group_decorator.py
[2026-06-07T08:17:00.765+0000] {processor.py:925} INFO - DAG(s) 'example_task_group_decorator' retrieved from /home/airflow/.local/lib/python3.12/site-packages/airflow/example_dags/example_task_group_decorator.py
[2026-06-07T08:17:00.831+0000] {logging_mixin.py:190} INFO - [2026-06-07T08:17:00.830+0000] {dag.py:3239} INFO - Sync 1 DAGs
[2026-06-07T08:17:00.875+0000] {logging_mixin.py:190} INFO - [2026-06-07T08:17:00.874+0000] {dag.py:4180} INFO - Setting next_dagrun for example_task_group_decorator to None, run_after=None
[2026-06-07T08:17:00.917+0000] {processor.py:208} INFO - Processing /home/airflow/.local/lib/python3.12/site-packages/airflow/example_dags/example_task_group_decorator.py took 0.233 seconds
[2026-06-07T08:17:41.074+0000] {processor.py:186} INFO - Started process (PID=214) to work on /home/airflow/.local/lib/python3.12/site-packages/airflow/example_dags/example_task_group_decorator.py
[2026-06-07T08:17:41.079+0000] {processor.py:914} INFO - Processing file /home/airflow/.local/lib/python3.12/site-packages/airflow/example_dags/example_task_group_decorator.py for tasks to queue
[2026-06-07T08:17:41.085+0000] {logging_mixin.py:190} INFO - [2026-06-07T08:17:41.085+0000] {dagbag.py:588} INFO - Filling up the DagBag from /home/airflow/.local/lib/python3.12/site-packages/airflow/example_dags/example_task_group_decorator.py
[2026-06-07T08:17:41.145+0000] {processor.py:925} INFO - DAG(s) 'example_task_group_decorator' retrieved from /home/airflow/.local/lib/python3.12/site-packages/airflow/example_dags/example_task_group_decorator.py
[2026-06-07T08:17:41.251+0000] {logging_mixin.py:190} INFO - [2026-06-07T08:17:41.250+0000] {dag.py:3239} INFO - Sync 1 DAGs
[2026-06-07T08:17:41.303+0000] {logging_mixin.py:190} INFO - [2026-06-07T08:17:41.302+0000] {dag.py:4180} INFO - Setting next_dagrun for example_task_group_decorator to None, run_after=None
[2026-06-07T08:17:41.371+0000] {processor.py:208} INFO - Processing /home/airflow/.local/lib/python3.12/site-packages/airflow/example_dags/example_task_group_decorator.py took 0.312 seconds
[2026-06-07T08:18:23.989+0000] {processor.py:186} INFO - Started process (PID=285) to work on /home/airflow/.local/lib/python3.12/site-packages/airflow/example_dags/example_task_group_decorator.py
[2026-06-07T08:18:23.992+0000] {processor.py:914} INFO - Processing file /home/airflow/.local/lib/python3.12/site-packages/airflow/example_dags/example_task_group_decorator.py for tasks to queue
[2026-06-07T08:18:23.999+0000] {logging_mixin.py:190} INFO - [2026-06-07T08:18:23.998+0000] {dagbag.py:588} INFO - Filling up the DagBag from /home/airflow/.local/lib/python3.12/site-packages/airflow/example_dags/example_task_group_decorator.py
[2026-06-07T08:18:24.035+0000] {processor.py:925} INFO - DAG(s) 'example_task_group_decorator' retrieved from /home/airflow/.local/lib/python3.12/site-packages/airflow/example_dags/example_task_group_decorator.py
[2026-06-07T08:18:24.112+0000] {logging_mixin.py:190} INFO - [2026-06-07T08:18:24.111+0000] {dag.py:3239} INFO - Sync 1 DAGs
[2026-06-07T08:18:24.155+0000] {logging_mixin.py:190} INFO - [2026-06-07T08:18:24.154+0000] {dag.py:4180} INFO - Setting next_dagrun for example_task_group_decorator to None, run_after=None
[2026-06-07T08:18:24.219+0000] {processor.py:208} INFO - Processing /home/airflow/.local/lib/python3.12/site-packages/airflow/example_dags/example_task_group_decorator.py took 0.240 seconds
[2026-06-07T08:19:02.957+0000] {processor.py:186} INFO - Started process (PID=346) to work on /home/airflow/.local/lib/python3.12/site-packages/airflow/example_dags/example_task_group_decorator.py
[2026-06-07T08:19:02.961+0000] {processor.py:914} INFO - Processing file /home/airflow/.local/lib/python3.12/site-packages/airflow/example_dags/example_task_group_decorator.py for tasks to queue
[2026-06-07T08:19:02.988+0000] {logging_mixin.py:190} INFO - [2026-06-07T08:19:02.987+0000] {dagbag.py:588} INFO - Filling up the DagBag from /home/airflow/.local/lib/python3.12/site-packages/airflow/example_dags/example_task_group_decorator.py
[2026-06-07T08:19:03.053+0000] {processor.py:925} INFO - DAG(s) 'example_task_group_decorator' retrieved from /home/airflow/.local/lib/python3.12/site-packages/airflow/example_dags/example_task_group_decorator.py
[2026-06-07T08:19:03.363+0000] {logging_mixin.py:190} INFO - [2026-06-07T08:19:03.360+0000] {dag.py:3239} INFO - Sync 1 DAGs
[2026-06-07T08:19:03.458+0000] {logging_mixin.py:190} INFO - [2026-06-07T08:19:03.457+0000] {dag.py:4180} INFO - Setting next_dagrun for example_task_group_decorator to None, run_after=None
[2026-06-07T08:19:03.570+0000] {processor.py:208} INFO - Processing /home/airflow/.local/lib/python3.12/site-packages/airflow/example_dags/example_task_group_decorator.py took 0.625 seconds
[2026-06-07T08:19:35.223+0000] {processor.py:186} INFO - Started process (PID=408) to work on /home/airflow/.local/lib/python3.12/site-packages/airflow/example_dags/example_task_group_decorator.py
[2026-06-07T08:19:35.225+0000] {processor.py:914} INFO - Processing file /home/airflow/.local/lib/python3.12/site-packages/airflow/example_dags/example_task_group_decorator.py for tasks to queue
[2026-06-07T08:19:35.230+0000] {logging_mixin.py:190} INFO - [2026-06-07T08:19:35.230+0000] {dagbag.py:588} INFO - Filling up the DagBag from /home/airflow/.local/lib/python3.12/site-packages/airflow/example_dags/example_task_group_decorator.py
[2026-06-07T08:19:35.263+0000] {processor.py:925} INFO - DAG(s) 'example_task_group_decorator' retrieved from /home/airflow/.local/lib/python3.12/site-packages/airflow/example_dags/example_task_group_decorator.py
[2026-06-07T08:19:35.335+0000] {logging_mixin.py:190} INFO - [2026-06-07T08:19:35.335+0000] {dag.py:3239} INFO - Sync 1 DAGs
[2026-06-07T08:19:35.394+0000] {logging_mixin.py:190} INFO - [2026-06-07T08:19:35.393+0000] {dag.py:4180} INFO - Setting next_dagrun for example_task_group_decorator to None, run_after=None
[2026-06-07T08:19:35.509+0000] {processor.py:208} INFO - Processing /home/airflow/.local/lib/python3.12/site-packages/airflow/example_dags/example_task_group_decorator.py took 0.298 seconds
[2026-06-07T08:20:08.320+0000] {processor.py:186} INFO - Started process (PID=467) to work on /home/airflow/.local/lib/python3.12/site-packages/airflow/example_dags/example_task_group_decorator.py
[2026-06-07T08:20:08.324+0000] {processor.py:914} INFO - Processing file /home/airflow/.local/lib/python3.12/site-packages/airflow/example_dags/example_task_group_decorator.py for tasks to queue
[2026-06-07T08:20:08.332+0000] {logging_mixin.py:190} INFO - [2026-06-07T08:20:08.331+0000] {dagbag.py:588} INFO - Filling up the DagBag from /home/airflow/.local/lib/python3.12/site-packages/airflow/example_dags/example_task_group_decorator.py
[2026-06-07T08:20:08.390+0000] {processor.py:925} INFO - DAG(s) 'example_task_group_decorator' retrieved from /home/airflow/.local/lib/python3.12/site-packages/airflow/example_dags/example_task_group_decorator.py
[2026-06-07T08:20:08.500+0000] {logging_mixin.py:190} INFO - [2026-06-07T08:20:08.499+0000] {dag.py:3239} INFO - Sync 1 DAGs
[2026-06-07T08:20:08.555+0000] {logging_mixin.py:190} INFO - [2026-06-07T08:20:08.554+0000] {dag.py:4180} INFO - Setting next_dagrun for example_task_group_decorator to None, run_after=None
[2026-06-07T08:20:08.635+0000] {processor.py:208} INFO - Processing /home/airflow/.local/lib/python3.12/site-packages/airflow/example_dags/example_task_group_decorator.py took 0.327 seconds
[2026-06-07T08:20:42.141+0000] {processor.py:186} INFO - Started process (PID=527) to work on /home/airflow/.local/lib/python3.12/site-packages/airflow/example_dags/example_task_group_decorator.py
[2026-06-07T08:20:42.143+0000] {processor.py:914} INFO - Processing file /home/airflow/.local/lib/python3.12/site-packages/airflow/example_dags/example_task_group_decorator.py for tasks to queue
[2026-06-07T08:20:42.148+0000] {logging_mixin.py:190} INFO - [2026-06-07T08:20:42.148+0000] {dagbag.py:588} INFO - Filling up the DagBag from /home/airflow/.local/lib/python3.12/site-packages/airflow/example_dags/example_task_group_decorator.py
[2026-06-07T08:20:42.177+0000] {processor.py:925} INFO - DAG(s) 'example_task_group_decorator' retrieved from /home/airflow/.local/lib/python3.12/site-packages/airflow/example_dags/example_task_group_decorator.py
[2026-06-07T08:20:42.233+0000] {logging_mixin.py:190} INFO - [2026-06-07T08:20:42.232+0000] {dag.py:3239} INFO - Sync 1 DAGs
[2026-06-07T08:20:42.257+0000] {logging_mixin.py:190} INFO - [2026-06-07T08:20:42.256+0000] {dag.py:4180} INFO - Setting next_dagrun for example_task_group_decorator to None, run_after=None
[2026-06-07T08:20:42.291+0000] {processor.py:208} INFO - Processing /home/airflow/.local/lib/python3.12/site-packages/airflow/example_dags/example_task_group_decorator.py took 0.161 seconds
[2026-06-07T08:21:15.478+0000] {processor.py:186} INFO - Started process (PID=596) to work on /home/airflow/.local/lib/python3.12/site-packages/airflow/example_dags/example_task_group_decorator.py
[2026-06-07T08:21:15.480+0000] {processor.py:914} INFO - Processing file /home/airflow/.local/lib/python3.12/site-packages/airflow/example_dags/example_task_group_decorator.py for tasks to queue
[2026-06-07T08:21:15.488+0000] {logging_mixin.py:190} INFO - [2026-06-07T08:21:15.487+0000] {dagbag.py:588} INFO - Filling up the DagBag from /home/airflow/.local/lib/python3.12/site-packages/airflow/example_dags/example_task_group_decorator.py
[2026-06-07T08:21:15.541+0000] {processor.py:925} INFO - DAG(s) 'example_task_group_decorator' retrieved from /home/airflow/.local/lib/python3.12/site-packages/airflow/example_dags/example_task_group_decorator.py
[2026-06-07T08:21:15.699+0000] {logging_mixin.py:190} INFO - [2026-06-07T08:21:15.698+0000] {dag.py:3239} INFO - Sync 1 DAGs
[2026-06-07T08:21:15.760+0000] {logging_mixin.py:190} INFO - [2026-06-07T08:21:15.759+0000] {dag.py:4180} INFO - Setting next_dagrun for example_task_group_decorator to None, run_after=None
[2026-06-07T08:21:15.829+0000] {processor.py:208} INFO - Processing /home/airflow/.local/lib/python3.12/site-packages/airflow/example_dags/example_task_group_decorator.py took 0.365 seconds
[2026-06-07T08:21:53.873+0000] {processor.py:186} INFO - Started process (PID=658) to work on /home/airflow/.local/lib/python3.12/site-packages/airflow/example_dags/example_task_group_decorator.py
[2026-06-07T08:21:53.875+0000] {processor.py:914} INFO - Processing file /home/airflow/.local/lib/python3.12/site-packages/airflow/example_dags/example_task_group_decorator.py for tasks to queue
[2026-06-07T08:21:53.880+0000] {logging_mixin.py:190} INFO - [2026-06-07T08:21:53.880+0000] {dagbag.py:588} INFO - Filling up the DagBag from /home/airflow/.local/lib/python3.12/site-packages/airflow/example_dags/example_task_group_decorator.py
[2026-06-07T08:21:53.916+0000] {processor.py:925} INFO - DAG(s) 'example_task_group_decorator' retrieved from /home/airflow/.local/lib/python3.12/site-packages/airflow/example_dags/example_task_group_decorator.py
[2026-06-07T08:21:53.982+0000] {logging_mixin.py:190} INFO - [2026-06-07T08:21:53.982+0000] {dag.py:3239} INFO - Sync 1 DAGs
[2026-06-07T08:21:54.015+0000] {logging_mixin.py:190} INFO - [2026-06-07T08:21:54.015+0000] {dag.py:4180} INFO - Setting next_dagrun for example_task_group_decorator to None, run_after=None
[2026-06-07T08:21:54.054+0000] {processor.py:208} INFO - Processing /home/airflow/.local/lib/python3.12/site-packages/airflow/example_dags/example_task_group_decorator.py took 0.194 seconds
[2026-06-07T08:22:29.137+0000] {processor.py:186} INFO - Started process (PID=720) to work on /home/airflow/.local/lib/python3.12/site-packages/airflow/example_dags/example_task_group_decorator.py
[2026-06-07T08:22:29.140+0000] {processor.py:914} INFO - Processing file /home/airflow/.local/lib/python3.12/site-packages/airflow/example_dags/example_task_group_decorator.py for tasks to queue
[2026-06-07T08:22:29.147+0000] {logging_mixin.py:190} INFO - [2026-06-07T08:22:29.146+0000] {dagbag.py:588} INFO - Filling up the DagBag from /home/airflow/.local/lib/python3.12/site-packages/airflow/example_dags/example_task_group_decorator.py
[2026-06-07T08:22:29.191+0000] {processor.py:925} INFO - DAG(s) 'example_task_group_decorator' retrieved from /home/airflow/.local/lib/python3.12/site-packages/airflow/example_dags/example_task_group_decorator.py
[2026-06-07T08:22:29.258+0000] {logging_mixin.py:190} INFO - [2026-06-07T08:22:29.258+0000] {dag.py:3239} INFO - Sync 1 DAGs
[2026-06-07T08:22:29.316+0000] {logging_mixin.py:190} INFO - [2026-06-07T08:22:29.316+0000] {dag.py:4180} INFO - Setting next_dagrun for example_task_group_decorator to None, run_after=None
[2026-06-07T08:22:29.362+0000] {processor.py:208} INFO - Processing /home/airflow/.local/lib/python3.12/site-packages/airflow/example_dags/example_task_group_decorator.py took 0.241 seconds
[2026-06-07T08:23:04.205+0000] {processor.py:186} INFO - Started process (PID=781) to work on /home/airflow/.local/lib/python3.12/site-packages/airflow/example_dags/example_task_group_decorator.py
[2026-06-07T08:23:04.210+0000] {processor.py:914} INFO - Processing file /home/airflow/.local/lib/python3.12/site-packages/airflow/example_dags/example_task_group_decorator.py for tasks to queue
[2026-06-07T08:23:04.215+0000] {logging_mixin.py:190} INFO - [2026-06-07T08:23:04.214+0000] {dagbag.py:588} INFO - Filling up the DagBag from /home/airflow/.local/lib/python3.12/site-packages/airflow/example_dags/example_task_group_decorator.py
[2026-06-07T08:23:04.249+0000] {processor.py:925} INFO - DAG(s) 'example_task_group_decorator' retrieved from /home/airflow/.local/lib/python3.12/site-packages/airflow/example_dags/example_task_group_decorator.py
[2026-06-07T08:23:04.323+0000] {logging_mixin.py:190} INFO - [2026-06-07T08:23:04.322+0000] {dag.py:3239} INFO - Sync 1 DAGs
[2026-06-07T08:23:04.358+0000] {logging_mixin.py:190} INFO - [2026-06-07T08:23:04.357+0000] {dag.py:4180} INFO - Setting next_dagrun for example_task_group_decorator to None, run_after=None
[2026-06-07T08:23:04.419+0000] {processor.py:208} INFO - Processing /home/airflow/.local/lib/python3.12/site-packages/airflow/example_dags/example_task_group_decorator.py took 0.227 seconds
[2026-06-07T08:23:38.800+0000] {processor.py:186} INFO - Started process (PID=843) to work on /home/airflow/.local/lib/python3.12/site-packages/airflow/example_dags/example_task_group_decorator.py
[2026-06-07T08:23:38.810+0000] {processor.py:914} INFO - Processing file /home/airflow/.local/lib/python3.12/site-packages/airflow/example_dags/example_task_group_decorator.py for tasks to queue
[2026-06-07T08:23:38.819+0000] {logging_mixin.py:190} INFO - [2026-06-07T08:23:38.818+0000] {dagbag.py:588} INFO - Filling up the DagBag from /home/airflow/.local/lib/python3.12/site-packages/airflow/example_dags/example_task_group_decorator.py
[2026-06-07T08:23:38.877+0000] {processor.py:925} INFO - DAG(s) 'example_task_group_decorator' retrieved from /home/airflow/.local/lib/python3.12/site-packages/airflow/example_dags/example_task_group_decorator.py
[2026-06-07T08:23:38.956+0000] {logging_mixin.py:190} INFO - [2026-06-07T08:23:38.955+0000] {dag.py:3239} INFO - Sync 1 DAGs
[2026-06-07T08:23:38.993+0000] {logging_mixin.py:190} INFO - [2026-06-07T08:23:38.992+0000] {dag.py:4180} INFO - Setting next_dagrun for example_task_group_decorator to None, run_after=None
[2026-06-07T08:23:39.049+0000] {processor.py:208} INFO - Processing /home/airflow/.local/lib/python3.12/site-packages/airflow/example_dags/example_task_group_decorator.py took 0.272 seconds
[2026-06-07T08:24:15.827+0000] {processor.py:186} INFO - Started process (PID=909) to work on /home/airflow/.local/lib/python3.12/site-packages/airflow/example_dags/example_task_group_decorator.py
[2026-06-07T08:24:15.830+0000] {processor.py:914} INFO - Processing file /home/airflow/.local/lib/python3.12/site-packages/airflow/example_dags/example_task_group_decorator.py for tasks to queue
[2026-06-07T08:24:15.841+0000] {logging_mixin.py:190} INFO - [2026-06-07T08:24:15.840+0000] {dagbag.py:588} INFO - Filling up the DagBag from /home/airflow/.local/lib/python3.12/site-packages/airflow/example_dags/example_task_group_decorator.py
[2026-06-07T08:24:15.891+0000] {processor.py:925} INFO - DAG(s) 'example_task_group_decorator' retrieved from /home/airflow/.local/lib/python3.12/site-packages/airflow/example_dags/example_task_group_decorator.py
[2026-06-07T08:24:15.994+0000] {logging_mixin.py:190} INFO - [2026-06-07T08:24:15.994+0000] {dag.py:3239} INFO - Sync 1 DAGs
[2026-06-07T08:24:16.040+0000] {logging_mixin.py:190} INFO - [2026-06-07T08:24:16.040+0000] {dag.py:4180} INFO - Setting next_dagrun for example_task_group_decorator to None, run_after=None
[2026-06-07T08:24:16.111+0000] {processor.py:208} INFO - Processing /home/airflow/.local/lib/python3.12/site-packages/airflow/example_dags/example_task_group_decorator.py took 0.298 seconds
[2026-06-07T08:24:53.688+0000] {processor.py:186} INFO - Started process (PID=970) to work on /home/airflow/.local/lib/python3.12/site-packages/airflow/example_dags/example_task_group_decorator.py
[2026-06-07T08:24:53.690+0000] {processor.py:914} INFO - Processing file /home/airflow/.local/lib/python3.12/site-packages/airflow/example_dags/example_task_group_decorator.py for tasks to queue
[2026-06-07T08:24:53.697+0000] {logging_mixin.py:190} INFO - [2026-06-07T08:24:53.696+0000] {dagbag.py:588} INFO - Filling up the DagBag from /home/airflow/.local/lib/python3.12/site-packages/airflow/example_dags/example_task_group_decorator.py
[2026-06-07T08:24:53.738+0000] {processor.py:925} INFO - DAG(s) 'example_task_group_decorator' retrieved from /home/airflow/.local/lib/python3.12/site-packages/airflow/example_dags/example_task_group_decorator.py
[2026-06-07T08:24:53.815+0000] {logging_mixin.py:190} INFO - [2026-06-07T08:24:53.814+0000] {dag.py:3239} INFO - Sync 1 DAGs
[2026-06-07T08:24:53.854+0000] {logging_mixin.py:190} INFO - [2026-06-07T08:24:53.852+0000] {dag.py:4180} INFO - Setting next_dagrun for example_task_group_decorator to None, run_after=None
[2026-06-07T08:24:53.901+0000] {processor.py:208} INFO - Processing /home/airflow/.local/lib/python3.12/site-packages/airflow/example_dags/example_task_group_decorator.py took 0.225 seconds
[2026-06-07T08:25:26.639+0000] {processor.py:186} INFO - Started process (PID=1032) to work on /home/airflow/.local/lib/python3.12/site-packages/airflow/example_dags/example_task_group_decorator.py
[2026-06-07T08:25:26.642+0000] {processor.py:914} INFO - Processing file /home/airflow/.local/lib/python3.12/site-packages/airflow/example_dags/example_task_group_decorator.py for tasks to queue
[2026-06-07T08:25:26.647+0000] {logging_mixin.py:190} INFO - [2026-06-07T08:25:26.646+0000] {dagbag.py:588} INFO - Filling up the DagBag from /home/airflow/.local/lib/python3.12/site-packages/airflow/example_dags/example_task_group_decorator.py
[2026-06-07T08:25:26.679+0000] {processor.py:925} INFO - DAG(s) 'example_task_group_decorator' retrieved from /home/airflow/.local/lib/python3.12/site-packages/airflow/example_dags/example_task_group_decorator.py
[2026-06-07T08:25:26.742+0000] {logging_mixin.py:190} INFO - [2026-06-07T08:25:26.741+0000] {dag.py:3239} INFO - Sync 1 DAGs
[2026-06-07T08:25:26.773+0000] {logging_mixin.py:190} INFO - [2026-06-07T08:25:26.773+0000] {dag.py:4180} INFO - Setting next_dagrun for example_task_group_decorator to None, run_after=None
[2026-06-07T08:25:26.809+0000] {processor.py:208} INFO - Processing /home/airflow/.local/lib/python3.12/site-packages/airflow/example_dags/example_task_group_decorator.py took 0.182 seconds
[2026-06-07T08:26:03.737+0000] {processor.py:186} INFO - Started process (PID=1094) to work on /home/airflow/.local/lib/python3.12/site-packages/airflow/example_dags/example_task_group_decorator.py
[2026-06-07T08:26:03.740+0000] {processor.py:914} INFO - Processing file /home/airflow/.local/lib/python3.12/site-packages/airflow/example_dags/example_task_group_decorator.py for tasks to queue
[2026-06-07T08:26:03.746+0000] {logging_mixin.py:190} INFO - [2026-06-07T08:26:03.745+0000] {dagbag.py:588} INFO - Filling up the DagBag from /home/airflow/.local/lib/python3.12/site-packages/airflow/example_dags/example_task_group_decorator.py
[2026-06-07T08:26:03.782+0000] {processor.py:925} INFO - DAG(s) 'example_task_group_decorator' retrieved from /home/airflow/.local/lib/python3.12/site-packages/airflow/example_dags/example_task_group_decorator.py
[2026-06-07T08:26:03.847+0000] {logging_mixin.py:190} INFO - [2026-06-07T08:26:03.847+0000] {dag.py:3239} INFO - Sync 1 DAGs
[2026-06-07T08:26:03.877+0000] {logging_mixin.py:190} INFO - [2026-06-07T08:26:03.876+0000] {dag.py:4180} INFO - Setting next_dagrun for example_task_group_decorator to None, run_after=None
[2026-06-07T08:26:03.917+0000] {processor.py:208} INFO - Processing /home/airflow/.local/lib/python3.12/site-packages/airflow/example_dags/example_task_group_decorator.py took 0.193 seconds
[2026-06-07T08:26:38.428+0000] {processor.py:186} INFO - Started process (PID=1156) to work on /home/airflow/.local/lib/python3.12/site-packages/airflow/example_dags/example_task_group_decorator.py
[2026-06-07T08:26:38.430+0000] {processor.py:914} INFO - Processing file /home/airflow/.local/lib/python3.12/site-packages/airflow/example_dags/example_task_group_decorator.py for tasks to queue
[2026-06-07T08:26:38.434+0000] {logging_mixin.py:190} INFO - [2026-06-07T08:26:38.434+0000] {dagbag.py:588} INFO - Filling up the DagBag from /home/airflow/.local/lib/python3.12/site-packages/airflow/example_dags/example_task_group_decorator.py
[2026-06-07T08:26:38.457+0000] {processor.py:925} INFO - DAG(s) 'example_task_group_decorator' retrieved from /home/airflow/.local/lib/python3.12/site-packages/airflow/example_dags/example_task_group_decorator.py
[2026-06-07T08:26:38.499+0000] {logging_mixin.py:190} INFO - [2026-06-07T08:26:38.499+0000] {dag.py:3239} INFO - Sync 1 DAGs
[2026-06-07T08:26:38.528+0000] {logging_mixin.py:190} INFO - [2026-06-07T08:26:38.527+0000] {dag.py:4180} INFO - Setting next_dagrun for example_task_group_decorator to None, run_after=None
[2026-06-07T08:26:38.560+0000] {processor.py:208} INFO - Processing /home/airflow/.local/lib/python3.12/site-packages/airflow/example_dags/example_task_group_decorator.py took 0.141 seconds
[2026-06-07T08:27:15.194+0000] {processor.py:186} INFO - Started process (PID=1223) to work on /home/airflow/.local/lib/python3.12/site-packages/airflow/example_dags/example_task_group_decorator.py
[2026-06-07T08:27:15.197+0000] {processor.py:914} INFO - Processing file /home/airflow/.local/lib/python3.12/site-packages/airflow/example_dags/example_task_group_decorator.py for tasks to queue
[2026-06-07T08:27:15.202+0000] {logging_mixin.py:190} INFO - [2026-06-07T08:27:15.202+0000] {dagbag.py:588} INFO - Filling up the DagBag from /home/airflow/.local/lib/python3.12/site-packages/airflow/example_dags/example_task_group_decorator.py
[2026-06-07T08:27:15.242+0000] {processor.py:925} INFO - DAG(s) 'example_task_group_decorator' retrieved from /home/airflow/.local/lib/python3.12/site-packages/airflow/example_dags/example_task_group_decorator.py
[2026-06-07T08:27:15.315+0000] {logging_mixin.py:190} INFO - [2026-06-07T08:27:15.315+0000] {dag.py:3239} INFO - Sync 1 DAGs
[2026-06-07T08:27:15.345+0000] {logging_mixin.py:190} INFO - [2026-06-07T08:27:15.344+0000] {dag.py:4180} INFO - Setting next_dagrun for example_task_group_decorator to None, run_after=None
[2026-06-07T08:27:15.382+0000] {processor.py:208} INFO - Processing /home/airflow/.local/lib/python3.12/site-packages/airflow/example_dags/example_task_group_decorator.py took 0.201 seconds
[2026-06-07T08:27:51.568+0000] {processor.py:186} INFO - Started process (PID=1273) to work on /home/airflow/.local/lib/python3.12/site-packages/airflow/example_dags/example_task_group_decorator.py
[2026-06-07T08:27:51.570+0000] {processor.py:914} INFO - Processing file /home/airflow/.local/lib/python3.12/site-packages/airflow/example_dags/example_task_group_decorator.py for tasks to queue
[2026-06-07T08:27:51.574+0000] {logging_mixin.py:190} INFO - [2026-06-07T08:27:51.574+0000] {dagbag.py:588} INFO - Filling up the DagBag from /home/airflow/.local/lib/python3.12/site-packages/airflow/example_dags/example_task_group_decorator.py
[2026-06-07T08:27:51.597+0000] {processor.py:925} INFO - DAG(s) 'example_task_group_decorator' retrieved from /home/airflow/.local/lib/python3.12/site-packages/airflow/example_dags/example_task_group_decorator.py
[2026-06-07T08:27:51.641+0000] {logging_mixin.py:190} INFO - [2026-06-07T08:27:51.641+0000] {dag.py:3239} INFO - Sync 1 DAGs
[2026-06-07T08:27:51.663+0000] {logging_mixin.py:190} INFO - [2026-06-07T08:27:51.663+0000] {dag.py:4180} INFO - Setting next_dagrun for example_task_group_decorator to None, run_after=None
[2026-06-07T08:27:51.693+0000] {processor.py:208} INFO - Processing /home/airflow/.local/lib/python3.12/site-packages/airflow/example_dags/example_task_group_decorator.py took 0.133 seconds
[2026-06-07T08:28:31.956+0000] {processor.py:186} INFO - Started process (PID=1336) to work on /home/airflow/.local/lib/python3.12/site-packages/airflow/example_dags/example_task_group_decorator.py
[2026-06-07T08:28:31.960+0000] {processor.py:914} INFO - Processing file /home/airflow/.local/lib/python3.12/site-packages/airflow/example_dags/example_task_group_decorator.py for tasks to queue
[2026-06-07T08:28:31.970+0000] {logging_mixin.py:190} INFO - [2026-06-07T08:28:31.967+0000] {dagbag.py:588} INFO - Filling up the DagBag from /home/airflow/.local/lib/python3.12/site-packages/airflow/example_dags/example_task_group_decorator.py
[2026-06-07T08:28:32.006+0000] {processor.py:925} INFO - DAG(s) 'example_task_group_decorator' retrieved from /home/airflow/.local/lib/python3.12/site-packages/airflow/example_dags/example_task_group_decorator.py
[2026-06-07T08:28:32.089+0000] {logging_mixin.py:190} INFO - [2026-06-07T08:28:32.088+0000] {dag.py:3239} INFO - Sync 1 DAGs
[2026-06-07T08:28:32.135+0000] {logging_mixin.py:190} INFO - [2026-06-07T08:28:32.134+0000] {dag.py:4180} INFO - Setting next_dagrun for example_task_group_decorator to None, run_after=None
[2026-06-07T08:28:32.190+0000] {processor.py:208} INFO - Processing /home/airflow/.local/lib/python3.12/site-packages/airflow/example_dags/example_task_group_decorator.py took 0.259 seconds
[2026-06-07T08:29:05.008+0000] {processor.py:186} INFO - Started process (PID=1398) to work on /home/airflow/.local/lib/python3.12/site-packages/airflow/example_dags/example_task_group_decorator.py
[2026-06-07T08:29:05.010+0000] {processor.py:914} INFO - Processing file /home/airflow/.local/lib/python3.12/site-packages/airflow/example_dags/example_task_group_decorator.py for tasks to queue
[2026-06-07T08:29:05.015+0000] {logging_mixin.py:190} INFO - [2026-06-07T08:29:05.014+0000] {dagbag.py:588} INFO - Filling up the DagBag from /home/airflow/.local/lib/python3.12/site-packages/airflow/example_dags/example_task_group_decorator.py
[2026-06-07T08:29:05.042+0000] {processor.py:925} INFO - DAG(s) 'example_task_group_decorator' retrieved from /home/airflow/.local/lib/python3.12/site-packages/airflow/example_dags/example_task_group_decorator.py
[2026-06-07T08:29:05.100+0000] {logging_mixin.py:190} INFO - [2026-06-07T08:29:05.100+0000] {dag.py:3239} INFO - Sync 1 DAGs
[2026-06-07T08:29:05.125+0000] {logging_mixin.py:190} INFO - [2026-06-07T08:29:05.125+0000] {dag.py:4180} INFO - Setting next_dagrun for example_task_group_decorator to None, run_after=None
[2026-06-07T08:29:05.164+0000] {processor.py:208} INFO - Processing /home/airflow/.local/lib/python3.12/site-packages/airflow/example_dags/example_task_group_decorator.py took 0.167 seconds
[2026-06-07T08:39:26.494+0000] {processor.py:186} INFO - Started process (PID=93) to work on /home/airflow/.local/lib/python3.12/site-packages/airflow/example_dags/example_task_group_decorator.py
[2026-06-07T08:39:26.498+0000] {processor.py:914} INFO - Processing file /home/airflow/.local/lib/python3.12/site-packages/airflow/example_dags/example_task_group_decorator.py for tasks to queue
[2026-06-07T08:39:26.528+0000] {logging_mixin.py:190} INFO - [2026-06-07T08:39:26.527+0000] {dagbag.py:588} INFO - Filling up the DagBag from /home/airflow/.local/lib/python3.12/site-packages/airflow/example_dags/example_task_group_decorator.py
[2026-06-07T08:39:26.575+0000] {processor.py:925} INFO - DAG(s) 'example_task_group_decorator' retrieved from /home/airflow/.local/lib/python3.12/site-packages/airflow/example_dags/example_task_group_decorator.py
[2026-06-07T08:39:26.700+0000] {logging_mixin.py:190} INFO - [2026-06-07T08:39:26.699+0000] {dag.py:3239} INFO - Sync 1 DAGs
[2026-06-07T08:39:26.756+0000] {logging_mixin.py:190} INFO - [2026-06-07T08:39:26.755+0000] {dag.py:4180} INFO - Setting next_dagrun for example_task_group_decorator to None, run_after=None
[2026-06-07T08:39:26.852+0000] {processor.py:208} INFO - Processing /home/airflow/.local/lib/python3.12/site-packages/airflow/example_dags/example_task_group_decorator.py took 0.393 seconds
[2026-06-07T08:40:18.184+0000] {processor.py:186} INFO - Started process (PID=156) to work on /home/airflow/.local/lib/python3.12/site-packages/airflow/example_dags/example_task_group_decorator.py
[2026-06-07T08:40:18.187+0000] {processor.py:914} INFO - Processing file /home/airflow/.local/lib/python3.12/site-packages/airflow/example_dags/example_task_group_decorator.py for tasks to queue
[2026-06-07T08:40:18.204+0000] {logging_mixin.py:190} INFO - [2026-06-07T08:40:18.203+0000] {dagbag.py:588} INFO - Filling up the DagBag from /home/airflow/.local/lib/python3.12/site-packages/airflow/example_dags/example_task_group_decorator.py
[2026-06-07T08:40:18.268+0000] {processor.py:925} INFO - DAG(s) 'example_task_group_decorator' retrieved from /home/airflow/.local/lib/python3.12/site-packages/airflow/example_dags/example_task_group_decorator.py
[2026-06-07T08:40:18.346+0000] {logging_mixin.py:190} INFO - [2026-06-07T08:40:18.345+0000] {dag.py:3239} INFO - Sync 1 DAGs
[2026-06-07T08:40:18.384+0000] {logging_mixin.py:190} INFO - [2026-06-07T08:40:18.384+0000] {dag.py:4180} INFO - Setting next_dagrun for example_task_group_decorator to None, run_after=None
[2026-06-07T08:40:18.436+0000] {processor.py:208} INFO - Processing /home/airflow/.local/lib/python3.12/site-packages/airflow/example_dags/example_task_group_decorator.py took 0.270 seconds
[2026-06-07T08:40:58.786+0000] {processor.py:186} INFO - Started process (PID=215) to work on /home/airflow/.local/lib/python3.12/site-packages/airflow/example_dags/example_task_group_decorator.py
[2026-06-07T08:40:58.788+0000] {processor.py:914} INFO - Processing file /home/airflow/.local/lib/python3.12/site-packages/airflow/example_dags/example_task_group_decorator.py for tasks to queue
[2026-06-07T08:40:58.794+0000] {logging_mixin.py:190} INFO - [2026-06-07T08:40:58.793+0000] {dagbag.py:588} INFO - Filling up the DagBag from /home/airflow/.local/lib/python3.12/site-packages/airflow/example_dags/example_task_group_decorator.py
[2026-06-07T08:40:58.832+0000] {processor.py:925} INFO - DAG(s) 'example_task_group_decorator' retrieved from /home/airflow/.local/lib/python3.12/site-packages/airflow/example_dags/example_task_group_decorator.py
[2026-06-07T08:40:58.925+0000] {logging_mixin.py:190} INFO - [2026-06-07T08:40:58.924+0000] {dag.py:3239} INFO - Sync 1 DAGs
[2026-06-07T08:40:58.970+0000] {logging_mixin.py:190} INFO - [2026-06-07T08:40:58.970+0000] {dag.py:4180} INFO - Setting next_dagrun for example_task_group_decorator to None, run_after=None
[2026-06-07T08:40:59.027+0000] {processor.py:208} INFO - Processing /home/airflow/.local/lib/python3.12/site-packages/airflow/example_dags/example_task_group_decorator.py took 0.250 seconds
[2026-06-07T08:41:33.479+0000] {processor.py:186} INFO - Started process (PID=277) to work on /home/airflow/.local/lib/python3.12/site-packages/airflow/example_dags/example_task_group_decorator.py
[2026-06-07T08:41:33.488+0000] {processor.py:914} INFO - Processing file /home/airflow/.local/lib/python3.12/site-packages/airflow/example_dags/example_task_group_decorator.py for tasks to queue
[2026-06-07T08:41:33.499+0000] {logging_mixin.py:190} INFO - [2026-06-07T08:41:33.498+0000] {dagbag.py:588} INFO - Filling up the DagBag from /home/airflow/.local/lib/python3.12/site-packages/airflow/example_dags/example_task_group_decorator.py
[2026-06-07T08:41:33.551+0000] {processor.py:925} INFO - DAG(s) 'example_task_group_decorator' retrieved from /home/airflow/.local/lib/python3.12/site-packages/airflow/example_dags/example_task_group_decorator.py
[2026-06-07T08:41:33.679+0000] {logging_mixin.py:190} INFO - [2026-06-07T08:41:33.678+0000] {dag.py:3239} INFO - Sync 1 DAGs
[2026-06-07T08:41:33.731+0000] {logging_mixin.py:190} INFO - [2026-06-07T08:41:33.731+0000] {dag.py:4180} INFO - Setting next_dagrun for example_task_group_decorator to None, run_after=None
[2026-06-07T08:41:33.798+0000] {processor.py:208} INFO - Processing /home/airflow/.local/lib/python3.12/site-packages/airflow/example_dags/example_task_group_decorator.py took 0.336 seconds
[2026-06-07T08:42:06.571+0000] {processor.py:186} INFO - Started process (PID=339) to work on /home/airflow/.local/lib/python3.12/site-packages/airflow/example_dags/example_task_group_decorator.py
[2026-06-07T08:42:06.577+0000] {processor.py:914} INFO - Processing file /home/airflow/.local/lib/python3.12/site-packages/airflow/example_dags/example_task_group_decorator.py for tasks to queue
[2026-06-07T08:42:06.589+0000] {logging_mixin.py:190} INFO - [2026-06-07T08:42:06.588+0000] {dagbag.py:588} INFO - Filling up the DagBag from /home/airflow/.local/lib/python3.12/site-packages/airflow/example_dags/example_task_group_decorator.py
[2026-06-07T08:42:06.700+0000] {processor.py:925} INFO - DAG(s) 'example_task_group_decorator' retrieved from /home/airflow/.local/lib/python3.12/site-packages/airflow/example_dags/example_task_group_decorator.py
[2026-06-07T08:42:06.920+0000] {logging_mixin.py:190} INFO - [2026-06-07T08:42:06.920+0000] {dag.py:3239} INFO - Sync 1 DAGs
[2026-06-07T08:42:06.970+0000] {logging_mixin.py:190} INFO - [2026-06-07T08:42:06.969+0000] {dag.py:4180} INFO - Setting next_dagrun for example_task_group_decorator to None, run_after=None
[2026-06-07T08:42:07.079+0000] {processor.py:208} INFO - Processing /home/airflow/.local/lib/python3.12/site-packages/airflow/example_dags/example_task_group_decorator.py took 0.525 seconds
[2026-06-07T08:42:47.619+0000] {processor.py:186} INFO - Started process (PID=401) to work on /home/airflow/.local/lib/python3.12/site-packages/airflow/example_dags/example_task_group_decorator.py
[2026-06-07T08:42:47.622+0000] {processor.py:914} INFO - Processing file /home/airflow/.local/lib/python3.12/site-packages/airflow/example_dags/example_task_group_decorator.py for tasks to queue
[2026-06-07T08:42:47.633+0000] {logging_mixin.py:190} INFO - [2026-06-07T08:42:47.632+0000] {dagbag.py:588} INFO - Filling up the DagBag from /home/airflow/.local/lib/python3.12/site-packages/airflow/example_dags/example_task_group_decorator.py
[2026-06-07T08:42:47.684+0000] {processor.py:925} INFO - DAG(s) 'example_task_group_decorator' retrieved from /home/airflow/.local/lib/python3.12/site-packages/airflow/example_dags/example_task_group_decorator.py
[2026-06-07T08:42:47.844+0000] {logging_mixin.py:190} INFO - [2026-06-07T08:42:47.843+0000] {dag.py:3239} INFO - Sync 1 DAGs
[2026-06-07T08:42:47.884+0000] {logging_mixin.py:190} INFO - [2026-06-07T08:42:47.883+0000] {dag.py:4180} INFO - Setting next_dagrun for example_task_group_decorator to None, run_after=None
[2026-06-07T08:42:47.939+0000] {processor.py:208} INFO - Processing /home/airflow/.local/lib/python3.12/site-packages/airflow/example_dags/example_task_group_decorator.py took 0.334 seconds
[2026-06-07T08:43:23.366+0000] {processor.py:186} INFO - Started process (PID=456) to work on /home/airflow/.local/lib/python3.12/site-packages/airflow/example_dags/example_task_group_decorator.py
[2026-06-07T08:43:23.369+0000] {processor.py:914} INFO - Processing file /home/airflow/.local/lib/python3.12/site-packages/airflow/example_dags/example_task_group_decorator.py for tasks to queue
[2026-06-07T08:43:23.375+0000] {logging_mixin.py:190} INFO - [2026-06-07T08:43:23.374+0000] {dagbag.py:588} INFO - Filling up the DagBag from /home/airflow/.local/lib/python3.12/site-packages/airflow/example_dags/example_task_group_decorator.py
[2026-06-07T08:43:23.410+0000] {processor.py:925} INFO - DAG(s) 'example_task_group_decorator' retrieved from /home/airflow/.local/lib/python3.12/site-packages/airflow/example_dags/example_task_group_decorator.py
[2026-06-07T08:43:23.468+0000] {logging_mixin.py:190} INFO - [2026-06-07T08:43:23.468+0000] {dag.py:3239} INFO - Sync 1 DAGs
[2026-06-07T08:43:23.496+0000] {logging_mixin.py:190} INFO - [2026-06-07T08:43:23.495+0000] {dag.py:4180} INFO - Setting next_dagrun for example_task_group_decorator to None, run_after=None
[2026-06-07T08:43:23.533+0000] {processor.py:208} INFO - Processing /home/airflow/.local/lib/python3.12/site-packages/airflow/example_dags/example_task_group_decorator.py took 0.190 seconds
[2026-06-07T08:43:59.858+0000] {processor.py:186} INFO - Started process (PID=518) to work on /home/airflow/.local/lib/python3.12/site-packages/airflow/example_dags/example_task_group_decorator.py
[2026-06-07T08:43:59.864+0000] {processor.py:914} INFO - Processing file /home/airflow/.local/lib/python3.12/site-packages/airflow/example_dags/example_task_group_decorator.py for tasks to queue
[2026-06-07T08:43:59.874+0000] {logging_mixin.py:190} INFO - [2026-06-07T08:43:59.873+0000] {dagbag.py:588} INFO - Filling up the DagBag from /home/airflow/.local/lib/python3.12/site-packages/airflow/example_dags/example_task_group_decorator.py
[2026-06-07T08:43:59.939+0000] {processor.py:925} INFO - DAG(s) 'example_task_group_decorator' retrieved from /home/airflow/.local/lib/python3.12/site-packages/airflow/example_dags/example_task_group_decorator.py
[2026-06-07T08:44:00.024+0000] {logging_mixin.py:190} INFO - [2026-06-07T08:44:00.024+0000] {dag.py:3239} INFO - Sync 1 DAGs
[2026-06-07T08:44:00.061+0000] {logging_mixin.py:190} INFO - [2026-06-07T08:44:00.060+0000] {dag.py:4180} INFO - Setting next_dagrun for example_task_group_decorator to None, run_after=None
[2026-06-07T08:44:00.103+0000] {processor.py:208} INFO - Processing /home/airflow/.local/lib/python3.12/site-packages/airflow/example_dags/example_task_group_decorator.py took 0.261 seconds
[2026-06-07T08:44:36.311+0000] {processor.py:186} INFO - Started process (PID=576) to work on /home/airflow/.local/lib/python3.12/site-packages/airflow/example_dags/example_task_group_decorator.py
[2026-06-07T08:44:36.313+0000] {processor.py:914} INFO - Processing file /home/airflow/.local/lib/python3.12/site-packages/airflow/example_dags/example_task_group_decorator.py for tasks to queue
[2026-06-07T08:44:36.324+0000] {logging_mixin.py:190} INFO - [2026-06-07T08:44:36.323+0000] {dagbag.py:588} INFO - Filling up the DagBag from /home/airflow/.local/lib/python3.12/site-packages/airflow/example_dags/example_task_group_decorator.py
[2026-06-07T08:44:36.354+0000] {processor.py:925} INFO - DAG(s) 'example_task_group_decorator' retrieved from /home/airflow/.local/lib/python3.12/site-packages/airflow/example_dags/example_task_group_decorator.py
[2026-06-07T08:44:36.426+0000] {logging_mixin.py:190} INFO - [2026-06-07T08:44:36.425+0000] {dag.py:3239} INFO - Sync 1 DAGs
[2026-06-07T08:44:36.454+0000] {logging_mixin.py:190} INFO - [2026-06-07T08:44:36.454+0000] {dag.py:4180} INFO - Setting next_dagrun for example_task_group_decorator to None, run_after=None
[2026-06-07T08:44:36.493+0000] {processor.py:208} INFO - Processing /home/airflow/.local/lib/python3.12/site-packages/airflow/example_dags/example_task_group_decorator.py took 0.198 seconds
[2026-06-07T08:45:14.258+0000] {processor.py:186} INFO - Started process (PID=637) to work on /home/airflow/.local/lib/python3.12/site-packages/airflow/example_dags/example_task_group_decorator.py
[2026-06-07T08:45:14.260+0000] {processor.py:914} INFO - Processing file /home/airflow/.local/lib/python3.12/site-packages/airflow/example_dags/example_task_group_decorator.py for tasks to queue
[2026-06-07T08:45:14.268+0000] {logging_mixin.py:190} INFO - [2026-06-07T08:45:14.267+0000] {dagbag.py:588} INFO - Filling up the DagBag from /home/airflow/.local/lib/python3.12/site-packages/airflow/example_dags/example_task_group_decorator.py
[2026-06-07T08:45:14.306+0000] {processor.py:925} INFO - DAG(s) 'example_task_group_decorator' retrieved from /home/airflow/.local/lib/python3.12/site-packages/airflow/example_dags/example_task_group_decorator.py
[2026-06-07T08:45:14.367+0000] {logging_mixin.py:190} INFO - [2026-06-07T08:45:14.366+0000] {dag.py:3239} INFO - Sync 1 DAGs
[2026-06-07T08:45:14.405+0000] {logging_mixin.py:190} INFO - [2026-06-07T08:45:14.405+0000] {dag.py:4180} INFO - Setting next_dagrun for example_task_group_decorator to None, run_after=None
[2026-06-07T08:45:14.446+0000] {processor.py:208} INFO - Processing /home/airflow/.local/lib/python3.12/site-packages/airflow/example_dags/example_task_group_decorator.py took 0.200 seconds
[2026-06-07T08:45:55.309+0000] {processor.py:186} INFO - Started process (PID=706) to work on /home/airflow/.local/lib/python3.12/site-packages/airflow/example_dags/example_task_group_decorator.py
[2026-06-07T08:45:55.311+0000] {processor.py:914} INFO - Processing file /home/airflow/.local/lib/python3.12/site-packages/airflow/example_dags/example_task_group_decorator.py for tasks to queue
[2026-06-07T08:45:55.316+0000] {logging_mixin.py:190} INFO - [2026-06-07T08:45:55.316+0000] {dagbag.py:588} INFO - Filling up the DagBag from /home/airflow/.local/lib/python3.12/site-packages/airflow/example_dags/example_task_group_decorator.py
[2026-06-07T08:45:55.347+0000] {processor.py:925} INFO - DAG(s) 'example_task_group_decorator' retrieved from /home/airflow/.local/lib/python3.12/site-packages/airflow/example_dags/example_task_group_decorator.py
[2026-06-07T08:45:55.399+0000] {logging_mixin.py:190} INFO - [2026-06-07T08:45:55.399+0000] {dag.py:3239} INFO - Sync 1 DAGs
[2026-06-07T08:45:55.428+0000] {logging_mixin.py:190} INFO - [2026-06-07T08:45:55.428+0000] {dag.py:4180} INFO - Setting next_dagrun for example_task_group_decorator to None, run_after=None
[2026-06-07T08:45:55.462+0000] {processor.py:208} INFO - Processing /home/airflow/.local/lib/python3.12/site-packages/airflow/example_dags/example_task_group_decorator.py took 0.164 seconds
[2026-06-07T08:46:35.882+0000] {processor.py:186} INFO - Started process (PID=772) to work on /home/airflow/.local/lib/python3.12/site-packages/airflow/example_dags/example_task_group_decorator.py
[2026-06-07T08:46:35.884+0000] {processor.py:914} INFO - Processing file /home/airflow/.local/lib/python3.12/site-packages/airflow/example_dags/example_task_group_decorator.py for tasks to queue
[2026-06-07T08:46:35.888+0000] {logging_mixin.py:190} INFO - [2026-06-07T08:46:35.888+0000] {dagbag.py:588} INFO - Filling up the DagBag from /home/airflow/.local/lib/python3.12/site-packages/airflow/example_dags/example_task_group_decorator.py
[2026-06-07T08:46:35.923+0000] {processor.py:925} INFO - DAG(s) 'example_task_group_decorator' retrieved from /home/airflow/.local/lib/python3.12/site-packages/airflow/example_dags/example_task_group_decorator.py
[2026-06-07T08:46:35.992+0000] {logging_mixin.py:190} INFO - [2026-06-07T08:46:35.992+0000] {dag.py:3239} INFO - Sync 1 DAGs
[2026-06-07T08:46:36.031+0000] {logging_mixin.py:190} INFO - [2026-06-07T08:46:36.031+0000] {dag.py:4180} INFO - Setting next_dagrun for example_task_group_decorator to None, run_after=None
[2026-06-07T08:46:36.067+0000] {processor.py:208} INFO - Processing /home/airflow/.local/lib/python3.12/site-packages/airflow/example_dags/example_task_group_decorator.py took 0.196 seconds
[2026-06-07T08:47:21.764+0000] {processor.py:186} INFO - Started process (PID=834) to work on /home/airflow/.local/lib/python3.12/site-packages/airflow/example_dags/example_task_group_decorator.py
[2026-06-07T08:47:21.766+0000] {processor.py:914} INFO - Processing file /home/airflow/.local/lib/python3.12/site-packages/airflow/example_dags/example_task_group_decorator.py for tasks to queue
[2026-06-07T08:47:21.771+0000] {logging_mixin.py:190} INFO - [2026-06-07T08:47:21.771+0000] {dagbag.py:588} INFO - Filling up the DagBag from /home/airflow/.local/lib/python3.12/site-packages/airflow/example_dags/example_task_group_decorator.py
[2026-06-07T08:47:21.804+0000] {processor.py:925} INFO - DAG(s) 'example_task_group_decorator' retrieved from /home/airflow/.local/lib/python3.12/site-packages/airflow/example_dags/example_task_group_decorator.py
[2026-06-07T08:47:21.871+0000] {logging_mixin.py:190} INFO - [2026-06-07T08:47:21.870+0000] {dag.py:3239} INFO - Sync 1 DAGs
[2026-06-07T08:47:21.897+0000] {logging_mixin.py:190} INFO - [2026-06-07T08:47:21.896+0000] {dag.py:4180} INFO - Setting next_dagrun for example_task_group_decorator to None, run_after=None
[2026-06-07T08:47:21.932+0000] {processor.py:208} INFO - Processing /home/airflow/.local/lib/python3.12/site-packages/airflow/example_dags/example_task_group_decorator.py took 0.181 seconds
[2026-06-07T08:48:09.387+0000] {processor.py:186} INFO - Started process (PID=903) to work on /home/airflow/.local/lib/python3.12/site-packages/airflow/example_dags/example_task_group_decorator.py
[2026-06-07T08:48:09.390+0000] {processor.py:914} INFO - Processing file /home/airflow/.local/lib/python3.12/site-packages/airflow/example_dags/example_task_group_decorator.py for tasks to queue
[2026-06-07T08:48:09.397+0000] {logging_mixin.py:190} INFO - [2026-06-07T08:48:09.396+0000] {dagbag.py:588} INFO - Filling up the DagBag from /home/airflow/.local/lib/python3.12/site-packages/airflow/example_dags/example_task_group_decorator.py
[2026-06-07T08:48:09.436+0000] {processor.py:925} INFO - DAG(s) 'example_task_group_decorator' retrieved from /home/airflow/.local/lib/python3.12/site-packages/airflow/example_dags/example_task_group_decorator.py
[2026-06-07T08:48:09.541+0000] {logging_mixin.py:190} INFO - [2026-06-07T08:48:09.541+0000] {dag.py:3239} INFO - Sync 1 DAGs
[2026-06-07T08:48:09.594+0000] {logging_mixin.py:190} INFO - [2026-06-07T08:48:09.593+0000] {dag.py:4180} INFO - Setting next_dagrun for example_task_group_decorator to None, run_after=None
[2026-06-07T08:48:09.657+0000] {processor.py:208} INFO - Processing /home/airflow/.local/lib/python3.12/site-packages/airflow/example_dags/example_task_group_decorator.py took 0.283 seconds
[2026-06-07T08:48:53.612+0000] {processor.py:186} INFO - Started process (PID=974) to work on /home/airflow/.local/lib/python3.12/site-packages/airflow/example_dags/example_task_group_decorator.py
[2026-06-07T08:48:53.615+0000] {processor.py:914} INFO - Processing file /home/airflow/.local/lib/python3.12/site-packages/airflow/example_dags/example_task_group_decorator.py for tasks to queue
[2026-06-07T08:48:53.623+0000] {logging_mixin.py:190} INFO - [2026-06-07T08:48:53.622+0000] {dagbag.py:588} INFO - Filling up the DagBag from /home/airflow/.local/lib/python3.12/site-packages/airflow/example_dags/example_task_group_decorator.py
[2026-06-07T08:48:53.663+0000] {processor.py:925} INFO - DAG(s) 'example_task_group_decorator' retrieved from /home/airflow/.local/lib/python3.12/site-packages/airflow/example_dags/example_task_group_decorator.py
[2026-06-07T08:48:53.748+0000] {logging_mixin.py:190} INFO - [2026-06-07T08:48:53.747+0000] {dag.py:3239} INFO - Sync 1 DAGs
[2026-06-07T08:48:53.789+0000] {logging_mixin.py:190} INFO - [2026-06-07T08:48:53.788+0000] {dag.py:4180} INFO - Setting next_dagrun for example_task_group_decorator to None, run_after=None
[2026-06-07T08:48:53.834+0000] {processor.py:208} INFO - Processing /home/airflow/.local/lib/python3.12/site-packages/airflow/example_dags/example_task_group_decorator.py took 0.233 seconds
[2026-06-07T08:49:39.881+0000] {processor.py:186} INFO - Started process (PID=1042) to work on /home/airflow/.local/lib/python3.12/site-packages/airflow/example_dags/example_task_group_decorator.py
[2026-06-07T08:49:39.886+0000] {processor.py:914} INFO - Processing file /home/airflow/.local/lib/python3.12/site-packages/airflow/example_dags/example_task_group_decorator.py for tasks to queue
[2026-06-07T08:49:39.908+0000] {logging_mixin.py:190} INFO - [2026-06-07T08:49:39.907+0000] {dagbag.py:588} INFO - Filling up the DagBag from /home/airflow/.local/lib/python3.12/site-packages/airflow/example_dags/example_task_group_decorator.py
[2026-06-07T08:49:39.985+0000] {processor.py:925} INFO - DAG(s) 'example_task_group_decorator' retrieved from /home/airflow/.local/lib/python3.12/site-packages/airflow/example_dags/example_task_group_decorator.py
[2026-06-07T08:49:40.093+0000] {logging_mixin.py:190} INFO - [2026-06-07T08:49:40.092+0000] {dag.py:3239} INFO - Sync 1 DAGs
[2026-06-07T08:49:40.135+0000] {logging_mixin.py:190} INFO - [2026-06-07T08:49:40.134+0000] {dag.py:4180} INFO - Setting next_dagrun for example_task_group_decorator to None, run_after=None
[2026-06-07T08:49:40.182+0000] {processor.py:208} INFO - Processing /home/airflow/.local/lib/python3.12/site-packages/airflow/example_dags/example_task_group_decorator.py took 0.318 seconds
[2026-06-07T08:50:20.405+0000] {processor.py:186} INFO - Started process (PID=1105) to work on /home/airflow/.local/lib/python3.12/site-packages/airflow/example_dags/example_task_group_decorator.py
[2026-06-07T08:50:20.407+0000] {processor.py:914} INFO - Processing file /home/airflow/.local/lib/python3.12/site-packages/airflow/example_dags/example_task_group_decorator.py for tasks to queue
[2026-06-07T08:50:20.414+0000] {logging_mixin.py:190} INFO - [2026-06-07T08:50:20.413+0000] {dagbag.py:588} INFO - Filling up the DagBag from /home/airflow/.local/lib/python3.12/site-packages/airflow/example_dags/example_task_group_decorator.py
[2026-06-07T08:50:20.447+0000] {processor.py:925} INFO - DAG(s) 'example_task_group_decorator' retrieved from /home/airflow/.local/lib/python3.12/site-packages/airflow/example_dags/example_task_group_decorator.py
[2026-06-07T08:50:20.516+0000] {logging_mixin.py:190} INFO - [2026-06-07T08:50:20.516+0000] {dag.py:3239} INFO - Sync 1 DAGs
[2026-06-07T08:50:20.554+0000] {logging_mixin.py:190} INFO - [2026-06-07T08:50:20.553+0000] {dag.py:4180} INFO - Setting next_dagrun for example_task_group_decorator to None, run_after=None
[2026-06-07T08:50:20.597+0000] {processor.py:208} INFO - Processing /home/airflow/.local/lib/python3.12/site-packages/airflow/example_dags/example_task_group_decorator.py took 0.203 seconds
[2026-06-07T08:50:57.032+0000] {processor.py:186} INFO - Started process (PID=1173) to work on /home/airflow/.local/lib/python3.12/site-packages/airflow/example_dags/example_task_group_decorator.py
[2026-06-07T08:50:57.035+0000] {processor.py:914} INFO - Processing file /home/airflow/.local/lib/python3.12/site-packages/airflow/example_dags/example_task_group_decorator.py for tasks to queue
[2026-06-07T08:50:57.047+0000] {logging_mixin.py:190} INFO - [2026-06-07T08:50:57.046+0000] {dagbag.py:588} INFO - Filling up the DagBag from /home/airflow/.local/lib/python3.12/site-packages/airflow/example_dags/example_task_group_decorator.py
[2026-06-07T08:50:57.091+0000] {processor.py:925} INFO - DAG(s) 'example_task_group_decorator' retrieved from /home/airflow/.local/lib/python3.12/site-packages/airflow/example_dags/example_task_group_decorator.py
[2026-06-07T08:50:57.170+0000] {logging_mixin.py:190} INFO - [2026-06-07T08:50:57.168+0000] {dag.py:3239} INFO - Sync 1 DAGs
[2026-06-07T08:50:57.203+0000] {logging_mixin.py:190} INFO - [2026-06-07T08:50:57.202+0000] {dag.py:4180} INFO - Setting next_dagrun for example_task_group_decorator to None, run_after=None
[2026-06-07T08:50:57.244+0000] {processor.py:208} INFO - Processing /home/airflow/.local/lib/python3.12/site-packages/airflow/example_dags/example_task_group_decorator.py took 0.227 seconds
[2026-06-07T08:51:32.884+0000] {processor.py:186} INFO - Started process (PID=1225) to work on /home/airflow/.local/lib/python3.12/site-packages/airflow/example_dags/example_task_group_decorator.py
[2026-06-07T08:51:32.886+0000] {processor.py:914} INFO - Processing file /home/airflow/.local/lib/python3.12/site-packages/airflow/example_dags/example_task_group_decorator.py for tasks to queue
[2026-06-07T08:51:32.895+0000] {logging_mixin.py:190} INFO - [2026-06-07T08:51:32.894+0000] {dagbag.py:588} INFO - Filling up the DagBag from /home/airflow/.local/lib/python3.12/site-packages/airflow/example_dags/example_task_group_decorator.py
[2026-06-07T08:51:32.941+0000] {processor.py:925} INFO - DAG(s) 'example_task_group_decorator' retrieved from /home/airflow/.local/lib/python3.12/site-packages/airflow/example_dags/example_task_group_decorator.py
[2026-06-07T08:51:33.012+0000] {logging_mixin.py:190} INFO - [2026-06-07T08:51:33.011+0000] {dag.py:3239} INFO - Sync 1 DAGs
[2026-06-07T08:51:33.053+0000] {logging_mixin.py:190} INFO - [2026-06-07T08:51:33.053+0000] {dag.py:4180} INFO - Setting next_dagrun for example_task_group_decorator to None, run_after=None
[2026-06-07T08:51:33.110+0000] {processor.py:208} INFO - Processing /home/airflow/.local/lib/python3.12/site-packages/airflow/example_dags/example_task_group_decorator.py took 0.240 seconds
[2026-06-07T08:52:11.952+0000] {processor.py:186} INFO - Started process (PID=1287) to work on /home/airflow/.local/lib/python3.12/site-packages/airflow/example_dags/example_task_group_decorator.py
[2026-06-07T08:52:11.955+0000] {processor.py:914} INFO - Processing file /home/airflow/.local/lib/python3.12/site-packages/airflow/example_dags/example_task_group_decorator.py for tasks to queue
[2026-06-07T08:52:11.961+0000] {logging_mixin.py:190} INFO - [2026-06-07T08:52:11.961+0000] {dagbag.py:588} INFO - Filling up the DagBag from /home/airflow/.local/lib/python3.12/site-packages/airflow/example_dags/example_task_group_decorator.py
[2026-06-07T08:52:12.001+0000] {processor.py:925} INFO - DAG(s) 'example_task_group_decorator' retrieved from /home/airflow/.local/lib/python3.12/site-packages/airflow/example_dags/example_task_group_decorator.py
[2026-06-07T08:52:12.143+0000] {logging_mixin.py:190} INFO - [2026-06-07T08:52:12.136+0000] {dag.py:3239} INFO - Sync 1 DAGs
[2026-06-07T08:52:12.241+0000] {logging_mixin.py:190} INFO - [2026-06-07T08:52:12.241+0000] {dag.py:4180} INFO - Setting next_dagrun for example_task_group_decorator to None, run_after=None
[2026-06-07T08:52:12.324+0000] {processor.py:208} INFO - Processing /home/airflow/.local/lib/python3.12/site-packages/airflow/example_dags/example_task_group_decorator.py took 0.388 seconds
[2026-06-07T08:52:54.725+0000] {processor.py:186} INFO - Started process (PID=1350) to work on /home/airflow/.local/lib/python3.12/site-packages/airflow/example_dags/example_task_group_decorator.py
[2026-06-07T08:52:54.737+0000] {processor.py:914} INFO - Processing file /home/airflow/.local/lib/python3.12/site-packages/airflow/example_dags/example_task_group_decorator.py for tasks to queue
[2026-06-07T08:52:54.752+0000] {logging_mixin.py:190} INFO - [2026-06-07T08:52:54.751+0000] {dagbag.py:588} INFO - Filling up the DagBag from /home/airflow/.local/lib/python3.12/site-packages/airflow/example_dags/example_task_group_decorator.py
[2026-06-07T08:52:54.847+0000] {processor.py:925} INFO - DAG(s) 'example_task_group_decorator' retrieved from /home/airflow/.local/lib/python3.12/site-packages/airflow/example_dags/example_task_group_decorator.py
[2026-06-07T08:52:54.975+0000] {logging_mixin.py:190} INFO - [2026-06-07T08:52:54.974+0000] {dag.py:3239} INFO - Sync 1 DAGs
[2026-06-07T08:52:55.026+0000] {logging_mixin.py:190} INFO - [2026-06-07T08:52:55.026+0000] {dag.py:4180} INFO - Setting next_dagrun for example_task_group_decorator to None, run_after=None
[2026-06-07T08:52:55.071+0000] {processor.py:208} INFO - Processing /home/airflow/.local/lib/python3.12/site-packages/airflow/example_dags/example_task_group_decorator.py took 0.362 seconds
[2026-06-07T08:53:32.875+0000] {processor.py:186} INFO - Started process (PID=1417) to work on /home/airflow/.local/lib/python3.12/site-packages/airflow/example_dags/example_task_group_decorator.py
[2026-06-07T08:53:32.878+0000] {processor.py:914} INFO - Processing file /home/airflow/.local/lib/python3.12/site-packages/airflow/example_dags/example_task_group_decorator.py for tasks to queue
[2026-06-07T08:53:32.888+0000] {logging_mixin.py:190} INFO - [2026-06-07T08:53:32.886+0000] {dagbag.py:588} INFO - Filling up the DagBag from /home/airflow/.local/lib/python3.12/site-packages/airflow/example_dags/example_task_group_decorator.py
[2026-06-07T08:53:32.949+0000] {processor.py:925} INFO - DAG(s) 'example_task_group_decorator' retrieved from /home/airflow/.local/lib/python3.12/site-packages/airflow/example_dags/example_task_group_decorator.py
[2026-06-07T08:53:33.029+0000] {logging_mixin.py:190} INFO - [2026-06-07T08:53:33.028+0000] {dag.py:3239} INFO - Sync 1 DAGs
[2026-06-07T08:53:33.070+0000] {logging_mixin.py:190} INFO - [2026-06-07T08:53:33.070+0000] {dag.py:4180} INFO - Setting next_dagrun for example_task_group_decorator to None, run_after=None
[2026-06-07T08:53:33.163+0000] {processor.py:208} INFO - Processing /home/airflow/.local/lib/python3.12/site-packages/airflow/example_dags/example_task_group_decorator.py took 0.305 seconds
[2026-06-07T08:54:07.208+0000] {processor.py:186} INFO - Started process (PID=1476) to work on /home/airflow/.local/lib/python3.12/site-packages/airflow/example_dags/example_task_group_decorator.py
[2026-06-07T08:54:07.211+0000] {processor.py:914} INFO - Processing file /home/airflow/.local/lib/python3.12/site-packages/airflow/example_dags/example_task_group_decorator.py for tasks to queue
[2026-06-07T08:54:07.219+0000] {logging_mixin.py:190} INFO - [2026-06-07T08:54:07.218+0000] {dagbag.py:588} INFO - Filling up the DagBag from /home/airflow/.local/lib/python3.12/site-packages/airflow/example_dags/example_task_group_decorator.py
[2026-06-07T08:54:07.259+0000] {processor.py:925} INFO - DAG(s) 'example_task_group_decorator' retrieved from /home/airflow/.local/lib/python3.12/site-packages/airflow/example_dags/example_task_group_decorator.py
[2026-06-07T08:54:07.330+0000] {logging_mixin.py:190} INFO - [2026-06-07T08:54:07.330+0000] {dag.py:3239} INFO - Sync 1 DAGs
[2026-06-07T08:54:07.369+0000] {logging_mixin.py:190} INFO - [2026-06-07T08:54:07.368+0000] {dag.py:4180} INFO - Setting next_dagrun for example_task_group_decorator to None, run_after=None
[2026-06-07T08:54:07.425+0000] {processor.py:208} INFO - Processing /home/airflow/.local/lib/python3.12/site-packages/airflow/example_dags/example_task_group_decorator.py took 0.232 seconds
[2026-06-07T08:54:56.444+0000] {processor.py:186} INFO - Started process (PID=1544) to work on /home/airflow/.local/lib/python3.12/site-packages/airflow/example_dags/example_task_group_decorator.py
[2026-06-07T08:54:56.515+0000] {processor.py:914} INFO - Processing file /home/airflow/.local/lib/python3.12/site-packages/airflow/example_dags/example_task_group_decorator.py for tasks to queue
[2026-06-07T08:54:56.541+0000] {logging_mixin.py:190} INFO - [2026-06-07T08:54:56.540+0000] {dagbag.py:588} INFO - Filling up the DagBag from /home/airflow/.local/lib/python3.12/site-packages/airflow/example_dags/example_task_group_decorator.py
[2026-06-07T08:54:56.931+0000] {processor.py:925} INFO - DAG(s) 'example_task_group_decorator' retrieved from /home/airflow/.local/lib/python3.12/site-packages/airflow/example_dags/example_task_group_decorator.py
[2026-06-07T08:54:57.346+0000] {logging_mixin.py:190} INFO - [2026-06-07T08:54:57.345+0000] {dag.py:3239} INFO - Sync 1 DAGs
[2026-06-07T08:54:57.493+0000] {logging_mixin.py:190} INFO - [2026-06-07T08:54:57.493+0000] {dag.py:4180} INFO - Setting next_dagrun for example_task_group_decorator to None, run_after=None
[2026-06-07T08:54:57.879+0000] {processor.py:208} INFO - Processing /home/airflow/.local/lib/python3.12/site-packages/airflow/example_dags/example_task_group_decorator.py took 1.526 seconds
[2026-06-07T08:55:38.809+0000] {processor.py:186} INFO - Started process (PID=1597) to work on /home/airflow/.local/lib/python3.12/site-packages/airflow/example_dags/example_task_group_decorator.py
[2026-06-07T08:55:38.811+0000] {processor.py:914} INFO - Processing file /home/airflow/.local/lib/python3.12/site-packages/airflow/example_dags/example_task_group_decorator.py for tasks to queue
[2026-06-07T08:55:38.816+0000] {logging_mixin.py:190} INFO - [2026-06-07T08:55:38.815+0000] {dagbag.py:588} INFO - Filling up the DagBag from /home/airflow/.local/lib/python3.12/site-packages/airflow/example_dags/example_task_group_decorator.py
[2026-06-07T08:55:38.856+0000] {processor.py:925} INFO - DAG(s) 'example_task_group_decorator' retrieved from /home/airflow/.local/lib/python3.12/site-packages/airflow/example_dags/example_task_group_decorator.py
[2026-06-07T08:55:38.910+0000] {logging_mixin.py:190} INFO - [2026-06-07T08:55:38.909+0000] {dag.py:3239} INFO - Sync 1 DAGs
[2026-06-07T08:55:38.935+0000] {logging_mixin.py:190} INFO - [2026-06-07T08:55:38.934+0000] {dag.py:4180} INFO - Setting next_dagrun for example_task_group_decorator to None, run_after=None
[2026-06-07T08:55:38.971+0000] {processor.py:208} INFO - Processing /home/airflow/.local/lib/python3.12/site-packages/airflow/example_dags/example_task_group_decorator.py took 0.171 seconds
[2026-06-07T08:56:19.429+0000] {processor.py:186} INFO - Started process (PID=1642) to work on /home/airflow/.local/lib/python3.12/site-packages/airflow/example_dags/example_task_group_decorator.py
[2026-06-07T08:56:19.432+0000] {processor.py:914} INFO - Processing file /home/airflow/.local/lib/python3.12/site-packages/airflow/example_dags/example_task_group_decorator.py for tasks to queue
[2026-06-07T08:56:19.440+0000] {logging_mixin.py:190} INFO - [2026-06-07T08:56:19.438+0000] {dagbag.py:588} INFO - Filling up the DagBag from /home/airflow/.local/lib/python3.12/site-packages/airflow/example_dags/example_task_group_decorator.py
[2026-06-07T08:56:19.483+0000] {processor.py:925} INFO - DAG(s) 'example_task_group_decorator' retrieved from /home/airflow/.local/lib/python3.12/site-packages/airflow/example_dags/example_task_group_decorator.py
[2026-06-07T08:56:19.569+0000] {logging_mixin.py:190} INFO - [2026-06-07T08:56:19.569+0000] {dag.py:3239} INFO - Sync 1 DAGs
[2026-06-07T08:56:19.636+0000] {logging_mixin.py:190} INFO - [2026-06-07T08:56:19.635+0000] {dag.py:4180} INFO - Setting next_dagrun for example_task_group_decorator to None, run_after=None
[2026-06-07T08:56:19.710+0000] {processor.py:208} INFO - Processing /home/airflow/.local/lib/python3.12/site-packages/airflow/example_dags/example_task_group_decorator.py took 0.294 seconds
[2026-06-07T08:57:04.219+0000] {processor.py:186} INFO - Started process (PID=1711) to work on /home/airflow/.local/lib/python3.12/site-packages/airflow/example_dags/example_task_group_decorator.py
[2026-06-07T08:57:04.222+0000] {processor.py:914} INFO - Processing file /home/airflow/.local/lib/python3.12/site-packages/airflow/example_dags/example_task_group_decorator.py for tasks to queue
[2026-06-07T08:57:04.228+0000] {logging_mixin.py:190} INFO - [2026-06-07T08:57:04.227+0000] {dagbag.py:588} INFO - Filling up the DagBag from /home/airflow/.local/lib/python3.12/site-packages/airflow/example_dags/example_task_group_decorator.py
[2026-06-07T08:57:04.271+0000] {processor.py:925} INFO - DAG(s) 'example_task_group_decorator' retrieved from /home/airflow/.local/lib/python3.12/site-packages/airflow/example_dags/example_task_group_decorator.py
[2026-06-07T08:57:04.334+0000] {logging_mixin.py:190} INFO - [2026-06-07T08:57:04.333+0000] {dag.py:3239} INFO - Sync 1 DAGs
[2026-06-07T08:57:04.363+0000] {logging_mixin.py:190} INFO - [2026-06-07T08:57:04.363+0000] {dag.py:4180} INFO - Setting next_dagrun for example_task_group_decorator to None, run_after=None
[2026-06-07T08:57:04.405+0000] {processor.py:208} INFO - Processing /home/airflow/.local/lib/python3.12/site-packages/airflow/example_dags/example_task_group_decorator.py took 0.196 seconds
[2026-06-07T10:17:04.304+0000] {processor.py:186} INFO - Started process (PID=94) to work on /home/airflow/.local/lib/python3.12/site-packages/airflow/example_dags/example_task_group_decorator.py
[2026-06-07T10:17:04.306+0000] {processor.py:914} INFO - Processing file /home/airflow/.local/lib/python3.12/site-packages/airflow/example_dags/example_task_group_decorator.py for tasks to queue
[2026-06-07T10:17:04.312+0000] {logging_mixin.py:190} INFO - [2026-06-07T10:17:04.311+0000] {dagbag.py:588} INFO - Filling up the DagBag from /home/airflow/.local/lib/python3.12/site-packages/airflow/example_dags/example_task_group_decorator.py
[2026-06-07T10:17:04.344+0000] {processor.py:925} INFO - DAG(s) 'example_task_group_decorator' retrieved from /home/airflow/.local/lib/python3.12/site-packages/airflow/example_dags/example_task_group_decorator.py
[2026-06-07T10:17:04.570+0000] {logging_mixin.py:190} INFO - [2026-06-07T10:17:04.568+0000] {override.py:1932} INFO - Created Permission View: can delete on DAG:example_task_group_decorator
[2026-06-07T10:17:04.591+0000] {logging_mixin.py:190} INFO - [2026-06-07T10:17:04.591+0000] {override.py:1932} INFO - Created Permission View: can edit on DAG:example_task_group_decorator
[2026-06-07T10:17:04.605+0000] {logging_mixin.py:190} INFO - [2026-06-07T10:17:04.604+0000] {override.py:1932} INFO - Created Permission View: can read on DAG:example_task_group_decorator
[2026-06-07T10:17:04.625+0000] {logging_mixin.py:190} INFO - [2026-06-07T10:17:04.625+0000] {override.py:1932} INFO - Created Permission View: menu access on DAG Run:example_task_group_decorator
[2026-06-07T10:17:04.645+0000] {logging_mixin.py:190} INFO - [2026-06-07T10:17:04.645+0000] {override.py:1932} INFO - Created Permission View: can delete on DAG Run:example_task_group_decorator
[2026-06-07T10:17:04.665+0000] {logging_mixin.py:190} INFO - [2026-06-07T10:17:04.664+0000] {override.py:1932} INFO - Created Permission View: can create on DAG Run:example_task_group_decorator
[2026-06-07T10:17:04.685+0000] {logging_mixin.py:190} INFO - [2026-06-07T10:17:04.684+0000] {override.py:1932} INFO - Created Permission View: can read on DAG Run:example_task_group_decorator
[2026-06-07T10:17:04.686+0000] {logging_mixin.py:190} INFO - [2026-06-07T10:17:04.686+0000] {dag.py:3239} INFO - Sync 1 DAGs
[2026-06-07T10:17:04.714+0000] {logging_mixin.py:190} INFO - [2026-06-07T10:17:04.714+0000] {dag.py:3262} INFO - Creating ORM DAG for example_task_group_decorator
[2026-06-07T10:17:04.715+0000] {logging_mixin.py:190} INFO - [2026-06-07T10:17:04.715+0000] {dag.py:4180} INFO - Setting next_dagrun for example_task_group_decorator to None, run_after=None
[2026-06-07T10:17:04.749+0000] {processor.py:208} INFO - Processing /home/airflow/.local/lib/python3.12/site-packages/airflow/example_dags/example_task_group_decorator.py took 0.453 seconds
[2026-06-07T10:18:11.661+0000] {processor.py:186} INFO - Started process (PID=163) to work on /home/airflow/.local/lib/python3.12/site-packages/airflow/example_dags/example_task_group_decorator.py
[2026-06-07T10:18:11.664+0000] {processor.py:914} INFO - Processing file /home/airflow/.local/lib/python3.12/site-packages/airflow/example_dags/example_task_group_decorator.py for tasks to queue
[2026-06-07T10:18:11.679+0000] {logging_mixin.py:190} INFO - [2026-06-07T10:18:11.678+0000] {dagbag.py:588} INFO - Filling up the DagBag from /home/airflow/.local/lib/python3.12/site-packages/airflow/example_dags/example_task_group_decorator.py
[2026-06-07T10:18:11.735+0000] {processor.py:925} INFO - DAG(s) 'example_task_group_decorator' retrieved from /home/airflow/.local/lib/python3.12/site-packages/airflow/example_dags/example_task_group_decorator.py
[2026-06-07T10:18:11.843+0000] {logging_mixin.py:190} INFO - [2026-06-07T10:18:11.842+0000] {dag.py:3239} INFO - Sync 1 DAGs
[2026-06-07T10:18:11.933+0000] {logging_mixin.py:190} INFO - [2026-06-07T10:18:11.932+0000] {dag.py:4180} INFO - Setting next_dagrun for example_task_group_decorator to None, run_after=None
[2026-06-07T10:18:11.997+0000] {processor.py:208} INFO - Processing /home/airflow/.local/lib/python3.12/site-packages/airflow/example_dags/example_task_group_decorator.py took 0.350 seconds
[2026-06-07T10:19:00.065+0000] {processor.py:186} INFO - Started process (PID=232) to work on /home/airflow/.local/lib/python3.12/site-packages/airflow/example_dags/example_task_group_decorator.py
[2026-06-07T10:19:00.068+0000] {processor.py:914} INFO - Processing file /home/airflow/.local/lib/python3.12/site-packages/airflow/example_dags/example_task_group_decorator.py for tasks to queue
[2026-06-07T10:19:00.075+0000] {logging_mixin.py:190} INFO - [2026-06-07T10:19:00.074+0000] {dagbag.py:588} INFO - Filling up the DagBag from /home/airflow/.local/lib/python3.12/site-packages/airflow/example_dags/example_task_group_decorator.py
[2026-06-07T10:19:00.116+0000] {processor.py:925} INFO - DAG(s) 'example_task_group_decorator' retrieved from /home/airflow/.local/lib/python3.12/site-packages/airflow/example_dags/example_task_group_decorator.py
[2026-06-07T10:19:00.197+0000] {logging_mixin.py:190} INFO - [2026-06-07T10:19:00.196+0000] {dag.py:3239} INFO - Sync 1 DAGs
[2026-06-07T10:19:00.235+0000] {logging_mixin.py:190} INFO - [2026-06-07T10:19:00.235+0000] {dag.py:4180} INFO - Setting next_dagrun for example_task_group_decorator to None, run_after=None
[2026-06-07T10:19:00.299+0000] {processor.py:208} INFO - Processing /home/airflow/.local/lib/python3.12/site-packages/airflow/example_dags/example_task_group_decorator.py took 0.248 seconds
[2026-06-07T10:19:37.422+0000] {processor.py:186} INFO - Started process (PID=281) to work on /home/airflow/.local/lib/python3.12/site-packages/airflow/example_dags/example_task_group_decorator.py
[2026-06-07T10:19:37.425+0000] {processor.py:914} INFO - Processing file /home/airflow/.local/lib/python3.12/site-packages/airflow/example_dags/example_task_group_decorator.py for tasks to queue
[2026-06-07T10:19:37.433+0000] {logging_mixin.py:190} INFO - [2026-06-07T10:19:37.432+0000] {dagbag.py:588} INFO - Filling up the DagBag from /home/airflow/.local/lib/python3.12/site-packages/airflow/example_dags/example_task_group_decorator.py
[2026-06-07T10:19:37.525+0000] {processor.py:925} INFO - DAG(s) 'example_task_group_decorator' retrieved from /home/airflow/.local/lib/python3.12/site-packages/airflow/example_dags/example_task_group_decorator.py
[2026-06-07T10:19:37.661+0000] {logging_mixin.py:190} INFO - [2026-06-07T10:19:37.660+0000] {dag.py:3239} INFO - Sync 1 DAGs
[2026-06-07T10:19:37.747+0000] {logging_mixin.py:190} INFO - [2026-06-07T10:19:37.746+0000] {dag.py:4180} INFO - Setting next_dagrun for example_task_group_decorator to None, run_after=None
[2026-06-07T10:19:37.901+0000] {processor.py:208} INFO - Processing /home/airflow/.local/lib/python3.12/site-packages/airflow/example_dags/example_task_group_decorator.py took 0.495 seconds
[2026-06-07T10:20:38.624+0000] {processor.py:186} INFO - Started process (PID=350) to work on /home/airflow/.local/lib/python3.12/site-packages/airflow/example_dags/example_task_group_decorator.py
[2026-06-07T10:20:38.627+0000] {processor.py:914} INFO - Processing file /home/airflow/.local/lib/python3.12/site-packages/airflow/example_dags/example_task_group_decorator.py for tasks to queue
[2026-06-07T10:20:38.632+0000] {logging_mixin.py:190} INFO - [2026-06-07T10:20:38.631+0000] {dagbag.py:588} INFO - Filling up the DagBag from /home/airflow/.local/lib/python3.12/site-packages/airflow/example_dags/example_task_group_decorator.py
[2026-06-07T10:20:38.673+0000] {processor.py:925} INFO - DAG(s) 'example_task_group_decorator' retrieved from /home/airflow/.local/lib/python3.12/site-packages/airflow/example_dags/example_task_group_decorator.py
[2026-06-07T10:20:38.741+0000] {logging_mixin.py:190} INFO - [2026-06-07T10:20:38.741+0000] {dag.py:3239} INFO - Sync 1 DAGs
[2026-06-07T10:20:38.774+0000] {logging_mixin.py:190} INFO - [2026-06-07T10:20:38.773+0000] {dag.py:4180} INFO - Setting next_dagrun for example_task_group_decorator to None, run_after=None
[2026-06-07T10:20:38.815+0000] {processor.py:208} INFO - Processing /home/airflow/.local/lib/python3.12/site-packages/airflow/example_dags/example_task_group_decorator.py took 0.203 seconds
[2026-06-07T10:21:14.789+0000] {processor.py:186} INFO - Started process (PID=417) to work on /home/airflow/.local/lib/python3.12/site-packages/airflow/example_dags/example_task_group_decorator.py
[2026-06-07T10:21:14.791+0000] {processor.py:914} INFO - Processing file /home/airflow/.local/lib/python3.12/site-packages/airflow/example_dags/example_task_group_decorator.py for tasks to queue
[2026-06-07T10:21:14.799+0000] {logging_mixin.py:190} INFO - [2026-06-07T10:21:14.798+0000] {dagbag.py:588} INFO - Filling up the DagBag from /home/airflow/.local/lib/python3.12/site-packages/airflow/example_dags/example_task_group_decorator.py
[2026-06-07T10:21:14.843+0000] {processor.py:925} INFO - DAG(s) 'example_task_group_decorator' retrieved from /home/airflow/.local/lib/python3.12/site-packages/airflow/example_dags/example_task_group_decorator.py
[2026-06-07T10:21:14.919+0000] {logging_mixin.py:190} INFO - [2026-06-07T10:21:14.919+0000] {dag.py:3239} INFO - Sync 1 DAGs
[2026-06-07T10:21:14.955+0000] {logging_mixin.py:190} INFO - [2026-06-07T10:21:14.955+0000] {dag.py:4180} INFO - Setting next_dagrun for example_task_group_decorator to None, run_after=None
[2026-06-07T10:21:15.016+0000] {processor.py:208} INFO - Processing /home/airflow/.local/lib/python3.12/site-packages/airflow/example_dags/example_task_group_decorator.py took 0.242 seconds
[2026-06-07T10:22:20.717+0000] {processor.py:186} INFO - Started process (PID=489) to work on /home/airflow/.local/lib/python3.12/site-packages/airflow/example_dags/example_task_group_decorator.py
[2026-06-07T10:22:20.720+0000] {processor.py:914} INFO - Processing file /home/airflow/.local/lib/python3.12/site-packages/airflow/example_dags/example_task_group_decorator.py for tasks to queue
[2026-06-07T10:22:20.727+0000] {logging_mixin.py:190} INFO - [2026-06-07T10:22:20.726+0000] {dagbag.py:588} INFO - Filling up the DagBag from /home/airflow/.local/lib/python3.12/site-packages/airflow/example_dags/example_task_group_decorator.py
[2026-06-07T10:22:20.775+0000] {processor.py:925} INFO - DAG(s) 'example_task_group_decorator' retrieved from /home/airflow/.local/lib/python3.12/site-packages/airflow/example_dags/example_task_group_decorator.py
[2026-06-07T10:22:20.857+0000] {logging_mixin.py:190} INFO - [2026-06-07T10:22:20.857+0000] {dag.py:3239} INFO - Sync 1 DAGs
[2026-06-07T10:22:20.910+0000] {logging_mixin.py:190} INFO - [2026-06-07T10:22:20.910+0000] {dag.py:4180} INFO - Setting next_dagrun for example_task_group_decorator to None, run_after=None
[2026-06-07T10:22:21.004+0000] {processor.py:208} INFO - Processing /home/airflow/.local/lib/python3.12/site-packages/airflow/example_dags/example_task_group_decorator.py took 0.311 seconds
[2026-06-07T10:23:02.404+0000] {processor.py:186} INFO - Started process (PID=549) to work on /home/airflow/.local/lib/python3.12/site-packages/airflow/example_dags/example_task_group_decorator.py
[2026-06-07T10:23:02.406+0000] {processor.py:914} INFO - Processing file /home/airflow/.local/lib/python3.12/site-packages/airflow/example_dags/example_task_group_decorator.py for tasks to queue
[2026-06-07T10:23:02.410+0000] {logging_mixin.py:190} INFO - [2026-06-07T10:23:02.410+0000] {dagbag.py:588} INFO - Filling up the DagBag from /home/airflow/.local/lib/python3.12/site-packages/airflow/example_dags/example_task_group_decorator.py
[2026-06-07T10:23:02.441+0000] {processor.py:925} INFO - DAG(s) 'example_task_group_decorator' retrieved from /home/airflow/.local/lib/python3.12/site-packages/airflow/example_dags/example_task_group_decorator.py
[2026-06-07T10:23:02.498+0000] {logging_mixin.py:190} INFO - [2026-06-07T10:23:02.497+0000] {dag.py:3239} INFO - Sync 1 DAGs
[2026-06-07T10:23:02.536+0000] {logging_mixin.py:190} INFO - [2026-06-07T10:23:02.536+0000] {dag.py:4180} INFO - Setting next_dagrun for example_task_group_decorator to None, run_after=None
[2026-06-07T10:23:02.585+0000] {processor.py:208} INFO - Processing /home/airflow/.local/lib/python3.12/site-packages/airflow/example_dags/example_task_group_decorator.py took 0.195 seconds
[2026-06-07T10:23:59.452+0000] {processor.py:186} INFO - Started process (PID=617) to work on /home/airflow/.local/lib/python3.12/site-packages/airflow/example_dags/example_task_group_decorator.py
[2026-06-07T10:23:59.454+0000] {processor.py:914} INFO - Processing file /home/airflow/.local/lib/python3.12/site-packages/airflow/example_dags/example_task_group_decorator.py for tasks to queue
[2026-06-07T10:23:59.508+0000] {logging_mixin.py:190} INFO - [2026-06-07T10:23:59.498+0000] {dagbag.py:588} INFO - Filling up the DagBag from /home/airflow/.local/lib/python3.12/site-packages/airflow/example_dags/example_task_group_decorator.py
[2026-06-07T10:23:59.644+0000] {processor.py:925} INFO - DAG(s) 'example_task_group_decorator' retrieved from /home/airflow/.local/lib/python3.12/site-packages/airflow/example_dags/example_task_group_decorator.py
[2026-06-07T10:23:59.863+0000] {logging_mixin.py:190} INFO - [2026-06-07T10:23:59.862+0000] {dag.py:3239} INFO - Sync 1 DAGs
[2026-06-07T10:23:59.916+0000] {logging_mixin.py:190} INFO - [2026-06-07T10:23:59.915+0000] {dag.py:4180} INFO - Setting next_dagrun for example_task_group_decorator to None, run_after=None
[2026-06-07T10:23:59.991+0000] {processor.py:208} INFO - Processing /home/airflow/.local/lib/python3.12/site-packages/airflow/example_dags/example_task_group_decorator.py took 0.580 seconds
[2026-06-07T10:24:48.660+0000] {processor.py:186} INFO - Started process (PID=677) to work on /home/airflow/.local/lib/python3.12/site-packages/airflow/example_dags/example_task_group_decorator.py
[2026-06-07T10:24:48.663+0000] {processor.py:914} INFO - Processing file /home/airflow/.local/lib/python3.12/site-packages/airflow/example_dags/example_task_group_decorator.py for tasks to queue
[2026-06-07T10:24:48.683+0000] {logging_mixin.py:190} INFO - [2026-06-07T10:24:48.682+0000] {dagbag.py:588} INFO - Filling up the DagBag from /home/airflow/.local/lib/python3.12/site-packages/airflow/example_dags/example_task_group_decorator.py
[2026-06-07T10:24:48.844+0000] {processor.py:925} INFO - DAG(s) 'example_task_group_decorator' retrieved from /home/airflow/.local/lib/python3.12/site-packages/airflow/example_dags/example_task_group_decorator.py
[2026-06-07T10:24:49.112+0000] {logging_mixin.py:190} INFO - [2026-06-07T10:24:49.111+0000] {dag.py:3239} INFO - Sync 1 DAGs
[2026-06-07T10:24:49.415+0000] {logging_mixin.py:190} INFO - [2026-06-07T10:24:49.395+0000] {dag.py:4180} INFO - Setting next_dagrun for example_task_group_decorator to None, run_after=None
[2026-06-07T10:24:49.598+0000] {processor.py:208} INFO - Processing /home/airflow/.local/lib/python3.12/site-packages/airflow/example_dags/example_task_group_decorator.py took 1.008 seconds
[2026-06-07T10:25:28.199+0000] {processor.py:186} INFO - Started process (PID=728) to work on /home/airflow/.local/lib/python3.12/site-packages/airflow/example_dags/example_task_group_decorator.py
[2026-06-07T10:25:28.203+0000] {processor.py:914} INFO - Processing file /home/airflow/.local/lib/python3.12/site-packages/airflow/example_dags/example_task_group_decorator.py for tasks to queue
[2026-06-07T10:25:28.211+0000] {logging_mixin.py:190} INFO - [2026-06-07T10:25:28.207+0000] {dagbag.py:588} INFO - Filling up the DagBag from /home/airflow/.local/lib/python3.12/site-packages/airflow/example_dags/example_task_group_decorator.py
[2026-06-07T10:25:28.319+0000] {processor.py:925} INFO - DAG(s) 'example_task_group_decorator' retrieved from /home/airflow/.local/lib/python3.12/site-packages/airflow/example_dags/example_task_group_decorator.py
[2026-06-07T10:25:28.508+0000] {logging_mixin.py:190} INFO - [2026-06-07T10:25:28.508+0000] {dag.py:3239} INFO - Sync 1 DAGs
[2026-06-07T10:25:28.560+0000] {logging_mixin.py:190} INFO - [2026-06-07T10:25:28.559+0000] {dag.py:4180} INFO - Setting next_dagrun for example_task_group_decorator to None, run_after=None
[2026-06-07T10:25:28.640+0000] {processor.py:208} INFO - Processing /home/airflow/.local/lib/python3.12/site-packages/airflow/example_dags/example_task_group_decorator.py took 0.463 seconds
[2026-06-07T10:26:26.265+0000] {processor.py:186} INFO - Started process (PID=796) to work on /home/airflow/.local/lib/python3.12/site-packages/airflow/example_dags/example_task_group_decorator.py
[2026-06-07T10:26:26.269+0000] {processor.py:914} INFO - Processing file /home/airflow/.local/lib/python3.12/site-packages/airflow/example_dags/example_task_group_decorator.py for tasks to queue
[2026-06-07T10:26:26.277+0000] {logging_mixin.py:190} INFO - [2026-06-07T10:26:26.276+0000] {dagbag.py:588} INFO - Filling up the DagBag from /home/airflow/.local/lib/python3.12/site-packages/airflow/example_dags/example_task_group_decorator.py
[2026-06-07T10:26:26.354+0000] {processor.py:925} INFO - DAG(s) 'example_task_group_decorator' retrieved from /home/airflow/.local/lib/python3.12/site-packages/airflow/example_dags/example_task_group_decorator.py
[2026-06-07T10:26:26.441+0000] {logging_mixin.py:190} INFO - [2026-06-07T10:26:26.440+0000] {dag.py:3239} INFO - Sync 1 DAGs
[2026-06-07T10:26:26.483+0000] {logging_mixin.py:190} INFO - [2026-06-07T10:26:26.483+0000] {dag.py:4180} INFO - Setting next_dagrun for example_task_group_decorator to None, run_after=None
[2026-06-07T10:26:26.544+0000] {processor.py:208} INFO - Processing /home/airflow/.local/lib/python3.12/site-packages/airflow/example_dags/example_task_group_decorator.py took 0.295 seconds
