[2026-06-07T08:16:03.214+0000] {processor.py:186} INFO - Started process (PID=76) to work on /home/airflow/.local/lib/python3.12/site-packages/airflow/example_dags/example_trigger_controller_dag.py
[2026-06-07T08:16:03.216+0000] {processor.py:914} INFO - Processing file /home/airflow/.local/lib/python3.12/site-packages/airflow/example_dags/example_trigger_controller_dag.py for tasks to queue
[2026-06-07T08:16:03.221+0000] {logging_mixin.py:190} INFO - [2026-06-07T08:16:03.220+0000] {dagbag.py:588} INFO - Filling up the DagBag from /home/airflow/.local/lib/python3.12/site-packages/airflow/example_dags/example_trigger_controller_dag.py
[2026-06-07T08:16:03.234+0000] {processor.py:925} INFO - DAG(s) 'example_trigger_controller_dag' retrieved from /home/airflow/.local/lib/python3.12/site-packages/airflow/example_dags/example_trigger_controller_dag.py
[2026-06-07T08:16:03.283+0000] {logging_mixin.py:190} INFO - [2026-06-07T08:16:03.283+0000] {dag.py:3239} INFO - Sync 1 DAGs
[2026-06-07T08:16:03.323+0000] {logging_mixin.py:190} INFO - [2026-06-07T08:16:03.321+0000] {dag.py:4180} INFO - Setting next_dagrun for example_trigger_controller_dag to 2021-01-01 00:00:00+00:00, run_after=2021-01-01 00:00:00+00:00
[2026-06-07T08:16:03.361+0000] {processor.py:208} INFO - Processing /home/airflow/.local/lib/python3.12/site-packages/airflow/example_dags/example_trigger_controller_dag.py took 0.156 seconds
[2026-06-07T08:16:53.814+0000] {processor.py:186} INFO - Started process (PID=144) to work on /home/airflow/.local/lib/python3.12/site-packages/airflow/example_dags/example_trigger_controller_dag.py
[2026-06-07T08:16:53.818+0000] {processor.py:914} INFO - Processing file /home/airflow/.local/lib/python3.12/site-packages/airflow/example_dags/example_trigger_controller_dag.py for tasks to queue
[2026-06-07T08:16:53.826+0000] {logging_mixin.py:190} INFO - [2026-06-07T08:16:53.825+0000] {dagbag.py:588} INFO - Filling up the DagBag from /home/airflow/.local/lib/python3.12/site-packages/airflow/example_dags/example_trigger_controller_dag.py
[2026-06-07T08:16:53.842+0000] {processor.py:925} INFO - DAG(s) 'example_trigger_controller_dag' retrieved from /home/airflow/.local/lib/python3.12/site-packages/airflow/example_dags/example_trigger_controller_dag.py
[2026-06-07T08:16:53.914+0000] {logging_mixin.py:190} INFO - [2026-06-07T08:16:53.913+0000] {dag.py:3239} INFO - Sync 1 DAGs
[2026-06-07T08:16:54.005+0000] {logging_mixin.py:190} INFO - [2026-06-07T08:16:54.003+0000] {dag.py:4180} INFO - Setting next_dagrun for example_trigger_controller_dag to 2021-01-01 00:00:00+00:00, run_after=2021-01-01 00:00:00+00:00
[2026-06-07T08:16:54.176+0000] {processor.py:208} INFO - Processing /home/airflow/.local/lib/python3.12/site-packages/airflow/example_dags/example_trigger_controller_dag.py took 0.403 seconds
[2026-06-07T08:17:38.138+0000] {processor.py:186} INFO - Started process (PID=202) to work on /home/airflow/.local/lib/python3.12/site-packages/airflow/example_dags/example_trigger_controller_dag.py
[2026-06-07T08:17:38.146+0000] {processor.py:914} INFO - Processing file /home/airflow/.local/lib/python3.12/site-packages/airflow/example_dags/example_trigger_controller_dag.py for tasks to queue
[2026-06-07T08:17:38.157+0000] {logging_mixin.py:190} INFO - [2026-06-07T08:17:38.157+0000] {dagbag.py:588} INFO - Filling up the DagBag from /home/airflow/.local/lib/python3.12/site-packages/airflow/example_dags/example_trigger_controller_dag.py
[2026-06-07T08:17:38.196+0000] {processor.py:925} INFO - DAG(s) 'example_trigger_controller_dag' retrieved from /home/airflow/.local/lib/python3.12/site-packages/airflow/example_dags/example_trigger_controller_dag.py
[2026-06-07T08:17:38.251+0000] {logging_mixin.py:190} INFO - [2026-06-07T08:17:38.251+0000] {dag.py:3239} INFO - Sync 1 DAGs
[2026-06-07T08:17:38.332+0000] {logging_mixin.py:190} INFO - [2026-06-07T08:17:38.331+0000] {dag.py:4180} INFO - Setting next_dagrun for example_trigger_controller_dag to 2021-01-01 00:00:00+00:00, run_after=2021-01-01 00:00:00+00:00
[2026-06-07T08:17:38.412+0000] {processor.py:208} INFO - Processing /home/airflow/.local/lib/python3.12/site-packages/airflow/example_dags/example_trigger_controller_dag.py took 0.318 seconds
[2026-06-07T08:18:19.661+0000] {processor.py:186} INFO - Started process (PID=273) to work on /home/airflow/.local/lib/python3.12/site-packages/airflow/example_dags/example_trigger_controller_dag.py
[2026-06-07T08:18:19.664+0000] {processor.py:914} INFO - Processing file /home/airflow/.local/lib/python3.12/site-packages/airflow/example_dags/example_trigger_controller_dag.py for tasks to queue
[2026-06-07T08:18:19.678+0000] {logging_mixin.py:190} INFO - [2026-06-07T08:18:19.676+0000] {dagbag.py:588} INFO - Filling up the DagBag from /home/airflow/.local/lib/python3.12/site-packages/airflow/example_dags/example_trigger_controller_dag.py
[2026-06-07T08:18:19.697+0000] {processor.py:925} INFO - DAG(s) 'example_trigger_controller_dag' retrieved from /home/airflow/.local/lib/python3.12/site-packages/airflow/example_dags/example_trigger_controller_dag.py
[2026-06-07T08:18:19.750+0000] {logging_mixin.py:190} INFO - [2026-06-07T08:18:19.750+0000] {dag.py:3239} INFO - Sync 1 DAGs
[2026-06-07T08:18:19.809+0000] {logging_mixin.py:190} INFO - [2026-06-07T08:18:19.808+0000] {dag.py:4180} INFO - Setting next_dagrun for example_trigger_controller_dag to 2021-01-01 00:00:00+00:00, run_after=2021-01-01 00:00:00+00:00
[2026-06-07T08:18:19.850+0000] {processor.py:208} INFO - Processing /home/airflow/.local/lib/python3.12/site-packages/airflow/example_dags/example_trigger_controller_dag.py took 0.202 seconds
[2026-06-07T08:18:56.049+0000] {processor.py:186} INFO - Started process (PID=331) to work on /home/airflow/.local/lib/python3.12/site-packages/airflow/example_dags/example_trigger_controller_dag.py
[2026-06-07T08:18:56.052+0000] {processor.py:914} INFO - Processing file /home/airflow/.local/lib/python3.12/site-packages/airflow/example_dags/example_trigger_controller_dag.py for tasks to queue
[2026-06-07T08:18:56.074+0000] {logging_mixin.py:190} INFO - [2026-06-07T08:18:56.073+0000] {dagbag.py:588} INFO - Filling up the DagBag from /home/airflow/.local/lib/python3.12/site-packages/airflow/example_dags/example_trigger_controller_dag.py
[2026-06-07T08:18:56.112+0000] {processor.py:925} INFO - DAG(s) 'example_trigger_controller_dag' retrieved from /home/airflow/.local/lib/python3.12/site-packages/airflow/example_dags/example_trigger_controller_dag.py
[2026-06-07T08:18:56.229+0000] {logging_mixin.py:190} INFO - [2026-06-07T08:18:56.228+0000] {dag.py:3239} INFO - Sync 1 DAGs
[2026-06-07T08:18:56.371+0000] {logging_mixin.py:190} INFO - [2026-06-07T08:18:56.370+0000] {dag.py:4180} INFO - Setting next_dagrun for example_trigger_controller_dag to 2021-01-01 00:00:00+00:00, run_after=2021-01-01 00:00:00+00:00
[2026-06-07T08:18:56.464+0000] {processor.py:208} INFO - Processing /home/airflow/.local/lib/python3.12/site-packages/airflow/example_dags/example_trigger_controller_dag.py took 0.453 seconds
[2026-06-07T08:19:31.340+0000] {processor.py:186} INFO - Started process (PID=393) to work on /home/airflow/.local/lib/python3.12/site-packages/airflow/example_dags/example_trigger_controller_dag.py
[2026-06-07T08:19:31.343+0000] {processor.py:914} INFO - Processing file /home/airflow/.local/lib/python3.12/site-packages/airflow/example_dags/example_trigger_controller_dag.py for tasks to queue
[2026-06-07T08:19:31.350+0000] {logging_mixin.py:190} INFO - [2026-06-07T08:19:31.349+0000] {dagbag.py:588} INFO - Filling up the DagBag from /home/airflow/.local/lib/python3.12/site-packages/airflow/example_dags/example_trigger_controller_dag.py
[2026-06-07T08:19:31.369+0000] {processor.py:925} INFO - DAG(s) 'example_trigger_controller_dag' retrieved from /home/airflow/.local/lib/python3.12/site-packages/airflow/example_dags/example_trigger_controller_dag.py
[2026-06-07T08:19:31.419+0000] {logging_mixin.py:190} INFO - [2026-06-07T08:19:31.419+0000] {dag.py:3239} INFO - Sync 1 DAGs
[2026-06-07T08:19:31.473+0000] {logging_mixin.py:190} INFO - [2026-06-07T08:19:31.472+0000] {dag.py:4180} INFO - Setting next_dagrun for example_trigger_controller_dag to 2021-01-01 00:00:00+00:00, run_after=2021-01-01 00:00:00+00:00
[2026-06-07T08:19:31.509+0000] {processor.py:208} INFO - Processing /home/airflow/.local/lib/python3.12/site-packages/airflow/example_dags/example_trigger_controller_dag.py took 0.184 seconds
[2026-06-07T08:20:05.039+0000] {processor.py:186} INFO - Started process (PID=454) to work on /home/airflow/.local/lib/python3.12/site-packages/airflow/example_dags/example_trigger_controller_dag.py
[2026-06-07T08:20:05.041+0000] {processor.py:914} INFO - Processing file /home/airflow/.local/lib/python3.12/site-packages/airflow/example_dags/example_trigger_controller_dag.py for tasks to queue
[2026-06-07T08:20:05.046+0000] {logging_mixin.py:190} INFO - [2026-06-07T08:20:05.045+0000] {dagbag.py:588} INFO - Filling up the DagBag from /home/airflow/.local/lib/python3.12/site-packages/airflow/example_dags/example_trigger_controller_dag.py
[2026-06-07T08:20:05.057+0000] {processor.py:925} INFO - DAG(s) 'example_trigger_controller_dag' retrieved from /home/airflow/.local/lib/python3.12/site-packages/airflow/example_dags/example_trigger_controller_dag.py
[2026-06-07T08:20:05.092+0000] {logging_mixin.py:190} INFO - [2026-06-07T08:20:05.092+0000] {dag.py:3239} INFO - Sync 1 DAGs
[2026-06-07T08:20:05.128+0000] {logging_mixin.py:190} INFO - [2026-06-07T08:20:05.128+0000] {dag.py:4180} INFO - Setting next_dagrun for example_trigger_controller_dag to 2021-01-01 00:00:00+00:00, run_after=2021-01-01 00:00:00+00:00
[2026-06-07T08:20:05.159+0000] {processor.py:208} INFO - Processing /home/airflow/.local/lib/python3.12/site-packages/airflow/example_dags/example_trigger_controller_dag.py took 0.129 seconds
[2026-06-07T08:20:39.271+0000] {processor.py:186} INFO - Started process (PID=515) to work on /home/airflow/.local/lib/python3.12/site-packages/airflow/example_dags/example_trigger_controller_dag.py
[2026-06-07T08:20:39.273+0000] {processor.py:914} INFO - Processing file /home/airflow/.local/lib/python3.12/site-packages/airflow/example_dags/example_trigger_controller_dag.py for tasks to queue
[2026-06-07T08:20:39.278+0000] {logging_mixin.py:190} INFO - [2026-06-07T08:20:39.278+0000] {dagbag.py:588} INFO - Filling up the DagBag from /home/airflow/.local/lib/python3.12/site-packages/airflow/example_dags/example_trigger_controller_dag.py
[2026-06-07T08:20:39.290+0000] {processor.py:925} INFO - DAG(s) 'example_trigger_controller_dag' retrieved from /home/airflow/.local/lib/python3.12/site-packages/airflow/example_dags/example_trigger_controller_dag.py
[2026-06-07T08:20:39.337+0000] {logging_mixin.py:190} INFO - [2026-06-07T08:20:39.337+0000] {dag.py:3239} INFO - Sync 1 DAGs
[2026-06-07T08:20:39.395+0000] {logging_mixin.py:190} INFO - [2026-06-07T08:20:39.395+0000] {dag.py:4180} INFO - Setting next_dagrun for example_trigger_controller_dag to 2021-01-01 00:00:00+00:00, run_after=2021-01-01 00:00:00+00:00
[2026-06-07T08:20:39.433+0000] {processor.py:208} INFO - Processing /home/airflow/.local/lib/python3.12/site-packages/airflow/example_dags/example_trigger_controller_dag.py took 0.173 seconds
[2026-06-07T08:21:10.767+0000] {processor.py:186} INFO - Started process (PID=577) to work on /home/airflow/.local/lib/python3.12/site-packages/airflow/example_dags/example_trigger_controller_dag.py
[2026-06-07T08:21:10.770+0000] {processor.py:914} INFO - Processing file /home/airflow/.local/lib/python3.12/site-packages/airflow/example_dags/example_trigger_controller_dag.py for tasks to queue
[2026-06-07T08:21:10.776+0000] {logging_mixin.py:190} INFO - [2026-06-07T08:21:10.775+0000] {dagbag.py:588} INFO - Filling up the DagBag from /home/airflow/.local/lib/python3.12/site-packages/airflow/example_dags/example_trigger_controller_dag.py
[2026-06-07T08:21:10.793+0000] {processor.py:925} INFO - DAG(s) 'example_trigger_controller_dag' retrieved from /home/airflow/.local/lib/python3.12/site-packages/airflow/example_dags/example_trigger_controller_dag.py
[2026-06-07T08:21:10.850+0000] {logging_mixin.py:190} INFO - [2026-06-07T08:21:10.848+0000] {dag.py:3239} INFO - Sync 1 DAGs
[2026-06-07T08:21:10.914+0000] {logging_mixin.py:190} INFO - [2026-06-07T08:21:10.913+0000] {dag.py:4180} INFO - Setting next_dagrun for example_trigger_controller_dag to 2021-01-01 00:00:00+00:00, run_after=2021-01-01 00:00:00+00:00
[2026-06-07T08:21:10.961+0000] {processor.py:208} INFO - Processing /home/airflow/.local/lib/python3.12/site-packages/airflow/example_dags/example_trigger_controller_dag.py took 0.208 seconds
[2026-06-07T08:21:44.465+0000] {processor.py:186} INFO - Started process (PID=643) to work on /home/airflow/.local/lib/python3.12/site-packages/airflow/example_dags/example_trigger_controller_dag.py
[2026-06-07T08:21:44.467+0000] {processor.py:914} INFO - Processing file /home/airflow/.local/lib/python3.12/site-packages/airflow/example_dags/example_trigger_controller_dag.py for tasks to queue
[2026-06-07T08:21:44.471+0000] {logging_mixin.py:190} INFO - [2026-06-07T08:21:44.470+0000] {dagbag.py:588} INFO - Filling up the DagBag from /home/airflow/.local/lib/python3.12/site-packages/airflow/example_dags/example_trigger_controller_dag.py
[2026-06-07T08:21:44.482+0000] {processor.py:925} INFO - DAG(s) 'example_trigger_controller_dag' retrieved from /home/airflow/.local/lib/python3.12/site-packages/airflow/example_dags/example_trigger_controller_dag.py
[2026-06-07T08:21:44.520+0000] {logging_mixin.py:190} INFO - [2026-06-07T08:21:44.520+0000] {dag.py:3239} INFO - Sync 1 DAGs
[2026-06-07T08:21:44.554+0000] {logging_mixin.py:190} INFO - [2026-06-07T08:21:44.554+0000] {dag.py:4180} INFO - Setting next_dagrun for example_trigger_controller_dag to 2021-01-01 00:00:00+00:00, run_after=2021-01-01 00:00:00+00:00
[2026-06-07T08:21:44.586+0000] {processor.py:208} INFO - Processing /home/airflow/.local/lib/python3.12/site-packages/airflow/example_dags/example_trigger_controller_dag.py took 0.134 seconds
[2026-06-07T08:22:16.026+0000] {processor.py:186} INFO - Started process (PID=705) to work on /home/airflow/.local/lib/python3.12/site-packages/airflow/example_dags/example_trigger_controller_dag.py
[2026-06-07T08:22:16.028+0000] {processor.py:914} INFO - Processing file /home/airflow/.local/lib/python3.12/site-packages/airflow/example_dags/example_trigger_controller_dag.py for tasks to queue
[2026-06-07T08:22:16.038+0000] {logging_mixin.py:190} INFO - [2026-06-07T08:22:16.038+0000] {dagbag.py:588} INFO - Filling up the DagBag from /home/airflow/.local/lib/python3.12/site-packages/airflow/example_dags/example_trigger_controller_dag.py
[2026-06-07T08:22:16.068+0000] {processor.py:925} INFO - DAG(s) 'example_trigger_controller_dag' retrieved from /home/airflow/.local/lib/python3.12/site-packages/airflow/example_dags/example_trigger_controller_dag.py
[2026-06-07T08:22:16.184+0000] {logging_mixin.py:190} INFO - [2026-06-07T08:22:16.181+0000] {dag.py:3239} INFO - Sync 1 DAGs
[2026-06-07T08:22:16.248+0000] {logging_mixin.py:190} INFO - [2026-06-07T08:22:16.247+0000] {dag.py:4180} INFO - Setting next_dagrun for example_trigger_controller_dag to 2021-01-01 00:00:00+00:00, run_after=2021-01-01 00:00:00+00:00
[2026-06-07T08:22:16.294+0000] {processor.py:208} INFO - Processing /home/airflow/.local/lib/python3.12/site-packages/airflow/example_dags/example_trigger_controller_dag.py took 0.299 seconds
[2026-06-07T08:22:50.422+0000] {processor.py:186} INFO - Started process (PID=767) to work on /home/airflow/.local/lib/python3.12/site-packages/airflow/example_dags/example_trigger_controller_dag.py
[2026-06-07T08:22:50.425+0000] {processor.py:914} INFO - Processing file /home/airflow/.local/lib/python3.12/site-packages/airflow/example_dags/example_trigger_controller_dag.py for tasks to queue
[2026-06-07T08:22:50.431+0000] {logging_mixin.py:190} INFO - [2026-06-07T08:22:50.430+0000] {dagbag.py:588} INFO - Filling up the DagBag from /home/airflow/.local/lib/python3.12/site-packages/airflow/example_dags/example_trigger_controller_dag.py
[2026-06-07T08:22:50.446+0000] {processor.py:925} INFO - DAG(s) 'example_trigger_controller_dag' retrieved from /home/airflow/.local/lib/python3.12/site-packages/airflow/example_dags/example_trigger_controller_dag.py
[2026-06-07T08:22:50.497+0000] {logging_mixin.py:190} INFO - [2026-06-07T08:22:50.497+0000] {dag.py:3239} INFO - Sync 1 DAGs
[2026-06-07T08:22:50.551+0000] {logging_mixin.py:190} INFO - [2026-06-07T08:22:50.550+0000] {dag.py:4180} INFO - Setting next_dagrun for example_trigger_controller_dag to 2021-01-01 00:00:00+00:00, run_after=2021-01-01 00:00:00+00:00
[2026-06-07T08:22:50.592+0000] {processor.py:208} INFO - Processing /home/airflow/.local/lib/python3.12/site-packages/airflow/example_dags/example_trigger_controller_dag.py took 0.184 seconds
[2026-06-07T08:23:21.981+0000] {processor.py:186} INFO - Started process (PID=821) to work on /home/airflow/.local/lib/python3.12/site-packages/airflow/example_dags/example_trigger_controller_dag.py
[2026-06-07T08:23:21.984+0000] {processor.py:914} INFO - Processing file /home/airflow/.local/lib/python3.12/site-packages/airflow/example_dags/example_trigger_controller_dag.py for tasks to queue
[2026-06-07T08:23:21.990+0000] {logging_mixin.py:190} INFO - [2026-06-07T08:23:21.989+0000] {dagbag.py:588} INFO - Filling up the DagBag from /home/airflow/.local/lib/python3.12/site-packages/airflow/example_dags/example_trigger_controller_dag.py
[2026-06-07T08:23:22.013+0000] {processor.py:925} INFO - DAG(s) 'example_trigger_controller_dag' retrieved from /home/airflow/.local/lib/python3.12/site-packages/airflow/example_dags/example_trigger_controller_dag.py
[2026-06-07T08:23:22.067+0000] {logging_mixin.py:190} INFO - [2026-06-07T08:23:22.066+0000] {dag.py:3239} INFO - Sync 1 DAGs
[2026-06-07T08:23:22.123+0000] {logging_mixin.py:190} INFO - [2026-06-07T08:23:22.123+0000] {dag.py:4180} INFO - Setting next_dagrun for example_trigger_controller_dag to 2021-01-01 00:00:00+00:00, run_after=2021-01-01 00:00:00+00:00
[2026-06-07T08:23:22.167+0000] {processor.py:208} INFO - Processing /home/airflow/.local/lib/python3.12/site-packages/airflow/example_dags/example_trigger_controller_dag.py took 0.199 seconds
[2026-06-07T08:23:57.471+0000] {processor.py:186} INFO - Started process (PID=879) to work on /home/airflow/.local/lib/python3.12/site-packages/airflow/example_dags/example_trigger_controller_dag.py
[2026-06-07T08:23:57.475+0000] {processor.py:914} INFO - Processing file /home/airflow/.local/lib/python3.12/site-packages/airflow/example_dags/example_trigger_controller_dag.py for tasks to queue
[2026-06-07T08:23:57.480+0000] {logging_mixin.py:190} INFO - [2026-06-07T08:23:57.480+0000] {dagbag.py:588} INFO - Filling up the DagBag from /home/airflow/.local/lib/python3.12/site-packages/airflow/example_dags/example_trigger_controller_dag.py
[2026-06-07T08:23:57.496+0000] {processor.py:925} INFO - DAG(s) 'example_trigger_controller_dag' retrieved from /home/airflow/.local/lib/python3.12/site-packages/airflow/example_dags/example_trigger_controller_dag.py
[2026-06-07T08:23:57.556+0000] {logging_mixin.py:190} INFO - [2026-06-07T08:23:57.555+0000] {dag.py:3239} INFO - Sync 1 DAGs
[2026-06-07T08:23:57.626+0000] {logging_mixin.py:190} INFO - [2026-06-07T08:23:57.625+0000] {dag.py:4180} INFO - Setting next_dagrun for example_trigger_controller_dag to 2021-01-01 00:00:00+00:00, run_after=2021-01-01 00:00:00+00:00
[2026-06-07T08:23:57.666+0000] {processor.py:208} INFO - Processing /home/airflow/.local/lib/python3.12/site-packages/airflow/example_dags/example_trigger_controller_dag.py took 0.207 seconds
[2026-06-07T08:24:33.678+0000] {processor.py:186} INFO - Started process (PID=939) to work on /home/airflow/.local/lib/python3.12/site-packages/airflow/example_dags/example_trigger_controller_dag.py
[2026-06-07T08:24:33.681+0000] {processor.py:914} INFO - Processing file /home/airflow/.local/lib/python3.12/site-packages/airflow/example_dags/example_trigger_controller_dag.py for tasks to queue
[2026-06-07T08:24:33.689+0000] {logging_mixin.py:190} INFO - [2026-06-07T08:24:33.688+0000] {dagbag.py:588} INFO - Filling up the DagBag from /home/airflow/.local/lib/python3.12/site-packages/airflow/example_dags/example_trigger_controller_dag.py
[2026-06-07T08:24:33.714+0000] {processor.py:925} INFO - DAG(s) 'example_trigger_controller_dag' retrieved from /home/airflow/.local/lib/python3.12/site-packages/airflow/example_dags/example_trigger_controller_dag.py
[2026-06-07T08:24:33.840+0000] {logging_mixin.py:190} INFO - [2026-06-07T08:24:33.840+0000] {dag.py:3239} INFO - Sync 1 DAGs
[2026-06-07T08:24:33.923+0000] {logging_mixin.py:190} INFO - [2026-06-07T08:24:33.923+0000] {dag.py:4180} INFO - Setting next_dagrun for example_trigger_controller_dag to 2021-01-01 00:00:00+00:00, run_after=2021-01-01 00:00:00+00:00
[2026-06-07T08:24:33.986+0000] {processor.py:208} INFO - Processing /home/airflow/.local/lib/python3.12/site-packages/airflow/example_dags/example_trigger_controller_dag.py took 0.322 seconds
[2026-06-07T08:25:08.383+0000] {processor.py:186} INFO - Started process (PID=1000) to work on /home/airflow/.local/lib/python3.12/site-packages/airflow/example_dags/example_trigger_controller_dag.py
[2026-06-07T08:25:08.387+0000] {processor.py:914} INFO - Processing file /home/airflow/.local/lib/python3.12/site-packages/airflow/example_dags/example_trigger_controller_dag.py for tasks to queue
[2026-06-07T08:25:08.401+0000] {logging_mixin.py:190} INFO - [2026-06-07T08:25:08.399+0000] {dagbag.py:588} INFO - Filling up the DagBag from /home/airflow/.local/lib/python3.12/site-packages/airflow/example_dags/example_trigger_controller_dag.py
[2026-06-07T08:25:08.438+0000] {processor.py:925} INFO - DAG(s) 'example_trigger_controller_dag' retrieved from /home/airflow/.local/lib/python3.12/site-packages/airflow/example_dags/example_trigger_controller_dag.py
[2026-06-07T08:25:08.602+0000] {logging_mixin.py:190} INFO - [2026-06-07T08:25:08.602+0000] {dag.py:3239} INFO - Sync 1 DAGs
[2026-06-07T08:25:08.699+0000] {logging_mixin.py:190} INFO - [2026-06-07T08:25:08.699+0000] {dag.py:4180} INFO - Setting next_dagrun for example_trigger_controller_dag to 2021-01-01 00:00:00+00:00, run_after=2021-01-01 00:00:00+00:00
[2026-06-07T08:25:08.780+0000] {processor.py:208} INFO - Processing /home/airflow/.local/lib/python3.12/site-packages/airflow/example_dags/example_trigger_controller_dag.py took 0.411 seconds
[2026-06-07T08:25:43.412+0000] {processor.py:186} INFO - Started process (PID=1062) to work on /home/airflow/.local/lib/python3.12/site-packages/airflow/example_dags/example_trigger_controller_dag.py
[2026-06-07T08:25:43.415+0000] {processor.py:914} INFO - Processing file /home/airflow/.local/lib/python3.12/site-packages/airflow/example_dags/example_trigger_controller_dag.py for tasks to queue
[2026-06-07T08:25:43.420+0000] {logging_mixin.py:190} INFO - [2026-06-07T08:25:43.419+0000] {dagbag.py:588} INFO - Filling up the DagBag from /home/airflow/.local/lib/python3.12/site-packages/airflow/example_dags/example_trigger_controller_dag.py
[2026-06-07T08:25:43.433+0000] {processor.py:925} INFO - DAG(s) 'example_trigger_controller_dag' retrieved from /home/airflow/.local/lib/python3.12/site-packages/airflow/example_dags/example_trigger_controller_dag.py
[2026-06-07T08:25:43.476+0000] {logging_mixin.py:190} INFO - [2026-06-07T08:25:43.476+0000] {dag.py:3239} INFO - Sync 1 DAGs
[2026-06-07T08:25:43.517+0000] {logging_mixin.py:190} INFO - [2026-06-07T08:25:43.516+0000] {dag.py:4180} INFO - Setting next_dagrun for example_trigger_controller_dag to 2021-01-01 00:00:00+00:00, run_after=2021-01-01 00:00:00+00:00
[2026-06-07T08:25:43.555+0000] {processor.py:208} INFO - Processing /home/airflow/.local/lib/python3.12/site-packages/airflow/example_dags/example_trigger_controller_dag.py took 0.152 seconds
[2026-06-07T08:26:22.928+0000] {processor.py:186} INFO - Started process (PID=1130) to work on /home/airflow/.local/lib/python3.12/site-packages/airflow/example_dags/example_trigger_controller_dag.py
[2026-06-07T08:26:22.930+0000] {processor.py:914} INFO - Processing file /home/airflow/.local/lib/python3.12/site-packages/airflow/example_dags/example_trigger_controller_dag.py for tasks to queue
[2026-06-07T08:26:22.951+0000] {logging_mixin.py:190} INFO - [2026-06-07T08:26:22.950+0000] {dagbag.py:588} INFO - Filling up the DagBag from /home/airflow/.local/lib/python3.12/site-packages/airflow/example_dags/example_trigger_controller_dag.py
[2026-06-07T08:26:22.974+0000] {processor.py:925} INFO - DAG(s) 'example_trigger_controller_dag' retrieved from /home/airflow/.local/lib/python3.12/site-packages/airflow/example_dags/example_trigger_controller_dag.py
[2026-06-07T08:26:23.045+0000] {logging_mixin.py:190} INFO - [2026-06-07T08:26:23.045+0000] {dag.py:3239} INFO - Sync 1 DAGs
[2026-06-07T08:26:23.088+0000] {logging_mixin.py:190} INFO - [2026-06-07T08:26:23.088+0000] {dag.py:4180} INFO - Setting next_dagrun for example_trigger_controller_dag to 2021-01-01 00:00:00+00:00, run_after=2021-01-01 00:00:00+00:00
[2026-06-07T08:26:23.127+0000] {processor.py:208} INFO - Processing /home/airflow/.local/lib/python3.12/site-packages/airflow/example_dags/example_trigger_controller_dag.py took 0.213 seconds
[2026-06-07T08:27:03.084+0000] {processor.py:186} INFO - Started process (PID=1192) to work on /home/airflow/.local/lib/python3.12/site-packages/airflow/example_dags/example_trigger_controller_dag.py
[2026-06-07T08:27:03.088+0000] {processor.py:914} INFO - Processing file /home/airflow/.local/lib/python3.12/site-packages/airflow/example_dags/example_trigger_controller_dag.py for tasks to queue
[2026-06-07T08:27:03.102+0000] {logging_mixin.py:190} INFO - [2026-06-07T08:27:03.101+0000] {dagbag.py:588} INFO - Filling up the DagBag from /home/airflow/.local/lib/python3.12/site-packages/airflow/example_dags/example_trigger_controller_dag.py
[2026-06-07T08:27:03.138+0000] {processor.py:925} INFO - DAG(s) 'example_trigger_controller_dag' retrieved from /home/airflow/.local/lib/python3.12/site-packages/airflow/example_dags/example_trigger_controller_dag.py
[2026-06-07T08:27:03.422+0000] {logging_mixin.py:190} INFO - [2026-06-07T08:27:03.421+0000] {dag.py:3239} INFO - Sync 1 DAGs
[2026-06-07T08:27:03.617+0000] {logging_mixin.py:190} INFO - [2026-06-07T08:27:03.616+0000] {dag.py:4180} INFO - Setting next_dagrun for example_trigger_controller_dag to 2021-01-01 00:00:00+00:00, run_after=2021-01-01 00:00:00+00:00
[2026-06-07T08:27:03.748+0000] {processor.py:208} INFO - Processing /home/airflow/.local/lib/python3.12/site-packages/airflow/example_dags/example_trigger_controller_dag.py took 0.691 seconds
[2026-06-07T08:27:48.406+0000] {processor.py:186} INFO - Started process (PID=1257) to work on /home/airflow/.local/lib/python3.12/site-packages/airflow/example_dags/example_trigger_controller_dag.py
[2026-06-07T08:27:48.408+0000] {processor.py:914} INFO - Processing file /home/airflow/.local/lib/python3.12/site-packages/airflow/example_dags/example_trigger_controller_dag.py for tasks to queue
[2026-06-07T08:27:48.415+0000] {logging_mixin.py:190} INFO - [2026-06-07T08:27:48.414+0000] {dagbag.py:588} INFO - Filling up the DagBag from /home/airflow/.local/lib/python3.12/site-packages/airflow/example_dags/example_trigger_controller_dag.py
[2026-06-07T08:27:48.429+0000] {processor.py:925} INFO - DAG(s) 'example_trigger_controller_dag' retrieved from /home/airflow/.local/lib/python3.12/site-packages/airflow/example_dags/example_trigger_controller_dag.py
[2026-06-07T08:27:48.494+0000] {logging_mixin.py:190} INFO - [2026-06-07T08:27:48.494+0000] {dag.py:3239} INFO - Sync 1 DAGs
[2026-06-07T08:27:48.552+0000] {logging_mixin.py:190} INFO - [2026-06-07T08:27:48.552+0000] {dag.py:4180} INFO - Setting next_dagrun for example_trigger_controller_dag to 2021-01-01 00:00:00+00:00, run_after=2021-01-01 00:00:00+00:00
[2026-06-07T08:27:48.619+0000] {processor.py:208} INFO - Processing /home/airflow/.local/lib/python3.12/site-packages/airflow/example_dags/example_trigger_controller_dag.py took 0.225 seconds
[2026-06-07T08:28:18.887+0000] {processor.py:186} INFO - Started process (PID=1318) to work on /home/airflow/.local/lib/python3.12/site-packages/airflow/example_dags/example_trigger_controller_dag.py
[2026-06-07T08:28:18.890+0000] {processor.py:914} INFO - Processing file /home/airflow/.local/lib/python3.12/site-packages/airflow/example_dags/example_trigger_controller_dag.py for tasks to queue
[2026-06-07T08:28:18.896+0000] {logging_mixin.py:190} INFO - [2026-06-07T08:28:18.896+0000] {dagbag.py:588} INFO - Filling up the DagBag from /home/airflow/.local/lib/python3.12/site-packages/airflow/example_dags/example_trigger_controller_dag.py
[2026-06-07T08:28:18.915+0000] {processor.py:925} INFO - DAG(s) 'example_trigger_controller_dag' retrieved from /home/airflow/.local/lib/python3.12/site-packages/airflow/example_dags/example_trigger_controller_dag.py
[2026-06-07T08:28:18.984+0000] {logging_mixin.py:190} INFO - [2026-06-07T08:28:18.983+0000] {dag.py:3239} INFO - Sync 1 DAGs
[2026-06-07T08:28:19.049+0000] {logging_mixin.py:190} INFO - [2026-06-07T08:28:19.048+0000] {dag.py:4180} INFO - Setting next_dagrun for example_trigger_controller_dag to 2021-01-01 00:00:00+00:00, run_after=2021-01-01 00:00:00+00:00
[2026-06-07T08:28:19.087+0000] {processor.py:208} INFO - Processing /home/airflow/.local/lib/python3.12/site-packages/airflow/example_dags/example_trigger_controller_dag.py took 0.211 seconds
[2026-06-07T08:28:52.554+0000] {processor.py:186} INFO - Started process (PID=1380) to work on /home/airflow/.local/lib/python3.12/site-packages/airflow/example_dags/example_trigger_controller_dag.py
[2026-06-07T08:28:52.557+0000] {processor.py:914} INFO - Processing file /home/airflow/.local/lib/python3.12/site-packages/airflow/example_dags/example_trigger_controller_dag.py for tasks to queue
[2026-06-07T08:28:52.562+0000] {logging_mixin.py:190} INFO - [2026-06-07T08:28:52.561+0000] {dagbag.py:588} INFO - Filling up the DagBag from /home/airflow/.local/lib/python3.12/site-packages/airflow/example_dags/example_trigger_controller_dag.py
[2026-06-07T08:28:52.577+0000] {processor.py:925} INFO - DAG(s) 'example_trigger_controller_dag' retrieved from /home/airflow/.local/lib/python3.12/site-packages/airflow/example_dags/example_trigger_controller_dag.py
[2026-06-07T08:28:52.623+0000] {logging_mixin.py:190} INFO - [2026-06-07T08:28:52.623+0000] {dag.py:3239} INFO - Sync 1 DAGs
[2026-06-07T08:28:52.668+0000] {logging_mixin.py:190} INFO - [2026-06-07T08:28:52.666+0000] {dag.py:4180} INFO - Setting next_dagrun for example_trigger_controller_dag to 2021-01-01 00:00:00+00:00, run_after=2021-01-01 00:00:00+00:00
[2026-06-07T08:28:52.700+0000] {processor.py:208} INFO - Processing /home/airflow/.local/lib/python3.12/site-packages/airflow/example_dags/example_trigger_controller_dag.py took 0.156 seconds
[2026-06-07T08:39:21.907+0000] {processor.py:186} INFO - Started process (PID=81) to work on /home/airflow/.local/lib/python3.12/site-packages/airflow/example_dags/example_trigger_controller_dag.py
[2026-06-07T08:39:21.911+0000] {processor.py:914} INFO - Processing file /home/airflow/.local/lib/python3.12/site-packages/airflow/example_dags/example_trigger_controller_dag.py for tasks to queue
[2026-06-07T08:39:21.923+0000] {logging_mixin.py:190} INFO - [2026-06-07T08:39:21.923+0000] {dagbag.py:588} INFO - Filling up the DagBag from /home/airflow/.local/lib/python3.12/site-packages/airflow/example_dags/example_trigger_controller_dag.py
[2026-06-07T08:39:21.945+0000] {processor.py:925} INFO - DAG(s) 'example_trigger_controller_dag' retrieved from /home/airflow/.local/lib/python3.12/site-packages/airflow/example_dags/example_trigger_controller_dag.py
[2026-06-07T08:39:22.001+0000] {logging_mixin.py:190} INFO - [2026-06-07T08:39:22.000+0000] {dag.py:3239} INFO - Sync 1 DAGs
[2026-06-07T08:39:22.059+0000] {logging_mixin.py:190} INFO - [2026-06-07T08:39:22.058+0000] {dag.py:4180} INFO - Setting next_dagrun for example_trigger_controller_dag to 2021-01-01 00:00:00+00:00, run_after=2021-01-01 00:00:00+00:00
[2026-06-07T08:39:22.105+0000] {processor.py:208} INFO - Processing /home/airflow/.local/lib/python3.12/site-packages/airflow/example_dags/example_trigger_controller_dag.py took 0.210 seconds
[2026-06-07T08:40:14.325+0000] {processor.py:186} INFO - Started process (PID=144) to work on /home/airflow/.local/lib/python3.12/site-packages/airflow/example_dags/example_trigger_controller_dag.py
[2026-06-07T08:40:14.328+0000] {processor.py:914} INFO - Processing file /home/airflow/.local/lib/python3.12/site-packages/airflow/example_dags/example_trigger_controller_dag.py for tasks to queue
[2026-06-07T08:40:14.336+0000] {logging_mixin.py:190} INFO - [2026-06-07T08:40:14.335+0000] {dagbag.py:588} INFO - Filling up the DagBag from /home/airflow/.local/lib/python3.12/site-packages/airflow/example_dags/example_trigger_controller_dag.py
[2026-06-07T08:40:14.353+0000] {processor.py:925} INFO - DAG(s) 'example_trigger_controller_dag' retrieved from /home/airflow/.local/lib/python3.12/site-packages/airflow/example_dags/example_trigger_controller_dag.py
[2026-06-07T08:40:14.413+0000] {logging_mixin.py:190} INFO - [2026-06-07T08:40:14.413+0000] {dag.py:3239} INFO - Sync 1 DAGs
[2026-06-07T08:40:14.464+0000] {logging_mixin.py:190} INFO - [2026-06-07T08:40:14.463+0000] {dag.py:4180} INFO - Setting next_dagrun for example_trigger_controller_dag to 2021-01-01 00:00:00+00:00, run_after=2021-01-01 00:00:00+00:00
[2026-06-07T08:40:14.503+0000] {processor.py:208} INFO - Processing /home/airflow/.local/lib/python3.12/site-packages/airflow/example_dags/example_trigger_controller_dag.py took 0.190 seconds
[2026-06-07T08:40:55.849+0000] {processor.py:186} INFO - Started process (PID=203) to work on /home/airflow/.local/lib/python3.12/site-packages/airflow/example_dags/example_trigger_controller_dag.py
[2026-06-07T08:40:55.852+0000] {processor.py:914} INFO - Processing file /home/airflow/.local/lib/python3.12/site-packages/airflow/example_dags/example_trigger_controller_dag.py for tasks to queue
[2026-06-07T08:40:55.858+0000] {logging_mixin.py:190} INFO - [2026-06-07T08:40:55.857+0000] {dagbag.py:588} INFO - Filling up the DagBag from /home/airflow/.local/lib/python3.12/site-packages/airflow/example_dags/example_trigger_controller_dag.py
[2026-06-07T08:40:55.875+0000] {processor.py:925} INFO - DAG(s) 'example_trigger_controller_dag' retrieved from /home/airflow/.local/lib/python3.12/site-packages/airflow/example_dags/example_trigger_controller_dag.py
[2026-06-07T08:40:55.929+0000] {logging_mixin.py:190} INFO - [2026-06-07T08:40:55.928+0000] {dag.py:3239} INFO - Sync 1 DAGs
[2026-06-07T08:40:55.995+0000] {logging_mixin.py:190} INFO - [2026-06-07T08:40:55.994+0000] {dag.py:4180} INFO - Setting next_dagrun for example_trigger_controller_dag to 2021-01-01 00:00:00+00:00, run_after=2021-01-01 00:00:00+00:00
[2026-06-07T08:40:56.085+0000] {processor.py:208} INFO - Processing /home/airflow/.local/lib/python3.12/site-packages/airflow/example_dags/example_trigger_controller_dag.py took 0.248 seconds
[2026-06-07T08:41:28.647+0000] {processor.py:186} INFO - Started process (PID=265) to work on /home/airflow/.local/lib/python3.12/site-packages/airflow/example_dags/example_trigger_controller_dag.py
[2026-06-07T08:41:28.653+0000] {processor.py:914} INFO - Processing file /home/airflow/.local/lib/python3.12/site-packages/airflow/example_dags/example_trigger_controller_dag.py for tasks to queue
[2026-06-07T08:41:28.674+0000] {logging_mixin.py:190} INFO - [2026-06-07T08:41:28.671+0000] {dagbag.py:588} INFO - Filling up the DagBag from /home/airflow/.local/lib/python3.12/site-packages/airflow/example_dags/example_trigger_controller_dag.py
[2026-06-07T08:41:28.707+0000] {processor.py:925} INFO - DAG(s) 'example_trigger_controller_dag' retrieved from /home/airflow/.local/lib/python3.12/site-packages/airflow/example_dags/example_trigger_controller_dag.py
[2026-06-07T08:41:28.831+0000] {logging_mixin.py:190} INFO - [2026-06-07T08:41:28.831+0000] {dag.py:3239} INFO - Sync 1 DAGs
[2026-06-07T08:41:28.918+0000] {logging_mixin.py:190} INFO - [2026-06-07T08:41:28.917+0000] {dag.py:4180} INFO - Setting next_dagrun for example_trigger_controller_dag to 2021-01-01 00:00:00+00:00, run_after=2021-01-01 00:00:00+00:00
[2026-06-07T08:41:29.009+0000] {processor.py:208} INFO - Processing /home/airflow/.local/lib/python3.12/site-packages/airflow/example_dags/example_trigger_controller_dag.py took 0.401 seconds
[2026-06-07T08:42:01.654+0000] {processor.py:186} INFO - Started process (PID=325) to work on /home/airflow/.local/lib/python3.12/site-packages/airflow/example_dags/example_trigger_controller_dag.py
[2026-06-07T08:42:01.657+0000] {processor.py:914} INFO - Processing file /home/airflow/.local/lib/python3.12/site-packages/airflow/example_dags/example_trigger_controller_dag.py for tasks to queue
[2026-06-07T08:42:01.664+0000] {logging_mixin.py:190} INFO - [2026-06-07T08:42:01.663+0000] {dagbag.py:588} INFO - Filling up the DagBag from /home/airflow/.local/lib/python3.12/site-packages/airflow/example_dags/example_trigger_controller_dag.py
[2026-06-07T08:42:01.680+0000] {processor.py:925} INFO - DAG(s) 'example_trigger_controller_dag' retrieved from /home/airflow/.local/lib/python3.12/site-packages/airflow/example_dags/example_trigger_controller_dag.py
[2026-06-07T08:42:01.757+0000] {logging_mixin.py:190} INFO - [2026-06-07T08:42:01.756+0000] {dag.py:3239} INFO - Sync 1 DAGs
[2026-06-07T08:42:01.820+0000] {logging_mixin.py:190} INFO - [2026-06-07T08:42:01.819+0000] {dag.py:4180} INFO - Setting next_dagrun for example_trigger_controller_dag to 2021-01-01 00:00:00+00:00, run_after=2021-01-01 00:00:00+00:00
[2026-06-07T08:42:01.889+0000] {processor.py:208} INFO - Processing /home/airflow/.local/lib/python3.12/site-packages/airflow/example_dags/example_trigger_controller_dag.py took 0.250 seconds
[2026-06-07T08:42:39.940+0000] {processor.py:186} INFO - Started process (PID=376) to work on /home/airflow/.local/lib/python3.12/site-packages/airflow/example_dags/example_trigger_controller_dag.py
[2026-06-07T08:42:39.943+0000] {processor.py:914} INFO - Processing file /home/airflow/.local/lib/python3.12/site-packages/airflow/example_dags/example_trigger_controller_dag.py for tasks to queue
[2026-06-07T08:42:39.949+0000] {logging_mixin.py:190} INFO - [2026-06-07T08:42:39.948+0000] {dagbag.py:588} INFO - Filling up the DagBag from /home/airflow/.local/lib/python3.12/site-packages/airflow/example_dags/example_trigger_controller_dag.py
[2026-06-07T08:42:39.964+0000] {processor.py:925} INFO - DAG(s) 'example_trigger_controller_dag' retrieved from /home/airflow/.local/lib/python3.12/site-packages/airflow/example_dags/example_trigger_controller_dag.py
[2026-06-07T08:42:40.019+0000] {logging_mixin.py:190} INFO - [2026-06-07T08:42:40.018+0000] {dag.py:3239} INFO - Sync 1 DAGs
[2026-06-07T08:42:40.068+0000] {logging_mixin.py:190} INFO - [2026-06-07T08:42:40.067+0000] {dag.py:4180} INFO - Setting next_dagrun for example_trigger_controller_dag to 2021-01-01 00:00:00+00:00, run_after=2021-01-01 00:00:00+00:00
[2026-06-07T08:42:40.111+0000] {processor.py:208} INFO - Processing /home/airflow/.local/lib/python3.12/site-packages/airflow/example_dags/example_trigger_controller_dag.py took 0.183 seconds
[2026-06-07T08:43:21.465+0000] {processor.py:186} INFO - Started process (PID=438) to work on /home/airflow/.local/lib/python3.12/site-packages/airflow/example_dags/example_trigger_controller_dag.py
[2026-06-07T08:43:21.467+0000] {processor.py:914} INFO - Processing file /home/airflow/.local/lib/python3.12/site-packages/airflow/example_dags/example_trigger_controller_dag.py for tasks to queue
[2026-06-07T08:43:21.471+0000] {logging_mixin.py:190} INFO - [2026-06-07T08:43:21.471+0000] {dagbag.py:588} INFO - Filling up the DagBag from /home/airflow/.local/lib/python3.12/site-packages/airflow/example_dags/example_trigger_controller_dag.py
[2026-06-07T08:43:21.482+0000] {processor.py:925} INFO - DAG(s) 'example_trigger_controller_dag' retrieved from /home/airflow/.local/lib/python3.12/site-packages/airflow/example_dags/example_trigger_controller_dag.py
[2026-06-07T08:43:21.521+0000] {logging_mixin.py:190} INFO - [2026-06-07T08:43:21.520+0000] {dag.py:3239} INFO - Sync 1 DAGs
[2026-06-07T08:43:21.560+0000] {logging_mixin.py:190} INFO - [2026-06-07T08:43:21.560+0000] {dag.py:4180} INFO - Setting next_dagrun for example_trigger_controller_dag to 2021-01-01 00:00:00+00:00, run_after=2021-01-01 00:00:00+00:00
[2026-06-07T08:43:21.594+0000] {processor.py:208} INFO - Processing /home/airflow/.local/lib/python3.12/site-packages/airflow/example_dags/example_trigger_controller_dag.py took 0.138 seconds
[2026-06-07T08:43:52.535+0000] {processor.py:186} INFO - Started process (PID=505) to work on /home/airflow/.local/lib/python3.12/site-packages/airflow/example_dags/example_trigger_controller_dag.py
[2026-06-07T08:43:52.538+0000] {processor.py:914} INFO - Processing file /home/airflow/.local/lib/python3.12/site-packages/airflow/example_dags/example_trigger_controller_dag.py for tasks to queue
[2026-06-07T08:43:52.547+0000] {logging_mixin.py:190} INFO - [2026-06-07T08:43:52.544+0000] {dagbag.py:588} INFO - Filling up the DagBag from /home/airflow/.local/lib/python3.12/site-packages/airflow/example_dags/example_trigger_controller_dag.py
[2026-06-07T08:43:52.569+0000] {processor.py:925} INFO - DAG(s) 'example_trigger_controller_dag' retrieved from /home/airflow/.local/lib/python3.12/site-packages/airflow/example_dags/example_trigger_controller_dag.py
[2026-06-07T08:43:52.637+0000] {logging_mixin.py:190} INFO - [2026-06-07T08:43:52.636+0000] {dag.py:3239} INFO - Sync 1 DAGs
[2026-06-07T08:43:52.712+0000] {logging_mixin.py:190} INFO - [2026-06-07T08:43:52.712+0000] {dag.py:4180} INFO - Setting next_dagrun for example_trigger_controller_dag to 2021-01-01 00:00:00+00:00, run_after=2021-01-01 00:00:00+00:00
[2026-06-07T08:43:52.771+0000] {processor.py:208} INFO - Processing /home/airflow/.local/lib/python3.12/site-packages/airflow/example_dags/example_trigger_controller_dag.py took 0.251 seconds
[2026-06-07T08:44:32.098+0000] {processor.py:186} INFO - Started process (PID=564) to work on /home/airflow/.local/lib/python3.12/site-packages/airflow/example_dags/example_trigger_controller_dag.py
[2026-06-07T08:44:32.101+0000] {processor.py:914} INFO - Processing file /home/airflow/.local/lib/python3.12/site-packages/airflow/example_dags/example_trigger_controller_dag.py for tasks to queue
[2026-06-07T08:44:32.108+0000] {logging_mixin.py:190} INFO - [2026-06-07T08:44:32.107+0000] {dagbag.py:588} INFO - Filling up the DagBag from /home/airflow/.local/lib/python3.12/site-packages/airflow/example_dags/example_trigger_controller_dag.py
[2026-06-07T08:44:32.124+0000] {processor.py:925} INFO - DAG(s) 'example_trigger_controller_dag' retrieved from /home/airflow/.local/lib/python3.12/site-packages/airflow/example_dags/example_trigger_controller_dag.py
[2026-06-07T08:44:32.179+0000] {logging_mixin.py:190} INFO - [2026-06-07T08:44:32.179+0000] {dag.py:3239} INFO - Sync 1 DAGs
[2026-06-07T08:44:32.239+0000] {logging_mixin.py:190} INFO - [2026-06-07T08:44:32.239+0000] {dag.py:4180} INFO - Setting next_dagrun for example_trigger_controller_dag to 2021-01-01 00:00:00+00:00, run_after=2021-01-01 00:00:00+00:00
[2026-06-07T08:44:32.542+0000] {processor.py:208} INFO - Processing /home/airflow/.local/lib/python3.12/site-packages/airflow/example_dags/example_trigger_controller_dag.py took 0.459 seconds
[2026-06-07T08:45:11.526+0000] {processor.py:186} INFO - Started process (PID=625) to work on /home/airflow/.local/lib/python3.12/site-packages/airflow/example_dags/example_trigger_controller_dag.py
[2026-06-07T08:45:11.531+0000] {processor.py:914} INFO - Processing file /home/airflow/.local/lib/python3.12/site-packages/airflow/example_dags/example_trigger_controller_dag.py for tasks to queue
[2026-06-07T08:45:11.539+0000] {logging_mixin.py:190} INFO - [2026-06-07T08:45:11.539+0000] {dagbag.py:588} INFO - Filling up the DagBag from /home/airflow/.local/lib/python3.12/site-packages/airflow/example_dags/example_trigger_controller_dag.py
[2026-06-07T08:45:11.573+0000] {processor.py:925} INFO - DAG(s) 'example_trigger_controller_dag' retrieved from /home/airflow/.local/lib/python3.12/site-packages/airflow/example_dags/example_trigger_controller_dag.py
[2026-06-07T08:45:11.634+0000] {logging_mixin.py:190} INFO - [2026-06-07T08:45:11.634+0000] {dag.py:3239} INFO - Sync 1 DAGs
[2026-06-07T08:45:11.690+0000] {logging_mixin.py:190} INFO - [2026-06-07T08:45:11.690+0000] {dag.py:4180} INFO - Setting next_dagrun for example_trigger_controller_dag to 2021-01-01 00:00:00+00:00, run_after=2021-01-01 00:00:00+00:00
[2026-06-07T08:45:11.741+0000] {processor.py:208} INFO - Processing /home/airflow/.local/lib/python3.12/site-packages/airflow/example_dags/example_trigger_controller_dag.py took 0.229 seconds
[2026-06-07T08:45:52.901+0000] {processor.py:186} INFO - Started process (PID=688) to work on /home/airflow/.local/lib/python3.12/site-packages/airflow/example_dags/example_trigger_controller_dag.py
[2026-06-07T08:45:52.904+0000] {processor.py:914} INFO - Processing file /home/airflow/.local/lib/python3.12/site-packages/airflow/example_dags/example_trigger_controller_dag.py for tasks to queue
[2026-06-07T08:45:52.912+0000] {logging_mixin.py:190} INFO - [2026-06-07T08:45:52.912+0000] {dagbag.py:588} INFO - Filling up the DagBag from /home/airflow/.local/lib/python3.12/site-packages/airflow/example_dags/example_trigger_controller_dag.py
[2026-06-07T08:45:52.929+0000] {processor.py:925} INFO - DAG(s) 'example_trigger_controller_dag' retrieved from /home/airflow/.local/lib/python3.12/site-packages/airflow/example_dags/example_trigger_controller_dag.py
[2026-06-07T08:45:52.995+0000] {logging_mixin.py:190} INFO - [2026-06-07T08:45:52.994+0000] {dag.py:3239} INFO - Sync 1 DAGs
[2026-06-07T08:45:53.048+0000] {logging_mixin.py:190} INFO - [2026-06-07T08:45:53.048+0000] {dag.py:4180} INFO - Setting next_dagrun for example_trigger_controller_dag to 2021-01-01 00:00:00+00:00, run_after=2021-01-01 00:00:00+00:00
[2026-06-07T08:45:53.084+0000] {processor.py:208} INFO - Processing /home/airflow/.local/lib/python3.12/site-packages/airflow/example_dags/example_trigger_controller_dag.py took 0.196 seconds
[2026-06-07T08:46:31.975+0000] {processor.py:186} INFO - Started process (PID=756) to work on /home/airflow/.local/lib/python3.12/site-packages/airflow/example_dags/example_trigger_controller_dag.py
[2026-06-07T08:46:31.977+0000] {processor.py:914} INFO - Processing file /home/airflow/.local/lib/python3.12/site-packages/airflow/example_dags/example_trigger_controller_dag.py for tasks to queue
[2026-06-07T08:46:31.981+0000] {logging_mixin.py:190} INFO - [2026-06-07T08:46:31.980+0000] {dagbag.py:588} INFO - Filling up the DagBag from /home/airflow/.local/lib/python3.12/site-packages/airflow/example_dags/example_trigger_controller_dag.py
[2026-06-07T08:46:31.992+0000] {processor.py:925} INFO - DAG(s) 'example_trigger_controller_dag' retrieved from /home/airflow/.local/lib/python3.12/site-packages/airflow/example_dags/example_trigger_controller_dag.py
[2026-06-07T08:46:32.036+0000] {logging_mixin.py:190} INFO - [2026-06-07T08:46:32.036+0000] {dag.py:3239} INFO - Sync 1 DAGs
[2026-06-07T08:46:32.074+0000] {logging_mixin.py:190} INFO - [2026-06-07T08:46:32.074+0000] {dag.py:4180} INFO - Setting next_dagrun for example_trigger_controller_dag to 2021-01-01 00:00:00+00:00, run_after=2021-01-01 00:00:00+00:00
[2026-06-07T08:46:32.103+0000] {processor.py:208} INFO - Processing /home/airflow/.local/lib/python3.12/site-packages/airflow/example_dags/example_trigger_controller_dag.py took 0.138 seconds
[2026-06-07T08:47:02.308+0000] {processor.py:186} INFO - Started process (PID=817) to work on /home/airflow/.local/lib/python3.12/site-packages/airflow/example_dags/example_trigger_controller_dag.py
[2026-06-07T08:47:02.310+0000] {processor.py:914} INFO - Processing file /home/airflow/.local/lib/python3.12/site-packages/airflow/example_dags/example_trigger_controller_dag.py for tasks to queue
[2026-06-07T08:47:02.321+0000] {logging_mixin.py:190} INFO - [2026-06-07T08:47:02.320+0000] {dagbag.py:588} INFO - Filling up the DagBag from /home/airflow/.local/lib/python3.12/site-packages/airflow/example_dags/example_trigger_controller_dag.py
[2026-06-07T08:47:02.345+0000] {processor.py:925} INFO - DAG(s) 'example_trigger_controller_dag' retrieved from /home/airflow/.local/lib/python3.12/site-packages/airflow/example_dags/example_trigger_controller_dag.py
[2026-06-07T08:47:02.411+0000] {logging_mixin.py:190} INFO - [2026-06-07T08:47:02.408+0000] {dag.py:3239} INFO - Sync 1 DAGs
[2026-06-07T08:47:02.460+0000] {logging_mixin.py:190} INFO - [2026-06-07T08:47:02.460+0000] {dag.py:4180} INFO - Setting next_dagrun for example_trigger_controller_dag to 2021-01-01 00:00:00+00:00, run_after=2021-01-01 00:00:00+00:00
[2026-06-07T08:47:02.516+0000] {processor.py:208} INFO - Processing /home/airflow/.local/lib/python3.12/site-packages/airflow/example_dags/example_trigger_controller_dag.py took 0.222 seconds
[2026-06-07T08:47:41.779+0000] {processor.py:186} INFO - Started process (PID=879) to work on /home/airflow/.local/lib/python3.12/site-packages/airflow/example_dags/example_trigger_controller_dag.py
[2026-06-07T08:47:41.781+0000] {processor.py:914} INFO - Processing file /home/airflow/.local/lib/python3.12/site-packages/airflow/example_dags/example_trigger_controller_dag.py for tasks to queue
[2026-06-07T08:47:41.789+0000] {logging_mixin.py:190} INFO - [2026-06-07T08:47:41.788+0000] {dagbag.py:588} INFO - Filling up the DagBag from /home/airflow/.local/lib/python3.12/site-packages/airflow/example_dags/example_trigger_controller_dag.py
[2026-06-07T08:47:41.806+0000] {processor.py:925} INFO - DAG(s) 'example_trigger_controller_dag' retrieved from /home/airflow/.local/lib/python3.12/site-packages/airflow/example_dags/example_trigger_controller_dag.py
[2026-06-07T08:47:41.868+0000] {logging_mixin.py:190} INFO - [2026-06-07T08:47:41.867+0000] {dag.py:3239} INFO - Sync 1 DAGs
[2026-06-07T08:47:41.956+0000] {logging_mixin.py:190} INFO - [2026-06-07T08:47:41.955+0000] {dag.py:4180} INFO - Setting next_dagrun for example_trigger_controller_dag to 2021-01-01 00:00:00+00:00, run_after=2021-01-01 00:00:00+00:00
[2026-06-07T08:47:42.009+0000] {processor.py:208} INFO - Processing /home/airflow/.local/lib/python3.12/site-packages/airflow/example_dags/example_trigger_controller_dag.py took 0.245 seconds
[2026-06-07T08:48:14.061+0000] {processor.py:186} INFO - Started process (PID=925) to work on /home/airflow/.local/lib/python3.12/site-packages/airflow/example_dags/example_trigger_controller_dag.py
[2026-06-07T08:48:14.066+0000] {processor.py:914} INFO - Processing file /home/airflow/.local/lib/python3.12/site-packages/airflow/example_dags/example_trigger_controller_dag.py for tasks to queue
[2026-06-07T08:48:14.081+0000] {logging_mixin.py:190} INFO - [2026-06-07T08:48:14.077+0000] {dagbag.py:588} INFO - Filling up the DagBag from /home/airflow/.local/lib/python3.12/site-packages/airflow/example_dags/example_trigger_controller_dag.py
[2026-06-07T08:48:14.099+0000] {processor.py:925} INFO - DAG(s) 'example_trigger_controller_dag' retrieved from /home/airflow/.local/lib/python3.12/site-packages/airflow/example_dags/example_trigger_controller_dag.py
[2026-06-07T08:48:14.158+0000] {logging_mixin.py:190} INFO - [2026-06-07T08:48:14.157+0000] {dag.py:3239} INFO - Sync 1 DAGs
[2026-06-07T08:48:14.226+0000] {logging_mixin.py:190} INFO - [2026-06-07T08:48:14.226+0000] {dag.py:4180} INFO - Setting next_dagrun for example_trigger_controller_dag to 2021-01-01 00:00:00+00:00, run_after=2021-01-01 00:00:00+00:00
[2026-06-07T08:48:14.265+0000] {processor.py:208} INFO - Processing /home/airflow/.local/lib/python3.12/site-packages/airflow/example_dags/example_trigger_controller_dag.py took 0.219 seconds
[2026-06-07T08:48:50.742+0000] {processor.py:186} INFO - Started process (PID=967) to work on /home/airflow/.local/lib/python3.12/site-packages/airflow/example_dags/example_trigger_controller_dag.py
[2026-06-07T08:48:50.745+0000] {processor.py:914} INFO - Processing file /home/airflow/.local/lib/python3.12/site-packages/airflow/example_dags/example_trigger_controller_dag.py for tasks to queue
[2026-06-07T08:48:50.753+0000] {logging_mixin.py:190} INFO - [2026-06-07T08:48:50.752+0000] {dagbag.py:588} INFO - Filling up the DagBag from /home/airflow/.local/lib/python3.12/site-packages/airflow/example_dags/example_trigger_controller_dag.py
[2026-06-07T08:48:50.775+0000] {processor.py:925} INFO - DAG(s) 'example_trigger_controller_dag' retrieved from /home/airflow/.local/lib/python3.12/site-packages/airflow/example_dags/example_trigger_controller_dag.py
[2026-06-07T08:48:50.844+0000] {logging_mixin.py:190} INFO - [2026-06-07T08:48:50.844+0000] {dag.py:3239} INFO - Sync 1 DAGs
[2026-06-07T08:48:50.933+0000] {logging_mixin.py:190} INFO - [2026-06-07T08:48:50.932+0000] {dag.py:4180} INFO - Setting next_dagrun for example_trigger_controller_dag to 2021-01-01 00:00:00+00:00, run_after=2021-01-01 00:00:00+00:00
[2026-06-07T08:48:51.047+0000] {processor.py:208} INFO - Processing /home/airflow/.local/lib/python3.12/site-packages/airflow/example_dags/example_trigger_controller_dag.py took 0.323 seconds
[2026-06-07T08:49:22.302+0000] {processor.py:186} INFO - Started process (PID=1026) to work on /home/airflow/.local/lib/python3.12/site-packages/airflow/example_dags/example_trigger_controller_dag.py
[2026-06-07T08:49:22.305+0000] {processor.py:914} INFO - Processing file /home/airflow/.local/lib/python3.12/site-packages/airflow/example_dags/example_trigger_controller_dag.py for tasks to queue
[2026-06-07T08:49:22.313+0000] {logging_mixin.py:190} INFO - [2026-06-07T08:49:22.311+0000] {dagbag.py:588} INFO - Filling up the DagBag from /home/airflow/.local/lib/python3.12/site-packages/airflow/example_dags/example_trigger_controller_dag.py
[2026-06-07T08:49:22.328+0000] {processor.py:925} INFO - DAG(s) 'example_trigger_controller_dag' retrieved from /home/airflow/.local/lib/python3.12/site-packages/airflow/example_dags/example_trigger_controller_dag.py
[2026-06-07T08:49:22.380+0000] {logging_mixin.py:190} INFO - [2026-06-07T08:49:22.380+0000] {dag.py:3239} INFO - Sync 1 DAGs
[2026-06-07T08:49:22.449+0000] {logging_mixin.py:190} INFO - [2026-06-07T08:49:22.445+0000] {dag.py:4180} INFO - Setting next_dagrun for example_trigger_controller_dag to 2021-01-01 00:00:00+00:00, run_after=2021-01-01 00:00:00+00:00
[2026-06-07T08:49:22.504+0000] {processor.py:208} INFO - Processing /home/airflow/.local/lib/python3.12/site-packages/airflow/example_dags/example_trigger_controller_dag.py took 0.215 seconds
[2026-06-07T08:50:01.258+0000] {processor.py:186} INFO - Started process (PID=1085) to work on /home/airflow/.local/lib/python3.12/site-packages/airflow/example_dags/example_trigger_controller_dag.py
[2026-06-07T08:50:01.260+0000] {processor.py:914} INFO - Processing file /home/airflow/.local/lib/python3.12/site-packages/airflow/example_dags/example_trigger_controller_dag.py for tasks to queue
[2026-06-07T08:50:01.268+0000] {logging_mixin.py:190} INFO - [2026-06-07T08:50:01.267+0000] {dagbag.py:588} INFO - Filling up the DagBag from /home/airflow/.local/lib/python3.12/site-packages/airflow/example_dags/example_trigger_controller_dag.py
[2026-06-07T08:50:01.283+0000] {processor.py:925} INFO - DAG(s) 'example_trigger_controller_dag' retrieved from /home/airflow/.local/lib/python3.12/site-packages/airflow/example_dags/example_trigger_controller_dag.py
[2026-06-07T08:50:01.333+0000] {logging_mixin.py:190} INFO - [2026-06-07T08:50:01.332+0000] {dag.py:3239} INFO - Sync 1 DAGs
[2026-06-07T08:50:01.381+0000] {logging_mixin.py:190} INFO - [2026-06-07T08:50:01.381+0000] {dag.py:4180} INFO - Setting next_dagrun for example_trigger_controller_dag to 2021-01-01 00:00:00+00:00, run_after=2021-01-01 00:00:00+00:00
[2026-06-07T08:50:01.422+0000] {processor.py:208} INFO - Processing /home/airflow/.local/lib/python3.12/site-packages/airflow/example_dags/example_trigger_controller_dag.py took 0.180 seconds
[2026-06-07T08:50:38.098+0000] {processor.py:186} INFO - Started process (PID=1146) to work on /home/airflow/.local/lib/python3.12/site-packages/airflow/example_dags/example_trigger_controller_dag.py
[2026-06-07T08:50:38.100+0000] {processor.py:914} INFO - Processing file /home/airflow/.local/lib/python3.12/site-packages/airflow/example_dags/example_trigger_controller_dag.py for tasks to queue
[2026-06-07T08:50:38.105+0000] {logging_mixin.py:190} INFO - [2026-06-07T08:50:38.104+0000] {dagbag.py:588} INFO - Filling up the DagBag from /home/airflow/.local/lib/python3.12/site-packages/airflow/example_dags/example_trigger_controller_dag.py
[2026-06-07T08:50:38.119+0000] {processor.py:925} INFO - DAG(s) 'example_trigger_controller_dag' retrieved from /home/airflow/.local/lib/python3.12/site-packages/airflow/example_dags/example_trigger_controller_dag.py
[2026-06-07T08:50:38.166+0000] {logging_mixin.py:190} INFO - [2026-06-07T08:50:38.165+0000] {dag.py:3239} INFO - Sync 1 DAGs
[2026-06-07T08:50:38.213+0000] {logging_mixin.py:190} INFO - [2026-06-07T08:50:38.212+0000] {dag.py:4180} INFO - Setting next_dagrun for example_trigger_controller_dag to 2021-01-01 00:00:00+00:00, run_after=2021-01-01 00:00:00+00:00
[2026-06-07T08:50:38.250+0000] {processor.py:208} INFO - Processing /home/airflow/.local/lib/python3.12/site-packages/airflow/example_dags/example_trigger_controller_dag.py took 0.164 seconds
[2026-06-07T08:51:11.680+0000] {processor.py:186} INFO - Started process (PID=1206) to work on /home/airflow/.local/lib/python3.12/site-packages/airflow/example_dags/example_trigger_controller_dag.py
[2026-06-07T08:51:11.685+0000] {processor.py:914} INFO - Processing file /home/airflow/.local/lib/python3.12/site-packages/airflow/example_dags/example_trigger_controller_dag.py for tasks to queue
[2026-06-07T08:51:11.691+0000] {logging_mixin.py:190} INFO - [2026-06-07T08:51:11.690+0000] {dagbag.py:588} INFO - Filling up the DagBag from /home/airflow/.local/lib/python3.12/site-packages/airflow/example_dags/example_trigger_controller_dag.py
[2026-06-07T08:51:11.707+0000] {processor.py:925} INFO - DAG(s) 'example_trigger_controller_dag' retrieved from /home/airflow/.local/lib/python3.12/site-packages/airflow/example_dags/example_trigger_controller_dag.py
[2026-06-07T08:51:11.776+0000] {logging_mixin.py:190} INFO - [2026-06-07T08:51:11.776+0000] {dag.py:3239} INFO - Sync 1 DAGs
[2026-06-07T08:51:11.847+0000] {logging_mixin.py:190} INFO - [2026-06-07T08:51:11.847+0000] {dag.py:4180} INFO - Setting next_dagrun for example_trigger_controller_dag to 2021-01-01 00:00:00+00:00, run_after=2021-01-01 00:00:00+00:00
[2026-06-07T08:51:11.899+0000] {processor.py:208} INFO - Processing /home/airflow/.local/lib/python3.12/site-packages/airflow/example_dags/example_trigger_controller_dag.py took 0.232 seconds
[2026-06-07T08:51:53.432+0000] {processor.py:186} INFO - Started process (PID=1257) to work on /home/airflow/.local/lib/python3.12/site-packages/airflow/example_dags/example_trigger_controller_dag.py
[2026-06-07T08:51:53.435+0000] {processor.py:914} INFO - Processing file /home/airflow/.local/lib/python3.12/site-packages/airflow/example_dags/example_trigger_controller_dag.py for tasks to queue
[2026-06-07T08:51:53.441+0000] {logging_mixin.py:190} INFO - [2026-06-07T08:51:53.440+0000] {dagbag.py:588} INFO - Filling up the DagBag from /home/airflow/.local/lib/python3.12/site-packages/airflow/example_dags/example_trigger_controller_dag.py
[2026-06-07T08:51:53.455+0000] {processor.py:925} INFO - DAG(s) 'example_trigger_controller_dag' retrieved from /home/airflow/.local/lib/python3.12/site-packages/airflow/example_dags/example_trigger_controller_dag.py
[2026-06-07T08:51:53.505+0000] {logging_mixin.py:190} INFO - [2026-06-07T08:51:53.505+0000] {dag.py:3239} INFO - Sync 1 DAGs
[2026-06-07T08:51:53.569+0000] {logging_mixin.py:190} INFO - [2026-06-07T08:51:53.567+0000] {dag.py:4180} INFO - Setting next_dagrun for example_trigger_controller_dag to 2021-01-01 00:00:00+00:00, run_after=2021-01-01 00:00:00+00:00
[2026-06-07T08:51:53.621+0000] {processor.py:208} INFO - Processing /home/airflow/.local/lib/python3.12/site-packages/airflow/example_dags/example_trigger_controller_dag.py took 0.200 seconds
[2026-06-07T08:52:34.605+0000] {processor.py:186} INFO - Started process (PID=1326) to work on /home/airflow/.local/lib/python3.12/site-packages/airflow/example_dags/example_trigger_controller_dag.py
[2026-06-07T08:52:34.608+0000] {processor.py:914} INFO - Processing file /home/airflow/.local/lib/python3.12/site-packages/airflow/example_dags/example_trigger_controller_dag.py for tasks to queue
[2026-06-07T08:52:34.614+0000] {logging_mixin.py:190} INFO - [2026-06-07T08:52:34.613+0000] {dagbag.py:588} INFO - Filling up the DagBag from /home/airflow/.local/lib/python3.12/site-packages/airflow/example_dags/example_trigger_controller_dag.py
[2026-06-07T08:52:34.626+0000] {processor.py:925} INFO - DAG(s) 'example_trigger_controller_dag' retrieved from /home/airflow/.local/lib/python3.12/site-packages/airflow/example_dags/example_trigger_controller_dag.py
[2026-06-07T08:52:34.677+0000] {logging_mixin.py:190} INFO - [2026-06-07T08:52:34.676+0000] {dag.py:3239} INFO - Sync 1 DAGs
[2026-06-07T08:52:34.728+0000] {logging_mixin.py:190} INFO - [2026-06-07T08:52:34.728+0000] {dag.py:4180} INFO - Setting next_dagrun for example_trigger_controller_dag to 2021-01-01 00:00:00+00:00, run_after=2021-01-01 00:00:00+00:00
[2026-06-07T08:52:34.768+0000] {processor.py:208} INFO - Processing /home/airflow/.local/lib/python3.12/site-packages/airflow/example_dags/example_trigger_controller_dag.py took 0.178 seconds
[2026-06-07T08:53:21.497+0000] {processor.py:186} INFO - Started process (PID=1388) to work on /home/airflow/.local/lib/python3.12/site-packages/airflow/example_dags/example_trigger_controller_dag.py
[2026-06-07T08:53:21.499+0000] {processor.py:914} INFO - Processing file /home/airflow/.local/lib/python3.12/site-packages/airflow/example_dags/example_trigger_controller_dag.py for tasks to queue
[2026-06-07T08:53:21.505+0000] {logging_mixin.py:190} INFO - [2026-06-07T08:53:21.504+0000] {dagbag.py:588} INFO - Filling up the DagBag from /home/airflow/.local/lib/python3.12/site-packages/airflow/example_dags/example_trigger_controller_dag.py
[2026-06-07T08:53:21.524+0000] {processor.py:925} INFO - DAG(s) 'example_trigger_controller_dag' retrieved from /home/airflow/.local/lib/python3.12/site-packages/airflow/example_dags/example_trigger_controller_dag.py
[2026-06-07T08:53:21.606+0000] {logging_mixin.py:190} INFO - [2026-06-07T08:53:21.605+0000] {dag.py:3239} INFO - Sync 1 DAGs
[2026-06-07T08:53:21.775+0000] {logging_mixin.py:190} INFO - [2026-06-07T08:53:21.774+0000] {dag.py:4180} INFO - Setting next_dagrun for example_trigger_controller_dag to 2021-01-01 00:00:00+00:00, run_after=2021-01-01 00:00:00+00:00
[2026-06-07T08:53:21.866+0000] {processor.py:208} INFO - Processing /home/airflow/.local/lib/python3.12/site-packages/airflow/example_dags/example_trigger_controller_dag.py took 0.385 seconds
[2026-06-07T08:53:54.277+0000] {processor.py:186} INFO - Started process (PID=1449) to work on /home/airflow/.local/lib/python3.12/site-packages/airflow/example_dags/example_trigger_controller_dag.py
[2026-06-07T08:53:54.278+0000] {processor.py:914} INFO - Processing file /home/airflow/.local/lib/python3.12/site-packages/airflow/example_dags/example_trigger_controller_dag.py for tasks to queue
[2026-06-07T08:53:54.285+0000] {logging_mixin.py:190} INFO - [2026-06-07T08:53:54.284+0000] {dagbag.py:588} INFO - Filling up the DagBag from /home/airflow/.local/lib/python3.12/site-packages/airflow/example_dags/example_trigger_controller_dag.py
[2026-06-07T08:53:54.298+0000] {processor.py:925} INFO - DAG(s) 'example_trigger_controller_dag' retrieved from /home/airflow/.local/lib/python3.12/site-packages/airflow/example_dags/example_trigger_controller_dag.py
[2026-06-07T08:53:54.350+0000] {logging_mixin.py:190} INFO - [2026-06-07T08:53:54.349+0000] {dag.py:3239} INFO - Sync 1 DAGs
[2026-06-07T08:53:54.399+0000] {logging_mixin.py:190} INFO - [2026-06-07T08:53:54.398+0000] {dag.py:4180} INFO - Setting next_dagrun for example_trigger_controller_dag to 2021-01-01 00:00:00+00:00, run_after=2021-01-01 00:00:00+00:00
[2026-06-07T08:53:54.431+0000] {processor.py:208} INFO - Processing /home/airflow/.local/lib/python3.12/site-packages/airflow/example_dags/example_trigger_controller_dag.py took 0.165 seconds
[2026-06-07T08:54:34.711+0000] {processor.py:186} INFO - Started process (PID=1517) to work on /home/airflow/.local/lib/python3.12/site-packages/airflow/example_dags/example_trigger_controller_dag.py
[2026-06-07T08:54:34.713+0000] {processor.py:914} INFO - Processing file /home/airflow/.local/lib/python3.12/site-packages/airflow/example_dags/example_trigger_controller_dag.py for tasks to queue
[2026-06-07T08:54:34.720+0000] {logging_mixin.py:190} INFO - [2026-06-07T08:54:34.719+0000] {dagbag.py:588} INFO - Filling up the DagBag from /home/airflow/.local/lib/python3.12/site-packages/airflow/example_dags/example_trigger_controller_dag.py
[2026-06-07T08:54:34.733+0000] {processor.py:925} INFO - DAG(s) 'example_trigger_controller_dag' retrieved from /home/airflow/.local/lib/python3.12/site-packages/airflow/example_dags/example_trigger_controller_dag.py
[2026-06-07T08:54:34.780+0000] {logging_mixin.py:190} INFO - [2026-06-07T08:54:34.780+0000] {dag.py:3239} INFO - Sync 1 DAGs
[2026-06-07T08:54:34.826+0000] {logging_mixin.py:190} INFO - [2026-06-07T08:54:34.826+0000] {dag.py:4180} INFO - Setting next_dagrun for example_trigger_controller_dag to 2021-01-01 00:00:00+00:00, run_after=2021-01-01 00:00:00+00:00
[2026-06-07T08:54:34.869+0000] {processor.py:208} INFO - Processing /home/airflow/.local/lib/python3.12/site-packages/airflow/example_dags/example_trigger_controller_dag.py took 0.171 seconds
[2026-06-07T08:55:30.414+0000] {processor.py:186} INFO - Started process (PID=1563) to work on /home/airflow/.local/lib/python3.12/site-packages/airflow/example_dags/example_trigger_controller_dag.py
[2026-06-07T08:55:30.424+0000] {processor.py:914} INFO - Processing file /home/airflow/.local/lib/python3.12/site-packages/airflow/example_dags/example_trigger_controller_dag.py for tasks to queue
[2026-06-07T08:55:30.445+0000] {logging_mixin.py:190} INFO - [2026-06-07T08:55:30.429+0000] {dagbag.py:588} INFO - Filling up the DagBag from /home/airflow/.local/lib/python3.12/site-packages/airflow/example_dags/example_trigger_controller_dag.py
[2026-06-07T08:55:30.504+0000] {processor.py:925} INFO - DAG(s) 'example_trigger_controller_dag' retrieved from /home/airflow/.local/lib/python3.12/site-packages/airflow/example_dags/example_trigger_controller_dag.py
[2026-06-07T08:55:30.628+0000] {logging_mixin.py:190} INFO - [2026-06-07T08:55:30.626+0000] {dag.py:3239} INFO - Sync 1 DAGs
[2026-06-07T08:55:30.749+0000] {logging_mixin.py:190} INFO - [2026-06-07T08:55:30.749+0000] {dag.py:4180} INFO - Setting next_dagrun for example_trigger_controller_dag to 2021-01-01 00:00:00+00:00, run_after=2021-01-01 00:00:00+00:00
[2026-06-07T08:55:30.827+0000] {processor.py:208} INFO - Processing /home/airflow/.local/lib/python3.12/site-packages/airflow/example_dags/example_trigger_controller_dag.py took 0.427 seconds
[2026-06-07T08:56:01.050+0000] {processor.py:186} INFO - Started process (PID=1625) to work on /home/airflow/.local/lib/python3.12/site-packages/airflow/example_dags/example_trigger_controller_dag.py
[2026-06-07T08:56:01.052+0000] {processor.py:914} INFO - Processing file /home/airflow/.local/lib/python3.12/site-packages/airflow/example_dags/example_trigger_controller_dag.py for tasks to queue
[2026-06-07T08:56:01.055+0000] {logging_mixin.py:190} INFO - [2026-06-07T08:56:01.054+0000] {dagbag.py:588} INFO - Filling up the DagBag from /home/airflow/.local/lib/python3.12/site-packages/airflow/example_dags/example_trigger_controller_dag.py
[2026-06-07T08:56:01.071+0000] {processor.py:925} INFO - DAG(s) 'example_trigger_controller_dag' retrieved from /home/airflow/.local/lib/python3.12/site-packages/airflow/example_dags/example_trigger_controller_dag.py
[2026-06-07T08:56:01.120+0000] {logging_mixin.py:190} INFO - [2026-06-07T08:56:01.119+0000] {dag.py:3239} INFO - Sync 1 DAGs
[2026-06-07T08:56:01.172+0000] {logging_mixin.py:190} INFO - [2026-06-07T08:56:01.171+0000] {dag.py:4180} INFO - Setting next_dagrun for example_trigger_controller_dag to 2021-01-01 00:00:00+00:00, run_after=2021-01-01 00:00:00+00:00
[2026-06-07T08:56:01.213+0000] {processor.py:208} INFO - Processing /home/airflow/.local/lib/python3.12/site-packages/airflow/example_dags/example_trigger_controller_dag.py took 0.176 seconds
[2026-06-07T08:56:34.002+0000] {processor.py:186} INFO - Started process (PID=1685) to work on /home/airflow/.local/lib/python3.12/site-packages/airflow/example_dags/example_trigger_controller_dag.py
[2026-06-07T08:56:34.004+0000] {processor.py:914} INFO - Processing file /home/airflow/.local/lib/python3.12/site-packages/airflow/example_dags/example_trigger_controller_dag.py for tasks to queue
[2026-06-07T08:56:34.007+0000] {logging_mixin.py:190} INFO - [2026-06-07T08:56:34.006+0000] {dagbag.py:588} INFO - Filling up the DagBag from /home/airflow/.local/lib/python3.12/site-packages/airflow/example_dags/example_trigger_controller_dag.py
[2026-06-07T08:56:34.019+0000] {processor.py:925} INFO - DAG(s) 'example_trigger_controller_dag' retrieved from /home/airflow/.local/lib/python3.12/site-packages/airflow/example_dags/example_trigger_controller_dag.py
[2026-06-07T08:56:34.124+0000] {logging_mixin.py:190} INFO - [2026-06-07T08:56:34.123+0000] {dag.py:3239} INFO - Sync 1 DAGs
[2026-06-07T08:56:34.216+0000] {logging_mixin.py:190} INFO - [2026-06-07T08:56:34.216+0000] {dag.py:4180} INFO - Setting next_dagrun for example_trigger_controller_dag to 2021-01-01 00:00:00+00:00, run_after=2021-01-01 00:00:00+00:00
[2026-06-07T08:56:34.277+0000] {processor.py:208} INFO - Processing /home/airflow/.local/lib/python3.12/site-packages/airflow/example_dags/example_trigger_controller_dag.py took 0.285 seconds
[2026-06-07T08:57:05.936+0000] {processor.py:186} INFO - Started process (PID=1722) to work on /home/airflow/.local/lib/python3.12/site-packages/airflow/example_dags/example_trigger_controller_dag.py
[2026-06-07T08:57:05.939+0000] {processor.py:914} INFO - Processing file /home/airflow/.local/lib/python3.12/site-packages/airflow/example_dags/example_trigger_controller_dag.py for tasks to queue
[2026-06-07T08:57:05.944+0000] {logging_mixin.py:190} INFO - [2026-06-07T08:57:05.944+0000] {dagbag.py:588} INFO - Filling up the DagBag from /home/airflow/.local/lib/python3.12/site-packages/airflow/example_dags/example_trigger_controller_dag.py
[2026-06-07T08:57:05.959+0000] {processor.py:925} INFO - DAG(s) 'example_trigger_controller_dag' retrieved from /home/airflow/.local/lib/python3.12/site-packages/airflow/example_dags/example_trigger_controller_dag.py
[2026-06-07T08:57:06.020+0000] {logging_mixin.py:190} INFO - [2026-06-07T08:57:06.020+0000] {dag.py:3239} INFO - Sync 1 DAGs
[2026-06-07T08:57:06.089+0000] {logging_mixin.py:190} INFO - [2026-06-07T08:57:06.089+0000] {dag.py:4180} INFO - Setting next_dagrun for example_trigger_controller_dag to 2021-01-01 00:00:00+00:00, run_after=2021-01-01 00:00:00+00:00
[2026-06-07T08:57:06.128+0000] {processor.py:208} INFO - Processing /home/airflow/.local/lib/python3.12/site-packages/airflow/example_dags/example_trigger_controller_dag.py took 0.204 seconds
[2026-06-07T10:16:56.680+0000] {processor.py:186} INFO - Started process (PID=82) to work on /home/airflow/.local/lib/python3.12/site-packages/airflow/example_dags/example_trigger_controller_dag.py
[2026-06-07T10:16:56.683+0000] {processor.py:914} INFO - Processing file /home/airflow/.local/lib/python3.12/site-packages/airflow/example_dags/example_trigger_controller_dag.py for tasks to queue
[2026-06-07T10:16:56.690+0000] {logging_mixin.py:190} INFO - [2026-06-07T10:16:56.689+0000] {dagbag.py:588} INFO - Filling up the DagBag from /home/airflow/.local/lib/python3.12/site-packages/airflow/example_dags/example_trigger_controller_dag.py
[2026-06-07T10:16:56.711+0000] {processor.py:925} INFO - DAG(s) 'example_trigger_controller_dag' retrieved from /home/airflow/.local/lib/python3.12/site-packages/airflow/example_dags/example_trigger_controller_dag.py
[2026-06-07T10:16:56.958+0000] {logging_mixin.py:190} INFO - [2026-06-07T10:16:56.956+0000] {override.py:1932} INFO - Created Permission View: can delete on DAG:example_trigger_controller_dag
[2026-06-07T10:16:56.979+0000] {logging_mixin.py:190} INFO - [2026-06-07T10:16:56.979+0000] {override.py:1932} INFO - Created Permission View: can edit on DAG:example_trigger_controller_dag
[2026-06-07T10:16:56.994+0000] {logging_mixin.py:190} INFO - [2026-06-07T10:16:56.994+0000] {override.py:1932} INFO - Created Permission View: can read on DAG:example_trigger_controller_dag
[2026-06-07T10:16:57.014+0000] {logging_mixin.py:190} INFO - [2026-06-07T10:16:57.013+0000] {override.py:1932} INFO - Created Permission View: menu access on DAG Run:example_trigger_controller_dag
[2026-06-07T10:16:57.032+0000] {logging_mixin.py:190} INFO - [2026-06-07T10:16:57.032+0000] {override.py:1932} INFO - Created Permission View: can delete on DAG Run:example_trigger_controller_dag
[2026-06-07T10:16:57.049+0000] {logging_mixin.py:190} INFO - [2026-06-07T10:16:57.049+0000] {override.py:1932} INFO - Created Permission View: can create on DAG Run:example_trigger_controller_dag
[2026-06-07T10:16:57.067+0000] {logging_mixin.py:190} INFO - [2026-06-07T10:16:57.066+0000] {override.py:1932} INFO - Created Permission View: can read on DAG Run:example_trigger_controller_dag
[2026-06-07T10:16:57.068+0000] {logging_mixin.py:190} INFO - [2026-06-07T10:16:57.067+0000] {dag.py:3239} INFO - Sync 1 DAGs
[2026-06-07T10:16:57.095+0000] {logging_mixin.py:190} INFO - [2026-06-07T10:16:57.095+0000] {dag.py:3262} INFO - Creating ORM DAG for example_trigger_controller_dag
[2026-06-07T10:16:57.114+0000] {logging_mixin.py:190} INFO - [2026-06-07T10:16:57.113+0000] {dag.py:4180} INFO - Setting next_dagrun for example_trigger_controller_dag to 2021-01-01 00:00:00+00:00, run_after=2021-01-01 00:00:00+00:00
[2026-06-07T10:16:57.151+0000] {processor.py:208} INFO - Processing /home/airflow/.local/lib/python3.12/site-packages/airflow/example_dags/example_trigger_controller_dag.py took 0.495 seconds
[2026-06-07T10:18:06.353+0000] {processor.py:186} INFO - Started process (PID=151) to work on /home/airflow/.local/lib/python3.12/site-packages/airflow/example_dags/example_trigger_controller_dag.py
[2026-06-07T10:18:06.357+0000] {processor.py:914} INFO - Processing file /home/airflow/.local/lib/python3.12/site-packages/airflow/example_dags/example_trigger_controller_dag.py for tasks to queue
[2026-06-07T10:18:06.366+0000] {logging_mixin.py:190} INFO - [2026-06-07T10:18:06.366+0000] {dagbag.py:588} INFO - Filling up the DagBag from /home/airflow/.local/lib/python3.12/site-packages/airflow/example_dags/example_trigger_controller_dag.py
[2026-06-07T10:18:06.381+0000] {processor.py:925} INFO - DAG(s) 'example_trigger_controller_dag' retrieved from /home/airflow/.local/lib/python3.12/site-packages/airflow/example_dags/example_trigger_controller_dag.py
[2026-06-07T10:18:06.450+0000] {logging_mixin.py:190} INFO - [2026-06-07T10:18:06.449+0000] {dag.py:3239} INFO - Sync 1 DAGs
[2026-06-07T10:18:06.508+0000] {logging_mixin.py:190} INFO - [2026-06-07T10:18:06.507+0000] {dag.py:4180} INFO - Setting next_dagrun for example_trigger_controller_dag to 2021-01-01 00:00:00+00:00, run_after=2021-01-01 00:00:00+00:00
[2026-06-07T10:18:06.716+0000] {processor.py:208} INFO - Processing /home/airflow/.local/lib/python3.12/site-packages/airflow/example_dags/example_trigger_controller_dag.py took 0.379 seconds
[2026-06-07T10:18:55.770+0000] {processor.py:186} INFO - Started process (PID=220) to work on /home/airflow/.local/lib/python3.12/site-packages/airflow/example_dags/example_trigger_controller_dag.py
[2026-06-07T10:18:55.773+0000] {processor.py:914} INFO - Processing file /home/airflow/.local/lib/python3.12/site-packages/airflow/example_dags/example_trigger_controller_dag.py for tasks to queue
[2026-06-07T10:18:55.780+0000] {logging_mixin.py:190} INFO - [2026-06-07T10:18:55.779+0000] {dagbag.py:588} INFO - Filling up the DagBag from /home/airflow/.local/lib/python3.12/site-packages/airflow/example_dags/example_trigger_controller_dag.py
[2026-06-07T10:18:55.797+0000] {processor.py:925} INFO - DAG(s) 'example_trigger_controller_dag' retrieved from /home/airflow/.local/lib/python3.12/site-packages/airflow/example_dags/example_trigger_controller_dag.py
[2026-06-07T10:18:55.876+0000] {logging_mixin.py:190} INFO - [2026-06-07T10:18:55.875+0000] {dag.py:3239} INFO - Sync 1 DAGs
[2026-06-07T10:18:55.935+0000] {logging_mixin.py:190} INFO - [2026-06-07T10:18:55.934+0000] {dag.py:4180} INFO - Setting next_dagrun for example_trigger_controller_dag to 2021-01-01 00:00:00+00:00, run_after=2021-01-01 00:00:00+00:00
[2026-06-07T10:18:55.982+0000] {processor.py:208} INFO - Processing /home/airflow/.local/lib/python3.12/site-packages/airflow/example_dags/example_trigger_controller_dag.py took 0.225 seconds
[2026-06-07T10:19:33.152+0000] {processor.py:186} INFO - Started process (PID=269) to work on /home/airflow/.local/lib/python3.12/site-packages/airflow/example_dags/example_trigger_controller_dag.py
[2026-06-07T10:19:33.165+0000] {processor.py:914} INFO - Processing file /home/airflow/.local/lib/python3.12/site-packages/airflow/example_dags/example_trigger_controller_dag.py for tasks to queue
[2026-06-07T10:19:33.182+0000] {logging_mixin.py:190} INFO - [2026-06-07T10:19:33.179+0000] {dagbag.py:588} INFO - Filling up the DagBag from /home/airflow/.local/lib/python3.12/site-packages/airflow/example_dags/example_trigger_controller_dag.py
[2026-06-07T10:19:33.214+0000] {processor.py:925} INFO - DAG(s) 'example_trigger_controller_dag' retrieved from /home/airflow/.local/lib/python3.12/site-packages/airflow/example_dags/example_trigger_controller_dag.py
[2026-06-07T10:19:33.331+0000] {logging_mixin.py:190} INFO - [2026-06-07T10:19:33.327+0000] {dag.py:3239} INFO - Sync 1 DAGs
[2026-06-07T10:19:33.442+0000] {logging_mixin.py:190} INFO - [2026-06-07T10:19:33.441+0000] {dag.py:4180} INFO - Setting next_dagrun for example_trigger_controller_dag to 2021-01-01 00:00:00+00:00, run_after=2021-01-01 00:00:00+00:00
[2026-06-07T10:19:33.514+0000] {processor.py:208} INFO - Processing /home/airflow/.local/lib/python3.12/site-packages/airflow/example_dags/example_trigger_controller_dag.py took 0.380 seconds
[2026-06-07T10:20:11.177+0000] {processor.py:186} INFO - Started process (PID=330) to work on /home/airflow/.local/lib/python3.12/site-packages/airflow/example_dags/example_trigger_controller_dag.py
[2026-06-07T10:20:11.181+0000] {processor.py:914} INFO - Processing file /home/airflow/.local/lib/python3.12/site-packages/airflow/example_dags/example_trigger_controller_dag.py for tasks to queue
[2026-06-07T10:20:11.203+0000] {logging_mixin.py:190} INFO - [2026-06-07T10:20:11.202+0000] {dagbag.py:588} INFO - Filling up the DagBag from /home/airflow/.local/lib/python3.12/site-packages/airflow/example_dags/example_trigger_controller_dag.py
[2026-06-07T10:20:11.223+0000] {processor.py:925} INFO - DAG(s) 'example_trigger_controller_dag' retrieved from /home/airflow/.local/lib/python3.12/site-packages/airflow/example_dags/example_trigger_controller_dag.py
[2026-06-07T10:20:11.378+0000] {logging_mixin.py:190} INFO - [2026-06-07T10:20:11.370+0000] {dag.py:3239} INFO - Sync 1 DAGs
[2026-06-07T10:20:11.582+0000] {logging_mixin.py:190} INFO - [2026-06-07T10:20:11.581+0000] {dag.py:4180} INFO - Setting next_dagrun for example_trigger_controller_dag to 2021-01-01 00:00:00+00:00, run_after=2021-01-01 00:00:00+00:00
[2026-06-07T10:20:11.681+0000] {processor.py:208} INFO - Processing /home/airflow/.local/lib/python3.12/site-packages/airflow/example_dags/example_trigger_controller_dag.py took 0.524 seconds
[2026-06-07T10:21:09.064+0000] {processor.py:186} INFO - Started process (PID=399) to work on /home/airflow/.local/lib/python3.12/site-packages/airflow/example_dags/example_trigger_controller_dag.py
[2026-06-07T10:21:09.067+0000] {processor.py:914} INFO - Processing file /home/airflow/.local/lib/python3.12/site-packages/airflow/example_dags/example_trigger_controller_dag.py for tasks to queue
[2026-06-07T10:21:09.079+0000] {logging_mixin.py:190} INFO - [2026-06-07T10:21:09.078+0000] {dagbag.py:588} INFO - Filling up the DagBag from /home/airflow/.local/lib/python3.12/site-packages/airflow/example_dags/example_trigger_controller_dag.py
[2026-06-07T10:21:09.140+0000] {processor.py:925} INFO - DAG(s) 'example_trigger_controller_dag' retrieved from /home/airflow/.local/lib/python3.12/site-packages/airflow/example_dags/example_trigger_controller_dag.py
[2026-06-07T10:21:09.234+0000] {logging_mixin.py:190} INFO - [2026-06-07T10:21:09.232+0000] {dag.py:3239} INFO - Sync 1 DAGs
[2026-06-07T10:21:09.359+0000] {logging_mixin.py:190} INFO - [2026-06-07T10:21:09.358+0000] {dag.py:4180} INFO - Setting next_dagrun for example_trigger_controller_dag to 2021-01-01 00:00:00+00:00, run_after=2021-01-01 00:00:00+00:00
[2026-06-07T10:21:09.446+0000] {processor.py:208} INFO - Processing /home/airflow/.local/lib/python3.12/site-packages/airflow/example_dags/example_trigger_controller_dag.py took 0.396 seconds
[2026-06-07T10:21:43.029+0000] {processor.py:186} INFO - Started process (PID=441) to work on /home/airflow/.local/lib/python3.12/site-packages/airflow/example_dags/example_trigger_controller_dag.py
[2026-06-07T10:21:43.033+0000] {processor.py:914} INFO - Processing file /home/airflow/.local/lib/python3.12/site-packages/airflow/example_dags/example_trigger_controller_dag.py for tasks to queue
[2026-06-07T10:21:43.044+0000] {logging_mixin.py:190} INFO - [2026-06-07T10:21:43.040+0000] {dagbag.py:588} INFO - Filling up the DagBag from /home/airflow/.local/lib/python3.12/site-packages/airflow/example_dags/example_trigger_controller_dag.py
[2026-06-07T10:21:43.067+0000] {processor.py:925} INFO - DAG(s) 'example_trigger_controller_dag' retrieved from /home/airflow/.local/lib/python3.12/site-packages/airflow/example_dags/example_trigger_controller_dag.py
[2026-06-07T10:21:43.134+0000] {logging_mixin.py:190} INFO - [2026-06-07T10:21:43.133+0000] {dag.py:3239} INFO - Sync 1 DAGs
[2026-06-07T10:21:43.205+0000] {logging_mixin.py:190} INFO - [2026-06-07T10:21:43.204+0000] {dag.py:4180} INFO - Setting next_dagrun for example_trigger_controller_dag to 2021-01-01 00:00:00+00:00, run_after=2021-01-01 00:00:00+00:00
[2026-06-07T10:21:43.264+0000] {processor.py:208} INFO - Processing /home/airflow/.local/lib/python3.12/site-packages/airflow/example_dags/example_trigger_controller_dag.py took 0.255 seconds
[2026-06-07T10:22:22.588+0000] {processor.py:186} INFO - Started process (PID=492) to work on /home/airflow/.local/lib/python3.12/site-packages/airflow/example_dags/example_trigger_controller_dag.py
[2026-06-07T10:22:22.590+0000] {processor.py:914} INFO - Processing file /home/airflow/.local/lib/python3.12/site-packages/airflow/example_dags/example_trigger_controller_dag.py for tasks to queue
[2026-06-07T10:22:22.597+0000] {logging_mixin.py:190} INFO - [2026-06-07T10:22:22.596+0000] {dagbag.py:588} INFO - Filling up the DagBag from /home/airflow/.local/lib/python3.12/site-packages/airflow/example_dags/example_trigger_controller_dag.py
[2026-06-07T10:22:22.609+0000] {processor.py:925} INFO - DAG(s) 'example_trigger_controller_dag' retrieved from /home/airflow/.local/lib/python3.12/site-packages/airflow/example_dags/example_trigger_controller_dag.py
[2026-06-07T10:22:22.666+0000] {logging_mixin.py:190} INFO - [2026-06-07T10:22:22.666+0000] {dag.py:3239} INFO - Sync 1 DAGs
[2026-06-07T10:22:22.709+0000] {logging_mixin.py:190} INFO - [2026-06-07T10:22:22.708+0000] {dag.py:4180} INFO - Setting next_dagrun for example_trigger_controller_dag to 2021-01-01 00:00:00+00:00, run_after=2021-01-01 00:00:00+00:00
[2026-06-07T10:22:22.749+0000] {processor.py:208} INFO - Processing /home/airflow/.local/lib/python3.12/site-packages/airflow/example_dags/example_trigger_controller_dag.py took 0.170 seconds
[2026-06-07T10:22:58.286+0000] {processor.py:186} INFO - Started process (PID=537) to work on /home/airflow/.local/lib/python3.12/site-packages/airflow/example_dags/example_trigger_controller_dag.py
[2026-06-07T10:22:58.289+0000] {processor.py:914} INFO - Processing file /home/airflow/.local/lib/python3.12/site-packages/airflow/example_dags/example_trigger_controller_dag.py for tasks to queue
[2026-06-07T10:22:58.295+0000] {logging_mixin.py:190} INFO - [2026-06-07T10:22:58.295+0000] {dagbag.py:588} INFO - Filling up the DagBag from /home/airflow/.local/lib/python3.12/site-packages/airflow/example_dags/example_trigger_controller_dag.py
[2026-06-07T10:22:58.312+0000] {processor.py:925} INFO - DAG(s) 'example_trigger_controller_dag' retrieved from /home/airflow/.local/lib/python3.12/site-packages/airflow/example_dags/example_trigger_controller_dag.py
[2026-06-07T10:22:58.362+0000] {logging_mixin.py:190} INFO - [2026-06-07T10:22:58.362+0000] {dag.py:3239} INFO - Sync 1 DAGs
[2026-06-07T10:22:58.426+0000] {logging_mixin.py:190} INFO - [2026-06-07T10:22:58.426+0000] {dag.py:4180} INFO - Setting next_dagrun for example_trigger_controller_dag to 2021-01-01 00:00:00+00:00, run_after=2021-01-01 00:00:00+00:00
[2026-06-07T10:22:58.474+0000] {processor.py:208} INFO - Processing /home/airflow/.local/lib/python3.12/site-packages/airflow/example_dags/example_trigger_controller_dag.py took 0.201 seconds
[2026-06-07T10:23:56.997+0000] {processor.py:186} INFO - Started process (PID=605) to work on /home/airflow/.local/lib/python3.12/site-packages/airflow/example_dags/example_trigger_controller_dag.py
[2026-06-07T10:23:57.000+0000] {processor.py:914} INFO - Processing file /home/airflow/.local/lib/python3.12/site-packages/airflow/example_dags/example_trigger_controller_dag.py for tasks to queue
[2026-06-07T10:23:57.012+0000] {logging_mixin.py:190} INFO - [2026-06-07T10:23:57.010+0000] {dagbag.py:588} INFO - Filling up the DagBag from /home/airflow/.local/lib/python3.12/site-packages/airflow/example_dags/example_trigger_controller_dag.py
[2026-06-07T10:23:57.034+0000] {processor.py:925} INFO - DAG(s) 'example_trigger_controller_dag' retrieved from /home/airflow/.local/lib/python3.12/site-packages/airflow/example_dags/example_trigger_controller_dag.py
[2026-06-07T10:23:57.116+0000] {logging_mixin.py:190} INFO - [2026-06-07T10:23:57.115+0000] {dag.py:3239} INFO - Sync 1 DAGs
[2026-06-07T10:23:57.194+0000] {logging_mixin.py:190} INFO - [2026-06-07T10:23:57.194+0000] {dag.py:4180} INFO - Setting next_dagrun for example_trigger_controller_dag to 2021-01-01 00:00:00+00:00, run_after=2021-01-01 00:00:00+00:00
[2026-06-07T10:23:57.256+0000] {processor.py:208} INFO - Processing /home/airflow/.local/lib/python3.12/site-packages/airflow/example_dags/example_trigger_controller_dag.py took 0.277 seconds
[2026-06-07T10:24:40.770+0000] {processor.py:186} INFO - Started process (PID=659) to work on /home/airflow/.local/lib/python3.12/site-packages/airflow/example_dags/example_trigger_controller_dag.py
[2026-06-07T10:24:40.773+0000] {processor.py:914} INFO - Processing file /home/airflow/.local/lib/python3.12/site-packages/airflow/example_dags/example_trigger_controller_dag.py for tasks to queue
[2026-06-07T10:24:40.795+0000] {logging_mixin.py:190} INFO - [2026-06-07T10:24:40.793+0000] {dagbag.py:588} INFO - Filling up the DagBag from /home/airflow/.local/lib/python3.12/site-packages/airflow/example_dags/example_trigger_controller_dag.py
[2026-06-07T10:24:40.874+0000] {processor.py:925} INFO - DAG(s) 'example_trigger_controller_dag' retrieved from /home/airflow/.local/lib/python3.12/site-packages/airflow/example_dags/example_trigger_controller_dag.py
[2026-06-07T10:24:41.129+0000] {logging_mixin.py:190} INFO - [2026-06-07T10:24:41.123+0000] {dag.py:3239} INFO - Sync 1 DAGs
[2026-06-07T10:24:41.310+0000] {logging_mixin.py:190} INFO - [2026-06-07T10:24:41.309+0000] {dag.py:4180} INFO - Setting next_dagrun for example_trigger_controller_dag to 2021-01-01 00:00:00+00:00, run_after=2021-01-01 00:00:00+00:00
[2026-06-07T10:24:41.393+0000] {processor.py:208} INFO - Processing /home/airflow/.local/lib/python3.12/site-packages/airflow/example_dags/example_trigger_controller_dag.py took 0.644 seconds
[2026-06-07T10:25:24.290+0000] {processor.py:186} INFO - Started process (PID=716) to work on /home/airflow/.local/lib/python3.12/site-packages/airflow/example_dags/example_trigger_controller_dag.py
[2026-06-07T10:25:24.292+0000] {processor.py:914} INFO - Processing file /home/airflow/.local/lib/python3.12/site-packages/airflow/example_dags/example_trigger_controller_dag.py for tasks to queue
[2026-06-07T10:25:24.295+0000] {logging_mixin.py:190} INFO - [2026-06-07T10:25:24.295+0000] {dagbag.py:588} INFO - Filling up the DagBag from /home/airflow/.local/lib/python3.12/site-packages/airflow/example_dags/example_trigger_controller_dag.py
[2026-06-07T10:25:24.314+0000] {processor.py:925} INFO - DAG(s) 'example_trigger_controller_dag' retrieved from /home/airflow/.local/lib/python3.12/site-packages/airflow/example_dags/example_trigger_controller_dag.py
[2026-06-07T10:25:24.370+0000] {logging_mixin.py:190} INFO - [2026-06-07T10:25:24.369+0000] {dag.py:3239} INFO - Sync 1 DAGs
[2026-06-07T10:25:24.438+0000] {logging_mixin.py:190} INFO - [2026-06-07T10:25:24.437+0000] {dag.py:4180} INFO - Setting next_dagrun for example_trigger_controller_dag to 2021-01-01 00:00:00+00:00, run_after=2021-01-01 00:00:00+00:00
[2026-06-07T10:25:24.497+0000] {processor.py:208} INFO - Processing /home/airflow/.local/lib/python3.12/site-packages/airflow/example_dags/example_trigger_controller_dag.py took 0.218 seconds
[2026-06-07T10:26:24.514+0000] {processor.py:186} INFO - Started process (PID=784) to work on /home/airflow/.local/lib/python3.12/site-packages/airflow/example_dags/example_trigger_controller_dag.py
[2026-06-07T10:26:24.517+0000] {processor.py:914} INFO - Processing file /home/airflow/.local/lib/python3.12/site-packages/airflow/example_dags/example_trigger_controller_dag.py for tasks to queue
[2026-06-07T10:26:24.521+0000] {logging_mixin.py:190} INFO - [2026-06-07T10:26:24.520+0000] {dagbag.py:588} INFO - Filling up the DagBag from /home/airflow/.local/lib/python3.12/site-packages/airflow/example_dags/example_trigger_controller_dag.py
[2026-06-07T10:26:24.539+0000] {processor.py:925} INFO - DAG(s) 'example_trigger_controller_dag' retrieved from /home/airflow/.local/lib/python3.12/site-packages/airflow/example_dags/example_trigger_controller_dag.py
[2026-06-07T10:26:24.608+0000] {logging_mixin.py:190} INFO - [2026-06-07T10:26:24.608+0000] {dag.py:3239} INFO - Sync 1 DAGs
[2026-06-07T10:26:24.672+0000] {logging_mixin.py:190} INFO - [2026-06-07T10:26:24.671+0000] {dag.py:4180} INFO - Setting next_dagrun for example_trigger_controller_dag to 2021-01-01 00:00:00+00:00, run_after=2021-01-01 00:00:00+00:00
[2026-06-07T10:26:24.724+0000] {processor.py:208} INFO - Processing /home/airflow/.local/lib/python3.12/site-packages/airflow/example_dags/example_trigger_controller_dag.py took 0.225 seconds
