[2026-06-07T08:16:03.019+0000] {processor.py:186} INFO - Started process (PID=75) to work on /home/airflow/.local/lib/python3.12/site-packages/airflow/example_dags/tutorial_dag.py
[2026-06-07T08:16:03.020+0000] {processor.py:914} INFO - Processing file /home/airflow/.local/lib/python3.12/site-packages/airflow/example_dags/tutorial_dag.py for tasks to queue
[2026-06-07T08:16:03.025+0000] {logging_mixin.py:190} INFO - [2026-06-07T08:16:03.025+0000] {dagbag.py:588} INFO - Filling up the DagBag from /home/airflow/.local/lib/python3.12/site-packages/airflow/example_dags/tutorial_dag.py
[2026-06-07T08:16:03.039+0000] {processor.py:925} INFO - DAG(s) 'tutorial_dag' retrieved from /home/airflow/.local/lib/python3.12/site-packages/airflow/example_dags/tutorial_dag.py
[2026-06-07T08:16:03.099+0000] {logging_mixin.py:190} INFO - [2026-06-07T08:16:03.098+0000] {dag.py:3239} INFO - Sync 1 DAGs
[2026-06-07T08:16:03.125+0000] {logging_mixin.py:190} INFO - [2026-06-07T08:16:03.125+0000] {dag.py:4180} INFO - Setting next_dagrun for tutorial_dag to None, run_after=None
[2026-06-07T08:16:03.161+0000] {processor.py:208} INFO - Processing /home/airflow/.local/lib/python3.12/site-packages/airflow/example_dags/tutorial_dag.py took 0.151 seconds
[2026-06-07T08:16:53.205+0000] {processor.py:186} INFO - Started process (PID=143) to work on /home/airflow/.local/lib/python3.12/site-packages/airflow/example_dags/tutorial_dag.py
[2026-06-07T08:16:53.208+0000] {processor.py:914} INFO - Processing file /home/airflow/.local/lib/python3.12/site-packages/airflow/example_dags/tutorial_dag.py for tasks to queue
[2026-06-07T08:16:53.260+0000] {logging_mixin.py:190} INFO - [2026-06-07T08:16:53.257+0000] {dagbag.py:588} INFO - Filling up the DagBag from /home/airflow/.local/lib/python3.12/site-packages/airflow/example_dags/tutorial_dag.py
[2026-06-07T08:16:53.292+0000] {processor.py:925} INFO - DAG(s) 'tutorial_dag' retrieved from /home/airflow/.local/lib/python3.12/site-packages/airflow/example_dags/tutorial_dag.py
[2026-06-07T08:16:53.381+0000] {logging_mixin.py:190} INFO - [2026-06-07T08:16:53.380+0000] {dag.py:3239} INFO - Sync 1 DAGs
[2026-06-07T08:16:53.425+0000] {logging_mixin.py:190} INFO - [2026-06-07T08:16:53.423+0000] {dag.py:4180} INFO - Setting next_dagrun for tutorial_dag to None, run_after=None
[2026-06-07T08:16:53.509+0000] {processor.py:208} INFO - Processing /home/airflow/.local/lib/python3.12/site-packages/airflow/example_dags/tutorial_dag.py took 0.320 seconds
[2026-06-07T08:17:38.076+0000] {processor.py:186} INFO - Started process (PID=201) to work on /home/airflow/.local/lib/python3.12/site-packages/airflow/example_dags/tutorial_dag.py
[2026-06-07T08:17:38.083+0000] {processor.py:914} INFO - Processing file /home/airflow/.local/lib/python3.12/site-packages/airflow/example_dags/tutorial_dag.py for tasks to queue
[2026-06-07T08:17:38.096+0000] {logging_mixin.py:190} INFO - [2026-06-07T08:17:38.091+0000] {dagbag.py:588} INFO - Filling up the DagBag from /home/airflow/.local/lib/python3.12/site-packages/airflow/example_dags/tutorial_dag.py
[2026-06-07T08:17:38.150+0000] {processor.py:925} INFO - DAG(s) 'tutorial_dag' retrieved from /home/airflow/.local/lib/python3.12/site-packages/airflow/example_dags/tutorial_dag.py
[2026-06-07T08:17:38.278+0000] {logging_mixin.py:190} INFO - [2026-06-07T08:17:38.276+0000] {dag.py:3239} INFO - Sync 1 DAGs
[2026-06-07T08:17:38.351+0000] {logging_mixin.py:190} INFO - [2026-06-07T08:17:38.350+0000] {dag.py:4180} INFO - Setting next_dagrun for tutorial_dag to None, run_after=None
[2026-06-07T08:17:38.430+0000] {processor.py:208} INFO - Processing /home/airflow/.local/lib/python3.12/site-packages/airflow/example_dags/tutorial_dag.py took 0.379 seconds
[2026-06-07T08:18:19.356+0000] {processor.py:186} INFO - Started process (PID=272) to work on /home/airflow/.local/lib/python3.12/site-packages/airflow/example_dags/tutorial_dag.py
[2026-06-07T08:18:19.358+0000] {processor.py:914} INFO - Processing file /home/airflow/.local/lib/python3.12/site-packages/airflow/example_dags/tutorial_dag.py for tasks to queue
[2026-06-07T08:18:19.376+0000] {logging_mixin.py:190} INFO - [2026-06-07T08:18:19.375+0000] {dagbag.py:588} INFO - Filling up the DagBag from /home/airflow/.local/lib/python3.12/site-packages/airflow/example_dags/tutorial_dag.py
[2026-06-07T08:18:19.420+0000] {processor.py:925} INFO - DAG(s) 'tutorial_dag' retrieved from /home/airflow/.local/lib/python3.12/site-packages/airflow/example_dags/tutorial_dag.py
[2026-06-07T08:18:19.473+0000] {logging_mixin.py:190} INFO - [2026-06-07T08:18:19.472+0000] {dag.py:3239} INFO - Sync 1 DAGs
[2026-06-07T08:18:19.519+0000] {logging_mixin.py:190} INFO - [2026-06-07T08:18:19.519+0000] {dag.py:4180} INFO - Setting next_dagrun for tutorial_dag to None, run_after=None
[2026-06-07T08:18:19.585+0000] {processor.py:208} INFO - Processing /home/airflow/.local/lib/python3.12/site-packages/airflow/example_dags/tutorial_dag.py took 0.262 seconds
[2026-06-07T08:18:55.035+0000] {processor.py:186} INFO - Started process (PID=330) to work on /home/airflow/.local/lib/python3.12/site-packages/airflow/example_dags/tutorial_dag.py
[2026-06-07T08:18:55.042+0000] {processor.py:914} INFO - Processing file /home/airflow/.local/lib/python3.12/site-packages/airflow/example_dags/tutorial_dag.py for tasks to queue
[2026-06-07T08:18:55.066+0000] {logging_mixin.py:190} INFO - [2026-06-07T08:18:55.065+0000] {dagbag.py:588} INFO - Filling up the DagBag from /home/airflow/.local/lib/python3.12/site-packages/airflow/example_dags/tutorial_dag.py
[2026-06-07T08:18:55.111+0000] {processor.py:925} INFO - DAG(s) 'tutorial_dag' retrieved from /home/airflow/.local/lib/python3.12/site-packages/airflow/example_dags/tutorial_dag.py
[2026-06-07T08:18:55.203+0000] {logging_mixin.py:190} INFO - [2026-06-07T08:18:55.202+0000] {dag.py:3239} INFO - Sync 1 DAGs
[2026-06-07T08:18:55.341+0000] {logging_mixin.py:190} INFO - [2026-06-07T08:18:55.340+0000] {dag.py:4180} INFO - Setting next_dagrun for tutorial_dag to None, run_after=None
[2026-06-07T08:18:55.442+0000] {processor.py:208} INFO - Processing /home/airflow/.local/lib/python3.12/site-packages/airflow/example_dags/tutorial_dag.py took 0.443 seconds
[2026-06-07T08:19:31.019+0000] {processor.py:186} INFO - Started process (PID=392) to work on /home/airflow/.local/lib/python3.12/site-packages/airflow/example_dags/tutorial_dag.py
[2026-06-07T08:19:31.022+0000] {processor.py:914} INFO - Processing file /home/airflow/.local/lib/python3.12/site-packages/airflow/example_dags/tutorial_dag.py for tasks to queue
[2026-06-07T08:19:31.028+0000] {logging_mixin.py:190} INFO - [2026-06-07T08:19:31.027+0000] {dagbag.py:588} INFO - Filling up the DagBag from /home/airflow/.local/lib/python3.12/site-packages/airflow/example_dags/tutorial_dag.py
[2026-06-07T08:19:31.061+0000] {processor.py:925} INFO - DAG(s) 'tutorial_dag' retrieved from /home/airflow/.local/lib/python3.12/site-packages/airflow/example_dags/tutorial_dag.py
[2026-06-07T08:19:31.132+0000] {logging_mixin.py:190} INFO - [2026-06-07T08:19:31.131+0000] {dag.py:3239} INFO - Sync 1 DAGs
[2026-06-07T08:19:31.196+0000] {logging_mixin.py:190} INFO - [2026-06-07T08:19:31.195+0000] {dag.py:4180} INFO - Setting next_dagrun for tutorial_dag to None, run_after=None
[2026-06-07T08:19:31.266+0000] {processor.py:208} INFO - Processing /home/airflow/.local/lib/python3.12/site-packages/airflow/example_dags/tutorial_dag.py took 0.268 seconds
[2026-06-07T08:20:04.856+0000] {processor.py:186} INFO - Started process (PID=453) to work on /home/airflow/.local/lib/python3.12/site-packages/airflow/example_dags/tutorial_dag.py
[2026-06-07T08:20:04.859+0000] {processor.py:914} INFO - Processing file /home/airflow/.local/lib/python3.12/site-packages/airflow/example_dags/tutorial_dag.py for tasks to queue
[2026-06-07T08:20:04.864+0000] {logging_mixin.py:190} INFO - [2026-06-07T08:20:04.863+0000] {dagbag.py:588} INFO - Filling up the DagBag from /home/airflow/.local/lib/python3.12/site-packages/airflow/example_dags/tutorial_dag.py
[2026-06-07T08:20:04.878+0000] {processor.py:925} INFO - DAG(s) 'tutorial_dag' retrieved from /home/airflow/.local/lib/python3.12/site-packages/airflow/example_dags/tutorial_dag.py
[2026-06-07T08:20:04.929+0000] {logging_mixin.py:190} INFO - [2026-06-07T08:20:04.929+0000] {dag.py:3239} INFO - Sync 1 DAGs
[2026-06-07T08:20:04.954+0000] {logging_mixin.py:190} INFO - [2026-06-07T08:20:04.953+0000] {dag.py:4180} INFO - Setting next_dagrun for tutorial_dag to None, run_after=None
[2026-06-07T08:20:04.994+0000] {processor.py:208} INFO - Processing /home/airflow/.local/lib/python3.12/site-packages/airflow/example_dags/tutorial_dag.py took 0.151 seconds
[2026-06-07T08:20:39.097+0000] {processor.py:186} INFO - Started process (PID=514) to work on /home/airflow/.local/lib/python3.12/site-packages/airflow/example_dags/tutorial_dag.py
[2026-06-07T08:20:39.099+0000] {processor.py:914} INFO - Processing file /home/airflow/.local/lib/python3.12/site-packages/airflow/example_dags/tutorial_dag.py for tasks to queue
[2026-06-07T08:20:39.104+0000] {logging_mixin.py:190} INFO - [2026-06-07T08:20:39.103+0000] {dagbag.py:588} INFO - Filling up the DagBag from /home/airflow/.local/lib/python3.12/site-packages/airflow/example_dags/tutorial_dag.py
[2026-06-07T08:20:39.116+0000] {processor.py:925} INFO - DAG(s) 'tutorial_dag' retrieved from /home/airflow/.local/lib/python3.12/site-packages/airflow/example_dags/tutorial_dag.py
[2026-06-07T08:20:39.159+0000] {logging_mixin.py:190} INFO - [2026-06-07T08:20:39.158+0000] {dag.py:3239} INFO - Sync 1 DAGs
[2026-06-07T08:20:39.185+0000] {logging_mixin.py:190} INFO - [2026-06-07T08:20:39.185+0000] {dag.py:4180} INFO - Setting next_dagrun for tutorial_dag to None, run_after=None
[2026-06-07T08:20:39.222+0000] {processor.py:208} INFO - Processing /home/airflow/.local/lib/python3.12/site-packages/airflow/example_dags/tutorial_dag.py took 0.137 seconds
[2026-06-07T08:21:10.514+0000] {processor.py:186} INFO - Started process (PID=576) to work on /home/airflow/.local/lib/python3.12/site-packages/airflow/example_dags/tutorial_dag.py
[2026-06-07T08:21:10.517+0000] {processor.py:914} INFO - Processing file /home/airflow/.local/lib/python3.12/site-packages/airflow/example_dags/tutorial_dag.py for tasks to queue
[2026-06-07T08:21:10.528+0000] {logging_mixin.py:190} INFO - [2026-06-07T08:21:10.527+0000] {dagbag.py:588} INFO - Filling up the DagBag from /home/airflow/.local/lib/python3.12/site-packages/airflow/example_dags/tutorial_dag.py
[2026-06-07T08:21:10.549+0000] {processor.py:925} INFO - DAG(s) 'tutorial_dag' retrieved from /home/airflow/.local/lib/python3.12/site-packages/airflow/example_dags/tutorial_dag.py
[2026-06-07T08:21:10.622+0000] {logging_mixin.py:190} INFO - [2026-06-07T08:21:10.619+0000] {dag.py:3239} INFO - Sync 1 DAGs
[2026-06-07T08:21:10.661+0000] {logging_mixin.py:190} INFO - [2026-06-07T08:21:10.661+0000] {dag.py:4180} INFO - Setting next_dagrun for tutorial_dag to None, run_after=None
[2026-06-07T08:21:10.708+0000] {processor.py:208} INFO - Processing /home/airflow/.local/lib/python3.12/site-packages/airflow/example_dags/tutorial_dag.py took 0.208 seconds
[2026-06-07T08:21:44.305+0000] {processor.py:186} INFO - Started process (PID=642) to work on /home/airflow/.local/lib/python3.12/site-packages/airflow/example_dags/tutorial_dag.py
[2026-06-07T08:21:44.308+0000] {processor.py:914} INFO - Processing file /home/airflow/.local/lib/python3.12/site-packages/airflow/example_dags/tutorial_dag.py for tasks to queue
[2026-06-07T08:21:44.313+0000] {logging_mixin.py:190} INFO - [2026-06-07T08:21:44.312+0000] {dagbag.py:588} INFO - Filling up the DagBag from /home/airflow/.local/lib/python3.12/site-packages/airflow/example_dags/tutorial_dag.py
[2026-06-07T08:21:44.324+0000] {processor.py:925} INFO - DAG(s) 'tutorial_dag' retrieved from /home/airflow/.local/lib/python3.12/site-packages/airflow/example_dags/tutorial_dag.py
[2026-06-07T08:21:44.366+0000] {logging_mixin.py:190} INFO - [2026-06-07T08:21:44.366+0000] {dag.py:3239} INFO - Sync 1 DAGs
[2026-06-07T08:21:44.388+0000] {logging_mixin.py:190} INFO - [2026-06-07T08:21:44.388+0000] {dag.py:4180} INFO - Setting next_dagrun for tutorial_dag to None, run_after=None
[2026-06-07T08:21:44.422+0000] {processor.py:208} INFO - Processing /home/airflow/.local/lib/python3.12/site-packages/airflow/example_dags/tutorial_dag.py took 0.127 seconds
[2026-06-07T08:22:15.576+0000] {processor.py:186} INFO - Started process (PID=704) to work on /home/airflow/.local/lib/python3.12/site-packages/airflow/example_dags/tutorial_dag.py
[2026-06-07T08:22:15.580+0000] {processor.py:914} INFO - Processing file /home/airflow/.local/lib/python3.12/site-packages/airflow/example_dags/tutorial_dag.py for tasks to queue
[2026-06-07T08:22:15.590+0000] {logging_mixin.py:190} INFO - [2026-06-07T08:22:15.590+0000] {dagbag.py:588} INFO - Filling up the DagBag from /home/airflow/.local/lib/python3.12/site-packages/airflow/example_dags/tutorial_dag.py
[2026-06-07T08:22:15.614+0000] {processor.py:925} INFO - DAG(s) 'tutorial_dag' retrieved from /home/airflow/.local/lib/python3.12/site-packages/airflow/example_dags/tutorial_dag.py
[2026-06-07T08:22:15.740+0000] {logging_mixin.py:190} INFO - [2026-06-07T08:22:15.735+0000] {dag.py:3239} INFO - Sync 1 DAGs
[2026-06-07T08:22:15.815+0000] {logging_mixin.py:190} INFO - [2026-06-07T08:22:15.815+0000] {dag.py:4180} INFO - Setting next_dagrun for tutorial_dag to None, run_after=None
[2026-06-07T08:22:15.920+0000] {processor.py:208} INFO - Processing /home/airflow/.local/lib/python3.12/site-packages/airflow/example_dags/tutorial_dag.py took 0.360 seconds
[2026-06-07T08:22:47.682+0000] {processor.py:186} INFO - Started process (PID=764) to work on /home/airflow/.local/lib/python3.12/site-packages/airflow/example_dags/tutorial_dag.py
[2026-06-07T08:22:47.685+0000] {processor.py:914} INFO - Processing file /home/airflow/.local/lib/python3.12/site-packages/airflow/example_dags/tutorial_dag.py for tasks to queue
[2026-06-07T08:22:47.692+0000] {logging_mixin.py:190} INFO - [2026-06-07T08:22:47.692+0000] {dagbag.py:588} INFO - Filling up the DagBag from /home/airflow/.local/lib/python3.12/site-packages/airflow/example_dags/tutorial_dag.py
[2026-06-07T08:22:47.713+0000] {processor.py:925} INFO - DAG(s) 'tutorial_dag' retrieved from /home/airflow/.local/lib/python3.12/site-packages/airflow/example_dags/tutorial_dag.py
[2026-06-07T08:22:47.767+0000] {logging_mixin.py:190} INFO - [2026-06-07T08:22:47.766+0000] {dag.py:3239} INFO - Sync 1 DAGs
[2026-06-07T08:22:47.797+0000] {logging_mixin.py:190} INFO - [2026-06-07T08:22:47.797+0000] {dag.py:4180} INFO - Setting next_dagrun for tutorial_dag to None, run_after=None
[2026-06-07T08:22:47.835+0000] {processor.py:208} INFO - Processing /home/airflow/.local/lib/python3.12/site-packages/airflow/example_dags/tutorial_dag.py took 0.165 seconds
[2026-06-07T08:23:21.749+0000] {processor.py:186} INFO - Started process (PID=820) to work on /home/airflow/.local/lib/python3.12/site-packages/airflow/example_dags/tutorial_dag.py
[2026-06-07T08:23:21.753+0000] {processor.py:914} INFO - Processing file /home/airflow/.local/lib/python3.12/site-packages/airflow/example_dags/tutorial_dag.py for tasks to queue
[2026-06-07T08:23:21.760+0000] {logging_mixin.py:190} INFO - [2026-06-07T08:23:21.760+0000] {dagbag.py:588} INFO - Filling up the DagBag from /home/airflow/.local/lib/python3.12/site-packages/airflow/example_dags/tutorial_dag.py
[2026-06-07T08:23:21.779+0000] {processor.py:925} INFO - DAG(s) 'tutorial_dag' retrieved from /home/airflow/.local/lib/python3.12/site-packages/airflow/example_dags/tutorial_dag.py
[2026-06-07T08:23:21.842+0000] {logging_mixin.py:190} INFO - [2026-06-07T08:23:21.842+0000] {dag.py:3239} INFO - Sync 1 DAGs
[2026-06-07T08:23:21.874+0000] {logging_mixin.py:190} INFO - [2026-06-07T08:23:21.874+0000] {dag.py:4180} INFO - Setting next_dagrun for tutorial_dag to None, run_after=None
[2026-06-07T08:23:21.929+0000] {processor.py:208} INFO - Processing /home/airflow/.local/lib/python3.12/site-packages/airflow/example_dags/tutorial_dag.py took 0.193 seconds
[2026-06-07T08:23:57.165+0000] {processor.py:186} INFO - Started process (PID=878) to work on /home/airflow/.local/lib/python3.12/site-packages/airflow/example_dags/tutorial_dag.py
[2026-06-07T08:23:57.169+0000] {processor.py:914} INFO - Processing file /home/airflow/.local/lib/python3.12/site-packages/airflow/example_dags/tutorial_dag.py for tasks to queue
[2026-06-07T08:23:57.184+0000] {logging_mixin.py:190} INFO - [2026-06-07T08:23:57.183+0000] {dagbag.py:588} INFO - Filling up the DagBag from /home/airflow/.local/lib/python3.12/site-packages/airflow/example_dags/tutorial_dag.py
[2026-06-07T08:23:57.233+0000] {processor.py:925} INFO - DAG(s) 'tutorial_dag' retrieved from /home/airflow/.local/lib/python3.12/site-packages/airflow/example_dags/tutorial_dag.py
[2026-06-07T08:23:57.323+0000] {logging_mixin.py:190} INFO - [2026-06-07T08:23:57.323+0000] {dag.py:3239} INFO - Sync 1 DAGs
[2026-06-07T08:23:57.365+0000] {logging_mixin.py:190} INFO - [2026-06-07T08:23:57.365+0000] {dag.py:4180} INFO - Setting next_dagrun for tutorial_dag to None, run_after=None
[2026-06-07T08:23:57.407+0000] {processor.py:208} INFO - Processing /home/airflow/.local/lib/python3.12/site-packages/airflow/example_dags/tutorial_dag.py took 0.257 seconds
[2026-06-07T08:24:33.355+0000] {processor.py:186} INFO - Started process (PID=938) to work on /home/airflow/.local/lib/python3.12/site-packages/airflow/example_dags/tutorial_dag.py
[2026-06-07T08:24:33.358+0000] {processor.py:914} INFO - Processing file /home/airflow/.local/lib/python3.12/site-packages/airflow/example_dags/tutorial_dag.py for tasks to queue
[2026-06-07T08:24:33.369+0000] {logging_mixin.py:190} INFO - [2026-06-07T08:24:33.368+0000] {dagbag.py:588} INFO - Filling up the DagBag from /home/airflow/.local/lib/python3.12/site-packages/airflow/example_dags/tutorial_dag.py
[2026-06-07T08:24:33.385+0000] {processor.py:925} INFO - DAG(s) 'tutorial_dag' retrieved from /home/airflow/.local/lib/python3.12/site-packages/airflow/example_dags/tutorial_dag.py
[2026-06-07T08:24:33.468+0000] {logging_mixin.py:190} INFO - [2026-06-07T08:24:33.467+0000] {dag.py:3239} INFO - Sync 1 DAGs
[2026-06-07T08:24:33.528+0000] {logging_mixin.py:190} INFO - [2026-06-07T08:24:33.527+0000] {dag.py:4180} INFO - Setting next_dagrun for tutorial_dag to None, run_after=None
[2026-06-07T08:24:33.597+0000] {processor.py:208} INFO - Processing /home/airflow/.local/lib/python3.12/site-packages/airflow/example_dags/tutorial_dag.py took 0.256 seconds
[2026-06-07T08:25:08.132+0000] {processor.py:186} INFO - Started process (PID=999) to work on /home/airflow/.local/lib/python3.12/site-packages/airflow/example_dags/tutorial_dag.py
[2026-06-07T08:25:08.134+0000] {processor.py:914} INFO - Processing file /home/airflow/.local/lib/python3.12/site-packages/airflow/example_dags/tutorial_dag.py for tasks to queue
[2026-06-07T08:25:08.139+0000] {logging_mixin.py:190} INFO - [2026-06-07T08:25:08.138+0000] {dagbag.py:588} INFO - Filling up the DagBag from /home/airflow/.local/lib/python3.12/site-packages/airflow/example_dags/tutorial_dag.py
[2026-06-07T08:25:08.154+0000] {processor.py:925} INFO - DAG(s) 'tutorial_dag' retrieved from /home/airflow/.local/lib/python3.12/site-packages/airflow/example_dags/tutorial_dag.py
[2026-06-07T08:25:08.222+0000] {logging_mixin.py:190} INFO - [2026-06-07T08:25:08.221+0000] {dag.py:3239} INFO - Sync 1 DAGs
[2026-06-07T08:25:08.276+0000] {logging_mixin.py:190} INFO - [2026-06-07T08:25:08.275+0000] {dag.py:4180} INFO - Setting next_dagrun for tutorial_dag to None, run_after=None
[2026-06-07T08:25:08.317+0000] {processor.py:208} INFO - Processing /home/airflow/.local/lib/python3.12/site-packages/airflow/example_dags/tutorial_dag.py took 0.195 seconds
[2026-06-07T08:25:43.240+0000] {processor.py:186} INFO - Started process (PID=1061) to work on /home/airflow/.local/lib/python3.12/site-packages/airflow/example_dags/tutorial_dag.py
[2026-06-07T08:25:43.242+0000] {processor.py:914} INFO - Processing file /home/airflow/.local/lib/python3.12/site-packages/airflow/example_dags/tutorial_dag.py for tasks to queue
[2026-06-07T08:25:43.246+0000] {logging_mixin.py:190} INFO - [2026-06-07T08:25:43.246+0000] {dagbag.py:588} INFO - Filling up the DagBag from /home/airflow/.local/lib/python3.12/site-packages/airflow/example_dags/tutorial_dag.py
[2026-06-07T08:25:43.258+0000] {processor.py:925} INFO - DAG(s) 'tutorial_dag' retrieved from /home/airflow/.local/lib/python3.12/site-packages/airflow/example_dags/tutorial_dag.py
[2026-06-07T08:25:43.302+0000] {logging_mixin.py:190} INFO - [2026-06-07T08:25:43.302+0000] {dag.py:3239} INFO - Sync 1 DAGs
[2026-06-07T08:25:43.326+0000] {logging_mixin.py:190} INFO - [2026-06-07T08:25:43.326+0000] {dag.py:4180} INFO - Setting next_dagrun for tutorial_dag to None, run_after=None
[2026-06-07T08:25:43.359+0000] {processor.py:208} INFO - Processing /home/airflow/.local/lib/python3.12/site-packages/airflow/example_dags/tutorial_dag.py took 0.129 seconds
[2026-06-07T08:26:22.480+0000] {processor.py:186} INFO - Started process (PID=1129) to work on /home/airflow/.local/lib/python3.12/site-packages/airflow/example_dags/tutorial_dag.py
[2026-06-07T08:26:22.486+0000] {processor.py:914} INFO - Processing file /home/airflow/.local/lib/python3.12/site-packages/airflow/example_dags/tutorial_dag.py for tasks to queue
[2026-06-07T08:26:22.498+0000] {logging_mixin.py:190} INFO - [2026-06-07T08:26:22.497+0000] {dagbag.py:588} INFO - Filling up the DagBag from /home/airflow/.local/lib/python3.12/site-packages/airflow/example_dags/tutorial_dag.py
[2026-06-07T08:26:22.539+0000] {processor.py:925} INFO - DAG(s) 'tutorial_dag' retrieved from /home/airflow/.local/lib/python3.12/site-packages/airflow/example_dags/tutorial_dag.py
[2026-06-07T08:26:22.695+0000] {logging_mixin.py:190} INFO - [2026-06-07T08:26:22.692+0000] {dag.py:3239} INFO - Sync 1 DAGs
[2026-06-07T08:26:22.773+0000] {logging_mixin.py:190} INFO - [2026-06-07T08:26:22.771+0000] {dag.py:4180} INFO - Setting next_dagrun for tutorial_dag to None, run_after=None
[2026-06-07T08:26:22.842+0000] {processor.py:208} INFO - Processing /home/airflow/.local/lib/python3.12/site-packages/airflow/example_dags/tutorial_dag.py took 0.398 seconds
[2026-06-07T08:27:02.539+0000] {processor.py:186} INFO - Started process (PID=1191) to work on /home/airflow/.local/lib/python3.12/site-packages/airflow/example_dags/tutorial_dag.py
[2026-06-07T08:27:02.542+0000] {processor.py:914} INFO - Processing file /home/airflow/.local/lib/python3.12/site-packages/airflow/example_dags/tutorial_dag.py for tasks to queue
[2026-06-07T08:27:02.555+0000] {logging_mixin.py:190} INFO - [2026-06-07T08:27:02.554+0000] {dagbag.py:588} INFO - Filling up the DagBag from /home/airflow/.local/lib/python3.12/site-packages/airflow/example_dags/tutorial_dag.py
[2026-06-07T08:27:02.579+0000] {processor.py:925} INFO - DAG(s) 'tutorial_dag' retrieved from /home/airflow/.local/lib/python3.12/site-packages/airflow/example_dags/tutorial_dag.py
[2026-06-07T08:27:02.690+0000] {logging_mixin.py:190} INFO - [2026-06-07T08:27:02.690+0000] {dag.py:3239} INFO - Sync 1 DAGs
[2026-06-07T08:27:02.842+0000] {logging_mixin.py:190} INFO - [2026-06-07T08:27:02.842+0000] {dag.py:4180} INFO - Setting next_dagrun for tutorial_dag to None, run_after=None
[2026-06-07T08:27:02.934+0000] {processor.py:208} INFO - Processing /home/airflow/.local/lib/python3.12/site-packages/airflow/example_dags/tutorial_dag.py took 0.408 seconds
[2026-06-07T08:27:48.138+0000] {processor.py:186} INFO - Started process (PID=1256) to work on /home/airflow/.local/lib/python3.12/site-packages/airflow/example_dags/tutorial_dag.py
[2026-06-07T08:27:48.141+0000] {processor.py:914} INFO - Processing file /home/airflow/.local/lib/python3.12/site-packages/airflow/example_dags/tutorial_dag.py for tasks to queue
[2026-06-07T08:27:48.146+0000] {logging_mixin.py:190} INFO - [2026-06-07T08:27:48.146+0000] {dagbag.py:588} INFO - Filling up the DagBag from /home/airflow/.local/lib/python3.12/site-packages/airflow/example_dags/tutorial_dag.py
[2026-06-07T08:27:48.173+0000] {processor.py:925} INFO - DAG(s) 'tutorial_dag' retrieved from /home/airflow/.local/lib/python3.12/site-packages/airflow/example_dags/tutorial_dag.py
[2026-06-07T08:27:48.243+0000] {logging_mixin.py:190} INFO - [2026-06-07T08:27:48.243+0000] {dag.py:3239} INFO - Sync 1 DAGs
[2026-06-07T08:27:48.286+0000] {logging_mixin.py:190} INFO - [2026-06-07T08:27:48.285+0000] {dag.py:4180} INFO - Setting next_dagrun for tutorial_dag to None, run_after=None
[2026-06-07T08:27:48.351+0000] {processor.py:208} INFO - Processing /home/airflow/.local/lib/python3.12/site-packages/airflow/example_dags/tutorial_dag.py took 0.223 seconds
[2026-06-07T08:28:18.713+0000] {processor.py:186} INFO - Started process (PID=1317) to work on /home/airflow/.local/lib/python3.12/site-packages/airflow/example_dags/tutorial_dag.py
[2026-06-07T08:28:18.715+0000] {processor.py:914} INFO - Processing file /home/airflow/.local/lib/python3.12/site-packages/airflow/example_dags/tutorial_dag.py for tasks to queue
[2026-06-07T08:28:18.722+0000] {logging_mixin.py:190} INFO - [2026-06-07T08:28:18.722+0000] {dagbag.py:588} INFO - Filling up the DagBag from /home/airflow/.local/lib/python3.12/site-packages/airflow/example_dags/tutorial_dag.py
[2026-06-07T08:28:18.737+0000] {processor.py:925} INFO - DAG(s) 'tutorial_dag' retrieved from /home/airflow/.local/lib/python3.12/site-packages/airflow/example_dags/tutorial_dag.py
[2026-06-07T08:28:18.783+0000] {logging_mixin.py:190} INFO - [2026-06-07T08:28:18.782+0000] {dag.py:3239} INFO - Sync 1 DAGs
[2026-06-07T08:28:18.812+0000] {logging_mixin.py:190} INFO - [2026-06-07T08:28:18.812+0000] {dag.py:4180} INFO - Setting next_dagrun for tutorial_dag to None, run_after=None
[2026-06-07T08:28:18.847+0000] {processor.py:208} INFO - Processing /home/airflow/.local/lib/python3.12/site-packages/airflow/example_dags/tutorial_dag.py took 0.147 seconds
[2026-06-07T08:28:52.372+0000] {processor.py:186} INFO - Started process (PID=1379) to work on /home/airflow/.local/lib/python3.12/site-packages/airflow/example_dags/tutorial_dag.py
[2026-06-07T08:28:52.375+0000] {processor.py:914} INFO - Processing file /home/airflow/.local/lib/python3.12/site-packages/airflow/example_dags/tutorial_dag.py for tasks to queue
[2026-06-07T08:28:52.380+0000] {logging_mixin.py:190} INFO - [2026-06-07T08:28:52.379+0000] {dagbag.py:588} INFO - Filling up the DagBag from /home/airflow/.local/lib/python3.12/site-packages/airflow/example_dags/tutorial_dag.py
[2026-06-07T08:28:52.394+0000] {processor.py:925} INFO - DAG(s) 'tutorial_dag' retrieved from /home/airflow/.local/lib/python3.12/site-packages/airflow/example_dags/tutorial_dag.py
[2026-06-07T08:28:52.445+0000] {logging_mixin.py:190} INFO - [2026-06-07T08:28:52.444+0000] {dag.py:3239} INFO - Sync 1 DAGs
[2026-06-07T08:28:52.470+0000] {logging_mixin.py:190} INFO - [2026-06-07T08:28:52.469+0000] {dag.py:4180} INFO - Setting next_dagrun for tutorial_dag to None, run_after=None
[2026-06-07T08:28:52.504+0000] {processor.py:208} INFO - Processing /home/airflow/.local/lib/python3.12/site-packages/airflow/example_dags/tutorial_dag.py took 0.141 seconds
[2026-06-07T08:39:21.668+0000] {processor.py:186} INFO - Started process (PID=80) to work on /home/airflow/.local/lib/python3.12/site-packages/airflow/example_dags/tutorial_dag.py
[2026-06-07T08:39:21.671+0000] {processor.py:914} INFO - Processing file /home/airflow/.local/lib/python3.12/site-packages/airflow/example_dags/tutorial_dag.py for tasks to queue
[2026-06-07T08:39:21.679+0000] {logging_mixin.py:190} INFO - [2026-06-07T08:39:21.678+0000] {dagbag.py:588} INFO - Filling up the DagBag from /home/airflow/.local/lib/python3.12/site-packages/airflow/example_dags/tutorial_dag.py
[2026-06-07T08:39:21.696+0000] {processor.py:925} INFO - DAG(s) 'tutorial_dag' retrieved from /home/airflow/.local/lib/python3.12/site-packages/airflow/example_dags/tutorial_dag.py
[2026-06-07T08:39:21.762+0000] {logging_mixin.py:190} INFO - [2026-06-07T08:39:21.761+0000] {dag.py:3239} INFO - Sync 1 DAGs
[2026-06-07T08:39:21.794+0000] {logging_mixin.py:190} INFO - [2026-06-07T08:39:21.794+0000] {dag.py:4180} INFO - Setting next_dagrun for tutorial_dag to None, run_after=None
[2026-06-07T08:39:21.834+0000] {processor.py:208} INFO - Processing /home/airflow/.local/lib/python3.12/site-packages/airflow/example_dags/tutorial_dag.py took 0.179 seconds
[2026-06-07T08:40:14.080+0000] {processor.py:186} INFO - Started process (PID=143) to work on /home/airflow/.local/lib/python3.12/site-packages/airflow/example_dags/tutorial_dag.py
[2026-06-07T08:40:14.083+0000] {processor.py:914} INFO - Processing file /home/airflow/.local/lib/python3.12/site-packages/airflow/example_dags/tutorial_dag.py for tasks to queue
[2026-06-07T08:40:14.090+0000] {logging_mixin.py:190} INFO - [2026-06-07T08:40:14.089+0000] {dagbag.py:588} INFO - Filling up the DagBag from /home/airflow/.local/lib/python3.12/site-packages/airflow/example_dags/tutorial_dag.py
[2026-06-07T08:40:14.107+0000] {processor.py:925} INFO - DAG(s) 'tutorial_dag' retrieved from /home/airflow/.local/lib/python3.12/site-packages/airflow/example_dags/tutorial_dag.py
[2026-06-07T08:40:14.172+0000] {logging_mixin.py:190} INFO - [2026-06-07T08:40:14.171+0000] {dag.py:3239} INFO - Sync 1 DAGs
[2026-06-07T08:40:14.214+0000] {logging_mixin.py:190} INFO - [2026-06-07T08:40:14.213+0000] {dag.py:4180} INFO - Setting next_dagrun for tutorial_dag to None, run_after=None
[2026-06-07T08:40:14.263+0000] {processor.py:208} INFO - Processing /home/airflow/.local/lib/python3.12/site-packages/airflow/example_dags/tutorial_dag.py took 0.195 seconds
[2026-06-07T08:40:55.535+0000] {processor.py:186} INFO - Started process (PID=202) to work on /home/airflow/.local/lib/python3.12/site-packages/airflow/example_dags/tutorial_dag.py
[2026-06-07T08:40:55.537+0000] {processor.py:914} INFO - Processing file /home/airflow/.local/lib/python3.12/site-packages/airflow/example_dags/tutorial_dag.py for tasks to queue
[2026-06-07T08:40:55.551+0000] {logging_mixin.py:190} INFO - [2026-06-07T08:40:55.550+0000] {dagbag.py:588} INFO - Filling up the DagBag from /home/airflow/.local/lib/python3.12/site-packages/airflow/example_dags/tutorial_dag.py
[2026-06-07T08:40:55.588+0000] {processor.py:925} INFO - DAG(s) 'tutorial_dag' retrieved from /home/airflow/.local/lib/python3.12/site-packages/airflow/example_dags/tutorial_dag.py
[2026-06-07T08:40:55.672+0000] {logging_mixin.py:190} INFO - [2026-06-07T08:40:55.671+0000] {dag.py:3239} INFO - Sync 1 DAGs
[2026-06-07T08:40:55.720+0000] {logging_mixin.py:190} INFO - [2026-06-07T08:40:55.720+0000] {dag.py:4180} INFO - Setting next_dagrun for tutorial_dag to None, run_after=None
[2026-06-07T08:40:55.786+0000] {processor.py:208} INFO - Processing /home/airflow/.local/lib/python3.12/site-packages/airflow/example_dags/tutorial_dag.py took 0.277 seconds
[2026-06-07T08:41:28.161+0000] {processor.py:186} INFO - Started process (PID=264) to work on /home/airflow/.local/lib/python3.12/site-packages/airflow/example_dags/tutorial_dag.py
[2026-06-07T08:41:28.171+0000] {processor.py:914} INFO - Processing file /home/airflow/.local/lib/python3.12/site-packages/airflow/example_dags/tutorial_dag.py for tasks to queue
[2026-06-07T08:41:28.188+0000] {logging_mixin.py:190} INFO - [2026-06-07T08:41:28.187+0000] {dagbag.py:588} INFO - Filling up the DagBag from /home/airflow/.local/lib/python3.12/site-packages/airflow/example_dags/tutorial_dag.py
[2026-06-07T08:41:28.242+0000] {processor.py:925} INFO - DAG(s) 'tutorial_dag' retrieved from /home/airflow/.local/lib/python3.12/site-packages/airflow/example_dags/tutorial_dag.py
[2026-06-07T08:41:28.341+0000] {logging_mixin.py:190} INFO - [2026-06-07T08:41:28.341+0000] {dag.py:3239} INFO - Sync 1 DAGs
[2026-06-07T08:41:28.420+0000] {logging_mixin.py:190} INFO - [2026-06-07T08:41:28.419+0000] {dag.py:4180} INFO - Setting next_dagrun for tutorial_dag to None, run_after=None
[2026-06-07T08:41:28.509+0000] {processor.py:208} INFO - Processing /home/airflow/.local/lib/python3.12/site-packages/airflow/example_dags/tutorial_dag.py took 0.396 seconds
[2026-06-07T08:42:01.415+0000] {processor.py:186} INFO - Started process (PID=324) to work on /home/airflow/.local/lib/python3.12/site-packages/airflow/example_dags/tutorial_dag.py
[2026-06-07T08:42:01.419+0000] {processor.py:914} INFO - Processing file /home/airflow/.local/lib/python3.12/site-packages/airflow/example_dags/tutorial_dag.py for tasks to queue
[2026-06-07T08:42:01.426+0000] {logging_mixin.py:190} INFO - [2026-06-07T08:42:01.425+0000] {dagbag.py:588} INFO - Filling up the DagBag from /home/airflow/.local/lib/python3.12/site-packages/airflow/example_dags/tutorial_dag.py
[2026-06-07T08:42:01.443+0000] {processor.py:925} INFO - DAG(s) 'tutorial_dag' retrieved from /home/airflow/.local/lib/python3.12/site-packages/airflow/example_dags/tutorial_dag.py
[2026-06-07T08:42:01.498+0000] {logging_mixin.py:190} INFO - [2026-06-07T08:42:01.497+0000] {dag.py:3239} INFO - Sync 1 DAGs
[2026-06-07T08:42:01.536+0000] {logging_mixin.py:190} INFO - [2026-06-07T08:42:01.535+0000] {dag.py:4180} INFO - Setting next_dagrun for tutorial_dag to None, run_after=None
[2026-06-07T08:42:01.579+0000] {processor.py:208} INFO - Processing /home/airflow/.local/lib/python3.12/site-packages/airflow/example_dags/tutorial_dag.py took 0.182 seconds
[2026-06-07T08:42:39.667+0000] {processor.py:186} INFO - Started process (PID=375) to work on /home/airflow/.local/lib/python3.12/site-packages/airflow/example_dags/tutorial_dag.py
[2026-06-07T08:42:39.669+0000] {processor.py:914} INFO - Processing file /home/airflow/.local/lib/python3.12/site-packages/airflow/example_dags/tutorial_dag.py for tasks to queue
[2026-06-07T08:42:39.680+0000] {logging_mixin.py:190} INFO - [2026-06-07T08:42:39.676+0000] {dagbag.py:588} INFO - Filling up the DagBag from /home/airflow/.local/lib/python3.12/site-packages/airflow/example_dags/tutorial_dag.py
[2026-06-07T08:42:39.720+0000] {processor.py:925} INFO - DAG(s) 'tutorial_dag' retrieved from /home/airflow/.local/lib/python3.12/site-packages/airflow/example_dags/tutorial_dag.py
[2026-06-07T08:42:39.800+0000] {logging_mixin.py:190} INFO - [2026-06-07T08:42:39.799+0000] {dag.py:3239} INFO - Sync 1 DAGs
[2026-06-07T08:42:39.836+0000] {logging_mixin.py:190} INFO - [2026-06-07T08:42:39.836+0000] {dag.py:4180} INFO - Setting next_dagrun for tutorial_dag to None, run_after=None
[2026-06-07T08:42:39.879+0000] {processor.py:208} INFO - Processing /home/airflow/.local/lib/python3.12/site-packages/airflow/example_dags/tutorial_dag.py took 0.226 seconds
[2026-06-07T08:43:21.308+0000] {processor.py:186} INFO - Started process (PID=437) to work on /home/airflow/.local/lib/python3.12/site-packages/airflow/example_dags/tutorial_dag.py
[2026-06-07T08:43:21.311+0000] {processor.py:914} INFO - Processing file /home/airflow/.local/lib/python3.12/site-packages/airflow/example_dags/tutorial_dag.py for tasks to queue
[2026-06-07T08:43:21.315+0000] {logging_mixin.py:190} INFO - [2026-06-07T08:43:21.315+0000] {dagbag.py:588} INFO - Filling up the DagBag from /home/airflow/.local/lib/python3.12/site-packages/airflow/example_dags/tutorial_dag.py
[2026-06-07T08:43:21.329+0000] {processor.py:925} INFO - DAG(s) 'tutorial_dag' retrieved from /home/airflow/.local/lib/python3.12/site-packages/airflow/example_dags/tutorial_dag.py
[2026-06-07T08:43:21.374+0000] {logging_mixin.py:190} INFO - [2026-06-07T08:43:21.374+0000] {dag.py:3239} INFO - Sync 1 DAGs
[2026-06-07T08:43:21.396+0000] {logging_mixin.py:190} INFO - [2026-06-07T08:43:21.396+0000] {dag.py:4180} INFO - Setting next_dagrun for tutorial_dag to None, run_after=None
[2026-06-07T08:43:21.427+0000] {processor.py:208} INFO - Processing /home/airflow/.local/lib/python3.12/site-packages/airflow/example_dags/tutorial_dag.py took 0.129 seconds
[2026-06-07T08:43:52.227+0000] {processor.py:186} INFO - Started process (PID=498) to work on /home/airflow/.local/lib/python3.12/site-packages/airflow/example_dags/tutorial_dag.py
[2026-06-07T08:43:52.230+0000] {processor.py:914} INFO - Processing file /home/airflow/.local/lib/python3.12/site-packages/airflow/example_dags/tutorial_dag.py for tasks to queue
[2026-06-07T08:43:52.239+0000] {logging_mixin.py:190} INFO - [2026-06-07T08:43:52.237+0000] {dagbag.py:588} INFO - Filling up the DagBag from /home/airflow/.local/lib/python3.12/site-packages/airflow/example_dags/tutorial_dag.py
[2026-06-07T08:43:52.263+0000] {processor.py:925} INFO - DAG(s) 'tutorial_dag' retrieved from /home/airflow/.local/lib/python3.12/site-packages/airflow/example_dags/tutorial_dag.py
[2026-06-07T08:43:52.330+0000] {logging_mixin.py:190} INFO - [2026-06-07T08:43:52.329+0000] {dag.py:3239} INFO - Sync 1 DAGs
[2026-06-07T08:43:52.378+0000] {logging_mixin.py:190} INFO - [2026-06-07T08:43:52.377+0000] {dag.py:4180} INFO - Setting next_dagrun for tutorial_dag to None, run_after=None
[2026-06-07T08:43:52.448+0000] {processor.py:208} INFO - Processing /home/airflow/.local/lib/python3.12/site-packages/airflow/example_dags/tutorial_dag.py took 0.239 seconds
[2026-06-07T08:44:31.850+0000] {processor.py:186} INFO - Started process (PID=563) to work on /home/airflow/.local/lib/python3.12/site-packages/airflow/example_dags/tutorial_dag.py
[2026-06-07T08:44:31.852+0000] {processor.py:914} INFO - Processing file /home/airflow/.local/lib/python3.12/site-packages/airflow/example_dags/tutorial_dag.py for tasks to queue
[2026-06-07T08:44:31.858+0000] {logging_mixin.py:190} INFO - [2026-06-07T08:44:31.857+0000] {dagbag.py:588} INFO - Filling up the DagBag from /home/airflow/.local/lib/python3.12/site-packages/airflow/example_dags/tutorial_dag.py
[2026-06-07T08:44:31.880+0000] {processor.py:925} INFO - DAG(s) 'tutorial_dag' retrieved from /home/airflow/.local/lib/python3.12/site-packages/airflow/example_dags/tutorial_dag.py
[2026-06-07T08:44:31.940+0000] {logging_mixin.py:190} INFO - [2026-06-07T08:44:31.940+0000] {dag.py:3239} INFO - Sync 1 DAGs
[2026-06-07T08:44:31.977+0000] {logging_mixin.py:190} INFO - [2026-06-07T08:44:31.976+0000] {dag.py:4180} INFO - Setting next_dagrun for tutorial_dag to None, run_after=None
[2026-06-07T08:44:32.031+0000] {processor.py:208} INFO - Processing /home/airflow/.local/lib/python3.12/site-packages/airflow/example_dags/tutorial_dag.py took 0.195 seconds
[2026-06-07T08:45:11.243+0000] {processor.py:186} INFO - Started process (PID=624) to work on /home/airflow/.local/lib/python3.12/site-packages/airflow/example_dags/tutorial_dag.py
[2026-06-07T08:45:11.247+0000] {processor.py:914} INFO - Processing file /home/airflow/.local/lib/python3.12/site-packages/airflow/example_dags/tutorial_dag.py for tasks to queue
[2026-06-07T08:45:11.263+0000] {logging_mixin.py:190} INFO - [2026-06-07T08:45:11.259+0000] {dagbag.py:588} INFO - Filling up the DagBag from /home/airflow/.local/lib/python3.12/site-packages/airflow/example_dags/tutorial_dag.py
[2026-06-07T08:45:11.285+0000] {processor.py:925} INFO - DAG(s) 'tutorial_dag' retrieved from /home/airflow/.local/lib/python3.12/site-packages/airflow/example_dags/tutorial_dag.py
[2026-06-07T08:45:11.364+0000] {logging_mixin.py:190} INFO - [2026-06-07T08:45:11.364+0000] {dag.py:3239} INFO - Sync 1 DAGs
[2026-06-07T08:45:11.411+0000] {logging_mixin.py:190} INFO - [2026-06-07T08:45:11.409+0000] {dag.py:4180} INFO - Setting next_dagrun for tutorial_dag to None, run_after=None
[2026-06-07T08:45:11.465+0000] {processor.py:208} INFO - Processing /home/airflow/.local/lib/python3.12/site-packages/airflow/example_dags/tutorial_dag.py took 0.234 seconds
[2026-06-07T08:45:52.698+0000] {processor.py:186} INFO - Started process (PID=687) to work on /home/airflow/.local/lib/python3.12/site-packages/airflow/example_dags/tutorial_dag.py
[2026-06-07T08:45:52.700+0000] {processor.py:914} INFO - Processing file /home/airflow/.local/lib/python3.12/site-packages/airflow/example_dags/tutorial_dag.py for tasks to queue
[2026-06-07T08:45:52.706+0000] {logging_mixin.py:190} INFO - [2026-06-07T08:45:52.706+0000] {dagbag.py:588} INFO - Filling up the DagBag from /home/airflow/.local/lib/python3.12/site-packages/airflow/example_dags/tutorial_dag.py
[2026-06-07T08:45:52.722+0000] {processor.py:925} INFO - DAG(s) 'tutorial_dag' retrieved from /home/airflow/.local/lib/python3.12/site-packages/airflow/example_dags/tutorial_dag.py
[2026-06-07T08:45:52.769+0000] {logging_mixin.py:190} INFO - [2026-06-07T08:45:52.769+0000] {dag.py:3239} INFO - Sync 1 DAGs
[2026-06-07T08:45:52.806+0000] {logging_mixin.py:190} INFO - [2026-06-07T08:45:52.805+0000] {dag.py:4180} INFO - Setting next_dagrun for tutorial_dag to None, run_after=None
[2026-06-07T08:45:52.843+0000] {processor.py:208} INFO - Processing /home/airflow/.local/lib/python3.12/site-packages/airflow/example_dags/tutorial_dag.py took 0.158 seconds
[2026-06-07T08:46:23.226+0000] {processor.py:186} INFO - Started process (PID=754) to work on /home/airflow/.local/lib/python3.12/site-packages/airflow/example_dags/tutorial_dag.py
[2026-06-07T08:46:23.228+0000] {processor.py:914} INFO - Processing file /home/airflow/.local/lib/python3.12/site-packages/airflow/example_dags/tutorial_dag.py for tasks to queue
[2026-06-07T08:46:23.235+0000] {logging_mixin.py:190} INFO - [2026-06-07T08:46:23.234+0000] {dagbag.py:588} INFO - Filling up the DagBag from /home/airflow/.local/lib/python3.12/site-packages/airflow/example_dags/tutorial_dag.py
[2026-06-07T08:46:23.250+0000] {processor.py:925} INFO - DAG(s) 'tutorial_dag' retrieved from /home/airflow/.local/lib/python3.12/site-packages/airflow/example_dags/tutorial_dag.py
[2026-06-07T08:46:23.303+0000] {logging_mixin.py:190} INFO - [2026-06-07T08:46:23.303+0000] {dag.py:3239} INFO - Sync 1 DAGs
[2026-06-07T08:46:23.340+0000] {logging_mixin.py:190} INFO - [2026-06-07T08:46:23.339+0000] {dag.py:4180} INFO - Setting next_dagrun for tutorial_dag to None, run_after=None
[2026-06-07T08:46:23.377+0000] {processor.py:208} INFO - Processing /home/airflow/.local/lib/python3.12/site-packages/airflow/example_dags/tutorial_dag.py took 0.165 seconds
[2026-06-07T08:47:00.463+0000] {processor.py:186} INFO - Started process (PID=814) to work on /home/airflow/.local/lib/python3.12/site-packages/airflow/example_dags/tutorial_dag.py
[2026-06-07T08:47:00.466+0000] {processor.py:914} INFO - Processing file /home/airflow/.local/lib/python3.12/site-packages/airflow/example_dags/tutorial_dag.py for tasks to queue
[2026-06-07T08:47:00.475+0000] {logging_mixin.py:190} INFO - [2026-06-07T08:47:00.474+0000] {dagbag.py:588} INFO - Filling up the DagBag from /home/airflow/.local/lib/python3.12/site-packages/airflow/example_dags/tutorial_dag.py
[2026-06-07T08:47:00.495+0000] {processor.py:925} INFO - DAG(s) 'tutorial_dag' retrieved from /home/airflow/.local/lib/python3.12/site-packages/airflow/example_dags/tutorial_dag.py
[2026-06-07T08:47:00.609+0000] {logging_mixin.py:190} INFO - [2026-06-07T08:47:00.605+0000] {dag.py:3239} INFO - Sync 1 DAGs
[2026-06-07T08:47:00.660+0000] {logging_mixin.py:190} INFO - [2026-06-07T08:47:00.660+0000] {dag.py:4180} INFO - Setting next_dagrun for tutorial_dag to None, run_after=None
[2026-06-07T08:47:00.720+0000] {processor.py:208} INFO - Processing /home/airflow/.local/lib/python3.12/site-packages/airflow/example_dags/tutorial_dag.py took 0.277 seconds
[2026-06-07T08:47:41.512+0000] {processor.py:186} INFO - Started process (PID=878) to work on /home/airflow/.local/lib/python3.12/site-packages/airflow/example_dags/tutorial_dag.py
[2026-06-07T08:47:41.515+0000] {processor.py:914} INFO - Processing file /home/airflow/.local/lib/python3.12/site-packages/airflow/example_dags/tutorial_dag.py for tasks to queue
[2026-06-07T08:47:41.522+0000] {logging_mixin.py:190} INFO - [2026-06-07T08:47:41.521+0000] {dagbag.py:588} INFO - Filling up the DagBag from /home/airflow/.local/lib/python3.12/site-packages/airflow/example_dags/tutorial_dag.py
[2026-06-07T08:47:41.538+0000] {processor.py:925} INFO - DAG(s) 'tutorial_dag' retrieved from /home/airflow/.local/lib/python3.12/site-packages/airflow/example_dags/tutorial_dag.py
[2026-06-07T08:47:41.606+0000] {logging_mixin.py:190} INFO - [2026-06-07T08:47:41.605+0000] {dag.py:3239} INFO - Sync 1 DAGs
[2026-06-07T08:47:41.646+0000] {logging_mixin.py:190} INFO - [2026-06-07T08:47:41.646+0000] {dag.py:4180} INFO - Setting next_dagrun for tutorial_dag to None, run_after=None
[2026-06-07T08:47:41.710+0000] {processor.py:208} INFO - Processing /home/airflow/.local/lib/python3.12/site-packages/airflow/example_dags/tutorial_dag.py took 0.210 seconds
[2026-06-07T08:48:13.734+0000] {processor.py:186} INFO - Started process (PID=924) to work on /home/airflow/.local/lib/python3.12/site-packages/airflow/example_dags/tutorial_dag.py
[2026-06-07T08:48:13.740+0000] {processor.py:914} INFO - Processing file /home/airflow/.local/lib/python3.12/site-packages/airflow/example_dags/tutorial_dag.py for tasks to queue
[2026-06-07T08:48:13.754+0000] {logging_mixin.py:190} INFO - [2026-06-07T08:48:13.751+0000] {dagbag.py:588} INFO - Filling up the DagBag from /home/airflow/.local/lib/python3.12/site-packages/airflow/example_dags/tutorial_dag.py
[2026-06-07T08:48:13.775+0000] {processor.py:925} INFO - DAG(s) 'tutorial_dag' retrieved from /home/airflow/.local/lib/python3.12/site-packages/airflow/example_dags/tutorial_dag.py
[2026-06-07T08:48:13.840+0000] {logging_mixin.py:190} INFO - [2026-06-07T08:48:13.839+0000] {dag.py:3239} INFO - Sync 1 DAGs
[2026-06-07T08:48:13.886+0000] {logging_mixin.py:190} INFO - [2026-06-07T08:48:13.885+0000] {dag.py:4180} INFO - Setting next_dagrun for tutorial_dag to None, run_after=None
[2026-06-07T08:48:13.961+0000] {processor.py:208} INFO - Processing /home/airflow/.local/lib/python3.12/site-packages/airflow/example_dags/tutorial_dag.py took 0.242 seconds
[2026-06-07T08:48:50.347+0000] {processor.py:186} INFO - Started process (PID=966) to work on /home/airflow/.local/lib/python3.12/site-packages/airflow/example_dags/tutorial_dag.py
[2026-06-07T08:48:50.350+0000] {processor.py:914} INFO - Processing file /home/airflow/.local/lib/python3.12/site-packages/airflow/example_dags/tutorial_dag.py for tasks to queue
[2026-06-07T08:48:50.374+0000] {logging_mixin.py:190} INFO - [2026-06-07T08:48:50.373+0000] {dagbag.py:588} INFO - Filling up the DagBag from /home/airflow/.local/lib/python3.12/site-packages/airflow/example_dags/tutorial_dag.py
[2026-06-07T08:48:50.435+0000] {processor.py:925} INFO - DAG(s) 'tutorial_dag' retrieved from /home/airflow/.local/lib/python3.12/site-packages/airflow/example_dags/tutorial_dag.py
[2026-06-07T08:48:50.535+0000] {logging_mixin.py:190} INFO - [2026-06-07T08:48:50.528+0000] {dag.py:3239} INFO - Sync 1 DAGs
[2026-06-07T08:48:50.583+0000] {logging_mixin.py:190} INFO - [2026-06-07T08:48:50.582+0000] {dag.py:4180} INFO - Setting next_dagrun for tutorial_dag to None, run_after=None
[2026-06-07T08:48:50.635+0000] {processor.py:208} INFO - Processing /home/airflow/.local/lib/python3.12/site-packages/airflow/example_dags/tutorial_dag.py took 0.336 seconds
[2026-06-07T08:49:22.056+0000] {processor.py:186} INFO - Started process (PID=1025) to work on /home/airflow/.local/lib/python3.12/site-packages/airflow/example_dags/tutorial_dag.py
[2026-06-07T08:49:22.059+0000] {processor.py:914} INFO - Processing file /home/airflow/.local/lib/python3.12/site-packages/airflow/example_dags/tutorial_dag.py for tasks to queue
[2026-06-07T08:49:22.066+0000] {logging_mixin.py:190} INFO - [2026-06-07T08:49:22.065+0000] {dagbag.py:588} INFO - Filling up the DagBag from /home/airflow/.local/lib/python3.12/site-packages/airflow/example_dags/tutorial_dag.py
[2026-06-07T08:49:22.089+0000] {processor.py:925} INFO - DAG(s) 'tutorial_dag' retrieved from /home/airflow/.local/lib/python3.12/site-packages/airflow/example_dags/tutorial_dag.py
[2026-06-07T08:49:22.163+0000] {logging_mixin.py:190} INFO - [2026-06-07T08:49:22.163+0000] {dag.py:3239} INFO - Sync 1 DAGs
[2026-06-07T08:49:22.220+0000] {logging_mixin.py:190} INFO - [2026-06-07T08:49:22.219+0000] {dag.py:4180} INFO - Setting next_dagrun for tutorial_dag to None, run_after=None
[2026-06-07T08:49:22.267+0000] {processor.py:208} INFO - Processing /home/airflow/.local/lib/python3.12/site-packages/airflow/example_dags/tutorial_dag.py took 0.225 seconds
[2026-06-07T08:50:00.997+0000] {processor.py:186} INFO - Started process (PID=1084) to work on /home/airflow/.local/lib/python3.12/site-packages/airflow/example_dags/tutorial_dag.py
[2026-06-07T08:50:00.999+0000] {processor.py:914} INFO - Processing file /home/airflow/.local/lib/python3.12/site-packages/airflow/example_dags/tutorial_dag.py for tasks to queue
[2026-06-07T08:50:01.018+0000] {logging_mixin.py:190} INFO - [2026-06-07T08:50:01.015+0000] {dagbag.py:588} INFO - Filling up the DagBag from /home/airflow/.local/lib/python3.12/site-packages/airflow/example_dags/tutorial_dag.py
[2026-06-07T08:50:01.036+0000] {processor.py:925} INFO - DAG(s) 'tutorial_dag' retrieved from /home/airflow/.local/lib/python3.12/site-packages/airflow/example_dags/tutorial_dag.py
[2026-06-07T08:50:01.098+0000] {logging_mixin.py:190} INFO - [2026-06-07T08:50:01.097+0000] {dag.py:3239} INFO - Sync 1 DAGs
[2026-06-07T08:50:01.135+0000] {logging_mixin.py:190} INFO - [2026-06-07T08:50:01.135+0000] {dag.py:4180} INFO - Setting next_dagrun for tutorial_dag to None, run_after=None
[2026-06-07T08:50:01.183+0000] {processor.py:208} INFO - Processing /home/airflow/.local/lib/python3.12/site-packages/airflow/example_dags/tutorial_dag.py took 0.200 seconds
[2026-06-07T08:50:37.913+0000] {processor.py:186} INFO - Started process (PID=1145) to work on /home/airflow/.local/lib/python3.12/site-packages/airflow/example_dags/tutorial_dag.py
[2026-06-07T08:50:37.915+0000] {processor.py:914} INFO - Processing file /home/airflow/.local/lib/python3.12/site-packages/airflow/example_dags/tutorial_dag.py for tasks to queue
[2026-06-07T08:50:37.921+0000] {logging_mixin.py:190} INFO - [2026-06-07T08:50:37.920+0000] {dagbag.py:588} INFO - Filling up the DagBag from /home/airflow/.local/lib/python3.12/site-packages/airflow/example_dags/tutorial_dag.py
[2026-06-07T08:50:37.935+0000] {processor.py:925} INFO - DAG(s) 'tutorial_dag' retrieved from /home/airflow/.local/lib/python3.12/site-packages/airflow/example_dags/tutorial_dag.py
[2026-06-07T08:50:37.980+0000] {logging_mixin.py:190} INFO - [2026-06-07T08:50:37.980+0000] {dag.py:3239} INFO - Sync 1 DAGs
[2026-06-07T08:50:38.010+0000] {logging_mixin.py:190} INFO - [2026-06-07T08:50:38.010+0000] {dag.py:4180} INFO - Setting next_dagrun for tutorial_dag to None, run_after=None
[2026-06-07T08:50:38.048+0000] {processor.py:208} INFO - Processing /home/airflow/.local/lib/python3.12/site-packages/airflow/example_dags/tutorial_dag.py took 0.147 seconds
[2026-06-07T08:51:11.414+0000] {processor.py:186} INFO - Started process (PID=1205) to work on /home/airflow/.local/lib/python3.12/site-packages/airflow/example_dags/tutorial_dag.py
[2026-06-07T08:51:11.416+0000] {processor.py:914} INFO - Processing file /home/airflow/.local/lib/python3.12/site-packages/airflow/example_dags/tutorial_dag.py for tasks to queue
[2026-06-07T08:51:11.424+0000] {logging_mixin.py:190} INFO - [2026-06-07T08:51:11.424+0000] {dagbag.py:588} INFO - Filling up the DagBag from /home/airflow/.local/lib/python3.12/site-packages/airflow/example_dags/tutorial_dag.py
[2026-06-07T08:51:11.448+0000] {processor.py:925} INFO - DAG(s) 'tutorial_dag' retrieved from /home/airflow/.local/lib/python3.12/site-packages/airflow/example_dags/tutorial_dag.py
[2026-06-07T08:51:11.527+0000] {logging_mixin.py:190} INFO - [2026-06-07T08:51:11.527+0000] {dag.py:3239} INFO - Sync 1 DAGs
[2026-06-07T08:51:11.570+0000] {logging_mixin.py:190} INFO - [2026-06-07T08:51:11.570+0000] {dag.py:4180} INFO - Setting next_dagrun for tutorial_dag to None, run_after=None
[2026-06-07T08:51:11.624+0000] {processor.py:208} INFO - Processing /home/airflow/.local/lib/python3.12/site-packages/airflow/example_dags/tutorial_dag.py took 0.222 seconds
[2026-06-07T08:51:53.157+0000] {processor.py:186} INFO - Started process (PID=1256) to work on /home/airflow/.local/lib/python3.12/site-packages/airflow/example_dags/tutorial_dag.py
[2026-06-07T08:51:53.161+0000] {processor.py:914} INFO - Processing file /home/airflow/.local/lib/python3.12/site-packages/airflow/example_dags/tutorial_dag.py for tasks to queue
[2026-06-07T08:51:53.170+0000] {logging_mixin.py:190} INFO - [2026-06-07T08:51:53.170+0000] {dagbag.py:588} INFO - Filling up the DagBag from /home/airflow/.local/lib/python3.12/site-packages/airflow/example_dags/tutorial_dag.py
[2026-06-07T08:51:53.202+0000] {processor.py:925} INFO - DAG(s) 'tutorial_dag' retrieved from /home/airflow/.local/lib/python3.12/site-packages/airflow/example_dags/tutorial_dag.py
[2026-06-07T08:51:53.281+0000] {logging_mixin.py:190} INFO - [2026-06-07T08:51:53.281+0000] {dag.py:3239} INFO - Sync 1 DAGs
[2026-06-07T08:51:53.322+0000] {logging_mixin.py:190} INFO - [2026-06-07T08:51:53.322+0000] {dag.py:4180} INFO - Setting next_dagrun for tutorial_dag to None, run_after=None
[2026-06-07T08:51:53.374+0000] {processor.py:208} INFO - Processing /home/airflow/.local/lib/python3.12/site-packages/airflow/example_dags/tutorial_dag.py took 0.228 seconds
[2026-06-07T08:52:34.383+0000] {processor.py:186} INFO - Started process (PID=1325) to work on /home/airflow/.local/lib/python3.12/site-packages/airflow/example_dags/tutorial_dag.py
[2026-06-07T08:52:34.385+0000] {processor.py:914} INFO - Processing file /home/airflow/.local/lib/python3.12/site-packages/airflow/example_dags/tutorial_dag.py for tasks to queue
[2026-06-07T08:52:34.391+0000] {logging_mixin.py:190} INFO - [2026-06-07T08:52:34.390+0000] {dagbag.py:588} INFO - Filling up the DagBag from /home/airflow/.local/lib/python3.12/site-packages/airflow/example_dags/tutorial_dag.py
[2026-06-07T08:52:34.406+0000] {processor.py:925} INFO - DAG(s) 'tutorial_dag' retrieved from /home/airflow/.local/lib/python3.12/site-packages/airflow/example_dags/tutorial_dag.py
[2026-06-07T08:52:34.461+0000] {logging_mixin.py:190} INFO - [2026-06-07T08:52:34.460+0000] {dag.py:3239} INFO - Sync 1 DAGs
[2026-06-07T08:52:34.496+0000] {logging_mixin.py:190} INFO - [2026-06-07T08:52:34.496+0000] {dag.py:4180} INFO - Setting next_dagrun for tutorial_dag to None, run_after=None
[2026-06-07T08:52:34.540+0000] {processor.py:208} INFO - Processing /home/airflow/.local/lib/python3.12/site-packages/airflow/example_dags/tutorial_dag.py took 0.170 seconds
[2026-06-07T08:53:21.292+0000] {processor.py:186} INFO - Started process (PID=1387) to work on /home/airflow/.local/lib/python3.12/site-packages/airflow/example_dags/tutorial_dag.py
[2026-06-07T08:53:21.294+0000] {processor.py:914} INFO - Processing file /home/airflow/.local/lib/python3.12/site-packages/airflow/example_dags/tutorial_dag.py for tasks to queue
[2026-06-07T08:53:21.299+0000] {logging_mixin.py:190} INFO - [2026-06-07T08:53:21.299+0000] {dagbag.py:588} INFO - Filling up the DagBag from /home/airflow/.local/lib/python3.12/site-packages/airflow/example_dags/tutorial_dag.py
[2026-06-07T08:53:21.315+0000] {processor.py:925} INFO - DAG(s) 'tutorial_dag' retrieved from /home/airflow/.local/lib/python3.12/site-packages/airflow/example_dags/tutorial_dag.py
[2026-06-07T08:53:21.364+0000] {logging_mixin.py:190} INFO - [2026-06-07T08:53:21.364+0000] {dag.py:3239} INFO - Sync 1 DAGs
[2026-06-07T08:53:21.398+0000] {logging_mixin.py:190} INFO - [2026-06-07T08:53:21.398+0000] {dag.py:4180} INFO - Setting next_dagrun for tutorial_dag to None, run_after=None
[2026-06-07T08:53:21.441+0000] {processor.py:208} INFO - Processing /home/airflow/.local/lib/python3.12/site-packages/airflow/example_dags/tutorial_dag.py took 0.164 seconds
[2026-06-07T08:53:54.063+0000] {processor.py:186} INFO - Started process (PID=1448) to work on /home/airflow/.local/lib/python3.12/site-packages/airflow/example_dags/tutorial_dag.py
[2026-06-07T08:53:54.066+0000] {processor.py:914} INFO - Processing file /home/airflow/.local/lib/python3.12/site-packages/airflow/example_dags/tutorial_dag.py for tasks to queue
[2026-06-07T08:53:54.071+0000] {logging_mixin.py:190} INFO - [2026-06-07T08:53:54.071+0000] {dagbag.py:588} INFO - Filling up the DagBag from /home/airflow/.local/lib/python3.12/site-packages/airflow/example_dags/tutorial_dag.py
[2026-06-07T08:53:54.089+0000] {processor.py:925} INFO - DAG(s) 'tutorial_dag' retrieved from /home/airflow/.local/lib/python3.12/site-packages/airflow/example_dags/tutorial_dag.py
[2026-06-07T08:53:54.141+0000] {logging_mixin.py:190} INFO - [2026-06-07T08:53:54.140+0000] {dag.py:3239} INFO - Sync 1 DAGs
[2026-06-07T08:53:54.174+0000] {logging_mixin.py:190} INFO - [2026-06-07T08:53:54.173+0000] {dag.py:4180} INFO - Setting next_dagrun for tutorial_dag to None, run_after=None
[2026-06-07T08:53:54.219+0000] {processor.py:208} INFO - Processing /home/airflow/.local/lib/python3.12/site-packages/airflow/example_dags/tutorial_dag.py took 0.168 seconds
[2026-06-07T08:54:34.491+0000] {processor.py:186} INFO - Started process (PID=1516) to work on /home/airflow/.local/lib/python3.12/site-packages/airflow/example_dags/tutorial_dag.py
[2026-06-07T08:54:34.493+0000] {processor.py:914} INFO - Processing file /home/airflow/.local/lib/python3.12/site-packages/airflow/example_dags/tutorial_dag.py for tasks to queue
[2026-06-07T08:54:34.499+0000] {logging_mixin.py:190} INFO - [2026-06-07T08:54:34.498+0000] {dagbag.py:588} INFO - Filling up the DagBag from /home/airflow/.local/lib/python3.12/site-packages/airflow/example_dags/tutorial_dag.py
[2026-06-07T08:54:34.514+0000] {processor.py:925} INFO - DAG(s) 'tutorial_dag' retrieved from /home/airflow/.local/lib/python3.12/site-packages/airflow/example_dags/tutorial_dag.py
[2026-06-07T08:54:34.570+0000] {logging_mixin.py:190} INFO - [2026-06-07T08:54:34.569+0000] {dag.py:3239} INFO - Sync 1 DAGs
[2026-06-07T08:54:34.609+0000] {logging_mixin.py:190} INFO - [2026-06-07T08:54:34.609+0000] {dag.py:4180} INFO - Setting next_dagrun for tutorial_dag to None, run_after=None
[2026-06-07T08:54:34.655+0000] {processor.py:208} INFO - Processing /home/airflow/.local/lib/python3.12/site-packages/airflow/example_dags/tutorial_dag.py took 0.174 seconds
[2026-06-07T08:55:30.050+0000] {processor.py:186} INFO - Started process (PID=1562) to work on /home/airflow/.local/lib/python3.12/site-packages/airflow/example_dags/tutorial_dag.py
[2026-06-07T08:55:30.063+0000] {processor.py:914} INFO - Processing file /home/airflow/.local/lib/python3.12/site-packages/airflow/example_dags/tutorial_dag.py for tasks to queue
[2026-06-07T08:55:30.073+0000] {logging_mixin.py:190} INFO - [2026-06-07T08:55:30.073+0000] {dagbag.py:588} INFO - Filling up the DagBag from /home/airflow/.local/lib/python3.12/site-packages/airflow/example_dags/tutorial_dag.py
[2026-06-07T08:55:30.113+0000] {processor.py:925} INFO - DAG(s) 'tutorial_dag' retrieved from /home/airflow/.local/lib/python3.12/site-packages/airflow/example_dags/tutorial_dag.py
[2026-06-07T08:55:30.224+0000] {logging_mixin.py:190} INFO - [2026-06-07T08:55:30.223+0000] {dag.py:3239} INFO - Sync 1 DAGs
[2026-06-07T08:55:30.270+0000] {logging_mixin.py:190} INFO - [2026-06-07T08:55:30.269+0000] {dag.py:4180} INFO - Setting next_dagrun for tutorial_dag to None, run_after=None
[2026-06-07T08:55:30.336+0000] {processor.py:208} INFO - Processing /home/airflow/.local/lib/python3.12/site-packages/airflow/example_dags/tutorial_dag.py took 0.320 seconds
[2026-06-07T08:56:00.819+0000] {processor.py:186} INFO - Started process (PID=1624) to work on /home/airflow/.local/lib/python3.12/site-packages/airflow/example_dags/tutorial_dag.py
[2026-06-07T08:56:00.822+0000] {processor.py:914} INFO - Processing file /home/airflow/.local/lib/python3.12/site-packages/airflow/example_dags/tutorial_dag.py for tasks to queue
[2026-06-07T08:56:00.831+0000] {logging_mixin.py:190} INFO - [2026-06-07T08:56:00.828+0000] {dagbag.py:588} INFO - Filling up the DagBag from /home/airflow/.local/lib/python3.12/site-packages/airflow/example_dags/tutorial_dag.py
[2026-06-07T08:56:00.865+0000] {processor.py:925} INFO - DAG(s) 'tutorial_dag' retrieved from /home/airflow/.local/lib/python3.12/site-packages/airflow/example_dags/tutorial_dag.py
[2026-06-07T08:56:00.925+0000] {logging_mixin.py:190} INFO - [2026-06-07T08:56:00.925+0000] {dag.py:3239} INFO - Sync 1 DAGs
[2026-06-07T08:56:00.957+0000] {logging_mixin.py:190} INFO - [2026-06-07T08:56:00.957+0000] {dag.py:4180} INFO - Setting next_dagrun for tutorial_dag to None, run_after=None
[2026-06-07T08:56:00.996+0000] {processor.py:208} INFO - Processing /home/airflow/.local/lib/python3.12/site-packages/airflow/example_dags/tutorial_dag.py took 0.191 seconds
[2026-06-07T08:56:33.813+0000] {processor.py:186} INFO - Started process (PID=1684) to work on /home/airflow/.local/lib/python3.12/site-packages/airflow/example_dags/tutorial_dag.py
[2026-06-07T08:56:33.815+0000] {processor.py:914} INFO - Processing file /home/airflow/.local/lib/python3.12/site-packages/airflow/example_dags/tutorial_dag.py for tasks to queue
[2026-06-07T08:56:33.818+0000] {logging_mixin.py:190} INFO - [2026-06-07T08:56:33.817+0000] {dagbag.py:588} INFO - Filling up the DagBag from /home/airflow/.local/lib/python3.12/site-packages/airflow/example_dags/tutorial_dag.py
[2026-06-07T08:56:33.834+0000] {processor.py:925} INFO - DAG(s) 'tutorial_dag' retrieved from /home/airflow/.local/lib/python3.12/site-packages/airflow/example_dags/tutorial_dag.py
[2026-06-07T08:56:33.880+0000] {logging_mixin.py:190} INFO - [2026-06-07T08:56:33.879+0000] {dag.py:3239} INFO - Sync 1 DAGs
[2026-06-07T08:56:33.912+0000] {logging_mixin.py:190} INFO - [2026-06-07T08:56:33.911+0000] {dag.py:4180} INFO - Setting next_dagrun for tutorial_dag to None, run_after=None
[2026-06-07T08:56:33.953+0000] {processor.py:208} INFO - Processing /home/airflow/.local/lib/python3.12/site-packages/airflow/example_dags/tutorial_dag.py took 0.151 seconds
[2026-06-07T08:57:05.828+0000] {processor.py:186} INFO - Started process (PID=1721) to work on /home/airflow/.local/lib/python3.12/site-packages/airflow/example_dags/tutorial_dag.py
[2026-06-07T08:57:05.830+0000] {processor.py:914} INFO - Processing file /home/airflow/.local/lib/python3.12/site-packages/airflow/example_dags/tutorial_dag.py for tasks to queue
[2026-06-07T08:57:05.833+0000] {logging_mixin.py:190} INFO - [2026-06-07T08:57:05.832+0000] {dagbag.py:588} INFO - Filling up the DagBag from /home/airflow/.local/lib/python3.12/site-packages/airflow/example_dags/tutorial_dag.py
[2026-06-07T08:57:05.849+0000] {processor.py:925} INFO - DAG(s) 'tutorial_dag' retrieved from /home/airflow/.local/lib/python3.12/site-packages/airflow/example_dags/tutorial_dag.py
[2026-06-07T08:57:05.901+0000] {logging_mixin.py:190} INFO - [2026-06-07T08:57:05.901+0000] {dag.py:3239} INFO - Sync 1 DAGs
[2026-06-07T08:57:05.930+0000] {logging_mixin.py:190} INFO - [2026-06-07T08:57:05.930+0000] {dag.py:4180} INFO - Setting next_dagrun for tutorial_dag to None, run_after=None
[2026-06-07T08:57:05.977+0000] {processor.py:208} INFO - Processing /home/airflow/.local/lib/python3.12/site-packages/airflow/example_dags/tutorial_dag.py took 0.160 seconds
[2026-06-07T10:16:56.001+0000] {processor.py:186} INFO - Started process (PID=81) to work on /home/airflow/.local/lib/python3.12/site-packages/airflow/example_dags/tutorial_dag.py
[2026-06-07T10:16:56.004+0000] {processor.py:914} INFO - Processing file /home/airflow/.local/lib/python3.12/site-packages/airflow/example_dags/tutorial_dag.py for tasks to queue
[2026-06-07T10:16:56.029+0000] {logging_mixin.py:190} INFO - [2026-06-07T10:16:56.028+0000] {dagbag.py:588} INFO - Filling up the DagBag from /home/airflow/.local/lib/python3.12/site-packages/airflow/example_dags/tutorial_dag.py
[2026-06-07T10:16:56.061+0000] {processor.py:925} INFO - DAG(s) 'tutorial_dag' retrieved from /home/airflow/.local/lib/python3.12/site-packages/airflow/example_dags/tutorial_dag.py
[2026-06-07T10:16:56.344+0000] {logging_mixin.py:190} INFO - [2026-06-07T10:16:56.343+0000] {override.py:1932} INFO - Created Permission View: can delete on DAG:tutorial_dag
[2026-06-07T10:16:56.380+0000] {logging_mixin.py:190} INFO - [2026-06-07T10:16:56.379+0000] {override.py:1932} INFO - Created Permission View: can edit on DAG:tutorial_dag
[2026-06-07T10:16:56.403+0000] {logging_mixin.py:190} INFO - [2026-06-07T10:16:56.403+0000] {override.py:1932} INFO - Created Permission View: can read on DAG:tutorial_dag
[2026-06-07T10:16:56.419+0000] {logging_mixin.py:190} INFO - [2026-06-07T10:16:56.418+0000] {override.py:1932} INFO - Created Permission View: menu access on DAG Run:tutorial_dag
[2026-06-07T10:16:56.434+0000] {logging_mixin.py:190} INFO - [2026-06-07T10:16:56.434+0000] {override.py:1932} INFO - Created Permission View: can delete on DAG Run:tutorial_dag
[2026-06-07T10:16:56.455+0000] {logging_mixin.py:190} INFO - [2026-06-07T10:16:56.455+0000] {override.py:1932} INFO - Created Permission View: can create on DAG Run:tutorial_dag
[2026-06-07T10:16:56.478+0000] {logging_mixin.py:190} INFO - [2026-06-07T10:16:56.478+0000] {override.py:1932} INFO - Created Permission View: can read on DAG Run:tutorial_dag
[2026-06-07T10:16:56.482+0000] {logging_mixin.py:190} INFO - [2026-06-07T10:16:56.481+0000] {dag.py:3239} INFO - Sync 1 DAGs
[2026-06-07T10:16:56.522+0000] {logging_mixin.py:190} INFO - [2026-06-07T10:16:56.521+0000] {dag.py:3262} INFO - Creating ORM DAG for tutorial_dag
[2026-06-07T10:16:56.525+0000] {logging_mixin.py:190} INFO - [2026-06-07T10:16:56.525+0000] {dag.py:4180} INFO - Setting next_dagrun for tutorial_dag to None, run_after=None
[2026-06-07T10:16:56.569+0000] {processor.py:208} INFO - Processing /home/airflow/.local/lib/python3.12/site-packages/airflow/example_dags/tutorial_dag.py took 0.580 seconds
[2026-06-07T10:18:06.049+0000] {processor.py:186} INFO - Started process (PID=150) to work on /home/airflow/.local/lib/python3.12/site-packages/airflow/example_dags/tutorial_dag.py
[2026-06-07T10:18:06.053+0000] {processor.py:914} INFO - Processing file /home/airflow/.local/lib/python3.12/site-packages/airflow/example_dags/tutorial_dag.py for tasks to queue
[2026-06-07T10:18:06.064+0000] {logging_mixin.py:190} INFO - [2026-06-07T10:18:06.063+0000] {dagbag.py:588} INFO - Filling up the DagBag from /home/airflow/.local/lib/python3.12/site-packages/airflow/example_dags/tutorial_dag.py
[2026-06-07T10:18:06.088+0000] {processor.py:925} INFO - DAG(s) 'tutorial_dag' retrieved from /home/airflow/.local/lib/python3.12/site-packages/airflow/example_dags/tutorial_dag.py
[2026-06-07T10:18:06.157+0000] {logging_mixin.py:190} INFO - [2026-06-07T10:18:06.156+0000] {dag.py:3239} INFO - Sync 1 DAGs
[2026-06-07T10:18:06.209+0000] {logging_mixin.py:190} INFO - [2026-06-07T10:18:06.209+0000] {dag.py:4180} INFO - Setting next_dagrun for tutorial_dag to None, run_after=None
[2026-06-07T10:18:06.284+0000] {processor.py:208} INFO - Processing /home/airflow/.local/lib/python3.12/site-packages/airflow/example_dags/tutorial_dag.py took 0.258 seconds
[2026-06-07T10:18:55.508+0000] {processor.py:186} INFO - Started process (PID=219) to work on /home/airflow/.local/lib/python3.12/site-packages/airflow/example_dags/tutorial_dag.py
[2026-06-07T10:18:55.511+0000] {processor.py:914} INFO - Processing file /home/airflow/.local/lib/python3.12/site-packages/airflow/example_dags/tutorial_dag.py for tasks to queue
[2026-06-07T10:18:55.518+0000] {logging_mixin.py:190} INFO - [2026-06-07T10:18:55.517+0000] {dagbag.py:588} INFO - Filling up the DagBag from /home/airflow/.local/lib/python3.12/site-packages/airflow/example_dags/tutorial_dag.py
[2026-06-07T10:18:55.558+0000] {processor.py:925} INFO - DAG(s) 'tutorial_dag' retrieved from /home/airflow/.local/lib/python3.12/site-packages/airflow/example_dags/tutorial_dag.py
[2026-06-07T10:18:55.624+0000] {logging_mixin.py:190} INFO - [2026-06-07T10:18:55.624+0000] {dag.py:3239} INFO - Sync 1 DAGs
[2026-06-07T10:18:55.659+0000] {logging_mixin.py:190} INFO - [2026-06-07T10:18:55.658+0000] {dag.py:4180} INFO - Setting next_dagrun for tutorial_dag to None, run_after=None
[2026-06-07T10:18:55.704+0000] {processor.py:208} INFO - Processing /home/airflow/.local/lib/python3.12/site-packages/airflow/example_dags/tutorial_dag.py took 0.211 seconds
[2026-06-07T10:19:32.705+0000] {processor.py:186} INFO - Started process (PID=268) to work on /home/airflow/.local/lib/python3.12/site-packages/airflow/example_dags/tutorial_dag.py
[2026-06-07T10:19:32.712+0000] {processor.py:914} INFO - Processing file /home/airflow/.local/lib/python3.12/site-packages/airflow/example_dags/tutorial_dag.py for tasks to queue
[2026-06-07T10:19:32.724+0000] {logging_mixin.py:190} INFO - [2026-06-07T10:19:32.723+0000] {dagbag.py:588} INFO - Filling up the DagBag from /home/airflow/.local/lib/python3.12/site-packages/airflow/example_dags/tutorial_dag.py
[2026-06-07T10:19:32.755+0000] {processor.py:925} INFO - DAG(s) 'tutorial_dag' retrieved from /home/airflow/.local/lib/python3.12/site-packages/airflow/example_dags/tutorial_dag.py
[2026-06-07T10:19:32.883+0000] {logging_mixin.py:190} INFO - [2026-06-07T10:19:32.882+0000] {dag.py:3239} INFO - Sync 1 DAGs
[2026-06-07T10:19:32.937+0000] {logging_mixin.py:190} INFO - [2026-06-07T10:19:32.936+0000] {dag.py:4180} INFO - Setting next_dagrun for tutorial_dag to None, run_after=None
[2026-06-07T10:19:33.053+0000] {processor.py:208} INFO - Processing /home/airflow/.local/lib/python3.12/site-packages/airflow/example_dags/tutorial_dag.py took 0.363 seconds
[2026-06-07T10:20:10.487+0000] {processor.py:186} INFO - Started process (PID=329) to work on /home/airflow/.local/lib/python3.12/site-packages/airflow/example_dags/tutorial_dag.py
[2026-06-07T10:20:10.492+0000] {processor.py:914} INFO - Processing file /home/airflow/.local/lib/python3.12/site-packages/airflow/example_dags/tutorial_dag.py for tasks to queue
[2026-06-07T10:20:10.518+0000] {logging_mixin.py:190} INFO - [2026-06-07T10:20:10.517+0000] {dagbag.py:588} INFO - Filling up the DagBag from /home/airflow/.local/lib/python3.12/site-packages/airflow/example_dags/tutorial_dag.py
[2026-06-07T10:20:10.626+0000] {processor.py:925} INFO - DAG(s) 'tutorial_dag' retrieved from /home/airflow/.local/lib/python3.12/site-packages/airflow/example_dags/tutorial_dag.py
[2026-06-07T10:20:10.743+0000] {logging_mixin.py:190} INFO - [2026-06-07T10:20:10.743+0000] {dag.py:3239} INFO - Sync 1 DAGs
[2026-06-07T10:20:10.830+0000] {logging_mixin.py:190} INFO - [2026-06-07T10:20:10.829+0000] {dag.py:4180} INFO - Setting next_dagrun for tutorial_dag to None, run_after=None
[2026-06-07T10:20:10.993+0000] {processor.py:208} INFO - Processing /home/airflow/.local/lib/python3.12/site-packages/airflow/example_dags/tutorial_dag.py took 0.601 seconds
[2026-06-07T10:20:42.594+0000] {processor.py:186} INFO - Started process (PID=360) to work on /home/airflow/.local/lib/python3.12/site-packages/airflow/example_dags/tutorial_dag.py
[2026-06-07T10:20:42.598+0000] {processor.py:914} INFO - Processing file /home/airflow/.local/lib/python3.12/site-packages/airflow/example_dags/tutorial_dag.py for tasks to queue
[2026-06-07T10:20:42.604+0000] {logging_mixin.py:190} INFO - [2026-06-07T10:20:42.603+0000] {dagbag.py:588} INFO - Filling up the DagBag from /home/airflow/.local/lib/python3.12/site-packages/airflow/example_dags/tutorial_dag.py
[2026-06-07T10:20:42.630+0000] {processor.py:925} INFO - DAG(s) 'tutorial_dag' retrieved from /home/airflow/.local/lib/python3.12/site-packages/airflow/example_dags/tutorial_dag.py
[2026-06-07T10:20:42.713+0000] {logging_mixin.py:190} INFO - [2026-06-07T10:20:42.713+0000] {dag.py:3239} INFO - Sync 1 DAGs
[2026-06-07T10:20:42.764+0000] {logging_mixin.py:190} INFO - [2026-06-07T10:20:42.764+0000] {dag.py:4180} INFO - Setting next_dagrun for tutorial_dag to None, run_after=None
[2026-06-07T10:20:42.837+0000] {processor.py:208} INFO - Processing /home/airflow/.local/lib/python3.12/site-packages/airflow/example_dags/tutorial_dag.py took 0.256 seconds
[2026-06-07T10:21:36.376+0000] {processor.py:186} INFO - Started process (PID=423) to work on /home/airflow/.local/lib/python3.12/site-packages/airflow/example_dags/tutorial_dag.py
[2026-06-07T10:21:36.382+0000] {processor.py:914} INFO - Processing file /home/airflow/.local/lib/python3.12/site-packages/airflow/example_dags/tutorial_dag.py for tasks to queue
[2026-06-07T10:21:36.405+0000] {logging_mixin.py:190} INFO - [2026-06-07T10:21:36.395+0000] {dagbag.py:588} INFO - Filling up the DagBag from /home/airflow/.local/lib/python3.12/site-packages/airflow/example_dags/tutorial_dag.py
[2026-06-07T10:21:36.438+0000] {processor.py:925} INFO - DAG(s) 'tutorial_dag' retrieved from /home/airflow/.local/lib/python3.12/site-packages/airflow/example_dags/tutorial_dag.py
[2026-06-07T10:21:36.526+0000] {logging_mixin.py:190} INFO - [2026-06-07T10:21:36.525+0000] {dag.py:3239} INFO - Sync 1 DAGs
[2026-06-07T10:21:36.570+0000] {logging_mixin.py:190} INFO - [2026-06-07T10:21:36.570+0000] {dag.py:4180} INFO - Setting next_dagrun for tutorial_dag to None, run_after=None
[2026-06-07T10:21:36.618+0000] {processor.py:208} INFO - Processing /home/airflow/.local/lib/python3.12/site-packages/airflow/example_dags/tutorial_dag.py took 0.260 seconds
[2026-06-07T10:22:21.613+0000] {processor.py:186} INFO - Started process (PID=491) to work on /home/airflow/.local/lib/python3.12/site-packages/airflow/example_dags/tutorial_dag.py
[2026-06-07T10:22:21.620+0000] {processor.py:914} INFO - Processing file /home/airflow/.local/lib/python3.12/site-packages/airflow/example_dags/tutorial_dag.py for tasks to queue
[2026-06-07T10:22:21.651+0000] {logging_mixin.py:190} INFO - [2026-06-07T10:22:21.650+0000] {dagbag.py:588} INFO - Filling up the DagBag from /home/airflow/.local/lib/python3.12/site-packages/airflow/example_dags/tutorial_dag.py
[2026-06-07T10:22:21.694+0000] {processor.py:925} INFO - DAG(s) 'tutorial_dag' retrieved from /home/airflow/.local/lib/python3.12/site-packages/airflow/example_dags/tutorial_dag.py
[2026-06-07T10:22:21.835+0000] {logging_mixin.py:190} INFO - [2026-06-07T10:22:21.835+0000] {dag.py:3239} INFO - Sync 1 DAGs
[2026-06-07T10:22:21.937+0000] {logging_mixin.py:190} INFO - [2026-06-07T10:22:21.935+0000] {dag.py:4180} INFO - Setting next_dagrun for tutorial_dag to None, run_after=None
[2026-06-07T10:22:22.036+0000] {processor.py:208} INFO - Processing /home/airflow/.local/lib/python3.12/site-packages/airflow/example_dags/tutorial_dag.py took 0.462 seconds
[2026-06-07T10:22:58.044+0000] {processor.py:186} INFO - Started process (PID=536) to work on /home/airflow/.local/lib/python3.12/site-packages/airflow/example_dags/tutorial_dag.py
[2026-06-07T10:22:58.047+0000] {processor.py:914} INFO - Processing file /home/airflow/.local/lib/python3.12/site-packages/airflow/example_dags/tutorial_dag.py for tasks to queue
[2026-06-07T10:22:58.053+0000] {logging_mixin.py:190} INFO - [2026-06-07T10:22:58.053+0000] {dagbag.py:588} INFO - Filling up the DagBag from /home/airflow/.local/lib/python3.12/site-packages/airflow/example_dags/tutorial_dag.py
[2026-06-07T10:22:58.072+0000] {processor.py:925} INFO - DAG(s) 'tutorial_dag' retrieved from /home/airflow/.local/lib/python3.12/site-packages/airflow/example_dags/tutorial_dag.py
[2026-06-07T10:22:58.128+0000] {logging_mixin.py:190} INFO - [2026-06-07T10:22:58.127+0000] {dag.py:3239} INFO - Sync 1 DAGs
[2026-06-07T10:22:58.168+0000] {logging_mixin.py:190} INFO - [2026-06-07T10:22:58.168+0000] {dag.py:4180} INFO - Setting next_dagrun for tutorial_dag to None, run_after=None
[2026-06-07T10:22:58.224+0000] {processor.py:208} INFO - Processing /home/airflow/.local/lib/python3.12/site-packages/airflow/example_dags/tutorial_dag.py took 0.193 seconds
[2026-06-07T10:23:56.848+0000] {processor.py:186} INFO - Started process (PID=604) to work on /home/airflow/.local/lib/python3.12/site-packages/airflow/example_dags/tutorial_dag.py
[2026-06-07T10:23:56.851+0000] {processor.py:914} INFO - Processing file /home/airflow/.local/lib/python3.12/site-packages/airflow/example_dags/tutorial_dag.py for tasks to queue
[2026-06-07T10:23:56.860+0000] {logging_mixin.py:190} INFO - [2026-06-07T10:23:56.859+0000] {dagbag.py:588} INFO - Filling up the DagBag from /home/airflow/.local/lib/python3.12/site-packages/airflow/example_dags/tutorial_dag.py
[2026-06-07T10:23:56.882+0000] {processor.py:925} INFO - DAG(s) 'tutorial_dag' retrieved from /home/airflow/.local/lib/python3.12/site-packages/airflow/example_dags/tutorial_dag.py
[2026-06-07T10:23:56.970+0000] {logging_mixin.py:190} INFO - [2026-06-07T10:23:56.969+0000] {dag.py:3239} INFO - Sync 1 DAGs
[2026-06-07T10:23:57.022+0000] {logging_mixin.py:190} INFO - [2026-06-07T10:23:57.021+0000] {dag.py:4180} INFO - Setting next_dagrun for tutorial_dag to None, run_after=None
[2026-06-07T10:23:57.085+0000] {processor.py:208} INFO - Processing /home/airflow/.local/lib/python3.12/site-packages/airflow/example_dags/tutorial_dag.py took 0.260 seconds
[2026-06-07T10:24:39.833+0000] {processor.py:186} INFO - Started process (PID=658) to work on /home/airflow/.local/lib/python3.12/site-packages/airflow/example_dags/tutorial_dag.py
[2026-06-07T10:24:39.849+0000] {processor.py:914} INFO - Processing file /home/airflow/.local/lib/python3.12/site-packages/airflow/example_dags/tutorial_dag.py for tasks to queue
[2026-06-07T10:24:39.884+0000] {logging_mixin.py:190} INFO - [2026-06-07T10:24:39.874+0000] {dagbag.py:588} INFO - Filling up the DagBag from /home/airflow/.local/lib/python3.12/site-packages/airflow/example_dags/tutorial_dag.py
[2026-06-07T10:24:39.952+0000] {processor.py:925} INFO - DAG(s) 'tutorial_dag' retrieved from /home/airflow/.local/lib/python3.12/site-packages/airflow/example_dags/tutorial_dag.py
[2026-06-07T10:24:40.232+0000] {logging_mixin.py:190} INFO - [2026-06-07T10:24:40.231+0000] {dag.py:3239} INFO - Sync 1 DAGs
[2026-06-07T10:24:40.460+0000] {logging_mixin.py:190} INFO - [2026-06-07T10:24:40.459+0000] {dag.py:4180} INFO - Setting next_dagrun for tutorial_dag to None, run_after=None
[2026-06-07T10:24:40.629+0000] {processor.py:208} INFO - Processing /home/airflow/.local/lib/python3.12/site-packages/airflow/example_dags/tutorial_dag.py took 0.837 seconds
[2026-06-07T10:25:24.062+0000] {processor.py:186} INFO - Started process (PID=715) to work on /home/airflow/.local/lib/python3.12/site-packages/airflow/example_dags/tutorial_dag.py
[2026-06-07T10:25:24.064+0000] {processor.py:914} INFO - Processing file /home/airflow/.local/lib/python3.12/site-packages/airflow/example_dags/tutorial_dag.py for tasks to queue
[2026-06-07T10:25:24.067+0000] {logging_mixin.py:190} INFO - [2026-06-07T10:25:24.066+0000] {dagbag.py:588} INFO - Filling up the DagBag from /home/airflow/.local/lib/python3.12/site-packages/airflow/example_dags/tutorial_dag.py
[2026-06-07T10:25:24.084+0000] {processor.py:925} INFO - DAG(s) 'tutorial_dag' retrieved from /home/airflow/.local/lib/python3.12/site-packages/airflow/example_dags/tutorial_dag.py
[2026-06-07T10:25:24.139+0000] {logging_mixin.py:190} INFO - [2026-06-07T10:25:24.138+0000] {dag.py:3239} INFO - Sync 1 DAGs
[2026-06-07T10:25:24.179+0000] {logging_mixin.py:190} INFO - [2026-06-07T10:25:24.178+0000] {dag.py:4180} INFO - Setting next_dagrun for tutorial_dag to None, run_after=None
[2026-06-07T10:25:24.229+0000] {processor.py:208} INFO - Processing /home/airflow/.local/lib/python3.12/site-packages/airflow/example_dags/tutorial_dag.py took 0.181 seconds
[2026-06-07T10:26:24.300+0000] {processor.py:186} INFO - Started process (PID=783) to work on /home/airflow/.local/lib/python3.12/site-packages/airflow/example_dags/tutorial_dag.py
[2026-06-07T10:26:24.304+0000] {processor.py:914} INFO - Processing file /home/airflow/.local/lib/python3.12/site-packages/airflow/example_dags/tutorial_dag.py for tasks to queue
[2026-06-07T10:26:24.308+0000] {logging_mixin.py:190} INFO - [2026-06-07T10:26:24.307+0000] {dagbag.py:588} INFO - Filling up the DagBag from /home/airflow/.local/lib/python3.12/site-packages/airflow/example_dags/tutorial_dag.py
[2026-06-07T10:26:24.333+0000] {processor.py:925} INFO - DAG(s) 'tutorial_dag' retrieved from /home/airflow/.local/lib/python3.12/site-packages/airflow/example_dags/tutorial_dag.py
[2026-06-07T10:26:24.414+0000] {logging_mixin.py:190} INFO - [2026-06-07T10:26:24.414+0000] {dag.py:3239} INFO - Sync 1 DAGs
[2026-06-07T10:26:24.462+0000] {logging_mixin.py:190} INFO - [2026-06-07T10:26:24.461+0000] {dag.py:4180} INFO - Setting next_dagrun for tutorial_dag to None, run_after=None
[2026-06-07T10:26:24.516+0000] {processor.py:208} INFO - Processing /home/airflow/.local/lib/python3.12/site-packages/airflow/example_dags/tutorial_dag.py took 0.232 seconds
