[2026-06-07T08:16:30.852+0000] {processor.py:186} INFO - Started process (PID=112) to work on /home/airflow/.local/lib/python3.12/site-packages/airflow/example_dags/tutorial_taskflow_templates.py
[2026-06-07T08:16:30.853+0000] {processor.py:914} INFO - Processing file /home/airflow/.local/lib/python3.12/site-packages/airflow/example_dags/tutorial_taskflow_templates.py for tasks to queue
[2026-06-07T08:16:30.858+0000] {logging_mixin.py:190} INFO - [2026-06-07T08:16:30.858+0000] {dagbag.py:588} INFO - Filling up the DagBag from /home/airflow/.local/lib/python3.12/site-packages/airflow/example_dags/tutorial_taskflow_templates.py
[2026-06-07T08:16:30.891+0000] {processor.py:925} INFO - DAG(s) 'tutorial_taskflow_templates' retrieved from /home/airflow/.local/lib/python3.12/site-packages/airflow/example_dags/tutorial_taskflow_templates.py
[2026-06-07T08:16:30.950+0000] {logging_mixin.py:190} INFO - [2026-06-07T08:16:30.949+0000] {dag.py:3239} INFO - Sync 1 DAGs
[2026-06-07T08:16:31.008+0000] {logging_mixin.py:190} INFO - [2026-06-07T08:16:31.008+0000] {dag.py:4180} INFO - Setting next_dagrun for tutorial_taskflow_templates to 2026-06-06 00:00:00+00:00, run_after=2026-06-07 00:00:00+00:00
[2026-06-07T08:16:31.049+0000] {processor.py:208} INFO - Processing /home/airflow/.local/lib/python3.12/site-packages/airflow/example_dags/tutorial_taskflow_templates.py took 0.208 seconds
[2026-06-07T08:17:20.847+0000] {processor.py:186} INFO - Started process (PID=180) to work on /home/airflow/.local/lib/python3.12/site-packages/airflow/example_dags/tutorial_taskflow_templates.py
[2026-06-07T08:17:20.850+0000] {processor.py:914} INFO - Processing file /home/airflow/.local/lib/python3.12/site-packages/airflow/example_dags/tutorial_taskflow_templates.py for tasks to queue
[2026-06-07T08:17:20.855+0000] {logging_mixin.py:190} INFO - [2026-06-07T08:17:20.855+0000] {dagbag.py:588} INFO - Filling up the DagBag from /home/airflow/.local/lib/python3.12/site-packages/airflow/example_dags/tutorial_taskflow_templates.py
[2026-06-07T08:17:20.888+0000] {processor.py:925} INFO - DAG(s) 'tutorial_taskflow_templates' retrieved from /home/airflow/.local/lib/python3.12/site-packages/airflow/example_dags/tutorial_taskflow_templates.py
[2026-06-07T08:17:20.938+0000] {logging_mixin.py:190} INFO - [2026-06-07T08:17:20.938+0000] {dag.py:3239} INFO - Sync 1 DAGs
[2026-06-07T08:17:21.001+0000] {logging_mixin.py:190} INFO - [2026-06-07T08:17:21.001+0000] {dag.py:4180} INFO - Setting next_dagrun for tutorial_taskflow_templates to 2026-06-06 00:00:00+00:00, run_after=2026-06-07 00:00:00+00:00
[2026-06-07T08:17:21.049+0000] {processor.py:208} INFO - Processing /home/airflow/.local/lib/python3.12/site-packages/airflow/example_dags/tutorial_taskflow_templates.py took 0.212 seconds
[2026-06-07T08:18:02.513+0000] {processor.py:186} INFO - Started process (PID=244) to work on /home/airflow/.local/lib/python3.12/site-packages/airflow/example_dags/tutorial_taskflow_templates.py
[2026-06-07T08:18:02.516+0000] {processor.py:914} INFO - Processing file /home/airflow/.local/lib/python3.12/site-packages/airflow/example_dags/tutorial_taskflow_templates.py for tasks to queue
[2026-06-07T08:18:02.532+0000] {logging_mixin.py:190} INFO - [2026-06-07T08:18:02.530+0000] {dagbag.py:588} INFO - Filling up the DagBag from /home/airflow/.local/lib/python3.12/site-packages/airflow/example_dags/tutorial_taskflow_templates.py
[2026-06-07T08:18:02.573+0000] {processor.py:925} INFO - DAG(s) 'tutorial_taskflow_templates' retrieved from /home/airflow/.local/lib/python3.12/site-packages/airflow/example_dags/tutorial_taskflow_templates.py
[2026-06-07T08:18:02.628+0000] {logging_mixin.py:190} INFO - [2026-06-07T08:18:02.627+0000] {dag.py:3239} INFO - Sync 1 DAGs
[2026-06-07T08:18:02.672+0000] {logging_mixin.py:190} INFO - [2026-06-07T08:18:02.672+0000] {dag.py:4180} INFO - Setting next_dagrun for tutorial_taskflow_templates to 2026-06-06 00:00:00+00:00, run_after=2026-06-07 00:00:00+00:00
[2026-06-07T08:18:02.703+0000] {processor.py:208} INFO - Processing /home/airflow/.local/lib/python3.12/site-packages/airflow/example_dags/tutorial_taskflow_templates.py took 0.203 seconds
[2026-06-07T08:18:36.319+0000] {processor.py:186} INFO - Started process (PID=307) to work on /home/airflow/.local/lib/python3.12/site-packages/airflow/example_dags/tutorial_taskflow_templates.py
[2026-06-07T08:18:36.322+0000] {processor.py:914} INFO - Processing file /home/airflow/.local/lib/python3.12/site-packages/airflow/example_dags/tutorial_taskflow_templates.py for tasks to queue
[2026-06-07T08:18:36.328+0000] {logging_mixin.py:190} INFO - [2026-06-07T08:18:36.328+0000] {dagbag.py:588} INFO - Filling up the DagBag from /home/airflow/.local/lib/python3.12/site-packages/airflow/example_dags/tutorial_taskflow_templates.py
[2026-06-07T08:18:36.362+0000] {processor.py:925} INFO - DAG(s) 'tutorial_taskflow_templates' retrieved from /home/airflow/.local/lib/python3.12/site-packages/airflow/example_dags/tutorial_taskflow_templates.py
[2026-06-07T08:18:36.418+0000] {logging_mixin.py:190} INFO - [2026-06-07T08:18:36.417+0000] {dag.py:3239} INFO - Sync 1 DAGs
[2026-06-07T08:18:36.473+0000] {logging_mixin.py:190} INFO - [2026-06-07T08:18:36.473+0000] {dag.py:4180} INFO - Setting next_dagrun for tutorial_taskflow_templates to 2026-06-06 00:00:00+00:00, run_after=2026-06-07 00:00:00+00:00
[2026-06-07T08:18:36.529+0000] {processor.py:208} INFO - Processing /home/airflow/.local/lib/python3.12/site-packages/airflow/example_dags/tutorial_taskflow_templates.py took 0.223 seconds
[2026-06-07T08:19:17.642+0000] {processor.py:186} INFO - Started process (PID=375) to work on /home/airflow/.local/lib/python3.12/site-packages/airflow/example_dags/tutorial_taskflow_templates.py
[2026-06-07T08:19:17.645+0000] {processor.py:914} INFO - Processing file /home/airflow/.local/lib/python3.12/site-packages/airflow/example_dags/tutorial_taskflow_templates.py for tasks to queue
[2026-06-07T08:19:17.653+0000] {logging_mixin.py:190} INFO - [2026-06-07T08:19:17.652+0000] {dagbag.py:588} INFO - Filling up the DagBag from /home/airflow/.local/lib/python3.12/site-packages/airflow/example_dags/tutorial_taskflow_templates.py
[2026-06-07T08:19:17.680+0000] {processor.py:925} INFO - DAG(s) 'tutorial_taskflow_templates' retrieved from /home/airflow/.local/lib/python3.12/site-packages/airflow/example_dags/tutorial_taskflow_templates.py
[2026-06-07T08:19:17.733+0000] {logging_mixin.py:190} INFO - [2026-06-07T08:19:17.732+0000] {dag.py:3239} INFO - Sync 1 DAGs
[2026-06-07T08:19:17.796+0000] {logging_mixin.py:190} INFO - [2026-06-07T08:19:17.796+0000] {dag.py:4180} INFO - Setting next_dagrun for tutorial_taskflow_templates to 2026-06-06 00:00:00+00:00, run_after=2026-06-07 00:00:00+00:00
[2026-06-07T08:19:17.847+0000] {processor.py:208} INFO - Processing /home/airflow/.local/lib/python3.12/site-packages/airflow/example_dags/tutorial_taskflow_templates.py took 0.218 seconds
[2026-06-07T08:19:50.780+0000] {processor.py:186} INFO - Started process (PID=436) to work on /home/airflow/.local/lib/python3.12/site-packages/airflow/example_dags/tutorial_taskflow_templates.py
[2026-06-07T08:19:50.783+0000] {processor.py:914} INFO - Processing file /home/airflow/.local/lib/python3.12/site-packages/airflow/example_dags/tutorial_taskflow_templates.py for tasks to queue
[2026-06-07T08:19:50.788+0000] {logging_mixin.py:190} INFO - [2026-06-07T08:19:50.788+0000] {dagbag.py:588} INFO - Filling up the DagBag from /home/airflow/.local/lib/python3.12/site-packages/airflow/example_dags/tutorial_taskflow_templates.py
[2026-06-07T08:19:50.817+0000] {processor.py:925} INFO - DAG(s) 'tutorial_taskflow_templates' retrieved from /home/airflow/.local/lib/python3.12/site-packages/airflow/example_dags/tutorial_taskflow_templates.py
[2026-06-07T08:19:50.862+0000] {logging_mixin.py:190} INFO - [2026-06-07T08:19:50.862+0000] {dag.py:3239} INFO - Sync 1 DAGs
[2026-06-07T08:19:50.906+0000] {logging_mixin.py:190} INFO - [2026-06-07T08:19:50.906+0000] {dag.py:4180} INFO - Setting next_dagrun for tutorial_taskflow_templates to 2026-06-06 00:00:00+00:00, run_after=2026-06-07 00:00:00+00:00
[2026-06-07T08:19:50.942+0000] {processor.py:208} INFO - Processing /home/airflow/.local/lib/python3.12/site-packages/airflow/example_dags/tutorial_taskflow_templates.py took 0.174 seconds
[2026-06-07T08:20:26.909+0000] {processor.py:186} INFO - Started process (PID=497) to work on /home/airflow/.local/lib/python3.12/site-packages/airflow/example_dags/tutorial_taskflow_templates.py
[2026-06-07T08:20:26.913+0000] {processor.py:914} INFO - Processing file /home/airflow/.local/lib/python3.12/site-packages/airflow/example_dags/tutorial_taskflow_templates.py for tasks to queue
[2026-06-07T08:20:26.922+0000] {logging_mixin.py:190} INFO - [2026-06-07T08:20:26.920+0000] {dagbag.py:588} INFO - Filling up the DagBag from /home/airflow/.local/lib/python3.12/site-packages/airflow/example_dags/tutorial_taskflow_templates.py
[2026-06-07T08:20:26.957+0000] {processor.py:925} INFO - DAG(s) 'tutorial_taskflow_templates' retrieved from /home/airflow/.local/lib/python3.12/site-packages/airflow/example_dags/tutorial_taskflow_templates.py
[2026-06-07T08:20:27.043+0000] {logging_mixin.py:190} INFO - [2026-06-07T08:20:27.042+0000] {dag.py:3239} INFO - Sync 1 DAGs
[2026-06-07T08:20:27.137+0000] {logging_mixin.py:190} INFO - [2026-06-07T08:20:27.137+0000] {dag.py:4180} INFO - Setting next_dagrun for tutorial_taskflow_templates to 2026-06-06 00:00:00+00:00, run_after=2026-06-07 00:00:00+00:00
[2026-06-07T08:20:27.216+0000] {processor.py:208} INFO - Processing /home/airflow/.local/lib/python3.12/site-packages/airflow/example_dags/tutorial_taskflow_templates.py took 0.320 seconds
[2026-06-07T08:21:00.686+0000] {processor.py:186} INFO - Started process (PID=560) to work on /home/airflow/.local/lib/python3.12/site-packages/airflow/example_dags/tutorial_taskflow_templates.py
[2026-06-07T08:21:00.688+0000] {processor.py:914} INFO - Processing file /home/airflow/.local/lib/python3.12/site-packages/airflow/example_dags/tutorial_taskflow_templates.py for tasks to queue
[2026-06-07T08:21:00.694+0000] {logging_mixin.py:190} INFO - [2026-06-07T08:21:00.693+0000] {dagbag.py:588} INFO - Filling up the DagBag from /home/airflow/.local/lib/python3.12/site-packages/airflow/example_dags/tutorial_taskflow_templates.py
[2026-06-07T08:21:00.718+0000] {processor.py:925} INFO - DAG(s) 'tutorial_taskflow_templates' retrieved from /home/airflow/.local/lib/python3.12/site-packages/airflow/example_dags/tutorial_taskflow_templates.py
[2026-06-07T08:21:00.763+0000] {logging_mixin.py:190} INFO - [2026-06-07T08:21:00.762+0000] {dag.py:3239} INFO - Sync 1 DAGs
[2026-06-07T08:21:00.807+0000] {logging_mixin.py:190} INFO - [2026-06-07T08:21:00.807+0000] {dag.py:4180} INFO - Setting next_dagrun for tutorial_taskflow_templates to 2026-06-06 00:00:00+00:00, run_after=2026-06-07 00:00:00+00:00
[2026-06-07T08:21:00.846+0000] {processor.py:208} INFO - Processing /home/airflow/.local/lib/python3.12/site-packages/airflow/example_dags/tutorial_taskflow_templates.py took 0.172 seconds
[2026-06-07T08:21:31.069+0000] {processor.py:186} INFO - Started process (PID=622) to work on /home/airflow/.local/lib/python3.12/site-packages/airflow/example_dags/tutorial_taskflow_templates.py
[2026-06-07T08:21:31.070+0000] {processor.py:914} INFO - Processing file /home/airflow/.local/lib/python3.12/site-packages/airflow/example_dags/tutorial_taskflow_templates.py for tasks to queue
[2026-06-07T08:21:31.075+0000] {logging_mixin.py:190} INFO - [2026-06-07T08:21:31.074+0000] {dagbag.py:588} INFO - Filling up the DagBag from /home/airflow/.local/lib/python3.12/site-packages/airflow/example_dags/tutorial_taskflow_templates.py
[2026-06-07T08:21:31.102+0000] {processor.py:925} INFO - DAG(s) 'tutorial_taskflow_templates' retrieved from /home/airflow/.local/lib/python3.12/site-packages/airflow/example_dags/tutorial_taskflow_templates.py
[2026-06-07T08:21:31.147+0000] {logging_mixin.py:190} INFO - [2026-06-07T08:21:31.147+0000] {dag.py:3239} INFO - Sync 1 DAGs
[2026-06-07T08:21:31.201+0000] {logging_mixin.py:190} INFO - [2026-06-07T08:21:31.201+0000] {dag.py:4180} INFO - Setting next_dagrun for tutorial_taskflow_templates to 2026-06-06 00:00:00+00:00, run_after=2026-06-07 00:00:00+00:00
[2026-06-07T08:21:31.236+0000] {processor.py:208} INFO - Processing /home/airflow/.local/lib/python3.12/site-packages/airflow/example_dags/tutorial_taskflow_templates.py took 0.178 seconds
[2026-06-07T08:22:08.396+0000] {processor.py:186} INFO - Started process (PID=684) to work on /home/airflow/.local/lib/python3.12/site-packages/airflow/example_dags/tutorial_taskflow_templates.py
[2026-06-07T08:22:08.397+0000] {processor.py:914} INFO - Processing file /home/airflow/.local/lib/python3.12/site-packages/airflow/example_dags/tutorial_taskflow_templates.py for tasks to queue
[2026-06-07T08:22:08.403+0000] {logging_mixin.py:190} INFO - [2026-06-07T08:22:08.402+0000] {dagbag.py:588} INFO - Filling up the DagBag from /home/airflow/.local/lib/python3.12/site-packages/airflow/example_dags/tutorial_taskflow_templates.py
[2026-06-07T08:22:08.429+0000] {processor.py:925} INFO - DAG(s) 'tutorial_taskflow_templates' retrieved from /home/airflow/.local/lib/python3.12/site-packages/airflow/example_dags/tutorial_taskflow_templates.py
[2026-06-07T08:22:08.486+0000] {logging_mixin.py:190} INFO - [2026-06-07T08:22:08.485+0000] {dag.py:3239} INFO - Sync 1 DAGs
[2026-06-07T08:22:08.545+0000] {logging_mixin.py:190} INFO - [2026-06-07T08:22:08.545+0000] {dag.py:4180} INFO - Setting next_dagrun for tutorial_taskflow_templates to 2026-06-06 00:00:00+00:00, run_after=2026-06-07 00:00:00+00:00
[2026-06-07T08:22:08.592+0000] {processor.py:208} INFO - Processing /home/airflow/.local/lib/python3.12/site-packages/airflow/example_dags/tutorial_taskflow_templates.py took 0.203 seconds
[2026-06-07T08:22:43.849+0000] {processor.py:186} INFO - Started process (PID=746) to work on /home/airflow/.local/lib/python3.12/site-packages/airflow/example_dags/tutorial_taskflow_templates.py
[2026-06-07T08:22:43.852+0000] {processor.py:914} INFO - Processing file /home/airflow/.local/lib/python3.12/site-packages/airflow/example_dags/tutorial_taskflow_templates.py for tasks to queue
[2026-06-07T08:22:43.858+0000] {logging_mixin.py:190} INFO - [2026-06-07T08:22:43.857+0000] {dagbag.py:588} INFO - Filling up the DagBag from /home/airflow/.local/lib/python3.12/site-packages/airflow/example_dags/tutorial_taskflow_templates.py
[2026-06-07T08:22:43.896+0000] {processor.py:925} INFO - DAG(s) 'tutorial_taskflow_templates' retrieved from /home/airflow/.local/lib/python3.12/site-packages/airflow/example_dags/tutorial_taskflow_templates.py
[2026-06-07T08:22:43.953+0000] {logging_mixin.py:190} INFO - [2026-06-07T08:22:43.953+0000] {dag.py:3239} INFO - Sync 1 DAGs
[2026-06-07T08:22:44.014+0000] {logging_mixin.py:190} INFO - [2026-06-07T08:22:44.014+0000] {dag.py:4180} INFO - Setting next_dagrun for tutorial_taskflow_templates to 2026-06-06 00:00:00+00:00, run_after=2026-06-07 00:00:00+00:00
[2026-06-07T08:22:44.067+0000] {processor.py:208} INFO - Processing /home/airflow/.local/lib/python3.12/site-packages/airflow/example_dags/tutorial_taskflow_templates.py took 0.231 seconds
[2026-06-07T08:23:20.319+0000] {processor.py:186} INFO - Started process (PID=814) to work on /home/airflow/.local/lib/python3.12/site-packages/airflow/example_dags/tutorial_taskflow_templates.py
[2026-06-07T08:23:20.322+0000] {processor.py:914} INFO - Processing file /home/airflow/.local/lib/python3.12/site-packages/airflow/example_dags/tutorial_taskflow_templates.py for tasks to queue
[2026-06-07T08:23:20.327+0000] {logging_mixin.py:190} INFO - [2026-06-07T08:23:20.327+0000] {dagbag.py:588} INFO - Filling up the DagBag from /home/airflow/.local/lib/python3.12/site-packages/airflow/example_dags/tutorial_taskflow_templates.py
[2026-06-07T08:23:20.356+0000] {processor.py:925} INFO - DAG(s) 'tutorial_taskflow_templates' retrieved from /home/airflow/.local/lib/python3.12/site-packages/airflow/example_dags/tutorial_taskflow_templates.py
[2026-06-07T08:23:20.411+0000] {logging_mixin.py:190} INFO - [2026-06-07T08:23:20.410+0000] {dag.py:3239} INFO - Sync 1 DAGs
[2026-06-07T08:23:20.471+0000] {logging_mixin.py:190} INFO - [2026-06-07T08:23:20.471+0000] {dag.py:4180} INFO - Setting next_dagrun for tutorial_taskflow_templates to 2026-06-06 00:00:00+00:00, run_after=2026-06-07 00:00:00+00:00
[2026-06-07T08:23:20.511+0000] {processor.py:208} INFO - Processing /home/airflow/.local/lib/python3.12/site-packages/airflow/example_dags/tutorial_taskflow_templates.py took 0.202 seconds
[2026-06-07T08:23:58.267+0000] {processor.py:186} INFO - Started process (PID=882) to work on /home/airflow/.local/lib/python3.12/site-packages/airflow/example_dags/tutorial_taskflow_templates.py
[2026-06-07T08:23:58.270+0000] {processor.py:914} INFO - Processing file /home/airflow/.local/lib/python3.12/site-packages/airflow/example_dags/tutorial_taskflow_templates.py for tasks to queue
[2026-06-07T08:23:58.277+0000] {logging_mixin.py:190} INFO - [2026-06-07T08:23:58.276+0000] {dagbag.py:588} INFO - Filling up the DagBag from /home/airflow/.local/lib/python3.12/site-packages/airflow/example_dags/tutorial_taskflow_templates.py
[2026-06-07T08:23:58.307+0000] {processor.py:925} INFO - DAG(s) 'tutorial_taskflow_templates' retrieved from /home/airflow/.local/lib/python3.12/site-packages/airflow/example_dags/tutorial_taskflow_templates.py
[2026-06-07T08:23:58.367+0000] {logging_mixin.py:190} INFO - [2026-06-07T08:23:58.366+0000] {dag.py:3239} INFO - Sync 1 DAGs
[2026-06-07T08:23:58.439+0000] {logging_mixin.py:190} INFO - [2026-06-07T08:23:58.438+0000] {dag.py:4180} INFO - Setting next_dagrun for tutorial_taskflow_templates to 2026-06-06 00:00:00+00:00, run_after=2026-06-07 00:00:00+00:00
[2026-06-07T08:23:58.493+0000] {processor.py:208} INFO - Processing /home/airflow/.local/lib/python3.12/site-packages/airflow/example_dags/tutorial_taskflow_templates.py took 0.237 seconds
[2026-06-07T08:24:34.906+0000] {processor.py:186} INFO - Started process (PID=943) to work on /home/airflow/.local/lib/python3.12/site-packages/airflow/example_dags/tutorial_taskflow_templates.py
[2026-06-07T08:24:34.908+0000] {processor.py:914} INFO - Processing file /home/airflow/.local/lib/python3.12/site-packages/airflow/example_dags/tutorial_taskflow_templates.py for tasks to queue
[2026-06-07T08:24:34.921+0000] {logging_mixin.py:190} INFO - [2026-06-07T08:24:34.918+0000] {dagbag.py:588} INFO - Filling up the DagBag from /home/airflow/.local/lib/python3.12/site-packages/airflow/example_dags/tutorial_taskflow_templates.py
[2026-06-07T08:24:34.958+0000] {processor.py:925} INFO - DAG(s) 'tutorial_taskflow_templates' retrieved from /home/airflow/.local/lib/python3.12/site-packages/airflow/example_dags/tutorial_taskflow_templates.py
[2026-06-07T08:24:35.012+0000] {logging_mixin.py:190} INFO - [2026-06-07T08:24:35.011+0000] {dag.py:3239} INFO - Sync 1 DAGs
[2026-06-07T08:24:35.067+0000] {logging_mixin.py:190} INFO - [2026-06-07T08:24:35.067+0000] {dag.py:4180} INFO - Setting next_dagrun for tutorial_taskflow_templates to 2026-06-06 00:00:00+00:00, run_after=2026-06-07 00:00:00+00:00
[2026-06-07T08:24:35.109+0000] {processor.py:208} INFO - Processing /home/airflow/.local/lib/python3.12/site-packages/airflow/example_dags/tutorial_taskflow_templates.py took 0.216 seconds
[2026-06-07T08:25:10.485+0000] {processor.py:186} INFO - Started process (PID=1007) to work on /home/airflow/.local/lib/python3.12/site-packages/airflow/example_dags/tutorial_taskflow_templates.py
[2026-06-07T08:25:10.487+0000] {processor.py:914} INFO - Processing file /home/airflow/.local/lib/python3.12/site-packages/airflow/example_dags/tutorial_taskflow_templates.py for tasks to queue
[2026-06-07T08:25:10.492+0000] {logging_mixin.py:190} INFO - [2026-06-07T08:25:10.492+0000] {dagbag.py:588} INFO - Filling up the DagBag from /home/airflow/.local/lib/python3.12/site-packages/airflow/example_dags/tutorial_taskflow_templates.py
[2026-06-07T08:25:10.518+0000] {processor.py:925} INFO - DAG(s) 'tutorial_taskflow_templates' retrieved from /home/airflow/.local/lib/python3.12/site-packages/airflow/example_dags/tutorial_taskflow_templates.py
[2026-06-07T08:25:10.570+0000] {logging_mixin.py:190} INFO - [2026-06-07T08:25:10.570+0000] {dag.py:3239} INFO - Sync 1 DAGs
[2026-06-07T08:25:10.631+0000] {logging_mixin.py:190} INFO - [2026-06-07T08:25:10.631+0000] {dag.py:4180} INFO - Setting next_dagrun for tutorial_taskflow_templates to 2026-06-06 00:00:00+00:00, run_after=2026-06-07 00:00:00+00:00
[2026-06-07T08:25:10.676+0000] {processor.py:208} INFO - Processing /home/airflow/.local/lib/python3.12/site-packages/airflow/example_dags/tutorial_taskflow_templates.py took 0.202 seconds
[2026-06-07T08:25:45.661+0000] {processor.py:186} INFO - Started process (PID=1075) to work on /home/airflow/.local/lib/python3.12/site-packages/airflow/example_dags/tutorial_taskflow_templates.py
[2026-06-07T08:25:45.690+0000] {processor.py:914} INFO - Processing file /home/airflow/.local/lib/python3.12/site-packages/airflow/example_dags/tutorial_taskflow_templates.py for tasks to queue
[2026-06-07T08:25:45.709+0000] {logging_mixin.py:190} INFO - [2026-06-07T08:25:45.707+0000] {dagbag.py:588} INFO - Filling up the DagBag from /home/airflow/.local/lib/python3.12/site-packages/airflow/example_dags/tutorial_taskflow_templates.py
[2026-06-07T08:25:45.755+0000] {processor.py:925} INFO - DAG(s) 'tutorial_taskflow_templates' retrieved from /home/airflow/.local/lib/python3.12/site-packages/airflow/example_dags/tutorial_taskflow_templates.py
[2026-06-07T08:25:45.905+0000] {logging_mixin.py:190} INFO - [2026-06-07T08:25:45.905+0000] {dag.py:3239} INFO - Sync 1 DAGs
[2026-06-07T08:25:46.138+0000] {logging_mixin.py:190} INFO - [2026-06-07T08:25:46.138+0000] {dag.py:4180} INFO - Setting next_dagrun for tutorial_taskflow_templates to 2026-06-06 00:00:00+00:00, run_after=2026-06-07 00:00:00+00:00
[2026-06-07T08:25:46.220+0000] {processor.py:208} INFO - Processing /home/airflow/.local/lib/python3.12/site-packages/airflow/example_dags/tutorial_taskflow_templates.py took 0.607 seconds
[2026-06-07T08:26:24.622+0000] {processor.py:186} INFO - Started process (PID=1137) to work on /home/airflow/.local/lib/python3.12/site-packages/airflow/example_dags/tutorial_taskflow_templates.py
[2026-06-07T08:26:24.624+0000] {processor.py:914} INFO - Processing file /home/airflow/.local/lib/python3.12/site-packages/airflow/example_dags/tutorial_taskflow_templates.py for tasks to queue
[2026-06-07T08:26:24.630+0000] {logging_mixin.py:190} INFO - [2026-06-07T08:26:24.629+0000] {dagbag.py:588} INFO - Filling up the DagBag from /home/airflow/.local/lib/python3.12/site-packages/airflow/example_dags/tutorial_taskflow_templates.py
[2026-06-07T08:26:24.661+0000] {processor.py:925} INFO - DAG(s) 'tutorial_taskflow_templates' retrieved from /home/airflow/.local/lib/python3.12/site-packages/airflow/example_dags/tutorial_taskflow_templates.py
[2026-06-07T08:26:24.732+0000] {logging_mixin.py:190} INFO - [2026-06-07T08:26:24.732+0000] {dag.py:3239} INFO - Sync 1 DAGs
[2026-06-07T08:26:24.806+0000] {logging_mixin.py:190} INFO - [2026-06-07T08:26:24.804+0000] {dag.py:4180} INFO - Setting next_dagrun for tutorial_taskflow_templates to 2026-06-06 00:00:00+00:00, run_after=2026-06-07 00:00:00+00:00
[2026-06-07T08:26:24.865+0000] {processor.py:208} INFO - Processing /home/airflow/.local/lib/python3.12/site-packages/airflow/example_dags/tutorial_taskflow_templates.py took 0.256 seconds
[2026-06-07T08:27:08.182+0000] {processor.py:186} INFO - Started process (PID=1200) to work on /home/airflow/.local/lib/python3.12/site-packages/airflow/example_dags/tutorial_taskflow_templates.py
[2026-06-07T08:27:08.187+0000] {processor.py:914} INFO - Processing file /home/airflow/.local/lib/python3.12/site-packages/airflow/example_dags/tutorial_taskflow_templates.py for tasks to queue
[2026-06-07T08:27:08.194+0000] {logging_mixin.py:190} INFO - [2026-06-07T08:27:08.194+0000] {dagbag.py:588} INFO - Filling up the DagBag from /home/airflow/.local/lib/python3.12/site-packages/airflow/example_dags/tutorial_taskflow_templates.py
[2026-06-07T08:27:08.230+0000] {processor.py:925} INFO - DAG(s) 'tutorial_taskflow_templates' retrieved from /home/airflow/.local/lib/python3.12/site-packages/airflow/example_dags/tutorial_taskflow_templates.py
[2026-06-07T08:27:08.380+0000] {logging_mixin.py:190} INFO - [2026-06-07T08:27:08.380+0000] {dag.py:3239} INFO - Sync 1 DAGs
[2026-06-07T08:27:08.508+0000] {logging_mixin.py:190} INFO - [2026-06-07T08:27:08.507+0000] {dag.py:4180} INFO - Setting next_dagrun for tutorial_taskflow_templates to 2026-06-06 00:00:00+00:00, run_after=2026-06-07 00:00:00+00:00
[2026-06-07T08:27:08.587+0000] {processor.py:208} INFO - Processing /home/airflow/.local/lib/python3.12/site-packages/airflow/example_dags/tutorial_taskflow_templates.py took 0.419 seconds
[2026-06-07T08:27:54.328+0000] {processor.py:186} INFO - Started process (PID=1287) to work on /home/airflow/.local/lib/python3.12/site-packages/airflow/example_dags/tutorial_taskflow_templates.py
[2026-06-07T08:27:54.330+0000] {processor.py:914} INFO - Processing file /home/airflow/.local/lib/python3.12/site-packages/airflow/example_dags/tutorial_taskflow_templates.py for tasks to queue
[2026-06-07T08:27:54.335+0000] {logging_mixin.py:190} INFO - [2026-06-07T08:27:54.334+0000] {dagbag.py:588} INFO - Filling up the DagBag from /home/airflow/.local/lib/python3.12/site-packages/airflow/example_dags/tutorial_taskflow_templates.py
[2026-06-07T08:27:54.364+0000] {processor.py:925} INFO - DAG(s) 'tutorial_taskflow_templates' retrieved from /home/airflow/.local/lib/python3.12/site-packages/airflow/example_dags/tutorial_taskflow_templates.py
[2026-06-07T08:27:54.415+0000] {logging_mixin.py:190} INFO - [2026-06-07T08:27:54.414+0000] {dag.py:3239} INFO - Sync 1 DAGs
[2026-06-07T08:27:54.463+0000] {logging_mixin.py:190} INFO - [2026-06-07T08:27:54.463+0000] {dag.py:4180} INFO - Setting next_dagrun for tutorial_taskflow_templates to 2026-06-06 00:00:00+00:00, run_after=2026-06-07 00:00:00+00:00
[2026-06-07T08:27:54.510+0000] {processor.py:208} INFO - Processing /home/airflow/.local/lib/python3.12/site-packages/airflow/example_dags/tutorial_taskflow_templates.py took 0.191 seconds
[2026-06-07T08:28:34.849+0000] {processor.py:186} INFO - Started process (PID=1349) to work on /home/airflow/.local/lib/python3.12/site-packages/airflow/example_dags/tutorial_taskflow_templates.py
[2026-06-07T08:28:34.851+0000] {processor.py:914} INFO - Processing file /home/airflow/.local/lib/python3.12/site-packages/airflow/example_dags/tutorial_taskflow_templates.py for tasks to queue
[2026-06-07T08:28:34.860+0000] {logging_mixin.py:190} INFO - [2026-06-07T08:28:34.860+0000] {dagbag.py:588} INFO - Filling up the DagBag from /home/airflow/.local/lib/python3.12/site-packages/airflow/example_dags/tutorial_taskflow_templates.py
[2026-06-07T08:28:34.902+0000] {processor.py:925} INFO - DAG(s) 'tutorial_taskflow_templates' retrieved from /home/airflow/.local/lib/python3.12/site-packages/airflow/example_dags/tutorial_taskflow_templates.py
[2026-06-07T08:28:34.968+0000] {logging_mixin.py:190} INFO - [2026-06-07T08:28:34.967+0000] {dag.py:3239} INFO - Sync 1 DAGs
[2026-06-07T08:28:35.058+0000] {logging_mixin.py:190} INFO - [2026-06-07T08:28:35.058+0000] {dag.py:4180} INFO - Setting next_dagrun for tutorial_taskflow_templates to 2026-06-06 00:00:00+00:00, run_after=2026-06-07 00:00:00+00:00
[2026-06-07T08:28:35.108+0000] {processor.py:208} INFO - Processing /home/airflow/.local/lib/python3.12/site-packages/airflow/example_dags/tutorial_taskflow_templates.py took 0.269 seconds
[2026-06-07T08:29:17.246+0000] {processor.py:186} INFO - Started process (PID=1418) to work on /home/airflow/.local/lib/python3.12/site-packages/airflow/example_dags/tutorial_taskflow_templates.py
[2026-06-07T08:29:17.254+0000] {processor.py:914} INFO - Processing file /home/airflow/.local/lib/python3.12/site-packages/airflow/example_dags/tutorial_taskflow_templates.py for tasks to queue
[2026-06-07T08:29:17.273+0000] {logging_mixin.py:190} INFO - [2026-06-07T08:29:17.268+0000] {dagbag.py:588} INFO - Filling up the DagBag from /home/airflow/.local/lib/python3.12/site-packages/airflow/example_dags/tutorial_taskflow_templates.py
[2026-06-07T08:29:17.343+0000] {processor.py:925} INFO - DAG(s) 'tutorial_taskflow_templates' retrieved from /home/airflow/.local/lib/python3.12/site-packages/airflow/example_dags/tutorial_taskflow_templates.py
[2026-06-07T08:29:17.475+0000] {logging_mixin.py:190} INFO - [2026-06-07T08:29:17.474+0000] {dag.py:3239} INFO - Sync 1 DAGs
[2026-06-07T08:29:17.611+0000] {logging_mixin.py:190} INFO - [2026-06-07T08:29:17.610+0000] {dag.py:4180} INFO - Setting next_dagrun for tutorial_taskflow_templates to 2026-06-06 00:00:00+00:00, run_after=2026-06-07 00:00:00+00:00
[2026-06-07T08:29:17.759+0000] {processor.py:208} INFO - Processing /home/airflow/.local/lib/python3.12/site-packages/airflow/example_dags/tutorial_taskflow_templates.py took 0.536 seconds
[2026-06-07T08:39:51.578+0000] {processor.py:186} INFO - Started process (PID=118) to work on /home/airflow/.local/lib/python3.12/site-packages/airflow/example_dags/tutorial_taskflow_templates.py
[2026-06-07T08:39:51.582+0000] {processor.py:914} INFO - Processing file /home/airflow/.local/lib/python3.12/site-packages/airflow/example_dags/tutorial_taskflow_templates.py for tasks to queue
[2026-06-07T08:39:51.589+0000] {logging_mixin.py:190} INFO - [2026-06-07T08:39:51.588+0000] {dagbag.py:588} INFO - Filling up the DagBag from /home/airflow/.local/lib/python3.12/site-packages/airflow/example_dags/tutorial_taskflow_templates.py
[2026-06-07T08:39:51.623+0000] {processor.py:925} INFO - DAG(s) 'tutorial_taskflow_templates' retrieved from /home/airflow/.local/lib/python3.12/site-packages/airflow/example_dags/tutorial_taskflow_templates.py
[2026-06-07T08:39:51.696+0000] {logging_mixin.py:190} INFO - [2026-06-07T08:39:51.696+0000] {dag.py:3239} INFO - Sync 1 DAGs
[2026-06-07T08:39:51.793+0000] {logging_mixin.py:190} INFO - [2026-06-07T08:39:51.793+0000] {dag.py:4180} INFO - Setting next_dagrun for tutorial_taskflow_templates to 2026-06-06 00:00:00+00:00, run_after=2026-06-07 00:00:00+00:00
[2026-06-07T08:39:51.837+0000] {processor.py:208} INFO - Processing /home/airflow/.local/lib/python3.12/site-packages/airflow/example_dags/tutorial_taskflow_templates.py took 0.271 seconds
[2026-06-07T08:40:34.707+0000] {processor.py:186} INFO - Started process (PID=181) to work on /home/airflow/.local/lib/python3.12/site-packages/airflow/example_dags/tutorial_taskflow_templates.py
[2026-06-07T08:40:34.708+0000] {processor.py:914} INFO - Processing file /home/airflow/.local/lib/python3.12/site-packages/airflow/example_dags/tutorial_taskflow_templates.py for tasks to queue
[2026-06-07T08:40:34.714+0000] {logging_mixin.py:190} INFO - [2026-06-07T08:40:34.713+0000] {dagbag.py:588} INFO - Filling up the DagBag from /home/airflow/.local/lib/python3.12/site-packages/airflow/example_dags/tutorial_taskflow_templates.py
[2026-06-07T08:40:34.739+0000] {processor.py:925} INFO - DAG(s) 'tutorial_taskflow_templates' retrieved from /home/airflow/.local/lib/python3.12/site-packages/airflow/example_dags/tutorial_taskflow_templates.py
[2026-06-07T08:40:34.803+0000] {logging_mixin.py:190} INFO - [2026-06-07T08:40:34.802+0000] {dag.py:3239} INFO - Sync 1 DAGs
[2026-06-07T08:40:34.864+0000] {logging_mixin.py:190} INFO - [2026-06-07T08:40:34.864+0000] {dag.py:4180} INFO - Setting next_dagrun for tutorial_taskflow_templates to 2026-06-06 00:00:00+00:00, run_after=2026-06-07 00:00:00+00:00
[2026-06-07T08:40:34.914+0000] {processor.py:208} INFO - Processing /home/airflow/.local/lib/python3.12/site-packages/airflow/example_dags/tutorial_taskflow_templates.py took 0.218 seconds
[2026-06-07T08:41:18.513+0000] {processor.py:186} INFO - Started process (PID=244) to work on /home/airflow/.local/lib/python3.12/site-packages/airflow/example_dags/tutorial_taskflow_templates.py
[2026-06-07T08:41:18.517+0000] {processor.py:914} INFO - Processing file /home/airflow/.local/lib/python3.12/site-packages/airflow/example_dags/tutorial_taskflow_templates.py for tasks to queue
[2026-06-07T08:41:18.530+0000] {logging_mixin.py:190} INFO - [2026-06-07T08:41:18.529+0000] {dagbag.py:588} INFO - Filling up the DagBag from /home/airflow/.local/lib/python3.12/site-packages/airflow/example_dags/tutorial_taskflow_templates.py
[2026-06-07T08:41:18.575+0000] {processor.py:925} INFO - DAG(s) 'tutorial_taskflow_templates' retrieved from /home/airflow/.local/lib/python3.12/site-packages/airflow/example_dags/tutorial_taskflow_templates.py
[2026-06-07T08:41:18.674+0000] {logging_mixin.py:190} INFO - [2026-06-07T08:41:18.672+0000] {dag.py:3239} INFO - Sync 1 DAGs
[2026-06-07T08:41:18.739+0000] {logging_mixin.py:190} INFO - [2026-06-07T08:41:18.738+0000] {dag.py:4180} INFO - Setting next_dagrun for tutorial_taskflow_templates to 2026-06-06 00:00:00+00:00, run_after=2026-06-07 00:00:00+00:00
[2026-06-07T08:41:18.808+0000] {processor.py:208} INFO - Processing /home/airflow/.local/lib/python3.12/site-packages/airflow/example_dags/tutorial_taskflow_templates.py took 0.312 seconds
[2026-06-07T08:41:57.884+0000] {processor.py:186} INFO - Started process (PID=313) to work on /home/airflow/.local/lib/python3.12/site-packages/airflow/example_dags/tutorial_taskflow_templates.py
[2026-06-07T08:41:57.886+0000] {processor.py:914} INFO - Processing file /home/airflow/.local/lib/python3.12/site-packages/airflow/example_dags/tutorial_taskflow_templates.py for tasks to queue
[2026-06-07T08:41:57.891+0000] {logging_mixin.py:190} INFO - [2026-06-07T08:41:57.891+0000] {dagbag.py:588} INFO - Filling up the DagBag from /home/airflow/.local/lib/python3.12/site-packages/airflow/example_dags/tutorial_taskflow_templates.py
[2026-06-07T08:41:57.919+0000] {processor.py:925} INFO - DAG(s) 'tutorial_taskflow_templates' retrieved from /home/airflow/.local/lib/python3.12/site-packages/airflow/example_dags/tutorial_taskflow_templates.py
[2026-06-07T08:41:57.971+0000] {logging_mixin.py:190} INFO - [2026-06-07T08:41:57.971+0000] {dag.py:3239} INFO - Sync 1 DAGs
[2026-06-07T08:41:58.020+0000] {logging_mixin.py:190} INFO - [2026-06-07T08:41:58.020+0000] {dag.py:4180} INFO - Setting next_dagrun for tutorial_taskflow_templates to 2026-06-06 00:00:00+00:00, run_after=2026-06-07 00:00:00+00:00
[2026-06-07T08:41:58.056+0000] {processor.py:208} INFO - Processing /home/airflow/.local/lib/python3.12/site-packages/airflow/example_dags/tutorial_taskflow_templates.py took 0.184 seconds
[2026-06-07T08:42:43.936+0000] {processor.py:186} INFO - Started process (PID=392) to work on /home/airflow/.local/lib/python3.12/site-packages/airflow/example_dags/tutorial_taskflow_templates.py
[2026-06-07T08:42:43.939+0000] {processor.py:914} INFO - Processing file /home/airflow/.local/lib/python3.12/site-packages/airflow/example_dags/tutorial_taskflow_templates.py for tasks to queue
[2026-06-07T08:42:43.946+0000] {logging_mixin.py:190} INFO - [2026-06-07T08:42:43.945+0000] {dagbag.py:588} INFO - Filling up the DagBag from /home/airflow/.local/lib/python3.12/site-packages/airflow/example_dags/tutorial_taskflow_templates.py
[2026-06-07T08:42:43.979+0000] {processor.py:925} INFO - DAG(s) 'tutorial_taskflow_templates' retrieved from /home/airflow/.local/lib/python3.12/site-packages/airflow/example_dags/tutorial_taskflow_templates.py
[2026-06-07T08:42:44.036+0000] {logging_mixin.py:190} INFO - [2026-06-07T08:42:44.036+0000] {dag.py:3239} INFO - Sync 1 DAGs
[2026-06-07T08:42:44.097+0000] {logging_mixin.py:190} INFO - [2026-06-07T08:42:44.096+0000] {dag.py:4180} INFO - Setting next_dagrun for tutorial_taskflow_templates to 2026-06-06 00:00:00+00:00, run_after=2026-06-07 00:00:00+00:00
[2026-06-07T08:42:44.138+0000] {processor.py:208} INFO - Processing /home/airflow/.local/lib/python3.12/site-packages/airflow/example_dags/tutorial_taskflow_templates.py took 0.214 seconds
[2026-06-07T08:43:24.341+0000] {processor.py:186} INFO - Started process (PID=463) to work on /home/airflow/.local/lib/python3.12/site-packages/airflow/example_dags/tutorial_taskflow_templates.py
[2026-06-07T08:43:24.343+0000] {processor.py:914} INFO - Processing file /home/airflow/.local/lib/python3.12/site-packages/airflow/example_dags/tutorial_taskflow_templates.py for tasks to queue
[2026-06-07T08:43:24.350+0000] {logging_mixin.py:190} INFO - [2026-06-07T08:43:24.349+0000] {dagbag.py:588} INFO - Filling up the DagBag from /home/airflow/.local/lib/python3.12/site-packages/airflow/example_dags/tutorial_taskflow_templates.py
[2026-06-07T08:43:24.384+0000] {processor.py:925} INFO - DAG(s) 'tutorial_taskflow_templates' retrieved from /home/airflow/.local/lib/python3.12/site-packages/airflow/example_dags/tutorial_taskflow_templates.py
[2026-06-07T08:43:24.474+0000] {logging_mixin.py:190} INFO - [2026-06-07T08:43:24.473+0000] {dag.py:3239} INFO - Sync 1 DAGs
[2026-06-07T08:43:24.593+0000] {logging_mixin.py:190} INFO - [2026-06-07T08:43:24.588+0000] {dag.py:4180} INFO - Setting next_dagrun for tutorial_taskflow_templates to 2026-06-06 00:00:00+00:00, run_after=2026-06-07 00:00:00+00:00
[2026-06-07T08:43:24.659+0000] {processor.py:208} INFO - Processing /home/airflow/.local/lib/python3.12/site-packages/airflow/example_dags/tutorial_taskflow_templates.py took 0.331 seconds
[2026-06-07T08:44:12.857+0000] {processor.py:186} INFO - Started process (PID=534) to work on /home/airflow/.local/lib/python3.12/site-packages/airflow/example_dags/tutorial_taskflow_templates.py
[2026-06-07T08:44:12.860+0000] {processor.py:914} INFO - Processing file /home/airflow/.local/lib/python3.12/site-packages/airflow/example_dags/tutorial_taskflow_templates.py for tasks to queue
[2026-06-07T08:44:12.870+0000] {logging_mixin.py:190} INFO - [2026-06-07T08:44:12.869+0000] {dagbag.py:588} INFO - Filling up the DagBag from /home/airflow/.local/lib/python3.12/site-packages/airflow/example_dags/tutorial_taskflow_templates.py
[2026-06-07T08:44:12.909+0000] {processor.py:925} INFO - DAG(s) 'tutorial_taskflow_templates' retrieved from /home/airflow/.local/lib/python3.12/site-packages/airflow/example_dags/tutorial_taskflow_templates.py
[2026-06-07T08:44:12.983+0000] {logging_mixin.py:190} INFO - [2026-06-07T08:44:12.978+0000] {dag.py:3239} INFO - Sync 1 DAGs
[2026-06-07T08:44:13.071+0000] {logging_mixin.py:190} INFO - [2026-06-07T08:44:13.071+0000] {dag.py:4180} INFO - Setting next_dagrun for tutorial_taskflow_templates to 2026-06-06 00:00:00+00:00, run_after=2026-06-07 00:00:00+00:00
[2026-06-07T08:44:13.138+0000] {processor.py:208} INFO - Processing /home/airflow/.local/lib/python3.12/site-packages/airflow/example_dags/tutorial_taskflow_templates.py took 0.297 seconds
[2026-06-07T08:44:56.616+0000] {processor.py:186} INFO - Started process (PID=607) to work on /home/airflow/.local/lib/python3.12/site-packages/airflow/example_dags/tutorial_taskflow_templates.py
[2026-06-07T08:44:56.619+0000] {processor.py:914} INFO - Processing file /home/airflow/.local/lib/python3.12/site-packages/airflow/example_dags/tutorial_taskflow_templates.py for tasks to queue
[2026-06-07T08:44:56.627+0000] {logging_mixin.py:190} INFO - [2026-06-07T08:44:56.625+0000] {dagbag.py:588} INFO - Filling up the DagBag from /home/airflow/.local/lib/python3.12/site-packages/airflow/example_dags/tutorial_taskflow_templates.py
[2026-06-07T08:44:56.676+0000] {processor.py:925} INFO - DAG(s) 'tutorial_taskflow_templates' retrieved from /home/airflow/.local/lib/python3.12/site-packages/airflow/example_dags/tutorial_taskflow_templates.py
[2026-06-07T08:44:56.756+0000] {logging_mixin.py:190} INFO - [2026-06-07T08:44:56.755+0000] {dag.py:3239} INFO - Sync 1 DAGs
[2026-06-07T08:44:56.835+0000] {logging_mixin.py:190} INFO - [2026-06-07T08:44:56.833+0000] {dag.py:4180} INFO - Setting next_dagrun for tutorial_taskflow_templates to 2026-06-06 00:00:00+00:00, run_after=2026-06-07 00:00:00+00:00
[2026-06-07T08:44:56.916+0000] {processor.py:208} INFO - Processing /home/airflow/.local/lib/python3.12/site-packages/airflow/example_dags/tutorial_taskflow_templates.py took 0.314 seconds
[2026-06-07T08:45:34.233+0000] {processor.py:186} INFO - Started process (PID=669) to work on /home/airflow/.local/lib/python3.12/site-packages/airflow/example_dags/tutorial_taskflow_templates.py
[2026-06-07T08:45:34.236+0000] {processor.py:914} INFO - Processing file /home/airflow/.local/lib/python3.12/site-packages/airflow/example_dags/tutorial_taskflow_templates.py for tasks to queue
[2026-06-07T08:45:34.250+0000] {logging_mixin.py:190} INFO - [2026-06-07T08:45:34.250+0000] {dagbag.py:588} INFO - Filling up the DagBag from /home/airflow/.local/lib/python3.12/site-packages/airflow/example_dags/tutorial_taskflow_templates.py
[2026-06-07T08:45:34.293+0000] {processor.py:925} INFO - DAG(s) 'tutorial_taskflow_templates' retrieved from /home/airflow/.local/lib/python3.12/site-packages/airflow/example_dags/tutorial_taskflow_templates.py
[2026-06-07T08:45:34.379+0000] {logging_mixin.py:190} INFO - [2026-06-07T08:45:34.378+0000] {dag.py:3239} INFO - Sync 1 DAGs
[2026-06-07T08:45:34.475+0000] {logging_mixin.py:190} INFO - [2026-06-07T08:45:34.474+0000] {dag.py:4180} INFO - Setting next_dagrun for tutorial_taskflow_templates to 2026-06-06 00:00:00+00:00, run_after=2026-06-07 00:00:00+00:00
[2026-06-07T08:45:34.563+0000] {processor.py:208} INFO - Processing /home/airflow/.local/lib/python3.12/site-packages/airflow/example_dags/tutorial_taskflow_templates.py took 0.344 seconds
[2026-06-07T08:46:14.384+0000] {processor.py:186} INFO - Started process (PID=732) to work on /home/airflow/.local/lib/python3.12/site-packages/airflow/example_dags/tutorial_taskflow_templates.py
[2026-06-07T08:46:14.386+0000] {processor.py:914} INFO - Processing file /home/airflow/.local/lib/python3.12/site-packages/airflow/example_dags/tutorial_taskflow_templates.py for tasks to queue
[2026-06-07T08:46:14.392+0000] {logging_mixin.py:190} INFO - [2026-06-07T08:46:14.391+0000] {dagbag.py:588} INFO - Filling up the DagBag from /home/airflow/.local/lib/python3.12/site-packages/airflow/example_dags/tutorial_taskflow_templates.py
[2026-06-07T08:46:14.423+0000] {processor.py:925} INFO - DAG(s) 'tutorial_taskflow_templates' retrieved from /home/airflow/.local/lib/python3.12/site-packages/airflow/example_dags/tutorial_taskflow_templates.py
[2026-06-07T08:46:14.482+0000] {logging_mixin.py:190} INFO - [2026-06-07T08:46:14.481+0000] {dag.py:3239} INFO - Sync 1 DAGs
[2026-06-07T08:46:14.543+0000] {logging_mixin.py:190} INFO - [2026-06-07T08:46:14.542+0000] {dag.py:4180} INFO - Setting next_dagrun for tutorial_taskflow_templates to 2026-06-06 00:00:00+00:00, run_after=2026-06-07 00:00:00+00:00
[2026-06-07T08:46:14.583+0000] {processor.py:208} INFO - Processing /home/airflow/.local/lib/python3.12/site-packages/airflow/example_dags/tutorial_taskflow_templates.py took 0.212 seconds
[2026-06-07T08:46:47.917+0000] {processor.py:186} INFO - Started process (PID=794) to work on /home/airflow/.local/lib/python3.12/site-packages/airflow/example_dags/tutorial_taskflow_templates.py
[2026-06-07T08:46:47.921+0000] {processor.py:914} INFO - Processing file /home/airflow/.local/lib/python3.12/site-packages/airflow/example_dags/tutorial_taskflow_templates.py for tasks to queue
[2026-06-07T08:46:47.931+0000] {logging_mixin.py:190} INFO - [2026-06-07T08:46:47.930+0000] {dagbag.py:588} INFO - Filling up the DagBag from /home/airflow/.local/lib/python3.12/site-packages/airflow/example_dags/tutorial_taskflow_templates.py
[2026-06-07T08:46:47.980+0000] {processor.py:925} INFO - DAG(s) 'tutorial_taskflow_templates' retrieved from /home/airflow/.local/lib/python3.12/site-packages/airflow/example_dags/tutorial_taskflow_templates.py
[2026-06-07T08:46:48.058+0000] {logging_mixin.py:190} INFO - [2026-06-07T08:46:48.057+0000] {dag.py:3239} INFO - Sync 1 DAGs
[2026-06-07T08:46:48.121+0000] {logging_mixin.py:190} INFO - [2026-06-07T08:46:48.120+0000] {dag.py:4180} INFO - Setting next_dagrun for tutorial_taskflow_templates to 2026-06-06 00:00:00+00:00, run_after=2026-06-07 00:00:00+00:00
[2026-06-07T08:46:48.157+0000] {processor.py:208} INFO - Processing /home/airflow/.local/lib/python3.12/site-packages/airflow/example_dags/tutorial_taskflow_templates.py took 0.254 seconds
[2026-06-07T08:47:26.633+0000] {processor.py:186} INFO - Started process (PID=858) to work on /home/airflow/.local/lib/python3.12/site-packages/airflow/example_dags/tutorial_taskflow_templates.py
[2026-06-07T08:47:26.636+0000] {processor.py:914} INFO - Processing file /home/airflow/.local/lib/python3.12/site-packages/airflow/example_dags/tutorial_taskflow_templates.py for tasks to queue
[2026-06-07T08:47:26.647+0000] {logging_mixin.py:190} INFO - [2026-06-07T08:47:26.646+0000] {dagbag.py:588} INFO - Filling up the DagBag from /home/airflow/.local/lib/python3.12/site-packages/airflow/example_dags/tutorial_taskflow_templates.py
[2026-06-07T08:47:26.690+0000] {processor.py:925} INFO - DAG(s) 'tutorial_taskflow_templates' retrieved from /home/airflow/.local/lib/python3.12/site-packages/airflow/example_dags/tutorial_taskflow_templates.py
[2026-06-07T08:47:26.787+0000] {logging_mixin.py:190} INFO - [2026-06-07T08:47:26.786+0000] {dag.py:3239} INFO - Sync 1 DAGs
[2026-06-07T08:47:26.870+0000] {logging_mixin.py:190} INFO - [2026-06-07T08:47:26.870+0000] {dag.py:4180} INFO - Setting next_dagrun for tutorial_taskflow_templates to 2026-06-06 00:00:00+00:00, run_after=2026-06-07 00:00:00+00:00
[2026-06-07T08:47:26.926+0000] {processor.py:208} INFO - Processing /home/airflow/.local/lib/python3.12/site-packages/airflow/example_dags/tutorial_taskflow_templates.py took 0.311 seconds
[2026-06-07T08:48:15.368+0000] {processor.py:186} INFO - Started process (PID=929) to work on /home/airflow/.local/lib/python3.12/site-packages/airflow/example_dags/tutorial_taskflow_templates.py
[2026-06-07T08:48:15.371+0000] {processor.py:914} INFO - Processing file /home/airflow/.local/lib/python3.12/site-packages/airflow/example_dags/tutorial_taskflow_templates.py for tasks to queue
[2026-06-07T08:48:15.377+0000] {logging_mixin.py:190} INFO - [2026-06-07T08:48:15.377+0000] {dagbag.py:588} INFO - Filling up the DagBag from /home/airflow/.local/lib/python3.12/site-packages/airflow/example_dags/tutorial_taskflow_templates.py
[2026-06-07T08:48:15.403+0000] {processor.py:925} INFO - DAG(s) 'tutorial_taskflow_templates' retrieved from /home/airflow/.local/lib/python3.12/site-packages/airflow/example_dags/tutorial_taskflow_templates.py
[2026-06-07T08:48:15.452+0000] {logging_mixin.py:190} INFO - [2026-06-07T08:48:15.452+0000] {dag.py:3239} INFO - Sync 1 DAGs
[2026-06-07T08:48:15.509+0000] {logging_mixin.py:190} INFO - [2026-06-07T08:48:15.509+0000] {dag.py:4180} INFO - Setting next_dagrun for tutorial_taskflow_templates to 2026-06-06 00:00:00+00:00, run_after=2026-06-07 00:00:00+00:00
[2026-06-07T08:48:15.563+0000] {processor.py:208} INFO - Processing /home/airflow/.local/lib/python3.12/site-packages/airflow/example_dags/tutorial_taskflow_templates.py took 0.211 seconds
[2026-06-07T08:49:00.741+0000] {processor.py:186} INFO - Started process (PID=997) to work on /home/airflow/.local/lib/python3.12/site-packages/airflow/example_dags/tutorial_taskflow_templates.py
[2026-06-07T08:49:00.745+0000] {processor.py:914} INFO - Processing file /home/airflow/.local/lib/python3.12/site-packages/airflow/example_dags/tutorial_taskflow_templates.py for tasks to queue
[2026-06-07T08:49:00.756+0000] {logging_mixin.py:190} INFO - [2026-06-07T08:49:00.753+0000] {dagbag.py:588} INFO - Filling up the DagBag from /home/airflow/.local/lib/python3.12/site-packages/airflow/example_dags/tutorial_taskflow_templates.py
[2026-06-07T08:49:00.829+0000] {processor.py:925} INFO - DAG(s) 'tutorial_taskflow_templates' retrieved from /home/airflow/.local/lib/python3.12/site-packages/airflow/example_dags/tutorial_taskflow_templates.py
[2026-06-07T08:49:00.955+0000] {logging_mixin.py:190} INFO - [2026-06-07T08:49:00.955+0000] {dag.py:3239} INFO - Sync 1 DAGs
[2026-06-07T08:49:01.059+0000] {logging_mixin.py:190} INFO - [2026-06-07T08:49:01.058+0000] {dag.py:4180} INFO - Setting next_dagrun for tutorial_taskflow_templates to 2026-06-06 00:00:00+00:00, run_after=2026-06-07 00:00:00+00:00
[2026-06-07T08:49:01.148+0000] {processor.py:208} INFO - Processing /home/airflow/.local/lib/python3.12/site-packages/airflow/example_dags/tutorial_taskflow_templates.py took 0.423 seconds
[2026-06-07T08:49:42.822+0000] {processor.py:186} INFO - Started process (PID=1059) to work on /home/airflow/.local/lib/python3.12/site-packages/airflow/example_dags/tutorial_taskflow_templates.py
[2026-06-07T08:49:42.825+0000] {processor.py:914} INFO - Processing file /home/airflow/.local/lib/python3.12/site-packages/airflow/example_dags/tutorial_taskflow_templates.py for tasks to queue
[2026-06-07T08:49:42.836+0000] {logging_mixin.py:190} INFO - [2026-06-07T08:49:42.834+0000] {dagbag.py:588} INFO - Filling up the DagBag from /home/airflow/.local/lib/python3.12/site-packages/airflow/example_dags/tutorial_taskflow_templates.py
[2026-06-07T08:49:42.883+0000] {processor.py:925} INFO - DAG(s) 'tutorial_taskflow_templates' retrieved from /home/airflow/.local/lib/python3.12/site-packages/airflow/example_dags/tutorial_taskflow_templates.py
[2026-06-07T08:49:42.985+0000] {logging_mixin.py:190} INFO - [2026-06-07T08:49:42.983+0000] {dag.py:3239} INFO - Sync 1 DAGs
[2026-06-07T08:49:43.077+0000] {logging_mixin.py:190} INFO - [2026-06-07T08:49:43.076+0000] {dag.py:4180} INFO - Setting next_dagrun for tutorial_taskflow_templates to 2026-06-06 00:00:00+00:00, run_after=2026-06-07 00:00:00+00:00
[2026-06-07T08:49:43.124+0000] {processor.py:208} INFO - Processing /home/airflow/.local/lib/python3.12/site-packages/airflow/example_dags/tutorial_taskflow_templates.py took 0.317 seconds
[2026-06-07T08:50:25.953+0000] {processor.py:186} INFO - Started process (PID=1129) to work on /home/airflow/.local/lib/python3.12/site-packages/airflow/example_dags/tutorial_taskflow_templates.py
[2026-06-07T08:50:25.955+0000] {processor.py:914} INFO - Processing file /home/airflow/.local/lib/python3.12/site-packages/airflow/example_dags/tutorial_taskflow_templates.py for tasks to queue
[2026-06-07T08:50:25.961+0000] {logging_mixin.py:190} INFO - [2026-06-07T08:50:25.960+0000] {dagbag.py:588} INFO - Filling up the DagBag from /home/airflow/.local/lib/python3.12/site-packages/airflow/example_dags/tutorial_taskflow_templates.py
[2026-06-07T08:50:25.989+0000] {processor.py:925} INFO - DAG(s) 'tutorial_taskflow_templates' retrieved from /home/airflow/.local/lib/python3.12/site-packages/airflow/example_dags/tutorial_taskflow_templates.py
[2026-06-07T08:50:26.040+0000] {logging_mixin.py:190} INFO - [2026-06-07T08:50:26.040+0000] {dag.py:3239} INFO - Sync 1 DAGs
[2026-06-07T08:50:26.094+0000] {logging_mixin.py:190} INFO - [2026-06-07T08:50:26.093+0000] {dag.py:4180} INFO - Setting next_dagrun for tutorial_taskflow_templates to 2026-06-06 00:00:00+00:00, run_after=2026-06-07 00:00:00+00:00
[2026-06-07T08:50:26.142+0000] {processor.py:208} INFO - Processing /home/airflow/.local/lib/python3.12/site-packages/airflow/example_dags/tutorial_taskflow_templates.py took 0.203 seconds
[2026-06-07T08:51:06.961+0000] {processor.py:186} INFO - Started process (PID=1192) to work on /home/airflow/.local/lib/python3.12/site-packages/airflow/example_dags/tutorial_taskflow_templates.py
[2026-06-07T08:51:06.964+0000] {processor.py:914} INFO - Processing file /home/airflow/.local/lib/python3.12/site-packages/airflow/example_dags/tutorial_taskflow_templates.py for tasks to queue
[2026-06-07T08:51:06.970+0000] {logging_mixin.py:190} INFO - [2026-06-07T08:51:06.969+0000] {dagbag.py:588} INFO - Filling up the DagBag from /home/airflow/.local/lib/python3.12/site-packages/airflow/example_dags/tutorial_taskflow_templates.py
[2026-06-07T08:51:07.003+0000] {processor.py:925} INFO - DAG(s) 'tutorial_taskflow_templates' retrieved from /home/airflow/.local/lib/python3.12/site-packages/airflow/example_dags/tutorial_taskflow_templates.py
[2026-06-07T08:51:07.064+0000] {logging_mixin.py:190} INFO - [2026-06-07T08:51:07.064+0000] {dag.py:3239} INFO - Sync 1 DAGs
[2026-06-07T08:51:07.124+0000] {logging_mixin.py:190} INFO - [2026-06-07T08:51:07.123+0000] {dag.py:4180} INFO - Setting next_dagrun for tutorial_taskflow_templates to 2026-06-06 00:00:00+00:00, run_after=2026-06-07 00:00:00+00:00
[2026-06-07T08:51:07.163+0000] {processor.py:208} INFO - Processing /home/airflow/.local/lib/python3.12/site-packages/airflow/example_dags/tutorial_taskflow_templates.py took 0.217 seconds
[2026-06-07T08:51:54.182+0000] {processor.py:186} INFO - Started process (PID=1262) to work on /home/airflow/.local/lib/python3.12/site-packages/airflow/example_dags/tutorial_taskflow_templates.py
[2026-06-07T08:51:54.186+0000] {processor.py:914} INFO - Processing file /home/airflow/.local/lib/python3.12/site-packages/airflow/example_dags/tutorial_taskflow_templates.py for tasks to queue
[2026-06-07T08:51:54.199+0000] {logging_mixin.py:190} INFO - [2026-06-07T08:51:54.192+0000] {dagbag.py:588} INFO - Filling up the DagBag from /home/airflow/.local/lib/python3.12/site-packages/airflow/example_dags/tutorial_taskflow_templates.py
[2026-06-07T08:51:54.248+0000] {processor.py:925} INFO - DAG(s) 'tutorial_taskflow_templates' retrieved from /home/airflow/.local/lib/python3.12/site-packages/airflow/example_dags/tutorial_taskflow_templates.py
[2026-06-07T08:51:54.304+0000] {logging_mixin.py:190} INFO - [2026-06-07T08:51:54.304+0000] {dag.py:3239} INFO - Sync 1 DAGs
[2026-06-07T08:51:54.361+0000] {logging_mixin.py:190} INFO - [2026-06-07T08:51:54.361+0000] {dag.py:4180} INFO - Setting next_dagrun for tutorial_taskflow_templates to 2026-06-06 00:00:00+00:00, run_after=2026-06-07 00:00:00+00:00
[2026-06-07T08:51:54.399+0000] {processor.py:208} INFO - Processing /home/airflow/.local/lib/python3.12/site-packages/airflow/example_dags/tutorial_taskflow_templates.py took 0.232 seconds
[2026-06-07T08:52:35.847+0000] {processor.py:186} INFO - Started process (PID=1331) to work on /home/airflow/.local/lib/python3.12/site-packages/airflow/example_dags/tutorial_taskflow_templates.py
[2026-06-07T08:52:35.849+0000] {processor.py:914} INFO - Processing file /home/airflow/.local/lib/python3.12/site-packages/airflow/example_dags/tutorial_taskflow_templates.py for tasks to queue
[2026-06-07T08:52:35.856+0000] {logging_mixin.py:190} INFO - [2026-06-07T08:52:35.855+0000] {dagbag.py:588} INFO - Filling up the DagBag from /home/airflow/.local/lib/python3.12/site-packages/airflow/example_dags/tutorial_taskflow_templates.py
[2026-06-07T08:52:35.886+0000] {processor.py:925} INFO - DAG(s) 'tutorial_taskflow_templates' retrieved from /home/airflow/.local/lib/python3.12/site-packages/airflow/example_dags/tutorial_taskflow_templates.py
[2026-06-07T08:52:35.947+0000] {logging_mixin.py:190} INFO - [2026-06-07T08:52:35.947+0000] {dag.py:3239} INFO - Sync 1 DAGs
[2026-06-07T08:52:36.004+0000] {logging_mixin.py:190} INFO - [2026-06-07T08:52:36.004+0000] {dag.py:4180} INFO - Setting next_dagrun for tutorial_taskflow_templates to 2026-06-06 00:00:00+00:00, run_after=2026-06-07 00:00:00+00:00
[2026-06-07T08:52:36.039+0000] {processor.py:208} INFO - Processing /home/airflow/.local/lib/python3.12/site-packages/airflow/example_dags/tutorial_taskflow_templates.py took 0.207 seconds
[2026-06-07T08:53:23.466+0000] {processor.py:186} INFO - Started process (PID=1393) to work on /home/airflow/.local/lib/python3.12/site-packages/airflow/example_dags/tutorial_taskflow_templates.py
[2026-06-07T08:53:23.469+0000] {processor.py:914} INFO - Processing file /home/airflow/.local/lib/python3.12/site-packages/airflow/example_dags/tutorial_taskflow_templates.py for tasks to queue
[2026-06-07T08:53:23.475+0000] {logging_mixin.py:190} INFO - [2026-06-07T08:53:23.474+0000] {dagbag.py:588} INFO - Filling up the DagBag from /home/airflow/.local/lib/python3.12/site-packages/airflow/example_dags/tutorial_taskflow_templates.py
[2026-06-07T08:53:23.512+0000] {processor.py:925} INFO - DAG(s) 'tutorial_taskflow_templates' retrieved from /home/airflow/.local/lib/python3.12/site-packages/airflow/example_dags/tutorial_taskflow_templates.py
[2026-06-07T08:53:23.575+0000] {logging_mixin.py:190} INFO - [2026-06-07T08:53:23.575+0000] {dag.py:3239} INFO - Sync 1 DAGs
[2026-06-07T08:53:23.636+0000] {logging_mixin.py:190} INFO - [2026-06-07T08:53:23.636+0000] {dag.py:4180} INFO - Setting next_dagrun for tutorial_taskflow_templates to 2026-06-06 00:00:00+00:00, run_after=2026-06-07 00:00:00+00:00
[2026-06-07T08:53:23.679+0000] {processor.py:208} INFO - Processing /home/airflow/.local/lib/python3.12/site-packages/airflow/example_dags/tutorial_taskflow_templates.py took 0.229 seconds
[2026-06-07T08:54:01.471+0000] {processor.py:186} INFO - Started process (PID=1461) to work on /home/airflow/.local/lib/python3.12/site-packages/airflow/example_dags/tutorial_taskflow_templates.py
[2026-06-07T08:54:01.473+0000] {processor.py:914} INFO - Processing file /home/airflow/.local/lib/python3.12/site-packages/airflow/example_dags/tutorial_taskflow_templates.py for tasks to queue
[2026-06-07T08:54:01.480+0000] {logging_mixin.py:190} INFO - [2026-06-07T08:54:01.479+0000] {dagbag.py:588} INFO - Filling up the DagBag from /home/airflow/.local/lib/python3.12/site-packages/airflow/example_dags/tutorial_taskflow_templates.py
[2026-06-07T08:54:01.518+0000] {processor.py:925} INFO - DAG(s) 'tutorial_taskflow_templates' retrieved from /home/airflow/.local/lib/python3.12/site-packages/airflow/example_dags/tutorial_taskflow_templates.py
[2026-06-07T08:54:01.589+0000] {logging_mixin.py:190} INFO - [2026-06-07T08:54:01.588+0000] {dag.py:3239} INFO - Sync 1 DAGs
[2026-06-07T08:54:01.663+0000] {logging_mixin.py:190} INFO - [2026-06-07T08:54:01.662+0000] {dag.py:4180} INFO - Setting next_dagrun for tutorial_taskflow_templates to 2026-06-06 00:00:00+00:00, run_after=2026-06-07 00:00:00+00:00
[2026-06-07T08:54:01.725+0000] {processor.py:208} INFO - Processing /home/airflow/.local/lib/python3.12/site-packages/airflow/example_dags/tutorial_taskflow_templates.py took 0.269 seconds
[2026-06-07T08:54:44.313+0000] {processor.py:186} INFO - Started process (PID=1524) to work on /home/airflow/.local/lib/python3.12/site-packages/airflow/example_dags/tutorial_taskflow_templates.py
[2026-06-07T08:54:44.318+0000] {processor.py:914} INFO - Processing file /home/airflow/.local/lib/python3.12/site-packages/airflow/example_dags/tutorial_taskflow_templates.py for tasks to queue
[2026-06-07T08:54:44.326+0000] {logging_mixin.py:190} INFO - [2026-06-07T08:54:44.326+0000] {dagbag.py:588} INFO - Filling up the DagBag from /home/airflow/.local/lib/python3.12/site-packages/airflow/example_dags/tutorial_taskflow_templates.py
[2026-06-07T08:54:44.361+0000] {processor.py:925} INFO - DAG(s) 'tutorial_taskflow_templates' retrieved from /home/airflow/.local/lib/python3.12/site-packages/airflow/example_dags/tutorial_taskflow_templates.py
[2026-06-07T08:54:44.480+0000] {logging_mixin.py:190} INFO - [2026-06-07T08:54:44.479+0000] {dag.py:3239} INFO - Sync 1 DAGs
[2026-06-07T08:54:44.554+0000] {logging_mixin.py:190} INFO - [2026-06-07T08:54:44.554+0000] {dag.py:4180} INFO - Setting next_dagrun for tutorial_taskflow_templates to 2026-06-06 00:00:00+00:00, run_after=2026-06-07 00:00:00+00:00
[2026-06-07T08:54:44.637+0000] {processor.py:208} INFO - Processing /home/airflow/.local/lib/python3.12/site-packages/airflow/example_dags/tutorial_taskflow_templates.py took 0.351 seconds
[2026-06-07T08:55:47.620+0000] {processor.py:186} INFO - Started process (PID=1603) to work on /home/airflow/.local/lib/python3.12/site-packages/airflow/example_dags/tutorial_taskflow_templates.py
[2026-06-07T08:55:47.627+0000] {processor.py:914} INFO - Processing file /home/airflow/.local/lib/python3.12/site-packages/airflow/example_dags/tutorial_taskflow_templates.py for tasks to queue
[2026-06-07T08:55:47.631+0000] {logging_mixin.py:190} INFO - [2026-06-07T08:55:47.630+0000] {dagbag.py:588} INFO - Filling up the DagBag from /home/airflow/.local/lib/python3.12/site-packages/airflow/example_dags/tutorial_taskflow_templates.py
[2026-06-07T08:55:47.663+0000] {processor.py:925} INFO - DAG(s) 'tutorial_taskflow_templates' retrieved from /home/airflow/.local/lib/python3.12/site-packages/airflow/example_dags/tutorial_taskflow_templates.py
[2026-06-07T08:55:47.723+0000] {logging_mixin.py:190} INFO - [2026-06-07T08:55:47.722+0000] {dag.py:3239} INFO - Sync 1 DAGs
[2026-06-07T08:55:47.778+0000] {logging_mixin.py:190} INFO - [2026-06-07T08:55:47.778+0000] {dag.py:4180} INFO - Setting next_dagrun for tutorial_taskflow_templates to 2026-06-06 00:00:00+00:00, run_after=2026-06-07 00:00:00+00:00
[2026-06-07T08:55:47.810+0000] {processor.py:208} INFO - Processing /home/airflow/.local/lib/python3.12/site-packages/airflow/example_dags/tutorial_taskflow_templates.py took 0.207 seconds
[2026-06-07T08:56:21.805+0000] {processor.py:186} INFO - Started process (PID=1655) to work on /home/airflow/.local/lib/python3.12/site-packages/airflow/example_dags/tutorial_taskflow_templates.py
[2026-06-07T08:56:21.812+0000] {processor.py:914} INFO - Processing file /home/airflow/.local/lib/python3.12/site-packages/airflow/example_dags/tutorial_taskflow_templates.py for tasks to queue
[2026-06-07T08:56:21.822+0000] {logging_mixin.py:190} INFO - [2026-06-07T08:56:21.819+0000] {dagbag.py:588} INFO - Filling up the DagBag from /home/airflow/.local/lib/python3.12/site-packages/airflow/example_dags/tutorial_taskflow_templates.py
[2026-06-07T08:56:21.877+0000] {processor.py:925} INFO - DAG(s) 'tutorial_taskflow_templates' retrieved from /home/airflow/.local/lib/python3.12/site-packages/airflow/example_dags/tutorial_taskflow_templates.py
[2026-06-07T08:56:21.973+0000] {logging_mixin.py:190} INFO - [2026-06-07T08:56:21.972+0000] {dag.py:3239} INFO - Sync 1 DAGs
[2026-06-07T08:56:22.048+0000] {logging_mixin.py:190} INFO - [2026-06-07T08:56:22.048+0000] {dag.py:4180} INFO - Setting next_dagrun for tutorial_taskflow_templates to 2026-06-06 00:00:00+00:00, run_after=2026-06-07 00:00:00+00:00
[2026-06-07T08:56:22.100+0000] {processor.py:208} INFO - Processing /home/airflow/.local/lib/python3.12/site-packages/airflow/example_dags/tutorial_taskflow_templates.py took 0.315 seconds
[2026-06-07T08:57:07.317+0000] {processor.py:186} INFO - Started process (PID=1733) to work on /home/airflow/.local/lib/python3.12/site-packages/airflow/example_dags/tutorial_taskflow_templates.py
[2026-06-07T08:57:07.320+0000] {processor.py:914} INFO - Processing file /home/airflow/.local/lib/python3.12/site-packages/airflow/example_dags/tutorial_taskflow_templates.py for tasks to queue
[2026-06-07T08:57:07.323+0000] {logging_mixin.py:190} INFO - [2026-06-07T08:57:07.323+0000] {dagbag.py:588} INFO - Filling up the DagBag from /home/airflow/.local/lib/python3.12/site-packages/airflow/example_dags/tutorial_taskflow_templates.py
[2026-06-07T08:57:07.353+0000] {processor.py:925} INFO - DAG(s) 'tutorial_taskflow_templates' retrieved from /home/airflow/.local/lib/python3.12/site-packages/airflow/example_dags/tutorial_taskflow_templates.py
[2026-06-07T08:57:07.482+0000] {logging_mixin.py:190} INFO - [2026-06-07T08:57:07.482+0000] {dag.py:3239} INFO - Sync 1 DAGs
[2026-06-07T08:57:07.571+0000] {logging_mixin.py:190} INFO - [2026-06-07T08:57:07.571+0000] {dag.py:4180} INFO - Setting next_dagrun for tutorial_taskflow_templates to 2026-06-06 00:00:00+00:00, run_after=2026-06-07 00:00:00+00:00
[2026-06-07T08:57:07.634+0000] {processor.py:208} INFO - Processing /home/airflow/.local/lib/python3.12/site-packages/airflow/example_dags/tutorial_taskflow_templates.py took 0.331 seconds
[2026-06-07T10:17:24.852+0000] {processor.py:186} INFO - Started process (PID=118) to work on /home/airflow/.local/lib/python3.12/site-packages/airflow/example_dags/tutorial_taskflow_templates.py
[2026-06-07T10:17:24.854+0000] {processor.py:914} INFO - Processing file /home/airflow/.local/lib/python3.12/site-packages/airflow/example_dags/tutorial_taskflow_templates.py for tasks to queue
[2026-06-07T10:17:24.864+0000] {logging_mixin.py:190} INFO - [2026-06-07T10:17:24.863+0000] {dagbag.py:588} INFO - Filling up the DagBag from /home/airflow/.local/lib/python3.12/site-packages/airflow/example_dags/tutorial_taskflow_templates.py
[2026-06-07T10:17:24.897+0000] {processor.py:925} INFO - DAG(s) 'tutorial_taskflow_templates' retrieved from /home/airflow/.local/lib/python3.12/site-packages/airflow/example_dags/tutorial_taskflow_templates.py
[2026-06-07T10:17:25.144+0000] {logging_mixin.py:190} INFO - [2026-06-07T10:17:25.143+0000] {override.py:1932} INFO - Created Permission View: can delete on DAG:tutorial_taskflow_templates
[2026-06-07T10:17:25.187+0000] {logging_mixin.py:190} INFO - [2026-06-07T10:17:25.187+0000] {override.py:1932} INFO - Created Permission View: can edit on DAG:tutorial_taskflow_templates
[2026-06-07T10:17:25.203+0000] {logging_mixin.py:190} INFO - [2026-06-07T10:17:25.203+0000] {override.py:1932} INFO - Created Permission View: can read on DAG:tutorial_taskflow_templates
[2026-06-07T10:17:25.223+0000] {logging_mixin.py:190} INFO - [2026-06-07T10:17:25.223+0000] {override.py:1932} INFO - Created Permission View: menu access on DAG Run:tutorial_taskflow_templates
[2026-06-07T10:17:25.239+0000] {logging_mixin.py:190} INFO - [2026-06-07T10:17:25.239+0000] {override.py:1932} INFO - Created Permission View: can delete on DAG Run:tutorial_taskflow_templates
[2026-06-07T10:17:25.256+0000] {logging_mixin.py:190} INFO - [2026-06-07T10:17:25.256+0000] {override.py:1932} INFO - Created Permission View: can create on DAG Run:tutorial_taskflow_templates
[2026-06-07T10:17:25.270+0000] {logging_mixin.py:190} INFO - [2026-06-07T10:17:25.270+0000] {override.py:1932} INFO - Created Permission View: can read on DAG Run:tutorial_taskflow_templates
[2026-06-07T10:17:25.272+0000] {logging_mixin.py:190} INFO - [2026-06-07T10:17:25.272+0000] {dag.py:3239} INFO - Sync 1 DAGs
[2026-06-07T10:17:25.298+0000] {logging_mixin.py:190} INFO - [2026-06-07T10:17:25.298+0000] {dag.py:3262} INFO - Creating ORM DAG for tutorial_taskflow_templates
[2026-06-07T10:17:25.325+0000] {logging_mixin.py:190} INFO - [2026-06-07T10:17:25.322+0000] {dag.py:4180} INFO - Setting next_dagrun for tutorial_taskflow_templates to 2026-06-06 00:00:00+00:00, run_after=2026-06-07 00:00:00+00:00
[2026-06-07T10:17:25.367+0000] {processor.py:208} INFO - Processing /home/airflow/.local/lib/python3.12/site-packages/airflow/example_dags/tutorial_taskflow_templates.py took 0.531 seconds
[2026-06-07T10:18:16.742+0000] {processor.py:186} INFO - Started process (PID=187) to work on /home/airflow/.local/lib/python3.12/site-packages/airflow/example_dags/tutorial_taskflow_templates.py
[2026-06-07T10:18:16.744+0000] {processor.py:914} INFO - Processing file /home/airflow/.local/lib/python3.12/site-packages/airflow/example_dags/tutorial_taskflow_templates.py for tasks to queue
[2026-06-07T10:18:16.751+0000] {logging_mixin.py:190} INFO - [2026-06-07T10:18:16.750+0000] {dagbag.py:588} INFO - Filling up the DagBag from /home/airflow/.local/lib/python3.12/site-packages/airflow/example_dags/tutorial_taskflow_templates.py
[2026-06-07T10:18:16.786+0000] {processor.py:925} INFO - DAG(s) 'tutorial_taskflow_templates' retrieved from /home/airflow/.local/lib/python3.12/site-packages/airflow/example_dags/tutorial_taskflow_templates.py
[2026-06-07T10:18:16.852+0000] {logging_mixin.py:190} INFO - [2026-06-07T10:18:16.852+0000] {dag.py:3239} INFO - Sync 1 DAGs
[2026-06-07T10:18:16.915+0000] {logging_mixin.py:190} INFO - [2026-06-07T10:18:16.915+0000] {dag.py:4180} INFO - Setting next_dagrun for tutorial_taskflow_templates to 2026-06-06 00:00:00+00:00, run_after=2026-06-07 00:00:00+00:00
[2026-06-07T10:18:16.957+0000] {processor.py:208} INFO - Processing /home/airflow/.local/lib/python3.12/site-packages/airflow/example_dags/tutorial_taskflow_templates.py took 0.229 seconds
[2026-06-07T10:19:05.330+0000] {processor.py:186} INFO - Started process (PID=249) to work on /home/airflow/.local/lib/python3.12/site-packages/airflow/example_dags/tutorial_taskflow_templates.py
[2026-06-07T10:19:05.334+0000] {processor.py:914} INFO - Processing file /home/airflow/.local/lib/python3.12/site-packages/airflow/example_dags/tutorial_taskflow_templates.py for tasks to queue
[2026-06-07T10:19:05.343+0000] {logging_mixin.py:190} INFO - [2026-06-07T10:19:05.342+0000] {dagbag.py:588} INFO - Filling up the DagBag from /home/airflow/.local/lib/python3.12/site-packages/airflow/example_dags/tutorial_taskflow_templates.py
[2026-06-07T10:19:05.416+0000] {processor.py:925} INFO - DAG(s) 'tutorial_taskflow_templates' retrieved from /home/airflow/.local/lib/python3.12/site-packages/airflow/example_dags/tutorial_taskflow_templates.py
[2026-06-07T10:19:05.477+0000] {logging_mixin.py:190} INFO - [2026-06-07T10:19:05.477+0000] {dag.py:3239} INFO - Sync 1 DAGs
[2026-06-07T10:19:05.543+0000] {logging_mixin.py:190} INFO - [2026-06-07T10:19:05.542+0000] {dag.py:4180} INFO - Setting next_dagrun for tutorial_taskflow_templates to 2026-06-06 00:00:00+00:00, run_after=2026-06-07 00:00:00+00:00
[2026-06-07T10:19:05.605+0000] {processor.py:208} INFO - Processing /home/airflow/.local/lib/python3.12/site-packages/airflow/example_dags/tutorial_taskflow_templates.py took 0.295 seconds
[2026-06-07T10:20:04.684+0000] {processor.py:186} INFO - Started process (PID=318) to work on /home/airflow/.local/lib/python3.12/site-packages/airflow/example_dags/tutorial_taskflow_templates.py
[2026-06-07T10:20:04.691+0000] {processor.py:914} INFO - Processing file /home/airflow/.local/lib/python3.12/site-packages/airflow/example_dags/tutorial_taskflow_templates.py for tasks to queue
[2026-06-07T10:20:04.701+0000] {logging_mixin.py:190} INFO - [2026-06-07T10:20:04.700+0000] {dagbag.py:588} INFO - Filling up the DagBag from /home/airflow/.local/lib/python3.12/site-packages/airflow/example_dags/tutorial_taskflow_templates.py
[2026-06-07T10:20:04.757+0000] {processor.py:925} INFO - DAG(s) 'tutorial_taskflow_templates' retrieved from /home/airflow/.local/lib/python3.12/site-packages/airflow/example_dags/tutorial_taskflow_templates.py
[2026-06-07T10:20:04.827+0000] {logging_mixin.py:190} INFO - [2026-06-07T10:20:04.826+0000] {dag.py:3239} INFO - Sync 1 DAGs
[2026-06-07T10:20:04.899+0000] {logging_mixin.py:190} INFO - [2026-06-07T10:20:04.899+0000] {dag.py:4180} INFO - Setting next_dagrun for tutorial_taskflow_templates to 2026-06-06 00:00:00+00:00, run_after=2026-06-07 00:00:00+00:00
[2026-06-07T10:20:04.947+0000] {processor.py:208} INFO - Processing /home/airflow/.local/lib/python3.12/site-packages/airflow/example_dags/tutorial_taskflow_templates.py took 0.283 seconds
[2026-06-07T10:20:45.658+0000] {processor.py:186} INFO - Started process (PID=378) to work on /home/airflow/.local/lib/python3.12/site-packages/airflow/example_dags/tutorial_taskflow_templates.py
[2026-06-07T10:20:45.661+0000] {processor.py:914} INFO - Processing file /home/airflow/.local/lib/python3.12/site-packages/airflow/example_dags/tutorial_taskflow_templates.py for tasks to queue
[2026-06-07T10:20:45.669+0000] {logging_mixin.py:190} INFO - [2026-06-07T10:20:45.668+0000] {dagbag.py:588} INFO - Filling up the DagBag from /home/airflow/.local/lib/python3.12/site-packages/airflow/example_dags/tutorial_taskflow_templates.py
[2026-06-07T10:20:45.712+0000] {processor.py:925} INFO - DAG(s) 'tutorial_taskflow_templates' retrieved from /home/airflow/.local/lib/python3.12/site-packages/airflow/example_dags/tutorial_taskflow_templates.py
[2026-06-07T10:20:45.792+0000] {logging_mixin.py:190} INFO - [2026-06-07T10:20:45.791+0000] {dag.py:3239} INFO - Sync 1 DAGs
[2026-06-07T10:20:45.881+0000] {logging_mixin.py:190} INFO - [2026-06-07T10:20:45.880+0000] {dag.py:4180} INFO - Setting next_dagrun for tutorial_taskflow_templates to 2026-06-06 00:00:00+00:00, run_after=2026-06-07 00:00:00+00:00
[2026-06-07T10:20:45.927+0000] {processor.py:208} INFO - Processing /home/airflow/.local/lib/python3.12/site-packages/airflow/example_dags/tutorial_taskflow_templates.py took 0.284 seconds
[2026-06-07T10:21:45.116+0000] {processor.py:186} INFO - Started process (PID=454) to work on /home/airflow/.local/lib/python3.12/site-packages/airflow/example_dags/tutorial_taskflow_templates.py
[2026-06-07T10:21:45.119+0000] {processor.py:914} INFO - Processing file /home/airflow/.local/lib/python3.12/site-packages/airflow/example_dags/tutorial_taskflow_templates.py for tasks to queue
[2026-06-07T10:21:45.129+0000] {logging_mixin.py:190} INFO - [2026-06-07T10:21:45.128+0000] {dagbag.py:588} INFO - Filling up the DagBag from /home/airflow/.local/lib/python3.12/site-packages/airflow/example_dags/tutorial_taskflow_templates.py
[2026-06-07T10:21:45.167+0000] {processor.py:925} INFO - DAG(s) 'tutorial_taskflow_templates' retrieved from /home/airflow/.local/lib/python3.12/site-packages/airflow/example_dags/tutorial_taskflow_templates.py
[2026-06-07T10:21:45.241+0000] {logging_mixin.py:190} INFO - [2026-06-07T10:21:45.240+0000] {dag.py:3239} INFO - Sync 1 DAGs
[2026-06-07T10:21:45.313+0000] {logging_mixin.py:190} INFO - [2026-06-07T10:21:45.313+0000] {dag.py:4180} INFO - Setting next_dagrun for tutorial_taskflow_templates to 2026-06-06 00:00:00+00:00, run_after=2026-06-07 00:00:00+00:00
[2026-06-07T10:21:45.365+0000] {processor.py:208} INFO - Processing /home/airflow/.local/lib/python3.12/site-packages/airflow/example_dags/tutorial_taskflow_templates.py took 0.265 seconds
[2026-06-07T10:22:30.974+0000] {processor.py:186} INFO - Started process (PID=516) to work on /home/airflow/.local/lib/python3.12/site-packages/airflow/example_dags/tutorial_taskflow_templates.py
[2026-06-07T10:22:30.977+0000] {processor.py:914} INFO - Processing file /home/airflow/.local/lib/python3.12/site-packages/airflow/example_dags/tutorial_taskflow_templates.py for tasks to queue
[2026-06-07T10:22:30.982+0000] {logging_mixin.py:190} INFO - [2026-06-07T10:22:30.982+0000] {dagbag.py:588} INFO - Filling up the DagBag from /home/airflow/.local/lib/python3.12/site-packages/airflow/example_dags/tutorial_taskflow_templates.py
[2026-06-07T10:22:31.015+0000] {processor.py:925} INFO - DAG(s) 'tutorial_taskflow_templates' retrieved from /home/airflow/.local/lib/python3.12/site-packages/airflow/example_dags/tutorial_taskflow_templates.py
[2026-06-07T10:22:31.086+0000] {logging_mixin.py:190} INFO - [2026-06-07T10:22:31.085+0000] {dag.py:3239} INFO - Sync 1 DAGs
[2026-06-07T10:22:31.162+0000] {logging_mixin.py:190} INFO - [2026-06-07T10:22:31.161+0000] {dag.py:4180} INFO - Setting next_dagrun for tutorial_taskflow_templates to 2026-06-06 00:00:00+00:00, run_after=2026-06-07 00:00:00+00:00
[2026-06-07T10:22:31.204+0000] {processor.py:208} INFO - Processing /home/airflow/.local/lib/python3.12/site-packages/airflow/example_dags/tutorial_taskflow_templates.py took 0.245 seconds
[2026-06-07T10:23:24.153+0000] {processor.py:186} INFO - Started process (PID=583) to work on /home/airflow/.local/lib/python3.12/site-packages/airflow/example_dags/tutorial_taskflow_templates.py
[2026-06-07T10:23:24.156+0000] {processor.py:914} INFO - Processing file /home/airflow/.local/lib/python3.12/site-packages/airflow/example_dags/tutorial_taskflow_templates.py for tasks to queue
[2026-06-07T10:23:24.162+0000] {logging_mixin.py:190} INFO - [2026-06-07T10:23:24.161+0000] {dagbag.py:588} INFO - Filling up the DagBag from /home/airflow/.local/lib/python3.12/site-packages/airflow/example_dags/tutorial_taskflow_templates.py
[2026-06-07T10:23:24.201+0000] {processor.py:925} INFO - DAG(s) 'tutorial_taskflow_templates' retrieved from /home/airflow/.local/lib/python3.12/site-packages/airflow/example_dags/tutorial_taskflow_templates.py
[2026-06-07T10:23:24.320+0000] {logging_mixin.py:190} INFO - [2026-06-07T10:23:24.317+0000] {dag.py:3239} INFO - Sync 1 DAGs
[2026-06-07T10:23:24.444+0000] {logging_mixin.py:190} INFO - [2026-06-07T10:23:24.443+0000] {dag.py:4180} INFO - Setting next_dagrun for tutorial_taskflow_templates to 2026-06-06 00:00:00+00:00, run_after=2026-06-07 00:00:00+00:00
[2026-06-07T10:23:24.581+0000] {processor.py:208} INFO - Processing /home/airflow/.local/lib/python3.12/site-packages/airflow/example_dags/tutorial_taskflow_templates.py took 0.442 seconds
[2026-06-07T10:24:03.405+0000] {processor.py:186} INFO - Started process (PID=634) to work on /home/airflow/.local/lib/python3.12/site-packages/airflow/example_dags/tutorial_taskflow_templates.py
[2026-06-07T10:24:03.407+0000] {processor.py:914} INFO - Processing file /home/airflow/.local/lib/python3.12/site-packages/airflow/example_dags/tutorial_taskflow_templates.py for tasks to queue
[2026-06-07T10:24:03.415+0000] {logging_mixin.py:190} INFO - [2026-06-07T10:24:03.414+0000] {dagbag.py:588} INFO - Filling up the DagBag from /home/airflow/.local/lib/python3.12/site-packages/airflow/example_dags/tutorial_taskflow_templates.py
[2026-06-07T10:24:03.459+0000] {processor.py:925} INFO - DAG(s) 'tutorial_taskflow_templates' retrieved from /home/airflow/.local/lib/python3.12/site-packages/airflow/example_dags/tutorial_taskflow_templates.py
[2026-06-07T10:24:03.563+0000] {logging_mixin.py:190} INFO - [2026-06-07T10:24:03.563+0000] {dag.py:3239} INFO - Sync 1 DAGs
[2026-06-07T10:24:03.645+0000] {logging_mixin.py:190} INFO - [2026-06-07T10:24:03.644+0000] {dag.py:4180} INFO - Setting next_dagrun for tutorial_taskflow_templates to 2026-06-06 00:00:00+00:00, run_after=2026-06-07 00:00:00+00:00
[2026-06-07T10:24:03.697+0000] {processor.py:208} INFO - Processing /home/airflow/.local/lib/python3.12/site-packages/airflow/example_dags/tutorial_taskflow_templates.py took 0.308 seconds
[2026-06-07T10:25:15.014+0000] {processor.py:186} INFO - Started process (PID=695) to work on /home/airflow/.local/lib/python3.12/site-packages/airflow/example_dags/tutorial_taskflow_templates.py
[2026-06-07T10:25:15.019+0000] {processor.py:914} INFO - Processing file /home/airflow/.local/lib/python3.12/site-packages/airflow/example_dags/tutorial_taskflow_templates.py for tasks to queue
[2026-06-07T10:25:15.023+0000] {logging_mixin.py:190} INFO - [2026-06-07T10:25:15.023+0000] {dagbag.py:588} INFO - Filling up the DagBag from /home/airflow/.local/lib/python3.12/site-packages/airflow/example_dags/tutorial_taskflow_templates.py
[2026-06-07T10:25:15.083+0000] {processor.py:925} INFO - DAG(s) 'tutorial_taskflow_templates' retrieved from /home/airflow/.local/lib/python3.12/site-packages/airflow/example_dags/tutorial_taskflow_templates.py
[2026-06-07T10:25:15.184+0000] {logging_mixin.py:190} INFO - [2026-06-07T10:25:15.183+0000] {dag.py:3239} INFO - Sync 1 DAGs
[2026-06-07T10:25:15.293+0000] {logging_mixin.py:190} INFO - [2026-06-07T10:25:15.292+0000] {dag.py:4180} INFO - Setting next_dagrun for tutorial_taskflow_templates to 2026-06-06 00:00:00+00:00, run_after=2026-06-07 00:00:00+00:00
[2026-06-07T10:25:15.533+0000] {processor.py:208} INFO - Processing /home/airflow/.local/lib/python3.12/site-packages/airflow/example_dags/tutorial_taskflow_templates.py took 0.543 seconds
[2026-06-07T10:26:22.206+0000] {processor.py:186} INFO - Started process (PID=774) to work on /home/airflow/.local/lib/python3.12/site-packages/airflow/example_dags/tutorial_taskflow_templates.py
[2026-06-07T10:26:22.209+0000] {processor.py:914} INFO - Processing file /home/airflow/.local/lib/python3.12/site-packages/airflow/example_dags/tutorial_taskflow_templates.py for tasks to queue
[2026-06-07T10:26:22.214+0000] {logging_mixin.py:190} INFO - [2026-06-07T10:26:22.213+0000] {dagbag.py:588} INFO - Filling up the DagBag from /home/airflow/.local/lib/python3.12/site-packages/airflow/example_dags/tutorial_taskflow_templates.py
[2026-06-07T10:26:22.252+0000] {processor.py:925} INFO - DAG(s) 'tutorial_taskflow_templates' retrieved from /home/airflow/.local/lib/python3.12/site-packages/airflow/example_dags/tutorial_taskflow_templates.py
[2026-06-07T10:26:22.340+0000] {logging_mixin.py:190} INFO - [2026-06-07T10:26:22.340+0000] {dag.py:3239} INFO - Sync 1 DAGs
[2026-06-07T10:26:22.491+0000] {logging_mixin.py:190} INFO - [2026-06-07T10:26:22.490+0000] {dag.py:4180} INFO - Setting next_dagrun for tutorial_taskflow_templates to 2026-06-06 00:00:00+00:00, run_after=2026-06-07 00:00:00+00:00
[2026-06-07T10:26:22.578+0000] {processor.py:208} INFO - Processing /home/airflow/.local/lib/python3.12/site-packages/airflow/example_dags/tutorial_taskflow_templates.py took 0.386 seconds
